[0.00579014 0.0168589  0.0015279  0.03936334 0.03298217 0.04668531
 0.03331536 0.08117731 0.02388631 0.00577134 0.0387752  0.07134755
 0.05102705 0.02873546 0.05363762 0.00899669 0.04179585 0.00611826
 0.04004808 0.00342721 0.00315501 0.00784715 0.00367995 0.00982475
 0.03794284 0.05044992 0.00382516 0.02308278 0.06990908 0.01596718
 0.06054274 0.01885632 0.00967242 0.04711592]
[0.00579014 0.0168589  0.0015279  0.03936334 0.03298217 0.04668531
 0.03331536 0.08117731 0.02388631 0.00577134 0.0387752  0.07134755
 0.05102705 0.02873546 0.05363762 0.00899669 0.04179585 0.00611826
 0.04004808 0.00342721 0.00315501 0.00784715 0.00367995 0.00982475
 0.03794284 0.05044992 0.00382516 0.02308278 0.06990908 0.01596718
 0.06054274 0.01885632 0.00967242 0.04711592]
[0.00306435 0.01879226 0.01343311 0.01548556 0.06288807 0.05573813
 0.0024629  0.06604008 0.06202499 0.01272859 0.04783607 0.05687465
 0.01414232 0.04677316 0.06880217 0.00393636 0.04915043 0.01467907
 0.06386343 0.01158882 0.00830478 0.01209425 0.00032939 0.00849509
 0.01585823 0.05040639 0.03444582 0.05596596 0.00112462 0.05898892
 0.01500826 0.01065665 0.00793907 0.02939247]
[0.00037249 0.07057581 0.00892218 0.05104448 0.0629447  0.02275887
 0.02413995 0.00368499 0.03327964 0.00973773 0.02348858 0.02458912
 0.00316651 0.00533212 0.07281662 0.00316515 0.03595361 0.00740822
 0.02763826 0.01713416 0.00631655 0.00356054 0.00578461 0.01819615
 0.02543778 0.01673902 0.06019303 0.0952461  0.0277964  0.03909698
 0.06691279 0.03303725 0.04165388 0.03560229]
[0.00410409 0.03846029 0.00625046 0.04935598 0.03876873 0.04742915
 0.00980909 0.0220288  0.06153636 0.00157653 0.03694239 0.02762106
 0.0063032  0.00930564 0.0393478  0.00591971 0.04402998 0.03502664
 0.02528739 0.00585508 0.00190104 0.00581132 0.00168551 0.00255775
 0.07222367 0.04835493 0.05742387 0.05146161 0.04129016 0.05316138
 0.08764992 0.02039746 0.01714441 0.01294629]
[0.00372958 0.03980753 0.01787839 0.03225732 0.01282249 0.02861642
 0.00391917 0.04011478 0.05535368 0.01393813 0.0494042  0.04618711
 0.04277045 0.00460549 0.03191707 0.00453169 0.00916788 0.03525939
 0.03802425 0.01718832 0.00518963 0.01015065 0.00501127 0.00207212
 0.04254363 0.06445299 0.03538711 0.01035359 0.05452819 0.03902519
 0.00298024 0.01750289 0.03726918 0.02183078]
[0.00395501 0.04168845 0.00703039 0.01786234 0.00812728 0.00930007
 0.00082488 0.05483718 0.02330209 0.00321981 0.00579237 0.04792182
 0.04653597 0.02512726 0.02773819 0.0125285  0.03918913 0.02485313
 0.02811166 0.00707243 0.00387514 0.0051497  0.0008979  0.00113999
 0.02855585 0.02560137 0.0299192  0.03672746 0.01542764 0.05101832
 0.01583479 0.00686483 0.01361128 0.02724455]
[0.00395501 0.04168845 0.00703039 0.01786234 0.00812728 0.00930007
 0.00082488 0.05483718 0.02330209 0.00321981 0.00579237 0.04792182
 0.04653597 0.02512726 0.02773819 0.0125285  0.03918913 0.02485313
 0.02811166 0.00707243 0.00387514 0.0051497  0.0008979  0.00113999
 0.02855585 0.02560137 0.0299192  0.03672746 0.01542764 0.05101832
 0.01583479 0.00686483 0.01361128 0.02724455]
[0.00395501 0.04168845 0.00703039 0.01786234 0.00812728 0.00930007
 0.00082488 0.05483718 0.02330209 0.00321981 0.00579237 0.04792182
 0.04653597 0.02512726 0.02773819 0.0125285  0.03918913 0.02485313
 0.02811166 0.00707243 0.00387514 0.0051497  0.0008979  0.00113999
 0.02855585 0.02560137 0.0299192  0.03672746 0.01542764 0.05101832
 0.01583479 0.00686483 0.01361128 0.02724455]
[0.00039784 0.0429339  0.00452012 0.05002101 0.02225078 0.0405279
 0.00527839 0.03615099 0.0415531  0.00377422 0.03418917 0.06204374
 0.00720867 0.04268847 0.00089399 0.00292947 0.0330228  0.0051423
 0.02780802 0.00242841 0.00968258 0.00256293 0.0017145  0.00964526
 0.01955847 0.02350158 0.02046064 0.04516715 0.02892732 0.01816987
 0.04397058 0.01280933 0.02253281 0.05580614]
[0.004848   0.03858475 0.00869926 0.04044858 0.04345783 0.02817304
 0.02597329 0.04140908 0.01405824 0.00110882 0.03336234 0.04714045
 0.03997689 0.01399159 0.00869125 0.01888114 0.03630053 0.01284177
 0.03758049 0.00914442 0.00756727 0.01060487 0.00097276 0.01066876
 0.02495064 0.04789485 0.00853582 0.04663432 0.01601678 0.02742286
 0.00672917 0.00426127 0.01539221 0.05365041]
[0.004848   0.03858475 0.00869926 0.04044858 0.04345783 0.02817304
 0.02597329 0.04140908 0.01405824 0.00110882 0.03336234 0.04714045
 0.03997689 0.01399159 0.00869125 0.01888114 0.03630053 0.01284177
 0.03758049 0.00914442 0.00756727 0.01060487 0.00097276 0.01066876
 0.02495064 0.04789485 0.00853582 0.04663432 0.01601678 0.02742286
 0.00672917 0.00426127 0.01539221 0.05365041]
[0.00267605 0.04502356 0.0072032  0.00403296 0.05120444 0.04774102
 0.06231179 0.04582382 0.0370241  0.01149668 0.03560373 0.05538014
 0.03224992 0.02059597 0.0096848  0.0026606  0.02618275 0.01925215
 0.04633722 0.00056797 0.00686487 0.00684691 0.00279027 0.01015075
 0.05545403 0.02686707 0.04644655 0.0122696  0.05209895 0.04143097
 0.0509241  0.01760211 0.03989629 0.04498105]
[0.00323662 0.04753815 0.0046502  0.03255898 0.01202863 0.00869626
 0.06932305 0.07282699 0.03149458 0.00837281 0.02853459 0.0307653
 0.00271483 0.07049089 0.00460451 0.00880956 0.04776098 0.01392804
 0.02044966 0.01827927 0.00857377 0.00997552 0.00699571 0.01024661
 0.04696445 0.0294771  0.06677169 0.04070328 0.03245134 0.0528053
 0.07697797 0.0319144  0.02973859 0.00087006]
[0.00664379 0.04601845 0.01257317 0.06711252 0.04419459 0.02585769
 0.08478042 0.06555724 0.00701793 0.00845016 0.04091502 0.00943933
 0.04200348 0.04726269 0.01770712 0.01242691 0.0267625  0.05147636
 0.00751984 0.00986538 0.00377562 0.01134496 0.0070248  0.00371415
 0.01181168 0.00539044 0.04839884 0.08089722 0.02505605 0.0058313
 0.02603938 0.02869978 0.03181796 0.05549023]
[0.00147867 0.02251009 0.0025917  0.02173445 0.06153771 0.0549389
 0.06610744 0.02311002 0.03190952 0.0043567  0.01214317 0.02457404
 0.05480949 0.02951918 0.01671554 0.02067324 0.03673814 0.00280716
 0.04504075 0.01209759 0.01391176 0.00477709 0.00189464 0.00212963
 0.05577664 0.02123909 0.00010479 0.04772336 0.02443094 0.03382881
 0.01142488 0.00827814 0.006327   0.04658169]
[0.00147867 0.02251009 0.0025917  0.02173445 0.06153771 0.0549389
 0.06610744 0.02311002 0.03190952 0.0043567  0.01214317 0.02457404
 0.05480949 0.02951918 0.01671554 0.02067324 0.03673814 0.00280716
 0.04504075 0.01209759 0.01391176 0.00477709 0.00189464 0.00212963
 0.05577664 0.02123909 0.00010479 0.04772336 0.02443094 0.03382881
 0.01142488 0.00827814 0.006327   0.04658169]
[0.00060408 0.0746015  0.00443424 0.02045122 0.06345212 0.00253772
 0.02722894 0.0485707  0.03327319 0.00378702 0.03879807 0.00839789
 0.05751533 0.01032435 0.0153551  0.01833894 0.03574622 0.04195529
 0.08948968 0.01906919 0.00070297 0.00220469 0.00548261 0.01283716
 0.04977479 0.04448851 0.05219895 0.03755413 0.03537884 0.00580665
 0.01122111 0.02191708 0.0314401  0.01018762]
[0.00060408 0.0746015  0.00443424 0.02045122 0.06345212 0.00253772
 0.02722894 0.0485707  0.03327319 0.00378702 0.03879807 0.00839789
 0.05751533 0.01032435 0.0153551  0.01833894 0.03574622 0.04195529
 0.08948968 0.01906919 0.00070297 0.00220469 0.00548261 0.01283716
 0.04977479 0.04448851 0.05219895 0.03755413 0.03537884 0.00580665
 0.01122111 0.02191708 0.0314401  0.01018762]
[0.00106911 0.07204671 0.00131389 0.03752766 0.0479282  0.00836507
 0.02971646 0.02890424 0.00679839 0.00368575 0.05240003 0.0142854
 0.03814952 0.02571201 0.04424557 0.01396288 0.03260948 0.03258983
 0.06277663 0.01427522 0.00589238 0.00979924 0.00562631 0.0029103
 0.05590492 0.06414554 0.06403768 0.00110417 0.05925514 0.02467992
 0.0311518  0.01033156 0.01973612 0.04546045]
