[0.00159216 0.00230863 0.00968777 0.01846005 0.04230556 0.03957031
 0.03022666 0.02956983 0.03932583 0.00456144 0.00747637 0.00097093
 0.04147038 0.01239549 0.02539829 0.01106346 0.02683163 0.0179641
 0.04141994 0.01024758 0.00045559 0.00116041 0.00355176 0.01107488
 0.02582132 0.04469633 0.05458322 0.05667229 0.06104448 0.05332791
 0.01160925 0.01122613 0.03215374 0.0209439 ]
[0.00159216 0.00230863 0.00968777 0.01846005 0.04230556 0.03957031
 0.03022666 0.02956983 0.03932583 0.00456144 0.00747637 0.00097093
 0.04147038 0.01239549 0.02539829 0.01106346 0.02683163 0.0179641
 0.04141994 0.01024758 0.00045559 0.00116041 0.00355176 0.01107488
 0.02582132 0.04469633 0.05458322 0.05667229 0.06104448 0.05332791
 0.01160925 0.01122613 0.03215374 0.0209439 ]
[0.00063605 0.00260278 0.00851337 0.01978722 0.03684965 0.00495817
 0.02271274 0.0140508  0.05439483 0.01462842 0.06183747 0.0029583
 0.01440696 0.05455453 0.05982893 0.00267085 0.02437229 0.04990994
 0.07616286 0.01953027 0.01342626 0.00447721 0.00604976 0.01119686
 0.01877506 0.06195438 0.01749755 0.011067   0.00861193 0.0442081
 0.03145662 0.00399114 0.0422393  0.02166968]
[0.00244336 0.03549659 0.01894441 0.00343917 0.05133294 0.04415827
 0.02183547 0.02484629 0.05513028 0.0110097  0.01334183 0.03582794
 0.0288809  0.05314949 0.04849707 0.01926258 0.05632403 0.02795327
 0.08303335 0.02021546 0.00442759 0.00765398 0.00224257 0.01223493
 0.01067932 0.00950776 0.04838997 0.0124786  0.03916696 0.07612301
 0.00102096 0.01945876 0.00463507 0.05912033]
[0.0010705  0.07083331 0.01099343 0.04010859 0.01166576 0.00161014
 0.04545609 0.02810255 0.03741463 0.01227063 0.04529996 0.04110059
 0.03552082 0.02187284 0.04969269 0.01901518 0.02636636 0.04670326
 0.05554471 0.00206196 0.00994196 0.01238066 0.00172819 0.01036319
 0.02430835 0.03109745 0.04304505 0.00998489 0.05995924 0.03525375
 0.02658657 0.0204123  0.02872224 0.07444696]
[6.29541686e-05 8.43470064e-02 1.98264831e-02 7.07113644e-02
 2.62640332e-02 3.78927424e-02 4.13986305e-02 1.10593513e-02
 5.72547289e-02 4.76477086e-03 3.87443364e-02 4.07334072e-02
 4.60222079e-02 4.59031772e-02 2.78149544e-02 1.89497119e-02
 3.77568935e-02 4.15391180e-03 4.87921924e-02 5.12535691e-03
 8.52260103e-03 6.47511336e-03 3.30291101e-04 1.43754905e-02
 1.69622028e-02 7.19527773e-02 4.27024606e-02 3.85227177e-02
 7.05971084e-03 1.72216012e-02 2.04397518e-02 9.43074725e-03
 4.15584730e-02 3.42285593e-02]
[0.00708942 0.04001594 0.02036302 0.05786649 0.04661058 0.07903989
 0.03425267 0.04933599 0.00831732 0.00867761 0.01752732 0.05874967
 0.01875808 0.03192125 0.06251493 0.01349241 0.05436966 0.04156209
 0.0319268  0.00934504 0.00302846 0.01116406 0.00035358 0.01322444
 0.04700313 0.06565363 0.0350563  0.00569809 0.0435125  0.00121077
 0.00647621 0.01107301 0.01584809 0.04723475]
[0.00555772 0.0746168  0.02114457 0.06845559 0.02977253 0.01095117
 0.05884335 0.05656785 0.00439346 0.01370841 0.04389796 0.08011347
 0.01961828 0.00620717 0.03602154 0.02014929 0.03432168 0.02973016
 0.06302165 0.00899917 0.00287128 0.00779374 0.00556206 0.01489874
 0.01497534 0.0629984  0.03071037 0.01193538 0.01443073 0.04124113
 0.02318455 0.01636594 0.02330443 0.04225308]
[0.0027149  0.09126486 0.00543007 0.079456   0.04145201 0.05293658
 0.00088367 0.03699523 0.04833377 0.00973512 0.07021565 0.08002678
 0.02249185 0.05630196 0.00847645 0.01863475 0.05616457 0.0233167
 0.00962321 0.02071291 0.00552693 0.00048326 0.00476952 0.01452055
 0.03885849 0.02498751 0.00560088 0.01627373 0.00372148 0.04677854
 0.00517414 0.02121857 0.01048528 0.06600291]
[0.00162609 0.08266619 0.02378789 0.02668614 0.01427479 0.066534
 0.01524896 0.02394529 0.00628741 0.00169369 0.03683543 0.03920708
 0.04656436 0.04182732 0.05230166 0.02724989 0.03143363 0.05128976
 0.01659246 0.01252566 0.00028672 0.00202051 0.0021461  0.00831482
 0.05654749 0.01316633 0.05122576 0.04339628 0.01096656 0.02465946
 0.05145362 0.0323668  0.02331099 0.00968421]
[0.00190605 0.05360466 0.01203671 0.02966526 0.04089578 0.03099414
 0.04000221 0.04927263 0.01768239 0.00176832 0.00316129 0.06938455
 0.01295186 0.02921871 0.05075957 0.00942892 0.01926204 0.04264331
 0.01329746 0.00798895 0.00814735 0.01539554 0.00314021 0.01492041
 0.05565763 0.00070728 0.03285683 0.05038771 0.04926023 0.0576258
 0.06389662 0.00135042 0.01622556 0.06145854]
[0.00105069 0.00526334 0.00287349 0.05795903 0.0537136  0.03375364
 0.02563768 0.04733325 0.04529274 0.00826094 0.02971039 0.07908174
 0.0519823  0.01080681 0.05619723 0.00217349 0.04029591 0.01578911
 0.00754928 0.01078573 0.00965755 0.01328218 0.0014043  0.00866932
 0.03005788 0.03541881 0.02652806 0.01857938 0.05808891 0.05202488
 0.06055678 0.00738039 0.01317226 0.07016585]
[0.00123444 0.00767806 0.00774614 0.00721797 0.04043303 0.03006037
 0.01021358 0.03538939 0.06290259 0.00601048 0.02153895 0.03244039
 0.03624013 0.02860855 0.04994971 0.00733933 0.01041109 0.00331627
 0.04735039 0.02263749 0.00341756 0.00033751 0.00124891 0.00978136
 0.04933134 0.06360288 0.07217107 0.00186538 0.04416918 0.05645727
 0.07169277 0.03217387 0.03317553 0.04475311]
[0.00616577 0.04660443 0.01705823 0.04608782 0.00195798 0.05541695
 0.05747665 0.01573664 0.05937808 0.01005584 0.01686033 0.013411
 0.06406205 0.06098539 0.07559936 0.01843051 0.0210683  0.00272015
 0.01611136 0.00240085 0.01366226 0.01205556 0.00068478 0.01059061
 0.01683084 0.02640177 0.06871268 0.04840544 0.00876807 0.03814859
 0.07470547 0.01244489 0.01820487 0.03767169]
[0.00584819 0.03820558 0.00244723 0.07994195 0.02886501 0.02275861
 0.04989751 0.0341233  0.03099212 0.00545049 0.03732055 0.03942356
 0.05033756 0.0213527  0.06149249 0.00464846 0.03672935 0.01227181
 0.02747904 0.01697106 0.01252384 0.01255587 0.00090715 0.00320018
 0.02959917 0.06453528 0.04270307 0.05729248 0.04223572 0.00694006
 0.06221076 0.01380652 0.03626715 0.00596099]
[0.00688019 0.05291291 0.00794291 0.06930844 0.01052767 0.01528372
 0.02246999 0.00643757 0.03465313 0.00703561 0.03964702 0.01251748
 0.00128015 0.06023028 0.03570072 0.00880816 0.03518035 0.01304539
 0.05893165 0.00668279 0.01085515 0.01373236 0.00251879 0.00131828
 0.04326965 0.02618012 0.00164263 0.01257677 0.01569529 0.04814581
 0.08506383 0.02881522 0.00387345 0.03245754]
[0.00360593 0.02172584 0.01024215 0.0531962  0.02488399 0.01724912
 0.0319394  0.00824799 0.01786991 0.00671916 0.04221508 0.04019226
 0.03888825 0.04654272 0.00539322 0.00666575 0.03236533 0.02266227
 0.05583105 0.01594165 0.00100837 0.00202945 0.00296485 0.00163396
 0.03515933 0.01264565 0.02612389 0.01950757 0.03332047 0.05427385
 0.07808727 0.01764312 0.02237496 0.03723669]
[0.00386096 0.00641835 0.01199184 0.05731889 0.00255682 0.03791136
 0.01804847 0.00201963 0.04090779 0.00505905 0.05664057 0.03352704
 0.01702268 0.03710926 0.00746855 0.01183081 0.0408086  0.00846551
 0.04467356 0.00297187 0.00837638 0.00696642 0.00040569 0.00994641
 0.04103333 0.01870555 0.04334901 0.05025714 0.05612966 0.02778862
 0.03704801 0.01167738 0.03066251 0.03607236]
[0.00130292 0.0004923  0.01802936 0.05766855 0.01372746 0.0012064
 0.04252428 0.00091834 0.02319774 0.01003937 0.04841397 0.02683991
 0.00096412 0.01749132 0.02471371 0.01934363 0.02148668 0.0170264
 0.0400346  0.00431663 0.00020438 0.0075429  0.00367552 0.01193541
 0.05191953 0.01502017 0.02056044 0.0592329  0.07362318 0.05089784
 0.05624453 0.01554454 0.03166043 0.0590521 ]
[0.00087029 0.00571875 0.0110027  0.02295417 0.03146948 0.02666455
 0.02088468 0.03703192 0.03361264 0.00699725 0.06532511 0.05976253
 0.00248008 0.02704154 0.00047737 0.02687763 0.02277826 0.01547037
 0.04794493 0.02206113 0.01028254 0.011158   0.00095709 0.00422541
 0.04121184 0.06788165 0.02863275 0.02949811 0.0175677  0.08777663
 0.07156086 0.01515389 0.02630874 0.07345969]
