[0.00557277 0.02772444 0.0110725  0.03267793 0.00447967 0.04809897
 0.03228797 0.01817751 0.02743776 0.00747611 0.02176523 0.07429336
 0.02659972 0.03142558 0.01486267 0.02211731 0.04769522 0.04784504
 0.07612069 0.01337327 0.01157915 0.00355439 0.00011537 0.00043794
 0.02889367 0.05645528 0.02008083 0.0154608  0.07910389 0.00792383
 0.03198589 0.01627102 0.02646823 0.02787952]
[0.0031077  0.0343204  0.00147816 0.05756032 0.03379953 0.05191072
 0.03830418 0.00844689 0.02453934 0.00346467 0.04312896 0.05207031
 0.04164896 0.04667835 0.01922045 0.01046413 0.02829661 0.02638861
 0.02350743 0.00725789 0.00239046 0.01205358 0.0016902  0.01173674
 0.03274279 0.03094121 0.02425178 0.01769028 0.02622674 0.03091519
 0.0410745  0.02326588 0.00923198 0.04792344]
[0.0056208  0.07130547 0.00560072 0.05854287 0.04297566 0.07811371
 0.05977875 0.0111572  0.01972644 0.01504105 0.00464134 0.02455196
 0.0126136  0.0090829  0.02723281 0.01551906 0.00757309 0.03898908
 0.01215382 0.0167579  0.00883425 0.00415083 0.00398438 0.00342831
 0.02136431 0.06381562 0.01241342 0.0482148  0.0446851  0.00946221
 0.03048886 0.00763469 0.00571398 0.04748259]
[0.00040572 0.07602673 0.01888377 0.02555588 0.01688463 0.04197033
 0.03783105 0.01741001 0.0185595  0.00261978 0.03630991 0.01823758
 0.02286548 0.04255395 0.04392966 0.00273725 0.02030917 0.01797868
 0.02514086 0.01732894 0.00500892 0.00340007 0.005942   0.00232517
 0.02708341 0.07559281 0.05327876 0.0591805  0.00784791 0.0262654
 0.02902846 0.01153815 0.02087807 0.03045975]
[0.00040572 0.07602673 0.01888377 0.02555588 0.01688463 0.04197033
 0.03783105 0.01741001 0.0185595  0.00261978 0.03630991 0.01823758
 0.02286548 0.04255395 0.04392966 0.00273725 0.02030917 0.01797868
 0.02514086 0.01732894 0.00500892 0.00340007 0.005942   0.00232517
 0.02708341 0.07559281 0.05327876 0.0591805  0.00784791 0.0262654
 0.02902846 0.01153815 0.02087807 0.03045975]
[0.00424992 0.00406797 0.00834725 0.01085211 0.05017561 0.00817918
 0.04261757 0.00039381 0.02435513 0.00748996 0.03969249 0.04367221
 0.04877125 0.00833275 0.02693447 0.01373792 0.01116046 0.03812333
 0.02705141 0.00044026 0.00225389 0.01339902 0.00067441 0.01026993
 0.05927341 0.02930899 0.05786022 0.0477924  0.03929664 0.03074622
 0.00029829 0.02403382 0.02197192 0.02883564]
[0.00424992 0.00406797 0.00834725 0.01085211 0.05017561 0.00817918
 0.04261757 0.00039381 0.02435513 0.00748996 0.03969249 0.04367221
 0.04877125 0.00833275 0.02693447 0.01373792 0.01116046 0.03812333
 0.02705141 0.00044026 0.00225389 0.01339902 0.00067441 0.01026993
 0.05927341 0.02930899 0.05786022 0.0477924  0.03929664 0.03074622
 0.00029829 0.02403382 0.02197192 0.02883564]
[0.00725844 0.00529784 0.0071007  0.01493292 0.03464671 0.04733194
 0.02852881 0.05270654 0.05004948 0.00366347 0.07449652 0.08082246
 0.00051459 0.06080848 0.02197855 0.00050218 0.04522158 0.02378697
 0.01466998 0.0034159  0.0081305  0.00834852 0.00676681 0.01242115
 0.00556221 0.04982682 0.06543774 0.05727707 0.01258473 0.00751022
 0.02804485 0.0290711  0.01215801 0.04062489]
[0.00011342 0.00110371 0.00629971 0.01851032 0.04211566 0.00974508
 0.07155325 0.08864142 0.05295596 0.0023503  0.00629186 0.00093558
 0.04209991 0.06154586 0.03832496 0.00897194 0.04512928 0.04119652
 0.02931796 0.00106406 0.0134096  0.00750904 0.00282354 0.01305235
 0.04033329 0.00609535 0.07490215 0.00334195 0.0192238  0.00606496
 0.04765433 0.01344977 0.02654621 0.00131401]
[0.00011342 0.00110371 0.00629971 0.01851032 0.04211566 0.00974508
 0.07155325 0.08864142 0.05295596 0.0023503  0.00629186 0.00093558
 0.04209991 0.06154586 0.03832496 0.00897194 0.04512928 0.04119652
 0.02931796 0.00106406 0.0134096  0.00750904 0.00282354 0.01305235
 0.04033329 0.00609535 0.07490215 0.00334195 0.0192238  0.00606496
 0.04765433 0.01344977 0.02654621 0.00131401]
[0.00106028 0.03988997 0.00157196 0.05334283 0.01481255 0.04507862
 0.08023076 0.0345797  0.00037557 0.00198858 0.04618778 0.02340447
 0.00835271 0.05063937 0.0295807  0.00631731 0.0195013  0.03083785
 0.039479   0.01487148 0.01049397 0.00335152 0.00179938 0.00724717
 0.04182731 0.02527334 0.00184835 0.00707313 0.04363769 0.03712956
 0.04345479 0.02215339 0.00617497 0.0017181 ]
[0.00106028 0.03988997 0.00157196 0.05334283 0.01481255 0.04507862
 0.08023076 0.0345797  0.00037557 0.00198858 0.04618778 0.02340447
 0.00835271 0.05063937 0.0295807  0.00631731 0.0195013  0.03083785
 0.039479   0.01487148 0.01049397 0.00335152 0.00179938 0.00724717
 0.04182731 0.02527334 0.00184835 0.00707313 0.04363769 0.03712956
 0.04345479 0.02215339 0.00617497 0.0017181 ]
[0.00106028 0.03988997 0.00157196 0.05334283 0.01481255 0.04507862
 0.08023076 0.0345797  0.00037557 0.00198858 0.04618778 0.02340447
 0.00835271 0.05063937 0.0295807  0.00631731 0.0195013  0.03083785
 0.039479   0.01487148 0.01049397 0.00335152 0.00179938 0.00724717
 0.04182731 0.02527334 0.00184835 0.00707313 0.04363769 0.03712956
 0.04345479 0.02215339 0.00617497 0.0017181 ]
[0.00262414 0.05647005 0.01789714 0.01737756 0.03880641 0.03652341
 0.04678443 0.01298165 0.01406951 0.01170325 0.03415584 0.01065065
 0.04443154 0.03481949 0.06012822 0.00640511 0.03358113 0.00498247
 0.04631931 0.00501658 0.00139205 0.00388208 0.00370169 0.01318776
 0.01096932 0.06106896 0.01624639 0.01113758 0.03228038 0.03520402
 0.0611754  0.0218111  0.00575669 0.00594427]
[0.00262414 0.05647005 0.01789714 0.01737756 0.03880641 0.03652341
 0.04678443 0.01298165 0.01406951 0.01170325 0.03415584 0.01065065
 0.04443154 0.03481949 0.06012822 0.00640511 0.03358113 0.00498247
 0.04631931 0.00501658 0.00139205 0.00388208 0.00370169 0.01318776
 0.01096932 0.06106896 0.01624639 0.01113758 0.03228038 0.03520402
 0.0611754  0.0218111  0.00575669 0.00594427]
[0.00420706 0.07026087 0.01757122 0.0229206  0.02105692 0.0381149
 0.02703282 0.01803903 0.0313003  0.00307116 0.01550964 0.02443031
 0.03847947 0.04317896 0.04393692 0.02330195 0.03735248 0.00807268
 0.00222541 0.01069854 0.0101723  0.00371312 0.00046908 0.00894896
 0.03161805 0.00229452 0.03612654 0.05074131 0.04086488 0.02273547
 0.05190376 0.00867278 0.02488632 0.03806252]
[0.00420706 0.07026087 0.01757122 0.0229206  0.02105692 0.0381149
 0.02703282 0.01803903 0.0313003  0.00307116 0.01550964 0.02443031
 0.03847947 0.04317896 0.04393692 0.02330195 0.03735248 0.00807268
 0.00222541 0.01069854 0.0101723  0.00371312 0.00046908 0.00894896
 0.03161805 0.00229452 0.03612654 0.05074131 0.04086488 0.02273547
 0.05190376 0.00867278 0.02488632 0.03806252]
[0.00420706 0.07026087 0.01757122 0.0229206  0.02105692 0.0381149
 0.02703282 0.01803903 0.0313003  0.00307116 0.01550964 0.02443031
 0.03847947 0.04317896 0.04393692 0.02330195 0.03735248 0.00807268
 0.00222541 0.01069854 0.0101723  0.00371312 0.00046908 0.00894896
 0.03161805 0.00229452 0.03612654 0.05074131 0.04086488 0.02273547
 0.05190376 0.00867278 0.02488632 0.03806252]
[0.00259763 0.06358075 0.00421551 0.02274203 0.05817573 0.04976515
 0.05720714 0.033783   0.03932809 0.00236181 0.0144531  0.03022674
 0.07298743 0.00076236 0.02708072 0.00293116 0.04207696 0.01356
 0.04772501 0.00510664 0.00527755 0.014746   0.00080449 0.00904328
 0.05155386 0.0114828  0.03506002 0.04234047 0.02818054 0.00954704
 0.00869031 0.0062122  0.01516304 0.06264987]
[0.00612128 0.06598385 0.00942337 0.05029996 0.01630498 0.03249145
 0.03901376 0.01891335 0.00830747 0.00497649 0.04471791 0.02898199
 0.07934011 0.03235565 0.05915138 0.00332593 0.01721744 0.02974701
 0.03946965 0.00341607 0.01005541 0.01404878 0.00091569 0.01287944
 0.02880096 0.05246473 0.06558708 0.04259208 0.01098896 0.02361003
 0.0476499  0.01518931 0.01814644 0.01593201]
