[0.00469712 0.00640987 0.00110732 0.02830527 0.03912896 0.01764843
 0.06397872 0.04763495 0.03311648 0.00785795 0.05179625 0.06303568
 0.03807943 0.0696471  0.0084801  0.00582422 0.0224696  0.00118835
 0.02575257 0.01608263 0.0031021  0.01185162 0.00220462 0.00688832
 0.02089828 0.04132449 0.01369093 0.03498116 0.03059362 0.05512565
 0.01723212 0.02490901 0.02155398 0.02036267]
[0.0047848  0.0260453  0.01602004 0.02390937 0.03593258 0.02707081
 0.05587191 0.03488705 0.01575617 0.00087586 0.0676452  0.00080306
 0.06595057 0.05202752 0.00491704 0.02265254 0.03515898 0.02120123
 0.0010154  0.01653463 0.00523838 0.01079496 0.0023624  0.00922294
 0.02406788 0.04874043 0.02485845 0.03471643 0.06134013 0.01043742
 0.05555971 0.00472418 0.01687426 0.04016814]
[0.00701157 0.0531644  0.0105812  0.04524135 0.03277302 0.03213454
 0.08424209 0.05059538 0.05093288 0.00103391 0.03822596 0.04472894
 0.08469196 0.0389252  0.02285164 0.00329849 0.032319   0.00102376
 0.03053325 0.00958472 0.00682608 0.00799232 0.00341113 0.00507547
 0.02860825 0.02322443 0.0559358  0.00761677 0.05247949 0.04021455
 0.03541006 0.00728954 0.02517177 0.00917185]
[0.0069773  0.01213202 0.00016158 0.05073847 0.03926276 0.01547778
 0.01493381 0.06901252 0.02177061 0.01415487 0.05140588 0.05358439
 0.09189162 0.03325616 0.0027004  0.01606432 0.00482139 0.00934441
 0.0260396  0.01755015 0.00620959 0.00333314 0.00449486 0.00155409
 0.06570312 0.03443115 0.07228941 0.03720694 0.05504806 0.02112508
 0.03269901 0.01631346 0.04012741 0.04269716]
[0.00022899 0.02296829 0.00976708 0.06296832 0.00352641 0.01278072
 0.02147618 0.03025958 0.03046952 0.00484883 0.03739327 0.02883566
 0.02292531 0.03325091 0.04303228 0.02336267 0.00019912 0.03472797
 0.05748962 0.0053986  0.00471809 0.00771753 0.00076339 0.01268926
 0.02450932 0.03811829 0.03381787 0.04233944 0.01227527 0.05744459
 0.0283209  0.01722468 0.00054541 0.03193073]
[0.00137718 0.04377834 0.00718015 0.06737925 0.02692584 0.0364756
 0.03758203 0.00045314 0.02647174 0.00344989 0.00280917 0.04765048
 0.02550937 0.05619173 0.03700463 0.01060304 0.00697518 0.00769263
 0.03728761 0.01845473 0.00653021 0.0015432  0.0050973  0.0140418
 0.05093374 0.03392342 0.04091461 0.07038741 0.05808555 0.00175615
 0.02146741 0.02516153 0.03371296 0.01898242]
[0.00137718 0.04377834 0.00718015 0.06737925 0.02692584 0.0364756
 0.03758203 0.00045314 0.02647174 0.00344989 0.00280917 0.04765048
 0.02550937 0.05619173 0.03700463 0.01060304 0.00697518 0.00769263
 0.03728761 0.01845473 0.00653021 0.0015432  0.0050973  0.0140418
 0.05093374 0.03392342 0.04091461 0.07038741 0.05808555 0.00175615
 0.02146741 0.02516153 0.03371296 0.01898242]
[0.00277361 0.02790776 0.00949312 0.06477754 0.00475494 0.02443183
 0.00312415 0.04530916 0.00046658 0.01040667 0.00983775 0.01093557
 0.00599182 0.03451101 0.03328437 0.01600433 0.04154019 0.03017409
 0.0446873  0.00691663 0.0019333  0.00885085 0.00376313 0.00451187
 0.03123812 0.03618438 0.06273698 0.00071556 0.05864918 0.04183202
 0.01944745 0.02652478 0.01635492 0.03131397]
[0.00277361 0.02790776 0.00949312 0.06477754 0.00475494 0.02443183
 0.00312415 0.04530916 0.00046658 0.01040667 0.00983775 0.01093557
 0.00599182 0.03451101 0.03328437 0.01600433 0.04154019 0.03017409
 0.0446873  0.00691663 0.0019333  0.00885085 0.00376313 0.00451187
 0.03123812 0.03618438 0.06273698 0.00071556 0.05864918 0.04183202
 0.01944745 0.02652478 0.01635492 0.03131397]
[2.42512007e-03 4.27635444e-02 2.37784713e-03 4.27882986e-02
 2.71281782e-02 5.30749681e-02 3.15512225e-02 8.93998721e-03
 4.61391142e-04 1.04758681e-02 4.45703576e-02 4.28497937e-02
 3.38433424e-02 2.91641895e-02 5.09409016e-02 1.14043659e-03
 1.78700968e-02 7.06185796e-03 3.14149116e-02 7.45732367e-03
 1.32411407e-03 9.58943121e-05 5.59723272e-03 1.28194641e-02
 5.14134076e-02 3.01263282e-03 3.44912101e-02 1.81675074e-02
 2.34385067e-02 5.55164027e-03 1.43663380e-02 7.57727398e-04
 2.83223782e-02 2.56250305e-02]
[2.42512007e-03 4.27635444e-02 2.37784713e-03 4.27882986e-02
 2.71281782e-02 5.30749681e-02 3.15512225e-02 8.93998721e-03
 4.61391142e-04 1.04758681e-02 4.45703576e-02 4.28497937e-02
 3.38433424e-02 2.91641895e-02 5.09409016e-02 1.14043659e-03
 1.78700968e-02 7.06185796e-03 3.14149116e-02 7.45732367e-03
 1.32411407e-03 9.58943121e-05 5.59723272e-03 1.28194641e-02
 5.14134076e-02 3.01263282e-03 3.44912101e-02 1.81675074e-02
 2.34385067e-02 5.55164027e-03 1.43663380e-02 7.57727398e-04
 2.83223782e-02 2.56250305e-02]
[0.00549476 0.05567421 0.01680144 0.03947515 0.00943564 0.00172481
 0.02629264 0.00966382 0.0406464  0.01220606 0.03871601 0.04146513
 0.00559245 0.02660142 0.02450559 0.00935262 0.02476878 0.02272276
 0.01785955 0.00681079 0.00778976 0.00011434 0.0008423  0.00375411
 0.03638952 0.04459766 0.04392538 0.0471023  0.02836442 0.01119192
 0.03466728 0.00631147 0.00946116 0.03996011]
[0.00549476 0.05567421 0.01680144 0.03947515 0.00943564 0.00172481
 0.02629264 0.00966382 0.0406464  0.01220606 0.03871601 0.04146513
 0.00559245 0.02660142 0.02450559 0.00935262 0.02476878 0.02272276
 0.01785955 0.00681079 0.00778976 0.00011434 0.0008423  0.00375411
 0.03638952 0.04459766 0.04392538 0.0471023  0.02836442 0.01119192
 0.03466728 0.00631147 0.00946116 0.03996011]
[0.00476684 0.04695437 0.0173156  0.03422152 0.03954812 0.02376487
 0.03930896 0.0041559  0.05394363 0.00788111 0.00823691 0.04848691
 0.01814277 0.03646047 0.04000252 0.00658487 0.02834184 0.0230921
 0.05663399 0.00635472 0.00287788 0.0032004  0.00196652 0.00504434
 0.00246527 0.02120653 0.03547547 0.07442772 0.03951493 0.05723033
 0.01835211 0.01174463 0.00193023 0.02730636]
[0.00476684 0.04695437 0.0173156  0.03422152 0.03954812 0.02376487
 0.03930896 0.0041559  0.05394363 0.00788111 0.00823691 0.04848691
 0.01814277 0.03646047 0.04000252 0.00658487 0.02834184 0.0230921
 0.05663399 0.00635472 0.00287788 0.0032004  0.00196652 0.00504434
 0.00246527 0.02120653 0.03547547 0.07442772 0.03951493 0.05723033
 0.01835211 0.01174463 0.00193023 0.02730636]
[0.0047871  0.00041398 0.00524666 0.02727766 0.05890599 0.02985589
 0.02288097 0.01668247 0.00343185 0.0056628  0.05904829 0.06960688
 0.05571434 0.02315349 0.00071024 0.01581687 0.01744673 0.04847007
 0.02471763 0.02226978 0.01014329 0.00863687 0.00420323 0.00723411
 0.05140247 0.04662873 0.02515986 0.0859177  0.02977256 0.01356601
 0.02727041 0.00805231 0.03153433 0.03530374]
[0.0047871  0.00041398 0.00524666 0.02727766 0.05890599 0.02985589
 0.02288097 0.01668247 0.00343185 0.0056628  0.05904829 0.06960688
 0.05571434 0.02315349 0.00071024 0.01581687 0.01744673 0.04847007
 0.02471763 0.02226978 0.01014329 0.00863687 0.00420323 0.00723411
 0.05140247 0.04662873 0.02515986 0.0859177  0.02977256 0.01356601
 0.02727041 0.00805231 0.03153433 0.03530374]
[0.00603048 0.03112929 0.01566042 0.03753246 0.05654966 0.00593828
 0.00852781 0.05740501 0.04553616 0.00137458 0.00904801 0.01217072
 0.03809644 0.05031936 0.03284949 0.0189791  0.00270244 0.0272515
 0.0664066  0.01932962 0.00700209 0.00450229 0.00042961 0.0091671
 0.0654739  0.02861381 0.04551032 0.06323627 0.00987604 0.03387765
 0.05808262 0.0266304  0.01346254 0.01024483]
[0.00258264 0.0654761  0.01526171 0.01436486 0.05272376 0.05875425
 0.01621142 0.02651359 0.00833995 0.01200851 0.02364469 0.03919396
 0.03661566 0.01259623 0.06145158 0.00965038 0.03994232 0.0184516
 0.0546861  0.0185804  0.01063538 0.01034217 0.00551602 0.00914067
 0.07504533 0.02945197 0.02257031 0.0430048  0.01667216 0.02986345
 0.06408222 0.02921213 0.00781184 0.04753277]
[0.00380376 0.04121915 0.01905999 0.01199271 0.00512327 0.06841026
 0.03923322 0.02699869 0.0545932  0.01178614 0.03771695 0.06251938
 0.00923352 0.0159374  0.06161532 0.01585884 0.02531532 0.02338041
 0.07819086 0.01512203 0.01094735 0.00452438 0.00246634 0.00628638
 0.01595175 0.05285066 0.02448911 0.06379789 0.01903965 0.01327082
 0.080176   0.01437588 0.00111818 0.05238458]
