[0.00679367 0.04204836 0.0109171  0.04595247 0.05170956 0.04160724
 0.03164848 0.01081914 0.01715653 0.01372237 0.02978786 0.00961417
 0.00711835 0.06151928 0.02952263 0.00751403 0.03575542 0.04163676
 0.01141522 0.00062665 0.01138622 0.00843407 0.00504225 0.01206078
 0.00580686 0.0175918  0.02010227 0.05703411 0.04240538 0.07503736
 0.0094236  0.00019438 0.0169511  0.00272868]
[0.00679367 0.04204836 0.0109171  0.04595247 0.05170956 0.04160724
 0.03164848 0.01081914 0.01715653 0.01372237 0.02978786 0.00961417
 0.00711835 0.06151928 0.02952263 0.00751403 0.03575542 0.04163676
 0.01141522 0.00062665 0.01138622 0.00843407 0.00504225 0.01206078
 0.00580686 0.0175918  0.02010227 0.05703411 0.04240538 0.07503736
 0.0094236  0.00019438 0.0169511  0.00272868]
[0.00411854 0.06414668 0.01539919 0.08123889 0.01031626 0.02866743
 0.00707757 0.01049413 0.02994067 0.00738144 0.05199985 0.03907893
 0.01452278 0.00166235 0.04621287 0.02031629 0.03743505 0.01123222
 0.06878446 0.00198528 0.00999014 0.00672235 0.00428664 0.00644707
 0.01888542 0.00144189 0.07506553 0.07000677 0.07536722 0.00355375
 0.00468052 0.0062278  0.04639106 0.03400816]
[1.46354922e-05 3.24821077e-02 1.50383600e-02 6.37385550e-02
 1.37310852e-02 4.14931832e-02 2.18398582e-02 3.49907546e-02
 1.55825242e-02 9.11787895e-03 3.94406476e-02 5.77666569e-02
 2.87848683e-02 3.97890546e-02 1.38286525e-02 1.64813891e-03
 3.30825112e-02 1.92191527e-02 2.10953192e-02 3.43347236e-03
 3.32406832e-04 2.17017192e-03 3.25976904e-03 5.00761889e-03
 3.75730912e-02 3.87649693e-02 1.65339684e-02 4.34482115e-02
 2.77406517e-02 1.40294192e-02 8.30277284e-03 1.19273625e-02
 2.55027636e-02 8.37931086e-03]
[0.00697601 0.04272615 0.00610767 0.01143112 0.04501054 0.02667707
 0.06303277 0.06990159 0.0032387  0.00899394 0.05389327 0.05077013
 0.04183526 0.02902041 0.04000726 0.02410955 0.00054033 0.0410544
 0.03761816 0.01895679 0.00438038 0.01020325 0.00564954 0.01255289
 0.02358993 0.01106102 0.04677547 0.02815662 0.05672109 0.01490351
 0.03291922 0.00775363 0.02554168 0.00308013]
[0.00417803 0.05382592 0.01790033 0.01590269 0.00254089 0.05361456
 0.02486232 0.08423616 0.03391227 0.00023117 0.04532124 0.03844876
 0.01863388 0.04012467 0.03745744 0.02326743 0.05087184 0.00874267
 0.05390222 0.01240774 0.00452898 0.01011368 0.00079684 0.00324246
 0.03052415 0.00848312 0.00689728 0.0558587  0.03678288 0.02298133
 0.00982832 0.03038519 0.02024198 0.0233649 ]
[0.00410909 0.06002864 0.00515302 0.04556169 0.03603235 0.05958221
 0.06152015 0.07353281 0.02908613 0.00789686 0.05391095 0.0152048
 0.00477657 0.00275917 0.01552039 0.0191776  0.043265   0.02512225
 0.06563154 0.01464201 0.00671641 0.00129424 0.0055977  0.00533442
 0.03137975 0.0346154  0.05200638 0.07141076 0.02715334 0.06042703
 0.02554673 0.00242117 0.00363982 0.00028147]
[0.00521715 0.08073243 0.01525052 0.03101447 0.01945077 0.01109762
 0.06270095 0.06795384 0.03997653 0.01448082 0.04268338 0.05360411
 0.04092465 0.0282151  0.02934596 0.01552559 0.02623003 0.032649
 0.06091753 0.01491376 0.01007853 0.00780596 0.00528255 0.01392736
 0.02538155 0.04407144 0.01328218 0.06447617 0.02535638 0.01577821
 0.04697243 0.00120616 0.00513178 0.02458704]
[0.00549062 0.05973646 0.00293886 0.04223676 0.01341069 0.04532312
 0.07516384 0.03418768 0.01067392 0.00459153 0.02326748 0.05099821
 0.01242218 0.02884167 0.05618792 0.02081305 0.01134695 0.02321779
 0.0219882  0.01056598 0.00515984 0.00622736 0.00113411 0.00402409
 0.06320039 0.0589096  0.02985751 0.07007513 0.05039023 0.03993027
 0.00707646 0.01427761 0.01395857 0.01008632]
[0.0001234  0.05880977 0.01547567 0.048263   0.04392847 0.03443117
 0.01914068 0.0336766  0.01711761 0.00666001 0.02299294 0.00587301
 0.01579205 0.04314051 0.04813551 0.00973732 0.03096295 0.01146641
 0.01628111 0.01506654 0.00410797 0.00018009 0.00172413 0.00870749
 0.06222625 0.02045288 0.02032266 0.00388639 0.0194763  0.03206194
 0.00238975 0.00384602 0.02536651 0.03534183]
[0.0001234  0.05880977 0.01547567 0.048263   0.04392847 0.03443117
 0.01914068 0.0336766  0.01711761 0.00666001 0.02299294 0.00587301
 0.01579205 0.04314051 0.04813551 0.00973732 0.03096295 0.01146641
 0.01628111 0.01506654 0.00410797 0.00018009 0.00172413 0.00870749
 0.06222625 0.02045288 0.02032266 0.00388639 0.0194763  0.03206194
 0.00238975 0.00384602 0.02536651 0.03534183]
[0.0001234  0.05880977 0.01547567 0.048263   0.04392847 0.03443117
 0.01914068 0.0336766  0.01711761 0.00666001 0.02299294 0.00587301
 0.01579205 0.04314051 0.04813551 0.00973732 0.03096295 0.01146641
 0.01628111 0.01506654 0.00410797 0.00018009 0.00172413 0.00870749
 0.06222625 0.02045288 0.02032266 0.00388639 0.0194763  0.03206194
 0.00238975 0.00384602 0.02536651 0.03534183]
[0.00557848 0.01047576 0.01615393 0.01729856 0.01908849 0.04068993
 0.00225311 0.01155901 0.02193482 0.01862248 0.04346069 0.03240812
 0.02859029 0.06245835 0.08673206 0.02223318 0.05648857 0.03659908
 0.00640034 0.00771545 0.00366056 0.01086028 0.00412656 0.01651393
 0.02484266 0.00676493 0.03320965 0.05410756 0.00433401 0.04484104
 0.01860346 0.02533878 0.03037379 0.05768866]
[0.00416589 0.00961522 0.01925224 0.03546904 0.01859535 0.05753288
 0.02320781 0.00244208 0.00358026 0.00116887 0.0729308  0.02863346
 0.03336358 0.0632218  0.04572844 0.00306636 0.0095731  0.00628528
 0.02814645 0.00401197 0.00311874 0.00355188 0.00150229 0.0135291
 0.04032705 0.04084485 0.04877141 0.0736123  0.03436497 0.0205356
 0.01782734 0.01778304 0.03457208 0.0176616 ]
[0.00654206 0.04364805 0.00303828 0.06906194 0.03372683 0.08312016
 0.04890918 0.04474371 0.01381809 0.00611699 0.05716591 0.00214141
 0.05439095 0.02071926 0.07109308 0.0172271  0.04067041 0.04763812
 0.00084581 0.01519486 0.00508919 0.01180175 0.00159409 0.000593
 0.00215533 0.00598081 0.00719914 0.00147956 0.05884807 0.05539354
 0.04477683 0.03065481 0.03225629 0.03278052]
[0.00173837 0.03160017 0.00807857 0.01315064 0.02030278 0.04218942
 0.00942266 0.0429287  0.0168255  0.01035696 0.0541123  0.00816421
 0.01850133 0.03188432 0.05076663 0.01971811 0.01051077 0.01732676
 0.04442547 0.00264469 0.00365587 0.00713188 0.00385448 0.00537871
 0.04428323 0.04285298 0.01397816 0.04390748 0.05777189 0.05999884
 0.01447064 0.02385383 0.00060895 0.01118905]
[3.56407100e-04 3.91813192e-02 1.43509235e-02 4.96274586e-02
 4.01411177e-02 1.83634381e-02 2.36246120e-02 3.79116070e-02
 5.50783322e-02 6.08649010e-05 1.00436060e-02 1.69482780e-02
 1.27050215e-02 4.64220447e-02 1.64990281e-02 2.80033342e-03
 1.34824085e-02 1.79313548e-02 5.41855748e-02 1.19725365e-02
 7.02414432e-03 2.01688139e-03 4.27331769e-03 8.67846388e-03
 3.39510163e-02 5.88427164e-02 4.70459017e-02 1.35363363e-02
 6.22193053e-02 4.45940371e-02 4.38616897e-02 1.89841294e-02
 5.14275737e-03 2.30534673e-02]
[3.56407100e-04 3.91813192e-02 1.43509235e-02 4.96274586e-02
 4.01411177e-02 1.83634381e-02 2.36246120e-02 3.79116070e-02
 5.50783322e-02 6.08649010e-05 1.00436060e-02 1.69482780e-02
 1.27050215e-02 4.64220447e-02 1.64990281e-02 2.80033342e-03
 1.34824085e-02 1.79313548e-02 5.41855748e-02 1.19725365e-02
 7.02414432e-03 2.01688139e-03 4.27331769e-03 8.67846388e-03
 3.39510163e-02 5.88427164e-02 4.70459017e-02 1.35363363e-02
 6.22193053e-02 4.45940371e-02 4.38616897e-02 1.89841294e-02
 5.14275737e-03 2.30534673e-02]
[0.00563065 0.00871201 0.02193683 0.08016626 0.01712333 0.06844626
 0.00567721 0.0005963  0.03997826 0.00075217 0.03223586 0.0263677
 0.00037233 0.01207189 0.0103388  0.0039705  0.02262698 0.01805248
 0.0165405  0.00797063 0.00845372 0.00996317 0.00562675 0.01109601
 0.05792003 0.00719539 0.08674981 0.05635354 0.08508862 0.02516284
 0.0556202  0.00576802 0.01180099 0.03182792]
[0.0034105  0.00292787 0.01420852 0.0212996  0.038205   0.05959758
 0.02926246 0.01394012 0.00622207 0.00130604 0.00890838 0.02529861
 0.0239866  0.04396711 0.00037892 0.00247366 0.02441375 0.00123031
 0.03679765 0.01275447 0.00125427 0.00219594 0.00298027 0.00736919
 0.05531129 0.01722336 0.0630506  0.04599165 0.00391508 0.04755738
 0.05701387 0.01139778 0.00129257 0.01256545]
