[0.00347725 0.0265912  0.00640555 0.00725538 0.04343596 0.04083488
 0.04482634 0.05437198 0.01600165 0.00687149 0.03412451 0.03807446
 0.0444488  0.03054523 0.0097457  0.00832472 0.02550188 0.03091527
 0.02777174 0.0132183  0.0038038  0.00388056 0.00118066 0.00816307
 0.02405658 0.00171854 0.04243175 0.02984662 0.03509218 0.00346594
 0.02453016 0.00774045 0.01660918 0.03717056]
[0.00407006 0.05609013 0.02006569 0.00822869 0.02703403 0.0033871
 0.00566938 0.03255557 0.01060723 0.00788036 0.05770001 0.06810288
 0.05371374 0.04533375 0.05312935 0.01129533 0.05075444 0.02505899
 0.05484659 0.0111514  0.00435752 0.00555384 0.00061385 0.00449248
 0.05471163 0.04458318 0.02507783 0.04669705 0.01557696 0.02201871
 0.06715021 0.00239427 0.02105334 0.00020775]
[0.00432476 0.06718693 0.00277095 0.01604966 0.05078738 0.04309381
 0.00606936 0.05123937 0.02509116 0.01543386 0.05487936 0.08380573
 0.06221877 0.07592016 0.037701   0.02184046 0.0410351  0.0136996
 0.02653262 0.00295224 0.00479672 0.01507472 0.00524241 0.01553418
 0.00620997 0.04807955 0.04852198 0.02605105 0.02299593 0.01763055
 0.05563611 0.01554391 0.0041788  0.00323203]
[0.00198612 0.05331607 0.0079648  0.0221349  0.02713508 0.00100829
 0.05265196 0.01980878 0.05558278 0.01315267 0.070788   0.07206304
 0.07860241 0.01459192 0.02873316 0.01586774 0.00301969 0.03176985
 0.00495675 0.00790989 0.00265638 0.01325984 0.00550922 0.01046954
 0.02648277 0.01322929 0.03624402 0.03385801 0.03915498 0.05516156
 0.05474504 0.00367743 0.01824591 0.04446456]
[0.0012737  0.03634    0.01594004 0.04394922 0.05090672 0.00281166
 0.03054355 0.05196794 0.01017526 0.00211609 0.04753773 0.0098383
 0.0018318  0.02609024 0.07457427 0.00034812 0.05369835 0.00099389
 0.01369544 0.0139406  0.00223025 0.01473857 0.00348528 0.01447162
 0.02992812 0.04518222 0.0568971  0.07500739 0.05319225 0.07833793
 0.07919366 0.00075847 0.02082361 0.01973711]
[0.00580237 0.02017216 0.00400679 0.07715889 0.05134591 0.05707179
 0.014635   0.07000316 0.0323433  0.01365003 0.07525366 0.02622963
 0.05702654 0.0005681  0.02803588 0.01906829 0.00294366 0.03111621
 0.04005341 0.0218427  0.00624166 0.00611569 0.00657143 0.00289209
 0.06008696 0.03662292 0.01439647 0.00426688 0.00013726 0.06438038
 0.07755124 0.01567182 0.04153061 0.01348674]
[0.00298216 0.06324006 0.01871757 0.03450602 0.05010307 0.06808498
 0.00793468 0.04150404 0.00716008 0.00120363 0.04397524 0.01820432
 0.07534851 0.01149193 0.04580161 0.02329257 0.0232441  0.04283027
 0.05895299 0.01509521 0.00159614 0.0057041  0.00284901 0.00504655
 0.03958132 0.0455578  0.05974544 0.01751202 0.02790468 0.01096418
 0.08915511 0.01038962 0.00068192 0.02934669]
[0.00584588 0.00269048 0.01769735 0.03066794 0.01348305 0.03586412
 0.05036637 0.00656203 0.01696596 0.01291928 0.01615185 0.02950757
 0.0486511  0.03333985 0.01806124 0.01763931 0.00881368 0.01863433
 0.07360799 0.00924119 0.00904069 0.00557128 0.00163385 0.00541893
 0.0108584  0.03695713 0.04369742 0.05156201 0.02628238 0.05133826
 0.09140086 0.00881819 0.03012276 0.02890839]
[0.00584588 0.00269048 0.01769735 0.03066794 0.01348305 0.03586412
 0.05036637 0.00656203 0.01696596 0.01291928 0.01615185 0.02950757
 0.0486511  0.03333985 0.01806124 0.01763931 0.00881368 0.01863433
 0.07360799 0.00924119 0.00904069 0.00557128 0.00163385 0.00541893
 0.0108584  0.03695713 0.04369742 0.05156201 0.02628238 0.05133826
 0.09140086 0.00881819 0.03012276 0.02890839]
[0.0030176  0.02838001 0.00776784 0.02550826 0.060927   0.02312472
 0.00081387 0.02574598 0.00922366 0.00629962 0.03319502 0.0359505
 0.01665122 0.02971105 0.06151742 0.01589185 0.01548342 0.03147156
 0.09166774 0.00406696 0.00328443 0.00674249 0.00397957 0.01515922
 0.02987656 0.05158623 0.02998218 0.05222116 0.06633029 0.03059301
 0.03118831 0.01861685 0.00030249 0.06730236]
[3.31987171e-03 3.53979831e-02 1.48694758e-02 4.12036537e-02
 3.97717602e-02 1.05105434e-02 3.64083218e-02 4.55025254e-02
 1.96050182e-05 1.25155515e-02 3.19230561e-02 4.37561844e-03
 4.71650793e-02 2.30362682e-02 3.75789165e-02 1.39052067e-02
 3.53004911e-02 1.15582651e-02 6.01767436e-02 5.84918026e-03
 2.47672222e-03 7.71015374e-03 5.15211777e-03 3.66656040e-03
 3.42678005e-02 1.32498090e-02 4.13636087e-02 6.18185475e-02
 7.26730329e-02 2.68797298e-02 3.07586014e-02 2.44854276e-02
 4.49395816e-03 5.33747218e-02]
[3.31987171e-03 3.53979831e-02 1.48694758e-02 4.12036537e-02
 3.97717602e-02 1.05105434e-02 3.64083218e-02 4.55025254e-02
 1.96050182e-05 1.25155515e-02 3.19230561e-02 4.37561844e-03
 4.71650793e-02 2.30362682e-02 3.75789165e-02 1.39052067e-02
 3.53004911e-02 1.15582651e-02 6.01767436e-02 5.84918026e-03
 2.47672222e-03 7.71015374e-03 5.15211777e-03 3.66656040e-03
 3.42678005e-02 1.32498090e-02 4.13636087e-02 6.18185475e-02
 7.26730329e-02 2.68797298e-02 3.07586014e-02 2.44854276e-02
 4.49395816e-03 5.33747218e-02]
[3.31987171e-03 3.53979831e-02 1.48694758e-02 4.12036537e-02
 3.97717602e-02 1.05105434e-02 3.64083218e-02 4.55025254e-02
 1.96050182e-05 1.25155515e-02 3.19230561e-02 4.37561844e-03
 4.71650793e-02 2.30362682e-02 3.75789165e-02 1.39052067e-02
 3.53004911e-02 1.15582651e-02 6.01767436e-02 5.84918026e-03
 2.47672222e-03 7.71015374e-03 5.15211777e-03 3.66656040e-03
 3.42678005e-02 1.32498090e-02 4.13636087e-02 6.18185475e-02
 7.26730329e-02 2.68797298e-02 3.07586014e-02 2.44854276e-02
 4.49395816e-03 5.33747218e-02]
[0.00411038 0.02121672 0.00661193 0.05197908 0.03549351 0.04859395
 0.03346562 0.04429021 0.03893992 0.00460437 0.03874262 0.00332984
 0.00059873 0.03895291 0.04123894 0.01883237 0.0407226  0.01119584
 0.05687051 0.00981975 0.00579497 0.0047421  0.00437276 0.00981606
 0.01338393 0.01634948 0.05094766 0.01437451 0.04838802 0.0448777
 0.03831299 0.00479712 0.01681353 0.02806804]
[0.00411038 0.02121672 0.00661193 0.05197908 0.03549351 0.04859395
 0.03346562 0.04429021 0.03893992 0.00460437 0.03874262 0.00332984
 0.00059873 0.03895291 0.04123894 0.01883237 0.0407226  0.01119584
 0.05687051 0.00981975 0.00579497 0.0047421  0.00437276 0.00981606
 0.01338393 0.01634948 0.05094766 0.01437451 0.04838802 0.0448777
 0.03831299 0.00479712 0.01681353 0.02806804]
[0.00411038 0.02121672 0.00661193 0.05197908 0.03549351 0.04859395
 0.03346562 0.04429021 0.03893992 0.00460437 0.03874262 0.00332984
 0.00059873 0.03895291 0.04123894 0.01883237 0.0407226  0.01119584
 0.05687051 0.00981975 0.00579497 0.0047421  0.00437276 0.00981606
 0.01338393 0.01634948 0.05094766 0.01437451 0.04838802 0.0448777
 0.03831299 0.00479712 0.01681353 0.02806804]
[0.003135   0.01640462 0.01277053 0.02663436 0.05256078 0.02219659
 0.00259327 0.02387411 0.02187398 0.00532567 0.035096   0.02430264
 0.00747682 0.06295428 0.03226185 0.00237373 0.04314963 0.03563171
 0.0424745  0.01318643 0.002618   0.00068288 0.00535392 0.00885973
 0.04946681 0.02653241 0.04186731 0.0286268  0.01464017 0.06712885
 0.03450573 0.02453897 0.00220597 0.00125007]
[0.003135   0.01640462 0.01277053 0.02663436 0.05256078 0.02219659
 0.00259327 0.02387411 0.02187398 0.00532567 0.035096   0.02430264
 0.00747682 0.06295428 0.03226185 0.00237373 0.04314963 0.03563171
 0.0424745  0.01318643 0.002618   0.00068288 0.00535392 0.00885973
 0.04946681 0.02653241 0.04186731 0.0286268  0.01464017 0.06712885
 0.03450573 0.02453897 0.00220597 0.00125007]
[0.00469384 0.02550134 0.00539286 0.02907162 0.04126635 0.03842276
 0.04012409 0.00761668 0.04667748 0.01841322 0.06314792 0.0045732
 0.03604888 0.10891555 0.02977312 0.03416853 0.06443228 0.00797444
 0.01596556 0.01912914 0.01214447 0.00962853 0.00249953 0.00744626
 0.04043326 0.03380697 0.00389783 0.06254632 0.0087354  0.00981087
 0.07107919 0.00205559 0.00636728 0.05908828]
[0.00481076 0.02346418 0.02550201 0.01726123 0.0512032  0.02465493
 0.01359164 0.02406438 0.00561618 0.01422738 0.03629707 0.01478125
 0.00993489 0.11944468 0.04346892 0.02277023 0.02740848 0.01683132
 0.03042484 0.00641309 0.00806502 0.01166499 0.00435516 0.00702485
 0.08047532 0.0058276  0.01139536 0.01200767 0.06731546 0.06045545
 0.0469682  0.02155896 0.0545891  0.05302994]
