[0.00614297 0.02873581 0.00528156 0.05195397 0.02226075 0.065405
 0.03979139 0.02880989 0.01571973 0.00019775 0.09178289 0.00841525
 0.02000097 0.02193157 0.00138552 0.01488541 0.03948217 0.03879026
 0.05996472 0.01719455 0.01059055 0.00877978 0.00520422 0.00518869
 0.04760638 0.0647108  0.02485481 0.04448449 0.03921294 0.0142787
 0.06158263 0.01210214 0.00626717 0.00888009]
[0.00614297 0.02873581 0.00528156 0.05195397 0.02226075 0.065405
 0.03979139 0.02880989 0.01571973 0.00019775 0.09178289 0.00841525
 0.02000097 0.02193157 0.00138552 0.01488541 0.03948217 0.03879026
 0.05996472 0.01719455 0.01059055 0.00877978 0.00520422 0.00518869
 0.04760638 0.0647108  0.02485481 0.04448449 0.03921294 0.0142787
 0.06158263 0.01210214 0.00626717 0.00888009]
[0.00236639 0.02687825 0.00908608 0.05840856 0.00662526 0.0312197
 0.00624414 0.04629332 0.01084478 0.0007447  0.05065096 0.01954423
 0.0116786  0.02500477 0.0299641  0.01427284 0.04205452 0.01360686
 0.04286557 0.0013312  0.00862315 0.00358289 0.00116639 0.00998446
 0.03857231 0.04548814 0.03840088 0.04899648 0.01367152 0.02337005
 0.02968983 0.00127465 0.02980628 0.02928632]
[0.00631212 0.02053934 0.01481056 0.06919193 0.00426783 0.0234492
 0.00955916 0.05505391 0.00614189 0.0033752  0.0679638  0.04289078
 0.04538518 0.02240803 0.02312504 0.00063897 0.01216466 0.01476736
 0.02840939 0.01764051 0.00816224 0.00338161 0.00510631 0.00251925
 0.02581692 0.00476228 0.06519458 0.06832558 0.00269913 0.03548576
 0.05137465 0.02312393 0.0015559  0.02436748]
[0.00357396 0.04523915 0.00134133 0.02618229 0.03933517 0.04444639
 0.01916579 0.0622381  0.01123028 0.00288184 0.01825329 0.05359242
 0.01067727 0.02385762 0.02812145 0.0048391  0.02002442 0.02636046
 0.05218837 0.01327753 0.00366591 0.00187538 0.00412578 0.0103343
 0.03184473 0.03422206 0.04343448 0.04962979 0.00686073 0.01177713
 0.00838738 0.01075554 0.01005645 0.00197796]
[2.18788434e-03 3.75180129e-02 5.60528940e-03 2.48273420e-02
 4.51489691e-02 1.41068528e-02 4.65795999e-02 9.01195146e-03
 1.47879044e-02 7.21443036e-03 4.97879088e-02 6.65822205e-02
 4.12816747e-02 4.23962694e-02 1.45870064e-02 6.28276774e-03
 2.78374606e-03 5.78432183e-03 5.88929287e-02 7.84669900e-03
 1.34236208e-03 3.79269300e-05 3.35468744e-03 9.76584367e-03
 1.70639140e-02 2.80590267e-02 4.96953199e-02 2.37564994e-02
 3.04540612e-02 3.49993194e-02 4.39756013e-02 2.55833892e-03
 1.20368853e-02 9.11097685e-03]
[0.00101457 0.03828833 0.01851394 0.06620731 0.02058021 0.03159277
 0.0004229  0.05519647 0.05511469 0.00211307 0.01463094 0.00073014
 0.04726154 0.05524489 0.0374523  0.00407268 0.03685372 0.00981214
 0.08940576 0.02127961 0.00764658 0.01202631 0.0029625  0.00113398
 0.01220228 0.03793192 0.07592604 0.0001976  0.03300306 0.05096754
 0.04415955 0.00337124 0.01263424 0.03728296]
[0.00057802 0.1227246  0.01415492 0.02835199 0.00195787 0.10582989
 0.03785391 0.01996674 0.06049225 0.00127715 0.00201496 0.07639205
 0.01606193 0.03703556 0.010609   0.04386312 0.02455709 0.00421438
 0.02478748 0.01173213 0.0022986  0.00751773 0.00392448 0.02058055
 0.0435237  0.06812029 0.00364901 0.0147584  0.06595114 0.03513851
 0.03578699 0.00946717 0.03141821 0.00917422]
[0.00712058 0.05944204 0.01020053 0.00390697 0.03351367 0.04798263
 0.06979696 0.0121765  0.04490618 0.01241949 0.02100267 0.02955953
 0.02737763 0.03206019 0.0351829  0.02095069 0.03230656 0.00182501
 0.0361881  0.01856642 0.00946619 0.00692294 0.00579134 0.00959481
 0.05828748 0.0265406  0.00357356 0.00161745 0.06116667 0.01244122
 0.0669566  0.02674945 0.01378833 0.01496682]
[8.46795824e-05 5.91482553e-03 3.13863859e-04 5.24131733e-02
 4.04087136e-03 3.85951951e-02 7.68154112e-02 8.53751547e-04
 3.74484299e-02 2.58282145e-03 2.23005312e-02 2.70570048e-02
 5.72763030e-02 2.41203852e-03 6.62475872e-02 2.35514314e-02
 4.97117792e-02 3.65337019e-02 2.85439455e-02 8.20716105e-03
 1.21503446e-04 4.32283351e-03 2.34196094e-03 1.07533000e-02
 7.64985319e-03 5.55202158e-02 5.28002760e-02 2.42971062e-02
 3.14651716e-03 3.01771957e-02 6.80930846e-02 1.12883536e-02
 3.94013752e-02 3.05789316e-02]
[0.00275543 0.02379451 0.00811251 0.01986126 0.00720076 0.06269655
 0.0076271  0.00092036 0.03651245 0.01245708 0.03697353 0.03566365
 0.0725605  0.00259128 0.04009458 0.00546423 0.02777993 0.02442239
 0.04236144 0.00179551 0.0053689  0.01054376 0.00419005 0.01057195
 0.03637426 0.07619415 0.04519171 0.00667997 0.04708199 0.02106305
 0.02162878 0.02097759 0.02131924 0.01295012]
[0.00275543 0.02379451 0.00811251 0.01986126 0.00720076 0.06269655
 0.0076271  0.00092036 0.03651245 0.01245708 0.03697353 0.03566365
 0.0725605  0.00259128 0.04009458 0.00546423 0.02777993 0.02442239
 0.04236144 0.00179551 0.0053689  0.01054376 0.00419005 0.01057195
 0.03637426 0.07619415 0.04519171 0.00667997 0.04708199 0.02106305
 0.02162878 0.02097759 0.02131924 0.01295012]
[0.00275543 0.02379451 0.00811251 0.01986126 0.00720076 0.06269655
 0.0076271  0.00092036 0.03651245 0.01245708 0.03697353 0.03566365
 0.0725605  0.00259128 0.04009458 0.00546423 0.02777993 0.02442239
 0.04236144 0.00179551 0.0053689  0.01054376 0.00419005 0.01057195
 0.03637426 0.07619415 0.04519171 0.00667997 0.04708199 0.02106305
 0.02162878 0.02097759 0.02131924 0.01295012]
[0.00035344 0.00720547 0.02004105 0.0552721  0.02037532 0.04138559
 0.03411792 0.03161351 0.01379129 0.00400444 0.00741291 0.06092443
 0.04218793 0.04718183 0.03048505 0.0041729  0.04908453 0.03941959
 0.0276221  0.0003629  0.00041927 0.01230835 0.005419   0.00847168
 0.01362344 0.01886937 0.01174031 0.02670348 0.04161527 0.00761164
 0.01292278 0.02818812 0.01109931 0.0397178 ]
[0.00035344 0.00720547 0.02004105 0.0552721  0.02037532 0.04138559
 0.03411792 0.03161351 0.01379129 0.00400444 0.00741291 0.06092443
 0.04218793 0.04718183 0.03048505 0.0041729  0.04908453 0.03941959
 0.0276221  0.0003629  0.00041927 0.01230835 0.005419   0.00847168
 0.01362344 0.01886937 0.01174031 0.02670348 0.04161527 0.00761164
 0.01292278 0.02818812 0.01109931 0.0397178 ]
[0.00375222 0.04310717 0.01751079 0.06417055 0.01140711 0.05104094
 0.05390028 0.01042799 0.01503194 0.01307096 0.0536847  0.04139992
 0.01645569 0.03609381 0.01989009 0.01873016 0.00548764 0.03866577
 0.03008349 0.00617743 0.01041762 0.01194699 0.0038536  0.00892401
 0.02168408 0.03608743 0.00031312 0.03157925 0.02721361 0.03630315
 0.0334811  0.00522629 0.01413876 0.00765582]
[0.00620151 0.04147599 0.00187804 0.02264081 0.04213844 0.07481813
 0.01679913 0.02365295 0.04459316 0.00696374 0.03645071 0.05082502
 0.05239895 0.04623381 0.02955816 0.01738833 0.04528808 0.00751565
 0.06009299 0.00502161 0.00563437 0.00394271 0.00340921 0.00128934
 0.01391621 0.01412404 0.0487183  0.03127858 0.0334934  0.00534901
 0.00933684 0.00211665 0.03216943 0.04789845]
[0.00363239 0.02615816 0.01741648 0.00652658 0.00059736 0.06911836
 0.0157768  0.05821572 0.04523815 0.00128756 0.06549182 0.03921839
 0.01814659 0.03869937 0.07438033 0.02732136 0.05741098 0.04811344
 0.04967767 0.00343463 0.00363111 0.01224414 0.00145329 0.008589
 0.00030591 0.01321545 0.01380845 0.05373458 0.02814828 0.03398855
 0.06018714 0.0183257  0.00250869 0.03702487]
[0.00167206 0.05216112 0.02281739 0.00080697 0.03183245 0.01191957
 0.03905019 0.09074976 0.01392176 0.00168316 0.09030644 0.00712125
 0.0180807  0.04709201 0.02958969 0.01853676 0.012819   0.0011219
 0.00273883 0.0226084  0.00459511 0.00075143 0.00367325 0.01353741
 0.0148926  0.01141479 0.03277544 0.06773912 0.04184715 0.02733813
 0.03370856 0.02716033 0.02446315 0.06428262]
[6.21909788e-03 2.76355615e-02 5.82568254e-03 2.27086354e-02
 1.45436078e-02 3.20851488e-03 4.84256229e-02 9.10470476e-02
 1.53829401e-02 1.30453411e-02 5.09819384e-04 1.29336067e-02
 4.03286726e-02 1.07070217e-02 6.04479277e-02 1.89937567e-02
 2.25355128e-02 1.63054601e-02 2.49228700e-02 1.15104721e-02
 4.07570769e-03 4.37627833e-03 1.19129498e-03 1.26123086e-02
 4.33078037e-02 1.70979038e-02 6.36282425e-02 7.08718499e-02
 1.62929201e-02 7.27716407e-05 4.94637962e-02 9.39618951e-03
 4.07232091e-03 6.93241772e-02]
