[5.99820035e-03 4.07726915e-02 2.32786618e-03 1.25075755e-02
 6.07708577e-02 2.96823612e-03 4.39683099e-05 4.32051979e-02
 7.14686231e-03 8.07616843e-03 5.90021350e-02 4.31067103e-02
 5.67060775e-02 2.72407391e-02 5.64096273e-02 5.75100345e-03
 3.82527303e-02 8.61157325e-03 5.71522053e-02 1.77353150e-02
 4.59010631e-04 1.07701234e-03 4.11607384e-03 2.34271126e-03
 4.87028760e-02 1.19763613e-03 2.21401501e-02 2.35681351e-02
 1.19242666e-02 3.43014103e-02 7.60990687e-03 2.35052747e-02
 2.42585091e-02 3.62041330e-02]
[0.00092301 0.03914929 0.01082096 0.00287877 0.00614095 0.03207181
 0.03505247 0.03285536 0.02626898 0.00857332 0.05456655 0.0048356
 0.01813395 0.01452797 0.04091395 0.01259842 0.00672937 0.00265707
 0.04984604 0.00778279 0.00837931 0.00413016 0.00416465 0.00117034
 0.02985627 0.03236048 0.01058871 0.04226309 0.02306152 0.03876063
 0.00214169 0.01669218 0.02420995 0.02253428]
[0.00154663 0.03595108 0.02005286 0.01148037 0.01978953 0.01957511
 0.06460949 0.05285539 0.00552746 0.00021204 0.00245107 0.00427843
 0.06126387 0.01178091 0.00681929 0.02267484 0.00826755 0.00299415
 0.05572926 0.01606816 0.01119662 0.00663021 0.00071112 0.0060479
 0.04057204 0.05346672 0.04690276 0.0527921  0.04436227 0.06761553
 0.01012437 0.02367636 0.03745615 0.03345233]
[0.00300872 0.05796097 0.0134313  0.04019631 0.00024197 0.06530422
 0.05936322 0.04299781 0.03672394 0.01478549 0.01805263 0.0164922
 0.03681767 0.05797083 0.01683038 0.0255851  0.02687008 0.03265806
 0.01033827 0.0067897  0.00442198 0.00512846 0.00566151 0.01481779
 0.06686292 0.01824502 0.02098243 0.03853224 0.03692895 0.0588932
 0.01096406 0.00740343 0.00408876 0.03651589]
[0.00624565 0.00469266 0.01123302 0.05213276 0.01249995 0.03526229
 0.0271053  0.05191261 0.033854   0.01068642 0.01928567 0.03079652
 0.03129318 0.06736444 0.01605991 0.02447816 0.03540976 0.01174937
 0.03997989 0.018065   0.0080815  0.00282298 0.00452927 0.01214889
 0.05891757 0.0595104  0.00070328 0.00778836 0.00260578 0.02784351
 0.05644878 0.00804683 0.00912537 0.06169816]
[0.0031415  0.03168588 0.02169637 0.06671161 0.00059199 0.04802408
 0.00084779 0.08370908 0.05774243 0.01109789 0.00232645 0.0278709
 0.04781923 0.09123604 0.00294813 0.00058822 0.00694994 0.05038797
 0.02141396 0.00444299 0.00160723 0.0051737  0.00640991 0.01623492
 0.02071753 0.0470736  0.05385263 0.0087592  0.03008138 0.02944413
 0.06049407 0.00932578 0.02630758 0.03201101]
[0.00216657 0.03692899 0.00800813 0.07081863 0.03413571 0.02150446
 0.02185237 0.08313968 0.00804787 0.00934098 0.04203694 0.01944128
 0.02379436 0.06188552 0.02627682 0.00910325 0.03505    0.02291014
 0.02503616 0.01063221 0.01063988 0.00028536 0.00485498 0.00217598
 0.04000759 0.00640688 0.03172263 0.05638988 0.01023028 0.02992061
 0.02822775 0.02948696 0.03157374 0.05932339]
[0.00650475 0.06164504 0.00510187 0.01858192 0.0144043  0.02597095
 0.03245924 0.02769939 0.05549667 0.00923667 0.00315487 0.06479942
 0.04010632 0.01935857 0.04781831 0.00177612 0.03845724 0.02159941
 0.07080291 0.01967749 0.01209442 0.01371341 0.00325156 0.01411393
 0.04693174 0.01841985 0.05344767 0.04763738 0.04143849 0.01945115
 0.02268823 0.00764199 0.03454785 0.04865325]
[0.00111169 0.04706891 0.01262522 0.01507872 0.02116197 0.0263996
 0.01494172 0.02239927 0.03678741 0.01216847 0.02681963 0.05368706
 0.06460378 0.02095533 0.04029241 0.01492185 0.03589913 0.00689932
 0.05188852 0.01740926 0.01074322 0.00976947 0.00124795 0.00158108
 0.0444709  0.00836073 0.03962022 0.01420778 0.036764   0.00690879
 0.05248773 0.01382091 0.00189577 0.00767839]
[0.00426604 0.04786368 0.00594011 0.00288852 0.02716487 0.04282145
 0.00462681 0.04854913 0.02180207 0.0112079  0.04405195 0.06112797
 0.01602925 0.0274038  0.04878972 0.01898716 0.03920927 0.03181619
 0.04819407 0.00767522 0.00278546 0.00831919 0.00284891 0.00444626
 0.03728889 0.03193317 0.03755024 0.04130798 0.00182996 0.039982
 0.03355553 0.01895571 0.00724938 0.01417971]
[0.00426604 0.04786368 0.00594011 0.00288852 0.02716487 0.04282145
 0.00462681 0.04854913 0.02180207 0.0112079  0.04405195 0.06112797
 0.01602925 0.0274038  0.04878972 0.01898716 0.03920927 0.03181619
 0.04819407 0.00767522 0.00278546 0.00831919 0.00284891 0.00444626
 0.03728889 0.03193317 0.03755024 0.04130798 0.00182996 0.039982
 0.03355553 0.01895571 0.00724938 0.01417971]
[0.00585475 0.00425742 0.00312066 0.02728893 0.04948289 0.00702171
 0.0011459  0.00861546 0.02622836 0.00417158 0.04461754 0.04170626
 0.02761441 0.0076911  0.02686191 0.02199877 0.05239458 0.04680246
 0.02024961 0.00700548 0.00667982 0.01375725 0.00301306 0.00143707
 0.04648552 0.06060795 0.00812144 0.04591813 0.01199416 0.07414798
 0.05308022 0.03035487 0.02806797 0.02552394]
[0.00267816 0.01936263 0.00518093 0.02223642 0.04907442 0.00848374
 0.00636654 0.03301025 0.03768213 0.00626133 0.0570206  0.01439171
 0.0337137  0.02368325 0.03897905 0.0152416  0.00186866 0.03427767
 0.03671759 0.01066073 0.00083633 0.00739985 0.00303131 0.01062974
 0.00182159 0.01683148 0.00070436 0.01472713 0.02670089 0.02931145
 0.06512792 0.01361164 0.03342945 0.0357517 ]
[0.00267816 0.01936263 0.00518093 0.02223642 0.04907442 0.00848374
 0.00636654 0.03301025 0.03768213 0.00626133 0.0570206  0.01439171
 0.0337137  0.02368325 0.03897905 0.0152416  0.00186866 0.03427767
 0.03671759 0.01066073 0.00083633 0.00739985 0.00303131 0.01062974
 0.00182159 0.01683148 0.00070436 0.01472713 0.02670089 0.02931145
 0.06512792 0.01361164 0.03342945 0.0357517 ]
[0.00462297 0.05358206 0.00230597 0.00244616 0.00772823 0.05891727
 0.04270343 0.02997397 0.04022164 0.01444404 0.08069173 0.0209242
 0.00188156 0.04828572 0.03025766 0.01276131 0.00624532 0.04080904
 0.01346371 0.02277003 0.00147317 0.01469621 0.00234902 0.01549925
 0.02824949 0.03776009 0.04018291 0.01044724 0.02913927 0.07552873
 0.03328749 0.03094729 0.03758917 0.00154263]
[0.00462297 0.05358206 0.00230597 0.00244616 0.00772823 0.05891727
 0.04270343 0.02997397 0.04022164 0.01444404 0.08069173 0.0209242
 0.00188156 0.04828572 0.03025766 0.01276131 0.00624532 0.04080904
 0.01346371 0.02277003 0.00147317 0.01469621 0.00234902 0.01549925
 0.02824949 0.03776009 0.04018291 0.01044724 0.02913927 0.07552873
 0.03328749 0.03094729 0.03758917 0.00154263]
[0.00462297 0.05358206 0.00230597 0.00244616 0.00772823 0.05891727
 0.04270343 0.02997397 0.04022164 0.01444404 0.08069173 0.0209242
 0.00188156 0.04828572 0.03025766 0.01276131 0.00624532 0.04080904
 0.01346371 0.02277003 0.00147317 0.01469621 0.00234902 0.01549925
 0.02824949 0.03776009 0.04018291 0.01044724 0.02913927 0.07552873
 0.03328749 0.03094729 0.03758917 0.00154263]
[5.74934655e-03 5.60696357e-02 1.20720263e-03 2.62464441e-02
 1.40463535e-02 5.53412322e-02 9.03231450e-03 4.34199088e-02
 5.27274245e-02 1.73696922e-02 2.60394772e-02 2.82830597e-02
 4.92013049e-04 8.15711349e-02 1.78663013e-02 2.43787144e-02
 4.27950239e-03 1.36498790e-02 3.58339618e-04 9.31678142e-03
 7.01186705e-03 1.77096468e-02 7.63408160e-03 7.57277390e-03
 4.72362100e-03 1.93820983e-06 1.71118441e-02 3.26014200e-02
 6.25307034e-02 9.20038813e-02 4.53015203e-02 2.65302987e-02
 4.55731248e-02 4.75593979e-02]
[0.00107669 0.00780345 0.01787281 0.0251655  0.0512612  0.0458419
 0.03987524 0.05621621 0.04279155 0.00098859 0.01789953 0.02831212
 0.0218697  0.06964449 0.03044153 0.02155294 0.03644835 0.03543567
 0.03775492 0.0163421  0.00250662 0.00600113 0.00474412 0.00163005
 0.01762887 0.0443799  0.03555608 0.04938135 0.06878713 0.02039434
 0.01567313 0.00216652 0.01169998 0.04600859]
[0.00107669 0.00780345 0.01787281 0.0251655  0.0512612  0.0458419
 0.03987524 0.05621621 0.04279155 0.00098859 0.01789953 0.02831212
 0.0218697  0.06964449 0.03044153 0.02155294 0.03644835 0.03543567
 0.03775492 0.0163421  0.00250662 0.00600113 0.00474412 0.00163005
 0.01762887 0.0443799  0.03555608 0.04938135 0.06878713 0.02039434
 0.01567313 0.00216652 0.01169998 0.04600859]
