[2.99305586e-03 4.05995334e-02 5.62529577e-03 3.18740265e-02
 1.01117129e-02 6.76320497e-02 1.75981072e-02 1.65088865e-02
 5.21826541e-02 9.63881086e-05 3.34303664e-03 1.61844646e-02
 3.21300284e-02 5.91785318e-02 2.37880223e-02 1.56360965e-02
 2.97702360e-02 3.05987162e-02 7.04190905e-02 1.21719658e-02
 6.87564280e-03 1.78858021e-03 5.34685076e-03 1.02129487e-02
 5.29760693e-02 2.90511961e-02 4.25813623e-02 7.91597832e-03
 7.17334403e-02 1.06966233e-02 5.20154934e-03 1.37477559e-02
 1.22597422e-02 8.05340344e-03]
[0.00193776 0.04995895 0.01446023 0.00414145 0.0320193  0.00897585
 0.00377459 0.02559457 0.02219859 0.005274   0.03160439 0.0193624
 0.02339895 0.04789802 0.01128466 0.00294715 0.03862053 0.03512203
 0.01225176 0.00826065 0.00261017 0.0095305  0.0025766  0.00224884
 0.05648446 0.04233601 0.05952346 0.02589257 0.00779423 0.00522948
 0.03095465 0.01804723 0.01774806 0.04180067]
[0.00193776 0.04995895 0.01446023 0.00414145 0.0320193  0.00897585
 0.00377459 0.02559457 0.02219859 0.005274   0.03160439 0.0193624
 0.02339895 0.04789802 0.01128466 0.00294715 0.03862053 0.03512203
 0.01225176 0.00826065 0.00261017 0.0095305  0.0025766  0.00224884
 0.05648446 0.04233601 0.05952346 0.02589257 0.00779423 0.00522948
 0.03095465 0.01804723 0.01774806 0.04180067]
[0.00171457 0.05879974 0.01502513 0.0404113  0.01963915 0.02066668
 0.02116815 0.04942811 0.03178057 0.00154995 0.06029974 0.00714647
 0.00071875 0.00738391 0.0010322  0.01772089 0.02414793 0.00722392
 0.01034342 0.00416806 0.0042619  0.00485361 0.00140809 0.01033263
 0.00882513 0.05945375 0.03629169 0.0206251  0.02577675 0.02673094
 0.01393148 0.01853046 0.00053288 0.00057526]
[0.00171457 0.05879974 0.01502513 0.0404113  0.01963915 0.02066668
 0.02116815 0.04942811 0.03178057 0.00154995 0.06029974 0.00714647
 0.00071875 0.00738391 0.0010322  0.01772089 0.02414793 0.00722392
 0.01034342 0.00416806 0.0042619  0.00485361 0.00140809 0.01033263
 0.00882513 0.05945375 0.03629169 0.0206251  0.02577675 0.02673094
 0.01393148 0.01853046 0.00053288 0.00057526]
[0.00171457 0.05879974 0.01502513 0.0404113  0.01963915 0.02066668
 0.02116815 0.04942811 0.03178057 0.00154995 0.06029974 0.00714647
 0.00071875 0.00738391 0.0010322  0.01772089 0.02414793 0.00722392
 0.01034342 0.00416806 0.0042619  0.00485361 0.00140809 0.01033263
 0.00882513 0.05945375 0.03629169 0.0206251  0.02577675 0.02673094
 0.01393148 0.01853046 0.00053288 0.00057526]
[0.00171457 0.05879974 0.01502513 0.0404113  0.01963915 0.02066668
 0.02116815 0.04942811 0.03178057 0.00154995 0.06029974 0.00714647
 0.00071875 0.00738391 0.0010322  0.01772089 0.02414793 0.00722392
 0.01034342 0.00416806 0.0042619  0.00485361 0.00140809 0.01033263
 0.00882513 0.05945375 0.03629169 0.0206251  0.02577675 0.02673094
 0.01393148 0.01853046 0.00053288 0.00057526]
[0.00171457 0.05879974 0.01502513 0.0404113  0.01963915 0.02066668
 0.02116815 0.04942811 0.03178057 0.00154995 0.06029974 0.00714647
 0.00071875 0.00738391 0.0010322  0.01772089 0.02414793 0.00722392
 0.01034342 0.00416806 0.0042619  0.00485361 0.00140809 0.01033263
 0.00882513 0.05945375 0.03629169 0.0206251  0.02577675 0.02673094
 0.01393148 0.01853046 0.00053288 0.00057526]
[0.00171457 0.05879974 0.01502513 0.0404113  0.01963915 0.02066668
 0.02116815 0.04942811 0.03178057 0.00154995 0.06029974 0.00714647
 0.00071875 0.00738391 0.0010322  0.01772089 0.02414793 0.00722392
 0.01034342 0.00416806 0.0042619  0.00485361 0.00140809 0.01033263
 0.00882513 0.05945375 0.03629169 0.0206251  0.02577675 0.02673094
 0.01393148 0.01853046 0.00053288 0.00057526]
[0.00433269 0.0260017  0.01339693 0.04886137 0.00965656 0.04059768
 0.04292791 0.05050304 0.01101619 0.01066428 0.07798418 0.00635211
 0.00289833 0.04870884 0.04527764 0.00050514 0.04714778 0.02347801
 0.03186979 0.00376155 0.0039061  0.00996947 0.00535764 0.00689395
 0.03930272 0.01377114 0.0231242  0.00153228 0.01272764 0.04110207
 0.0426553  0.02740088 0.00442848 0.01182097]
[0.00433269 0.0260017  0.01339693 0.04886137 0.00965656 0.04059768
 0.04292791 0.05050304 0.01101619 0.01066428 0.07798418 0.00635211
 0.00289833 0.04870884 0.04527764 0.00050514 0.04714778 0.02347801
 0.03186979 0.00376155 0.0039061  0.00996947 0.00535764 0.00689395
 0.03930272 0.01377114 0.0231242  0.00153228 0.01272764 0.04110207
 0.0426553  0.02740088 0.00442848 0.01182097]
[0.00689564 0.00270825 0.01189443 0.02515344 0.04596807 0.0406349
 0.03030402 0.08058359 0.0403675  0.01047333 0.08856222 0.01064597
 0.04630804 0.07502685 0.02765268 0.00609482 0.03466962 0.01650865
 0.01697066 0.01814064 0.00418159 0.009348   0.00387329 0.00317392
 0.04189261 0.00646225 0.07388688 0.00135856 0.00580848 0.03923431
 0.03038583 0.01937981 0.04491364 0.00978185]
[0.00099517 0.03398129 0.00136211 0.00162024 0.04878486 0.05460899
 0.03583642 0.08659735 0.04042009 0.01051756 0.04498506 0.01673591
 0.06139151 0.0793911  0.03942157 0.01684814 0.00636495 0.03036037
 0.03196618 0.0101294  0.00624351 0.00288325 0.00368952 0.00547633
 0.0260545  0.02375858 0.08200691 0.0320692  0.01205636 0.02664915
 0.04793986 0.00972081 0.02415611 0.00367495]
[0.00531875 0.06308833 0.01703196 0.01787437 0.04639595 0.03528744
 0.04102593 0.08493345 0.05814459 0.00547928 0.03944208 0.01797272
 0.00878619 0.07150977 0.0552727  0.01116859 0.04568496 0.01924004
 0.04254065 0.01144365 0.00894706 0.00377356 0.00448019 0.00550048
 0.01349073 0.03562051 0.06064209 0.04632794 0.01436243 0.00093598
 0.01392937 0.02002169 0.01281972 0.03562119]
[0.00405233 0.01796052 0.01376857 0.03597983 0.0164639  0.06242265
 0.0480882  0.06776045 0.04560274 0.01093577 0.02169137 0.02897502
 0.02989869 0.01784371 0.05861171 0.00248889 0.01491207 0.00343918
 0.00645643 0.00299135 0.00880189 0.01061705 0.00552024 0.00311842
 0.00807375 0.06470672 0.04798739 0.07043814 0.04434313 0.04235345
 0.03499446 0.00966697 0.0008855  0.0350231 ]
[0.00035511 0.00304106 0.02064179 0.03296652 0.05581452 0.07420322
 0.03175778 0.0294337  0.06657315 0.006665   0.07029047 0.02307487
 0.01209149 0.0151391  0.07314205 0.00222948 0.00757482 0.00524263
 0.03028594 0.01673317 0.00899536 0.00686913 0.00461841 0.00101281
 0.03479366 0.07521001 0.02724251 0.03477273 0.01044883 0.02222784
 0.03603286 0.0039677  0.02304205 0.03122733]
[2.54599184e-03 3.85957479e-02 8.13876513e-05 3.47251132e-02
 3.95529174e-03 7.58973375e-02 4.39407271e-02 5.09616933e-02
 5.25623784e-02 1.04782286e-02 7.79505079e-02 6.00407866e-02
 1.25626683e-02 5.19237455e-02 1.98747225e-02 1.91531875e-02
 4.69874775e-02 8.46648237e-03 4.64822124e-02 4.49367476e-03
 4.69076516e-03 1.18847307e-02 4.53120583e-03 3.40828949e-03
 4.29112118e-02 3.67335660e-04 1.47368663e-02 2.87141228e-02
 2.17846022e-02 1.95795930e-02 1.04897786e-02 1.82906380e-02
 2.05511033e-02 6.06766083e-02]
[0.00580489 0.06332941 0.01204623 0.00573741 0.02857227 0.01543575
 0.04823949 0.06684191 0.03954516 0.00137209 0.07317027 0.0584473
 0.03084423 0.05147822 0.01655222 0.00953529 0.04911561 0.03406633
 0.05070006 0.0034771  0.00742521 0.00445321 0.00301827 0.00311603
 0.04244253 0.00350517 0.05471219 0.00516872 0.01760609 0.02662629
 0.05064789 0.00172591 0.03867598 0.04272487]
[0.00606242 0.02918104 0.00604005 0.03417858 0.00062969 0.05121878
 0.05954093 0.0693682  0.02204359 0.01317739 0.06891719 0.05978243
 0.05869488 0.04221957 0.00764722 0.01348312 0.00605366 0.02691823
 0.04558845 0.00966865 0.0086905  0.00664036 0.00067249 0.00913801
 0.04777608 0.02409657 0.04574635 0.01568342 0.01221184 0.05969672
 0.01031962 0.01648447 0.01832366 0.04406991]
[2.21202066e-04 3.70049954e-02 1.14775727e-02 3.21823497e-02
 3.24349951e-02 1.94881474e-02 3.57323672e-03 3.25749836e-02
 5.04530655e-02 1.86720743e-03 3.21163693e-02 6.90697806e-03
 2.89805786e-02 2.86103256e-02 1.46843169e-02 3.25733536e-03
 4.00722116e-02 3.11391295e-02 7.46611553e-02 1.52459753e-02
 1.25048296e-02 6.43282954e-03 4.60484235e-05 5.64613116e-03
 7.96596826e-04 4.55401173e-02 6.56778207e-02 7.16884982e-03
 2.25690486e-02 6.66382227e-02 8.97230517e-03 6.31835063e-03
 9.66606221e-03 3.95524912e-02]
