[0.00764973 0.01211462 0.02588775 0.0256421  0.03556244 0.04004267
 0.05467967 0.02132125 0.00645642 0.00182283 0.0205724  0.00925284
 0.00378205 0.05636736 0.06183133 0.02463806 0.06496835 0.03087414
 0.05765712 0.01981983 0.00191509 0.00715968 0.00557568 0.00455743
 0.01552756 0.03716742 0.06087747 0.00358214 0.00131317 0.07521954
 0.03750609 0.00623716 0.00752941 0.0812893 ]
[1.22241622e-04 5.90729311e-03 4.56574685e-05 3.12759009e-02
 1.64770532e-02 7.80245541e-02 2.37555875e-02 5.73807807e-02
 7.46851619e-02 1.39523884e-02 8.22579224e-02 2.16723526e-02
 7.97073629e-04 2.59727167e-02 3.95285734e-02 2.15994471e-02
 9.73791964e-03 1.49895610e-02 6.06666024e-02 1.01415436e-02
 1.61249368e-02 5.51242804e-03 1.17860733e-03 1.02188871e-02
 5.75071726e-02 8.31221849e-03 1.89659509e-02 1.18524063e-02
 4.65872235e-02 5.04807837e-02 1.35451634e-04 2.91850875e-02
 4.87880415e-03 1.38280319e-01]
[8.11736465e-03 6.31090858e-02 2.45240846e-03 2.30665241e-02
 2.58378220e-02 1.81055542e-02 8.25376223e-03 1.06051184e-02
 6.09913399e-02 1.25853167e-02 2.08067708e-02 6.39811311e-02
 5.06194265e-03 2.30001152e-02 5.69942496e-02 2.18086042e-02
 2.59006663e-02 1.42602335e-02 1.13284840e-02 2.29656397e-02
 7.14060754e-03 5.61764288e-03 1.41665489e-03 9.80280122e-05
 9.42641884e-02 8.62968524e-03 3.20709229e-02 1.61332093e-02
 3.06173694e-02 3.27385575e-02 2.27185913e-02 1.16236981e-02
 2.95238148e-02 1.52091674e-01]
[0.00581561 0.07062486 0.0093821  0.02209374 0.03348657 0.01795613
 0.04033162 0.02803514 0.04804101 0.00170412 0.02484938 0.03626833
 0.0343109  0.03385922 0.05044251 0.00375547 0.03810851 0.0166754
 0.02265629 0.01864186 0.00165143 0.01299    0.00273471 0.00013842
 0.01046347 0.01351816 0.03918326 0.01605534 0.04573383 0.03923226
 0.05004722 0.00281132 0.00970368 0.04038061]
[0.00581561 0.07062486 0.0093821  0.02209374 0.03348657 0.01795613
 0.04033162 0.02803514 0.04804101 0.00170412 0.02484938 0.03626833
 0.0343109  0.03385922 0.05044251 0.00375547 0.03810851 0.0166754
 0.02265629 0.01864186 0.00165143 0.01299    0.00273471 0.00013842
 0.01046347 0.01351816 0.03918326 0.01605534 0.04573383 0.03923226
 0.05004722 0.00281132 0.00970368 0.04038061]
[0.00331681 0.0171694  0.00473649 0.0510302  0.01095564 0.01155667
 0.03171469 0.04001933 0.00875349 0.01252817 0.05359547 0.03251792
 0.02636334 0.02849558 0.04354964 0.01580572 0.04170296 0.03167818
 0.02811547 0.00369866 0.00850312 0.00461619 0.00130125 0.01191113
 0.00264023 0.01875932 0.04788559 0.03376262 0.05034947 0.02629255
 0.03219726 0.02087398 0.02293645 0.0327349 ]
[0.00539881 0.03304472 0.02306467 0.01436307 0.0329179  0.04078043
 0.05624924 0.05811142 0.03455465 0.00387776 0.01119382 0.02771693
 0.01270999 0.01473993 0.05362375 0.01917484 0.00849936 0.04762033
 0.01117473 0.01115136 0.01115834 0.0101024  0.00392615 0.01274677
 0.06088163 0.05885669 0.08634371 0.03466447 0.01429651 0.00439103
 0.06776826 0.0088993  0.02121135 0.07152848]
[0.00449532 0.00711491 0.02249564 0.07675661 0.00501209 0.04206885
 0.05369357 0.02465871 0.01041546 0.00548768 0.03762089 0.01674096
 0.03095249 0.00936638 0.0490074  0.00222165 0.00193373 0.0227351
 0.07324576 0.00373112 0.00017959 0.00286467 0.0070852  0.01142253
 0.02303009 0.07042802 0.08297967 0.05118977 0.06494557 0.05836982
 0.01282891 0.03577755 0.05141902 0.01483755]
[0.00064615 0.04352422 0.0026508  0.06408744 0.02038137 0.05787996
 0.03490049 0.0037307  0.03015871 0.00574286 0.05395929 0.01086861
 0.03278635 0.03626474 0.03446397 0.01898003 0.01962694 0.02860292
 0.00059335 0.00806473 0.00153362 0.00114489 0.00149168 0.00808554
 0.04864841 0.01537452 0.0083204  0.03026191 0.06797051 0.04880128
 0.0361266  0.00487081 0.00844026 0.00795584]
[0.00064615 0.04352422 0.0026508  0.06408744 0.02038137 0.05787996
 0.03490049 0.0037307  0.03015871 0.00574286 0.05395929 0.01086861
 0.03278635 0.03626474 0.03446397 0.01898003 0.01962694 0.02860292
 0.00059335 0.00806473 0.00153362 0.00114489 0.00149168 0.00808554
 0.04864841 0.01537452 0.0083204  0.03026191 0.06797051 0.04880128
 0.0361266  0.00487081 0.00844026 0.00795584]
[0.00696676 0.00423242 0.01878147 0.07451276 0.04101898 0.04401055
 0.03318866 0.05534653 0.03174194 0.01465504 0.03495563 0.05852808
 0.01946422 0.02173667 0.03840043 0.01789567 0.04701961 0.02780384
 0.05338007 0.01421751 0.00813809 0.00450106 0.00307419 0.00865593
 0.02961353 0.04744498 0.00607265 0.01335609 0.05776556 0.02569354
 0.01022582 0.00093915 0.01239471 0.03294918]
[0.00696676 0.00423242 0.01878147 0.07451276 0.04101898 0.04401055
 0.03318866 0.05534653 0.03174194 0.01465504 0.03495563 0.05852808
 0.01946422 0.02173667 0.03840043 0.01789567 0.04701961 0.02780384
 0.05338007 0.01421751 0.00813809 0.00450106 0.00307419 0.00865593
 0.02961353 0.04744498 0.00607265 0.01335609 0.05776556 0.02569354
 0.01022582 0.00093915 0.01239471 0.03294918]
[0.00696676 0.00423242 0.01878147 0.07451276 0.04101898 0.04401055
 0.03318866 0.05534653 0.03174194 0.01465504 0.03495563 0.05852808
 0.01946422 0.02173667 0.03840043 0.01789567 0.04701961 0.02780384
 0.05338007 0.01421751 0.00813809 0.00450106 0.00307419 0.00865593
 0.02961353 0.04744498 0.00607265 0.01335609 0.05776556 0.02569354
 0.01022582 0.00093915 0.01239471 0.03294918]
[0.00631382 0.05521448 0.02014826 0.01936301 0.03871031 0.05321087
 0.02508899 0.00228835 0.01331022 0.01200725 0.00399066 0.00047859
 0.04546772 0.0577066  0.03804277 0.00370771 0.03691237 0.01284482
 0.08003385 0.00606389 0.01216532 0.01216827 0.00181267 0.00653022
 0.05736994 0.06332988 0.01669881 0.06354065 0.04193764 0.04293665
 0.0300307  0.00742372 0.03503057 0.03176279]
[0.00675233 0.05442207 0.00572216 0.04893682 0.03441842 0.04553772
 0.02402764 0.05602103 0.02275624 0.00477943 0.06213702 0.00538278
 0.07547315 0.0099998  0.05434738 0.02545674 0.00056244 0.02553434
 0.10281529 0.00910974 0.00738675 0.01550642 0.00447473 0.01701166
 0.08517055 0.01583123 0.02491153 0.04111782 0.02516193 0.03359545
 0.02049917 0.01013567 0.00125481 0.01435571]
[0.00419884 0.05359442 0.00855522 0.06613275 0.00653006 0.05685989
 0.05628944 0.0354334  0.03114576 0.00726684 0.02668087 0.04001838
 0.05637263 0.00098566 0.01439996 0.00307659 0.03984177 0.03159539
 0.06743896 0.00287046 0.00740792 0.00892285 0.0003303  0.0077259
 0.05437221 0.05179373 0.04486989 0.03522482 0.00020246 0.05829299
 0.04662656 0.02387653 0.02240335 0.0250431 ]
[0.00419884 0.05359442 0.00855522 0.06613275 0.00653006 0.05685989
 0.05628944 0.0354334  0.03114576 0.00726684 0.02668087 0.04001838
 0.05637263 0.00098566 0.01439996 0.00307659 0.03984177 0.03159539
 0.06743896 0.00287046 0.00740792 0.00892285 0.0003303  0.0077259
 0.05437221 0.05179373 0.04486989 0.03522482 0.00020246 0.05829299
 0.04662656 0.02387653 0.02240335 0.0250431 ]
[2.87345684e-03 4.08265876e-02 1.70201237e-02 4.45880072e-02
 3.63232982e-02 1.54412747e-02 3.33300988e-02 1.87855418e-02
 4.25092202e-02 6.42770718e-03 5.44051442e-02 3.75740696e-02
 3.23881640e-02 2.04950288e-02 4.18322366e-02 1.67560724e-02
 3.71482192e-02 9.87405769e-03 7.28748746e-02 1.34587519e-02
 7.98217657e-04 2.91625808e-03 4.51794885e-03 6.44725752e-05
 5.29603444e-03 5.84383179e-02 3.64011145e-02 1.19624890e-02
 3.98298803e-02 5.94074717e-02 3.12610667e-03 6.82804348e-03
 2.64434356e-02 3.96721310e-02]
[2.87345684e-03 4.08265876e-02 1.70201237e-02 4.45880072e-02
 3.63232982e-02 1.54412747e-02 3.33300988e-02 1.87855418e-02
 4.25092202e-02 6.42770718e-03 5.44051442e-02 3.75740696e-02
 3.23881640e-02 2.04950288e-02 4.18322366e-02 1.67560724e-02
 3.71482192e-02 9.87405769e-03 7.28748746e-02 1.34587519e-02
 7.98217657e-04 2.91625808e-03 4.51794885e-03 6.44725752e-05
 5.29603444e-03 5.84383179e-02 3.64011145e-02 1.19624890e-02
 3.98298803e-02 5.94074717e-02 3.12610667e-03 6.82804348e-03
 2.64434356e-02 3.96721310e-02]
[0.00273373 0.04744711 0.00889398 0.04641919 0.03238632 0.02090956
 0.04334115 0.03821913 0.04225926 0.00674503 0.0205163  0.02436401
 0.03682911 0.03756662 0.04765995 0.01432226 0.00707767 0.01176252
 0.05947665 0.00754901 0.00719208 0.01022521 0.00425016 0.00943784
 0.02030184 0.03533603 0.04989909 0.01432687 0.04756766 0.04739206
 0.0120999  0.01729782 0.03121338 0.02003757]
