Building DAG of jobs...
Using shell: /usr/bin/bash
Provided cores: 4
Rules claiming more threads will be scaled down.
Job counts:
	count	jobs
	1	run_single_chain
	1
Select jobs to execute...

[Wed Mar  3 10:55:33 2021]
rule run_single_chain:
    input: inter_results/network_c2_s221.nc, inter_results/sigma_s221.csv
    output: inter_results/network_c2_s241.nc
    jobid: 0
    wildcards: chain=2, sample=241
    threads: 4

/home/201403848/anaconda3_new/envs/pypsa-eur/bin/python3.8 /home/201403848/pypsa-mcmc/NOBACKUP/pypsa-eur-mcmc/pypsa-eur-mcmc/.snakemake/scripts/tmps9h_eets.mh_chain.py
INFO:pypsa.io:Imported network network_c2_s221.nc has buses, carriers, generators, global_constraints, lines, links, loads, storage_units, stores
INFO:numexpr.utils:Note: NumExpr detected 64 cores but "NUMEXPR_MAX_THREADS" not set, so enforcing safe limit of 8.
INFO:pypsa.linopf:Prepare linear problem
INFO:pypsa.linopf:Total preparation time: 19.35s
INFO:pypsa.linopf:Solve linear problem using Gurobi solver
INFO:pypsa.linopf:Optimization successful. Objective value: 1.01e+11
INFO:root:sample accepted
INFO:pypsa.io:Exported network network_c2_s222.nc has buses, stores, generators, loads, storage_units, lines, links, global_constraints, carriers
INFO:pypsa.linopf:Prepare linear problem
INFO:pypsa.linopf:Total preparation time: 15.59s
INFO:pypsa.linopf:Solve linear problem using Gurobi solver
INFO:pypsa.linopf:Optimization successful. Objective value: 1.02e+11
INFO:root:sample accepted
INFO:pypsa.io:Exported network network_c2_s223.nc has buses, stores, generators, loads, storage_units, lines, links, global_constraints, carriers
INFO:pypsa.linopf:Prepare linear problem
INFO:pypsa.linopf:Total preparation time: 11.73s
INFO:pypsa.linopf:Solve linear problem using Gurobi solver
INFO:pypsa.linopf:Optimization successful. Objective value: 1.01e+11
INFO:root:sample accepted
INFO:pypsa.io:Exported network network_c2_s224.nc has buses, stores, generators, loads, storage_units, lines, links, global_constraints, carriers
INFO:pypsa.linopf:Prepare linear problem
INFO:pypsa.linopf:Total preparation time: 9.02s
INFO:pypsa.linopf:Solve linear problem using Gurobi solver
INFO:pypsa.linopf:Optimization successful. Objective value: 1.03e+11
INFO:root:sample accepted
INFO:pypsa.io:Exported network network_c2_s225.nc has buses, stores, generators, loads, storage_units, lines, links, global_constraints, carriers
INFO:pypsa.linopf:Prepare linear problem
INFO:pypsa.linopf:Total preparation time: 8.32s
INFO:pypsa.linopf:Solve linear problem using Gurobi solver
INFO:pypsa.linopf:Optimization successful. Objective value: 1.02e+11
INFO:root:sample rejected
INFO:pypsa.io:Imported network network_c2_s225.nc has buses, carriers, generators, global_constraints, lines, links, loads, storage_units, stores
INFO:pypsa.io:Exported network network_c2_s226.nc has buses, stores, generators, loads, storage_units, lines, links, global_constraints, carriers
INFO:pypsa.linopf:Prepare linear problem
INFO:pypsa.linopf:Total preparation time: 10.86s
INFO:pypsa.linopf:Solve linear problem using Gurobi solver
INFO:pypsa.linopf:Optimization successful. Objective value: 1.05e+11
INFO:root:sample rejected
INFO:pypsa.io:Imported network network_c2_s226.nc has buses, carriers, generators, global_constraints, lines, links, loads, storage_units, stores
INFO:pypsa.io:Exported network network_c2_s227.nc has buses, stores, generators, loads, storage_units, lines, links, global_constraints, carriers
INFO:pypsa.linopf:Prepare linear problem
INFO:pypsa.linopf:Total preparation time: 8.81s
INFO:pypsa.linopf:Solve linear problem using Gurobi solver
INFO:pypsa.linopf:Optimization successful. Objective value: 9.96e+10
INFO:root:sample accepted
INFO:pypsa.io:Exported network network_c2_s228.nc has buses, stores, generators, loads, storage_units, lines, links, global_constraints, carriers
INFO:pypsa.linopf:Prepare linear problem
INFO:pypsa.linopf:Total preparation time: 12.6s
INFO:pypsa.linopf:Solve linear problem using Gurobi solver
INFO:pypsa.linopf:Optimization successful. Objective value: 9.88e+10
INFO:root:sample accepted
INFO:pypsa.io:Exported network network_c2_s229.nc has buses, stores, generators, loads, storage_units, lines, links, global_constraints, carriers
INFO:pypsa.linopf:Prepare linear problem
INFO:pypsa.linopf:Total preparation time: 10.35s
INFO:pypsa.linopf:Solve linear problem using Gurobi solver
INFO:pypsa.linopf:Optimization successful. Objective value: 9.97e+10
INFO:root:sample accepted
INFO:pypsa.io:Exported network network_c2_s230.nc has buses, stores, generators, loads, storage_units, lines, links, global_constraints, carriers
INFO:pypsa.linopf:Prepare linear problem
INFO:pypsa.linopf:Total preparation time: 12.75s
INFO:pypsa.linopf:Solve linear problem using Gurobi solver
INFO:pypsa.linopf:Optimization successful. Objective value: 9.86e+10
INFO:root:sample accepted
INFO:pypsa.io:Exported network network_c2_s231.nc has buses, stores, generators, loads, storage_units, lines, links, global_constraints, carriers
INFO:pypsa.linopf:Prepare linear problem
INFO:pypsa.linopf:Total preparation time: 11.11s
INFO:pypsa.linopf:Solve linear problem using Gurobi solver
INFO:pypsa.linopf:Optimization successful. Objective value: 9.95e+10
INFO:root:sample accepted
INFO:pypsa.io:Exported network network_c2_s232.nc has buses, stores, generators, loads, storage_units, lines, links, global_constraints, carriers
INFO:pypsa.linopf:Prepare linear problem
INFO:pypsa.linopf:Total preparation time: 12.1s
INFO:pypsa.linopf:Solve linear problem using Gurobi solver
INFO:pypsa.linopf:Optimization successful. Objective value: 9.85e+10
INFO:root:sample accepted
INFO:pypsa.io:Exported network network_c2_s233.nc has buses, stores, generators, loads, storage_units, lines, links, global_constraints, carriers
INFO:pypsa.linopf:Prepare linear problem
INFO:pypsa.linopf:Total preparation time: 11.43s
INFO:pypsa.linopf:Solve linear problem using Gurobi solver
INFO:pypsa.linopf:Optimization successful. Objective value: 1.02e+11
INFO:root:sample rejected
INFO:pypsa.io:Imported network network_c2_s233.nc has buses, carriers, generators, global_constraints, lines, links, loads, storage_units, stores
INFO:pypsa.io:Exported network network_c2_s234.nc has buses, stores, generators, loads, storage_units, lines, links, global_constraints, carriers
INFO:pypsa.linopf:Prepare linear problem
INFO:pypsa.linopf:Total preparation time: 12.65s
INFO:pypsa.linopf:Solve linear problem using Gurobi solver
INFO:pypsa.linopf:Optimization successful. Objective value: 1.01e+11
INFO:root:sample accepted
INFO:pypsa.io:Exported network network_c2_s235.nc has buses, stores, generators, loads, storage_units, lines, links, global_constraints, carriers
INFO:pypsa.linopf:Prepare linear problem
INFO:pypsa.linopf:Total preparation time: 12.69s
INFO:pypsa.linopf:Solve linear problem using Gurobi solver
INFO:pypsa.linopf:Optimization successful. Objective value: 9.84e+10
INFO:root:sample accepted
INFO:pypsa.io:Exported network network_c2_s236.nc has buses, stores, generators, loads, storage_units, lines, links, global_constraints, carriers
INFO:pypsa.linopf:Prepare linear problem
INFO:pypsa.linopf:Total preparation time: 11.32s
INFO:pypsa.linopf:Solve linear problem using Gurobi solver
INFO:pypsa.linopf:Optimization successful. Objective value: 9.80e+10
INFO:root:sample accepted
INFO:pypsa.io:Exported network network_c2_s237.nc has buses, stores, generators, loads, storage_units, lines, links, global_constraints, carriers
INFO:pypsa.linopf:Prepare linear problem
INFO:pypsa.linopf:Total preparation time: 10.84s
INFO:pypsa.linopf:Solve linear problem using Gurobi solver
INFO:pypsa.linopf:Optimization successful. Objective value: 9.85e+10
INFO:root:sample accepted
INFO:pypsa.io:Exported network network_c2_s238.nc has buses, stores, generators, loads, storage_units, lines, links, global_constraints, carriers
INFO:pypsa.linopf:Prepare linear problem
INFO:pypsa.linopf:Total preparation time: 11.04s
INFO:pypsa.linopf:Solve linear problem using Gurobi solver
INFO:pypsa.linopf:Optimization successful. Objective value: 9.85e+10
INFO:root:sample accepted
INFO:pypsa.io:Exported network network_c2_s239.nc has buses, stores, generators, loads, storage_units, lines, links, global_constraints, carriers
INFO:pypsa.linopf:Prepare linear problem
INFO:pypsa.linopf:Total preparation time: 11.2s
INFO:pypsa.linopf:Solve linear problem using Gurobi solver
INFO:pypsa.linopf:Optimization successful. Objective value: 9.89e+10
INFO:root:sample accepted
INFO:pypsa.io:Exported network network_c2_s240.nc has buses, stores, generators, loads, storage_units, lines, links, global_constraints, carriers
INFO:pypsa.linopf:Prepare linear problem
INFO:pypsa.linopf:Total preparation time: 11.57s
INFO:pypsa.linopf:Solve linear problem using Gurobi solver
INFO:pypsa.linopf:Optimization successful. Objective value: 1.01e+11
INFO:root:sample accepted
INFO:pypsa.io:Exported network network_c2_s241.nc has buses, stores, generators, loads, storage_units, lines, links, global_constraints, carriers
[Wed Mar  3 11:09:09 2021]
Finished job 0.
1 of 1 steps (100%) done
