[3.64714008e-03 4.63070261e-02 7.10313208e-04 5.93697457e-02
 4.70002267e-02 4.89081494e-02 7.42703630e-02 4.57458851e-02
 1.37350776e-02 1.02796979e-02 2.75958555e-02 2.98277601e-02
 3.94414895e-02 3.53073907e-02 2.91928339e-02 1.49402465e-02
 2.72037755e-02 2.53736324e-02 5.59470841e-02 7.86262337e-03
 5.33598450e-05 7.14616967e-03 3.09252664e-03 1.32557117e-02
 6.33489223e-02 6.21208222e-02 4.51313306e-02 1.49464542e-02
 5.24185903e-02 5.97977316e-03 3.14852083e-04 1.34723039e-02
 2.13734963e-02 1.62050089e-02]
[0.00189888 0.07474727 0.01563259 0.04439349 0.0160815  0.04950754
 0.04096036 0.03550119 0.00938133 0.01068824 0.05687726 0.04569749
 0.04886587 0.02023203 0.00618059 0.02079126 0.05067793 0.01861555
 0.07912334 0.01983043 0.0038858  0.00796455 0.00533414 0.00240263
 0.06719181 0.00526507 0.02648726 0.03188699 0.03262122 0.05361827
 0.02202802 0.02281344 0.01516858 0.03343321]
[0.00596477 0.05659035 0.00618328 0.04964048 0.04079027 0.07155354
 0.00231442 0.04366415 0.00570025 0.00896686 0.03818116 0.04900127
 0.0071285  0.03272307 0.02210796 0.02526785 0.00559649 0.04618116
 0.00768973 0.01113436 0.00447166 0.00312783 0.00159722 0.00715499
 0.09238228 0.03530346 0.02487323 0.05557308 0.04975006 0.04952321
 0.02715454 0.0278036  0.04369529 0.0380987 ]
[0.00641052 0.08512128 0.01592639 0.06360787 0.02983436 0.06394831
 0.03720909 0.06644721 0.01826075 0.00538079 0.05865988 0.01498176
 0.02600027 0.03956952 0.00049211 0.02528936 0.01875886 0.04074828
 0.01397516 0.02122924 0.01293496 0.01541919 0.00614263 0.00348238
 0.01144334 0.03001183 0.03843308 0.04056017 0.08365741 0.04247758
 0.00121261 0.02198831 0.0084737  0.0301211 ]
[0.00142286 0.05517219 0.0048678  0.06009015 0.031256   0.03936447
 0.06196654 0.03812711 0.04867681 0.00072325 0.06406524 0.02052888
 0.0527938  0.05614421 0.04729414 0.01078014 0.00353992 0.04485024
 0.0155202  0.00842644 0.00491311 0.00474414 0.00363163 0.01436708
 0.05124541 0.01648317 0.04155249 0.01726294 0.08498661 0.01378701
 0.0448014  0.01774757 0.00279802 0.0159592 ]
[2.30021095e-03 7.85472695e-02 2.17287534e-02 4.48763046e-02
 2.31777085e-02 1.05642556e-02 6.47393732e-02 3.09722367e-02
 2.21386198e-02 7.12822007e-03 2.39311116e-02 2.01399032e-03
 3.42391513e-02 8.27834652e-02 4.98525617e-02 2.75454226e-02
 2.48348650e-02 2.38831331e-02 2.06964926e-02 8.75358926e-03
 9.73552436e-03 1.12012498e-02 8.02074941e-05 5.12359194e-03
 7.01954733e-02 6.64451093e-02 5.86041813e-02 2.59292648e-02
 4.37098810e-02 3.77560806e-02 3.34846496e-03 1.53946468e-02
 2.29038899e-02 2.47879258e-02]
[0.00090207 0.02792631 0.02004903 0.06214828 0.06214402 0.01083452
 0.06050435 0.03833717 0.06149821 0.0116433  0.06336538 0.0338615
 0.02546672 0.10015938 0.01114661 0.00893131 0.02486404 0.01613706
 0.06171288 0.01543036 0.00924455 0.00410501 0.00214668 0.00484183
 0.06885319 0.02376254 0.05020906 0.0117891  0.03089089 0.02053112
 0.03388324 0.01061198 0.00458957 0.00741713]
[0.00273996 0.01693417 0.00369003 0.00687236 0.02570844 0.05567762
 0.04679315 0.06887483 0.0085073  0.00455529 0.07746219 0.01547649
 0.06302032 0.09835151 0.01824539 0.00999269 0.04837838 0.03323471
 0.07060277 0.00648376 0.00826979 0.01214468 0.00215542 0.0100964
 0.03443729 0.007058   0.06506441 0.04729746 0.0302876  0.00161834
 0.01362498 0.00022306 0.03563015 0.05043152]
[0.00174083 0.03039329 0.00812024 0.03677738 0.00805532 0.00405797
 0.05547679 0.05695475 0.03585451 0.00554503 0.01779538 0.00261258
 0.06160486 0.07654034 0.03250656 0.01020274 0.03418823 0.03384342
 0.05230183 0.00462449 0.00233599 0.00585267 0.0048658  0.00522454
 0.01320742 0.04480551 0.06657948 0.02017317 0.04978749 0.01135713
 0.01587886 0.00172144 0.01234139 0.05460975]
[8.13292619e-04 5.24010180e-02 2.16708063e-03 5.51742262e-02
 2.72388843e-02 2.07201979e-03 5.02547405e-02 2.70573397e-02
 4.55965567e-02 8.99673926e-05 3.84813294e-02 2.93802712e-03
 1.58342020e-02 5.08274723e-02 4.19225995e-02 1.39694109e-02
 3.35414131e-02 1.03094628e-02 1.42092506e-02 8.63119099e-03
 4.78515594e-03 1.97594677e-03 5.19802199e-04 1.12883168e-02
 2.15846725e-02 1.87939259e-02 3.20479151e-02 2.54711780e-02
 3.05077119e-02 3.09132741e-02 6.98780082e-03 2.01637878e-02
 2.76165049e-02 1.75552999e-02]
[8.13292619e-04 5.24010180e-02 2.16708063e-03 5.51742262e-02
 2.72388843e-02 2.07201979e-03 5.02547405e-02 2.70573397e-02
 4.55965567e-02 8.99673926e-05 3.84813294e-02 2.93802712e-03
 1.58342020e-02 5.08274723e-02 4.19225995e-02 1.39694109e-02
 3.35414131e-02 1.03094628e-02 1.42092506e-02 8.63119099e-03
 4.78515594e-03 1.97594677e-03 5.19802199e-04 1.12883168e-02
 2.15846725e-02 1.87939259e-02 3.20479151e-02 2.54711780e-02
 3.05077119e-02 3.09132741e-02 6.98780082e-03 2.01637878e-02
 2.76165049e-02 1.75552999e-02]
[8.13292619e-04 5.24010180e-02 2.16708063e-03 5.51742262e-02
 2.72388843e-02 2.07201979e-03 5.02547405e-02 2.70573397e-02
 4.55965567e-02 8.99673926e-05 3.84813294e-02 2.93802712e-03
 1.58342020e-02 5.08274723e-02 4.19225995e-02 1.39694109e-02
 3.35414131e-02 1.03094628e-02 1.42092506e-02 8.63119099e-03
 4.78515594e-03 1.97594677e-03 5.19802199e-04 1.12883168e-02
 2.15846725e-02 1.87939259e-02 3.20479151e-02 2.54711780e-02
 3.05077119e-02 3.09132741e-02 6.98780082e-03 2.01637878e-02
 2.76165049e-02 1.75552999e-02]
[0.00531724 0.03693627 0.00303586 0.04565942 0.02374918 0.03260715
 0.02411905 0.00561185 0.04768696 0.00709615 0.04360371 0.006772
 0.04948261 0.03409733 0.03913536 0.00715559 0.02488921 0.03726469
 0.04199608 0.00138744 0.0050017  0.01033301 0.00408194 0.00964597
 0.02622605 0.00963291 0.04920902 0.02503425 0.03074784 0.00969107
 0.01451275 0.00484623 0.00760432 0.05876733]
[0.00647585 0.04495906 0.0204534  0.0285929  0.03930837 0.05632027
 0.00343977 0.03961799 0.00039873 0.00361342 0.04785895 0.0151788
 0.00765619 0.02551084 0.04219298 0.00559825 0.00079787 0.0157212
 0.03238406 0.01127694 0.00330396 0.00640043 0.00291022 0.01462617
 0.05654267 0.03210466 0.03710199 0.02924577 0.04633786 0.04878932
 0.05818746 0.01750771 0.01522382 0.07510481]
[0.00413401 0.04707191 0.00320194 0.06937428 0.00842852 0.07976254
 0.04120435 0.06417044 0.01721977 0.00545641 0.01148941 0.03174835
 0.00330125 0.03363212 0.05079814 0.00208719 0.03163054 0.04814199
 0.06773334 0.02076566 0.00727616 0.0146147  0.0004346  0.01404043
 0.01774804 0.04319592 0.00561402 0.01191436 0.02482784 0.00606914
 0.04814269 0.03051912 0.04442687 0.03382872]
[0.00317293 0.04197701 0.00010297 0.08277204 0.02083529 0.04481638
 0.01421837 0.01660956 0.00964876 0.01157992 0.0349335  0.06990981
 0.01341243 0.0602078  0.04843683 0.00610239 0.0034004  0.02221306
 0.02602169 0.00170299 0.00979707 0.00956776 0.0055705  0.00515651
 0.01819892 0.07539927 0.01792978 0.00459531 0.06732502 0.00915281
 0.04528182 0.01723628 0.00233862 0.00738581]
[0.00348862 0.01702551 0.01270367 0.07371889 0.02152941 0.01617597
 0.03717475 0.02368323 0.0137403  0.00787814 0.00135028 0.03335484
 0.05424057 0.02769562 0.02515483 0.01844277 0.00257898 0.03395996
 0.05949458 0.00416172 0.00538424 0.01059491 0.00368477 0.01078764
 0.00496991 0.02998283 0.02383735 0.02251508 0.07373603 0.04178565
 0.00877806 0.02097726 0.00825839 0.02548454]
[0.00348862 0.01702551 0.01270367 0.07371889 0.02152941 0.01617597
 0.03717475 0.02368323 0.0137403  0.00787814 0.00135028 0.03335484
 0.05424057 0.02769562 0.02515483 0.01844277 0.00257898 0.03395996
 0.05949458 0.00416172 0.00538424 0.01059491 0.00368477 0.01078764
 0.00496991 0.02998283 0.02383735 0.02251508 0.07373603 0.04178565
 0.00877806 0.02097726 0.00825839 0.02548454]
[0.00459227 0.01960521 0.00081012 0.05714177 0.00426267 0.0214072
 0.04121714 0.02513661 0.04723697 0.00259778 0.02227672 0.01850272
 0.00657016 0.03393206 0.00811552 0.00156671 0.01816732 0.01324883
 0.04362483 0.00438628 0.00646598 0.00786442 0.00118551 0.0097491
 0.0373113  0.01807562 0.04362985 0.02342089 0.05962129 0.03707633
 0.04367105 0.01966448 0.00869998 0.04634807]
[0.00736586 0.00107659 0.00309461 0.06618879 0.02238829 0.00749536
 0.04349391 0.03748168 0.03685131 0.01213719 0.05591265 0.04601081
 0.00121616 0.07982462 0.00914153 0.00862944 0.03335495 0.03930517
 0.01357914 0.00467728 0.00478771 0.00817231 0.00151866 0.00778602
 0.02142581 0.00023361 0.05478442 0.01387845 0.05608373 0.04350489
 0.00159794 0.024016   0.02308055 0.02659824]
