Building DAG of jobs...
Using shell: /usr/bin/bash
Provided cores: 4
Rules claiming more threads will be scaled down.
Job counts:
	count	jobs
	1	run_single_chain
	1
Select jobs to execute...

[Wed Mar  3 10:39:56 2021]
rule run_single_chain:
    input: inter_results/network_c3_s201.nc, inter_results/sigma_s201.csv
    output: inter_results/network_c3_s221.nc
    jobid: 0
    wildcards: chain=3, sample=221
    threads: 4

/home/201403848/anaconda3_new/envs/pypsa-eur/bin/python3.8 /home/201403848/pypsa-mcmc/NOBACKUP/pypsa-eur-mcmc/pypsa-eur-mcmc/.snakemake/scripts/tmprw64tb3v.mh_chain.py
INFO:pypsa.io:Imported network network_c3_s201.nc has buses, carriers, generators, global_constraints, lines, links, loads, storage_units, stores
INFO:numexpr.utils:Note: NumExpr detected 64 cores but "NUMEXPR_MAX_THREADS" not set, so enforcing safe limit of 8.
INFO:pypsa.linopf:Prepare linear problem
INFO:pypsa.linopf:Total preparation time: 20.82s
INFO:pypsa.linopf:Solve linear problem using Gurobi solver
INFO:pypsa.linopf:Optimization successful. Objective value: 1.04e+11
INFO:root:sample accepted
INFO:pypsa.io:Exported network network_c3_s202.nc has lines, stores, carriers, loads, generators, storage_units, global_constraints, links, buses
INFO:pypsa.linopf:Prepare linear problem
INFO:pypsa.linopf:Total preparation time: 17.96s
INFO:pypsa.linopf:Solve linear problem using Gurobi solver
INFO:pypsa.linopf:Optimization successful. Objective value: 1.08e+11
INFO:root:sample rejected
INFO:pypsa.io:Imported network network_c3_s202.nc has buses, carriers, generators, global_constraints, lines, links, loads, storage_units, stores
INFO:pypsa.io:Exported network network_c3_s203.nc has lines, stores, carriers, loads, generators, storage_units, global_constraints, links, buses
INFO:pypsa.linopf:Prepare linear problem
INFO:pypsa.linopf:Total preparation time: 11.08s
INFO:pypsa.linopf:Solve linear problem using Gurobi solver
INFO:pypsa.linopf:Optimization successful. Objective value: 1.04e+11
INFO:root:sample rejected
INFO:pypsa.io:Imported network network_c3_s203.nc has buses, carriers, generators, global_constraints, lines, links, loads, storage_units, stores
INFO:pypsa.io:Exported network network_c3_s204.nc has lines, stores, carriers, loads, generators, storage_units, global_constraints, links, buses
INFO:pypsa.linopf:Prepare linear problem
INFO:pypsa.linopf:Total preparation time: 11.71s
INFO:pypsa.linopf:Solve linear problem using Gurobi solver
INFO:pypsa.linopf:Optimization successful. Objective value: 1.04e+11
INFO:root:sample rejected
INFO:pypsa.io:Imported network network_c3_s204.nc has buses, carriers, generators, global_constraints, lines, links, loads, storage_units, stores
INFO:pypsa.io:Exported network network_c3_s205.nc has lines, stores, carriers, loads, generators, storage_units, global_constraints, links, buses
INFO:pypsa.linopf:Prepare linear problem
INFO:pypsa.linopf:Total preparation time: 11.11s
INFO:pypsa.linopf:Solve linear problem using Gurobi solver
INFO:pypsa.linopf:Optimization successful. Objective value: 1.04e+11
INFO:root:sample rejected
INFO:pypsa.io:Imported network network_c3_s205.nc has buses, carriers, generators, global_constraints, lines, links, loads, storage_units, stores
INFO:pypsa.io:Exported network network_c3_s206.nc has lines, stores, carriers, loads, generators, storage_units, global_constraints, links, buses
INFO:pypsa.linopf:Prepare linear problem
INFO:pypsa.linopf:Total preparation time: 11.7s
INFO:pypsa.linopf:Solve linear problem using Gurobi solver
INFO:pypsa.linopf:Optimization successful. Objective value: 1.02e+11
INFO:root:sample rejected
INFO:pypsa.io:Imported network network_c3_s206.nc has buses, carriers, generators, global_constraints, lines, links, loads, storage_units, stores
INFO:pypsa.io:Exported network network_c3_s207.nc has lines, stores, carriers, loads, generators, storage_units, global_constraints, links, buses
INFO:pypsa.linopf:Prepare linear problem
INFO:pypsa.linopf:Total preparation time: 8.31s
INFO:pypsa.linopf:Solve linear problem using Gurobi solver
INFO:pypsa.linopf:Optimization successful. Objective value: 1.01e+11
INFO:root:sample accepted
INFO:pypsa.io:Exported network network_c3_s208.nc has lines, stores, carriers, loads, generators, storage_units, global_constraints, links, buses
INFO:pypsa.linopf:Prepare linear problem
INFO:pypsa.linopf:Total preparation time: 8.69s
INFO:pypsa.linopf:Solve linear problem using Gurobi solver
INFO:pypsa.linopf:Optimization successful. Objective value: 1.06e+11
INFO:root:sample rejected
INFO:pypsa.io:Imported network network_c3_s208.nc has buses, carriers, generators, global_constraints, lines, links, loads, storage_units, stores
INFO:pypsa.io:Exported network network_c3_s209.nc has lines, stores, carriers, loads, generators, storage_units, global_constraints, links, buses
INFO:pypsa.linopf:Prepare linear problem
INFO:pypsa.linopf:Total preparation time: 8.3s
INFO:pypsa.linopf:Solve linear problem using Gurobi solver
INFO:pypsa.linopf:Optimization successful. Objective value: 1.05e+11
INFO:root:sample rejected
INFO:pypsa.io:Imported network network_c3_s209.nc has buses, carriers, generators, global_constraints, lines, links, loads, storage_units, stores
INFO:pypsa.io:Exported network network_c3_s210.nc has lines, stores, carriers, loads, generators, storage_units, global_constraints, links, buses
INFO:pypsa.linopf:Prepare linear problem
INFO:pypsa.linopf:Total preparation time: 8.45s
INFO:pypsa.linopf:Solve linear problem using Gurobi solver
INFO:pypsa.linopf:Optimization successful. Objective value: 1.04e+11
INFO:root:sample rejected
INFO:pypsa.io:Imported network network_c3_s210.nc has buses, carriers, generators, global_constraints, lines, links, loads, storage_units, stores
INFO:pypsa.io:Exported network network_c3_s211.nc has lines, stores, carriers, loads, generators, storage_units, global_constraints, links, buses
INFO:pypsa.linopf:Prepare linear problem
INFO:pypsa.linopf:Total preparation time: 8.43s
INFO:pypsa.linopf:Solve linear problem using Gurobi solver
INFO:pypsa.linopf:Optimization successful. Objective value: 1.00e+11
INFO:root:sample accepted
INFO:pypsa.io:Exported network network_c3_s212.nc has lines, stores, carriers, loads, generators, storage_units, global_constraints, links, buses
INFO:pypsa.linopf:Prepare linear problem
INFO:pypsa.linopf:Total preparation time: 8.42s
INFO:pypsa.linopf:Solve linear problem using Gurobi solver
INFO:pypsa.linopf:Optimization successful. Objective value: 9.88e+10
INFO:root:sample accepted
INFO:pypsa.io:Exported network network_c3_s213.nc has lines, stores, carriers, loads, generators, storage_units, global_constraints, links, buses
INFO:pypsa.linopf:Prepare linear problem
INFO:pypsa.linopf:Total preparation time: 8.51s
INFO:pypsa.linopf:Solve linear problem using Gurobi solver
INFO:pypsa.linopf:Optimization successful. Objective value: 9.84e+10
INFO:root:sample accepted
INFO:pypsa.io:Exported network network_c3_s214.nc has lines, stores, carriers, loads, generators, storage_units, global_constraints, links, buses
INFO:pypsa.linopf:Prepare linear problem
INFO:pypsa.linopf:Total preparation time: 8.44s
INFO:pypsa.linopf:Solve linear problem using Gurobi solver
INFO:pypsa.linopf:Optimization successful. Objective value: 1.01e+11
INFO:root:sample accepted
INFO:pypsa.io:Exported network network_c3_s215.nc has lines, stores, carriers, loads, generators, storage_units, global_constraints, links, buses
INFO:pypsa.linopf:Prepare linear problem
INFO:pypsa.linopf:Total preparation time: 8.47s
INFO:pypsa.linopf:Solve linear problem using Gurobi solver
INFO:pypsa.linopf:Optimization successful. Objective value: 1.02e+11
INFO:root:sample rejected
INFO:pypsa.io:Imported network network_c3_s215.nc has buses, carriers, generators, global_constraints, lines, links, loads, storage_units, stores
INFO:pypsa.io:Exported network network_c3_s216.nc has lines, stores, carriers, loads, generators, storage_units, global_constraints, links, buses
INFO:pypsa.linopf:Prepare linear problem
INFO:pypsa.linopf:Total preparation time: 8.42s
INFO:pypsa.linopf:Solve linear problem using Gurobi solver
INFO:pypsa.linopf:Optimization successful. Objective value: 1.04e+11
INFO:root:sample accepted
INFO:pypsa.io:Exported network network_c3_s217.nc has lines, stores, carriers, loads, generators, storage_units, global_constraints, links, buses
INFO:pypsa.linopf:Prepare linear problem
INFO:pypsa.linopf:Total preparation time: 8.45s
INFO:pypsa.linopf:Solve linear problem using Gurobi solver
INFO:pypsa.linopf:Optimization successful. Objective value: 1.01e+11
INFO:root:sample accepted
INFO:pypsa.io:Exported network network_c3_s218.nc has lines, stores, carriers, loads, generators, storage_units, global_constraints, links, buses
INFO:pypsa.linopf:Prepare linear problem
INFO:pypsa.linopf:Total preparation time: 8.47s
INFO:pypsa.linopf:Solve linear problem using Gurobi solver
INFO:pypsa.linopf:Optimization successful. Objective value: 1.00e+11
INFO:root:sample accepted
INFO:pypsa.io:Exported network network_c3_s219.nc has lines, stores, carriers, loads, generators, storage_units, global_constraints, links, buses
INFO:pypsa.linopf:Prepare linear problem
INFO:pypsa.linopf:Total preparation time: 8.44s
INFO:pypsa.linopf:Solve linear problem using Gurobi solver
INFO:pypsa.linopf:Optimization successful. Objective value: 1.01e+11
INFO:root:sample accepted
INFO:pypsa.io:Exported network network_c3_s220.nc has lines, stores, carriers, loads, generators, storage_units, global_constraints, links, buses
INFO:pypsa.linopf:Prepare linear problem
INFO:pypsa.linopf:Total preparation time: 8.48s
INFO:pypsa.linopf:Solve linear problem using Gurobi solver
INFO:pypsa.linopf:Optimization successful. Objective value: 9.97e+10
INFO:root:sample accepted
INFO:pypsa.io:Exported network network_c3_s221.nc has lines, stores, carriers, loads, generators, storage_units, global_constraints, links, buses
[Wed Mar  3 10:53:58 2021]
Finished job 0.
1 of 1 steps (100%) done
