[0.00298321 0.05182816 0.00078894 0.0471353  0.01397359 0.04958102
 0.06151174 0.0339803  0.04296447 0.01481122 0.01739309 0.0087007
 0.03626088 0.01052397 0.06740816 0.01378826 0.02945303 0.00617549
 0.0265523  0.01429542 0.01469284 0.0105056  0.00734258 0.01680347
 0.062033   0.01110953 0.03752874 0.002321   0.01704619 0.0284459
 0.01586491 0.02506355 0.01270318 0.06518301]
[0.00298321 0.05182816 0.00078894 0.0471353  0.01397359 0.04958102
 0.06151174 0.0339803  0.04296447 0.01481122 0.01739309 0.0087007
 0.03626088 0.01052397 0.06740816 0.01378826 0.02945303 0.00617549
 0.0265523  0.01429542 0.01469284 0.0105056  0.00734258 0.01680347
 0.062033   0.01110953 0.03752874 0.002321   0.01704619 0.0284459
 0.01586491 0.02506355 0.01270318 0.06518301]
[0.00298321 0.05182816 0.00078894 0.0471353  0.01397359 0.04958102
 0.06151174 0.0339803  0.04296447 0.01481122 0.01739309 0.0087007
 0.03626088 0.01052397 0.06740816 0.01378826 0.02945303 0.00617549
 0.0265523  0.01429542 0.01469284 0.0105056  0.00734258 0.01680347
 0.062033   0.01110953 0.03752874 0.002321   0.01704619 0.0284459
 0.01586491 0.02506355 0.01270318 0.06518301]
[0.00728588 0.00779484 0.00730976 0.00719914 0.05724794 0.07305412
 0.05545583 0.04370376 0.00930935 0.00733555 0.02595655 0.07011246
 0.02063466 0.02567213 0.06199537 0.01206555 0.00618645 0.01030664
 0.0600164  0.02069453 0.00052076 0.01275361 0.00035859 0.01641283
 0.01784742 0.04787896 0.0323571  0.02050753 0.00885596 0.02270059
 0.00198984 0.02158018 0.02332474 0.0784348 ]
[0.0067774  0.05626567 0.01783186 0.03484715 0.02064732 0.07773954
 0.06781736 0.01364568 0.01130542 0.00838762 0.01394679 0.07719056
 0.00219919 0.00447775 0.0170257  0.00282647 0.00562002 0.0031119
 0.06355883 0.0127837  0.00754485 0.00204556 0.00159878 0.01011817
 0.0264333  0.03092602 0.04110781 0.06174594 0.04145911 0.00988384
 0.03109439 0.01405751 0.01627451 0.0665706 ]
[0.0067774  0.05626567 0.01783186 0.03484715 0.02064732 0.07773954
 0.06781736 0.01364568 0.01130542 0.00838762 0.01394679 0.07719056
 0.00219919 0.00447775 0.0170257  0.00282647 0.00562002 0.0031119
 0.06355883 0.0127837  0.00754485 0.00204556 0.00159878 0.01011817
 0.0264333  0.03092602 0.04110781 0.06174594 0.04145911 0.00988384
 0.03109439 0.01405751 0.01627451 0.0665706 ]
[0.0067774  0.05626567 0.01783186 0.03484715 0.02064732 0.07773954
 0.06781736 0.01364568 0.01130542 0.00838762 0.01394679 0.07719056
 0.00219919 0.00447775 0.0170257  0.00282647 0.00562002 0.0031119
 0.06355883 0.0127837  0.00754485 0.00204556 0.00159878 0.01011817
 0.0264333  0.03092602 0.04110781 0.06174594 0.04145911 0.00988384
 0.03109439 0.01405751 0.01627451 0.0665706 ]
[3.13861586e-03 1.61353873e-03 1.63619909e-02 1.82146911e-02
 2.58690659e-02 9.57373022e-03 4.35564636e-02 4.41076883e-02
 1.41444346e-02 3.85646942e-03 1.36051358e-03 8.08085931e-03
 2.64705786e-02 1.00589642e-02 4.39581139e-02 6.07575855e-03
 2.13456119e-02 1.94926695e-02 1.91100908e-02 1.16021911e-02
 9.66220626e-03 4.64247917e-03 1.79824818e-03 2.84785869e-06
 3.71749066e-03 3.02550722e-02 5.52083730e-02 3.25113762e-02
 5.84056456e-02 4.40834226e-02 1.81670315e-02 2.09375430e-02
 2.79268121e-02 4.63005549e-02]
[0.00340958 0.02276548 0.00142499 0.00715568 0.02964834 0.01332232
 0.01782146 0.02286497 0.02366316 0.00561756 0.02844521 0.00058193
 0.01631095 0.02844985 0.0297775  0.01195349 0.02006556 0.01825895
 0.02599645 0.01049861 0.00539908 0.0020982  0.00121328 0.00119455
 0.02684144 0.00108351 0.03655382 0.03590755 0.03871459 0.01160104
 0.00926396 0.01249146 0.00342808 0.00090629]
[0.00340958 0.02276548 0.00142499 0.00715568 0.02964834 0.01332232
 0.01782146 0.02286497 0.02366316 0.00561756 0.02844521 0.00058193
 0.01631095 0.02844985 0.0297775  0.01195349 0.02006556 0.01825895
 0.02599645 0.01049861 0.00539908 0.0020982  0.00121328 0.00119455
 0.02684144 0.00108351 0.03655382 0.03590755 0.03871459 0.01160104
 0.00926396 0.01249146 0.00342808 0.00090629]
[0.00340958 0.02276548 0.00142499 0.00715568 0.02964834 0.01332232
 0.01782146 0.02286497 0.02366316 0.00561756 0.02844521 0.00058193
 0.01631095 0.02844985 0.0297775  0.01195349 0.02006556 0.01825895
 0.02599645 0.01049861 0.00539908 0.0020982  0.00121328 0.00119455
 0.02684144 0.00108351 0.03655382 0.03590755 0.03871459 0.01160104
 0.00926396 0.01249146 0.00342808 0.00090629]
[0.00340958 0.02276548 0.00142499 0.00715568 0.02964834 0.01332232
 0.01782146 0.02286497 0.02366316 0.00561756 0.02844521 0.00058193
 0.01631095 0.02844985 0.0297775  0.01195349 0.02006556 0.01825895
 0.02599645 0.01049861 0.00539908 0.0020982  0.00121328 0.00119455
 0.02684144 0.00108351 0.03655382 0.03590755 0.03871459 0.01160104
 0.00926396 0.01249146 0.00342808 0.00090629]
[0.00016266 0.02817286 0.01465953 0.02860573 0.00141527 0.00277232
 0.03164671 0.00868175 0.0297859  0.01239031 0.03228534 0.01957813
 0.00163179 0.04549797 0.03883001 0.01424164 0.00198474 0.00623504
 0.05427335 0.00784699 0.00730237 0.00242023 0.00433799 0.01227106
 0.01288248 0.03351268 0.06028489 0.02346414 0.03851139 0.03223466
 0.02077506 0.01314767 0.03157481 0.04777778]
[0.00016266 0.02817286 0.01465953 0.02860573 0.00141527 0.00277232
 0.03164671 0.00868175 0.0297859  0.01239031 0.03228534 0.01957813
 0.00163179 0.04549797 0.03883001 0.01424164 0.00198474 0.00623504
 0.05427335 0.00784699 0.00730237 0.00242023 0.00433799 0.01227106
 0.01288248 0.03351268 0.06028489 0.02346414 0.03851139 0.03223466
 0.02077506 0.01314767 0.03157481 0.04777778]
[0.00016266 0.02817286 0.01465953 0.02860573 0.00141527 0.00277232
 0.03164671 0.00868175 0.0297859  0.01239031 0.03228534 0.01957813
 0.00163179 0.04549797 0.03883001 0.01424164 0.00198474 0.00623504
 0.05427335 0.00784699 0.00730237 0.00242023 0.00433799 0.01227106
 0.01288248 0.03351268 0.06028489 0.02346414 0.03851139 0.03223466
 0.02077506 0.01314767 0.03157481 0.04777778]
[0.00016266 0.02817286 0.01465953 0.02860573 0.00141527 0.00277232
 0.03164671 0.00868175 0.0297859  0.01239031 0.03228534 0.01957813
 0.00163179 0.04549797 0.03883001 0.01424164 0.00198474 0.00623504
 0.05427335 0.00784699 0.00730237 0.00242023 0.00433799 0.01227106
 0.01288248 0.03351268 0.06028489 0.02346414 0.03851139 0.03223466
 0.02077506 0.01314767 0.03157481 0.04777778]
[0.00016266 0.02817286 0.01465953 0.02860573 0.00141527 0.00277232
 0.03164671 0.00868175 0.0297859  0.01239031 0.03228534 0.01957813
 0.00163179 0.04549797 0.03883001 0.01424164 0.00198474 0.00623504
 0.05427335 0.00784699 0.00730237 0.00242023 0.00433799 0.01227106
 0.01288248 0.03351268 0.06028489 0.02346414 0.03851139 0.03223466
 0.02077506 0.01314767 0.03157481 0.04777778]
[0.00016266 0.02817286 0.01465953 0.02860573 0.00141527 0.00277232
 0.03164671 0.00868175 0.0297859  0.01239031 0.03228534 0.01957813
 0.00163179 0.04549797 0.03883001 0.01424164 0.00198474 0.00623504
 0.05427335 0.00784699 0.00730237 0.00242023 0.00433799 0.01227106
 0.01288248 0.03351268 0.06028489 0.02346414 0.03851139 0.03223466
 0.02077506 0.01314767 0.03157481 0.04777778]
[0.00016266 0.02817286 0.01465953 0.02860573 0.00141527 0.00277232
 0.03164671 0.00868175 0.0297859  0.01239031 0.03228534 0.01957813
 0.00163179 0.04549797 0.03883001 0.01424164 0.00198474 0.00623504
 0.05427335 0.00784699 0.00730237 0.00242023 0.00433799 0.01227106
 0.01288248 0.03351268 0.06028489 0.02346414 0.03851139 0.03223466
 0.02077506 0.01314767 0.03157481 0.04777778]
[0.00475375 0.00488472 0.0187633  0.01390112 0.04393029 0.00973825
 0.02130395 0.04318491 0.02585758 0.00413145 0.06689003 0.05816276
 0.00991156 0.06516361 0.04628427 0.01087918 0.05338209 0.01394123
 0.05593006 0.01367801 0.00515854 0.01061278 0.00068329 0.00726084
 0.00296698 0.000385   0.0048117  0.05252315 0.0080427  0.06273007
 0.00651143 0.00692142 0.02640629 0.03021439]
