[0.00528707 0.01392279 0.0075755  0.00964287 0.04338208 0.01142841
 0.07488791 0.05989994 0.04206333 0.00026523 0.02907956 0.00825556
 0.02663372 0.02616981 0.0604868  0.01651822 0.04555669 0.00222821
 0.01134411 0.00940891 0.0004284  0.01630208 0.00454962 0.00233269
 0.05583126 0.07569479 0.00626452 0.06802518 0.07104015 0.06307369
 0.05152283 0.0207763  0.02867848 0.00690189]
[0.00274094 0.02419765 0.00521239 0.01139075 0.06424239 0.04430179
 0.0258361  0.03807834 0.05093489 0.01618946 0.07225579 0.05388193
 0.06760309 0.05118019 0.01980259 0.00374911 0.01507475 0.0468118
 0.05408568 0.00471244 0.00153035 0.01297729 0.00095371 0.00968392
 0.02753214 0.00854295 0.00041821 0.00802365 0.09143019 0.03825846
 0.01269513 0.02626358 0.02648763 0.04631037]
[0.00296176 0.02147619 0.01075675 0.04442762 0.06512861 0.01137336
 0.02858195 0.01676198 0.0492621  0.00040123 0.06173927 0.0331083
 0.08826141 0.06493938 0.03507954 0.010011   0.01805234 0.03618423
 0.01718829 0.02167836 0.00130114 0.00084346 0.00052659 0.01515747
 0.065881   0.03411003 0.00758903 0.02807676 0.0190433  0.02674213
 0.0214403  0.00970534 0.0359328  0.08939032]
[0.00489738 0.06615353 0.00557367 0.00728248 0.03327942 0.06120803
 0.05767743 0.01017445 0.05398445 0.00445282 0.0380856  0.06359614
 0.00157384 0.00885501 0.0248153  0.01931911 0.0542683  0.03806303
 0.02541231 0.00205838 0.00568626 0.0115353  0.00604475 0.0121605
 0.03539053 0.03681188 0.01448998 0.03095183 0.04056979 0.0378713
 0.05693715 0.0147841  0.01029031 0.10099038]
[5.13221792e-03 1.67764947e-02 1.24252849e-02 1.89751740e-02
 6.44098245e-05 2.83580915e-02 4.56996641e-02 4.69106106e-02
 2.70114534e-02 1.13900320e-02 3.70265037e-02 6.63509737e-02
 3.80479694e-02 2.57883822e-02 2.81374766e-03 1.54170812e-02
 3.79578621e-02 2.32475433e-02 3.55794593e-02 9.54485951e-03
 3.20605468e-03 9.66247289e-03 4.54058551e-03 1.17178949e-02
 1.68756275e-02 5.71808218e-02 3.92445424e-02 1.40620620e-02
 8.97398117e-03 4.62033704e-02 5.73268326e-02 1.91022273e-02
 3.56227425e-03 6.14328796e-02]
[0.00386281 0.00820253 0.01558616 0.00859629 0.03957324 0.05275475
 0.01383149 0.05696268 0.03978067 0.00436068 0.07826718 0.06446298
 0.03281907 0.02872205 0.01321488 0.02288926 0.02532499 0.01988445
 0.06606932 0.00362489 0.01320001 0.00427495 0.00420356 0.0135867
 0.02895856 0.00496938 0.02116031 0.04135044 0.01218076 0.05830077
 0.05253222 0.00171418 0.01138021 0.00806934]
[1.97826669e-03 4.23508019e-02 5.64671002e-03 3.65911324e-05
 5.20721403e-02 5.43048778e-02 2.78321262e-02 1.76566900e-02
 2.78058969e-02 1.08861155e-02 3.49172417e-03 7.45472119e-02
 1.56090602e-02 5.72676919e-02 5.23874241e-02 1.88768300e-02
 3.87340900e-02 3.67529990e-02 8.58258476e-02 1.66423655e-03
 5.51485879e-03 1.32642852e-02 5.62895734e-03 6.52253448e-03
 6.50432190e-02 1.44100886e-04 1.33943700e-02 4.20930592e-02
 1.08125632e-02 4.08615031e-02 3.71483820e-02 2.26405089e-02
 3.53565227e-02 1.28407514e-02]
[0.00351512 0.06714945 0.01226749 0.04253872 0.01169109 0.02226326
 0.05425975 0.029262   0.02941539 0.00407215 0.01266001 0.04773823
 0.0060083  0.08441356 0.03502006 0.00966569 0.02631809 0.01607506
 0.07204038 0.00570457 0.00863483 0.00742828 0.00341959 0.00479388
 0.0073258  0.05724592 0.05523324 0.06978995 0.02064347 0.01391251
 0.05847249 0.02443974 0.03716427 0.01702226]
[0.00165026 0.05658584 0.02130385 0.06683122 0.05683237 0.04026663
 0.004037   0.02526511 0.05683861 0.01069484 0.0176157  0.01280306
 0.04519316 0.05630145 0.06398372 0.02459463 0.04139291 0.01935271
 0.00215247 0.02144046 0.01165153 0.00337821 0.00135184 0.00162555
 0.00986678 0.02044055 0.09724717 0.0161072  0.00965549 0.03719471
 0.00305417 0.02296446 0.00661283 0.05916876]
[0.00091585 0.00411763 0.01888444 0.04242834 0.05702954 0.01792515
 0.01046297 0.02829109 0.04696731 0.0083997  0.04909399 0.05370695
 0.05054876 0.03809567 0.00082861 0.02141966 0.02412259 0.04990754
 0.05675121 0.00025464 0.01266102 0.01397266 0.00108059 0.00700613
 0.01107431 0.06313829 0.08132131 0.05376982 0.02039487 0.0111931
 0.03949589 0.01680631 0.04297681 0.04136535]
[0.00410659 0.02764412 0.01598427 0.03542146 0.02694137 0.06237988
 0.01783728 0.0516393  0.03968887 0.01037158 0.03701282 0.01642728
 0.02351134 0.01120798 0.06320989 0.02074596 0.04206908 0.04389519
 0.07565641 0.00985674 0.00466935 0.01038389 0.00746326 0.00749822
 0.01276491 0.07666676 0.04824425 0.02587922 0.00476453 0.00784483
 0.03079977 0.02539081 0.04096524 0.06075711]
[0.00513476 0.02088199 0.01312073 0.03337431 0.03396469 0.03422637
 0.00534061 0.0399635  0.0469768  0.01065579 0.03875126 0.0182628
 0.02959939 0.04842117 0.02389163 0.00959628 0.00417264 0.03742035
 0.07945866 0.01217668 0.00657105 0.01334607 0.00025037 0.00123159
 0.02309628 0.02583937 0.02170421 0.05352257 0.03505965 0.01663456
 0.03064307 0.00821204 0.00674026 0.07235046]
[0.00346141 0.00655116 0.02429213 0.05348264 0.03254984 0.03111743
 0.02775183 0.05541548 0.05705652 0.00722382 0.04355263 0.00745791
 0.03429635 0.04752572 0.01085021 0.02121778 0.01301131 0.00964447
 0.08162523 0.01387647 0.01378189 0.0160181  0.00087707 0.00849369
 0.03709714 0.06901472 0.06256708 0.0580975  0.02743513 0.03026234
 0.05885283 0.00829023 0.00645263 0.01905568]
[0.00641803 0.03869894 0.00069513 0.03881155 0.0576073  0.00625116
 0.05525081 0.04316831 0.03111196 0.00394383 0.06685432 0.03604609
 0.05055466 0.03169142 0.05308375 0.02158409 0.02115921 0.03592889
 0.0624405  0.01402503 0.00105721 0.01259216 0.00508305 0.00161762
 0.03987659 0.06491273 0.01118349 0.06960711 0.02911924 0.00101339
 0.02273685 0.00194284 0.01782553 0.0107811 ]
[0.00621363 0.01075956 0.00976559 0.02541444 0.04573462 0.03388057
 0.05562849 0.05958973 0.03997329 0.01060531 0.05996601 0.02907871
 0.01632808 0.06879106 0.0651192  0.02135256 0.00315263 0.0233148
 0.074448   0.00408944 0.00189168 0.00574259 0.00112671 0.01307832
 0.06396244 0.03597665 0.01925226 0.02837917 0.04883325 0.00148431
 0.04376391 0.02113837 0.00505906 0.03542748]
[0.00174931 0.00739359 0.00741357 0.00963162 0.01258745 0.01948356
 0.01496896 0.0416099  0.02977402 0.00580111 0.05760836 0.03991594
 0.0576541  0.01215837 0.04173019 0.00352886 0.03804006 0.03714212
 0.05547624 0.01435919 0.01100526 0.00629551 0.00053494 0.00644215
 0.06336242 0.05017291 0.01707456 0.03890947 0.03680349 0.03768397
 0.04522383 0.00291595 0.0385473  0.03726035]
[0.00512382 0.0262036  0.01819461 0.0176627  0.02649539 0.0159961
 0.04197775 0.00400032 0.03438353 0.01501483 0.03105432 0.0428117
 0.0210116  0.04870799 0.05411969 0.00487798 0.04886018 0.04346112
 0.0155877  0.00568315 0.00800229 0.00108161 0.00674597 0.00367598
 0.02146897 0.02234235 0.05275381 0.01153658 0.06556673 0.02466317
 0.04722307 0.02176645 0.02560495 0.06124585]
[0.00181305 0.02032587 0.00946612 0.04105121 0.0592389  0.01039902
 0.04239409 0.03710499 0.02228383 0.00013317 0.0225187  0.04644389
 0.05071228 0.04126576 0.04305641 0.00837706 0.00863373 0.02352028
 0.02437974 0.00580505 0.00674933 0.00341935 0.00153418 0.01437651
 0.02801063 0.02178438 0.05064846 0.0206656  0.06683673 0.03246143
 0.05439899 0.02867926 0.0314956  0.05111547]
[0.00442509 0.02238001 0.014269   0.02744218 0.00355346 0.03055846
 0.04219367 0.03245539 0.04294803 0.00169061 0.00648315 0.05287994
 0.05510564 0.04929023 0.0502549  0.01273677 0.01345196 0.00947383
 0.04128472 0.00079624 0.00169158 0.00715094 0.00369414 0.00388119
 0.02344929 0.03035142 0.00839101 0.04088715 0.00279692 0.01708314
 0.02474262 0.01392791 0.01062795 0.03880562]
[0.00481137 0.0443282  0.01167857 0.01006682 0.02221455 0.05153236
 0.0223618  0.00134612 0.01255154 0.00973002 0.00391932 0.00018434
 0.0539023  0.05516969 0.04659099 0.00769871 0.0419082  0.02911069
 0.06936519 0.00460516 0.00976139 0.00458531 0.00604846 0.0133411
 0.02907802 0.05646478 0.04850263 0.03200019 0.00856856 0.04939974
 0.04967347 0.00581631 0.0201207  0.02787932]
