[0.00291658 0.07761404 0.01037049 0.04055691 0.05034188 0.01022516
 0.00691355 0.02212253 0.02432778 0.01240261 0.04933066 0.01023332
 0.06478838 0.04412161 0.05278535 0.0140383  0.00099372 0.04099571
 0.07440495 0.0079545  0.00700782 0.00973872 0.00090528 0.01332068
 0.04538039 0.01028487 0.00360494 0.02222765 0.01026074 0.052038
 0.04949222 0.00651061 0.03153611 0.00187812]
[0.00291658 0.07761404 0.01037049 0.04055691 0.05034188 0.01022516
 0.00691355 0.02212253 0.02432778 0.01240261 0.04933066 0.01023332
 0.06478838 0.04412161 0.05278535 0.0140383  0.00099372 0.04099571
 0.07440495 0.0079545  0.00700782 0.00973872 0.00090528 0.01332068
 0.04538039 0.01028487 0.00360494 0.02222765 0.01026074 0.052038
 0.04949222 0.00651061 0.03153611 0.00187812]
[0.00695834 0.00230892 0.0161867  0.06835926 0.01588401 0.03256436
 0.01897729 0.05008349 0.03102738 0.00913937 0.00194699 0.04407773
 0.05680204 0.01613012 0.05257711 0.00253467 0.02766191 0.03352072
 0.06822543 0.01658618 0.00872275 0.00088348 0.00152033 0.00575249
 0.03031384 0.03411666 0.01998374 0.03349104 0.05204783 0.03406142
 0.06795135 0.02758864 0.02387295 0.0166943 ]
[0.00683665 0.01724317 0.00512285 0.09745578 0.03478119 0.01844546
 0.02612562 0.05122197 0.03467129 0.00468995 0.00617642 0.03807436
 0.06479444 0.03075181 0.03160397 0.00381513 0.06116634 0.03446357
 0.00791289 0.00847424 0.00902844 0.00597783 0.00454958 0.00099972
 0.0262373  0.03333993 0.05044903 0.0265863  0.02617949 0.06659359
 0.04427462 0.00597264 0.04156337 0.0565553 ]
[0.00079947 0.0382542  0.00240811 0.07058783 0.03183244 0.01116702
 0.01175621 0.05771618 0.03221426 0.00038486 0.05426638 0.03434465
 0.07268179 0.06753586 0.03785381 0.01010475 0.01970868 0.00936654
 0.02848988 0.01364032 0.00890965 0.0011383  0.00505662 0.00075857
 0.01391909 0.02990951 0.00341255 0.05123569 0.03039166 0.0398008
 0.03522787 0.01724706 0.02030919 0.04948546]
[0.00035082 0.00373198 0.00790789 0.01058749 0.00568854 0.01476249
 0.0293916  0.0628792  0.06989814 0.00239422 0.01118579 0.06118138
 0.05497591 0.01272829 0.04182233 0.00650027 0.06234622 0.05483614
 0.04279393 0.01994526 0.00332598 0.01198822 0.00584165 0.00639115
 0.03469401 0.01052922 0.049591   0.06740982 0.02245984 0.06688523
 0.04928942 0.01190988 0.01916196 0.03600716]
[0.00489091 0.04449743 0.0079401  0.04189217 0.02046676 0.02508314
 0.03337677 0.00351396 0.05088688 0.00302748 0.00889405 0.03258732
 0.07521729 0.02833212 0.03454569 0.0003189  0.0049529  0.03446775
 0.03011828 0.02041771 0.00247396 0.00609252 0.00050198 0.01107376
 0.02588152 0.00442381 0.07256205 0.08419211 0.04463025 0.02653952
 0.0009758  0.02647604 0.02875023 0.00611021]
[0.00697816 0.02095181 0.00560554 0.06494139 0.01039361 0.00041346
 0.05977489 0.01684478 0.05451163 0.01142826 0.04804453 0.05355136
 0.02221746 0.00972325 0.08687905 0.00988738 0.02143465 0.00422733
 0.0131465  0.01909796 0.01070314 0.01945987 0.00730306 0.00687335
 0.06169843 0.06794598 0.09464531 0.04195431 0.00828646 0.04089617
 0.01747497 0.01346042 0.04311742 0.00871869]
[0.00734023 0.02991123 0.00721008 0.07330033 0.00724416 0.00408238
 0.07688806 0.03227186 0.03078324 0.00318469 0.0717486  0.03454249
 0.01722277 0.03744019 0.01496245 0.02566504 0.05828544 0.00071691
 0.00436338 0.015999   0.01200633 0.00823732 0.00566065 0.01323401
 0.06075724 0.03989388 0.06609905 0.03176    0.04158344 0.07315713
 0.00553696 0.00098645 0.04608533 0.0274799 ]
[0.00734023 0.02991123 0.00721008 0.07330033 0.00724416 0.00408238
 0.07688806 0.03227186 0.03078324 0.00318469 0.0717486  0.03454249
 0.01722277 0.03744019 0.01496245 0.02566504 0.05828544 0.00071691
 0.00436338 0.015999   0.01200633 0.00823732 0.00566065 0.01323401
 0.06075724 0.03989388 0.06609905 0.03176    0.04158344 0.07315713
 0.00553696 0.00098645 0.04608533 0.0274799 ]
[0.00100082 0.01145026 0.01345965 0.07869769 0.0449388  0.04451338
 0.040498   0.02818111 0.05671798 0.01228598 0.06390472 0.00396739
 0.05895817 0.07307969 0.0576182  0.02611041 0.01627469 0.01270917
 0.0227515  0.00341343 0.00718358 0.01568356 0.00531282 0.01189446
 0.06072256 0.00987733 0.04066029 0.03813647 0.01081362 0.00416714
 0.04966199 0.0107958  0.04194586 0.02214183]
[0.00244466 0.0042416  0.00868558 0.04261249 0.02974778 0.02478856
 0.07186337 0.044131   0.02052392 0.0104631  0.03095898 0.04123253
 0.05496742 0.07986545 0.03697513 0.02029366 0.01606141 0.03524723
 0.05509557 0.00310099 0.00372605 0.01274826 0.00077385 0.00896335
 0.04866796 0.05119174 0.01245265 0.02398467 0.0579381  0.0259581
 0.04147149 0.00064071 0.03770211 0.00949993]
[0.00488138 0.04078381 0.00236576 0.08148177 0.04723588 0.00567589
 0.06156698 0.00284952 0.00846597 0.00621845 0.0673932  0.05816978
 0.04828197 0.05417423 0.00674426 0.00368004 0.04054372 0.02386804
 0.06889975 0.00741724 0.01236037 0.01273473 0.00316784 0.00262371
 0.01994975 0.07422801 0.02582788 0.04858606 0.06402554 0.01436642
 0.00552677 0.02142873 0.02882891 0.02483948]
[4.80909680e-03 4.40824820e-02 2.67423414e-05 2.61894727e-02
 6.09088792e-03 5.09690947e-02 2.70505360e-02 8.85748485e-03
 3.52917018e-02 1.06263402e-02 2.87580593e-02 5.25629534e-02
 6.28753267e-02 8.57181251e-02 6.13694556e-02 2.49134685e-02
 9.45329733e-03 3.74497595e-03 7.80429573e-02 1.81406329e-02
 3.16301902e-03 2.87815264e-03 7.46429178e-03 1.47449182e-02
 5.36626214e-02 8.61260058e-03 5.14473791e-02 9.92036198e-03
 5.78804188e-02 2.55254409e-02 3.83722263e-02 4.26116790e-03
 1.14742376e-02 7.07894474e-02]
[0.00539274 0.01593966 0.01250651 0.00512304 0.02431031 0.03963033
 0.06235164 0.0399135  0.05765496 0.0166205  0.00280911 0.04313716
 0.07294371 0.08056734 0.04502958 0.00652798 0.00174329 0.00553691
 0.0372387  0.00528193 0.01141204 0.01613736 0.0051913  0.00425564
 0.01988122 0.04630945 0.06225453 0.02985303 0.0505416  0.05339272
 0.013007   0.01357255 0.01478085 0.07902898]
[0.00479437 0.04593604 0.01010738 0.01155385 0.03946407 0.04924631
 0.02486361 0.05322634 0.01956607 0.00623672 0.02379138 0.04650379
 0.06774596 0.05056473 0.06135972 0.00200079 0.00867035 0.0313544
 0.05969431 0.0098016  0.0028261  0.00907853 0.00144333 0.00991363
 0.0458476  0.0256962  0.06843695 0.02585993 0.03994659 0.02512171
 0.0240892  0.02357397 0.0247754  0.0468839 ]
[0.00564427 0.02127536 0.00577047 0.02522705 0.00070918 0.06570285
 0.02880279 0.06320105 0.04467722 0.00141066 0.04251433 0.06444166
 0.00963005 0.06836435 0.02170031 0.01879767 0.0219838  0.03248209
 0.07055283 0.00791763 0.0017795  0.00419166 0.00039597 0.01150194
 0.06967235 0.02457481 0.01040141 0.04425307 0.0219481  0.04490666
 0.0573419  0.02599839 0.03773348 0.02448155]
[0.00010641 0.03313207 0.02182866 0.05057455 0.00943025 0.04075015
 0.00757179 0.07492837 0.01782284 0.0128437  0.07538862 0.00431359
 0.05433594 0.07172402 0.02191548 0.00449414 0.00422909 0.02493908
 0.04078156 0.0146511  0.00214179 0.00530529 0.00109692 0.00699567
 0.07985518 0.02120598 0.04404084 0.0685131  0.04927171 0.06176933
 0.00260778 0.00195499 0.03655632 0.03291656]
[0.00098702 0.06459209 0.00812307 0.01931588 0.02427209 0.06623227
 0.0514236  0.00582126 0.00943959 0.01055772 0.04225233 0.02526452
 0.03793861 0.06816684 0.0328691  0.01906517 0.01790731 0.01875892
 0.0340295  0.00837976 0.00464243 0.00513295 0.00257251 0.0053226
 0.06056861 0.05962361 0.04795216 0.02885837 0.04258865 0.07137392
 0.04773932 0.02710621 0.02337097 0.0077439 ]
[0.00115445 0.02526106 0.0083286  0.00924551 0.0610018  0.0227462
 0.02496032 0.04505062 0.00946264 0.00301925 0.0026097  0.01096057
 0.06961631 0.0525402  0.01760408 0.00420053 0.02336478 0.01557657
 0.04380157 0.01547757 0.00925516 0.0099307  0.0055217  0.00604703
 0.08306714 0.0944631  0.07853125 0.0759749  0.00761931 0.0260208
 0.07483767 0.00769921 0.01714214 0.03790552]
