[0.00472799 0.02521179 0.0019083  0.07022528 0.03185476 0.00575809
 0.03884547 0.07116993 0.00569351 0.01330018 0.02533011 0.05213257
 0.01048358 0.0437326  0.00356565 0.02062828 0.01003018 0.00178717
 0.07153248 0.02136991 0.00842962 0.00688294 0.00207225 0.00999253
 0.0092321  0.03133181 0.04009948 0.06333947 0.07043146 0.00023422
 0.07375608 0.00958438 0.04336806 0.02986877]
[0.00757859 0.06645522 0.0033965  0.08040926 0.01883467 0.0377176
 0.02693442 0.01224031 0.01107101 0.01672063 0.06421357 0.00729762
 0.02327521 0.08695574 0.0545225  0.01692147 0.01720753 0.01706935
 0.05610071 0.01646473 0.0121858  0.00588555 0.00151882 0.01042789
 0.04661836 0.0165422  0.08601253 0.03330058 0.00712017 0.03309126
 0.002348   0.03408827 0.02306709 0.02227573]
[0.00250547 0.0249566  0.00753292 0.06598937 0.04234187 0.05608795
 0.01560393 0.03048353 0.01400374 0.00437519 0.02519812 0.00459987
 0.00177165 0.00895656 0.04410348 0.01101152 0.02940782 0.03324779
 0.05426821 0.00139348 0.00290466 0.00180918 0.00292493 0.00733663
 0.0570367  0.04586294 0.07179788 0.01365605 0.04423474 0.01080853
 0.00550759 0.0175095  0.02123642 0.02723474]
[6.64844349e-03 7.41592057e-02 2.40782990e-02 2.51874022e-02
 1.89655363e-04 8.06304139e-05 2.20015071e-02 5.55751320e-02
 4.78303960e-03 1.67820418e-02 1.25659151e-02 8.83067388e-03
 4.35859369e-02 4.50435264e-02 5.67034108e-02 3.72882604e-03
 5.50112150e-03 2.99884436e-02 3.65915945e-02 1.48026634e-02
 2.48748589e-03 1.45520878e-02 7.66873169e-03 1.12833064e-02
 6.16542602e-02 8.86135135e-02 1.71316151e-02 6.51975970e-02
 9.30218055e-04 3.34528226e-02 5.75846120e-02 3.36797959e-02
 3.05395850e-02 4.33752180e-02]
[0.00521677 0.08984131 0.00565778 0.0390704  0.01977865 0.04747439
 0.02060271 0.06447869 0.01651645 0.00425363 0.04731583 0.00177096
 0.0120252  0.06512749 0.00218923 0.01935463 0.00037732 0.04864553
 0.00082735 0.02663091 0.00342949 0.01860918 0.00614703 0.00208385
 0.06048247 0.06249364 0.02809937 0.00427319 0.03485942 0.04246432
 0.10584662 0.0146346  0.01231154 0.0500295 ]
[0.00324892 0.0139214  0.00141068 0.00280775 0.0137603  0.07427302
 0.03439903 0.05464082 0.02074858 0.01326617 0.05690072 0.02227461
 0.04899137 0.08324549 0.05003839 0.0096297  0.04201949 0.00661697
 0.02842107 0.00908029 0.01073492 0.00636217 0.00591796 0.00140443
 0.08864126 0.00645468 0.0341937  0.0157928  0.05691878 0.02366576
 0.07853641 0.02349269 0.00342737 0.03845923]
[0.00120759 0.05181851 0.0143781  0.01330828 0.02044265 0.03955154
 0.06472626 0.03889115 0.00952641 0.00114445 0.04064286 0.05735378
 0.04752473 0.08158404 0.03422722 0.00257195 0.01944813 0.03764602
 0.03254794 0.00394616 0.00939174 0.01114812 0.0032436  0.00287809
 0.03686935 0.01466129 0.02451119 0.0553753  0.03548976 0.05118581
 0.03899019 0.02757484 0.04065534 0.03138313]
[0.00091301 0.04893293 0.0081941  0.02783869 0.00404812 0.05852333
 0.00637121 0.00097164 0.03431765 0.0111668  0.06839884 0.07665384
 0.06845992 0.07193479 0.0303025  0.02034804 0.04753749 0.01280569
 0.0035872  0.00995864 0.00866124 0.00811163 0.0054523  0.00745097
 0.0670999  0.03562042 0.0202018  0.04890947 0.0123703  0.03610873
 0.03593321 0.01357566 0.02364279 0.06236244]
[0.00091301 0.04893293 0.0081941  0.02783869 0.00404812 0.05852333
 0.00637121 0.00097164 0.03431765 0.0111668  0.06839884 0.07665384
 0.06845992 0.07193479 0.0303025  0.02034804 0.04753749 0.01280569
 0.0035872  0.00995864 0.00866124 0.00811163 0.0054523  0.00745097
 0.0670999  0.03562042 0.0202018  0.04890947 0.0123703  0.03610873
 0.03593321 0.01357566 0.02364279 0.06236244]
[0.00501688 0.07738194 0.0079466  0.02649089 0.03324478 0.04653044
 0.00382832 0.00828083 0.04391215 0.00094754 0.01131165 0.08337996
 0.03441434 0.06249812 0.05403004 0.01868203 0.01621724 0.02639886
 0.05094434 0.00642161 0.00292266 0.00941072 0.00058882 0.00864081
 0.01049836 0.06591903 0.00882752 0.05036655 0.04529481 0.06759162
 0.01118548 0.02365504 0.03192079 0.04467549]
[0.00224313 0.08985693 0.00349123 0.02250848 0.05645571 0.01123216
 0.04055857 0.00219859 0.01224368 0.00994267 0.00327824 0.01983903
 0.01212568 0.08350216 0.01428297 0.00687902 0.05739506 0.04013335
 0.04006898 0.00296999 0.00680128 0.01488541 0.00515965 0.0108917
 0.03068182 0.09204418 0.02151777 0.07102689 0.04945927 0.05546693
 0.03230435 0.01142403 0.01977269 0.04711924]
[0.00228654 0.03195804 0.01495211 0.04051851 0.02100153 0.04531062
 0.07354013 0.03827775 0.01522081 0.01298921 0.00152003 0.01484546
 0.02440517 0.08521511 0.0494871  0.01872591 0.03429855 0.01038552
 0.03813927 0.01183295 0.00696546 0.00618808 0.00643031 0.00763432
 0.05104425 0.04670543 0.03228688 0.05518804 0.03719317 0.0487393
 0.00382539 0.01573075 0.03107657 0.06602478]
[0.00615752 0.03857227 0.0219791  0.0519862  0.00878166 0.0484974
 0.01868721 0.04034048 0.01666237 0.00367493 0.05044422 0.00250586
 0.02178869 0.07826072 0.06709923 0.01986271 0.0373911  0.00898347
 0.01258923 0.00813204 0.01280952 0.00700455 0.00033212 0.00367264
 0.05904357 0.00383541 0.06208511 0.045498   0.05079184 0.06453051
 0.02533662 0.02333127 0.04200906 0.03728074]
[0.00201404 0.04252843 0.01105241 0.07779506 0.03906462 0.02185391
 0.03996158 0.00460782 0.05388153 0.00692081 0.02149298 0.00728987
 0.03063389 0.04115517 0.0054819  0.02214989 0.04358547 0.02253625
 0.04942978 0.01782684 0.00746862 0.01399336 0.00328471 0.0100198
 0.06455844 0.03067862 0.07677998 0.04791418 0.07608414 0.02122122
 0.01903584 0.01243939 0.00200598 0.05323898]
[0.00150927 0.04550718 0.00198785 0.08825012 0.04724843 0.01135708
 0.0290036  0.03609423 0.04736526 0.01093311 0.03910212 0.03475064
 0.00044624 0.0370666  0.01352039 0.01319987 0.03266565 0.02039326
 0.06047983 0.01308044 0.01097971 0.0043201  0.00389061 0.00447921
 0.02874341 0.01879774 0.08721299 0.06325224 0.02647803 0.03209601
 0.00117382 0.00665963 0.00430928 0.09040829]
[0.00185454 0.05616215 0.01687676 0.07002829 0.02581125 0.04719969
 0.01884642 0.01807991 0.04581408 0.00675276 0.05031613 0.05619811
 0.04566446 0.04720505 0.01260332 0.00877145 0.02906739 0.02156544
 0.03575244 0.01444626 0.00443204 0.00901631 0.00499927 0.00060672
 0.00277468 0.04010456 0.02028856 0.00073107 0.01291238 0.01170799
 0.00701493 0.01960816 0.02592034 0.02236366]
[0.00203685 0.03272888 0.01572253 0.06920502 0.04037599 0.04412635
 0.06457976 0.01666386 0.06026695 0.00395823 0.0689773  0.0720317
 0.00136617 0.00399951 0.01324055 0.01729959 0.00949402 0.03270497
 0.06892999 0.01633656 0.00926851 0.01093218 0.00719756 0.00792604
 0.03337792 0.01988166 0.0602895  0.01534062 0.0202189  0.00873566
 0.04547075 0.00487114 0.03478764 0.0654929 ]
[0.00203685 0.03272888 0.01572253 0.06920502 0.04037599 0.04412635
 0.06457976 0.01666386 0.06026695 0.00395823 0.0689773  0.0720317
 0.00136617 0.00399951 0.01324055 0.01729959 0.00949402 0.03270497
 0.06892999 0.01633656 0.00926851 0.01093218 0.00719756 0.00792604
 0.03337792 0.01988166 0.0602895  0.01534062 0.0202189  0.00873566
 0.04547075 0.00487114 0.03478764 0.0654929 ]
[0.00020554 0.01783142 0.01431072 0.00642976 0.00564584 0.00816614
 0.04852547 0.04017933 0.05206063 0.00279581 0.04938683 0.07978642
 0.02760651 0.04873388 0.04176708 0.02030615 0.0102606  0.00920677
 0.01764608 0.01175489 0.00254198 0.00558618 0.0009503  0.00725684
 0.04347255 0.04632139 0.06728749 0.00821358 0.0476606  0.03050208
 0.0209068  0.01849146 0.0126808  0.00310649]
[0.00020554 0.01783142 0.01431072 0.00642976 0.00564584 0.00816614
 0.04852547 0.04017933 0.05206063 0.00279581 0.04938683 0.07978642
 0.02760651 0.04873388 0.04176708 0.02030615 0.0102606  0.00920677
 0.01764608 0.01175489 0.00254198 0.00558618 0.0009503  0.00725684
 0.04347255 0.04632139 0.06728749 0.00821358 0.0476606  0.03050208
 0.0209068  0.01849146 0.0126808  0.00310649]
