[1.90297359e-03 2.57959812e-02 6.15471485e-03 7.39698962e-03
 5.01493981e-02 4.50937301e-02 1.78158594e-02 4.26701145e-02
 1.90037427e-02 5.18396017e-03 8.87962261e-03 4.30240507e-03
 4.08107379e-03 7.14883651e-02 6.77407289e-02 2.82830893e-03
 1.37844827e-02 3.26676187e-02 4.35592870e-02 2.30909514e-02
 5.74185763e-03 1.40408253e-02 1.22365046e-03 4.24171626e-05
 3.72612564e-03 2.17703939e-02 2.37252930e-02 2.90574140e-02
 1.88836847e-02 3.30812621e-02 2.15519642e-03 8.76792783e-03
 2.79009742e-02 3.10987596e-02]
[6.84512064e-03 3.41870197e-02 6.01300511e-03 2.15861969e-02
 2.65735449e-02 2.11534236e-02 4.11433665e-02 2.89271735e-02
 5.81058270e-02 9.74470299e-03 2.10363982e-02 3.65222851e-02
 4.28887889e-02 3.67852031e-02 4.30250394e-02 4.67589611e-03
 9.40275610e-03 3.76975556e-02 3.54699846e-02 5.53385862e-03
 4.34236661e-03 2.82737539e-03 2.10476600e-05 1.38186073e-03
 1.16239704e-02 1.22116010e-02 2.75492142e-02 4.36569418e-02
 1.31346533e-02 9.51370605e-03 3.11007162e-02 3.05773564e-02
 2.20114766e-02 4.89570219e-02]
[0.00291569 0.0185053  0.00026783 0.0431293  0.05548474 0.0638001
 0.05669121 0.02035183 0.00027746 0.00696662 0.06826082 0.02422528
 0.02467002 0.04953674 0.00958628 0.01765245 0.03769008 0.03374922
 0.01325477 0.01988879 0.00475804 0.00655819 0.00578648 0.0164613
 0.01867143 0.03854934 0.05964076 0.00352869 0.01665951 0.00814009
 0.01907424 0.02761746 0.03982829 0.05915476]
[0.00291569 0.0185053  0.00026783 0.0431293  0.05548474 0.0638001
 0.05669121 0.02035183 0.00027746 0.00696662 0.06826082 0.02422528
 0.02467002 0.04953674 0.00958628 0.01765245 0.03769008 0.03374922
 0.01325477 0.01988879 0.00475804 0.00655819 0.00578648 0.0164613
 0.01867143 0.03854934 0.05964076 0.00352869 0.01665951 0.00814009
 0.01907424 0.02761746 0.03982829 0.05915476]
[0.00085026 0.03945603 0.01791243 0.03417377 0.03335699 0.0531264
 0.05203403 0.03437758 0.03201424 0.00800628 0.01993579 0.01062187
 0.05599503 0.00441899 0.03874521 0.01449228 0.03022616 0.03952943
 0.01742473 0.01282103 0.00990744 0.00189133 0.00243696 0.00124612
 0.03116764 0.06391273 0.06382033 0.00883886 0.01046939 0.00574174
 0.00423991 0.02387339 0.02615145 0.03527128]
[0.00396065 0.02337276 0.01529741 0.05705442 0.0347118  0.01366107
 0.02960507 0.06235227 0.04222848 0.00139401 0.01914174 0.03134965
 0.06191644 0.02792715 0.00952434 0.01178449 0.03521568 0.01933374
 0.03145762 0.00202217 0.00969023 0.00153342 0.00573866 0.00496445
 0.03771587 0.03588565 0.0143375  0.03213217 0.05165569 0.03685159
 0.01127785 0.00230237 0.02135741 0.06296257]
[0.00396065 0.02337276 0.01529741 0.05705442 0.0347118  0.01366107
 0.02960507 0.06235227 0.04222848 0.00139401 0.01914174 0.03134965
 0.06191644 0.02792715 0.00952434 0.01178449 0.03521568 0.01933374
 0.03145762 0.00202217 0.00969023 0.00153342 0.00573866 0.00496445
 0.03771587 0.03588565 0.0143375  0.03213217 0.05165569 0.03685159
 0.01127785 0.00230237 0.02135741 0.06296257]
[0.00525036 0.03822377 0.01470274 0.07160535 0.01945317 0.04980095
 0.05712922 0.06524308 0.04905682 0.01139616 0.02431528 0.03364936
 0.03706085 0.03363763 0.00116755 0.02127441 0.03006025 0.02385381
 0.01055475 0.01302847 0.00362195 0.00856368 0.0048184  0.00936547
 0.0272417  0.04031754 0.01007419 0.01224519 0.0039617  0.00072379
 0.05103537 0.01819842 0.02495313 0.02188388]
[0.000744   0.05899369 0.00297211 0.08490198 0.00986344 0.02556015
 0.06983459 0.00899715 0.00953843 0.00727146 0.03809666 0.00920764
 0.06966913 0.02999605 0.04457979 0.01719347 0.02405911 0.00044802
 0.04089572 0.01339201 0.00875974 0.00756535 0.00179178 0.01421634
 0.0344775  0.03919701 0.05402514 0.02320315 0.01486459 0.04297632
 0.03200791 0.01131742 0.00094521 0.0120023 ]
[0.000744   0.05899369 0.00297211 0.08490198 0.00986344 0.02556015
 0.06983459 0.00899715 0.00953843 0.00727146 0.03809666 0.00920764
 0.06966913 0.02999605 0.04457979 0.01719347 0.02405911 0.00044802
 0.04089572 0.01339201 0.00875974 0.00756535 0.00179178 0.01421634
 0.0344775  0.03919701 0.05402514 0.02320315 0.01486459 0.04297632
 0.03200791 0.01131742 0.00094521 0.0120023 ]
[0.00557884 0.02915196 0.01075741 0.02129509 0.00676354 0.02242842
 0.0938503  0.0365804  0.04838678 0.00432227 0.02798565 0.03102384
 0.00590922 0.00964111 0.05104942 0.02068835 0.0499856  0.00543086
 0.03720939 0.00457256 0.00221138 0.00840394 0.00270351 0.00198397
 0.00788424 0.00597187 0.07930278 0.0648934  0.00282307 0.0602246
 0.00081096 0.03111501 0.04238948 0.02692978]
[0.00602003 0.04559071 0.01850744 0.01602964 0.01202596 0.04684758
 0.04351626 0.03525328 0.03153756 0.01487876 0.00279214 0.00967143
 0.02969397 0.03274239 0.05039343 0.0105716  0.00693823 0.0466602
 0.06587834 0.00362734 0.00601148 0.01559803 0.00467917 0.0103817
 0.01860392 0.00903777 0.03467816 0.05125736 0.01393845 0.06438182
 0.00344959 0.02780115 0.0216369  0.04111784]
[0.00383073 0.06023202 0.01801621 0.06648312 0.03754056 0.00116479
 0.02606607 0.02627426 0.04227344 0.01086376 0.04043486 0.02685974
 0.03586431 0.0179948  0.01952914 0.00374205 0.066225   0.02307744
 0.05681929 0.02542312 0.01027288 0.00411853 0.00506215 0.00952725
 0.02987062 0.0054313  0.05316981 0.0957885  0.05953975 0.00707937
 0.02475359 0.00192942 0.00837011 0.05972064]
[0.00642216 0.02980827 0.00134947 0.00731883 0.0013513  0.0293157
 0.03068469 0.0642801  0.00517431 0.00221493 0.0477295  0.0630189
 0.06074953 0.0565269  0.05813388 0.00166178 0.00133695 0.03766762
 0.00814571 0.01387574 0.00878191 0.01366717 0.00498673 0.01375215
 0.0636974  0.02679417 0.03990822 0.02843457 0.01717937 0.0301257
 0.02667645 0.01748014 0.02957111 0.0220031 ]
[0.00359681 0.04653247 0.00643495 0.04986643 0.04125366 0.0372763
 0.06694614 0.05200601 0.04948917 0.00498725 0.0199987  0.04031842
 0.0275962  0.07791498 0.01644274 0.00228204 0.01029071 0.01491854
 0.04674801 0.00194083 0.00259907 0.00183267 0.0059707  0.01370773
 0.02563037 0.05673369 0.00252956 0.0367491  0.00625357 0.02173947
 0.03721416 0.01783288 0.0110494  0.06188087]
[0.00435377 0.0584462  0.01749801 0.00578011 0.05564242 0.01526359
 0.02872264 0.00842135 0.05417524 0.01082572 0.04056371 0.01627004
 0.04672652 0.05693631 0.00553197 0.00662349 0.01680679 0.02875653
 0.01883482 0.00471316 0.00202527 0.00662416 0.00409969 0.01071823
 0.00214199 0.04931724 0.02597241 0.01194868 0.04866062 0.01270396
 0.04110558 0.00483099 0.00834445 0.02903542]
[0.00018388 0.04062162 0.00192271 0.01682295 0.05030357 0.01116542
 0.0472633  0.03306685 0.00132119 0.00735729 0.0249888  0.03087979
 0.05768023 0.06424697 0.00759926 0.00140631 0.02043171 0.03126708
 0.02246967 0.01465388 0.00375283 0.00807792 0.00401452 0.0020274
 0.03803417 0.06749249 0.04655015 0.04445053 0.0183308  0.0106455
 0.06884181 0.02199166 0.02711621 0.05896319]
[0.00606636 0.08015561 0.01835276 0.03868956 0.00450901 0.06446619
 0.0770194  0.04551779 0.02008084 0.00535025 0.06538368 0.03694463
 0.02533963 0.01485314 0.03444686 0.01767511 0.03945048 0.0450537
 0.04703282 0.01263421 0.01242769 0.00086435 0.00386394 0.00700033
 0.03916653 0.0246664  0.00562458 0.00613489 0.03698939 0.0213192
 0.00463322 0.03313667 0.0002388  0.03408528]
[0.00537742 0.0099214  0.01431454 0.06989769 0.06656223 0.05640939
 0.00758548 0.05111936 0.00460658 0.01596577 0.11559733 0.00647147
 0.01168789 0.04054905 0.04418668 0.00247534 0.02405854 0.02248479
 0.07844285 0.01744045 0.00391467 0.00967497 0.0010322  0.00441179
 0.02935976 0.01321291 0.01801189 0.07182366 0.02647256 0.00429841
 0.05062513 0.03339839 0.00646209 0.02711847]
[0.00701616 0.01794851 0.00481135 0.07340557 0.00651103 0.02169722
 0.04977607 0.03667935 0.0380726  0.00365813 0.06634    0.01813435
 0.0265409  0.016114   0.04449219 0.01119683 0.05382999 0.03887091
 0.03626687 0.00840276 0.00572556 0.00187211 0.00150473 0.00665726
 0.06854353 0.04887188 0.03113353 0.03109226 0.01957126 0.04527187
 0.05512553 0.0060862  0.03756152 0.04727644]
