[3.28924243e-03 1.41310283e-05 1.52623354e-02 1.73964519e-02
 2.13751337e-02 3.49854016e-02 1.88515508e-02 3.09545399e-02
 1.78102891e-02 1.25693088e-02 1.12700219e-02 3.93005530e-02
 7.21428683e-02 7.24708111e-02 5.08406525e-02 1.24971958e-02
 4.97666473e-02 2.26570506e-02 6.64614049e-02 9.50672382e-03
 1.24446508e-04 8.54995934e-04 5.95782714e-03 1.52577886e-03
 2.64922710e-02 6.87867036e-02 5.44368331e-02 2.59390079e-02
 6.65604763e-02 7.13189916e-03 5.10219476e-02 8.87600164e-03
 6.42101724e-03 3.70701658e-02]
[0.00088435 0.01847087 0.01468126 0.00642169 0.05583477 0.07036429
 0.0371745  0.00322249 0.06470381 0.01067155 0.01996474 0.07219465
 0.0636528  0.06907167 0.05721441 0.00585522 0.04144491 0.00609624
 0.00273693 0.01389264 0.00304949 0.01087461 0.00093423 0.00935882
 0.055908   0.07735276 0.02011398 0.01133612 0.04154414 0.0097555
 0.06339112 0.02175564 0.01789535 0.00455076]
[0.00075091 0.03084952 0.00045634 0.02869337 0.05537607 0.0737901
 0.02974729 0.07138147 0.0040932  0.01751436 0.08019284 0.02879881
 0.03792758 0.03507861 0.04272757 0.00831019 0.0008814  0.02285242
 0.04744405 0.02113366 0.01297733 0.00894277 0.00586919 0.01756792
 0.04529902 0.03261245 0.02697479 0.01631171 0.04642911 0.0155856
 0.03957558 0.00351388 0.02619368 0.05750685]
[0.00341094 0.0105243  0.01201128 0.00424097 0.0054835  0.00106851
 0.0677849  0.06324224 0.02554714 0.01790267 0.08811331 0.01443478
 0.02839681 0.07624682 0.05317694 0.02029773 0.00936424 0.04945673
 0.06972564 0.02081035 0.00847943 0.01823793 0.00191083 0.00596026
 0.07191982 0.01741013 0.02052616 0.02217435 0.04727519 0.03774614
 0.01578829 0.02178871 0.03073586 0.03511565]
[0.00456836 0.00209215 0.01916601 0.04962105 0.03606065 0.04562753
 0.07011144 0.07718303 0.04718805 0.00973599 0.06241829 0.02109028
 0.04360103 0.03535995 0.04803112 0.01392476 0.01447461 0.03772874
 0.01233722 0.00197664 0.00792253 0.00020385 0.00385161 0.00468686
 0.06410818 0.02998941 0.01243085 0.05809662 0.0608135  0.0117298
 0.04649489 0.01661943 0.02551057 0.00419629]
[0.00534498 0.01370967 0.00850039 0.08387689 0.03744873 0.0367628
 0.03874707 0.04988374 0.02181135 0.00482608 0.09142758 0.05420989
 0.04392482 0.03038322 0.06041369 0.00433507 0.05410992 0.01216583
 0.05572217 0.01448147 0.00877353 0.00996684 0.00641681 0.01182983
 0.00308837 0.06130758 0.03029951 0.0776971  0.01634883 0.00440331
 0.02092329 0.00052594 0.00251389 0.02377803]
[0.00426893 0.03510285 0.00173354 0.0676946  0.04355556 0.02196358
 0.02465367 0.01405477 0.01294147 0.0034031  0.0013598  0.05002215
 0.02293792 0.05636469 0.057164   0.00985183 0.03850976 0.0370822
 0.04143147 0.00967626 0.00988166 0.01414212 0.00135488 0.00809494
 0.01882459 0.00358114 0.06698353 0.04014439 0.0454688  0.05078809
 0.03675904 0.00962228 0.0067651  0.04680369]
[0.00426893 0.03510285 0.00173354 0.0676946  0.04355556 0.02196358
 0.02465367 0.01405477 0.01294147 0.0034031  0.0013598  0.05002215
 0.02293792 0.05636469 0.057164   0.00985183 0.03850976 0.0370822
 0.04143147 0.00967626 0.00988166 0.01414212 0.00135488 0.00809494
 0.01882459 0.00358114 0.06698353 0.04014439 0.0454688  0.05078809
 0.03675904 0.00962228 0.0067651  0.04680369]
[2.04619672e-03 2.93315918e-02 1.47848062e-02 4.84160155e-02
 4.43232464e-02 2.88693902e-02 8.03121498e-02 1.48972227e-02
 3.11972703e-02 1.05598768e-02 1.55044781e-02 3.61255902e-02
 1.00388153e-02 2.94253527e-02 7.51564105e-02 1.48830416e-02
 4.33724318e-02 1.09984113e-02 4.12194716e-02 1.42215045e-02
 4.00307685e-05 9.54051839e-03 3.53063959e-03 4.16188033e-03
 1.37573119e-02 5.37343602e-02 9.78438406e-02 8.04670269e-02
 3.60941532e-02 7.45914737e-03 2.96122778e-02 6.31249337e-03
 3.46394871e-02 9.28475636e-03]
[0.00480829 0.02872327 0.00237914 0.06328448 0.01844667 0.00786297
 0.09092693 0.02818491 0.03871873 0.01227043 0.05653961 0.01245511
 0.04646129 0.01056174 0.06853846 0.00634461 0.03085338 0.00345837
 0.01334727 0.00767131 0.00778678 0.00195794 0.0031532  0.00101197
 0.04353757 0.0604113  0.04274374 0.06457557 0.00665495 0.03694933
 0.04210387 0.02706097 0.04150166 0.05856894]
[0.00664833 0.02113862 0.01479191 0.06339477 0.00428353 0.06678836
 0.05605573 0.03279381 0.04947837 0.00133677 0.07897637 0.04180398
 0.04175527 0.04595228 0.02643961 0.01805118 0.00690844 0.04023612
 0.01601287 0.00589259 0.00410363 0.01724493 0.00084528 0.00738178
 0.04896147 0.07127054 0.02126142 0.01099026 0.06667562 0.00057687
 0.0588331  0.01382248 0.0249505  0.01360007]
[0.00305484 0.02072409 0.01522359 0.09340672 0.00712199 0.06956243
 0.00693511 0.04360704 0.06695451 0.01023365 0.01876225 0.03692496
 0.02633849 0.05964865 0.0790994  0.00183577 0.02955451 0.02660525
 0.01106566 0.02407367 0.01220645 0.01084023 0.00411734 0.0170807
 0.0257909  0.01495821 0.06420206 0.00106421 0.04394593 0.01804493
 0.01420869 0.02380536 0.04219362 0.0562763 ]
[0.00467127 0.04813722 0.01844217 0.09484152 0.02433017 0.01005109
 0.03375717 0.05588627 0.00118878 0.01119524 0.01450369 0.01924139
 0.01331383 0.04139774 0.02869992 0.00107316 0.0198567  0.00242625
 0.05797532 0.01201905 0.00866071 0.00857313 0.00653847 0.0032209
 0.02666868 0.0537569  0.00454425 0.00502418 0.0635294  0.00262599
 0.04032881 0.02816059 0.02083007 0.03437226]
[0.00064056 0.00479814 0.0036941  0.0110941  0.00285376 0.06173987
 0.03727086 0.08158351 0.04342947 0.00566699 0.05600013 0.05285896
 0.00926429 0.02120098 0.05793246 0.02418015 0.03248614 0.01793689
 0.06677879 0.01207376 0.00217748 0.00529878 0.00036496 0.01015078
 0.04367525 0.00602215 0.00143681 0.00257407 0.06511877 0.02547938
 0.04573612 0.00555276 0.04805469 0.07816914]
[0.00224317 0.04196021 0.00290269 0.03598693 0.03226729 0.07394386
 0.01134482 0.00415917 0.02221373 0.00997216 0.05611311 0.07362565
 0.00831349 0.04196653 0.00449057 0.00241656 0.02233761 0.0398524
 0.04179546 0.00125831 0.00709005 0.0028826  0.00363392 0.01178533
 0.06872523 0.04793623 0.0401211  0.0112504  0.05272074 0.03823471
 0.06347243 0.00178882 0.0303514  0.07599878]
[0.00353241 0.05944283 0.01067989 0.04765738 0.01124005 0.01644056
 0.04342884 0.0147519  0.04545416 0.01061866 0.04476158 0.04137802
 0.02821147 0.04467688 0.01009242 0.01859824 0.02741652 0.01584094
 0.01516002 0.00159847 0.00257275 0.00351295 0.00068453 0.00092263
 0.04487995 0.02050125 0.0213075  0.00408359 0.05807592 0.04352442
 0.05598853 0.00127771 0.02750618 0.00657341]
[0.00353241 0.05944283 0.01067989 0.04765738 0.01124005 0.01644056
 0.04342884 0.0147519  0.04545416 0.01061866 0.04476158 0.04137802
 0.02821147 0.04467688 0.01009242 0.01859824 0.02741652 0.01584094
 0.01516002 0.00159847 0.00257275 0.00351295 0.00068453 0.00092263
 0.04487995 0.02050125 0.0213075  0.00408359 0.05807592 0.04352442
 0.05598853 0.00127771 0.02750618 0.00657341]
[0.00353241 0.05944283 0.01067989 0.04765738 0.01124005 0.01644056
 0.04342884 0.0147519  0.04545416 0.01061866 0.04476158 0.04137802
 0.02821147 0.04467688 0.01009242 0.01859824 0.02741652 0.01584094
 0.01516002 0.00159847 0.00257275 0.00351295 0.00068453 0.00092263
 0.04487995 0.02050125 0.0213075  0.00408359 0.05807592 0.04352442
 0.05598853 0.00127771 0.02750618 0.00657341]
[0.00144623 0.00815505 0.00192675 0.06504988 0.05194701 0.00463235
 0.02778595 0.00730093 0.00235924 0.00262017 0.04987596 0.03266752
 0.04694858 0.04891554 0.01161983 0.00995189 0.04897709 0.00472846
 0.04100413 0.01851306 0.01007503 0.00235498 0.00479201 0.01387128
 0.06525386 0.0392366  0.02593094 0.0418036  0.00461858 0.03011764
 0.02564084 0.01958643 0.01109189 0.03640482]
[0.00240684 0.01075159 0.00494475 0.01463854 0.01050375 0.03751609
 0.02459629 0.01817186 0.01009895 0.00110609 0.04899994 0.00618724
 0.04027675 0.07490462 0.02049897 0.01119693 0.0509002  0.01875879
 0.03066097 0.00361905 0.00558401 0.00134613 0.00225533 0.00117925
 0.00332308 0.06839007 0.05677908 0.05096214 0.05059171 0.04891891
 0.05746591 0.02754543 0.01801363 0.05558503]
