[0.00083661 0.0143228  0.02185346 0.05985297 0.01428008 0.04334674
 0.03561996 0.065329   0.0398858  0.01182114 0.07421185 0.03111217
 0.00231934 0.09097031 0.01160407 0.00127791 0.03942625 0.01893852
 0.01204991 0.00338241 0.00203194 0.00605335 0.00465049 0.0096051
 0.00736167 0.02322624 0.00467604 0.00474309 0.03717179 0.01621135
 0.07941908 0.03113162 0.00812724 0.00708427]
[0.00417446 0.05358003 0.00942328 0.02651303 0.02492245 0.04682285
 0.00287239 0.09404585 0.0348841  0.00385138 0.03614377 0.04882876
 0.024136   0.01027455 0.02182709 0.02244709 0.02957188 0.01555677
 0.02330545 0.01146295 0.00120619 0.00737944 0.000375   0.00334814
 0.03826303 0.05851848 0.04913544 0.00235822 0.00357975 0.01120646
 0.09979346 0.01893022 0.04585444 0.0154042 ]
[0.00485899 0.01115542 0.00603238 0.02192972 0.04102161 0.07364947
 0.00461785 0.07396609 0.00732899 0.00626153 0.00923962 0.00169815
 0.05999017 0.00806773 0.01903709 0.00406426 0.03232523 0.02597436
 0.04845641 0.00444507 0.0077316  0.00083596 0.0045313  0.00532633
 0.04751921 0.03802589 0.06025467 0.03263688 0.04594612 0.05272976
 0.06551125 0.01600287 0.03144441 0.051006  ]
[0.00155743 0.03349174 0.01954246 0.0243122  0.06607168 0.02280282
 0.05194904 0.08162766 0.05163754 0.00712259 0.00883661 0.00039842
 0.06977061 0.016175   0.06201092 0.01133889 0.02379397 0.00840929
 0.02114278 0.00716614 0.0076574  0.01050692 0.00105887 0.0104939
 0.0554003  0.03789681 0.02970698 0.00625827 0.04345779 0.04454235
 0.0373176  0.01359204 0.05482285 0.01981244]
[0.00031243 0.01616562 0.02538805 0.07373923 0.06391505 0.06732389
 0.04842376 0.00770796 0.04278061 0.01754292 0.00333276 0.05078865
 0.06319645 0.01305961 0.0059308  0.01003666 0.06429195 0.03360922
 0.05900762 0.01822768 0.01227327 0.00022689 0.00266765 0.00252039
 0.04995883 0.01762709 0.06308441 0.0100066  0.07910813 0.01346281
 0.00529954 0.01438357 0.00057796 0.00722977]
[8.34647770e-05 5.83952209e-02 1.88018012e-02 8.81109006e-03
 3.20978484e-02 5.38379005e-02 3.38180600e-02 4.19592531e-02
 1.35448817e-02 1.43972022e-02 1.50057842e-02 1.54091000e-02
 2.92510420e-02 6.50426998e-02 3.41756704e-03 2.03796982e-02
 2.46861230e-02 2.90661975e-02 3.52047363e-02 2.14411216e-02
 6.92649671e-03 2.39001349e-04 4.27111101e-03 5.16665325e-03
 2.69993595e-02 1.25707709e-02 6.71215900e-02 5.14423602e-02
 8.84865808e-03 3.09233276e-02 1.75289307e-02 3.02220740e-02
 4.71603800e-02 1.79328321e-02]
[0.00111605 0.02795226 0.01611129 0.00617409 0.01016295 0.06405427
 0.04608733 0.0495666  0.03578879 0.01023464 0.00480905 0.03935609
 0.03698063 0.03276799 0.04164827 0.01236187 0.01975666 0.03225095
 0.03712547 0.01462751 0.00640334 0.00202597 0.00545886 0.00519874
 0.01929886 0.02689925 0.03476328 0.04073389 0.01257597 0.05671874
 0.04245424 0.00881185 0.02554812 0.03009201]
[0.00446643 0.03671401 0.01512452 0.05735746 0.02882174 0.02225033
 0.04988027 0.06652658 0.04787043 0.01303931 0.01681447 0.02935244
 0.0382801  0.0698635  0.02439741 0.00744458 0.01730521 0.02650604
 0.02915481 0.01710819 0.00485074 0.01309541 0.00451673 0.00993123
 0.02562315 0.02331103 0.02460938 0.02204445 0.01645897 0.04254641
 0.05360954 0.02448897 0.02452273 0.04738359]
[0.00454624 0.05953839 0.00926422 0.0836733  0.01402843 0.06585148
 0.07715619 0.02703    0.03446013 0.00256542 0.0243732  0.01173164
 0.00560765 0.04416199 0.06849589 0.00099529 0.00220413 0.02521919
 0.03461252 0.0003523  0.01253286 0.00764689 0.00176027 0.00816382
 0.02736505 0.06468902 0.00058825 0.00225572 0.0251209  0.01693031
 0.03665543 0.00284426 0.02800279 0.01061009]
[0.00558477 0.04946012 0.0031828  0.08118071 0.05099637 0.06689384
 0.06995872 0.06019557 0.04004997 0.01686035 0.03897028 0.01992009
 0.05891538 0.00520059 0.03365049 0.02585593 0.01247582 0.00782923
 0.00988281 0.00911546 0.00801031 0.00720963 0.00517429 0.00448641
 0.01900977 0.09224533 0.01570556 0.00715354 0.02427908 0.01949731
 0.02966674 0.02347859 0.00711533 0.01813876]
[0.00375011 0.05762873 0.01415289 0.07894494 0.0256996  0.02660923
 0.08674227 0.0616229  0.01633076 0.0066605  0.06850513 0.03879936
 0.06428178 0.03322171 0.03330595 0.00402841 0.0537693  0.0115958
 0.01309036 0.00215543 0.00786397 0.01103044 0.00302096 0.00784409
 0.00012911 0.01609666 0.01559919 0.00332198 0.04313442 0.05974842
 0.03265525 0.00886272 0.03533319 0.00250563]
[0.00494021 0.05540985 0.02252764 0.09077216 0.00174907 0.00693843
 0.08751382 0.00651545 0.06192997 0.00241457 0.05296934 0.00270327
 0.05352733 0.04233345 0.03880613 0.01865374 0.02289666 0.02513131
 0.05084789 0.01501927 0.00417844 0.01417493 0.00722264 0.00561257
 0.01756017 0.00647613 0.03075281 0.0231594  0.04923176 0.05000946
 0.04300257 0.01275336 0.0111183  0.014922  ]
[0.0009484  0.02735659 0.01453553 0.06490118 0.02832611 0.01512443
 0.07630474 0.01173391 0.03368589 0.01499471 0.066837   0.02970566
 0.05133033 0.05003252 0.02007263 0.01611182 0.00862106 0.04650711
 0.03817074 0.01747379 0.00822645 0.00545422 0.00490297 0.00190094
 0.05998479 0.03775811 0.0521395  0.02223383 0.0728613  0.01957224
 0.03310152 0.00915016 0.01379    0.00150576]
[0.00684367 0.03466465 0.01615605 0.06992015 0.05370495 0.05149609
 0.00536586 0.02843262 0.02853854 0.00686187 0.06629112 0.00393566
 0.02316889 0.02076245 0.04262308 0.01692104 0.0233256  0.01467839
 0.02710149 0.01782444 0.00330943 0.01050123 0.00707628 0.00565782
 0.07902664 0.03051636 0.00751854 0.02824163 0.08884385 0.05652008
 0.04780174 0.01329216 0.01422304 0.03044155]
[0.00520411 0.00825033 0.02113269 0.03482578 0.00119716 0.0256814
 0.03455003 0.00433499 0.06607489 0.00806131 0.03063153 0.00565344
 0.00308027 0.0179688  0.05361499 0.01242652 0.03681027 0.00652054
 0.01154926 0.01845097 0.01116535 0.003692   0.00564502 0.00146866
 0.07359668 0.05922671 0.05534859 0.05898135 0.08258232 0.08452674
 0.04763802 0.01806503 0.02116585 0.05771051]
[0.00315022 0.01876589 0.02213632 0.01442879 0.0585283  0.02646669
 0.02710995 0.05013224 0.03850404 0.01560855 0.08589064 0.00119837
 0.01098686 0.05429653 0.00932872 0.00967721 0.03117125 0.00820632
 0.00583529 0.00821614 0.00243657 0.01328764 0.00183378 0.00236467
 0.05463942 0.00659769 0.1060217  0.08560535 0.10818215 0.02361574
 0.04978115 0.03104893 0.01273727 0.00182611]
[0.00363555 0.01730405 0.01821937 0.01869236 0.04344204 0.00410532
 0.0314657  0.01209166 0.03948626 0.00909047 0.07410296 0.02856462
 0.02077054 0.07805047 0.03794945 0.02350196 0.04460367 0.01383885
 0.04099626 0.01317038 0.00658935 0.0001328  0.00597672 0.01026524
 0.04476429 0.0294485  0.03018755 0.06614494 0.09311399 0.05149885
 0.02229272 0.01762335 0.00061016 0.04820665]
[3.17586334e-03 1.96858213e-02 4.47993775e-03 5.19097175e-02
 5.67381816e-02 1.07769710e-03 4.70296126e-02 5.50302358e-03
 2.33157588e-02 5.84608504e-03 7.50867656e-02 1.55255343e-02
 2.52627340e-02 1.11127431e-02 3.57473262e-02 2.53630961e-02
 5.11822986e-02 4.85620330e-03 5.14871044e-02 7.51431485e-03
 8.88536825e-03 1.46530094e-02 9.97044525e-04 6.39221456e-03
 4.82137865e-03 5.61116180e-06 5.31864164e-02 7.53118326e-02
 1.02382928e-01 2.22180666e-02 1.83183200e-03 3.02321179e-02
 4.30293576e-02 3.98277845e-02]
[3.36299329e-03 1.55324862e-03 5.84793743e-03 4.28355011e-02
 2.10255564e-02 4.12661102e-02 6.05421028e-02 4.67357509e-02
 1.17670323e-03 1.35791779e-02 6.70652761e-02 6.13515320e-02
 6.40606545e-02 5.16404219e-02 5.01705185e-02 1.85036076e-03
 2.02544905e-02 5.04012645e-03 2.77511470e-02 1.81708105e-02
 6.98976541e-03 1.61450786e-02 6.61932199e-03 1.05448491e-02
 3.76688045e-02 1.39692551e-02 6.79640472e-02 6.06252669e-02
 6.65686051e-03 1.69170454e-02 7.46572619e-03 2.45900712e-02
 3.83112123e-02 4.03085944e-05]
[0.00220939 0.02355099 0.00914585 0.04540173 0.00243944 0.05335431
 0.03092388 0.05293668 0.01127821 0.01077613 0.03918709 0.03951411
 0.0678364  0.05774088 0.04236899 0.00232621 0.02908139 0.01598776
 0.00030112 0.00253537 0.00962622 0.00667579 0.00100825 0.00667599
 0.05184048 0.00365847 0.04816982 0.06780591 0.04803025 0.04695908
 0.04155023 0.00726052 0.01501261 0.03088895]
