[0.0015237  0.01336267 0.00617646 0.05153683 0.02570911 0.04409299
 0.04820536 0.03570913 0.04677885 0.00194409 0.04698578 0.06901242
 0.02646993 0.03961946 0.05217576 0.00377463 0.02121863 0.02256121
 0.02297337 0.01010251 0.00547613 0.00901589 0.00511019 0.00303552
 0.04815388 0.02829477 0.01023815 0.05490793 0.04306115 0.00187592
 0.01127303 0.00423034 0.00255772 0.0236985 ]
[0.00304783 0.0032104  0.01486882 0.05398208 0.00323771 0.0165188
 0.02447738 0.03564354 0.0492931  0.00432248 0.00187629 0.00478963
 0.05068751 0.02973687 0.04039301 0.00740243 0.00413099 0.02643729
 0.01107053 0.00102162 0.00677458 0.01191736 0.00335415 0.01211911
 0.06160471 0.04458722 0.01464796 0.02852634 0.05186531 0.01123876
 0.01954333 0.02123095 0.00071836 0.02071842]
[0.00304783 0.0032104  0.01486882 0.05398208 0.00323771 0.0165188
 0.02447738 0.03564354 0.0492931  0.00432248 0.00187629 0.00478963
 0.05068751 0.02973687 0.04039301 0.00740243 0.00413099 0.02643729
 0.01107053 0.00102162 0.00677458 0.01191736 0.00335415 0.01211911
 0.06160471 0.04458722 0.01464796 0.02852634 0.05186531 0.01123876
 0.01954333 0.02123095 0.00071836 0.02071842]
[0.00304783 0.0032104  0.01486882 0.05398208 0.00323771 0.0165188
 0.02447738 0.03564354 0.0492931  0.00432248 0.00187629 0.00478963
 0.05068751 0.02973687 0.04039301 0.00740243 0.00413099 0.02643729
 0.01107053 0.00102162 0.00677458 0.01191736 0.00335415 0.01211911
 0.06160471 0.04458722 0.01464796 0.02852634 0.05186531 0.01123876
 0.01954333 0.02123095 0.00071836 0.02071842]
[0.00304783 0.0032104  0.01486882 0.05398208 0.00323771 0.0165188
 0.02447738 0.03564354 0.0492931  0.00432248 0.00187629 0.00478963
 0.05068751 0.02973687 0.04039301 0.00740243 0.00413099 0.02643729
 0.01107053 0.00102162 0.00677458 0.01191736 0.00335415 0.01211911
 0.06160471 0.04458722 0.01464796 0.02852634 0.05186531 0.01123876
 0.01954333 0.02123095 0.00071836 0.02071842]
[0.00304783 0.0032104  0.01486882 0.05398208 0.00323771 0.0165188
 0.02447738 0.03564354 0.0492931  0.00432248 0.00187629 0.00478963
 0.05068751 0.02973687 0.04039301 0.00740243 0.00413099 0.02643729
 0.01107053 0.00102162 0.00677458 0.01191736 0.00335415 0.01211911
 0.06160471 0.04458722 0.01464796 0.02852634 0.05186531 0.01123876
 0.01954333 0.02123095 0.00071836 0.02071842]
[0.00304783 0.0032104  0.01486882 0.05398208 0.00323771 0.0165188
 0.02447738 0.03564354 0.0492931  0.00432248 0.00187629 0.00478963
 0.05068751 0.02973687 0.04039301 0.00740243 0.00413099 0.02643729
 0.01107053 0.00102162 0.00677458 0.01191736 0.00335415 0.01211911
 0.06160471 0.04458722 0.01464796 0.02852634 0.05186531 0.01123876
 0.01954333 0.02123095 0.00071836 0.02071842]
[0.00304783 0.0032104  0.01486882 0.05398208 0.00323771 0.0165188
 0.02447738 0.03564354 0.0492931  0.00432248 0.00187629 0.00478963
 0.05068751 0.02973687 0.04039301 0.00740243 0.00413099 0.02643729
 0.01107053 0.00102162 0.00677458 0.01191736 0.00335415 0.01211911
 0.06160471 0.04458722 0.01464796 0.02852634 0.05186531 0.01123876
 0.01954333 0.02123095 0.00071836 0.02071842]
[0.00304783 0.0032104  0.01486882 0.05398208 0.00323771 0.0165188
 0.02447738 0.03564354 0.0492931  0.00432248 0.00187629 0.00478963
 0.05068751 0.02973687 0.04039301 0.00740243 0.00413099 0.02643729
 0.01107053 0.00102162 0.00677458 0.01191736 0.00335415 0.01211911
 0.06160471 0.04458722 0.01464796 0.02852634 0.05186531 0.01123876
 0.01954333 0.02123095 0.00071836 0.02071842]
[0.00301358 0.00529027 0.00195064 0.06169063 0.0366355  0.0038272
 0.04181183 0.01637059 0.00716388 0.00964536 0.01353643 0.02408425
 0.01999411 0.05307877 0.05288852 0.00435553 0.00657182 0.02570735
 0.02757581 0.01410834 0.00835006 0.00597404 0.00218599 0.00729126
 0.03684026 0.03638827 0.04676141 0.05473288 0.05743669 0.02849733
 0.02226171 0.0165386  0.02436181 0.0208764 ]
[0.00090453 0.04796875 0.01604386 0.07207953 0.00902093 0.01206867
 0.02223118 0.05411602 0.04060127 0.01095747 0.05053615 0.00420168
 0.00447195 0.03437868 0.06430996 0.01462896 0.02721347 0.03122348
 0.01423065 0.0189324  0.00375261 0.00633569 0.00108021 0.00517371
 0.06277768 0.00087097 0.03445949 0.00381707 0.00145774 0.06138347
 0.0028951  0.02206197 0.0151649  0.02560943]
[0.00090453 0.04796875 0.01604386 0.07207953 0.00902093 0.01206867
 0.02223118 0.05411602 0.04060127 0.01095747 0.05053615 0.00420168
 0.00447195 0.03437868 0.06430996 0.01462896 0.02721347 0.03122348
 0.01423065 0.0189324  0.00375261 0.00633569 0.00108021 0.00517371
 0.06277768 0.00087097 0.03445949 0.00381707 0.00145774 0.06138347
 0.0028951  0.02206197 0.0151649  0.02560943]
[0.00216866 0.02797993 0.01811983 0.09143891 0.03068997 0.00882039
 0.06838618 0.07196139 0.02996743 0.00197865 0.03468877 0.00826991
 0.01536409 0.01173871 0.02653568 0.00499629 0.02505764 0.01074251
 0.06092954 0.01656429 0.0076302  0.01373523 0.00308767 0.00588779
 0.04327545 0.03046986 0.00132002 0.05653557 0.00729501 0.07548473
 0.01644373 0.01326097 0.01962466 0.03837119]
[0.00150589 0.0295003  0.00555    0.06794064 0.01229096 0.01712749
 0.01519589 0.01451829 0.04827334 0.01202404 0.06201641 0.05283224
 0.01261509 0.05208627 0.05839692 0.01106507 0.0488534  0.04002932
 0.03764441 0.01182244 0.00573593 0.00907038 0.00034333 0.01271682
 0.05210821 0.00250768 0.01692725 0.01985162 0.03297595 0.00055569
 0.02128156 0.01669276 0.00122905 0.05608394]
[3.77051961e-03 6.99054074e-03 4.56799307e-03 4.01147619e-02
 5.08856482e-03 5.76907228e-02 2.07135658e-02 6.54739084e-02
 2.55779200e-02 5.05547440e-03 2.74279687e-02 1.94370785e-02
 3.78658040e-02 4.55508840e-02 4.79243803e-02 2.40903484e-02
 3.68318043e-02 3.93576806e-02 5.95416786e-02 1.63604760e-02
 7.60014128e-03 1.32507296e-02 2.84409036e-03 1.06238781e-02
 2.68220484e-03 2.48112559e-02 6.39263025e-03 3.60982121e-02
 3.81115826e-02 3.37668640e-02 7.08099047e-02 4.04774584e-05
 5.88949171e-03 6.83664028e-02]
[0.00095378 0.04517573 0.00485399 0.04397381 0.01608768 0.07023357
 0.02423144 0.05773464 0.05431608 0.01012259 0.03020831 0.02174374
 0.05567048 0.05660193 0.04242075 0.00648742 0.02718819 0.00617465
 0.03524448 0.01498717 0.00610262 0.00044669 0.00258447 0.0096433
 0.03249628 0.02457522 0.00457134 0.04123271 0.02871104 0.00031938
 0.01824419 0.01026245 0.02184164 0.00225094]
[0.00017269 0.01780866 0.00771067 0.06440373 0.06013824 0.00813792
 0.02837004 0.04352077 0.02710034 0.00271424 0.04286536 0.03933717
 0.00513115 0.08198578 0.03631989 0.0039679  0.04041878 0.0388826
 0.0644941  0.02032112 0.00341693 0.00877036 0.00274596 0.00643105
 0.03484268 0.00716547 0.04322755 0.04049272 0.02288815 0.04815288
 0.00961884 0.00262452 0.02442983 0.02426773]
[0.00175506 0.00984687 0.01454931 0.01658829 0.01585007 0.02380055
 0.02179288 0.00943273 0.02945245 0.00805211 0.04699419 0.03709456
 0.0324356  0.04275948 0.02950806 0.02180951 0.03255263 0.01829995
 0.01279876 0.00963569 0.01006794 0.00116577 0.00064568 0.01150396
 0.03993974 0.03697193 0.04684545 0.0065304  0.03508026 0.03546557
 0.02151028 0.01701818 0.03225422 0.008905  ]
[0.00669363 0.03981199 0.00501124 0.03059337 0.01242951 0.02588743
 0.03565726 0.03931279 0.0229566  0.00594881 0.00221951 0.03133566
 0.02928164 0.03661543 0.04886364 0.00666014 0.02652582 0.00046343
 0.05123352 0.01469575 0.00278581 0.01109575 0.00458891 0.00737111
 0.06359249 0.01770911 0.05587422 0.00576584 0.03584743 0.04201299
 0.02192306 0.02281166 0.03276242 0.04952793]
[0.00087879 0.02582819 0.01573682 0.05406852 0.04848279 0.04976011
 0.00784056 0.00094409 0.04898227 0.00585742 0.01727612 0.02616336
 0.0163904  0.03797802 0.04247231 0.00665867 0.02870018 0.01243791
 0.06676344 0.00607455 0.00296941 0.00179471 0.00384593 0.00529048
 0.00081137 0.03122815 0.06011223 0.03906663 0.05256264 0.05648802
 0.0338097  0.01223923 0.02372547 0.03162408]
