[0.00198787 0.06987887 0.01179568 0.00308034 0.04434721 0.03339724
 0.02432579 0.01540419 0.04960027 0.01231923 0.05383224 0.06754717
 0.04208288 0.00955061 0.01163741 0.01731417 0.0319204  0.02884593
 0.07180581 0.00061777 0.00708329 0.00737449 0.00408551 0.01443701
 0.09472897 0.00576254 0.01877286 0.0027124  0.06175334 0.01916446
 0.02746877 0.01264561 0.04085361 0.00370011]
[0.00198787 0.06987887 0.01179568 0.00308034 0.04434721 0.03339724
 0.02432579 0.01540419 0.04960027 0.01231923 0.05383224 0.06754717
 0.04208288 0.00955061 0.01163741 0.01731417 0.0319204  0.02884593
 0.07180581 0.00061777 0.00708329 0.00737449 0.00408551 0.01443701
 0.09472897 0.00576254 0.01877286 0.0027124  0.06175334 0.01916446
 0.02746877 0.01264561 0.04085361 0.00370011]
[0.00335129 0.00274086 0.00076382 0.05304653 0.01660832 0.05623402
 0.01170841 0.05762733 0.016361   0.01178668 0.04133811 0.01392768
 0.01421442 0.00206359 0.02502528 0.00968586 0.0409952  0.0168228
 0.05673377 0.01653017 0.00982077 0.00623998 0.00479561 0.01240905
 0.03263705 0.0208676  0.05864106 0.04786923 0.08457297 0.02080555
 0.05337509 0.02264121 0.03351787 0.03392763]
[3.21985791e-03 4.46947107e-02 1.06552989e-02 5.97584273e-04
 3.90246071e-02 5.32844804e-02 4.81515259e-02 7.78484347e-02
 9.05134639e-03 4.65973658e-03 3.64721156e-02 2.56526783e-02
 3.62375989e-02 4.59524146e-02 3.20181052e-02 2.41330506e-02
 7.09290955e-03 3.44058246e-02 1.79998765e-03 1.66995814e-03
 9.12458598e-03 1.29955742e-02 1.90637278e-03 1.17748452e-05
 2.41891397e-02 2.43862100e-02 5.70579931e-02 3.19152043e-02
 7.50713838e-02 4.46144998e-02 5.71565755e-02 1.95393296e-03
 2.23325046e-02 5.26885260e-02]
[3.83512366e-04 5.41951590e-02 8.01500105e-03 2.70168703e-03
 1.53765042e-02 8.94167177e-03 3.06667405e-02 5.65287610e-02
 2.57162658e-02 4.75445698e-03 1.99330269e-02 4.78136075e-02
 5.22161462e-02 2.19450042e-02 3.94028358e-02 1.31834655e-02
 4.48366105e-03 3.37472017e-02 3.32502917e-02 8.64684159e-03
 6.42107938e-03 8.25532505e-05 2.23175163e-04 7.80286221e-03
 5.34685595e-02 3.55474536e-02 3.13949766e-02 1.81386426e-02
 2.30172415e-02 5.16156692e-02 4.49970789e-02 1.30990906e-02
 8.43935350e-03 3.09011427e-02]
[3.83512366e-04 5.41951590e-02 8.01500105e-03 2.70168703e-03
 1.53765042e-02 8.94167177e-03 3.06667405e-02 5.65287610e-02
 2.57162658e-02 4.75445698e-03 1.99330269e-02 4.78136075e-02
 5.22161462e-02 2.19450042e-02 3.94028358e-02 1.31834655e-02
 4.48366105e-03 3.37472017e-02 3.32502917e-02 8.64684159e-03
 6.42107938e-03 8.25532505e-05 2.23175163e-04 7.80286221e-03
 5.34685595e-02 3.55474536e-02 3.13949766e-02 1.81386426e-02
 2.30172415e-02 5.16156692e-02 4.49970789e-02 1.30990906e-02
 8.43935350e-03 3.09011427e-02]
[3.83512366e-04 5.41951590e-02 8.01500105e-03 2.70168703e-03
 1.53765042e-02 8.94167177e-03 3.06667405e-02 5.65287610e-02
 2.57162658e-02 4.75445698e-03 1.99330269e-02 4.78136075e-02
 5.22161462e-02 2.19450042e-02 3.94028358e-02 1.31834655e-02
 4.48366105e-03 3.37472017e-02 3.32502917e-02 8.64684159e-03
 6.42107938e-03 8.25532505e-05 2.23175163e-04 7.80286221e-03
 5.34685595e-02 3.55474536e-02 3.13949766e-02 1.81386426e-02
 2.30172415e-02 5.16156692e-02 4.49970789e-02 1.30990906e-02
 8.43935350e-03 3.09011427e-02]
[3.83512366e-04 5.41951590e-02 8.01500105e-03 2.70168703e-03
 1.53765042e-02 8.94167177e-03 3.06667405e-02 5.65287610e-02
 2.57162658e-02 4.75445698e-03 1.99330269e-02 4.78136075e-02
 5.22161462e-02 2.19450042e-02 3.94028358e-02 1.31834655e-02
 4.48366105e-03 3.37472017e-02 3.32502917e-02 8.64684159e-03
 6.42107938e-03 8.25532505e-05 2.23175163e-04 7.80286221e-03
 5.34685595e-02 3.55474536e-02 3.13949766e-02 1.81386426e-02
 2.30172415e-02 5.16156692e-02 4.49970789e-02 1.30990906e-02
 8.43935350e-03 3.09011427e-02]
[2.87192593e-03 5.64519311e-02 1.07228733e-02 2.07099024e-02
 7.56676477e-05 2.16939491e-02 4.13312733e-02 5.85741735e-02
 6.11069962e-02 5.39150891e-03 4.61431299e-02 3.60361818e-02
 7.40963065e-02 5.66729558e-02 5.92510393e-02 2.42250405e-02
 5.18698378e-02 2.96112671e-03 1.74677002e-02 1.97927672e-03
 1.12571552e-03 1.32187560e-02 2.00980278e-03 4.18473909e-03
 4.78188270e-02 4.68448600e-02 5.76621541e-03 5.62515387e-02
 5.15786407e-02 5.11255906e-02 9.37723544e-03 8.93496788e-03
 3.47329169e-02 1.54226474e-02]
[0.00111242 0.06015278 0.01868154 0.02893539 0.01172812 0.0561467
 0.03509244 0.07732572 0.03175957 0.01078263 0.03136217 0.06065763
 0.05324163 0.06661618 0.00517103 0.01623768 0.01096442 0.04004931
 0.05860075 0.00291335 0.01135687 0.00548058 0.00615126 0.01232385
 0.07088694 0.00072943 0.02214811 0.01252735 0.07626206 0.0110611
 0.04112878 0.01416819 0.03745026 0.00038156]
[0.00232232 0.03730754 0.01906711 0.05628863 0.00192174 0.04175184
 0.04166147 0.04747603 0.01682996 0.00681696 0.05747586 0.01977592
 0.04296208 0.07825863 0.00919228 0.01355049 0.04467121 0.0070066
 0.00521434 0.01903906 0.00019353 0.00636733 0.00639285 0.01196285
 0.00366714 0.01226022 0.03500524 0.04291351 0.00754262 0.00504608
 0.04673517 0.01482975 0.0071797  0.03301693]
[0.00147004 0.02887971 0.01899994 0.01383387 0.04567029 0.04130557
 0.01736578 0.0608711  0.02215202 0.00030823 0.02070141 0.03337602
 0.05302335 0.04817665 0.00079266 0.00576475 0.03052508 0.03861822
 0.04048182 0.01462666 0.00223989 0.00645329 0.00271136 0.00816712
 0.00665816 0.01105324 0.05015329 0.02975869 0.02596388 0.04524561
 0.0700702  0.01605173 0.00524346 0.02399735]
[0.0022658  0.00726286 0.0184396  0.01900007 0.00757937 0.00756228
 0.04710199 0.03805689 0.00122415 0.0097902  0.04557758 0.04177809
 0.05087254 0.02019759 0.03344031 0.02026095 0.01129008 0.0392868
 0.05791294 0.00835114 0.00235814 0.01151043 0.00569573 0.008116
 0.0344553  0.02579682 0.0657197  0.006682   0.04648631 0.05876199
 0.06872153 0.00194929 0.00025406 0.03252488]
[0.00617308 0.03905508 0.00678023 0.05294164 0.00205809 0.04470664
 0.01535954 0.02418333 0.00811072 0.00985796 0.02026775 0.03391077
 0.0345308  0.03883909 0.06660376 0.0158503  0.02476013 0.04709876
 0.04290761 0.00019082 0.00364991 0.00638144 0.00277335 0.00173801
 0.04945252 0.06287176 0.03245912 0.02216289 0.06452738 0.01218924
 0.06494222 0.0192762  0.03942307 0.05538654]
[0.00460721 0.06129565 0.00864806 0.03547687 0.03607696 0.05704027
 0.00411482 0.06029975 0.01743049 0.00918841 0.03691729 0.00909053
 0.05137547 0.04160394 0.00260643 0.01393838 0.04591959 0.01431932
 0.05536869 0.00962013 0.00551481 0.00518647 0.00018397 0.01270054
 0.01312368 0.06817034 0.04660636 0.03899493 0.06674641 0.02349969
 0.00628608 0.01047181 0.02642825 0.03777653]
[0.0051469  0.04718522 0.01908018 0.04586386 0.02693224 0.02694139
 0.00744015 0.0836964  0.02433889 0.01069666 0.00939637 0.03721956
 0.00378414 0.07275283 0.00616505 0.00970017 0.03255681 0.02368259
 0.05450754 0.01923304 0.00350675 0.00341069 0.00413333 0.00137628
 0.04978035 0.0822427  0.02414974 0.01857952 0.05973588 0.06696256
 0.03276934 0.01228572 0.0103596  0.06244932]
[6.53955236e-03 5.59996273e-02 5.27831478e-03 7.01893254e-02
 4.34659969e-02 1.40562777e-02 3.85821563e-02 1.48612193e-02
 5.61856738e-02 5.97698564e-03 3.31144762e-02 4.76953446e-04
 1.23252284e-02 8.56470204e-02 9.48771518e-04 5.97070922e-03
 5.42307698e-02 2.55489995e-02 5.07247771e-02 4.72418025e-05
 8.50895936e-03 1.00331643e-02 4.55486511e-03 1.33453300e-02
 7.64050515e-02 6.53387999e-02 3.57792975e-02 2.61267905e-02
 5.57444150e-02 6.57322447e-02 4.54119967e-02 8.97747703e-03
 3.02409041e-03 4.47844355e-04]
[0.00429591 0.0416819  0.00550319 0.06689811 0.03893237 0.02888794
 0.02995823 0.04442246 0.00372664 0.0077898  0.04163093 0.01211051
 0.054378   0.04475673 0.00240023 0.01950698 0.02509932 0.02577126
 0.05112823 0.01056451 0.007509   0.00717624 0.00544687 0.01084395
 0.05623403 0.01551387 0.0559498  0.01334434 0.0714184  0.02532143
 0.07136898 0.00779388 0.00629264 0.03398983]
[2.01497000e-05 2.71070307e-02 4.50640481e-03 7.74002197e-02
 4.52148230e-02 3.92906392e-02 5.20120744e-02 7.87853257e-05
 2.06732234e-03 5.33096418e-03 4.70671813e-02 4.54602812e-02
 3.95188172e-02 3.97197063e-02 3.52179878e-02 7.49890781e-03
 4.63973352e-02 1.39661336e-02 6.28843983e-02 1.47355402e-03
 9.94223386e-03 1.13502049e-02 1.98622447e-03 5.60237861e-03
 6.07496861e-02 4.64266969e-02 2.74295827e-02 1.98590313e-02
 5.38436610e-02 4.49970428e-02 4.45698082e-02 1.53693390e-02
 7.27912910e-03 4.97433024e-02]
[0.00441038 0.01980588 0.01587147 0.03812428 0.02295988 0.06354258
 0.03930705 0.04969455 0.04802821 0.00860966 0.04539628 0.07755777
 0.08260155 0.06920974 0.00499709 0.02144906 0.01106162 0.0404938
 0.01512765 0.00981069 0.00093632 0.01302592 0.00209861 0.00640394
 0.02228685 0.03409659 0.01674506 0.06634611 0.05299804 0.01821635
 0.01107818 0.00985592 0.04778654 0.00535987]
