[0.002647   0.04331492 0.01114099 0.01897069 0.02642713 0.0439944
 0.0471062  0.03452091 0.03220287 0.00509406 0.03128223 0.05828505
 0.0368101  0.03665131 0.04392353 0.01818165 0.00335752 0.00567167
 0.01399565 0.0048176  0.00790648 0.00215571 0.0047688  0.01064847
 0.0285824  0.02989681 0.04181123 0.04830952 0.04207908 0.01681664
 0.05271318 0.02148149 0.02869878 0.0183022 ]
[0.00711333 0.03358457 0.00780166 0.03602295 0.06463034 0.06684557
 0.03268092 0.02590871 0.04173736 0.01137361 0.03104721 0.00477157
 0.06197199 0.00616621 0.00503889 0.02639435 0.02158626 0.00875239
 0.01310473 0.01211187 0.00676142 0.01460962 0.00016352 0.00553521
 0.06999001 0.02430772 0.04842347 0.07811723 0.00200462 0.0157239
 0.0846656  0.02047552 0.02593955 0.05538984]
[0.00755575 0.05606995 0.01913076 0.01965253 0.00162105 0.03356219
 0.07449679 0.00421228 0.05833336 0.00889657 0.05620606 0.03935212
 0.0422227  0.01114781 0.04208108 0.01269905 0.02039885 0.02018452
 0.02033772 0.02081457 0.00625342 0.00588108 0.00698157 0.01185319
 0.07540737 0.05533793 0.00166889 0.0480928  0.03513143 0.06231948
 0.05605891 0.03138366 0.01943559 0.00206267]
[0.00544798 0.00579562 0.00946311 0.04083947 0.02452486 0.04501655
 0.07684575 0.0289567  0.03916864 0.01018761 0.02696828 0.02709082
 0.04027032 0.02890387 0.06035404 0.00973932 0.01491429 0.03619443
 0.02223303 0.01526434 0.00862438 0.00959203 0.00118506 0.01302573
 0.04775832 0.0561529  0.03087051 0.03077534 0.01252669 0.0700795
 0.050205   0.01477859 0.03451157 0.04713708]
[0.00454603 0.0298894  0.0057379  0.03025602 0.00527055 0.04293778
 0.06120259 0.05210669 0.04518867 0.00151953 0.031718   0.02933317
 0.03250348 0.00479376 0.02780376 0.00320145 0.03933055 0.03766844
 0.04229723 0.00013659 0.01016332 0.00791747 0.0051521  0.00544553
 0.06152427 0.0408429  0.04977471 0.02711535 0.02822941 0.03588758
 0.04907742 0.01998961 0.02194298 0.0473728 ]
[0.00454603 0.0298894  0.0057379  0.03025602 0.00527055 0.04293778
 0.06120259 0.05210669 0.04518867 0.00151953 0.031718   0.02933317
 0.03250348 0.00479376 0.02780376 0.00320145 0.03933055 0.03766844
 0.04229723 0.00013659 0.01016332 0.00791747 0.0051521  0.00544553
 0.06152427 0.0408429  0.04977471 0.02711535 0.02822941 0.03588758
 0.04907742 0.01998961 0.02194298 0.0473728 ]
[5.73776007e-05 5.39929959e-02 1.19749381e-04 2.83992437e-02
 3.01236852e-02 5.73132486e-02 2.06938799e-02 3.83211930e-02
 1.80075422e-02 1.89240222e-03 4.50379982e-02 2.90243318e-02
 5.28519395e-02 1.21531658e-02 4.92440335e-03 9.77794193e-03
 6.94555500e-03 5.13264565e-03 3.60910007e-02 5.42929006e-03
 6.15678487e-03 6.13919991e-04 1.51536686e-03 9.04690997e-03
 1.31626207e-02 2.79084171e-02 2.17261053e-02 4.04807087e-02
 3.87780865e-02 5.78616894e-02 5.99102919e-02 7.63360582e-03
 3.17072815e-02 3.53057838e-02]
[0.0003073  0.02666935 0.00600621 0.00711171 0.03828938 0.05551007
 0.02367371 0.07192841 0.03489755 0.00699479 0.02405938 0.04495989
 0.0596934  0.05606705 0.01534295 0.00135909 0.05268024 0.01360887
 0.0109349  0.02040078 0.00218617 0.00813719 0.00184442 0.0154965
 0.0283314  0.01503304 0.04128623 0.03773305 0.03551484 0.02037534
 0.04433691 0.02860385 0.04096568 0.04948993]
[0.00516203 0.05404419 0.01943857 0.00393834 0.05866822 0.05925518
 0.01129309 0.05479264 0.05531256 0.01292247 0.02377512 0.02486413
 0.05933356 0.03859719 0.00261027 0.00232421 0.04205491 0.01917901
 0.02479619 0.00436911 0.01200892 0.01416373 0.00265162 0.00481439
 0.05361089 0.0404837  0.04326092 0.04210793 0.03249813 0.01555165
 0.04258617 0.00701059 0.02809466 0.07108568]
[0.00127717 0.04856637 0.01864598 0.03670372 0.04186666 0.01529726
 0.04304324 0.08304831 0.03036183 0.00538038 0.0463365  0.02928386
 0.0685732  0.02811526 0.00100786 0.01636828 0.02896874 0.0054672
 0.00016502 0.02226555 0.00356514 0.00990375 0.00225345 0.00046971
 0.04979172 0.02565653 0.03678037 0.01378234 0.02836052 0.06020787
 0.05449414 0.01900361 0.02244494 0.09428627]
[9.11200116e-05 4.53903537e-02 2.06416324e-02 1.35808944e-02
 1.30682871e-02 2.62174059e-02 7.47104880e-02 6.01465115e-02
 4.89753597e-02 9.30005664e-03 2.62474776e-02 1.99613197e-02
 2.34677113e-02 3.83615631e-02 8.61872061e-03 1.18677404e-02
 3.91543866e-02 4.41240822e-02 3.56963219e-02 1.86074899e-02
 1.13480358e-02 5.75940077e-03 6.59465221e-03 6.42753740e-03
 6.67878868e-02 1.53292991e-04 4.23661419e-02 4.03556276e-02
 1.15544821e-02 7.16293559e-02 6.67500631e-02 1.97769256e-02
 1.15676984e-02 5.56468216e-02]
[1.33749798e-03 8.59821602e-02 2.31846420e-02 5.51533717e-02
 1.05645396e-02 5.98772300e-02 2.73777340e-03 9.27124289e-02
 3.58073879e-03 5.85252941e-03 6.72367113e-02 3.17408899e-03
 8.81256135e-03 5.69387805e-02 2.72549698e-02 8.42680250e-03
 1.57819480e-02 2.75442289e-02 7.46378267e-02 1.86032772e-02
 1.13693893e-02 1.67722253e-03 7.45176909e-05 1.07619685e-02
 3.51808168e-02 6.78227233e-03 8.21485214e-02 1.73770213e-03
 3.11721594e-02 1.87318287e-02 4.99589573e-02 1.65368565e-02
 3.58237830e-02 4.55217779e-02]
[0.00718462 0.08463563 0.0026769  0.02621335 0.05155986 0.07919663
 0.02057297 0.00565411 0.02768353 0.00343621 0.01493299 0.02232303
 0.04945761 0.03451353 0.03491869 0.01120419 0.00226064 0.02513106
 0.09322987 0.00951673 0.00883323 0.00635042 0.00255073 0.00286391
 0.02655737 0.03364324 0.03660261 0.0566907  0.03442056 0.03199656
 0.06994521 0.00545332 0.01610955 0.06008972]
[0.0071226  0.10149167 0.02065742 0.01094101 0.02203682 0.02410553
 0.02594996 0.05699077 0.01739444 0.0125531  0.02695813 0.03113721
 0.04566551 0.00131177 0.04249198 0.00453544 0.03207488 0.02130912
 0.02892913 0.01680189 0.00273948 0.00107783 0.00541578 0.01219797
 0.00995014 0.07209742 0.06762642 0.06864743 0.00142524 0.06418284
 0.03261834 0.03178695 0.01701907 0.02930714]
[0.0071226  0.10149167 0.02065742 0.01094101 0.02203682 0.02410553
 0.02594996 0.05699077 0.01739444 0.0125531  0.02695813 0.03113721
 0.04566551 0.00131177 0.04249198 0.00453544 0.03207488 0.02130912
 0.02892913 0.01680189 0.00273948 0.00107783 0.00541578 0.01219797
 0.00995014 0.07209742 0.06762642 0.06864743 0.00142524 0.06418284
 0.03261834 0.03178695 0.01701907 0.02930714]
[0.00065441 0.01143406 0.01762913 0.01741605 0.02930049 0.03656256
 0.02606638 0.015134   0.04934699 0.01529943 0.05539307 0.07222455
 0.04938414 0.00311687 0.01400363 0.01695684 0.04822857 0.01813336
 0.07055486 0.00164973 0.01322545 0.01524767 0.00403911 0.0011237
 0.04234227 0.05721292 0.05689905 0.02414814 0.03099445 0.06049728
 0.03574655 0.01626925 0.04203851 0.01779307]
[0.00174437 0.05714489 0.02073968 0.01266883 0.02465532 0.00411151
 0.04356515 0.04657595 0.0354703  0.0002516  0.00833041 0.09838887
 0.04014569 0.02438196 0.04336177 0.0128682  0.05426079 0.01970702
 0.0631164  0.0034529  0.00880506 0.01705569 0.00685949 0.00321931
 0.07956959 0.00205838 0.05675419 0.01151764 0.03903584 0.08514269
 0.03932323 0.02075955 0.0029116  0.00432976]
[0.00195616 0.02375964 0.00383158 0.04457308 0.03432386 0.02948663
 0.00355362 0.05539645 0.04105426 0.00926145 0.00518664 0.04516597
 0.02084873 0.04631737 0.0443686  0.01990216 0.03256033 0.04762801
 0.05566198 0.00957891 0.00620975 0.01327924 0.00339774 0.00334662
 0.0858579  0.03824825 0.03368727 0.02210492 0.07414158 0.00412437
 0.04646803 0.01769062 0.00331341 0.01747994]
[0.00130137 0.02002811 0.01742969 0.01726503 0.03784693 0.01993232
 0.04644533 0.02827358 0.04549762 0.01165673 0.04231114 0.05404313
 0.0130663  0.02014742 0.02207989 0.00796266 0.03990144 0.03892315
 0.06392528 0.00474209 0.00096319 0.01057131 0.00435088 0.00178654
 0.0241262  0.0444735  0.04109931 0.03936498 0.01020406 0.01930683
 0.05290658 0.0242315  0.00084688 0.0461958 ]
[0.00560627 0.01932819 0.00675672 0.01712817 0.04442549 0.03840171
 0.02175177 0.05751326 0.01206692 0.00816975 0.0352688  0.00754114
 0.03158334 0.05601683 0.03489407 0.00147295 0.03627209 0.0210948
 0.05450069 0.00484003 0.00151146 0.01211156 0.00549967 0.00321095
 0.01046918 0.02965036 0.06906807 0.00952242 0.0169323  0.03256549
 0.06741593 0.02254925 0.03120241 0.06742765]
