[2.94032818e-03 4.29125744e-02 1.35709119e-02 2.35952575e-02
 9.30414276e-03 7.16235734e-05 9.88066772e-03 5.88917604e-02
 6.23399310e-02 8.73423089e-03 4.00337206e-02 4.51109564e-03
 1.07104555e-03 8.40032317e-02 2.94387864e-02 2.10685774e-02
 5.30630316e-02 1.36384397e-02 3.24156852e-02 7.82228700e-03
 3.48180927e-03 6.15871566e-03 1.49985191e-03 7.13944372e-04
 5.31171057e-02 2.79829325e-02 6.08761211e-03 2.64326010e-02
 5.86121822e-03 7.09070245e-03 2.65591986e-02 1.17800663e-02
 1.33182035e-04 4.25006801e-02]
[0.00519317 0.0295854  0.00627545 0.06009996 0.01649339 0.00720238
 0.02956929 0.00257262 0.054437   0.00514661 0.04521579 0.03772687
 0.01357834 0.05739459 0.00171421 0.01698473 0.02443734 0.02125243
 0.04264874 0.01440419 0.00253925 0.01339926 0.00401417 0.00738606
 0.04498317 0.05407007 0.04152061 0.05357221 0.01132497 0.02687178
 0.00795852 0.00010151 0.0033833  0.06076013]
[0.00223054 0.04771369 0.00551987 0.0418708  0.03401672 0.00782227
 0.02091897 0.03370699 0.03997414 0.00287783 0.03942507 0.00091321
 0.01564349 0.05524491 0.02520685 0.00455274 0.04131711 0.02761706
 0.02953835 0.01212323 0.00709622 0.01207374 0.00255719 0.00162557
 0.05478882 0.04937403 0.02063165 0.06232155 0.01676319 0.01736178
 0.01961874 0.01869686 0.00255956 0.00967018]
[0.00600045 0.07943402 0.00057267 0.02333055 0.02324897 0.0280348
 0.05388574 0.07424452 0.00427183 0.01352769 0.0318563  0.03163954
 0.03839371 0.03958136 0.00861118 0.01525394 0.0440825  0.00301663
 0.03531134 0.00367489 0.01248003 0.00862536 0.00708551 0.01162972
 0.00616399 0.07778719 0.01782328 0.02775367 0.06145937 0.05504351
 0.02722916 0.0143131  0.00544899 0.02584681]
[5.21716802e-03 3.25865175e-02 2.07342019e-02 6.29356624e-02
 1.27114083e-02 1.84381873e-03 3.89339230e-02 7.08457967e-02
 5.49496314e-04 5.26616190e-03 2.47384232e-02 5.36368266e-02
 1.51570947e-02 2.01266728e-02 2.55191563e-02 1.46636290e-02
 1.66003092e-02 3.18853879e-02 5.63480926e-02 8.29222305e-03
 7.34700304e-05 9.65583202e-03 1.82203681e-03 1.11939179e-02
 5.86591648e-03 8.54160910e-02 4.61153854e-02 4.46152818e-02
 5.17859749e-02 6.59514729e-02 4.28216614e-02 2.59010335e-02
 7.36104320e-03 7.72841207e-03]
[5.21716802e-03 3.25865175e-02 2.07342019e-02 6.29356624e-02
 1.27114083e-02 1.84381873e-03 3.89339230e-02 7.08457967e-02
 5.49496314e-04 5.26616190e-03 2.47384232e-02 5.36368266e-02
 1.51570947e-02 2.01266728e-02 2.55191563e-02 1.46636290e-02
 1.66003092e-02 3.18853879e-02 5.63480926e-02 8.29222305e-03
 7.34700304e-05 9.65583202e-03 1.82203681e-03 1.11939179e-02
 5.86591648e-03 8.54160910e-02 4.61153854e-02 4.46152818e-02
 5.17859749e-02 6.59514729e-02 4.28216614e-02 2.59010335e-02
 7.36104320e-03 7.72841207e-03]
[0.00081488 0.03737172 0.02246701 0.09672219 0.06005691 0.03374865
 0.01004006 0.07603156 0.02742457 0.00463324 0.02231523 0.03387558
 0.04951116 0.05680447 0.04467682 0.01236207 0.00624441 0.03467359
 0.01514848 0.00015757 0.01398663 0.0017299  0.001879   0.00255511
 0.00070462 0.04917151 0.04732453 0.04578214 0.02152186 0.07164174
 0.04280583 0.0367946  0.00618681 0.00467177]
[0.00237417 0.03139356 0.01120549 0.0747085  0.02424485 0.06316139
 0.02058224 0.00450764 0.0225223  0.01197852 0.03438542 0.04177222
 0.06130786 0.07311987 0.03417061 0.0001053  0.04651254 0.02560348
 0.03803773 0.01803155 0.00335029 0.00536617 0.00416451 0.0044709
 0.02929156 0.06988819 0.01314471 0.01689648 0.03982578 0.04254382
 0.06188581 0.00927001 0.0012915  0.00122582]
[0.00670959 0.04600716 0.0090286  0.05900477 0.03143465 0.00038058
 0.04511515 0.03270972 0.00970972 0.00016279 0.02425323 0.06533102
 0.03561635 0.08768372 0.05762629 0.02570093 0.00287458 0.00072435
 0.03912612 0.00619694 0.00734114 0.0087858  0.00609466 0.00325052
 0.05433511 0.06153236 0.02449144 0.00060867 0.04536267 0.00104042
 0.06660778 0.01776934 0.00553208 0.00257102]
[0.00036337 0.05890904 0.01011615 0.01140087 0.00422995 0.04587161
 0.01280406 0.01463067 0.0458136  0.00627031 0.04906035 0.03602057
 0.06512086 0.09245294 0.03646976 0.01513877 0.03574358 0.03232481
 0.00841045 0.01474952 0.00824461 0.0041492  0.00262867 0.00742595
 0.00558729 0.01233182 0.00740622 0.03781361 0.03743864 0.04761952
 0.07427678 0.01363951 0.00548508 0.00994575]
[0.00396318 0.04503952 0.01469498 0.00968596 0.0453114  0.07126707
 0.02278899 0.02942862 0.02681867 0.00979206 0.04968235 0.06757033
 0.07884526 0.00659311 0.05962782 0.02239031 0.00361278 0.01847754
 0.05944193 0.00701988 0.00926843 0.00888126 0.00464745 0.0142461
 0.01921806 0.02457012 0.00186036 0.03976034 0.04738729 0.02666528
 0.05285632 0.03012535 0.02136737 0.00516288]
[0.00252741 0.01751362 0.00813004 0.05991141 0.01033029 0.08726263
 0.02358959 0.0135348  0.028385   0.00130106 0.0815353  0.02457995
 0.05091832 0.02297234 0.04380361 0.02625076 0.05476567 0.00915436
 0.00849071 0.00452257 0.00392196 0.00786409 0.00501456 0.00141446
 0.01742257 0.00327175 0.05252185 0.03893474 0.08013855 0.06330957
 0.07018909 0.01059088 0.02400947 0.01710253]
[0.00252741 0.01751362 0.00813004 0.05991141 0.01033029 0.08726263
 0.02358959 0.0135348  0.028385   0.00130106 0.0815353  0.02457995
 0.05091832 0.02297234 0.04380361 0.02625076 0.05476567 0.00915436
 0.00849071 0.00452257 0.00392196 0.00786409 0.00501456 0.00141446
 0.01742257 0.00327175 0.05252185 0.03893474 0.08013855 0.06330957
 0.07018909 0.01059088 0.02400947 0.01710253]
[0.00252741 0.01751362 0.00813004 0.05991141 0.01033029 0.08726263
 0.02358959 0.0135348  0.028385   0.00130106 0.0815353  0.02457995
 0.05091832 0.02297234 0.04380361 0.02625076 0.05476567 0.00915436
 0.00849071 0.00452257 0.00392196 0.00786409 0.00501456 0.00141446
 0.01742257 0.00327175 0.05252185 0.03893474 0.08013855 0.06330957
 0.07018909 0.01059088 0.02400947 0.01710253]
[0.0019161  0.05485425 0.02043246 0.02053612 0.02663799 0.05746243
 0.01154012 0.01268977 0.00877947 0.01832615 0.01101624 0.01578989
 0.02557744 0.06402594 0.04682197 0.01226754 0.0468813  0.01136895
 0.06032358 0.01220365 0.01358617 0.01142943 0.00735135 0.0177842
 0.00841816 0.06132908 0.04222135 0.01714076 0.05990206 0.0057909
 0.10285156 0.0273871  0.03164213 0.01018947]
[0.00063415 0.07212895 0.01328822 0.00306531 0.05769665 0.03521521
 0.06223812 0.02231212 0.03093932 0.00353359 0.02962566 0.04244407
 0.05968604 0.00855808 0.00510927 0.00039231 0.05617404 0.01843781
 0.02002705 0.00552627 0.00882666 0.00195607 0.00471015 0.01498505
 0.05415268 0.0025797  0.0816421  0.00799563 0.05331452 0.04177344
 0.07746182 0.03013578 0.00217448 0.05009191]
[0.00189273 0.07689043 0.00077354 0.00245982 0.02196781 0.04158053
 0.07867758 0.01165401 0.06336797 0.00666011 0.04213774 0.01483433
 0.04828809 0.01985976 0.0271821  0.0211715  0.03169172 0.01096759
 0.00160645 0.01452748 0.00502199 0.00961625 0.00507081 0.00184332
 0.05186293 0.0050877  0.08700919 0.02028827 0.02522745 0.02190822
 0.0177085  0.02968569 0.02277917 0.00518746]
[0.00274014 0.05493153 0.01381574 0.00455197 0.01113288 0.00249115
 0.0614693  0.00486752 0.04042133 0.0088761  0.05042066 0.01817126
 0.03760466 0.0256483  0.05016435 0.01327428 0.04765635 0.02893723
 0.04168163 0.01334609 0.00141989 0.01218224 0.00107334 0.00772558
 0.05799764 0.02896905 0.00411832 0.00946879 0.0381348  0.00918622
 0.02431716 0.01210156 0.0181968  0.03405779]
[0.00184788 0.00503121 0.01534176 0.03392276 0.02849284 0.04256308
 0.07211988 0.0294811  0.00298969 0.00574417 0.05153718 0.00532646
 0.02951005 0.05193605 0.06118558 0.02109044 0.03303056 0.02616586
 0.00273486 0.01117892 0.00943828 0.00617622 0.00274783 0.01097302
 0.002925   0.00976446 0.00984961 0.03850456 0.03400504 0.02191257
 0.02649516 0.00913362 0.02359978 0.0235372 ]
[0.00764973 0.01211462 0.02588775 0.0256421  0.03556244 0.04004267
 0.05467967 0.02132125 0.00645642 0.00182283 0.0205724  0.00925284
 0.00378205 0.05636736 0.06183133 0.02463806 0.06496835 0.03087414
 0.05765712 0.01981983 0.00191509 0.00715968 0.00557568 0.00455743
 0.01552756 0.03716742 0.06087747 0.00358214 0.00131317 0.07521954
 0.03750609 0.00623716 0.00752941 0.0812893 ]
