[0.00037232 0.08645066 0.01367823 0.03328093 0.03429283 0.06619359
 0.02600416 0.04345584 0.04524236 0.01107986 0.05710963 0.03885604
 0.03671013 0.02297898 0.06268182 0.00610811 0.02180724 0.01298276
 0.00486815 0.00817849 0.00574068 0.001955   0.00367877 0.01173271
 0.03920243 0.01777288 0.01501464 0.04436118 0.00312208 0.06477354
 0.07533772 0.02721237 0.03788777 0.00924782]
[0.00205543 0.05072375 0.01843512 0.0444198  0.02333091 0.04872116
 0.04282964 0.07888878 0.02596006 0.0094388  0.06854827 0.02670063
 0.02613541 0.05992275 0.03612312 0.02093741 0.02901608 0.02968306
 0.0294745  0.01035307 0.00457639 0.00545398 0.00031777 0.01037372
 0.0182956  0.03711573 0.00917474 0.04376233 0.04072825 0.02304857
 0.03850343 0.01362102 0.01245972 0.05983997]
[0.00600029 0.01064922 0.00361574 0.03507244 0.03562107 0.03835562
 0.06228911 0.07508006 0.03631644 0.01010911 0.06301265 0.00495837
 0.00679986 0.04821473 0.04714316 0.00150606 0.04525116 0.01068224
 0.02088853 0.00157678 0.00496903 0.00267913 0.00504028 0.00625318
 0.06489889 0.05692976 0.0077772  0.04750444 0.05541473 0.03024883
 0.04495988 0.02200479 0.04004385 0.04812751]
[0.00203981 0.04709243 0.00585035 0.04091804 0.04071437 0.01503738
 0.05639595 0.07028283 0.02173067 0.00587844 0.05952016 0.02468046
 0.03789292 0.07508796 0.052837   0.0053831  0.01739445 0.04353398
 0.01230404 0.00297326 0.01181578 0.00158035 0.0033705  0.00194674
 0.08928149 0.03588783 0.01699581 0.02132478 0.05811652 0.0010105
 0.05321531 0.03063528 0.02342644 0.01384206]
[0.00168583 0.03880248 0.00464255 0.03145419 0.01832061 0.04100826
 0.0614941  0.00542294 0.03444961 0.01127784 0.04182698 0.02991892
 0.05627629 0.0344663  0.04345153 0.00294027 0.04042908 0.02797273
 0.03891229 0.01544441 0.00231143 0.010954   0.00146857 0.00569039
 0.00746614 0.03178925 0.02134603 0.02629606 0.02255863 0.01256451
 0.03423913 0.01300409 0.01385759 0.03505782]
[0.00168583 0.03880248 0.00464255 0.03145419 0.01832061 0.04100826
 0.0614941  0.00542294 0.03444961 0.01127784 0.04182698 0.02991892
 0.05627629 0.0344663  0.04345153 0.00294027 0.04042908 0.02797273
 0.03891229 0.01544441 0.00231143 0.010954   0.00146857 0.00569039
 0.00746614 0.03178925 0.02134603 0.02629606 0.02255863 0.01256451
 0.03423913 0.01300409 0.01385759 0.03505782]
[0.00168583 0.03880248 0.00464255 0.03145419 0.01832061 0.04100826
 0.0614941  0.00542294 0.03444961 0.01127784 0.04182698 0.02991892
 0.05627629 0.0344663  0.04345153 0.00294027 0.04042908 0.02797273
 0.03891229 0.01544441 0.00231143 0.010954   0.00146857 0.00569039
 0.00746614 0.03178925 0.02134603 0.02629606 0.02255863 0.01256451
 0.03423913 0.01300409 0.01385759 0.03505782]
[0.00168583 0.03880248 0.00464255 0.03145419 0.01832061 0.04100826
 0.0614941  0.00542294 0.03444961 0.01127784 0.04182698 0.02991892
 0.05627629 0.0344663  0.04345153 0.00294027 0.04042908 0.02797273
 0.03891229 0.01544441 0.00231143 0.010954   0.00146857 0.00569039
 0.00746614 0.03178925 0.02134603 0.02629606 0.02255863 0.01256451
 0.03423913 0.01300409 0.01385759 0.03505782]
[0.00314105 0.07425932 0.01476498 0.03514943 0.02937398 0.04234843
 0.07575353 0.02361334 0.04404956 0.00682512 0.02960395 0.06372767
 0.01586935 0.01155388 0.00271707 0.00865457 0.02964234 0.01188955
 0.03378122 0.01952325 0.01039963 0.00206882 0.00340176 0.00251283
 0.00117975 0.03516146 0.03870586 0.0532905  0.03866498 0.00739357
 0.01794414 0.01977157 0.03531421 0.05738789]
[0.00180561 0.07599423 0.01560295 0.04390247 0.01235771 0.01681368
 0.06167404 0.0223053  0.00335145 0.0105027  0.02603407 0.00622621
 0.00622642 0.05254104 0.03128356 0.02080756 0.01286569 0.026779
 0.02235355 0.01735204 0.00149634 0.00822541 0.00325884 0.00894422
 0.04307493 0.01580962 0.05260694 0.02427642 0.03355667 0.00334121
 0.04310279 0.00688921 0.01332709 0.03103041]
[0.00180561 0.07599423 0.01560295 0.04390247 0.01235771 0.01681368
 0.06167404 0.0223053  0.00335145 0.0105027  0.02603407 0.00622621
 0.00622642 0.05254104 0.03128356 0.02080756 0.01286569 0.026779
 0.02235355 0.01735204 0.00149634 0.00822541 0.00325884 0.00894422
 0.04307493 0.01580962 0.05260694 0.02427642 0.03355667 0.00334121
 0.04310279 0.00688921 0.01332709 0.03103041]
[0.00202821 0.0557523  0.01081841 0.04465157 0.02993631 0.00771605
 0.06436781 0.03113325 0.01767235 0.00259125 0.05060356 0.02989575
 0.01722577 0.05953907 0.02052775 0.01205104 0.0402423  0.00866519
 0.00627243 0.00779565 0.00169475 0.00812187 0.00285682 0.00781189
 0.00992122 0.01416647 0.03484332 0.00598246 0.02891812 0.01103422
 0.00995292 0.01583154 0.02612244 0.031472  ]
[0.00469665 0.04090411 0.01389551 0.02720193 0.00351315 0.04331907
 0.0453292  0.05295856 0.01108419 0.01129326 0.04204693 0.04801302
 0.04266433 0.02178776 0.03158889 0.00082976 0.01980416 0.03152414
 0.05156029 0.00551883 0.00423291 0.0013561  0.00141053 0.01397556
 0.02288894 0.00432464 0.02666523 0.04549431 0.03237759 0.05438105
 0.04080545 0.02511977 0.02148776 0.01937796]
[0.00469665 0.04090411 0.01389551 0.02720193 0.00351315 0.04331907
 0.0453292  0.05295856 0.01108419 0.01129326 0.04204693 0.04801302
 0.04266433 0.02178776 0.03158889 0.00082976 0.01980416 0.03152414
 0.05156029 0.00551883 0.00423291 0.0013561  0.00141053 0.01397556
 0.02288894 0.00432464 0.02666523 0.04549431 0.03237759 0.05438105
 0.04080545 0.02511977 0.02148776 0.01937796]
[3.06332067e-03 4.66096783e-02 3.45268467e-03 1.36768526e-02
 1.33248129e-02 7.56031612e-03 2.39624970e-03 3.70047537e-02
 9.77681734e-03 1.01487017e-02 2.73781147e-02 4.78602598e-02
 3.06716273e-03 4.83466983e-02 3.79839805e-02 1.67678599e-02
 2.66300713e-02 3.04699010e-02 3.34851518e-02 1.51047954e-02
 5.17957453e-05 3.19741265e-03 2.27834349e-03 1.30829946e-03
 1.37643579e-03 3.35561215e-02 2.91335380e-02 5.25085771e-02
 9.97278427e-03 4.80875437e-02 5.25223673e-02 1.95051736e-02
 1.78437410e-02 2.15754720e-02]
[3.06332067e-03 4.66096783e-02 3.45268467e-03 1.36768526e-02
 1.33248129e-02 7.56031612e-03 2.39624970e-03 3.70047537e-02
 9.77681734e-03 1.01487017e-02 2.73781147e-02 4.78602598e-02
 3.06716273e-03 4.83466983e-02 3.79839805e-02 1.67678599e-02
 2.66300713e-02 3.04699010e-02 3.34851518e-02 1.51047954e-02
 5.17957453e-05 3.19741265e-03 2.27834349e-03 1.30829946e-03
 1.37643579e-03 3.35561215e-02 2.91335380e-02 5.25085771e-02
 9.97278427e-03 4.80875437e-02 5.25223673e-02 1.95051736e-02
 1.78437410e-02 2.15754720e-02]
[3.06332067e-03 4.66096783e-02 3.45268467e-03 1.36768526e-02
 1.33248129e-02 7.56031612e-03 2.39624970e-03 3.70047537e-02
 9.77681734e-03 1.01487017e-02 2.73781147e-02 4.78602598e-02
 3.06716273e-03 4.83466983e-02 3.79839805e-02 1.67678599e-02
 2.66300713e-02 3.04699010e-02 3.34851518e-02 1.51047954e-02
 5.17957453e-05 3.19741265e-03 2.27834349e-03 1.30829946e-03
 1.37643579e-03 3.35561215e-02 2.91335380e-02 5.25085771e-02
 9.97278427e-03 4.80875437e-02 5.25223673e-02 1.95051736e-02
 1.78437410e-02 2.15754720e-02]
[3.06332067e-03 4.66096783e-02 3.45268467e-03 1.36768526e-02
 1.33248129e-02 7.56031612e-03 2.39624970e-03 3.70047537e-02
 9.77681734e-03 1.01487017e-02 2.73781147e-02 4.78602598e-02
 3.06716273e-03 4.83466983e-02 3.79839805e-02 1.67678599e-02
 2.66300713e-02 3.04699010e-02 3.34851518e-02 1.51047954e-02
 5.17957453e-05 3.19741265e-03 2.27834349e-03 1.30829946e-03
 1.37643579e-03 3.35561215e-02 2.91335380e-02 5.25085771e-02
 9.97278427e-03 4.80875437e-02 5.25223673e-02 1.95051736e-02
 1.78437410e-02 2.15754720e-02]
[0.00285301 0.01533301 0.01298186 0.0345468  0.02104851 0.03605981
 0.03506911 0.04415987 0.01296244 0.00884392 0.03604722 0.04921405
 0.02261872 0.0392506  0.00451398 0.01411322 0.02517771 0.01648774
 0.0311811  0.0089585  0.00554675 0.00458638 0.00078456 0.009666
 0.02325106 0.03079357 0.04068623 0.04075651 0.03723032 0.0480638
 0.04083278 0.01365141 0.02743855 0.02064142]
[0.00395534 0.05085274 0.00547063 0.05618154 0.015958   0.02553268
 0.04088275 0.03970567 0.03486246 0.00302178 0.01995812 0.04926783
 0.0204592  0.02441601 0.01311226 0.01359185 0.01213117 0.01384438
 0.03110583 0.0117347  0.00285815 0.00508267 0.00308119 0.01255486
 0.04489514 0.03093566 0.01993924 0.05277495 0.03793937 0.0431022
 0.0051391  0.00446478 0.01851563 0.01404138]
