[0.00161523 0.04155455 0.00491908 0.04682704 0.03205458 0.06085958
 0.01131783 0.03741721 0.03480317 0.00682635 0.05103369 0.01348065
 0.02994895 0.0442497  0.05406939 0.02029781 0.00170135 0.02055311
 0.01644679 0.01112973 0.0072595  0.0102908  0.00552252 0.00053735
 0.04118703 0.04606996 0.00380121 0.02210561 0.03611753 0.034056
 0.03747196 0.01115668 0.01058341 0.01792683]
[0.00536942 0.02795358 0.01410422 0.04955474 0.02854929 0.05360805
 0.00898207 0.00633387 0.02268692 0.00138413 0.05988132 0.01843957
 0.01637503 0.03419127 0.03697553 0.00367569 0.03390661 0.02480535
 0.01723809 0.00229111 0.00258717 0.00494241 0.00171615 0.00342744
 0.01396751 0.0022023  0.03237438 0.02862126 0.03261002 0.00573999
 0.05011546 0.00606667 0.03145425 0.01822653]
[0.00536942 0.02795358 0.01410422 0.04955474 0.02854929 0.05360805
 0.00898207 0.00633387 0.02268692 0.00138413 0.05988132 0.01843957
 0.01637503 0.03419127 0.03697553 0.00367569 0.03390661 0.02480535
 0.01723809 0.00229111 0.00258717 0.00494241 0.00171615 0.00342744
 0.01396751 0.0022023  0.03237438 0.02862126 0.03261002 0.00573999
 0.05011546 0.00606667 0.03145425 0.01822653]
[0.00536942 0.02795358 0.01410422 0.04955474 0.02854929 0.05360805
 0.00898207 0.00633387 0.02268692 0.00138413 0.05988132 0.01843957
 0.01637503 0.03419127 0.03697553 0.00367569 0.03390661 0.02480535
 0.01723809 0.00229111 0.00258717 0.00494241 0.00171615 0.00342744
 0.01396751 0.0022023  0.03237438 0.02862126 0.03261002 0.00573999
 0.05011546 0.00606667 0.03145425 0.01822653]
[0.00536942 0.02795358 0.01410422 0.04955474 0.02854929 0.05360805
 0.00898207 0.00633387 0.02268692 0.00138413 0.05988132 0.01843957
 0.01637503 0.03419127 0.03697553 0.00367569 0.03390661 0.02480535
 0.01723809 0.00229111 0.00258717 0.00494241 0.00171615 0.00342744
 0.01396751 0.0022023  0.03237438 0.02862126 0.03261002 0.00573999
 0.05011546 0.00606667 0.03145425 0.01822653]
[0.00536942 0.02795358 0.01410422 0.04955474 0.02854929 0.05360805
 0.00898207 0.00633387 0.02268692 0.00138413 0.05988132 0.01843957
 0.01637503 0.03419127 0.03697553 0.00367569 0.03390661 0.02480535
 0.01723809 0.00229111 0.00258717 0.00494241 0.00171615 0.00342744
 0.01396751 0.0022023  0.03237438 0.02862126 0.03261002 0.00573999
 0.05011546 0.00606667 0.03145425 0.01822653]
[0.00536942 0.02795358 0.01410422 0.04955474 0.02854929 0.05360805
 0.00898207 0.00633387 0.02268692 0.00138413 0.05988132 0.01843957
 0.01637503 0.03419127 0.03697553 0.00367569 0.03390661 0.02480535
 0.01723809 0.00229111 0.00258717 0.00494241 0.00171615 0.00342744
 0.01396751 0.0022023  0.03237438 0.02862126 0.03261002 0.00573999
 0.05011546 0.00606667 0.03145425 0.01822653]
[0.00536942 0.02795358 0.01410422 0.04955474 0.02854929 0.05360805
 0.00898207 0.00633387 0.02268692 0.00138413 0.05988132 0.01843957
 0.01637503 0.03419127 0.03697553 0.00367569 0.03390661 0.02480535
 0.01723809 0.00229111 0.00258717 0.00494241 0.00171615 0.00342744
 0.01396751 0.0022023  0.03237438 0.02862126 0.03261002 0.00573999
 0.05011546 0.00606667 0.03145425 0.01822653]
[0.00500542 0.00411202 0.00927141 0.03286036 0.00692242 0.00360858
 0.01717835 0.03330777 0.01682141 0.00358372 0.00733765 0.0485596
 0.01879465 0.06540233 0.03983305 0.0069083  0.01127743 0.02930532
 0.03280463 0.01236055 0.00029547 0.01227731 0.00472228 0.00478241
 0.03124729 0.03615073 0.00699407 0.04967847 0.01138054 0.01049988
 0.06744253 0.00938074 0.02591108 0.04945435]
[0.00500542 0.00411202 0.00927141 0.03286036 0.00692242 0.00360858
 0.01717835 0.03330777 0.01682141 0.00358372 0.00733765 0.0485596
 0.01879465 0.06540233 0.03983305 0.0069083  0.01127743 0.02930532
 0.03280463 0.01236055 0.00029547 0.01227731 0.00472228 0.00478241
 0.03124729 0.03615073 0.00699407 0.04967847 0.01138054 0.01049988
 0.06744253 0.00938074 0.02591108 0.04945435]
[0.00316523 0.01778691 0.01263443 0.06096112 0.0418524  0.0485625
 0.03014872 0.03736821 0.02508766 0.0016135  0.03770094 0.05217569
 0.0341426  0.02574235 0.05092954 0.01928823 0.03196252 0.02119333
 0.024172   0.01797696 0.01047275 0.00022072 0.00511718 0.00203395
 0.06258763 0.04007877 0.00840817 0.06610124 0.00251805 0.0010388
 0.02865655 0.01759316 0.02873104 0.0528074 ]
[0.00207709 0.00349347 0.00504014 0.04900579 0.04049587 0.07695439
 0.0330504  0.04001316 0.02871682 0.00022563 0.03158563 0.00941076
 0.06130347 0.02324877 0.04282073 0.02277076 0.03649358 0.02129225
 0.04062656 0.01020547 0.01121138 0.00607048 0.00613061 0.01008545
 0.01544369 0.06314685 0.00978253 0.0777202  0.05000416 0.0236745
 0.00854138 0.00597235 0.00155347 0.06463783]
[0.00799851 0.04693504 0.01156864 0.01480258 0.06561514 0.05908608
 0.06446637 0.08337589 0.04596638 0.00166134 0.04965867 0.00685468
 0.05287413 0.00612553 0.06781138 0.02219457 0.02427868 0.02797143
 0.01307664 0.02224652 0.01142167 0.00080198 0.00500376 0.01516661
 0.0209828  0.03267126 0.02364276 0.02548979 0.04040256 0.02121781
 0.03126046 0.01987792 0.00252275 0.02041915]
[0.00123977 0.00424305 0.00686497 0.02705419 0.03627454 0.0416102
 0.06259873 0.07978454 0.0460481  0.0010543  0.05725482 0.03400906
 0.01356125 0.04463004 0.05891896 0.01179374 0.01819003 0.01903381
 0.04453508 0.01257914 0.00130094 0.0056194  0.00049137 0.00779358
 0.02365411 0.04127883 0.02235466 0.00743815 0.04099886 0.05200196
 0.06137771 0.01721777 0.03277471 0.03826645]
[0.00470294 0.0071021  0.00228325 0.03440566 0.06413964 0.00055314
 0.06241522 0.01159652 0.04120842 0.01277042 0.07270494 0.0704104
 0.04189779 0.0426508  0.04206955 0.00514482 0.01851156 0.04055364
 0.01978907 0.00635051 0.00577774 0.00593998 0.00529061 0.00050939
 0.01928821 0.06718073 0.04630527 0.04240907 0.03371849 0.01707293
 0.04646307 0.01733861 0.01031303 0.0733424 ]
[0.00380821 0.00899926 0.00820942 0.0042743  0.059596   0.04015428
 0.0504956  0.04008849 0.03628923 0.01280724 0.04132333 0.06493133
 0.00313568 0.02001765 0.01618791 0.02360366 0.02918104 0.02410807
 0.0399627  0.0148706  0.01105771 0.00799678 0.00346154 0.01132435
 0.04582819 0.04959831 0.07274187 0.06238221 0.00221452 0.01604387
 0.0624869  0.02128256 0.02249533 0.06811644]
[7.09410534e-03 3.08330610e-02 1.08670728e-02 5.85040482e-02
 2.40182736e-02 5.16730506e-02 3.45316170e-02 6.10456947e-02
 3.41583576e-02 1.64983872e-02 8.19931200e-05 3.25709401e-02
 6.84700052e-03 3.21710811e-02 3.77374809e-02 1.61274603e-02
 5.70549461e-02 3.77567346e-02 1.12148393e-02 7.87640309e-03
 1.41489703e-03 1.30321403e-02 5.09505214e-04 6.32474117e-03
 2.73005652e-02 4.84868698e-02 2.00641094e-02 6.73370393e-02
 5.29041690e-02 2.95203784e-02 3.54297156e-02 7.40501860e-03
 1.90149420e-02 6.24458662e-02]
[0.00064517 0.01106046 0.0031771  0.01642851 0.05705193 0.03149529
 0.0569134  0.07284169 0.05563224 0.00816082 0.03950355 0.02116882
 0.0423653  0.06331868 0.0308897  0.00066382 0.03932024 0.01736927
 0.03560784 0.0004415  0.00410293 0.0110264  0.00433728 0.01335118
 0.02226684 0.03024648 0.01968729 0.07241299 0.04060574 0.04857831
 0.03594824 0.01841477 0.01235831 0.06225925]
[0.00604167 0.02493976 0.00211242 0.01685655 0.05186543 0.01030733
 0.02956678 0.04780077 0.02958902 0.01446067 0.06971844 0.03064321
 0.00740732 0.06522469 0.03402421 0.0071905  0.04392052 0.05779481
 0.0023393  0.00742193 0.00163003 0.01797705 0.0001978  0.00941788
 0.06991117 0.01428263 0.01742048 0.04753637 0.02678303 0.04006344
 0.01644225 0.0045072  0.04433262 0.01758812]
[0.00237104 0.01607885 0.00534109 0.04341096 0.02656159 0.05808872
 0.04373745 0.05798323 0.01769884 0.00397602 0.0468609  0.06137731
 0.02725987 0.03509715 0.05357855 0.01175926 0.01434931 0.04616899
 0.00311572 0.01315936 0.0074394  0.00913912 0.00564631 0.00233039
 0.04431725 0.04015566 0.05973433 0.0660215  0.02620963 0.00223419
 0.04097278 0.02344571 0.02222086 0.00890837]
