[2.81635903e-03 5.52485815e-03 1.34536781e-02 3.23892058e-02
 6.28444290e-03 3.74580523e-02 4.69289964e-02 7.43412882e-02
 1.75719976e-02 6.92822754e-03 5.21035325e-02 3.45808543e-02
 2.29519691e-02 2.64443155e-02 5.06063660e-02 1.35091893e-02
 2.04851599e-02 1.29046914e-02 3.91062855e-02 1.63161353e-02
 5.56281847e-03 7.15388906e-04 3.81989948e-03 1.42392208e-03
 9.53286510e-05 1.81017036e-02 2.97633050e-02 8.20715660e-03
 2.11936419e-03 4.98263939e-02 3.65551895e-02 1.34572723e-02
 1.18480619e-02 1.34056005e-02]
[0.0052414  0.024412   0.00335137 0.01726268 0.04533626 0.06784694
 0.00452846 0.0444779  0.01714201 0.01278511 0.08124713 0.03924763
 0.00916099 0.06869124 0.00287521 0.02157909 0.03273139 0.03499864
 0.02626347 0.00554301 0.01001136 0.01253209 0.006494   0.0065505
 0.05019424 0.05389874 0.04229452 0.03680928 0.04732144 0.01824791
 0.01216985 0.02272948 0.01590365 0.01675908]
[0.0007016  0.03395978 0.01189665 0.0281735  0.03875709 0.01609582
 0.01555562 0.03837976 0.05368656 0.00389993 0.02407765 0.06762912
 0.01755126 0.01163866 0.04369588 0.00755557 0.04179472 0.04302558
 0.06223024 0.00355213 0.00904122 0.00217075 0.00458856 0.01074141
 0.06972735 0.03118865 0.00689479 0.04040081 0.07152094 0.04051999
 0.04918982 0.01226739 0.01664276 0.02873602]
[0.00717244 0.06956879 0.01800837 0.02658731 0.00140928 0.05602673
 0.02745683 0.01648529 0.04712176 0.00687808 0.05689085 0.05044144
 0.0284318  0.0180533  0.01316919 0.02442134 0.03271478 0.0124081
 0.03355678 0.00711672 0.01031628 0.00058414 0.00716717 0.00099154
 0.01687449 0.03819345 0.01053478 0.06397914 0.06098057 0.03188703
 0.08010904 0.02927825 0.00687373 0.00104782]
[0.00719871 0.05502234 0.00888915 0.01710579 0.00929159 0.06149601
 0.00382195 0.03700888 0.03554541 0.00544139 0.08493248 0.04859966
 0.04079846 0.04810178 0.05893422 0.00112781 0.03958255 0.01601004
 0.04763496 0.00653507 0.00051264 0.00523531 0.00264018 0.01238958
 0.00375525 0.02476462 0.01591727 0.06404496 0.06980704 0.04309288
 0.06697034 0.01197412 0.03754585 0.00660198]
[0.00579743 0.05184598 0.01577943 0.0466774  0.00272517 0.01743934
 0.05514377 0.02957405 0.02071427 0.01277752 0.04315365 0.00862445
 0.06785664 0.01755682 0.04447623 0.02285554 0.00420258 0.03282851
 0.06434158 0.00244903 0.00899504 0.0118259  0.00361618 0.00911357
 0.00437813 0.04233486 0.05518921 0.00200445 0.10751364 0.0411464
 0.05392893 0.02867889 0.04686211 0.01654296]
[0.00601038 0.00354897 0.0174746  0.0829091  0.05404793 0.01735251
 0.03469638 0.0054994  0.03870087 0.01362145 0.08141727 0.00930601
 0.06976371 0.01445622 0.03668418 0.02690195 0.05442958 0.00989653
 0.00486838 0.02153669 0.00380585 0.0074416  0.00762897 0.00735145
 0.01960431 0.03741695 0.07365475 0.06159483 0.08494855 0.00490164
 0.03111472 0.03322535 0.01982837 0.0035491 ]
[0.00579222 0.01537219 0.01304911 0.0671522  0.04616216 0.0287823
 0.06592489 0.04250058 0.01901082 0.00088855 0.05426413 0.00423896
 0.05295466 0.04975766 0.04516162 0.01956813 0.01877855 0.01362571
 0.04626088 0.00215742 0.00458265 0.0117214  0.00108184 0.00560814
 0.05698947 0.03806299 0.02807514 0.047506   0.08725499 0.00330375
 0.06023267 0.02149643 0.00153159 0.0210731 ]
[8.37718396e-04 1.56667528e-03 1.70632882e-02 1.39989970e-02
 2.19278033e-02 2.40100275e-02 5.15761004e-02 1.81048554e-02
 2.66375943e-02 1.22569645e-02 6.84446015e-02 2.82461029e-02
 5.79622742e-02 5.61295633e-02 1.79673169e-02 9.26469288e-05
 3.23951060e-02 3.97874554e-02 1.83448378e-02 1.71768671e-02
 7.89821084e-03 1.09319025e-02 4.95077209e-03 1.31834195e-03
 3.97574216e-02 4.98821735e-02 4.05063119e-02 3.46592111e-02
 7.14973919e-02 9.27858008e-03 4.24049021e-02 2.28498305e-02
 2.63089780e-02 5.34479420e-02]
[0.00238951 0.03786959 0.01480085 0.02795427 0.00178431 0.00742544
 0.03595443 0.04196387 0.03947591 0.00124541 0.01226504 0.04529212
 0.00830336 0.02265598 0.02615611 0.01607019 0.02959517 0.02378699
 0.04431171 0.01559882 0.00412279 0.00893528 0.00176603 0.00624999
 0.02305128 0.0388094  0.04084152 0.05292016 0.01822294 0.0041242
 0.04685759 0.02352414 0.03230317 0.03106711]
[0.00238951 0.03786959 0.01480085 0.02795427 0.00178431 0.00742544
 0.03595443 0.04196387 0.03947591 0.00124541 0.01226504 0.04529212
 0.00830336 0.02265598 0.02615611 0.01607019 0.02959517 0.02378699
 0.04431171 0.01559882 0.00412279 0.00893528 0.00176603 0.00624999
 0.02305128 0.0388094  0.04084152 0.05292016 0.01822294 0.0041242
 0.04685759 0.02352414 0.03230317 0.03106711]
[0.00499909 0.06105468 0.01740678 0.01727235 0.01136665 0.01396045
 0.06417125 0.01903741 0.02926077 0.00436586 0.02426949 0.06393971
 0.0391358  0.04607283 0.01545574 0.00879458 0.0158145  0.00249146
 0.0212394  0.01415271 0.00227534 0.00213032 0.0002765  0.0021114
 0.02581417 0.02704107 0.05212708 0.01895621 0.02065797 0.02208754
 0.03351477 0.00576046 0.01812955 0.04161797]
[0.00632098 0.04207467 0.01648129 0.05217497 0.00679454 0.04538892
 0.02961363 0.01293798 0.03157784 0.00834978 0.01053704 0.00194983
 0.04979236 0.0709907  0.00233203 0.00877058 0.01547631 0.01012882
 0.02286004 0.01998439 0.0058706  0.00410681 0.00641175 0.00637075
 0.0314128  0.06748337 0.0272138  0.02650458 0.00200315 0.02993097
 0.02838984 0.02382007 0.03277913 0.03861956]
[6.09376523e-03 4.68034457e-04 1.42812997e-02 4.10991423e-02
 1.84941979e-02 2.66931578e-02 3.52362404e-02 2.80702321e-02
 1.43370091e-02 1.15284936e-02 3.52617701e-02 2.79544808e-02
 5.51276541e-02 1.26091337e-02 3.80057973e-02 5.30219725e-05
 2.75998296e-02 1.81812735e-02 4.98071185e-02 1.45594781e-02
 5.60364108e-03 9.90688700e-03 1.65815764e-03 1.87607576e-03
 4.26066414e-02 2.42654690e-02 2.83168207e-02 4.28648576e-02
 3.21173852e-02 4.05179345e-02 5.60441203e-02 2.21141173e-02
 1.74211135e-03 1.41392985e-02]
[0.00666466 0.00367966 0.01421133 0.01778568 0.02969507 0.06490633
 0.09205066 0.07145258 0.05213267 0.00089163 0.00971366 0.04525146
 0.10039362 0.00274983 0.03055702 0.00760778 0.04525209 0.04284395
 0.0412489  0.01729578 0.01044091 0.01210009 0.0077498  0.01328576
 0.01541134 0.01767399 0.07962435 0.02087894 0.01460629 0.02036458
 0.02027203 0.01735195 0.0009139  0.02641336]
[0.00332511 0.04461092 0.00885727 0.02169295 0.0291417  0.03183705
 0.08427657 0.07923689 0.04791433 0.01254686 0.00709773 0.03179035
 0.08725224 0.0317183  0.05255633 0.02090906 0.0308879  0.00986718
 0.01773278 0.00151966 0.0046484  0.004989   0.00222114 0.0091485
 0.03267205 0.04447631 0.03580231 0.03468073 0.05067137 0.01109688
 0.03357471 0.00960792 0.00766445 0.04035332]
[0.00084793 0.04020682 0.01249833 0.01305161 0.05063728 0.04089152
 0.05910076 0.01138145 0.02566104 0.00617273 0.04333105 0.0273273
 0.08993766 0.01049315 0.02714336 0.01568599 0.0236225  0.02767309
 0.0525809  0.00793255 0.00338429 0.00759318 0.00467749 0.00655009
 0.03731572 0.04785906 0.05469158 0.02651698 0.05383749 0.00544478
 0.04684806 0.01542593 0.03544763 0.01360674]
[0.00350181 0.0723145  0.01623288 0.03645437 0.00455253 0.03206652
 0.05069864 0.06095804 0.00060615 0.01240359 0.02052346 0.01333748
 0.03316348 0.05697804 0.06936876 0.01307406 0.04607278 0.02519688
 0.00246752 0.01447464 0.01317525 0.00805622 0.00212929 0.00031411
 0.02838269 0.04937923 0.01001315 0.01949538 0.09633801 0.0476456
 0.03827406 0.00065445 0.04333976 0.02408023]
[0.00533095 0.08105625 0.0054254  0.0211514  0.05269277 0.01784869
 0.03604502 0.02759774 0.02335776 0.00228592 0.04600673 0.05473542
 0.00104456 0.07475983 0.05980661 0.0076629  0.03461422 0.02812615
 0.05269345 0.01139218 0.01154083 0.00777933 0.00485072 0.00564407
 0.01524483 0.00160623 0.05478967 0.02598318 0.04523641 0.05827799
 0.06212099 0.03108155 0.026249   0.00224975]
[0.00136017 0.0798309  0.01329225 0.01711465 0.01131694 0.05737582
 0.04078124 0.06576469 0.05972172 0.00458716 0.01592298 0.01278618
 0.04637651 0.06564782 0.00554757 0.00874238 0.0187398  0.01804035
 0.04823413 0.01981581 0.00527708 0.00756497 0.00202945 0.0126359
 0.05402893 0.0053815  0.01702988 0.00219139 0.08485393 0.05399364
 0.04464905 0.0278242  0.03124727 0.03852245]
