[0.0017277  0.02474884 0.00627047 0.05514564 0.00557    0.01052641
 0.0540761  0.05599742 0.05254603 0.0022689  0.06547998 0.06688168
 0.02169416 0.0028426  0.03073786 0.02513561 0.02123727 0.00418042
 0.05794788 0.00601341 0.0069543  0.00653144 0.00531202 0.00667904
 0.087005   0.03198114 0.01577085 0.0611954  0.0459442  0.04407209
 0.0365891  0.0074987  0.02532326 0.04632626]
[0.00135845 0.03743757 0.00798771 0.01587178 0.01599085 0.04920622
 0.01954988 0.01246778 0.01797722 0.00449409 0.00982937 0.00227608
 0.04433815 0.05079568 0.01588642 0.02418884 0.04909574 0.03179535
 0.02980317 0.00244752 0.00270693 0.00239568 0.00436238 0.00297238
 0.02031221 0.05240156 0.06090264 0.09615247 0.05440725 0.04814411
 0.07249456 0.01361241 0.01008287 0.03843664]
[0.00680536 0.06224073 0.0135053  0.03292932 0.05120593 0.0795394
 0.02245527 0.03199386 0.05999948 0.00365545 0.03164987 0.02047111
 0.04272684 0.03929364 0.00918122 0.00575943 0.01167343 0.02392912
 0.01939727 0.00394247 0.00929807 0.00511241 0.00425833 0.00348249
 0.00760548 0.05442871 0.01289501 0.0363983  0.03224063 0.06372585
 0.04640815 0.01047721 0.01713144 0.05998095]
[0.00465908 0.00780513 0.02071704 0.02110061 0.02599834 0.02097835
 0.05730724 0.06158571 0.05722553 0.00844229 0.06066696 0.04328539
 0.070679   0.03327976 0.02674546 0.00927772 0.04937303 0.00046929
 0.0442852  0.01783217 0.00887603 0.00470327 0.00497392 0.00093961
 0.02199322 0.04617165 0.04130166 0.02230189 0.05072223 0.06264199
 0.05380107 0.02242869 0.00510918 0.0055275 ]
[0.00034275 0.05739228 0.00198702 0.02073263 0.01973191 0.02862854
 0.04778326 0.0326457  0.01630076 0.01502279 0.06154569 0.00568133
 0.03531471 0.02120251 0.04008602 0.02397207 0.00472094 0.03371982
 0.03738958 0.01852041 0.00922227 0.00227792 0.0036697  0.00387646
 0.06877201 0.03666012 0.04162434 0.05711961 0.07192593 0.01030567
 0.06330765 0.0110527  0.03427839 0.06261733]
[0.00528564 0.01486633 0.00219522 0.04037248 0.00111037 0.0468122
 0.07406434 0.02821171 0.04282037 0.01403011 0.02552585 0.01850178
 0.05713206 0.02629086 0.01832322 0.01780543 0.01117372 0.0450569
 0.04534085 0.0194788  0.01097214 0.01369284 0.00229464 0.00505622
 0.06599559 0.04800604 0.05852747 0.03625485 0.04603693 0.03364792
 0.06862777 0.0052315  0.03866806 0.01247503]
[0.00126612 0.04610051 0.01547871 0.0558983  0.01987979 0.06301549
 0.03645417 0.05123551 0.00898001 0.00595164 0.0055046  0.0181278
 0.06157341 0.02627084 0.03344527 0.0069402  0.02191533 0.01906752
 0.06893023 0.00703782 0.00205342 0.00838784 0.00091702 0.00300654
 0.02350957 0.02615863 0.0518187  0.01129779 0.02522526 0.01742944
 0.04142613 0.02765953 0.02347057 0.02397615]
[0.00649269 0.01671139 0.01934645 0.03438124 0.02814368 0.07992135
 0.03261149 0.05831395 0.01349128 0.0053379  0.00447539 0.0586777
 0.07041193 0.00723652 0.03079403 0.00886486 0.00988067 0.04165062
 0.02144332 0.00299221 0.00728673 0.00752819 0.0055996  0.00121287
 0.05500881 0.02258981 0.06140752 0.02296555 0.01878743 0.0591781
 0.04287921 0.01642618 0.00982251 0.00667704]
[0.00684404 0.03050231 0.0105206  0.07855167 0.03441426 0.03276952
 0.00965671 0.08244007 0.02481296 0.00535696 0.0138154  0.06832982
 0.04878175 0.05000651 0.00087739 0.00869986 0.01655609 0.02926376
 0.02825685 0.00348579 0.00666055 0.01433059 0.00160638 0.01464723
 0.00840137 0.05838451 0.07205158 0.01096545 0.01969061 0.07019935
 0.00555592 0.00180847 0.01022879 0.02242359]
[0.00673156 0.01867112 0.00754606 0.0613549  0.03789587 0.04685612
 0.001845   0.07951182 0.02247073 0.01012195 0.0450632  0.00120497
 0.06165316 0.02528242 0.04940418 0.01052726 0.00285475 0.04525298
 0.06276308 0.02119969 0.01138027 0.00027919 0.00538231 0.00338643
 0.00678218 0.01822101 0.00557482 0.04926804 0.01399335 0.06458816
 0.00794169 0.00207996 0.00109215 0.01831283]
[0.0052902  0.0295533  0.01048956 0.08065463 0.04270769 0.02059305
 0.0345096  0.06603867 0.05983555 0.00483719 0.07079598 0.00089696
 0.01280812 0.05656509 0.05207357 0.00410111 0.02202605 0.01241805
 0.01138084 0.01691887 0.00325083 0.00285489 0.00484334 0.0134975
 0.05147453 0.00477552 0.00074976 0.06484057 0.03453841 0.07091768
 0.03195565 0.02141064 0.03067719 0.04696749]
[0.00563178 0.00044092 0.01773562 0.01094119 0.03960766 0.0061567
 0.07069616 0.07996421 0.01972936 0.0147006  0.08508884 0.03344107
 0.04918769 0.00483399 0.04889869 0.00795947 0.00338264 0.00332968
 0.04866317 0.0144816  0.00452389 0.01376584 0.00103346 0.01380866
 0.03550117 0.04887869 0.01173051 0.06121639 0.03123305 0.05385205
 0.05217119 0.02282417 0.02259179 0.05956979]
[0.00563178 0.00044092 0.01773562 0.01094119 0.03960766 0.0061567
 0.07069616 0.07996421 0.01972936 0.0147006  0.08508884 0.03344107
 0.04918769 0.00483399 0.04889869 0.00795947 0.00338264 0.00332968
 0.04866317 0.0144816  0.00452389 0.01376584 0.00103346 0.01380866
 0.03550117 0.04887869 0.01173051 0.06121639 0.03123305 0.05385205
 0.05217119 0.02282417 0.02259179 0.05956979]
[0.00725854 0.05885076 0.0117318  0.02479481 0.01938438 0.03578677
 0.05363599 0.0764461  0.03787876 0.00899666 0.01405106 0.03503384
 0.02675305 0.00263066 0.02183501 0.01197237 0.02766143 0.01446555
 0.05649168 0.01660255 0.00341898 0.0105286  0.0025208  0.01632645
 0.06131232 0.00543359 0.03661018 0.01994168 0.02260948 0.06345346
 0.01117768 0.03400912 0.01033138 0.06947324]
[0.00100165 0.01743913 0.01405448 0.04390137 0.00866394 0.01051001
 0.06546125 0.03238251 0.04440913 0.01035095 0.02403826 0.02130119
 0.05431843 0.04226121 0.047996   0.01723815 0.00094517 0.03373506
 0.04694079 0.01212634 0.00538338 0.00415486 0.00511094 0.01227473
 0.00383557 0.00368601 0.00775584 0.01872417 0.03334349 0.03900953
 0.03797156 0.01267211 0.02981956 0.01832157]
[0.00100165 0.01743913 0.01405448 0.04390137 0.00866394 0.01051001
 0.06546125 0.03238251 0.04440913 0.01035095 0.02403826 0.02130119
 0.05431843 0.04226121 0.047996   0.01723815 0.00094517 0.03373506
 0.04694079 0.01212634 0.00538338 0.00415486 0.00511094 0.01227473
 0.00383557 0.00368601 0.00775584 0.01872417 0.03334349 0.03900953
 0.03797156 0.01267211 0.02981956 0.01832157]
[0.00100165 0.01743913 0.01405448 0.04390137 0.00866394 0.01051001
 0.06546125 0.03238251 0.04440913 0.01035095 0.02403826 0.02130119
 0.05431843 0.04226121 0.047996   0.01723815 0.00094517 0.03373506
 0.04694079 0.01212634 0.00538338 0.00415486 0.00511094 0.01227473
 0.00383557 0.00368601 0.00775584 0.01872417 0.03334349 0.03900953
 0.03797156 0.01267211 0.02981956 0.01832157]
[0.00100165 0.01743913 0.01405448 0.04390137 0.00866394 0.01051001
 0.06546125 0.03238251 0.04440913 0.01035095 0.02403826 0.02130119
 0.05431843 0.04226121 0.047996   0.01723815 0.00094517 0.03373506
 0.04694079 0.01212634 0.00538338 0.00415486 0.00511094 0.01227473
 0.00383557 0.00368601 0.00775584 0.01872417 0.03334349 0.03900953
 0.03797156 0.01267211 0.02981956 0.01832157]
[0.00100165 0.01743913 0.01405448 0.04390137 0.00866394 0.01051001
 0.06546125 0.03238251 0.04440913 0.01035095 0.02403826 0.02130119
 0.05431843 0.04226121 0.047996   0.01723815 0.00094517 0.03373506
 0.04694079 0.01212634 0.00538338 0.00415486 0.00511094 0.01227473
 0.00383557 0.00368601 0.00775584 0.01872417 0.03334349 0.03900953
 0.03797156 0.01267211 0.02981956 0.01832157]
[0.00100165 0.01743913 0.01405448 0.04390137 0.00866394 0.01051001
 0.06546125 0.03238251 0.04440913 0.01035095 0.02403826 0.02130119
 0.05431843 0.04226121 0.047996   0.01723815 0.00094517 0.03373506
 0.04694079 0.01212634 0.00538338 0.00415486 0.00511094 0.01227473
 0.00383557 0.00368601 0.00775584 0.01872417 0.03334349 0.03900953
 0.03797156 0.01267211 0.02981956 0.01832157]
