[2.62927427e-03 1.70168604e-02 1.34003153e-02 3.26760848e-03
 5.36780391e-02 3.18494987e-02 5.35423879e-02 9.53069476e-04
 2.86185965e-02 7.60436529e-03 1.03010698e-02 5.69817930e-02
 5.92082579e-02 5.67932868e-02 2.93805744e-02 1.54098410e-02
 2.16258379e-02 3.20856683e-02 3.49573372e-02 1.02687372e-02
 8.72537991e-04 3.96913170e-03 1.47105668e-04 4.75560322e-05
 4.29849022e-02 7.69043062e-04 3.62748408e-02 6.19412255e-02
 2.75333172e-02 4.36499857e-02 3.46495662e-02 1.29433997e-02
 3.10916239e-02 2.45873151e-02]
[2.62927427e-03 1.70168604e-02 1.34003153e-02 3.26760848e-03
 5.36780391e-02 3.18494987e-02 5.35423879e-02 9.53069476e-04
 2.86185965e-02 7.60436529e-03 1.03010698e-02 5.69817930e-02
 5.92082579e-02 5.67932868e-02 2.93805744e-02 1.54098410e-02
 2.16258379e-02 3.20856683e-02 3.49573372e-02 1.02687372e-02
 8.72537991e-04 3.96913170e-03 1.47105668e-04 4.75560322e-05
 4.29849022e-02 7.69043062e-04 3.62748408e-02 6.19412255e-02
 2.75333172e-02 4.36499857e-02 3.46495662e-02 1.29433997e-02
 3.10916239e-02 2.45873151e-02]
[0.00305956 0.03923906 0.01023904 0.02716226 0.02778921 0.05138201
 0.05194991 0.0471905  0.03744024 0.0025751  0.01252114 0.02954176
 0.07661839 0.06711912 0.03804315 0.0026243  0.00828009 0.0405254
 0.04842521 0.0157244  0.01079632 0.00906314 0.00518623 0.00940073
 0.05389134 0.04288506 0.00171541 0.03368925 0.05599374 0.00373611
 0.0408936  0.00029478 0.01399032 0.02001825]
[0.00501315 0.01501991 0.01846462 0.0722334  0.03413629 0.04307077
 0.07254041 0.00099393 0.03670066 0.01017664 0.0195449  0.0164648
 0.01565425 0.01059925 0.03443948 0.00720448 0.00214795 0.00272211
 0.07355336 0.00493221 0.01160237 0.01248196 0.00628132 0.00274468
 0.06113155 0.02954271 0.05382839 0.05529364 0.02019801 0.04606905
 0.00502938 0.0159077  0.04710715 0.03121762]
[0.00051214 0.02500414 0.02041657 0.08526048 0.04153734 0.0601603
 0.06690945 0.00196065 0.05267099 0.00438539 0.00485455 0.00513457
 0.01723178 0.02856344 0.05483843 0.00857572 0.00356696 0.01910259
 0.0384856  0.01060149 0.00328249 0.0119586  0.00139064 0.00126435
 0.05266241 0.04865513 0.0608114  0.06138017 0.0462208  0.01698678
 0.00122425 0.01861597 0.01454495 0.02834517]
[0.00493574 0.03887151 0.01186989 0.04297793 0.04072956 0.06646188
 0.03971624 0.00473726 0.01903963 0.00603576 0.04194158 0.00055557
 0.00123284 0.03248414 0.05495353 0.01400381 0.04522737 0.02784876
 0.04134753 0.01779782 0.00351983 0.00378338 0.00115716 0.00402648
 0.02612555 0.00299885 0.0192154  0.07194352 0.04367411 0.00226057
 0.01839314 0.00226972 0.00196981 0.05840797]
[0.001324   0.03825342 0.01871482 0.00492856 0.02447576 0.08894227
 0.00450041 0.03146779 0.0346468  0.00858828 0.01164213 0.02812984
 0.00648607 0.03871799 0.04604043 0.00270285 0.03774057 0.03225681
 0.06574615 0.00371116 0.0108035  0.00875638 0.00547698 0.01261735
 0.05993796 0.01925814 0.01340354 0.03842466 0.05707181 0.02104856
 0.02881277 0.00290859 0.0381876  0.00119399]
[0.00389074 0.02613334 0.01162567 0.00624235 0.00991063 0.07026426
 0.03616195 0.06960264 0.00254453 0.00577696 0.0502756  0.04719146
 0.04011927 0.07157969 0.02415313 0.00044947 0.00983865 0.03400512
 0.07842271 0.00810542 0.00937533 0.01111431 0.00384913 0.00406856
 0.00541374 0.06420555 0.05428864 0.01090433 0.04777867 0.02257648
 0.0239355  0.02256115 0.0146355  0.03592391]
[0.00310377 0.01516877 0.02250598 0.02986428 0.00161957 0.05407281
 0.06709666 0.0044897  0.04732549 0.01332985 0.07152854 0.0138302
 0.02656604 0.02662524 0.03020982 0.01531148 0.01818463 0.02983267
 0.06818173 0.02022616 0.00628854 0.00943068 0.00782185 0.01234824
 0.03004348 0.01954977 0.06647077 0.02807023 0.05628115 0.05292964
 0.0699079  0.01477042 0.00631238 0.04054251]
[0.00072178 0.03337599 0.01810005 0.04553594 0.01026973 0.03377598
 0.0774628  0.01410578 0.02291527 0.00778147 0.05349148 0.0151389
 0.0311935  0.04448172 0.02517694 0.00797796 0.03380606 0.03284986
 0.03698316 0.00283791 0.01031046 0.00406614 0.00428228 0.00413813
 0.05045651 0.05530414 0.02355263 0.01849749 0.02893371 0.05040117
 0.06085231 0.02016588 0.00520128 0.06272468]
[0.00441302 0.00413191 0.00181401 0.05476754 0.04475233 0.03983052
 0.09472375 0.00036497 0.03387138 0.00325983 0.09105473 0.04286383
 0.02614343 0.02265618 0.07341557 0.00384384 0.06520737 0.02011825
 0.06564928 0.00898965 0.00376566 0.0125929  0.00488677 0.01324987
 0.00382724 0.01775167 0.03406905 0.01323833 0.02289646 0.0022828
 0.04896259 0.02576857 0.02424397 0.0605299 ]
[0.00033753 0.02359708 0.00788081 0.0235493  0.03572995 0.0412243
 0.07512302 0.01342312 0.0562031  0.00907574 0.069986   0.07332794
 0.04618446 0.02969014 0.02537026 0.00296947 0.02569991 0.03882057
 0.05476489 0.00282351 0.0088608  0.00644933 0.00428439 0.01234248
 0.02968762 0.02283729 0.01950453 0.03540952 0.03107519 0.02791484
 0.06618377 0.00410014 0.0005039  0.07041478]
[0.00342305 0.06722104 0.00304954 0.02123865 0.00346275 0.02190195
 0.07005749 0.04812582 0.05140807 0.00722297 0.01736587 0.03593724
 0.07629065 0.05946433 0.0734771  0.02153708 0.02003914 0.01597464
 0.06107245 0.00424543 0.00987881 0.00192106 0.001114   0.0020461
 0.06839928 0.01909354 0.04113528 0.0069573  0.0099966  0.05162477
 0.00106175 0.01920677 0.03063432 0.05411998]
[0.00560524 0.06061858 0.01537192 0.03473499 0.03203649 0.05046645
 0.00837046 0.04194175 0.01696328 0.00521324 0.02851564 0.05218316
 0.08059132 0.01438235 0.00889955 0.00498596 0.02655511 0.03166965
 0.00948996 0.01868136 0.00268305 0.01210806 0.00045428 0.00055122
 0.03084726 0.01336335 0.03934244 0.02136665 0.00860936 0.0354245
 0.0488442  0.00903345 0.01620913 0.02669712]
[0.00560524 0.06061858 0.01537192 0.03473499 0.03203649 0.05046645
 0.00837046 0.04194175 0.01696328 0.00521324 0.02851564 0.05218316
 0.08059132 0.01438235 0.00889955 0.00498596 0.02655511 0.03166965
 0.00948996 0.01868136 0.00268305 0.01210806 0.00045428 0.00055122
 0.03084726 0.01336335 0.03934244 0.02136665 0.00860936 0.0354245
 0.0488442  0.00903345 0.01620913 0.02669712]
[4.99784391e-05 6.57611592e-02 7.53488477e-03 5.56971050e-02
 3.54466390e-02 2.31711229e-02 3.10833824e-02 3.82225713e-02
 2.71752277e-02 2.02854475e-03 1.91718051e-02 1.99356897e-02
 5.09056866e-02 2.28829428e-02 4.22414158e-02 1.75273277e-02
 3.63161365e-02 3.77784897e-02 1.66567668e-02 1.80547799e-02
 4.84135824e-03 1.15668823e-03 2.96226430e-03 8.25681116e-03
 2.96941045e-02 1.67111763e-02 1.18998935e-02 1.41749241e-02
 5.55470739e-02 2.17865309e-02 3.61299880e-02 1.73001879e-02
 8.87182252e-03 2.77751660e-02]
[4.99784391e-05 6.57611592e-02 7.53488477e-03 5.56971050e-02
 3.54466390e-02 2.31711229e-02 3.10833824e-02 3.82225713e-02
 2.71752277e-02 2.02854475e-03 1.91718051e-02 1.99356897e-02
 5.09056866e-02 2.28829428e-02 4.22414158e-02 1.75273277e-02
 3.63161365e-02 3.77784897e-02 1.66567668e-02 1.80547799e-02
 4.84135824e-03 1.15668823e-03 2.96226430e-03 8.25681116e-03
 2.96941045e-02 1.67111763e-02 1.18998935e-02 1.41749241e-02
 5.55470739e-02 2.17865309e-02 3.61299880e-02 1.73001879e-02
 8.87182252e-03 2.77751660e-02]
[4.99784391e-05 6.57611592e-02 7.53488477e-03 5.56971050e-02
 3.54466390e-02 2.31711229e-02 3.10833824e-02 3.82225713e-02
 2.71752277e-02 2.02854475e-03 1.91718051e-02 1.99356897e-02
 5.09056866e-02 2.28829428e-02 4.22414158e-02 1.75273277e-02
 3.63161365e-02 3.77784897e-02 1.66567668e-02 1.80547799e-02
 4.84135824e-03 1.15668823e-03 2.96226430e-03 8.25681116e-03
 2.96941045e-02 1.67111763e-02 1.18998935e-02 1.41749241e-02
 5.55470739e-02 2.17865309e-02 3.61299880e-02 1.73001879e-02
 8.87182252e-03 2.77751660e-02]
[0.00651817 0.04939148 0.00103669 0.02023671 0.00956358 0.03971041
 0.03447795 0.01635254 0.05712615 0.00719658 0.0577788  0.01672779
 0.06091019 0.0424457  0.06086332 0.00068695 0.00290948 0.01695137
 0.02142764 0.00743844 0.0001504  0.00401071 0.00647612 0.00257411
 0.05934246 0.00849807 0.00797855 0.04007269 0.07999742 0.05400042
 0.05873492 0.01355766 0.01452136 0.0587486 ]
[0.00651817 0.04939148 0.00103669 0.02023671 0.00956358 0.03971041
 0.03447795 0.01635254 0.05712615 0.00719658 0.0577788  0.01672779
 0.06091019 0.0424457  0.06086332 0.00068695 0.00290948 0.01695137
 0.02142764 0.00743844 0.0001504  0.00401071 0.00647612 0.00257411
 0.05934246 0.00849807 0.00797855 0.04007269 0.07999742 0.05400042
 0.05873492 0.01355766 0.01452136 0.0587486 ]
