Building DAG of jobs...
Using shell: /usr/bin/bash
Provided cores: 4
Rules claiming more threads will be scaled down.
Job counts:
	count	jobs
	1	run_single_chain
	1
Select jobs to execute...

[Wed Mar  3 13:02:48 2021]
rule run_single_chain:
    input: inter_results/network_c7_s381.nc, inter_results/sigma_s381.csv
    output: inter_results/network_c7_s401.nc
    jobid: 0
    wildcards: chain=7, sample=401
    threads: 4

/home/201403848/anaconda3_new/envs/pypsa-eur/bin/python3.8 /home/201403848/pypsa-mcmc/NOBACKUP/pypsa-eur-mcmc/pypsa-eur-mcmc/.snakemake/scripts/tmpkjtpz7b8.mh_chain.py
INFO:pypsa.io:Imported network network_c7_s381.nc has buses, carriers, generators, global_constraints, lines, links, loads, storage_units, stores
INFO:numexpr.utils:Note: NumExpr detected 64 cores but "NUMEXPR_MAX_THREADS" not set, so enforcing safe limit of 8.
INFO:pypsa.linopf:Prepare linear problem
INFO:pypsa.linopf:Total preparation time: 4.22s
INFO:pypsa.linopf:Solve linear problem using Gurobi solver
INFO:pypsa.linopf:Optimization successful. Objective value: 1.01e+11
INFO:root:sample accepted
INFO:pypsa.io:Exported network network_c7_s382.nc has links, stores, buses, carriers, storage_units, loads, generators, global_constraints, lines
INFO:pypsa.linopf:Prepare linear problem
INFO:pypsa.linopf:Total preparation time: 4.12s
INFO:pypsa.linopf:Solve linear problem using Gurobi solver
INFO:pypsa.linopf:Optimization successful. Objective value: 1.02e+11
INFO:root:sample accepted
INFO:pypsa.io:Exported network network_c7_s383.nc has links, stores, buses, carriers, storage_units, loads, generators, global_constraints, lines
INFO:pypsa.linopf:Prepare linear problem
INFO:pypsa.linopf:Total preparation time: 4.16s
INFO:pypsa.linopf:Solve linear problem using Gurobi solver
INFO:pypsa.linopf:Optimization successful. Objective value: 1.03e+11
INFO:root:sample accepted
INFO:pypsa.io:Exported network network_c7_s384.nc has links, stores, buses, carriers, storage_units, loads, generators, global_constraints, lines
INFO:pypsa.linopf:Prepare linear problem
INFO:pypsa.linopf:Total preparation time: 4.09s
INFO:pypsa.linopf:Solve linear problem using Gurobi solver
INFO:pypsa.linopf:Optimization successful. Objective value: 9.99e+10
INFO:root:sample accepted
INFO:pypsa.io:Exported network network_c7_s385.nc has links, stores, buses, carriers, storage_units, loads, generators, global_constraints, lines
INFO:pypsa.linopf:Prepare linear problem
INFO:pypsa.linopf:Total preparation time: 4.09s
INFO:pypsa.linopf:Solve linear problem using Gurobi solver
INFO:pypsa.linopf:Optimization successful. Objective value: 9.90e+10
INFO:root:sample accepted
INFO:pypsa.io:Exported network network_c7_s386.nc has links, stores, buses, carriers, storage_units, loads, generators, global_constraints, lines
INFO:pypsa.linopf:Prepare linear problem
INFO:pypsa.linopf:Total preparation time: 4.1s
INFO:pypsa.linopf:Solve linear problem using Gurobi solver
INFO:pypsa.linopf:Optimization successful. Objective value: 1.00e+11
INFO:root:sample accepted
INFO:pypsa.io:Exported network network_c7_s387.nc has links, stores, buses, carriers, storage_units, loads, generators, global_constraints, lines
INFO:pypsa.linopf:Prepare linear problem
INFO:pypsa.linopf:Total preparation time: 4.09s
INFO:pypsa.linopf:Solve linear problem using Gurobi solver
INFO:pypsa.linopf:Optimization successful. Objective value: 1.02e+11
INFO:root:sample accepted
INFO:pypsa.io:Exported network network_c7_s388.nc has links, stores, buses, carriers, storage_units, loads, generators, global_constraints, lines
INFO:pypsa.linopf:Prepare linear problem
INFO:pypsa.linopf:Total preparation time: 4.13s
INFO:pypsa.linopf:Solve linear problem using Gurobi solver
INFO:pypsa.linopf:Optimization successful. Objective value: 1.01e+11
INFO:root:sample accepted
INFO:pypsa.io:Exported network network_c7_s389.nc has links, stores, buses, carriers, storage_units, loads, generators, global_constraints, lines
INFO:pypsa.linopf:Prepare linear problem
INFO:pypsa.linopf:Total preparation time: 4.07s
INFO:pypsa.linopf:Solve linear problem using Gurobi solver
INFO:pypsa.linopf:Optimization successful. Objective value: 1.05e+11
INFO:root:sample rejected
INFO:pypsa.io:Imported network network_c7_s389.nc has buses, carriers, generators, global_constraints, lines, links, loads, storage_units, stores
INFO:pypsa.io:Exported network network_c7_s390.nc has links, stores, buses, carriers, storage_units, loads, generators, global_constraints, lines
INFO:pypsa.linopf:Prepare linear problem
INFO:pypsa.linopf:Total preparation time: 4.18s
INFO:pypsa.linopf:Solve linear problem using Gurobi solver
INFO:pypsa.linopf:Optimization successful. Objective value: 9.95e+10
INFO:root:sample accepted
INFO:pypsa.io:Exported network network_c7_s391.nc has links, stores, buses, carriers, storage_units, loads, generators, global_constraints, lines
INFO:pypsa.linopf:Prepare linear problem
INFO:pypsa.linopf:Total preparation time: 4.12s
INFO:pypsa.linopf:Solve linear problem using Gurobi solver
INFO:pypsa.linopf:Optimization successful. Objective value: 1.01e+11
INFO:root:sample accepted
INFO:pypsa.io:Exported network network_c7_s392.nc has links, stores, buses, carriers, storage_units, loads, generators, global_constraints, lines
INFO:pypsa.linopf:Prepare linear problem
INFO:pypsa.linopf:Total preparation time: 4.13s
INFO:pypsa.linopf:Solve linear problem using Gurobi solver
INFO:pypsa.linopf:Optimization successful. Objective value: 1.01e+11
INFO:root:sample accepted
INFO:pypsa.io:Exported network network_c7_s393.nc has links, stores, buses, carriers, storage_units, loads, generators, global_constraints, lines
INFO:pypsa.linopf:Prepare linear problem
INFO:pypsa.linopf:Total preparation time: 4.18s
INFO:pypsa.linopf:Solve linear problem using Gurobi solver
INFO:pypsa.linopf:Optimization successful. Objective value: 1.04e+11
INFO:root:sample rejected
INFO:pypsa.io:Imported network network_c7_s393.nc has buses, carriers, generators, global_constraints, lines, links, loads, storage_units, stores
INFO:pypsa.io:Exported network network_c7_s394.nc has links, stores, buses, carriers, storage_units, loads, generators, global_constraints, lines
INFO:pypsa.linopf:Prepare linear problem
INFO:pypsa.linopf:Total preparation time: 4.09s
INFO:pypsa.linopf:Solve linear problem using Gurobi solver
INFO:pypsa.linopf:Optimization successful. Objective value: 1.02e+11
INFO:root:sample accepted
INFO:pypsa.io:Exported network network_c7_s395.nc has links, stores, buses, carriers, storage_units, loads, generators, global_constraints, lines
INFO:pypsa.linopf:Prepare linear problem
INFO:pypsa.linopf:Total preparation time: 4.11s
INFO:pypsa.linopf:Solve linear problem using Gurobi solver
INFO:pypsa.linopf:Optimization successful. Objective value: 1.04e+11
INFO:root:sample rejected
INFO:pypsa.io:Imported network network_c7_s395.nc has buses, carriers, generators, global_constraints, lines, links, loads, storage_units, stores
INFO:pypsa.io:Exported network network_c7_s396.nc has links, stores, buses, carriers, storage_units, loads, generators, global_constraints, lines
INFO:pypsa.linopf:Prepare linear problem
INFO:pypsa.linopf:Total preparation time: 4.07s
INFO:pypsa.linopf:Solve linear problem using Gurobi solver
INFO:pypsa.linopf:Optimization successful. Objective value: 1.02e+11
INFO:root:sample rejected
INFO:pypsa.io:Imported network network_c7_s396.nc has buses, carriers, generators, global_constraints, lines, links, loads, storage_units, stores
INFO:pypsa.io:Exported network network_c7_s397.nc has links, stores, buses, carriers, storage_units, loads, generators, global_constraints, lines
INFO:pypsa.linopf:Prepare linear problem
INFO:pypsa.linopf:Total preparation time: 4.08s
INFO:pypsa.linopf:Solve linear problem using Gurobi solver
INFO:pypsa.linopf:Optimization successful. Objective value: 1.05e+11
INFO:root:sample rejected
INFO:pypsa.io:Imported network network_c7_s397.nc has buses, carriers, generators, global_constraints, lines, links, loads, storage_units, stores
INFO:pypsa.io:Exported network network_c7_s398.nc has links, stores, buses, carriers, storage_units, loads, generators, global_constraints, lines
INFO:pypsa.linopf:Prepare linear problem
INFO:pypsa.linopf:Total preparation time: 4.09s
INFO:pypsa.linopf:Solve linear problem using Gurobi solver
INFO:pypsa.linopf:Optimization successful. Objective value: 1.06e+11
INFO:root:sample rejected
INFO:pypsa.io:Imported network network_c7_s398.nc has buses, carriers, generators, global_constraints, lines, links, loads, storage_units, stores
INFO:pypsa.io:Exported network network_c7_s399.nc has links, stores, buses, carriers, storage_units, loads, generators, global_constraints, lines
INFO:pypsa.linopf:Prepare linear problem
INFO:pypsa.linopf:Total preparation time: 4.1s
INFO:pypsa.linopf:Solve linear problem using Gurobi solver
INFO:pypsa.linopf:Optimization successful. Objective value: 1.03e+11
INFO:root:sample rejected
INFO:pypsa.io:Imported network network_c7_s399.nc has buses, carriers, generators, global_constraints, lines, links, loads, storage_units, stores
INFO:pypsa.io:Exported network network_c7_s400.nc has links, stores, buses, carriers, storage_units, loads, generators, global_constraints, lines
INFO:pypsa.linopf:Prepare linear problem
INFO:pypsa.linopf:Total preparation time: 4.09s
INFO:pypsa.linopf:Solve linear problem using Gurobi solver
INFO:pypsa.linopf:Optimization successful. Objective value: 1.00e+11
INFO:root:sample accepted
INFO:pypsa.io:Exported network network_c7_s401.nc has links, stores, buses, carriers, storage_units, loads, generators, global_constraints, lines
[Wed Mar  3 13:12:56 2021]
Finished job 0.
1 of 1 steps (100%) done
