[0.0029512  0.05117379 0.01396855 0.01456443 0.0250911  0.05092388
 0.03543347 0.01618723 0.02961615 0.0045515  0.0126368  0.02921551
 0.03800708 0.06849871 0.0576985  0.01054295 0.02937013 0.02001209
 0.01254508 0.01393681 0.00200752 0.00746085 0.00238452 0.01318722
 0.00408674 0.03854962 0.03538558 0.06228197 0.06312334 0.00485469
 0.05994324 0.01298452 0.04001764 0.07222814]
[0.00544895 0.05408415 0.00275492 0.05715342 0.03619132 0.0575657
 0.02904116 0.04937732 0.03940327 0.00730107 0.02190659 0.04745023
 0.02129812 0.03680408 0.01884462 0.0183377  0.02664801 0.01748257
 0.04145779 0.01013668 0.00808717 0.00771899 0.00192928 0.00627863
 0.01333338 0.04290624 0.03309353 0.07117938 0.03257151 0.00535823
 0.0059995  0.01184429 0.01029521 0.0547929 ]
[0.00615413 0.01629604 0.00176654 0.00116502 0.06323499 0.06832968
 0.03081593 0.00477226 0.05530089 0.00050913 0.03743311 0.04458248
 0.00342922 0.04850147 0.06354173 0.02736394 0.04412092 0.0409931
 0.07704822 0.007098   0.00283    0.01124212 0.00170228 0.00439279
 0.01022391 0.06056638 0.02960976 0.03787344 0.01723239 0.0026449
 0.05413    0.00742096 0.03341287 0.03826481]
[0.00494715 0.01325614 0.02328637 0.0281232  0.0063931  0.02942969
 0.02213776 0.02182855 0.05731927 0.01405962 0.01422622 0.04482261
 0.01532708 0.05275311 0.03772029 0.02783134 0.02729816 0.02176051
 0.08293433 0.01538222 0.00041255 0.01264374 0.00715207 0.01677071
 0.00572778 0.06319303 0.01628163 0.00236198 0.00398758 0.04461171
 0.0157773  0.01710228 0.00584336 0.07673344]
[0.00494715 0.01325614 0.02328637 0.0281232  0.0063931  0.02942969
 0.02213776 0.02182855 0.05731927 0.01405962 0.01422622 0.04482261
 0.01532708 0.05275311 0.03772029 0.02783134 0.02729816 0.02176051
 0.08293433 0.01538222 0.00041255 0.01264374 0.00715207 0.01677071
 0.00572778 0.06319303 0.01628163 0.00236198 0.00398758 0.04461171
 0.0157773  0.01710228 0.00584336 0.07673344]
[0.00494715 0.01325614 0.02328637 0.0281232  0.0063931  0.02942969
 0.02213776 0.02182855 0.05731927 0.01405962 0.01422622 0.04482261
 0.01532708 0.05275311 0.03772029 0.02783134 0.02729816 0.02176051
 0.08293433 0.01538222 0.00041255 0.01264374 0.00715207 0.01677071
 0.00572778 0.06319303 0.01628163 0.00236198 0.00398758 0.04461171
 0.0157773  0.01710228 0.00584336 0.07673344]
[0.00542729 0.02634738 0.01634134 0.00059093 0.02048623 0.03463069
 0.00164592 0.02234082 0.05002307 0.01193414 0.00100062 0.02229279
 0.00126171 0.05601604 0.05340014 0.01528209 0.02848177 0.02537681
 0.02905033 0.00257808 0.00734285 0.00462286 0.00042757 0.00709288
 0.01215189 0.07272693 0.02214042 0.02870408 0.00095241 0.0431527
 0.01403226 0.00622223 0.01843981 0.05839098]
[0.00542729 0.02634738 0.01634134 0.00059093 0.02048623 0.03463069
 0.00164592 0.02234082 0.05002307 0.01193414 0.00100062 0.02229279
 0.00126171 0.05601604 0.05340014 0.01528209 0.02848177 0.02537681
 0.02905033 0.00257808 0.00734285 0.00462286 0.00042757 0.00709288
 0.01215189 0.07272693 0.02214042 0.02870408 0.00095241 0.0431527
 0.01403226 0.00622223 0.01843981 0.05839098]
[0.00542729 0.02634738 0.01634134 0.00059093 0.02048623 0.03463069
 0.00164592 0.02234082 0.05002307 0.01193414 0.00100062 0.02229279
 0.00126171 0.05601604 0.05340014 0.01528209 0.02848177 0.02537681
 0.02905033 0.00257808 0.00734285 0.00462286 0.00042757 0.00709288
 0.01215189 0.07272693 0.02214042 0.02870408 0.00095241 0.0431527
 0.01403226 0.00622223 0.01843981 0.05839098]
[0.00542729 0.02634738 0.01634134 0.00059093 0.02048623 0.03463069
 0.00164592 0.02234082 0.05002307 0.01193414 0.00100062 0.02229279
 0.00126171 0.05601604 0.05340014 0.01528209 0.02848177 0.02537681
 0.02905033 0.00257808 0.00734285 0.00462286 0.00042757 0.00709288
 0.01215189 0.07272693 0.02214042 0.02870408 0.00095241 0.0431527
 0.01403226 0.00622223 0.01843981 0.05839098]
[0.00542729 0.02634738 0.01634134 0.00059093 0.02048623 0.03463069
 0.00164592 0.02234082 0.05002307 0.01193414 0.00100062 0.02229279
 0.00126171 0.05601604 0.05340014 0.01528209 0.02848177 0.02537681
 0.02905033 0.00257808 0.00734285 0.00462286 0.00042757 0.00709288
 0.01215189 0.07272693 0.02214042 0.02870408 0.00095241 0.0431527
 0.01403226 0.00622223 0.01843981 0.05839098]
[0.0019667  0.01735452 0.01216838 0.01095566 0.00411628 0.0350812
 0.0176421  0.01877019 0.02535655 0.00298585 0.01661655 0.01608448
 0.0284255  0.05975154 0.0410948  0.01648922 0.01266735 0.01155199
 0.04158136 0.00269015 0.00635629 0.00614512 0.00267933 0.00736648
 0.04440431 0.04088801 0.04003199 0.04976166 0.01385296 0.02062852
 0.02085109 0.00159444 0.01268534 0.00443239]
[0.0019667  0.01735452 0.01216838 0.01095566 0.00411628 0.0350812
 0.0176421  0.01877019 0.02535655 0.00298585 0.01661655 0.01608448
 0.0284255  0.05975154 0.0410948  0.01648922 0.01266735 0.01155199
 0.04158136 0.00269015 0.00635629 0.00614512 0.00267933 0.00736648
 0.04440431 0.04088801 0.04003199 0.04976166 0.01385296 0.02062852
 0.02085109 0.00159444 0.01268534 0.00443239]
[0.00136447 0.03198074 0.00184582 0.01332307 0.00142033 0.04248907
 0.0298829  0.04477859 0.03746122 0.01104416 0.02669769 0.031319
 0.04753301 0.0427292  0.04964017 0.00179846 0.03225816 0.02207343
 0.03845194 0.00595742 0.00456588 0.00572208 0.00180452 0.00041011
 0.00040251 0.00851292 0.02300481 0.0513212  0.02711377 0.00903214
 0.02129631 0.01874839 0.02904066 0.02893072]
[0.0059718  0.01108753 0.0032815  0.0017211  0.02286952 0.02232144
 0.005631   0.02120099 0.05907973 0.00475709 0.07314229 0.00800228
 0.07032727 0.06505057 0.0717738  0.0082565  0.00211926 0.00899562
 0.03668233 0.02267692 0.00469734 0.00660436 0.00147216 0.01064369
 0.00184301 0.05407803 0.03343111 0.00202462 0.05612222 0.0574461
 0.04436443 0.00029811 0.01534741 0.01409024]
[0.00247685 0.02881316 0.01126686 0.04579201 0.04787952 0.01883948
 0.04988447 0.04045706 0.05201557 0.01383175 0.07752784 0.029102
 0.02334584 0.05379428 0.00667187 0.01262968 0.01073902 0.03250665
 0.02369673 0.00203925 0.00920144 0.01066146 0.00133862 0.00357601
 0.02132609 0.04042815 0.0198704  0.04991354 0.0783399  0.05598723
 0.01253738 0.01851674 0.00302989 0.02036987]
[0.00436031 0.05997021 0.01433281 0.05193992 0.03361851 0.01858276
 0.05726793 0.03714466 0.00101152 0.00846204 0.08867959 0.02847687
 0.01669017 0.01076411 0.04629685 0.01698724 0.02784929 0.02858132
 0.00106803 0.01621205 0.00845207 0.00873316 0.00136449 0.01116906
 0.04598669 0.0433707  0.03648891 0.00650637 0.05455633 0.04016745
 0.05508098 0.01285386 0.02349355 0.05848914]
[0.00648112 0.04412699 0.02113349 0.01903236 0.05982031 0.01910749
 0.01572948 0.06391216 0.02658364 0.00044427 0.09614805 0.02105333
 0.04287954 0.0427012  0.02374889 0.01963779 0.01359842 0.03934749
 0.04557748 0.00054148 0.00937315 0.00904519 0.00315593 0.00590552
 0.01085333 0.05042871 0.03167869 0.0437368  0.06586379 0.00577004
 0.02460183 0.01648806 0.03021355 0.01782996]
[0.00221334 0.01470791 0.01785399 0.0157699  0.06297583 0.00808401
 0.02889681 0.05485243 0.03138601 0.01058426 0.05162201 0.0142617
 0.00540048 0.03786507 0.04429094 0.01948001 0.00784624 0.05031108
 0.06423418 0.0100373  0.01139909 0.01156884 0.00585274 0.00896481
 0.0259388  0.08961478 0.05024667 0.00966551 0.04618586 0.00621345
 0.03432108 0.0312378  0.01743628 0.06021816]
[0.00154336 0.02157413 0.00135492 0.04766699 0.0024481  0.04705235
 0.05182718 0.06920608 0.00881465 0.01139357 0.06214173 0.03539426
 0.04721645 0.04057056 0.04511558 0.01077493 0.00525676 0.03832945
 0.07315703 0.01725777 0.00768516 0.00590112 0.00075402 0.00902937
 0.00249285 0.05481567 0.00711756 0.03369423 0.05748973 0.00779554
 0.00461143 0.00190375 0.0324162  0.00260891]
