[0.00151671 0.05714333 0.00591285 0.05430293 0.00593186 0.02691756
 0.0618927  0.02064681 0.03181108 0.00333246 0.03549368 0.01325654
 0.01906747 0.00361792 0.0216847  0.00743295 0.01532399 0.02158122
 0.01771447 0.00612987 0.01110993 0.00642939 0.00626322 0.01013085
 0.04612379 0.04200502 0.02824801 0.01889055 0.02864279 0.04319986
 0.04487487 0.00323891 0.01584574 0.00421011]
[0.00744984 0.02075552 0.01276693 0.05711444 0.05342556 0.06846398
 0.09674307 0.00257372 0.05216621 0.01502382 0.03749469 0.05734294
 0.03629878 0.05125334 0.00657286 0.02211561 0.01297584 0.00895181
 0.00888816 0.00577362 0.00656075 0.00423314 0.00210486 0.00346212
 0.01655161 0.03735764 0.07125554 0.01126374 0.03668267 0.01681543
 0.01817367 0.02763527 0.01152436 0.03526293]
[0.0018979  0.01138031 0.00801149 0.01917285 0.02847819 0.0242846
 0.01035052 0.03426712 0.06672958 0.00327082 0.02746212 0.04606274
 0.0723169  0.07646331 0.00729896 0.0126853  0.0223638  0.0076732
 0.04099134 0.00204396 0.01141819 0.00026137 0.00742742 0.00916981
 0.05902679 0.02922158 0.07481942 0.02342562 0.03333707 0.04598725
 0.04121181 0.03204137 0.03329208 0.06664674]
[0.00578494 0.06197254 0.01959815 0.03986028 0.02460387 0.06671373
 0.01699173 0.03485549 0.01795271 0.00323319 0.01381649 0.02918626
 0.05682801 0.02666099 0.01146189 0.00570041 0.02770346 0.04962667
 0.06633683 0.01778572 0.0065333  0.00062661 0.00206892 0.00553054
 0.07549733 0.05932649 0.02685161 0.01599224 0.05856694 0.02175597
 0.00224287 0.01552282 0.01428534 0.08903265]
[0.00105656 0.04732843 0.00962773 0.05890934 0.03766096 0.03900287
 0.00756243 0.05307861 0.03079622 0.01358544 0.04755582 0.04056326
 0.05336757 0.04342977 0.00598144 0.00811555 0.00495744 0.00012687
 0.03497174 0.00074141 0.00845034 0.0073976  0.00275038 0.0080394
 0.08260064 0.07134494 0.03959615 0.04270288 0.03098317 0.0001284
 0.0496882  0.02205804 0.00016661 0.02003883]
[0.00719135 0.04088815 0.02139319 0.0335372  0.02134221 0.02952095
 0.04934159 0.06190094 0.04008413 0.0128717  0.00333525 0.06354972
 0.07508698 0.07409614 0.02637497 0.00987913 0.00634435 0.03500642
 0.02251772 0.00307672 0.00332443 0.00400478 0.00083078 0.00357391
 0.05892383 0.02328776 0.02947442 0.0308823  0.0189044  0.02722888
 0.06714855 0.02041119 0.00276321 0.03899166]
[0.0074604  0.06723553 0.02124222 0.00528731 0.03869984 0.04156589
 0.05805298 0.0244036  0.00300592 0.00114083 0.00789747 0.09544162
 0.07901659 0.0313948  0.03370818 0.00521566 0.04920145 0.01771907
 0.06310212 0.01049703 0.01259293 0.0170869  0.00192002 0.01653663
 0.04251937 0.06455838 0.00613932 0.01156006 0.03190745 0.01406907
 0.05557187 0.01390593 0.01107291 0.03822442]
[0.00528326 0.07242769 0.00091501 0.0405247  0.00371684 0.01934055
 0.05694194 0.01273104 0.00945605 0.0032554  0.00082837 0.02989717
 0.01679442 0.03385219 0.04699269 0.00050093 0.04297726 0.020629
 0.03170747 0.00851551 0.00625732 0.00497043 0.00148276 0.00900718
 0.0033199  0.05811725 0.01503715 0.03904732 0.04668191 0.02686992
 0.06042023 0.00386837 0.0285719  0.05712866]
[0.00675368 0.02839329 0.01968365 0.065341   0.03077133 0.00955383
 0.04098126 0.00048145 0.02518648 0.00872069 0.03324866 0.03703523
 0.02835071 0.04311652 0.02194352 0.01616558 0.03841822 0.02035501
 0.02719626 0.01167196 0.00283256 0.01156247 0.00306576 0.01197491
 0.01234633 0.05759863 0.02850406 0.0418586  0.05326752 0.01765168
 0.01377739 0.02205054 0.02430755 0.03076563]
[0.00311279 0.00734053 0.00958839 0.00576691 0.0113891  0.00673277
 0.03026685 0.03594262 0.03186727 0.00576988 0.05275665 0.05132726
 0.03410351 0.03817327 0.03483244 0.01789076 0.0323635  0.02276823
 0.06112121 0.00193686 0.00211923 0.01387073 0.00174788 0.00159715
 0.01945982 0.00381936 0.05343629 0.05772526 0.07184516 0.03589989
 0.01369422 0.01716544 0.02422087 0.01532214]
[0.00311279 0.00734053 0.00958839 0.00576691 0.0113891  0.00673277
 0.03026685 0.03594262 0.03186727 0.00576988 0.05275665 0.05132726
 0.03410351 0.03817327 0.03483244 0.01789076 0.0323635  0.02276823
 0.06112121 0.00193686 0.00211923 0.01387073 0.00174788 0.00159715
 0.01945982 0.00381936 0.05343629 0.05772526 0.07184516 0.03589989
 0.01369422 0.01716544 0.02422087 0.01532214]
[0.00563409 0.0236826  0.01240025 0.02492054 0.04398169 0.0026986
 0.00279192 0.04219796 0.04785779 0.01312045 0.06569575 0.04778249
 0.05675462 0.03265923 0.03120773 0.00527344 0.03775969 0.02537628
 0.06139305 0.00709219 0.00636517 0.00979794 0.00216761 0.01264805
 0.02279493 0.02782101 0.01082033 0.04944619 0.06862997 0.04729314
 0.00781973 0.00892912 0.00115358 0.01101635]
[0.00336921 0.04907112 0.00502191 0.01644498 0.04687142 0.02884468
 0.03606178 0.02354082 0.01680844 0.00908419 0.00699732 0.04973343
 0.06054602 0.04878829 0.02881087 0.00118317 0.0261009  0.03325694
 0.00996425 0.00213596 0.00170907 0.00274438 0.00497836 0.00900404
 0.01513805 0.01728331 0.02975685 0.00687365 0.04039827 0.02186737
 0.0152641  0.02120382 0.02917359 0.00474643]
[0.00336921 0.04907112 0.00502191 0.01644498 0.04687142 0.02884468
 0.03606178 0.02354082 0.01680844 0.00908419 0.00699732 0.04973343
 0.06054602 0.04878829 0.02881087 0.00118317 0.0261009  0.03325694
 0.00996425 0.00213596 0.00170907 0.00274438 0.00497836 0.00900404
 0.01513805 0.01728331 0.02975685 0.00687365 0.04039827 0.02186737
 0.0152641  0.02120382 0.02917359 0.00474643]
[0.00336921 0.04907112 0.00502191 0.01644498 0.04687142 0.02884468
 0.03606178 0.02354082 0.01680844 0.00908419 0.00699732 0.04973343
 0.06054602 0.04878829 0.02881087 0.00118317 0.0261009  0.03325694
 0.00996425 0.00213596 0.00170907 0.00274438 0.00497836 0.00900404
 0.01513805 0.01728331 0.02975685 0.00687365 0.04039827 0.02186737
 0.0152641  0.02120382 0.02917359 0.00474643]
[0.00336921 0.04907112 0.00502191 0.01644498 0.04687142 0.02884468
 0.03606178 0.02354082 0.01680844 0.00908419 0.00699732 0.04973343
 0.06054602 0.04878829 0.02881087 0.00118317 0.0261009  0.03325694
 0.00996425 0.00213596 0.00170907 0.00274438 0.00497836 0.00900404
 0.01513805 0.01728331 0.02975685 0.00687365 0.04039827 0.02186737
 0.0152641  0.02120382 0.02917359 0.00474643]
[0.00336921 0.04907112 0.00502191 0.01644498 0.04687142 0.02884468
 0.03606178 0.02354082 0.01680844 0.00908419 0.00699732 0.04973343
 0.06054602 0.04878829 0.02881087 0.00118317 0.0261009  0.03325694
 0.00996425 0.00213596 0.00170907 0.00274438 0.00497836 0.00900404
 0.01513805 0.01728331 0.02975685 0.00687365 0.04039827 0.02186737
 0.0152641  0.02120382 0.02917359 0.00474643]
[0.00088441 0.03194489 0.00011809 0.04232667 0.03895061 0.01512725
 0.02382387 0.02330641 0.0485721  0.00293721 0.03076025 0.0573168
 0.00769392 0.0515262  0.04058496 0.00472495 0.03571505 0.02243712
 0.02426136 0.0082366  0.00514033 0.01042618 0.00258721 0.00622018
 0.02288828 0.03912992 0.01396087 0.0265959  0.0245967  0.0402711
 0.0427032  0.00755752 0.03364686 0.00167784]
[0.00088441 0.03194489 0.00011809 0.04232667 0.03895061 0.01512725
 0.02382387 0.02330641 0.0485721  0.00293721 0.03076025 0.0573168
 0.00769392 0.0515262  0.04058496 0.00472495 0.03571505 0.02243712
 0.02426136 0.0082366  0.00514033 0.01042618 0.00258721 0.00622018
 0.02288828 0.03912992 0.01396087 0.0265959  0.0245967  0.0402711
 0.0427032  0.00755752 0.03364686 0.00167784]
[0.002647   0.04331492 0.01114099 0.01897069 0.02642713 0.0439944
 0.0471062  0.03452091 0.03220287 0.00509406 0.03128223 0.05828505
 0.0368101  0.03665131 0.04392353 0.01818165 0.00335752 0.00567167
 0.01399565 0.0048176  0.00790648 0.00215571 0.0047688  0.01064847
 0.0285824  0.02989681 0.04181123 0.04830952 0.04207908 0.01681664
 0.05271318 0.02148149 0.02869878 0.0183022 ]
