[0.00639895 0.07524056 0.01041145 0.06513641 0.02757762 0.06243265
 0.07499602 0.00141155 0.04812266 0.0103645  0.0331261  0.05180557
 0.05184082 0.00903591 0.03195912 0.00835483 0.02097741 0.04129373
 0.01898532 0.00379486 0.00428673 0.01505586 0.00041314 0.01507156
 0.01377322 0.0350945  0.02781115 0.04343615 0.02927788 0.01002314
 0.04256149 0.01930779 0.02008858 0.07030668]
[0.00713621 0.07529432 0.00019175 0.06159856 0.06064929 0.02274478
 0.02748064 0.03408326 0.07450584 0.0037679  0.00639126 0.01850563
 0.02793166 0.03352111 0.03789966 0.0268894  0.00967076 0.03511609
 0.03031743 0.00971322 0.01535719 0.01216603 0.00058789 0.01734517
 0.00419259 0.01000223 0.04740271 0.09019936 0.07367627 0.01835772
 0.03707324 0.02256937 0.00330215 0.04420697]
[0.00261946 0.05274805 0.00055956 0.08208844 0.0098611  0.03161298
 0.0659525  0.04015191 0.00139404 0.01482605 0.00115854 0.04628356
 0.01933317 0.04153494 0.00690143 0.00801297 0.02856086 0.03403343
 0.04214167 0.00423523 0.00759153 0.01069692 0.00168612 0.00741822
 0.00485686 0.05031262 0.06031399 0.0552313  0.00192892 0.05730632
 0.02475632 0.00292912 0.00380849 0.01800741]
[0.00034915 0.08571984 0.00831464 0.06880008 0.03141693 0.01779409
 0.00141301 0.0722914  0.03267595 0.00645226 0.03174253 0.00313226
 0.04909113 0.0096895  0.00344355 0.00349452 0.00950373 0.00020536
 0.02147891 0.02077012 0.00034071 0.01682311 0.00193709 0.01585615
 0.01692734 0.08328002 0.025494   0.02609212 0.065703   0.00257812
 0.08210522 0.01525184 0.03958226 0.06387773]
[0.00482051 0.05752598 0.01032113 0.06488887 0.04438357 0.06238516
 0.01423929 0.00439755 0.02722448 0.00101891 0.06168343 0.02004441
 0.07918378 0.05316624 0.05614693 0.025285   0.04112776 0.01592333
 0.05996546 0.01649818 0.00219842 0.01046625 0.00630977 0.00853432
 0.01971054 0.03785298 0.06148061 0.00203134 0.00702769 0.01533028
 0.02203115 0.0208375  0.01957347 0.03394804]
[0.00460927 0.0391379  0.01824711 0.07592626 0.02295748 0.02414281
 0.00847266 0.01738604 0.02958331 0.01369404 0.06766512 0.05302177
 0.04826239 0.0222269  0.05802515 0.01712107 0.02864925 0.03902948
 0.01347924 0.01477394 0.00600088 0.00894841 0.00063736 0.01621876
 0.00448881 0.05055714 0.08049272 0.04603518 0.0306577  0.00410322
 0.01831472 0.02869609 0.04150984 0.04035897]
[0.00261305 0.04874855 0.01208453 0.04287228 0.05662887 0.02896727
 0.03572402 0.00786516 0.03043038 0.01099778 0.05648934 0.00032846
 0.01061483 0.00471579 0.03341111 0.02272867 0.04277614 0.00825912
 0.04087145 0.0178661  0.00445894 0.00924366 0.00444161 0.00605499
 0.04365335 0.01440755 0.07154472 0.06216417 0.04345963 0.01087991
 0.00388874 0.01933661 0.01529141 0.00931511]
[0.00218892 0.02639449 0.00985506 0.01807781 0.02280213 0.05337947
 0.00948138 0.02750022 0.04493494 0.00760249 0.03335474 0.04194706
 0.05008378 0.04038408 0.04885045 0.01557179 0.02117265 0.00493247
 0.02891631 0.00875892 0.00299658 0.0044479  0.00543857 0.00480437
 0.04683028 0.02820243 0.06263795 0.00568604 0.06358174 0.03244193
 0.03987493 0.00069962 0.01906898 0.02416728]
[0.00218892 0.02639449 0.00985506 0.01807781 0.02280213 0.05337947
 0.00948138 0.02750022 0.04493494 0.00760249 0.03335474 0.04194706
 0.05008378 0.04038408 0.04885045 0.01557179 0.02117265 0.00493247
 0.02891631 0.00875892 0.00299658 0.0044479  0.00543857 0.00480437
 0.04683028 0.02820243 0.06263795 0.00568604 0.06358174 0.03244193
 0.03987493 0.00069962 0.01906898 0.02416728]
[0.00028684 0.02609681 0.00899813 0.0071294  0.04902322 0.01896968
 0.04888001 0.03731117 0.00696775 0.01220394 0.05045642 0.0127801
 0.0483193  0.0338659  0.05067354 0.01095972 0.04429107 0.02475148
 0.04609861 0.01604489 0.0074202  0.00679707 0.00136396 0.0092373
 0.01915352 0.04039981 0.04095723 0.00263302 0.05435029 0.00188016
 0.0243306  0.00243894 0.03519904 0.03883834]
[0.00083962 0.02555089 0.00754448 0.04103656 0.03243531 0.02591848
 0.00560448 0.03077301 0.04852312 0.00124432 0.01572759 0.00527243
 0.03015282 0.05412627 0.06011221 0.0115499  0.04619106 0.03947256
 0.01184498 0.01111945 0.00266736 0.00589568 0.00076912 0.00459541
 0.01236568 0.05750114 0.04097822 0.00678217 0.01008086 0.01074161
 0.02110644 0.02395113 0.0012367  0.04654696]
[0.00083962 0.02555089 0.00754448 0.04103656 0.03243531 0.02591848
 0.00560448 0.03077301 0.04852312 0.00124432 0.01572759 0.00527243
 0.03015282 0.05412627 0.06011221 0.0115499  0.04619106 0.03947256
 0.01184498 0.01111945 0.00266736 0.00589568 0.00076912 0.00459541
 0.01236568 0.05750114 0.04097822 0.00678217 0.01008086 0.01074161
 0.02110644 0.02395113 0.0012367  0.04654696]
[0.00083962 0.02555089 0.00754448 0.04103656 0.03243531 0.02591848
 0.00560448 0.03077301 0.04852312 0.00124432 0.01572759 0.00527243
 0.03015282 0.05412627 0.06011221 0.0115499  0.04619106 0.03947256
 0.01184498 0.01111945 0.00266736 0.00589568 0.00076912 0.00459541
 0.01236568 0.05750114 0.04097822 0.00678217 0.01008086 0.01074161
 0.02110644 0.02395113 0.0012367  0.04654696]
[0.00083962 0.02555089 0.00754448 0.04103656 0.03243531 0.02591848
 0.00560448 0.03077301 0.04852312 0.00124432 0.01572759 0.00527243
 0.03015282 0.05412627 0.06011221 0.0115499  0.04619106 0.03947256
 0.01184498 0.01111945 0.00266736 0.00589568 0.00076912 0.00459541
 0.01236568 0.05750114 0.04097822 0.00678217 0.01008086 0.01074161
 0.02110644 0.02395113 0.0012367  0.04654696]
[0.00083962 0.02555089 0.00754448 0.04103656 0.03243531 0.02591848
 0.00560448 0.03077301 0.04852312 0.00124432 0.01572759 0.00527243
 0.03015282 0.05412627 0.06011221 0.0115499  0.04619106 0.03947256
 0.01184498 0.01111945 0.00266736 0.00589568 0.00076912 0.00459541
 0.01236568 0.05750114 0.04097822 0.00678217 0.01008086 0.01074161
 0.02110644 0.02395113 0.0012367  0.04654696]
[0.0029775  0.02568957 0.00222436 0.00317165 0.03229082 0.04533548
 0.03457854 0.05344923 0.03514927 0.01014548 0.00663338 0.00810183
 0.05571656 0.04060883 0.02116679 0.00285381 0.00081788 0.03359151
 0.01692802 0.00230122 0.0005626  0.00255523 0.0011616  0.01115654
 0.03714178 0.0302624  0.025435   0.02121491 0.02529069 0.01171044
 0.00347061 0.01928299 0.00979766 0.05743656]
[0.0029775  0.02568957 0.00222436 0.00317165 0.03229082 0.04533548
 0.03457854 0.05344923 0.03514927 0.01014548 0.00663338 0.00810183
 0.05571656 0.04060883 0.02116679 0.00285381 0.00081788 0.03359151
 0.01692802 0.00230122 0.0005626  0.00255523 0.0011616  0.01115654
 0.03714178 0.0302624  0.025435   0.02121491 0.02529069 0.01171044
 0.00347061 0.01928299 0.00979766 0.05743656]
[0.00081032 0.01892872 0.00161416 0.04606796 0.00440884 0.04964453
 0.04754591 0.03888673 0.0458881  0.0033469  0.01290323 0.00663675
 0.05050811 0.04643366 0.05114444 0.02000376 0.01870524 0.0380546
 0.01659999 0.00647435 0.00397198 0.00114444 0.00043442 0.00588299
 0.03222009 0.03834281 0.01909079 0.05528293 0.03829951 0.03151006
 0.04379808 0.00021712 0.02870557 0.05832171]
[0.00389581 0.01370573 0.01700525 0.05815559 0.02422905 0.04953193
 0.06071734 0.03176846 0.04217179 0.01134614 0.00985008 0.01259405
 0.05027511 0.01820503 0.0573444  0.02138182 0.03091903 0.02252421
 0.01008681 0.01134813 0.00520606 0.01162819 0.00422135 0.001101
 0.02583981 0.02757692 0.03676638 0.06571318 0.01370037 0.06086342
 0.0211809  0.00872149 0.00044077 0.02662704]
[0.00650662 0.01013574 0.01585245 0.05820167 0.01090202 0.01377988
 0.06788846 0.06396396 0.0633811  0.00066728 0.00593969 0.06096595
 0.0360718  0.02152049 0.01872592 0.014463   0.05616514 0.03488291
 0.05080972 0.00552439 0.00391461 0.0027161  0.00245714 0.00735096
 0.03479946 0.05804319 0.03660045 0.01465937 0.01405071 0.02852509
 0.03244279 0.00427069 0.02972786 0.03455663]
