[0.0015489  0.02682682 0.00939605 0.03448778 0.02509413 0.00792057
 0.03687794 0.03304723 0.01217224 0.00518431 0.04882222 0.04186211
 0.03381497 0.06240598 0.00374372 0.01654585 0.01180355 0.00766116
 0.04005174 0.00301543 0.00802731 0.00736237 0.00043136 0.01014728
 0.02618248 0.02070318 0.03224182 0.04109439 0.01787066 0.00747205
 0.04215001 0.00395235 0.00414246 0.02130552]
[0.00045339 0.01741909 0.00685583 0.05648713 0.04742943 0.03797674
 0.05884992 0.05637377 0.03428814 0.01029407 0.06269984 0.01918103
 0.0576029  0.00366495 0.04365233 0.01054065 0.0361259  0.03574026
 0.06456252 0.00900141 0.00879942 0.00455919 0.00305611 0.01028249
 0.02023756 0.00186784 0.00032139 0.00420792 0.03873661 0.01650381
 0.0581947  0.00334269 0.00303484 0.05776798]
[1.98203714e-03 6.17295478e-02 1.84257874e-02 2.06730679e-02
 2.88267673e-02 1.27406687e-02 5.84794689e-02 2.29944933e-02
 5.89492896e-02 6.21096491e-03 2.79000523e-02 3.51179560e-03
 3.83821740e-02 3.21222119e-02 6.67629060e-02 8.25409562e-03
 2.20945311e-02 4.67034157e-02 4.49087978e-02 9.11624664e-03
 1.16663261e-02 1.05503808e-02 8.20849609e-05 1.23529865e-02
 2.95048084e-03 4.88559901e-02 4.77497533e-02 4.44481723e-02
 4.21697031e-02 5.07186469e-02 5.75219040e-02 5.51335246e-03
 2.94724215e-02 2.80230428e-02]
[1.28101461e-03 7.27109880e-02 6.78543269e-03 8.38877892e-03
 2.26725672e-02 3.75793309e-02 4.71043032e-03 4.90037667e-02
 4.87710235e-03 9.23163990e-03 1.83717093e-02 3.32479763e-02
 6.89906022e-02 4.63333559e-02 6.43972391e-02 1.04888898e-02
 1.65548798e-02 1.96322565e-02 3.65225440e-02 5.69601280e-03
 4.35482546e-03 2.21270827e-03 4.90840797e-03 1.55223953e-06
 4.36258284e-02 2.66687310e-02 3.23763579e-02 7.54378768e-02
 7.31389749e-02 7.00245298e-02 1.94513025e-02 2.86442719e-02
 1.61279722e-02 4.58251393e-02]
[3.86194484e-03 8.70883699e-02 4.72632758e-03 2.22416759e-03
 1.53821635e-02 2.59415969e-02 1.03303891e-02 5.79707530e-02
 5.94378953e-03 1.46424994e-03 2.36819017e-02 6.66431351e-02
 4.72077165e-02 6.67878127e-04 4.51047002e-02 9.42443939e-03
 2.13146352e-02 3.70671129e-02 5.46924454e-02 1.50352910e-02
 4.69612454e-03 6.63016144e-03 5.36894484e-03 8.85109788e-03
 2.60951188e-02 5.51811980e-02 4.97431674e-02 1.58077808e-02
 2.46316508e-02 6.11388000e-02 9.00230275e-05 1.54250360e-02
 2.99011750e-02 1.69156590e-02]
[3.86194484e-03 8.70883699e-02 4.72632758e-03 2.22416759e-03
 1.53821635e-02 2.59415969e-02 1.03303891e-02 5.79707530e-02
 5.94378953e-03 1.46424994e-03 2.36819017e-02 6.66431351e-02
 4.72077165e-02 6.67878127e-04 4.51047002e-02 9.42443939e-03
 2.13146352e-02 3.70671129e-02 5.46924454e-02 1.50352910e-02
 4.69612454e-03 6.63016144e-03 5.36894484e-03 8.85109788e-03
 2.60951188e-02 5.51811980e-02 4.97431674e-02 1.58077808e-02
 2.46316508e-02 6.11388000e-02 9.00230275e-05 1.54250360e-02
 2.99011750e-02 1.69156590e-02]
[0.002311   0.00204002 0.00256246 0.02333042 0.04213735 0.04449064
 0.00629595 0.07377578 0.0241286  0.01584133 0.04297977 0.03675467
 0.06524566 0.05614001 0.03803637 0.01993234 0.04874172 0.02018931
 0.02072153 0.00764706 0.00738042 0.01106231 0.000566   0.00372024
 0.00142413 0.06205196 0.07477295 0.04867997 0.03481891 0.01261214
 0.00282314 0.00766777 0.02701845 0.00846704]
[0.00110675 0.03070726 0.01366552 0.03775793 0.0288019  0.05868811
 0.03049433 0.01549484 0.00715436 0.01251206 0.01043181 0.07468012
 0.06009261 0.05282625 0.04151238 0.02137203 0.00057155 0.02595532
 0.02345225 0.00287011 0.00421251 0.00356315 0.00599409 0.01018826
 0.04850177 0.01670254 0.08336448 0.0770031  0.00497007 0.02275415
 0.04131981 0.00169212 0.03080384 0.00707757]
[0.00515424 0.0735814  0.01188784 0.00953474 0.01644071 0.08012593
 0.02388316 0.04679347 0.04727794 0.00598352 0.02405001 0.0055874
 0.0027373  0.0355308  0.01505246 0.00819445 0.02187192 0.00034964
 0.029951   0.00768186 0.00018675 0.00578532 0.00635149 0.01163043
 0.05555521 0.06746541 0.04676496 0.05347009 0.03412811 0.06719024
 0.03361803 0.01786296 0.02346972 0.01560153]
[0.00523334 0.02333508 0.00696644 0.00887153 0.05325018 0.04804402
 0.00668013 0.01499364 0.01118232 0.01205528 0.05012776 0.04098719
 0.0583803  0.01988951 0.01629429 0.02576889 0.04996848 0.00627384
 0.06961561 0.00503647 0.00162581 0.0151975  0.00080513 0.00072303
 0.01430127 0.05791912 0.01199229 0.07351227 0.06565503 0.042227
 0.03282464 0.00973549 0.01965881 0.03482049]
[0.00524169 0.01414321 0.01553572 0.03138755 0.0001946  0.02555894
 0.04371231 0.02855319 0.05726568 0.00538735 0.00906108 0.04634478
 0.00082115 0.01663279 0.06579385 0.02591296 0.0090509  0.01464656
 0.08767187 0.01536163 0.00362919 0.00046336 0.00420716 0.01554175
 0.04113194 0.07374415 0.05592386 0.00413494 0.07927694 0.04188561
 0.03135705 0.02694121 0.02909386 0.04284326]
[0.00343258 0.04363198 0.01866747 0.05407015 0.05883706 0.05665907
 0.00016428 0.04761914 0.0073677  0.01300749 0.00744632 0.01673736
 0.03057749 0.01935897 0.01694647 0.01492092 0.02576708 0.04040718
 0.01096713 0.02504675 0.00954802 0.00776659 0.00292128 0.00480753
 0.06053951 0.09572744 0.09444042 0.00229756 0.04796372 0.02579564
 0.00349313 0.01377962 0.04800043 0.06807199]
[0.00367634 0.01052309 0.01425446 0.07425093 0.03741541 0.02020504
 0.04117169 0.04692466 0.0365653  0.00483231 0.02431207 0.04512969
 0.05916121 0.0600448  0.02971312 0.00315126 0.02901979 0.04738431
 0.00168519 0.0117873  0.01010738 0.00142845 0.00378031 0.00287032
 0.02183155 0.0295003  0.01266743 0.01909172 0.05507421 0.04164259
 0.02409428 0.02504552 0.02973494 0.03717889]
[0.0087389  0.03408553 0.01231278 0.0161014  0.07217014 0.1009481
 0.03418066 0.00934227 0.01411092 0.00580429 0.00499877 0.01329939
 0.00472633 0.07055926 0.0059522  0.02900347 0.06575885 0.03288606
 0.08487113 0.01605703 0.00456565 0.00228074 0.00495788 0.00112265
 0.05753046 0.03047059 0.06607884 0.01307314 0.0602885  0.0250204
 0.03354088 0.01864372 0.03135632 0.00018637]
[0.00306722 0.08160777 0.00570964 0.06774959 0.03328034 0.03768695
 0.03582907 0.04590796 0.02438978 0.01444247 0.02317936 0.00491166
 0.00256383 0.0553279  0.00469747 0.02394938 0.00227428 0.01427062
 0.05756653 0.01490112 0.00569727 0.00475707 0.0004417  0.00120429
 0.08941479 0.04174762 0.06698576 0.02620789 0.0495667  0.04912435
 0.0213553  0.0297256  0.01528638 0.03889876]
[0.00045677 0.06326516 0.00304634 0.04152113 0.0109626  0.04106668
 0.05839261 0.00436728 0.03947485 0.00729001 0.03740161 0.0310755
 0.02396206 0.05068661 0.02436781 0.01981319 0.02318092 0.01967698
 0.03752507 0.00637935 0.00789782 0.00189109 0.00471875 0.01286309
 0.05237837 0.00469801 0.05320303 0.02050875 0.05788674 0.01849924
 0.04113905 0.0104556  0.02585024 0.00248828]
[0.00045677 0.06326516 0.00304634 0.04152113 0.0109626  0.04106668
 0.05839261 0.00436728 0.03947485 0.00729001 0.03740161 0.0310755
 0.02396206 0.05068661 0.02436781 0.01981319 0.02318092 0.01967698
 0.03752507 0.00637935 0.00789782 0.00189109 0.00471875 0.01286309
 0.05237837 0.00469801 0.05320303 0.02050875 0.05788674 0.01849924
 0.04113905 0.0104556  0.02585024 0.00248828]
[0.00045677 0.06326516 0.00304634 0.04152113 0.0109626  0.04106668
 0.05839261 0.00436728 0.03947485 0.00729001 0.03740161 0.0310755
 0.02396206 0.05068661 0.02436781 0.01981319 0.02318092 0.01967698
 0.03752507 0.00637935 0.00789782 0.00189109 0.00471875 0.01286309
 0.05237837 0.00469801 0.05320303 0.02050875 0.05788674 0.01849924
 0.04113905 0.0104556  0.02585024 0.00248828]
[0.00209054 0.06361563 0.00291134 0.0089634  0.03943761 0.03294956
 0.04829152 0.00291272 0.01879645 0.00235011 0.07047855 0.02686549
 0.0715799  0.06291499 0.00774279 0.00806445 0.03877294 0.01805511
 0.02327231 0.01400908 0.00337431 0.01251107 0.00483655 0.01679554
 0.00452639 0.04983352 0.01021921 0.06617177 0.03683705 0.06637059
 0.04183771 0.00175055 0.02253957 0.03437888]
[0.00588844 0.00590584 0.01417578 0.00231169 0.00260196 0.03711899
 0.03929005 0.02543561 0.01640439 0.00878975 0.02427131 0.04493796
 0.046462   0.03402109 0.0475512  0.01593193 0.00530072 0.02798551
 0.04108701 0.01371213 0.00037061 0.00449012 0.00018714 0.00483852
 0.04395231 0.03562404 0.01239057 0.06205688 0.01218943 0.03904094
 0.05261341 0.02502388 0.01601636 0.05477689]
