[0.00107826 0.01291772 0.00567236 0.03578107 0.03305957 0.01326656
 0.00321409 0.02503715 0.0086794  0.00203363 0.02310878 0.04178778
 0.04478484 0.02192167 0.01662857 0.01769823 0.0608031  0.05367928
 0.07325837 0.00083104 0.01399686 0.00645471 0.00710402 0.0041082
 0.03795752 0.01074348 0.02762165 0.08293797 0.06303312 0.04766031
 0.05281873 0.02957625 0.01023179 0.01895944]
[0.00022324 0.0277108  0.00944715 0.02923786 0.0502366  0.0145951
 0.05060247 0.04257637 0.0228163  0.00891729 0.03339099 0.03499412
 0.01139546 0.00487712 0.0087922  0.01339915 0.04900075 0.02300542
 0.08764833 0.00977743 0.00558256 0.00395484 0.00554275 0.00716122
 0.04265222 0.05485522 0.02061475 0.0456357  0.0595881  0.06255418
 0.01581505 0.0166391  0.01178531 0.02871541]
[0.00022324 0.0277108  0.00944715 0.02923786 0.0502366  0.0145951
 0.05060247 0.04257637 0.0228163  0.00891729 0.03339099 0.03499412
 0.01139546 0.00487712 0.0087922  0.01339915 0.04900075 0.02300542
 0.08764833 0.00977743 0.00558256 0.00395484 0.00554275 0.00716122
 0.04265222 0.05485522 0.02061475 0.0456357  0.0595881  0.06255418
 0.01581505 0.0166391  0.01178531 0.02871541]
[0.0036772  0.04877264 0.01930913 0.06334499 0.00184985 0.04128203
 0.05943454 0.00952325 0.01528702 0.01161891 0.06180738 0.00164288
 0.04362621 0.00951596 0.05947844 0.01355559 0.04003309 0.04083007
 0.02106525 0.01212984 0.00554118 0.01227162 0.00328583 0.0091666
 0.05891232 0.06281441 0.05231804 0.02276266 0.02895662 0.03970007
 0.01715507 0.00735388 0.02259603 0.03862984]
[0.00293954 0.04972363 0.01370015 0.02345197 0.0232838  0.01454445
 0.04610784 0.0399608  0.03557626 0.0032215  0.0637135  0.00769021
 0.04723766 0.01377634 0.03382361 0.00457287 0.02868964 0.03217325
 0.03792465 0.00890604 0.00072181 0.00867676 0.0004336  0.00185476
 0.00820073 0.06062905 0.05137668 0.01552171 0.03470512 0.02037052
 0.01618633 0.00973423 0.01376312 0.04706344]
[0.00293954 0.04972363 0.01370015 0.02345197 0.0232838  0.01454445
 0.04610784 0.0399608  0.03557626 0.0032215  0.0637135  0.00769021
 0.04723766 0.01377634 0.03382361 0.00457287 0.02868964 0.03217325
 0.03792465 0.00890604 0.00072181 0.00867676 0.0004336  0.00185476
 0.00820073 0.06062905 0.05137668 0.01552171 0.03470512 0.02037052
 0.01618633 0.00973423 0.01376312 0.04706344]
[0.00173864 0.04561647 0.01248682 0.02182435 0.00343967 0.02639102
 0.04587355 0.03215396 0.04211132 0.0020798  0.00691931 0.0351937
 0.01332535 0.03577225 0.02101045 0.0103093  0.03452386 0.02401465
 0.01491781 0.00492414 0.00359149 0.00799746 0.00024665 0.00175831
 0.03820834 0.06000618 0.02707783 0.03307679 0.04271762 0.03096914
 0.0427951  0.00374306 0.01776043 0.0495956 ]
[0.00499217 0.0398106  0.00640173 0.04749757 0.03837301 0.02323725
 0.05767735 0.03978907 0.03448765 0.00245135 0.04140517 0.0623782
 0.03079391 0.00956537 0.05275623 0.00018715 0.02004289 0.02600839
 0.03048732 0.01595425 0.00333391 0.01327616 0.00167937 0.00607364
 0.01475818 0.06725385 0.00943308 0.0194     0.02612326 0.03006825
 0.04725344 0.00460285 0.00818366 0.0530999 ]
[0.00470077 0.04213301 0.00459617 0.04403792 0.04041221 0.0543687
 0.06973028 0.00378735 0.02693864 0.01264128 0.05497653 0.00246613
 0.04749256 0.01066722 0.00731813 0.001549   0.00060393 0.00662473
 0.0449863  0.00706985 0.00916408 0.00716418 0.00274456 0.00040962
 0.04508747 0.07582328 0.0049002  0.04479292 0.01574214 0.05680503
 0.01756974 0.0021203  0.02365971 0.04952478]
[2.20106521e-05 1.67623629e-02 9.98347402e-03 3.19239125e-02
 3.43856777e-02 5.02317223e-02 1.62216233e-03 4.52796078e-03
 4.86233456e-03 5.88131656e-03 2.87087487e-02 2.36117246e-02
 4.89754662e-02 3.85517825e-02 3.54200669e-02 1.60239117e-02
 3.72389942e-02 3.72608377e-03 2.58217643e-02 1.87492213e-03
 4.47196029e-03 1.04790816e-02 2.82944609e-03 9.06478121e-04
 2.85117452e-02 2.51504960e-02 3.95932877e-02 2.44113381e-02
 1.91250735e-02 1.57466575e-02 3.04721199e-02 2.09351587e-02
 1.05671008e-02 1.71061502e-03]
[2.20106521e-05 1.67623629e-02 9.98347402e-03 3.19239125e-02
 3.43856777e-02 5.02317223e-02 1.62216233e-03 4.52796078e-03
 4.86233456e-03 5.88131656e-03 2.87087487e-02 2.36117246e-02
 4.89754662e-02 3.85517825e-02 3.54200669e-02 1.60239117e-02
 3.72389942e-02 3.72608377e-03 2.58217643e-02 1.87492213e-03
 4.47196029e-03 1.04790816e-02 2.82944609e-03 9.06478121e-04
 2.85117452e-02 2.51504960e-02 3.95932877e-02 2.44113381e-02
 1.91250735e-02 1.57466575e-02 3.04721199e-02 2.09351587e-02
 1.05671008e-02 1.71061502e-03]
[2.20106521e-05 1.67623629e-02 9.98347402e-03 3.19239125e-02
 3.43856777e-02 5.02317223e-02 1.62216233e-03 4.52796078e-03
 4.86233456e-03 5.88131656e-03 2.87087487e-02 2.36117246e-02
 4.89754662e-02 3.85517825e-02 3.54200669e-02 1.60239117e-02
 3.72389942e-02 3.72608377e-03 2.58217643e-02 1.87492213e-03
 4.47196029e-03 1.04790816e-02 2.82944609e-03 9.06478121e-04
 2.85117452e-02 2.51504960e-02 3.95932877e-02 2.44113381e-02
 1.91250735e-02 1.57466575e-02 3.04721199e-02 2.09351587e-02
 1.05671008e-02 1.71061502e-03]
[0.00572049 0.00424426 0.00673923 0.03481047 0.03058565 0.01226662
 0.04889301 0.01670826 0.01311479 0.00324632 0.01469008 0.01268025
 0.06044106 0.02425784 0.00189162 0.02158082 0.01695945 0.00306237
 0.01932827 0.00935326 0.00308786 0.00934094 0.00040777 0.0063866
 0.06811434 0.01211693 0.0543828  0.04334878 0.02315785 0.06137207
 0.00278256 0.00384482 0.02978777 0.03062707]
[0.00572049 0.00424426 0.00673923 0.03481047 0.03058565 0.01226662
 0.04889301 0.01670826 0.01311479 0.00324632 0.01469008 0.01268025
 0.06044106 0.02425784 0.00189162 0.02158082 0.01695945 0.00306237
 0.01932827 0.00935326 0.00308786 0.00934094 0.00040777 0.0063866
 0.06811434 0.01211693 0.0543828  0.04334878 0.02315785 0.06137207
 0.00278256 0.00384482 0.02978777 0.03062707]
[0.00572049 0.00424426 0.00673923 0.03481047 0.03058565 0.01226662
 0.04889301 0.01670826 0.01311479 0.00324632 0.01469008 0.01268025
 0.06044106 0.02425784 0.00189162 0.02158082 0.01695945 0.00306237
 0.01932827 0.00935326 0.00308786 0.00934094 0.00040777 0.0063866
 0.06811434 0.01211693 0.0543828  0.04334878 0.02315785 0.06137207
 0.00278256 0.00384482 0.02978777 0.03062707]
[0.00119756 0.016724   0.00448259 0.03622242 0.03407126 0.05262318
 0.03447152 0.01339257 0.00219843 0.00953863 0.02697045 0.04005495
 0.03446277 0.0260158  0.03900248 0.01550767 0.00374414 0.03103469
 0.02609641 0.01601082 0.01027598 0.00033498 0.00411051 0.01131224
 0.07129733 0.01274675 0.02805885 0.00484375 0.03422179 0.05074114
 0.02400341 0.013758   0.03500393 0.01234197]
[0.00119756 0.016724   0.00448259 0.03622242 0.03407126 0.05262318
 0.03447152 0.01339257 0.00219843 0.00953863 0.02697045 0.04005495
 0.03446277 0.0260158  0.03900248 0.01550767 0.00374414 0.03103469
 0.02609641 0.01601082 0.01027598 0.00033498 0.00411051 0.01131224
 0.07129733 0.01274675 0.02805885 0.00484375 0.03422179 0.05074114
 0.02400341 0.013758   0.03500393 0.01234197]
[0.00021812 0.04121992 0.00019423 0.00690972 0.03994472 0.02981017
 0.05794171 0.01422368 0.03951255 0.00053048 0.00428718 0.05145343
 0.05776365 0.03902086 0.0403746  0.00813061 0.02106176 0.01130296
 0.04058583 0.01619119 0.00470652 0.00835548 0.00129513 0.00251713
 0.04303686 0.01373825 0.05304371 0.01427025 0.03524847 0.00365734
 0.03362967 0.00635784 0.02588621 0.00414626]
[0.0024984  0.04966224 0.0144248  0.05392913 0.05255477 0.02522702
 0.03865801 0.0108242  0.00720432 0.00851603 0.00552787 0.0428992
 0.00646609 0.06590857 0.02606539 0.00677822 0.03875952 0.04350993
 0.00954226 0.00937136 0.00153707 0.0023395  0.00564843 0.00519701
 0.03065211 0.0302526  0.0372012  0.03215411 0.06425385 0.00707888
 0.00129109 0.01520692 0.03884425 0.01568827]
[0.00298321 0.05182816 0.00078894 0.0471353  0.01397359 0.04958102
 0.06151174 0.0339803  0.04296447 0.01481122 0.01739309 0.0087007
 0.03626088 0.01052397 0.06740816 0.01378826 0.02945303 0.00617549
 0.0265523  0.01429542 0.01469284 0.0105056  0.00734258 0.01680347
 0.062033   0.01110953 0.03752874 0.002321   0.01704619 0.0284459
 0.01586491 0.02506355 0.01270318 0.06518301]
