[0.00087879 0.02582819 0.01573682 0.05406852 0.04848279 0.04976011
 0.00784056 0.00094409 0.04898227 0.00585742 0.01727612 0.02616336
 0.0163904  0.03797802 0.04247231 0.00665867 0.02870018 0.01243791
 0.06676344 0.00607455 0.00296941 0.00179471 0.00384593 0.00529048
 0.00081137 0.03122815 0.06011223 0.03906663 0.05256264 0.05648802
 0.0338097  0.01223923 0.02372547 0.03162408]
[0.00361329 0.03509809 0.01686479 0.06850235 0.01711383 0.06266125
 0.01705073 0.03301929 0.05260066 0.00543905 0.00303013 0.02053994
 0.00845206 0.08407398 0.01955969 0.00252462 0.02815968 0.05091328
 0.05781175 0.00063159 0.00285445 0.00542634 0.00496016 0.01093134
 0.0306704  0.01554173 0.05435273 0.05553987 0.05275896 0.02345993
 0.02310664 0.00544823 0.03768081 0.08457615]
[0.00678267 0.00767362 0.01704122 0.01574445 0.01842422 0.00217659
 0.01890748 0.03800481 0.05704606 0.01263851 0.05041268 0.05359287
 0.03064372 0.07946775 0.02478464 0.02403558 0.02145758 0.034548
 0.04081585 0.00120666 0.00084423 0.00881333 0.00069791 0.00786419
 0.03172289 0.02375611 0.02722435 0.00425639 0.04371711 0.02879688
 0.05511163 0.01577316 0.01286574 0.07183368]
[0.00222375 0.03972476 0.02323077 0.0549574  0.00405262 0.01215054
 0.04154746 0.02413228 0.0250758  0.00336659 0.02326238 0.05059723
 0.01062024 0.04196192 0.06016819 0.01271255 0.05753358 0.0225804
 0.05381419 0.02005999 0.01221199 0.00545765 0.00658612 0.00852236
 0.02587481 0.06273297 0.0328734  0.00912117 0.03491222 0.0108959
 0.08883431 0.00840575 0.0194891  0.00878404]
[0.00285105 0.07174567 0.01224832 0.02828489 0.0089688  0.04618466
 0.0480673  0.0177686  0.00496231 0.00579797 0.02943379 0.04957254
 0.05470308 0.05440731 0.0436042  0.01393236 0.03771396 0.02375688
 0.03991226 0.01064656 0.0001895  0.01062796 0.00096615 0.00075964
 0.00671099 0.03177424 0.06631729 0.02205939 0.03577239 0.02006695
 0.01588164 0.01643575 0.00659381 0.00436239]
[0.00409165 0.07854371 0.01439608 0.03019551 0.0316049  0.05172584
 0.00070046 0.01301074 0.0480446  0.01292692 0.03256587 0.01732056
 0.04716052 0.02978407 0.03901116 0.01385873 0.02747456 0.01075197
 0.04358797 0.00981499 0.00687966 0.00865084 0.00276967 0.00581939
 0.00331585 0.04947453 0.05199051 0.02298088 0.01705829 0.05432959
 0.04854707 0.01037142 0.00453299 0.00972066]
[0.00409165 0.07854371 0.01439608 0.03019551 0.0316049  0.05172584
 0.00070046 0.01301074 0.0480446  0.01292692 0.03256587 0.01732056
 0.04716052 0.02978407 0.03901116 0.01385873 0.02747456 0.01075197
 0.04358797 0.00981499 0.00687966 0.00865084 0.00276967 0.00581939
 0.00331585 0.04947453 0.05199051 0.02298088 0.01705829 0.05432959
 0.04854707 0.01037142 0.00453299 0.00972066]
[0.00372948 0.08317654 0.00786744 0.02052756 0.06300806 0.07943925
 0.01870161 0.01986734 0.05235218 0.0122283  0.03348746 0.01310112
 0.02915053 0.0692415  0.03449021 0.00505314 0.00025159 0.01942416
 0.02786591 0.01810839 0.00554365 0.00271806 0.00497591 0.00588898
 0.04926765 0.03261984 0.03934345 0.02829104 0.01726033 0.03985817
 0.02689664 0.02997364 0.01581631 0.0104255 ]
[0.00510161 0.03421455 0.02176869 0.01510947 0.00294764 0.07261917
 0.03543442 0.04786745 0.01789279 0.01665162 0.00263454 0.00901809
 0.04789655 0.04623051 0.03375546 0.02796918 0.04562605 0.03284238
 0.00070341 0.0173274  0.01064559 0.01529094 0.00509628 0.0162502
 0.09264299 0.05868298 0.01703258 0.02027568 0.06408848 0.01751872
 0.04694902 0.01493608 0.03045626 0.04504615]
[0.00510161 0.03421455 0.02176869 0.01510947 0.00294764 0.07261917
 0.03543442 0.04786745 0.01789279 0.01665162 0.00263454 0.00901809
 0.04789655 0.04623051 0.03375546 0.02796918 0.04562605 0.03284238
 0.00070341 0.0173274  0.01064559 0.01529094 0.00509628 0.0162502
 0.09264299 0.05868298 0.01703258 0.02027568 0.06408848 0.01751872
 0.04694902 0.01493608 0.03045626 0.04504615]
[0.00322405 0.04247088 0.00516643 0.03547853 0.01662154 0.01799327
 0.04556191 0.05920612 0.03199114 0.00325368 0.00727792 0.0154802
 0.01347032 0.02562767 0.01008769 0.01337165 0.00637708 0.00026001
 0.0358125  0.01906262 0.00672029 0.01261972 0.00313043 0.01151861
 0.0658384  0.04187742 0.04547595 0.01626154 0.08257646 0.02326798
 0.05113193 0.00135394 0.01401235 0.04624422]
[0.00322405 0.04247088 0.00516643 0.03547853 0.01662154 0.01799327
 0.04556191 0.05920612 0.03199114 0.00325368 0.00727792 0.0154802
 0.01347032 0.02562767 0.01008769 0.01337165 0.00637708 0.00026001
 0.0358125  0.01906262 0.00672029 0.01261972 0.00313043 0.01151861
 0.0658384  0.04187742 0.04547595 0.01626154 0.08257646 0.02326798
 0.05113193 0.00135394 0.01401235 0.04624422]
[0.00010933 0.01766809 0.01369327 0.0062816  0.04521448 0.03251314
 0.00862565 0.04285123 0.04409923 0.00143654 0.03635193 0.01194093
 0.01438926 0.03844833 0.02376456 0.01587857 0.02154979 0.02056287
 0.05089307 0.0031356  0.00197393 0.00631768 0.00078363 0.00700775
 0.00133186 0.06152002 0.05114174 0.03241573 0.06695863 0.01554079
 0.02358169 0.00374778 0.01500129 0.04052708]
[3.86097601e-03 3.78590799e-02 3.15103533e-03 1.23189530e-02
 4.68180059e-02 6.11843739e-02 3.64675909e-02 5.24675015e-02
 1.62378594e-02 1.30560500e-02 4.04363283e-03 2.91821406e-02
 1.23726242e-03 6.82123891e-02 2.97383453e-03 2.08206183e-02
 5.67119240e-02 2.69959135e-02 4.62621855e-02 9.16953976e-03
 6.00981140e-05 6.31619549e-03 4.77713614e-03 6.74857273e-03
 1.54096917e-02 2.12009856e-02 3.43559143e-02 4.87458128e-02
 8.73202485e-02 1.14522899e-02 2.40972488e-02 2.00114764e-02
 3.10799070e-02 6.67139481e-02]
[0.00545759 0.03464123 0.00965294 0.03582689 0.00252693 0.00686403
 0.04421001 0.05937271 0.00638517 0.00078518 0.03109938 0.00837175
 0.01871446 0.06367319 0.03601162 0.02011643 0.03381436 0.01522184
 0.06019477 0.00888345 0.0020171  0.00459845 0.00423788 0.00720647
 0.03237273 0.04052487 0.01876373 0.01007178 0.00233786 0.00277558
 0.03137765 0.02108313 0.02723442 0.05458932]
[0.00545759 0.03464123 0.00965294 0.03582689 0.00252693 0.00686403
 0.04421001 0.05937271 0.00638517 0.00078518 0.03109938 0.00837175
 0.01871446 0.06367319 0.03601162 0.02011643 0.03381436 0.01522184
 0.06019477 0.00888345 0.0020171  0.00459845 0.00423788 0.00720647
 0.03237273 0.04052487 0.01876373 0.01007178 0.00233786 0.00277558
 0.03137765 0.02108313 0.02723442 0.05458932]
[0.00185443 0.04861768 0.01689901 0.02615167 0.01929936 0.03151127
 0.0209922  0.05484251 0.00872073 0.00651625 0.01519855 0.01063915
 0.03280063 0.02165371 0.013268   0.00127779 0.02464611 0.0222742
 0.04659766 0.00231824 0.00022436 0.01184903 0.00139454 0.0048086
 0.05100103 0.05272844 0.03782083 0.0340761  0.04261405 0.00639733
 0.02486382 0.01222487 0.02187095 0.01611498]
[0.00172041 0.05314268 0.00465715 0.01342222 0.02844277 0.01749093
 0.01271069 0.03419328 0.02368911 0.00934803 0.0294479  0.02790969
 0.03854169 0.04018822 0.04361805 0.0009892  0.00175508 0.02611897
 0.05803587 0.00939154 0.00050676 0.00727906 0.00015344 0.00776971
 0.0451488  0.01656723 0.01367232 0.04154926 0.04682241 0.01756255
 0.0261526  0.02054636 0.00742752 0.03077858]
[0.00172041 0.05314268 0.00465715 0.01342222 0.02844277 0.01749093
 0.01271069 0.03419328 0.02368911 0.00934803 0.0294479  0.02790969
 0.03854169 0.04018822 0.04361805 0.0009892  0.00175508 0.02611897
 0.05803587 0.00939154 0.00050676 0.00727906 0.00015344 0.00776971
 0.0451488  0.01656723 0.01367232 0.04154926 0.04682241 0.01756255
 0.0261526  0.02054636 0.00742752 0.03077858]
[0.00615329 0.00512465 0.00866012 0.01619582 0.03498251 0.00625897
 0.05964283 0.07929218 0.01110635 0.01173562 0.04432806 0.06858846
 0.00159367 0.0500065  0.06323408 0.00831133 0.0071043  0.0187706
 0.00227838 0.0153026  0.01643404 0.00699384 0.00355842 0.00193543
 0.05678067 0.02787202 0.0709891  0.04172687 0.0086849  0.00067996
 0.07581942 0.00334133 0.03808103 0.07318662]
