[0.0049802  0.0088241  0.01351388 0.04287495 0.02796111 0.02401609
 0.03965887 0.08189911 0.02607064 0.01218552 0.04912322 0.0121392
 0.02490846 0.03110232 0.03449225 0.00474967 0.00582611 0.01803998
 0.04709443 0.01207614 0.00328073 0.01450109 0.0064255  0.00501245
 0.03015217 0.04157591 0.02845352 0.03560193 0.05598421 0.03390867
 0.07527941 0.00776653 0.04042928 0.07984789]
[0.00141585 0.05105156 0.02060268 0.03729679 0.03460884 0.01115821
 0.01078417 0.09715028 0.01045881 0.00582118 0.00914709 0.0434605
 0.04087284 0.03265823 0.03552563 0.00518235 0.01329294 0.01281839
 0.02146102 0.00750287 0.00527785 0.00711455 0.00675953 0.00879291
 0.03635873 0.0369315  0.06019134 0.02479475 0.06270589 0.02455381
 0.06905353 0.0190807  0.02047378 0.01986727]
[0.00202197 0.00974198 0.00751168 0.00024004 0.02792663 0.00320351
 0.02295016 0.09719303 0.01258357 0.00211756 0.03802925 0.04123204
 0.054245   0.03669531 0.01521842 0.01352429 0.05498962 0.03212329
 0.00725323 0.00961187 0.0084184  0.00501192 0.00472448 0.01196836
 0.07135156 0.07813097 0.00495074 0.04664673 0.02622047 0.04236973
 0.03328697 0.02283293 0.01776741 0.03135811]
[0.00202197 0.00974198 0.00751168 0.00024004 0.02792663 0.00320351
 0.02295016 0.09719303 0.01258357 0.00211756 0.03802925 0.04123204
 0.054245   0.03669531 0.01521842 0.01352429 0.05498962 0.03212329
 0.00725323 0.00961187 0.0084184  0.00501192 0.00472448 0.01196836
 0.07135156 0.07813097 0.00495074 0.04664673 0.02622047 0.04236973
 0.03328697 0.02283293 0.01776741 0.03135811]
[0.00288704 0.05032218 0.01952183 0.01554185 0.03293924 0.03350931
 0.05137637 0.01799969 0.00883719 0.01404676 0.04321997 0.01397842
 0.01456914 0.04069082 0.04133864 0.01155132 0.03336958 0.04419451
 0.02185488 0.00174593 0.00082552 0.00107212 0.00598498 0.00115058
 0.00939256 0.06922139 0.0135379  0.05558058 0.01595954 0.03490694
 0.05712882 0.00054445 0.01599877 0.02290497]
[0.00288704 0.05032218 0.01952183 0.01554185 0.03293924 0.03350931
 0.05137637 0.01799969 0.00883719 0.01404676 0.04321997 0.01397842
 0.01456914 0.04069082 0.04133864 0.01155132 0.03336958 0.04419451
 0.02185488 0.00174593 0.00082552 0.00107212 0.00598498 0.00115058
 0.00939256 0.06922139 0.0135379  0.05558058 0.01595954 0.03490694
 0.05712882 0.00054445 0.01599877 0.02290497]
[0.00288704 0.05032218 0.01952183 0.01554185 0.03293924 0.03350931
 0.05137637 0.01799969 0.00883719 0.01404676 0.04321997 0.01397842
 0.01456914 0.04069082 0.04133864 0.01155132 0.03336958 0.04419451
 0.02185488 0.00174593 0.00082552 0.00107212 0.00598498 0.00115058
 0.00939256 0.06922139 0.0135379  0.05558058 0.01595954 0.03490694
 0.05712882 0.00054445 0.01599877 0.02290497]
[0.00038942 0.03975202 0.00736679 0.00370568 0.04950523 0.00975885
 0.04590252 0.04581052 0.04508323 0.00863878 0.03962049 0.05401323
 0.00454322 0.04212005 0.04238366 0.02106258 0.03084274 0.04145693
 0.05238855 0.01608343 0.00699492 0.00891588 0.00470752 0.00948584
 0.01718824 0.00728907 0.01336138 0.05062836 0.05268571 0.01228496
 0.06115434 0.00143024 0.03801447 0.03904013]
[0.00159652 0.0233896  0.00262636 0.0481359  0.06103135 0.04385675
 0.00532405 0.05039943 0.02927934 0.0058675  0.05183869 0.02259912
 0.0414528  0.00240978 0.05953709 0.01960726 0.00320568 0.03819941
 0.06774154 0.01593568 0.01085981 0.0028892  0.00216579 0.00668928
 0.0071867  0.05127895 0.02712923 0.07180637 0.06242663 0.0568088
 0.06347722 0.01316967 0.0155244  0.01333031]
[0.00461216 0.04332848 0.01434359 0.03547918 0.00827146 0.07354251
 0.04077953 0.02843059 0.04040874 0.01623303 0.07613846 0.00747349
 0.00319817 0.0016702  0.03097645 0.01123318 0.05096917 0.02014538
 0.07072156 0.01074585 0.00843805 0.01215929 0.00051866 0.00813599
 0.03038387 0.05323312 0.00483897 0.01502785 0.06890761 0.07621033
 0.01044616 0.01015407 0.02962371 0.05335232]
[0.00021079 0.04997051 0.01480784 0.01792521 0.02774521 0.0564273
 0.07033716 0.05202664 0.01672184 0.011295   0.05893111 0.02000479
 0.01723894 0.04938865 0.06503976 0.01880084 0.02355834 0.03036614
 0.0899464  0.00900461 0.01029142 0.01349893 0.00140961 0.01387285
 0.04894596 0.01638496 0.02480936 0.02136945 0.01600212 0.01493392
 0.02475022 0.00848424 0.0166147  0.0438272 ]
[2.87988326e-04 7.21307278e-02 1.95032070e-02 3.83814890e-02
 4.73462522e-02 2.61206789e-02 4.48022545e-02 7.46649082e-02
 6.95177709e-04 1.58500262e-03 5.20039563e-02 4.12340449e-02
 1.03592108e-02 6.29971178e-03 2.63247004e-02 5.00046057e-05
 3.48740613e-02 3.20232267e-02 4.16463328e-02 1.27772971e-02
 1.46374070e-03 8.47371432e-04 1.50096530e-03 3.29581630e-03
 3.00111741e-02 1.30351983e-02 3.12076740e-02 4.66923498e-02
 3.72461934e-02 3.58655553e-02 5.83523759e-02 1.48700805e-02
 2.36111868e-02 5.12855822e-02]
[0.00288665 0.00785721 0.0087621  0.0293215  0.03108151 0.04441072
 0.02696037 0.05343941 0.0388018  0.01067279 0.00313367 0.02766848
 0.03586892 0.03693403 0.00696753 0.00833864 0.0395852  0.01042585
 0.05317674 0.00628688 0.00460245 0.00512178 0.00391407 0.00921753
 0.03604452 0.01052545 0.03320881 0.01645748 0.05061078 0.04640829
 0.01581747 0.00793405 0.02784474 0.04712633]
[4.02252932e-03 1.48992327e-02 3.46390729e-03 3.07474273e-02
 1.15239701e-02 5.81812567e-03 9.52362843e-03 2.60006162e-02
 4.14443181e-02 8.97328800e-03 3.57081094e-02 4.60787959e-02
 5.41676492e-02 4.40873695e-02 3.24718457e-02 1.26943694e-02
 4.08227217e-03 2.28575738e-02 5.18657881e-02 1.55333588e-02
 5.83872572e-03 1.55485124e-06 6.54607476e-04 2.21832196e-03
 5.04289216e-02 2.69419035e-02 4.88321359e-02 1.77388312e-02
 3.23765929e-02 1.41501334e-02 4.45400128e-02 1.45762738e-02
 1.47093590e-02 2.77738031e-02]
[4.02252932e-03 1.48992327e-02 3.46390729e-03 3.07474273e-02
 1.15239701e-02 5.81812567e-03 9.52362843e-03 2.60006162e-02
 4.14443181e-02 8.97328800e-03 3.57081094e-02 4.60787959e-02
 5.41676492e-02 4.40873695e-02 3.24718457e-02 1.26943694e-02
 4.08227217e-03 2.28575738e-02 5.18657881e-02 1.55333588e-02
 5.83872572e-03 1.55485124e-06 6.54607476e-04 2.21832196e-03
 5.04289216e-02 2.69419035e-02 4.88321359e-02 1.77388312e-02
 3.23765929e-02 1.41501334e-02 4.45400128e-02 1.45762738e-02
 1.47093590e-02 2.77738031e-02]
[4.02252932e-03 1.48992327e-02 3.46390729e-03 3.07474273e-02
 1.15239701e-02 5.81812567e-03 9.52362843e-03 2.60006162e-02
 4.14443181e-02 8.97328800e-03 3.57081094e-02 4.60787959e-02
 5.41676492e-02 4.40873695e-02 3.24718457e-02 1.26943694e-02
 4.08227217e-03 2.28575738e-02 5.18657881e-02 1.55333588e-02
 5.83872572e-03 1.55485124e-06 6.54607476e-04 2.21832196e-03
 5.04289216e-02 2.69419035e-02 4.88321359e-02 1.77388312e-02
 3.23765929e-02 1.41501334e-02 4.45400128e-02 1.45762738e-02
 1.47093590e-02 2.77738031e-02]
[0.00207989 0.06804383 0.00035185 0.02205555 0.06201143 0.01723056
 0.02361846 0.07194431 0.03870419 0.0139033  0.01933327 0.00659745
 0.09104354 0.02186055 0.04388465 0.01034171 0.04208005 0.034921
 0.00830393 0.00439192 0.00311162 0.00303851 0.00734662 0.00034117
 0.00077614 0.04975721 0.01163355 0.06479471 0.02595835 0.05852418
 0.01229373 0.00262136 0.00748754 0.02703196]
[2.81635903e-03 5.52485815e-03 1.34536781e-02 3.23892058e-02
 6.28444290e-03 3.74580523e-02 4.69289964e-02 7.43412882e-02
 1.75719976e-02 6.92822754e-03 5.21035325e-02 3.45808543e-02
 2.29519691e-02 2.64443155e-02 5.06063660e-02 1.35091893e-02
 2.04851599e-02 1.29046914e-02 3.91062855e-02 1.63161353e-02
 5.56281847e-03 7.15388906e-04 3.81989948e-03 1.42392208e-03
 9.53286510e-05 1.81017036e-02 2.97633050e-02 8.20715660e-03
 2.11936419e-03 4.98263939e-02 3.65551895e-02 1.34572723e-02
 1.18480619e-02 1.34056005e-02]
[2.81635903e-03 5.52485815e-03 1.34536781e-02 3.23892058e-02
 6.28444290e-03 3.74580523e-02 4.69289964e-02 7.43412882e-02
 1.75719976e-02 6.92822754e-03 5.21035325e-02 3.45808543e-02
 2.29519691e-02 2.64443155e-02 5.06063660e-02 1.35091893e-02
 2.04851599e-02 1.29046914e-02 3.91062855e-02 1.63161353e-02
 5.56281847e-03 7.15388906e-04 3.81989948e-03 1.42392208e-03
 9.53286510e-05 1.81017036e-02 2.97633050e-02 8.20715660e-03
 2.11936419e-03 4.98263939e-02 3.65551895e-02 1.34572723e-02
 1.18480619e-02 1.34056005e-02]
[2.81635903e-03 5.52485815e-03 1.34536781e-02 3.23892058e-02
 6.28444290e-03 3.74580523e-02 4.69289964e-02 7.43412882e-02
 1.75719976e-02 6.92822754e-03 5.21035325e-02 3.45808543e-02
 2.29519691e-02 2.64443155e-02 5.06063660e-02 1.35091893e-02
 2.04851599e-02 1.29046914e-02 3.91062855e-02 1.63161353e-02
 5.56281847e-03 7.15388906e-04 3.81989948e-03 1.42392208e-03
 9.53286510e-05 1.81017036e-02 2.97633050e-02 8.20715660e-03
 2.11936419e-03 4.98263939e-02 3.65551895e-02 1.34572723e-02
 1.18480619e-02 1.34056005e-02]
