[0.00235419 0.00912939 0.01727405 0.01080537 0.03557567 0.05168273
 0.03740156 0.0187218  0.03621876 0.00908636 0.0848906  0.07039107
 0.04746945 0.02998584 0.01566083 0.01744585 0.0222202  0.02489697
 0.05193207 0.01741769 0.00073138 0.00164968 0.00496621 0.00127897
 0.05475421 0.05048145 0.01853809 0.00209763 0.00574653 0.01788775
 0.02859905 0.00292363 0.01689701 0.04507246]
[0.00235419 0.00912939 0.01727405 0.01080537 0.03557567 0.05168273
 0.03740156 0.0187218  0.03621876 0.00908636 0.0848906  0.07039107
 0.04746945 0.02998584 0.01566083 0.01744585 0.0222202  0.02489697
 0.05193207 0.01741769 0.00073138 0.00164968 0.00496621 0.00127897
 0.05475421 0.05048145 0.01853809 0.00209763 0.00574653 0.01788775
 0.02859905 0.00292363 0.01689701 0.04507246]
[0.00225824 0.04115368 0.01630401 0.00034044 0.0213474  0.03839284
 0.02854606 0.01519537 0.01827876 0.00379552 0.07156787 0.00294943
 0.03185514 0.02615787 0.0247579  0.00673837 0.0399936  0.02902027
 0.06264735 0.00058758 0.00169007 0.00165272 0.00406222 0.00434385
 0.02614449 0.02246254 0.04012644 0.0077403  0.03186082 0.04055597
 0.05519275 0.01455078 0.02298693 0.04822148]
[0.00354622 0.05825194 0.00592243 0.03344527 0.01284303 0.0123882
 0.01529115 0.02668361 0.02948864 0.01181774 0.03777055 0.01025092
 0.03465908 0.05939787 0.05165069 0.0029331  0.03706888 0.00786028
 0.03711903 0.00543142 0.00768311 0.00501234 0.00137293 0.01367737
 0.0540419  0.05737285 0.0519081  0.01510203 0.04234425 0.05696211
 0.07134407 0.02000636 0.03175203 0.05859393]
[0.006998   0.03048397 0.01694331 0.02928773 0.06407375 0.06350881
 0.00689053 0.05878668 0.00117728 0.01452951 0.00606435 0.00560423
 0.06033592 0.07957173 0.0177077  0.01891684 0.03525565 0.03264562
 0.05757998 0.00126944 0.01191252 0.00912198 0.0003101  0.01111355
 0.05910784 0.00311208 0.07407972 0.0531198  0.02719731 0.00136937
 0.07186032 0.0321566  0.00043829 0.01898774]
[0.00544472 0.05009655 0.01621186 0.00713709 0.01290743 0.06190255
 0.01268242 0.07604704 0.03727332 0.01314533 0.00854843 0.03426705
 0.06667275 0.02372514 0.0530938  0.02134377 0.02453862 0.02836208
 0.04645966 0.01509002 0.0005569  0.00094469 0.00415717 0.0053657
 0.04271523 0.03915194 0.04536077 0.01352557 0.01574428 0.00061633
 0.05417172 0.01283483 0.00092033 0.04927784]
[0.00544472 0.05009655 0.01621186 0.00713709 0.01290743 0.06190255
 0.01268242 0.07604704 0.03727332 0.01314533 0.00854843 0.03426705
 0.06667275 0.02372514 0.0530938  0.02134377 0.02453862 0.02836208
 0.04645966 0.01509002 0.0005569  0.00094469 0.00415717 0.0053657
 0.04271523 0.03915194 0.04536077 0.01352557 0.01574428 0.00061633
 0.05417172 0.01283483 0.00092033 0.04927784]
[0.00476482 0.01008915 0.00399211 0.05882586 0.00099981 0.07403686
 0.04784697 0.01937852 0.03877664 0.00288994 0.05468069 0.02886955
 0.05838207 0.05022027 0.02453291 0.02357741 0.02307552 0.01113784
 0.02748225 0.01310932 0.00032569 0.01127063 0.00546104 0.00526688
 0.05010533 0.05139793 0.00457548 0.04193941 0.03186649 0.01957771
 0.08291186 0.01340512 0.0278163  0.07596607]
[0.00480749 0.02337098 0.00479591 0.04809161 0.00171919 0.03247986
 0.00281754 0.0292145  0.05295507 0.00835141 0.02572499 0.06506542
 0.07814951 0.05641419 0.0267564  0.01613498 0.04640552 0.02585262
 0.0410944  0.02061272 0.01057463 0.0039096  0.00113618 0.00960492
 0.07590839 0.08063425 0.00201785 0.00150489 0.05518393 0.04090078
 0.0095692  0.00737421 0.00395332 0.01397541]
[0.00057645 0.05765349 0.0285127  0.07614984 0.00203023 0.02222773
 0.03903364 0.09847367 0.00077403 0.00731342 0.07935511 0.0106097
 0.04964666 0.00244992 0.09813082 0.00334372 0.03249703 0.03347284
 0.01309951 0.00432851 0.00722636 0.01056576 0.00759238 0.00356514
 0.00791869 0.02887609 0.00710343 0.00446192 0.01842639 0.09533588
 0.03159688 0.03278533 0.03617414 0.00140407]
[7.51435724e-05 7.16446117e-02 1.97845591e-02 9.01501162e-03
 1.04053378e-02 6.51115492e-02 5.79925346e-02 4.79174814e-02
 5.69421828e-02 1.54203976e-02 5.26697415e-02 9.79081160e-03
 3.82088833e-02 2.57970705e-02 5.03693932e-02 1.43395820e-02
 4.77192212e-02 4.27459744e-04 1.07866395e-02 1.15818142e-02
 4.21804925e-03 1.46716018e-02 3.73525155e-03 8.92010491e-04
 5.35345820e-02 1.26281773e-02 2.55664447e-03 4.23839888e-02
 1.56144013e-02 7.67206334e-02 6.03842996e-02 1.01292045e-02
 3.86294607e-02 4.19812911e-02]
[0.00708492 0.10033452 0.01644173 0.01093229 0.02188536 0.01258508
 0.01180638 0.08687285 0.01312893 0.00112047 0.060601   0.05093336
 0.04951301 0.05332738 0.0048169  0.0246337  0.03230072 0.02117136
 0.02236992 0.0030003  0.00070993 0.00246558 0.00059615 0.01344571
 0.05777113 0.06009629 0.05107741 0.0065069  0.00397164 0.06883942
 0.05006649 0.00930642 0.00535998 0.06306332]
[0.00162686 0.06430251 0.01701576 0.03448504 0.00954718 0.01676118
 0.03374754 0.09925336 0.0283677  0.0034255  0.00165799 0.00644712
 0.03584596 0.04934332 0.00291654 0.01497586 0.01331097 0.01079057
 0.0412611  0.01978138 0.0059926  0.00382572 0.00471688 0.01274542
 0.06846084 0.02989598 0.03502649 0.0376654  0.0429007  0.06174409
 0.07600555 0.02068585 0.02414031 0.07087942]
[0.00413092 0.01712781 0.01105494 0.05132943 0.00438017 0.00828152
 0.00652205 0.01523542 0.05656003 0.01354551 0.01565893 0.00764262
 0.05539231 0.07153837 0.03093365 0.00222352 0.01628066 0.00792544
 0.05527347 0.01421395 0.00153767 0.01030293 0.00264758 0.01188624
 0.03821114 0.00847918 0.00022702 0.06029386 0.00307378 0.04460385
 0.05584909 0.02078684 0.02766492 0.05203262]
[0.00413092 0.01712781 0.01105494 0.05132943 0.00438017 0.00828152
 0.00652205 0.01523542 0.05656003 0.01354551 0.01565893 0.00764262
 0.05539231 0.07153837 0.03093365 0.00222352 0.01628066 0.00792544
 0.05527347 0.01421395 0.00153767 0.01030293 0.00264758 0.01188624
 0.03821114 0.00847918 0.00022702 0.06029386 0.00307378 0.04460385
 0.05584909 0.02078684 0.02766492 0.05203262]
[0.00506479 0.0373103  0.00865115 0.05353766 0.02052434 0.04339264
 0.03212101 0.04392727 0.03726104 0.00861831 0.02847611 0.02209953
 0.02289217 0.04370909 0.00914814 0.00362678 0.01077065 0.02716902
 0.04017733 0.01339218 0.00048331 0.00214956 0.00076083 0.00209805
 0.05305221 0.03419802 0.01215522 0.00757567 0.0154675  0.00039581
 0.05865572 0.0059519  0.03093371 0.04792263]
[0.00384889 0.05340498 0.00637361 0.08401194 0.0298842  0.07773989
 0.05250431 0.01989265 0.0599887  0.00126357 0.05685839 0.01200552
 0.02525039 0.04034158 0.05545677 0.01096186 0.00850378 0.0085607
 0.03757914 0.01201683 0.00213105 0.00217551 0.00028772 0.00649708
 0.0379523  0.01626652 0.03030021 0.00520552 0.01418215 0.01080718
 0.06368228 0.03111101 0.01396398 0.05139811]
[0.0038625  0.05565526 0.00896388 0.00833711 0.04139811 0.03380746
 0.05703339 0.03708956 0.05058347 0.01536156 0.00198086 0.05659116
 0.00330009 0.04943909 0.00282604 0.00329167 0.04706684 0.00084114
 0.02516118 0.01307598 0.00578051 0.01433002 0.00638688 0.01109726
 0.03990216 0.03115304 0.07144652 0.00352104 0.0514811  0.03240108
 0.08254573 0.00429313 0.03739514 0.04041465]
[0.00188379 0.02505498 0.00545453 0.02358985 0.00229096 0.01412577
 0.0296461  0.06179177 0.0263679  0.00826701 0.02704606 0.09708596
 0.04966148 0.02347705 0.0500583  0.00894547 0.04178846 0.04528003
 0.02517066 0.00905783 0.01355113 0.01575333 0.00036543 0.00194181
 0.02187244 0.02872312 0.04282549 0.02514268 0.08525857 0.01639816
 0.08403335 0.03412721 0.01105729 0.00793727]
[0.00188379 0.02505498 0.00545453 0.02358985 0.00229096 0.01412577
 0.0296461  0.06179177 0.0263679  0.00826701 0.02704606 0.09708596
 0.04966148 0.02347705 0.0500583  0.00894547 0.04178846 0.04528003
 0.02517066 0.00905783 0.01355113 0.01575333 0.00036543 0.00194181
 0.02187244 0.02872312 0.04282549 0.02514268 0.08525857 0.01639816
 0.08403335 0.03412721 0.01105729 0.00793727]
