[0.00282241 0.0137127  0.00927388 0.00077202 0.02627561 0.02188959
 0.01299154 0.09316588 0.03908173 0.00624499 0.04348306 0.00305692
 0.07592629 0.05565855 0.02817901 0.01637126 0.01892436 0.02740233
 0.0160656  0.01618501 0.00294039 0.00292206 0.00458366 0.00571136
 0.01524648 0.06814566 0.06136326 0.06568993 0.01707076 0.00371236
 0.05290442 0.00162837 0.04770588 0.00751729]
[0.00282241 0.0137127  0.00927388 0.00077202 0.02627561 0.02188959
 0.01299154 0.09316588 0.03908173 0.00624499 0.04348306 0.00305692
 0.07592629 0.05565855 0.02817901 0.01637126 0.01892436 0.02740233
 0.0160656  0.01618501 0.00294039 0.00292206 0.00458366 0.00571136
 0.01524648 0.06814566 0.06136326 0.06568993 0.01707076 0.00371236
 0.05290442 0.00162837 0.04770588 0.00751729]
[0.00081683 0.02206794 0.02035572 0.00741175 0.0469604  0.01659424
 0.00515854 0.06034671 0.00603683 0.00098522 0.05194985 0.01089838
 0.08865913 0.07927641 0.03926305 0.02243657 0.01828618 0.0386086
 0.0130359  0.00641507 0.00129667 0.0132493  0.00093328 0.00104453
 0.039681   0.00697142 0.03838999 0.01295768 0.01731072 0.02765898
 0.04200796 0.02139436 0.03629864 0.00357697]
[0.00635787 0.05263348 0.00305402 0.00454812 0.02277276 0.0625219
 0.00960796 0.05408014 0.02106133 0.00902882 0.07531724 0.04964885
 0.04673083 0.05563228 0.00341506 0.01663901 0.01232788 0.03572232
 0.05518876 0.00694453 0.004423   0.01384608 0.00541426 0.0008584
 0.01401354 0.055122   0.05648242 0.05804246 0.03034371 0.02468783
 0.07560484 0.01424597 0.031171   0.00337481]
[0.00330476 0.0541026  0.01536281 0.01616319 0.03351301 0.07636269
 0.03968691 0.01485477 0.02747176 0.00830722 0.07777655 0.04785889
 0.03881936 0.01050721 0.0107428  0.00455793 0.00563071 0.00942681
 0.03302331 0.01443634 0.01098166 0.01406065 0.00139106 0.01494843
 0.04726316 0.05180135 0.0234277  0.07291689 0.0238659  0.03857158
 0.07279007 0.02865956 0.02069296 0.02146565]
[0.00288913 0.02794962 0.0005689  0.03819135 0.00628952 0.00986098
 0.00710272 0.0206881  0.06829393 0.00982982 0.09908341 0.02898712
 0.01779604 0.03738504 0.0475129  0.00770951 0.0254292  0.02546039
 0.06551071 0.01811528 0.00494323 0.01015885 0.00157664 0.00209775
 0.01545447 0.05424913 0.06804224 0.07975965 0.07307274 0.02165674
 0.0317105  0.00890449 0.017355   0.03115496]
[0.00517813 0.06302874 0.001778   0.01197444 0.05937207 0.04914005
 0.03394485 0.01184528 0.02995813 0.00443135 0.03853687 0.01089469
 0.04720038 0.01177373 0.04987869 0.00804546 0.00201596 0.05530744
 0.00195311 0.0028072  0.00848858 0.00813067 0.00616096 0.00785429
 0.06566798 0.07259631 0.00903324 0.05547928 0.08415602 0.00713895
 0.02813779 0.03326109 0.01765011 0.07458081]
[0.00430509 0.00209094 0.00990746 0.0084373  0.00455941 0.08654322
 0.02371401 0.05522917 0.04729707 0.01276368 0.04600333 0.0245347
 0.05663046 0.02177911 0.02133069 0.0104611  0.00839036 0.03040025
 0.04600748 0.01823281 0.00652593 0.01430555 0.00325752 0.01694542
 0.01885813 0.04437412 0.02488736 0.04640858 0.09066389 0.04077212
 0.06183204 0.01086877 0.04464801 0.03391014]
[0.00097687 0.01793396 0.00645486 0.04522237 0.0175015  0.01864308
 0.04661141 0.00829432 0.02908511 0.00885242 0.04290723 0.03818179
 0.03668412 0.03530655 0.02105019 0.00757633 0.04079337 0.01790702
 0.02664722 0.0073726  0.00693679 0.00249176 0.0040326  0.00849181
 0.03568741 0.01517662 0.02578546 0.03245638 0.0176061  0.05443373
 0.05453656 0.01225717 0.02505484 0.05040551]
[0.00194829 0.02647121 0.0066332  0.04019347 0.03479665 0.04257747
 0.04590619 0.03642758 0.02300745 0.00195358 0.04560546 0.05523887
 0.06024016 0.05089269 0.00958252 0.0071725  0.00319315 0.00998214
 0.02462695 0.01557511 0.00137166 0.00779948 0.00057383 0.00687083
 0.03998896 0.04782982 0.02148077 0.03452703 0.03433071 0.04952969
 0.0674681  0.01309862 0.02470355 0.03296391]
[0.00278507 0.06158021 0.00696069 0.01270775 0.00490147 0.03220176
 0.01639364 0.00794311 0.01057575 0.00605954 0.02052517 0.05311142
 0.07365899 0.06829114 0.00593253 0.00634827 0.00249881 0.00539204
 0.04933518 0.00624928 0.01010468 0.00162478 0.00617629 0.0030723
 0.04758111 0.04155528 0.04665112 0.04952162 0.05507818 0.05280479
 0.03165832 0.00280038 0.01268497 0.04693086]
[0.00420839 0.04620095 0.01626548 0.03760904 0.02822456 0.00010312
 0.01665168 0.03305505 0.02121941 0.00364445 0.03616369 0.00426438
 0.01648663 0.08080121 0.00505212 0.00835953 0.04669717 0.04329121
 0.06772502 0.00923736 0.00321652 0.00159135 0.00252607 0.00888806
 0.01084825 0.03711667 0.00989002 0.01514868 0.06193892 0.00249335
 0.0530926  0.00062288 0.03679719 0.05440622]
[0.00420839 0.04620095 0.01626548 0.03760904 0.02822456 0.00010312
 0.01665168 0.03305505 0.02121941 0.00364445 0.03616369 0.00426438
 0.01648663 0.08080121 0.00505212 0.00835953 0.04669717 0.04329121
 0.06772502 0.00923736 0.00321652 0.00159135 0.00252607 0.00888806
 0.01084825 0.03711667 0.00989002 0.01514868 0.06193892 0.00249335
 0.0530926  0.00062288 0.03679719 0.05440622]
[0.0006693  0.00158969 0.00504973 0.06783024 0.02382637 0.04441592
 0.01324799 0.00452541 0.01555181 0.01151013 0.06423987 0.03534078
 0.01583129 0.05920381 0.02384744 0.00811489 0.04966491 0.02866864
 0.01052425 0.01502715 0.00805742 0.01090833 0.00573069 0.0099403
 0.05104557 0.0152098  0.01496205 0.02079235 0.05365298 0.01234206
 0.06025537 0.01788126 0.01341266 0.0590566 ]
[0.00483747 0.04228378 0.0087611  0.02289419 0.03080304 0.0281224
 0.00321011 0.01421782 0.02521411 0.01061627 0.01949599 0.05716225
 0.03401517 0.03760583 0.03239844 0.01379542 0.04248502 0.0327853
 0.01853664 0.0175422  0.00856921 0.01084713 0.0027689  0.01175855
 0.05322033 0.01230173 0.01518666 0.02854743 0.01129451 0.02447699
 0.04324938 0.02055476 0.03655079 0.0498557 ]
[0.0052436  0.05310036 0.01461556 0.031362   0.04301122 0.04441093
 0.00639168 0.01518653 0.02453737 0.00767225 0.01942018 0.01488221
 0.01922265 0.04534465 0.04373274 0.00724973 0.01804323 0.01749301
 0.04448192 0.0125685  0.00720255 0.00788696 0.00326551 0.00917672
 0.03925601 0.0298139  0.00544367 0.042547   0.04060005 0.0387453
 0.05424761 0.00155206 0.02019459 0.04563726]
[0.00406897 0.00525941 0.00922233 0.03328903 0.03048596 0.00161953
 0.01343845 0.02839517 0.01906446 0.00859075 0.04177093 0.03060869
 0.03304203 0.05200103 0.04131831 0.01173871 0.03822564 0.00628949
 0.05306465 0.01610331 0.00705878 0.00807543 0.00289481 0.00338613
 0.05107156 0.02091048 0.00498018 0.00525695 0.02062778 0.02748631
 0.03293758 0.00771844 0.02505891 0.00211316]
[0.00406897 0.00525941 0.00922233 0.03328903 0.03048596 0.00161953
 0.01343845 0.02839517 0.01906446 0.00859075 0.04177093 0.03060869
 0.03304203 0.05200103 0.04131831 0.01173871 0.03822564 0.00628949
 0.05306465 0.01610331 0.00705878 0.00807543 0.00289481 0.00338613
 0.05107156 0.02091048 0.00498018 0.00525695 0.02062778 0.02748631
 0.03293758 0.00771844 0.02505891 0.00211316]
[0.00135671 0.03558534 0.00398314 0.02804365 0.03787592 0.01061285
 0.02633593 0.02680173 0.01962024 0.00566599 0.02124421 0.01344252
 0.04757802 0.03275273 0.0403465  0.00249291 0.02776441 0.02671303
 0.04357256 0.01141081 0.00074794 0.00994464 0.00292368 0.00257742
 0.05869159 0.04722076 0.0063662  0.01880207 0.03885074 0.01872442
 0.01775558 0.00258904 0.00328146 0.01224404]
[0.00606504 0.061475   0.01698267 0.05158487 0.02866705 0.05176361
 0.03192905 0.00625825 0.03784707 0.01372173 0.05685706 0.00062382
 0.04450368 0.01695378 0.02734583 0.02114819 0.01380497 0.03983501
 0.04298042 0.01709271 0.00804582 0.00326087 0.00150048 0.01076638
 0.0524703  0.01075065 0.02126006 0.02040109 0.02285713 0.03226845
 0.0530804  0.00365097 0.00185872 0.05048929]
