[0.00559083 0.06603855 0.01468377 0.08749702 0.0053227  0.05905939
 0.01810781 0.04484199 0.00615515 0.00280957 0.05815894 0.01908267
 0.03319863 0.02416687 0.05685583 0.00831888 0.0287746  0.04669829
 0.06206298 0.00648742 0.00406126 0.00282832 0.00449663 0.01080335
 0.01979323 0.04800061 0.03253901 0.01848843 0.0175753  0.06806231
 0.02365496 0.01596884 0.04041686 0.03910901]
[0.00792556 0.01246366 0.00045671 0.01621185 0.03385251 0.0672194
 0.00347024 0.07611172 0.02077303 0.00420881 0.01762302 0.06581319
 0.04102543 0.03441384 0.06158674 0.02327344 0.02347074 0.01275494
 0.06459652 0.02046118 0.00247905 0.0158271  0.0049568  0.01096594
 0.0177696  0.03923168 0.01515999 0.0684909  0.0637706  0.05329276
 0.00597279 0.00547314 0.03558014 0.05315125]
[0.00493623 0.04507279 0.00209246 0.0592159  0.0162997  0.052552
 0.01046715 0.02005177 0.0206802  0.00244995 0.0401584  0.03375156
 0.01540911 0.06830692 0.06295465 0.02428602 0.00778141 0.01087005
 0.00375339 0.01694483 0.00309369 0.00072918 0.0028215  0.01001946
 0.00778867 0.01839014 0.04076418 0.08286861 0.04800099 0.04570838
 0.01886523 0.01805712 0.02294539 0.06363371]
[0.00480321 0.00047419 0.0121899  0.06228001 0.03166035 0.0104404
 0.04625123 0.05071878 0.00983506 0.00705037 0.04587988 0.04390288
 0.02571884 0.05687851 0.05644496 0.00997093 0.04304142 0.03038745
 0.04371689 0.00255234 0.00082396 0.00213446 0.00349223 0.00658963
 0.00019511 0.00763594 0.01777324 0.06568357 0.06042804 0.04786091
 0.04627635 0.01074591 0.02608925 0.05683387]
[0.00205155 0.01022552 0.01379232 0.0739689  0.05353011 0.02597636
 0.0256338  0.02256742 0.0114577  0.0012677  0.06523991 0.05178799
 0.05965867 0.03227168 0.02542644 0.00720948 0.02126537 0.02236868
 0.06617393 0.01411524 0.00834747 0.00880307 0.00248612 0.00865338
 0.0290937  0.02949939 0.00325915 0.01243662 0.05005562 0.06952415
 0.00856022 0.0012067  0.00143241 0.03601029]
[0.00205155 0.01022552 0.01379232 0.0739689  0.05353011 0.02597636
 0.0256338  0.02256742 0.0114577  0.0012677  0.06523991 0.05178799
 0.05965867 0.03227168 0.02542644 0.00720948 0.02126537 0.02236868
 0.06617393 0.01411524 0.00834747 0.00880307 0.00248612 0.00865338
 0.0290937  0.02949939 0.00325915 0.01243662 0.05005562 0.06952415
 0.00856022 0.0012067  0.00143241 0.03601029]
[0.00436722 0.00233933 0.0061754  0.03901151 0.04853969 0.06639357
 0.02703418 0.03751715 0.04518728 0.00529253 0.06049122 0.00352338
 0.0097482  0.04819815 0.00883123 0.00625972 0.00930302 0.04632157
 0.08995581 0.01168902 0.00298521 0.00413636 0.0032785  0.01292733
 0.06691131 0.00918122 0.04116498 0.04026857 0.07379792 0.01044996
 0.02076454 0.00406272 0.0073396  0.02981263]
[6.44838402e-03 5.21922692e-02 1.96128820e-02 4.65020068e-02
 3.70628034e-02 5.66513837e-02 2.40179631e-02 1.43213370e-02
 5.46667763e-02 1.10121012e-02 1.73681282e-02 2.72724654e-02
 5.57534567e-02 2.41553645e-02 2.67404637e-02 1.97611373e-03
 9.43062023e-03 3.51361505e-02 5.36948495e-02 1.91649010e-02
 2.56148636e-03 8.19136682e-03 6.45436422e-05 1.33037570e-02
 8.49323642e-02 3.00405406e-02 6.96824875e-03 4.30718110e-02
 5.53757336e-02 1.98370313e-02 3.47894163e-02 1.38231124e-02
 4.06121424e-02 2.33289974e-02]
[0.00711598 0.04447621 0.01189405 0.03623221 0.0630584  0.06795883
 0.04799826 0.00994859 0.00094526 0.00864419 0.02287809 0.01529933
 0.06117052 0.02014607 0.03061553 0.01223695 0.03416898 0.01310377
 0.04324952 0.01631705 0.00219595 0.00193201 0.0003933  0.00821246
 0.09649348 0.04254569 0.02137915 0.03762834 0.03825603 0.00998402
 0.05441406 0.02841036 0.03027677 0.04520209]
[0.00089622 0.08066953 0.02009246 0.0420366  0.06561711 0.0109998
 0.00526606 0.00247909 0.0473572  0.01011683 0.04106653 0.03481548
 0.05407811 0.05798413 0.02437343 0.01752032 0.0087832  0.04115269
 0.0761487  0.00961978 0.00603653 0.01247527 0.00847191 0.01009419
 0.00683456 0.01143539 0.05777677 0.0591901  0.03392172 0.04616062
 0.006633   0.01973525 0.00055112 0.06091247]
[0.00586564 0.0227788  0.01884957 0.01128335 0.00289856 0.05054595
 0.05123265 0.03971522 0.00921149 0.00569338 0.01712714 0.04029767
 0.04823041 0.04510333 0.04267856 0.01260311 0.05173146 0.00756997
 0.00638293 0.0171372  0.00535902 0.0072012  0.00374119 0.01131195
 0.04005553 0.0325481  0.00339063 0.04786629 0.06484899 0.02147928
 0.01269943 0.00992827 0.01933082 0.02234969]
[0.00586564 0.0227788  0.01884957 0.01128335 0.00289856 0.05054595
 0.05123265 0.03971522 0.00921149 0.00569338 0.01712714 0.04029767
 0.04823041 0.04510333 0.04267856 0.01260311 0.05173146 0.00756997
 0.00638293 0.0171372  0.00535902 0.0072012  0.00374119 0.01131195
 0.04005553 0.0325481  0.00339063 0.04786629 0.06484899 0.02147928
 0.01269943 0.00992827 0.01933082 0.02234969]
[0.00033505 0.00798693 0.01759216 0.04429185 0.00349166 0.04163777
 0.07536854 0.02874728 0.00628643 0.00049121 0.04001579 0.02929138
 0.06677976 0.06319683 0.02603553 0.02223484 0.04849318 0.02734519
 0.03199997 0.00614984 0.00489534 0.00857818 0.00333206 0.00799997
 0.02017115 0.03208516 0.03867096 0.01721284 0.03409851 0.0123316
 0.04814521 0.0173737  0.03515862 0.05135087]
[0.00033505 0.00798693 0.01759216 0.04429185 0.00349166 0.04163777
 0.07536854 0.02874728 0.00628643 0.00049121 0.04001579 0.02929138
 0.06677976 0.06319683 0.02603553 0.02223484 0.04849318 0.02734519
 0.03199997 0.00614984 0.00489534 0.00857818 0.00333206 0.00799997
 0.02017115 0.03208516 0.03867096 0.01721284 0.03409851 0.0123316
 0.04814521 0.0173737  0.03515862 0.05135087]
[0.00819331 0.01569667 0.01076323 0.02475262 0.03102516 0.04427493
 0.01485452 0.06828269 0.02325166 0.00301109 0.0428048  0.00818752
 0.01518075 0.00723584 0.00405968 0.00456502 0.05023599 0.03408297
 0.03615112 0.01072161 0.00352985 0.00301922 0.00370318 0.01160189
 0.04657672 0.08354777 0.07286161 0.02916986 0.04678436 0.03025169
 0.06527922 0.01255813 0.03828634 0.09162493]
[0.00527812 0.03823854 0.0115065  0.0311066  0.04779133 0.05054281
 0.05456297 0.00692392 0.00512682 0.00467201 0.06178174 0.01476347
 0.05600132 0.05208835 0.0182167  0.00750389 0.0089037  0.01220218
 0.03437071 0.00115579 0.00645757 0.01084459 0.00469427 0.01310922
 0.06854287 0.02990101 0.067542   0.02499542 0.03056556 0.04202462
 0.04245633 0.02650648 0.02584295 0.08047339]
[5.14946597e-03 4.29160715e-02 9.19291634e-03 1.28554946e-02
 4.92983467e-02 6.24794530e-02 9.25431560e-02 6.49313591e-02
 1.81442447e-02 2.84679865e-03 9.09443957e-03 4.58920680e-02
 6.53208885e-03 3.35227653e-03 1.84772954e-02 2.56252471e-02
 5.58636577e-02 1.55444313e-02 4.14276404e-02 1.15517755e-03
 9.51833918e-03 6.20434755e-03 7.14687456e-03 5.04081091e-05
 1.60004520e-02 5.80884850e-02 9.13793865e-02 5.51476096e-02
 2.72854926e-02 2.06862270e-02 3.31399171e-03 1.00334652e-02
 4.82933931e-02 6.22945991e-02]
[0.00278716 0.02866657 0.00748308 0.04728097 0.05240524 0.03875259
 0.01273094 0.03868291 0.06933113 0.00557501 0.05540424 0.01139606
 0.04181512 0.01187003 0.03699562 0.01542001 0.02698548 0.00195424
 0.06048628 0.02726811 0.00072207 0.01596672 0.00803877 0.01085342
 0.02133836 0.04154502 0.12771037 0.01072728 0.052032   0.03868887
 0.00326918 0.00805261 0.05704139 0.01001178]
[0.00920539 0.05243735 0.01158195 0.03455932 0.01548857 0.04421337
 0.06601867 0.05217994 0.00480926 0.01007225 0.0021075  0.01815309
 0.03290254 0.07909592 0.0458144  0.02468451 0.02893846 0.03790019
 0.00069912 0.00658721 0.01581316 0.0029038  0.00660237 0.00999683
 0.00820749 0.05204616 0.05293963 0.0691247  0.00655715 0.05936275
 0.02756326 0.03944388 0.00602538 0.06531141]
[0.00920539 0.05243735 0.01158195 0.03455932 0.01548857 0.04421337
 0.06601867 0.05217994 0.00480926 0.01007225 0.0021075  0.01815309
 0.03290254 0.07909592 0.0458144  0.02468451 0.02893846 0.03790019
 0.00069912 0.00658721 0.01581316 0.0029038  0.00660237 0.00999683
 0.00820749 0.05204616 0.05293963 0.0691247  0.00655715 0.05936275
 0.02756326 0.03944388 0.00602538 0.06531141]
