[0.00200526 0.08438305 0.00213455 0.00247298 0.01047911 0.07236907
 0.01374305 0.00506407 0.0361547  0.00532199 0.00856665 0.03964527
 0.04231607 0.04395111 0.0205408  0.01055791 0.04078154 0.00028223
 0.01293288 0.01181026 0.00835357 0.01242862 0.00642368 0.01324112
 0.08586998 0.05901819 0.03085075 0.0208123  0.05953405 0.00871111
 0.03826155 0.01790241 0.0300291  0.0861427 ]
[0.00311397 0.03315669 0.01207597 0.02335551 0.05202032 0.0707293
 0.00804714 0.03412633 0.05504534 0.00190986 0.02325484 0.06469255
 0.04560698 0.01124488 0.01299181 0.00712521 0.00167096 0.01470391
 0.02202859 0.00279211 0.00776126 0.01292148 0.00041723 0.0025951
 0.04983201 0.02796039 0.05164172 0.01948737 0.02730843 0.02305236
 0.00151089 0.0142847  0.02251552 0.08743365]
[0.00643786 0.06236488 0.01557909 0.04572342 0.00917189 0.02934767
 0.02314257 0.03603285 0.03824714 0.0065522  0.05752682 0.01989048
 0.06086588 0.03324195 0.03100907 0.00633626 0.01012608 0.00669353
 0.0390918  0.01243373 0.0039104  0.00771007 0.0038964  0.01170545
 0.03256015 0.05536681 0.02745168 0.04553029 0.04751539 0.02035936
 0.01879184 0.01799576 0.02608926 0.00594118]
[0.0054065  0.04676567 0.01736343 0.0585648  0.03875845 0.03120982
 0.01503242 0.01103501 0.00406275 0.00433416 0.07846814 0.05276039
 0.06610293 0.02866127 0.00765705 0.02386593 0.02674608 0.0049937
 0.03424557 0.02083317 0.00205978 0.0123197  0.00162425 0.01437728
 0.00790888 0.07456793 0.00108961 0.02762588 0.07045525 0.03890069
 0.00016599 0.03044932 0.00987889 0.02159326]
[0.0054065  0.04676567 0.01736343 0.0585648  0.03875845 0.03120982
 0.01503242 0.01103501 0.00406275 0.00433416 0.07846814 0.05276039
 0.06610293 0.02866127 0.00765705 0.02386593 0.02674608 0.0049937
 0.03424557 0.02083317 0.00205978 0.0123197  0.00162425 0.01437728
 0.00790888 0.07456793 0.00108961 0.02762588 0.07045525 0.03890069
 0.00016599 0.03044932 0.00987889 0.02159326]
[0.0054065  0.04676567 0.01736343 0.0585648  0.03875845 0.03120982
 0.01503242 0.01103501 0.00406275 0.00433416 0.07846814 0.05276039
 0.06610293 0.02866127 0.00765705 0.02386593 0.02674608 0.0049937
 0.03424557 0.02083317 0.00205978 0.0123197  0.00162425 0.01437728
 0.00790888 0.07456793 0.00108961 0.02762588 0.07045525 0.03890069
 0.00016599 0.03044932 0.00987889 0.02159326]
[0.00120638 0.04348331 0.0013516  0.0196655  0.0358436  0.00607115
 0.02390646 0.04078505 0.03575705 0.00286938 0.0274124  0.03173999
 0.04958179 0.03722559 0.03614817 0.01510745 0.00890389 0.02967689
 0.04573109 0.00173715 0.00346676 0.00767857 0.00110597 0.01044111
 0.00854001 0.05741294 0.03345428 0.01585621 0.0358902  0.05068287
 0.03269602 0.00951125 0.00373675 0.00190727]
[5.99329562e-03 1.89086499e-02 1.25649877e-02 1.98669129e-02
 5.64489337e-02 3.82859774e-02 1.90534923e-03 3.27823567e-02
 1.90747527e-02 7.55088940e-03 6.15075900e-02 3.60495186e-02
 6.23502925e-02 3.20128121e-02 2.07554253e-02 2.31973893e-02
 3.78673035e-02 1.74764674e-02 5.03095743e-02 1.40708683e-02
 2.43739684e-03 1.35545747e-02 4.85918109e-03 3.68826823e-03
 4.44285330e-02 1.87701274e-02 3.68458150e-02 2.05822835e-02
 2.45336702e-02 3.19426191e-02 2.37619369e-02 1.01231409e-02
 3.91370490e-05 2.00527842e-02]
[0.00122518 0.01233829 0.00308542 0.03976037 0.03705803 0.04817675
 0.01177063 0.03966637 0.0354886  0.00786223 0.02758311 0.02860877
 0.04337257 0.0482218  0.04383892 0.00135632 0.0094662  0.01069964
 0.04687417 0.00324471 0.00343987 0.00364248 0.00044058 0.00364053
 0.04170153 0.020695   0.02857887 0.04549243 0.00698088 0.03500768
 0.03648487 0.02105316 0.02649506 0.02371119]
[0.00122518 0.01233829 0.00308542 0.03976037 0.03705803 0.04817675
 0.01177063 0.03966637 0.0354886  0.00786223 0.02758311 0.02860877
 0.04337257 0.0482218  0.04383892 0.00135632 0.0094662  0.01069964
 0.04687417 0.00324471 0.00343987 0.00364248 0.00044058 0.00364053
 0.04170153 0.020695   0.02857887 0.04549243 0.00698088 0.03500768
 0.03648487 0.02105316 0.02649506 0.02371119]
[0.00122518 0.01233829 0.00308542 0.03976037 0.03705803 0.04817675
 0.01177063 0.03966637 0.0354886  0.00786223 0.02758311 0.02860877
 0.04337257 0.0482218  0.04383892 0.00135632 0.0094662  0.01069964
 0.04687417 0.00324471 0.00343987 0.00364248 0.00044058 0.00364053
 0.04170153 0.020695   0.02857887 0.04549243 0.00698088 0.03500768
 0.03648487 0.02105316 0.02649506 0.02371119]
[0.00122518 0.01233829 0.00308542 0.03976037 0.03705803 0.04817675
 0.01177063 0.03966637 0.0354886  0.00786223 0.02758311 0.02860877
 0.04337257 0.0482218  0.04383892 0.00135632 0.0094662  0.01069964
 0.04687417 0.00324471 0.00343987 0.00364248 0.00044058 0.00364053
 0.04170153 0.020695   0.02857887 0.04549243 0.00698088 0.03500768
 0.03648487 0.02105316 0.02649506 0.02371119]
[0.00696734 0.05065113 0.01993335 0.06053801 0.0506816  0.05794665
 0.00857611 0.00858192 0.01146675 0.00312125 0.05904688 0.05296646
 0.00016104 0.07390374 0.04970947 0.00548144 0.02412812 0.00296402
 0.0698297  0.005166   0.00023361 0.00602502 0.00289126 0.00697853
 0.05310082 0.01443277 0.01074523 0.03342547 0.0130378  0.03015439
 0.01510033 0.01138576 0.01018588 0.02128651]
[0.00696734 0.05065113 0.01993335 0.06053801 0.0506816  0.05794665
 0.00857611 0.00858192 0.01146675 0.00312125 0.05904688 0.05296646
 0.00016104 0.07390374 0.04970947 0.00548144 0.02412812 0.00296402
 0.0698297  0.005166   0.00023361 0.00602502 0.00289126 0.00697853
 0.05310082 0.01443277 0.01074523 0.03342547 0.0130378  0.03015439
 0.01510033 0.01138576 0.01018588 0.02128651]
[0.0015489  0.02682682 0.00939605 0.03448778 0.02509413 0.00792057
 0.03687794 0.03304723 0.01217224 0.00518431 0.04882222 0.04186211
 0.03381497 0.06240598 0.00374372 0.01654585 0.01180355 0.00766116
 0.04005174 0.00301543 0.00802731 0.00736237 0.00043136 0.01014728
 0.02618248 0.02070318 0.03224182 0.04109439 0.01787066 0.00747205
 0.04215001 0.00395235 0.00414246 0.02130552]
[0.0015489  0.02682682 0.00939605 0.03448778 0.02509413 0.00792057
 0.03687794 0.03304723 0.01217224 0.00518431 0.04882222 0.04186211
 0.03381497 0.06240598 0.00374372 0.01654585 0.01180355 0.00766116
 0.04005174 0.00301543 0.00802731 0.00736237 0.00043136 0.01014728
 0.02618248 0.02070318 0.03224182 0.04109439 0.01787066 0.00747205
 0.04215001 0.00395235 0.00414246 0.02130552]
[0.0015489  0.02682682 0.00939605 0.03448778 0.02509413 0.00792057
 0.03687794 0.03304723 0.01217224 0.00518431 0.04882222 0.04186211
 0.03381497 0.06240598 0.00374372 0.01654585 0.01180355 0.00766116
 0.04005174 0.00301543 0.00802731 0.00736237 0.00043136 0.01014728
 0.02618248 0.02070318 0.03224182 0.04109439 0.01787066 0.00747205
 0.04215001 0.00395235 0.00414246 0.02130552]
[0.0015489  0.02682682 0.00939605 0.03448778 0.02509413 0.00792057
 0.03687794 0.03304723 0.01217224 0.00518431 0.04882222 0.04186211
 0.03381497 0.06240598 0.00374372 0.01654585 0.01180355 0.00766116
 0.04005174 0.00301543 0.00802731 0.00736237 0.00043136 0.01014728
 0.02618248 0.02070318 0.03224182 0.04109439 0.01787066 0.00747205
 0.04215001 0.00395235 0.00414246 0.02130552]
[0.0015489  0.02682682 0.00939605 0.03448778 0.02509413 0.00792057
 0.03687794 0.03304723 0.01217224 0.00518431 0.04882222 0.04186211
 0.03381497 0.06240598 0.00374372 0.01654585 0.01180355 0.00766116
 0.04005174 0.00301543 0.00802731 0.00736237 0.00043136 0.01014728
 0.02618248 0.02070318 0.03224182 0.04109439 0.01787066 0.00747205
 0.04215001 0.00395235 0.00414246 0.02130552]
[0.0015489  0.02682682 0.00939605 0.03448778 0.02509413 0.00792057
 0.03687794 0.03304723 0.01217224 0.00518431 0.04882222 0.04186211
 0.03381497 0.06240598 0.00374372 0.01654585 0.01180355 0.00766116
 0.04005174 0.00301543 0.00802731 0.00736237 0.00043136 0.01014728
 0.02618248 0.02070318 0.03224182 0.04109439 0.01787066 0.00747205
 0.04215001 0.00395235 0.00414246 0.02130552]
