[0.00470397 0.07206892 0.00479454 0.00497671 0.02967093 0.02774161
 0.04019949 0.04422099 0.00971015 0.00107005 0.02215829 0.01332194
 0.00331445 0.0723727  0.02290515 0.02106222 0.02040493 0.00174778
 0.07031102 0.00170024 0.01031595 0.00628989 0.00013905 0.00880035
 0.05241418 0.07949082 0.04351051 0.06160123 0.01668481 0.052727
 0.05372136 0.01116431 0.03539734 0.00858261]
[0.00633314 0.02238654 0.02163067 0.00547324 0.02126657 0.00350014
 0.01573224 0.07944321 0.0343107  0.01366396 0.05386997 0.0301659
 0.01026821 0.0036712  0.02771347 0.0055633  0.02438489 0.02322209
 0.04657541 0.0177083  0.00489265 0.0085191  0.00274282 0.00377412
 0.06887276 0.05350974 0.03015088 0.0597071  0.04994881 0.06607943
 0.03643147 0.00989348 0.03810472 0.02795987]
[0.00633314 0.02238654 0.02163067 0.00547324 0.02126657 0.00350014
 0.01573224 0.07944321 0.0343107  0.01366396 0.05386997 0.0301659
 0.01026821 0.0036712  0.02771347 0.0055633  0.02438489 0.02322209
 0.04657541 0.0177083  0.00489265 0.0085191  0.00274282 0.00377412
 0.06887276 0.05350974 0.03015088 0.0597071  0.04994881 0.06607943
 0.03643147 0.00989348 0.03810472 0.02795987]
[1.15969925e-07 2.96729241e-02 1.91148055e-02 2.61851168e-03
 5.62920874e-02 1.53328949e-02 3.69802026e-02 7.41647614e-02
 4.17800043e-02 5.43174335e-03 2.68164536e-02 4.04756356e-02
 1.19582760e-02 1.52260358e-02 6.02181597e-02 1.27968021e-02
 3.86810067e-02 4.47980235e-02 5.50137935e-02 1.47600626e-02
 3.82407479e-03 1.19213923e-02 1.20981592e-03 5.12882582e-03
 7.60304262e-02 3.30166251e-02 2.13953840e-02 3.71748947e-02
 5.78446161e-02 5.51228160e-02 1.67894711e-02 2.40294163e-02
 2.25403302e-02 5.38231170e-03]
[6.24634843e-04 6.24777381e-02 8.90776835e-05 3.19367478e-02
 6.04804542e-02 1.12973913e-02 6.61526883e-02 5.52045255e-02
 5.45438005e-02 6.87940751e-03 5.97380899e-04 6.61155156e-03
 3.16602906e-02 5.42938599e-02 4.67574324e-02 2.28665592e-02
 1.57312017e-02 1.10984184e-03 9.56542897e-02 8.91127867e-03
 1.30688080e-02 4.66560141e-04 3.81213985e-03 1.02074755e-02
 7.81066241e-02 2.46990512e-02 3.62292073e-03 8.04953215e-02
 5.16083937e-02 3.75009338e-02 3.58945452e-03 1.31078882e-02
 1.43416015e-02 2.67517314e-02]
[0.00638342 0.03259526 0.01377014 0.05557688 0.01134425 0.05503395
 0.04806885 0.0086215  0.04235805 0.01139985 0.01923563 0.05192097
 0.02081498 0.05671674 0.01781841 0.0214499  0.0122534  0.01896061
 0.00782524 0.00549415 0.01383649 0.00193729 0.0001991  0.00634051
 0.09414336 0.07567016 0.04819348 0.03897938 0.08484475 0.022209
 0.02145963 0.00622754 0.02729543 0.03854991]
[0.00189776 0.03101919 0.01595711 0.06291125 0.03506052 0.0664018
 0.02636601 0.01159532 0.05193417 0.00642226 0.00074274 0.07011061
 0.02488214 0.02276518 0.05177146 0.01379727 0.00959612 0.01004561
 0.02436949 0.01472404 0.00378583 0.00191096 0.00320496 0.01203613
 0.04347379 0.0869752  0.04300486 0.05147981 0.09878999 0.04063956
 0.00513731 0.00925185 0.03812501 0.00905643]
[0.00453477 0.03625804 0.00271162 0.05850006 0.02771369 0.03566613
 0.03135212 0.04317971 0.04882562 0.00679288 0.03138378 0.00213093
 0.02011595 0.0220373  0.03774013 0.01308466 0.03992917 0.03731732
 0.02568868 0.02067045 0.00162384 0.00962416 0.00049821 0.00361864
 0.05283528 0.02787276 0.06662318 0.03666647 0.06179137 0.02353115
 0.05280698 0.00703799 0.03835295 0.0196144 ]
[0.00453477 0.03625804 0.00271162 0.05850006 0.02771369 0.03566613
 0.03135212 0.04317971 0.04882562 0.00679288 0.03138378 0.00213093
 0.02011595 0.0220373  0.03774013 0.01308466 0.03992917 0.03731732
 0.02568868 0.02067045 0.00162384 0.00962416 0.00049821 0.00361864
 0.05283528 0.02787276 0.06662318 0.03666647 0.06179137 0.02353115
 0.05280698 0.00703799 0.03835295 0.0196144 ]
[0.0060926  0.05177202 0.01260857 0.06334337 0.05186242 0.05747192
 0.05735231 0.02854023 0.03611537 0.00400832 0.06051972 0.01356614
 0.02574397 0.03028132 0.06100493 0.02057165 0.01281873 0.01440533
 0.02031604 0.00285866 0.01039876 0.00187156 0.00271137 0.0053727
 0.06698217 0.05073837 0.06954194 0.01268249 0.0038914  0.01255675
 0.02442787 0.00782376 0.03212379 0.02561901]
[0.00693214 0.0768744  0.0190109  0.00681345 0.04796406 0.04334201
 0.02968375 0.01294117 0.00314708 0.00130136 0.01717008 0.02238669
 0.02725834 0.06433002 0.0680156  0.01020624 0.05264482 0.02524399
 0.03138048 0.00579444 0.00366817 0.00065945 0.00244639 0.0124391
 0.0509282  0.05791014 0.08464308 0.03439967 0.03630617 0.04644816
 0.02484691 0.00748963 0.02115877 0.01743818]
[0.003827   0.06518153 0.01205098 0.00034035 0.06643785 0.02331978
 0.04909682 0.04955134 0.02719344 0.00498107 0.05380485 0.02680925
 0.02842292 0.08855719 0.03934222 0.01122864 0.05194693 0.00547876
 0.02405091 0.0176538  0.01205515 0.0090092  0.00048449 0.0154753
 0.06531328 0.02197378 0.03123648 0.00780134 0.00270626 0.06638535
 0.01589653 0.02946687 0.01624354 0.04848112]
[0.00095299 0.05144815 0.00050383 0.05070766 0.0516261  0.03121719
 0.00781479 0.01844176 0.04962518 0.00704106 0.0901435  0.07750241
 0.00251922 0.0059802  0.04822489 0.00992825 0.03399115 0.0109572
 0.0341178  0.00930843 0.0053467  0.01372955 0.00050488 0.01762556
 0.00427019 0.00680688 0.0569888  0.00126478 0.06313817 0.0318503
 0.01407758 0.03291639 0.02375952 0.0164724 ]
[0.00569887 0.01324385 0.014835   0.00951069 0.05015766 0.01026727
 0.02715169 0.00374059 0.05841042 0.01346315 0.05306339 0.05234768
 0.03465717 0.02938932 0.03424408 0.00810337 0.00815345 0.03164877
 0.0526119  0.00430171 0.01025578 0.00329534 0.00542994 0.0131837
 0.03386524 0.04636241 0.02771877 0.04883809 0.00978314 0.00052061
 0.04880689 0.00437282 0.01864983 0.05702646]
[0.00424034 0.05097648 0.02075341 0.05317405 0.05526629 0.03756652
 0.07677699 0.01856417 0.0123376  0.01694398 0.07934805 0.01597721
 0.05152486 0.04288144 0.03414952 0.00467297 0.04815429 0.0391745
 0.01902553 0.01106391 0.00288072 0.01727933 0.00034383 0.00142614
 0.01797956 0.02510955 0.04974936 0.01145458 0.04070606 0.00928076
 0.0088012  0.02229194 0.01149866 0.04424943]
[0.0062458  0.02602014 0.01184875 0.04285285 0.02746178 0.02354754
 0.01168286 0.00053316 0.00256171 0.01097437 0.07920759 0.01121198
 0.07789036 0.0165739  0.04060658 0.02404601 0.01503942 0.00285868
 0.05988991 0.00939303 0.01296731 0.01317048 0.0029203  0.01154378
 0.06549741 0.06566331 0.01365478 0.06168885 0.02866387 0.01766519
 0.01590239 0.01776957 0.0076455  0.01855236]
[2.00575318e-03 3.81403762e-02 7.31854007e-03 1.98987350e-02
 4.23622501e-02 3.60577453e-02 2.21004521e-02 2.67497508e-02
 1.82478545e-02 9.13150826e-03 7.85366073e-02 9.03551739e-03
 4.24368563e-02 1.53534002e-02 3.74983749e-02 1.18459007e-02
 9.64214001e-03 3.67616316e-02 1.63872062e-02 1.25104213e-02
 1.15482092e-03 1.03135080e-02 5.58609223e-03 6.11684518e-05
 5.86916370e-02 3.38672154e-02 2.57288653e-02 1.43563937e-02
 3.31651467e-02 1.44424885e-02 1.68234798e-03 2.25688292e-02
 8.23262002e-03 3.37337430e-03]
[0.00149051 0.04207118 0.01223824 0.04446401 0.01037729 0.02187242
 0.02622196 0.04963224 0.01398791 0.00895236 0.05898873 0.01700037
 0.04153042 0.03974848 0.02387727 0.01344623 0.03678689 0.02203928
 0.01188429 0.01508079 0.00215982 0.01007428 0.00501325 0.00145464
 0.05951198 0.02920218 0.04861401 0.0438816  0.03976955 0.01030449
 0.01511339 0.01525863 0.02133355 0.01361538]
[0.00322998 0.04861731 0.01259828 0.01817991 0.02554639 0.03494562
 0.02905118 0.05440573 0.01571592 0.00786006 0.01046087 0.03724061
 0.00027521 0.02895102 0.04573144 0.00227339 0.0233121  0.01973014
 0.04131943 0.00939318 0.00414043 0.00047821 0.00397247 0.002072
 0.02916883 0.01701845 0.02252586 0.04161418 0.02732769 0.03331125
 0.03943804 0.02058834 0.01077539 0.02397646]
[0.00322998 0.04861731 0.01259828 0.01817991 0.02554639 0.03494562
 0.02905118 0.05440573 0.01571592 0.00786006 0.01046087 0.03724061
 0.00027521 0.02895102 0.04573144 0.00227339 0.0233121  0.01973014
 0.04131943 0.00939318 0.00414043 0.00047821 0.00397247 0.002072
 0.02916883 0.01701845 0.02252586 0.04161418 0.02732769 0.03331125
 0.03943804 0.02058834 0.01077539 0.02397646]
