Building DAG of jobs...
Using shell: /usr/bin/bash
Provided cores: 4
Rules claiming more threads will be scaled down.
Job counts:
	count	jobs
	1	run_single_chain
	1
Select jobs to execute...

[Thu Mar  4 08:03:17 2021]
rule run_single_chain:
    input: inter_results/network_c2_s821.nc, inter_results/sigma_s821.csv
    output: inter_results/network_c2_s841.nc
    jobid: 0
    wildcards: chain=2, sample=841
    threads: 4

/home/201403848/anaconda3_new/envs/pypsa-eur/bin/python3.8 /home/201403848/pypsa-mcmc/NOBACKUP/pypsa-eur-mcmc/pypsa-eur-mcmc/.snakemake/scripts/tmp7s00gabq.mh_chain.py
INFO:pypsa.io:Imported network network_c2_s821.nc has buses, carriers, generators, global_constraints, lines, links, loads, storage_units, stores
INFO:numexpr.utils:Note: NumExpr detected 64 cores but "NUMEXPR_MAX_THREADS" not set, so enforcing safe limit of 8.
INFO:pypsa.linopf:Prepare linear problem
INFO:pypsa.linopf:Total preparation time: 8.36s
INFO:pypsa.linopf:Solve linear problem using Gurobi solver
INFO:pypsa.linopf:Optimization successful. Objective value: 1.03e+11
INFO:root:sample accepted
INFO:pypsa.io:Exported network network_c2_s822.nc has generators, buses, carriers, links, storage_units, loads, stores, lines, global_constraints
INFO:pypsa.linopf:Prepare linear problem
INFO:pypsa.linopf:Total preparation time: 5.89s
INFO:pypsa.linopf:Solve linear problem using Gurobi solver
INFO:pypsa.linopf:Optimization successful. Objective value: 1.01e+11
INFO:root:sample accepted
INFO:pypsa.io:Exported network network_c2_s823.nc has generators, buses, carriers, links, storage_units, loads, stores, lines, global_constraints
INFO:pypsa.linopf:Prepare linear problem
INFO:pypsa.linopf:Total preparation time: 5.63s
INFO:pypsa.linopf:Solve linear problem using Gurobi solver
INFO:pypsa.linopf:Optimization successful. Objective value: 9.88e+10
INFO:root:sample accepted
INFO:pypsa.io:Exported network network_c2_s824.nc has generators, buses, carriers, links, storage_units, loads, stores, lines, global_constraints
INFO:pypsa.linopf:Prepare linear problem
INFO:pypsa.linopf:Total preparation time: 4.94s
INFO:pypsa.linopf:Solve linear problem using Gurobi solver
INFO:pypsa.linopf:Optimization successful. Objective value: 1.01e+11
INFO:root:sample accepted
INFO:pypsa.io:Exported network network_c2_s825.nc has generators, buses, carriers, links, storage_units, loads, stores, lines, global_constraints
INFO:pypsa.linopf:Prepare linear problem
INFO:pypsa.linopf:Total preparation time: 4.61s
INFO:pypsa.linopf:Solve linear problem using Gurobi solver
INFO:pypsa.linopf:Optimization successful. Objective value: 1.04e+11
INFO:root:sample rejected
INFO:pypsa.io:Imported network network_c2_s825.nc has buses, carriers, generators, global_constraints, lines, links, loads, storage_units, stores
INFO:pypsa.io:Exported network network_c2_s826.nc has generators, buses, carriers, links, storage_units, loads, stores, lines, global_constraints
INFO:pypsa.linopf:Prepare linear problem
INFO:pypsa.linopf:Total preparation time: 4.63s
INFO:pypsa.linopf:Solve linear problem using Gurobi solver
INFO:pypsa.linopf:Optimization successful. Objective value: 9.87e+10
INFO:root:sample accepted
INFO:pypsa.io:Exported network network_c2_s827.nc has generators, buses, carriers, links, storage_units, loads, stores, lines, global_constraints
INFO:pypsa.linopf:Prepare linear problem
INFO:pypsa.linopf:Total preparation time: 4.58s
INFO:pypsa.linopf:Solve linear problem using Gurobi solver
INFO:pypsa.linopf:Optimization successful. Objective value: 1.00e+11
INFO:root:sample accepted
INFO:pypsa.io:Exported network network_c2_s828.nc has generators, buses, carriers, links, storage_units, loads, stores, lines, global_constraints
INFO:pypsa.linopf:Prepare linear problem
INFO:pypsa.linopf:Total preparation time: 4.72s
INFO:pypsa.linopf:Solve linear problem using Gurobi solver
INFO:pypsa.linopf:Optimization successful. Objective value: 1.01e+11
INFO:root:sample accepted
INFO:pypsa.io:Exported network network_c2_s829.nc has generators, buses, carriers, links, storage_units, loads, stores, lines, global_constraints
INFO:pypsa.linopf:Prepare linear problem
INFO:pypsa.linopf:Total preparation time: 4.84s
INFO:pypsa.linopf:Solve linear problem using Gurobi solver
INFO:pypsa.linopf:Optimization successful. Objective value: 9.91e+10
INFO:root:sample accepted
INFO:pypsa.io:Exported network network_c2_s830.nc has generators, buses, carriers, links, storage_units, loads, stores, lines, global_constraints
INFO:pypsa.linopf:Prepare linear problem
INFO:pypsa.linopf:Total preparation time: 4.61s
INFO:pypsa.linopf:Solve linear problem using Gurobi solver
INFO:pypsa.linopf:Optimization successful. Objective value: 9.83e+10
INFO:root:sample accepted
INFO:pypsa.io:Exported network network_c2_s831.nc has generators, buses, carriers, links, storage_units, loads, stores, lines, global_constraints
INFO:pypsa.linopf:Prepare linear problem
INFO:pypsa.linopf:Total preparation time: 4.59s
INFO:pypsa.linopf:Solve linear problem using Gurobi solver
INFO:pypsa.linopf:Optimization successful. Objective value: 1.01e+11
INFO:root:sample accepted
INFO:pypsa.io:Exported network network_c2_s832.nc has generators, buses, carriers, links, storage_units, loads, stores, lines, global_constraints
INFO:pypsa.linopf:Prepare linear problem
INFO:pypsa.linopf:Total preparation time: 5.52s
INFO:pypsa.linopf:Solve linear problem using Gurobi solver
INFO:pypsa.linopf:Optimization successful. Objective value: 9.95e+10
INFO:root:sample accepted
INFO:pypsa.io:Exported network network_c2_s833.nc has generators, buses, carriers, links, storage_units, loads, stores, lines, global_constraints
INFO:pypsa.linopf:Prepare linear problem
INFO:pypsa.linopf:Total preparation time: 4.57s
INFO:pypsa.linopf:Solve linear problem using Gurobi solver
INFO:pypsa.linopf:Optimization successful. Objective value: 1.00e+11
INFO:root:sample accepted
INFO:pypsa.io:Exported network network_c2_s834.nc has generators, buses, carriers, links, storage_units, loads, stores, lines, global_constraints
INFO:pypsa.linopf:Prepare linear problem
INFO:pypsa.linopf:Total preparation time: 4.91s
INFO:pypsa.linopf:Solve linear problem using Gurobi solver
INFO:pypsa.linopf:Optimization successful. Objective value: 1.01e+11
INFO:root:sample accepted
INFO:pypsa.io:Exported network network_c2_s835.nc has generators, buses, carriers, links, storage_units, loads, stores, lines, global_constraints
INFO:pypsa.linopf:Prepare linear problem
INFO:pypsa.linopf:Total preparation time: 5.06s
INFO:pypsa.linopf:Solve linear problem using Gurobi solver
INFO:pypsa.linopf:Optimization successful. Objective value: 1.00e+11
INFO:root:sample accepted
INFO:pypsa.io:Exported network network_c2_s836.nc has generators, buses, carriers, links, storage_units, loads, stores, lines, global_constraints
INFO:pypsa.linopf:Prepare linear problem
INFO:pypsa.linopf:Total preparation time: 4.95s
INFO:pypsa.linopf:Solve linear problem using Gurobi solver
INFO:pypsa.linopf:Optimization successful. Objective value: 1.04e+11
INFO:root:sample rejected
INFO:pypsa.io:Imported network network_c2_s836.nc has buses, carriers, generators, global_constraints, lines, links, loads, storage_units, stores
INFO:pypsa.io:Exported network network_c2_s837.nc has generators, buses, carriers, links, storage_units, loads, stores, lines, global_constraints
INFO:pypsa.linopf:Prepare linear problem
INFO:pypsa.linopf:Total preparation time: 4.67s
INFO:pypsa.linopf:Solve linear problem using Gurobi solver
INFO:pypsa.linopf:Optimization successful. Objective value: 9.94e+10
INFO:root:sample accepted
INFO:pypsa.io:Exported network network_c2_s838.nc has generators, buses, carriers, links, storage_units, loads, stores, lines, global_constraints
INFO:pypsa.linopf:Prepare linear problem
INFO:pypsa.linopf:Total preparation time: 4.58s
INFO:pypsa.linopf:Solve linear problem using Gurobi solver
INFO:pypsa.linopf:Optimization successful. Objective value: 9.95e+10
INFO:root:sample accepted
INFO:pypsa.io:Exported network network_c2_s839.nc has generators, buses, carriers, links, storage_units, loads, stores, lines, global_constraints
INFO:pypsa.linopf:Prepare linear problem
INFO:pypsa.linopf:Total preparation time: 5.35s
INFO:pypsa.linopf:Solve linear problem using Gurobi solver
INFO:pypsa.linopf:Optimization successful. Objective value: 1.02e+11
INFO:root:sample accepted
INFO:pypsa.io:Exported network network_c2_s840.nc has generators, buses, carriers, links, storage_units, loads, stores, lines, global_constraints
INFO:pypsa.linopf:Prepare linear problem
INFO:pypsa.linopf:Total preparation time: 6.15s
INFO:pypsa.linopf:Solve linear problem using Gurobi solver
INFO:pypsa.linopf:Optimization successful. Objective value: 1.02e+11
INFO:root:sample accepted
INFO:pypsa.io:Exported network network_c2_s841.nc has generators, buses, carriers, links, storage_units, loads, stores, lines, global_constraints
[Thu Mar  4 08:14:32 2021]
Finished job 0.
1 of 1 steps (100%) done
