Building DAG of jobs...
Using shell: /usr/bin/bash
Provided cores: 4
Rules claiming more threads will be scaled down.
Job counts:
	count	jobs
	1	run_single_chain
	1
Select jobs to execute...

[Thu Mar  4 08:55:21 2021]
rule run_single_chain:
    input: inter_results/network_c4_s901.nc, inter_results/sigma_s901.csv
    output: inter_results/network_c4_s921.nc
    jobid: 0
    wildcards: chain=4, sample=921
    threads: 4

/home/201403848/anaconda3_new/envs/pypsa-eur/bin/python3.8 /home/201403848/pypsa-mcmc/NOBACKUP/pypsa-eur-mcmc/pypsa-eur-mcmc/.snakemake/scripts/tmpycevmvv1.mh_chain.py
INFO:pypsa.io:Imported network network_c4_s901.nc has buses, carriers, generators, global_constraints, lines, links, loads, storage_units, stores
INFO:numexpr.utils:Note: NumExpr detected 64 cores but "NUMEXPR_MAX_THREADS" not set, so enforcing safe limit of 8.
INFO:pypsa.linopf:Prepare linear problem
INFO:pypsa.linopf:Total preparation time: 6.77s
INFO:pypsa.linopf:Solve linear problem using Gurobi solver
INFO:pypsa.linopf:Optimization successful. Objective value: 1.01e+11
INFO:root:sample accepted
INFO:pypsa.io:Exported network network_c4_s902.nc has lines, global_constraints, generators, links, carriers, buses, loads, storage_units, stores
INFO:pypsa.linopf:Prepare linear problem
INFO:pypsa.linopf:Total preparation time: 4.48s
INFO:pypsa.linopf:Solve linear problem using Gurobi solver
INFO:pypsa.linopf:Optimization successful. Objective value: 9.89e+10
INFO:root:sample accepted
INFO:pypsa.io:Exported network network_c4_s903.nc has lines, global_constraints, generators, links, carriers, buses, loads, storage_units, stores
INFO:pypsa.linopf:Prepare linear problem
INFO:pypsa.linopf:Total preparation time: 6.34s
INFO:pypsa.linopf:Solve linear problem using Gurobi solver
INFO:pypsa.linopf:Optimization successful. Objective value: 9.84e+10
INFO:root:sample accepted
INFO:pypsa.io:Exported network network_c4_s904.nc has lines, global_constraints, generators, links, carriers, buses, loads, storage_units, stores
INFO:pypsa.linopf:Prepare linear problem
INFO:pypsa.linopf:Total preparation time: 4.96s
INFO:pypsa.linopf:Solve linear problem using Gurobi solver
INFO:pypsa.linopf:Optimization successful. Objective value: 1.02e+11
INFO:root:sample rejected
INFO:pypsa.io:Imported network network_c4_s904.nc has buses, carriers, generators, global_constraints, lines, links, loads, storage_units, stores
INFO:pypsa.io:Exported network network_c4_s905.nc has lines, global_constraints, generators, links, carriers, buses, loads, storage_units, stores
INFO:pypsa.linopf:Prepare linear problem
INFO:pypsa.linopf:Total preparation time: 5.35s
INFO:pypsa.linopf:Solve linear problem using Gurobi solver
INFO:pypsa.linopf:Optimization successful. Objective value: 9.96e+10
INFO:root:sample accepted
INFO:pypsa.io:Exported network network_c4_s906.nc has lines, global_constraints, generators, links, carriers, buses, loads, storage_units, stores
INFO:pypsa.linopf:Prepare linear problem
INFO:pypsa.linopf:Total preparation time: 4.63s
INFO:pypsa.linopf:Solve linear problem using Gurobi solver
INFO:pypsa.linopf:Optimization successful. Objective value: 1.02e+11
INFO:root:sample accepted
INFO:pypsa.io:Exported network network_c4_s907.nc has lines, global_constraints, generators, links, carriers, buses, loads, storage_units, stores
INFO:pypsa.linopf:Prepare linear problem
INFO:pypsa.linopf:Total preparation time: 4.63s
INFO:pypsa.linopf:Solve linear problem using Gurobi solver
INFO:pypsa.linopf:Optimization successful. Objective value: 1.00e+11
INFO:root:sample accepted
INFO:pypsa.io:Exported network network_c4_s908.nc has lines, global_constraints, generators, links, carriers, buses, loads, storage_units, stores
INFO:pypsa.linopf:Prepare linear problem
INFO:pypsa.linopf:Total preparation time: 4.69s
INFO:pypsa.linopf:Solve linear problem using Gurobi solver
INFO:pypsa.linopf:Optimization successful. Objective value: 1.01e+11
INFO:root:sample accepted
INFO:pypsa.io:Exported network network_c4_s909.nc has lines, global_constraints, generators, links, carriers, buses, loads, storage_units, stores
INFO:pypsa.linopf:Prepare linear problem
INFO:pypsa.linopf:Total preparation time: 4.69s
INFO:pypsa.linopf:Solve linear problem using Gurobi solver
INFO:pypsa.linopf:Optimization successful. Objective value: 1.00e+11
INFO:root:sample accepted
INFO:pypsa.io:Exported network network_c4_s910.nc has lines, global_constraints, generators, links, carriers, buses, loads, storage_units, stores
INFO:pypsa.linopf:Prepare linear problem
INFO:pypsa.linopf:Total preparation time: 5.0s
INFO:pypsa.linopf:Solve linear problem using Gurobi solver
INFO:pypsa.linopf:Optimization successful. Objective value: 1.01e+11
INFO:root:sample accepted
INFO:pypsa.io:Exported network network_c4_s911.nc has lines, global_constraints, generators, links, carriers, buses, loads, storage_units, stores
INFO:pypsa.linopf:Prepare linear problem
INFO:pypsa.linopf:Total preparation time: 4.69s
INFO:pypsa.linopf:Solve linear problem using Gurobi solver
INFO:pypsa.linopf:Optimization successful. Objective value: 1.01e+11
INFO:root:sample accepted
INFO:pypsa.io:Exported network network_c4_s912.nc has lines, global_constraints, generators, links, carriers, buses, loads, storage_units, stores
INFO:pypsa.linopf:Prepare linear problem
INFO:pypsa.linopf:Total preparation time: 4.85s
INFO:pypsa.linopf:Solve linear problem using Gurobi solver
INFO:pypsa.linopf:Optimization successful. Objective value: 9.99e+10
INFO:root:sample accepted
INFO:pypsa.io:Exported network network_c4_s913.nc has lines, global_constraints, generators, links, carriers, buses, loads, storage_units, stores
INFO:pypsa.linopf:Prepare linear problem
INFO:pypsa.linopf:Total preparation time: 5.23s
INFO:pypsa.linopf:Solve linear problem using Gurobi solver
INFO:pypsa.linopf:Optimization successful. Objective value: 1.02e+11
INFO:root:sample accepted
INFO:pypsa.io:Exported network network_c4_s914.nc has lines, global_constraints, generators, links, carriers, buses, loads, storage_units, stores
INFO:pypsa.linopf:Prepare linear problem
INFO:pypsa.linopf:Total preparation time: 4.58s
INFO:pypsa.linopf:Solve linear problem using Gurobi solver
INFO:pypsa.linopf:Optimization successful. Objective value: 1.02e+11
INFO:root:sample rejected
INFO:pypsa.io:Imported network network_c4_s914.nc has buses, carriers, generators, global_constraints, lines, links, loads, storage_units, stores
INFO:pypsa.io:Exported network network_c4_s915.nc has lines, global_constraints, generators, links, carriers, buses, loads, storage_units, stores
INFO:pypsa.linopf:Prepare linear problem
INFO:pypsa.linopf:Total preparation time: 4.77s
INFO:pypsa.linopf:Solve linear problem using Gurobi solver
INFO:pypsa.linopf:Optimization successful. Objective value: 9.86e+10
INFO:root:sample accepted
INFO:pypsa.io:Exported network network_c4_s916.nc has lines, global_constraints, generators, links, carriers, buses, loads, storage_units, stores
INFO:pypsa.linopf:Prepare linear problem
INFO:pypsa.linopf:Total preparation time: 4.75s
INFO:pypsa.linopf:Solve linear problem using Gurobi solver
INFO:pypsa.linopf:Optimization successful. Objective value: 9.86e+10
INFO:root:sample accepted
INFO:pypsa.io:Exported network network_c4_s917.nc has lines, global_constraints, generators, links, carriers, buses, loads, storage_units, stores
INFO:pypsa.linopf:Prepare linear problem
INFO:pypsa.linopf:Total preparation time: 4.66s
INFO:pypsa.linopf:Solve linear problem using Gurobi solver
INFO:pypsa.linopf:Optimization successful. Objective value: 1.01e+11
INFO:root:sample accepted
INFO:pypsa.io:Exported network network_c4_s918.nc has lines, global_constraints, generators, links, carriers, buses, loads, storage_units, stores
INFO:pypsa.linopf:Prepare linear problem
INFO:pypsa.linopf:Total preparation time: 4.55s
INFO:pypsa.linopf:Solve linear problem using Gurobi solver
INFO:pypsa.linopf:Optimization successful. Objective value: 9.95e+10
INFO:root:sample accepted
INFO:pypsa.io:Exported network network_c4_s919.nc has lines, global_constraints, generators, links, carriers, buses, loads, storage_units, stores
INFO:pypsa.linopf:Prepare linear problem
INFO:pypsa.linopf:Total preparation time: 4.58s
INFO:pypsa.linopf:Solve linear problem using Gurobi solver
INFO:pypsa.linopf:Optimization successful. Objective value: 1.02e+11
INFO:root:sample accepted
INFO:pypsa.io:Exported network network_c4_s920.nc has lines, global_constraints, generators, links, carriers, buses, loads, storage_units, stores
INFO:pypsa.linopf:Prepare linear problem
INFO:pypsa.linopf:Total preparation time: 4.59s
INFO:pypsa.linopf:Solve linear problem using Gurobi solver
INFO:pypsa.linopf:Optimization successful. Objective value: 1.03e+11
INFO:root:sample accepted
INFO:pypsa.io:Exported network network_c4_s921.nc has lines, global_constraints, generators, links, carriers, buses, loads, storage_units, stores
[Thu Mar  4 09:06:48 2021]
Finished job 0.
1 of 1 steps (100%) done
