[0.00489971 0.04654212 0.01681977 0.03840318 0.00608658 0.02831475
 0.00257943 0.04317405 0.04879901 0.00972392 0.04832153 0.0722537
 0.0058813  0.00769539 0.05856461 0.01564049 0.00216928 0.0080752
 0.04623988 0.01026955 0.00746375 0.00636058 0.00541652 0.00468941
 0.0771141  0.02689876 0.04837246 0.0204801  0.04613345 0.04331916
 0.02898158 0.02296048 0.01894679 0.07028334]
[0.00472653 0.02521786 0.00907589 0.01671626 0.0393823  0.03243051
 0.00325417 0.00932257 0.05409498 0.00087396 0.05731721 0.05098894
 0.01580401 0.0221647  0.00662779 0.00522067 0.03232016 0.03333838
 0.07264912 0.0121551  0.00900986 0.00177319 0.00168195 0.01246362
 0.04437061 0.00256189 0.02562528 0.06003451 0.07082686 0.00556416
 0.02291395 0.01720488 0.01711825 0.04090699]
[0.0028093  0.04445402 0.0148016  0.00761968 0.02998422 0.05206068
 0.02130782 0.03033844 0.00330023 0.00507672 0.0122029  0.05503399
 0.01660401 0.01661246 0.00625271 0.01424274 0.03220061 0.03561769
 0.06164959 0.01386699 0.00278619 0.00757843 0.00180556 0.00818098
 0.05925582 0.04282324 0.03750439 0.00386822 0.04436146 0.01986439
 0.03483255 0.02181341 0.03375911 0.00720145]
[3.41232209e-03 4.69769023e-02 2.51501281e-02 9.66888792e-05
 7.86186906e-02 9.32221747e-02 3.38985161e-02 1.14768203e-02
 9.24986866e-04 1.76326676e-02 2.02291834e-02 4.23438420e-02
 3.64124950e-02 6.86082550e-02 2.04149140e-03 7.12125961e-03
 4.35064564e-02 4.44147842e-02 2.17342650e-02 2.21664681e-02
 1.00357356e-02 7.94222513e-03 6.82307943e-03 1.75656016e-02
 4.08381874e-03 1.37803476e-03 2.45258148e-02 1.42790260e-02
 7.68226971e-02 3.41364948e-02 2.95734597e-02 3.71611801e-02
 2.27377993e-02 5.74616780e-02]
[0.00448048 0.0492165  0.00738266 0.02140152 0.02903253 0.00476291
 0.00837882 0.0312436  0.04100881 0.00532963 0.01883007 0.05611032
 0.02007825 0.03603077 0.02751495 0.01829052 0.03448892 0.02799317
 0.05389663 0.01716704 0.00843274 0.00280078 0.0001297  0.01083528
 0.01182788 0.03696252 0.02558068 0.02497768 0.07106529 0.02690549
 0.00942274 0.02506048 0.00686448 0.0295535 ]
[1.75865052e-03 2.09634611e-02 1.59868501e-02 4.26444311e-02
 2.75026707e-02 4.25395980e-02 3.89458990e-02 2.78629108e-02
 2.55251051e-02 1.40201504e-02 1.66423215e-02 6.67106329e-02
 5.55260968e-02 6.91970437e-02 3.36774519e-02 1.47400740e-02
 1.42292379e-02 2.68383376e-02 1.00911603e-02 9.16725121e-05
 1.21227714e-02 2.80349950e-03 5.92237481e-03 8.89082596e-03
 6.94214284e-03 6.60957389e-02 6.12981873e-02 6.45477380e-02
 4.72919900e-02 5.07194891e-02 4.24891236e-02 1.40910126e-02
 1.40144400e-03 1.01545435e-02]
[0.00341122 0.00046289 0.01546695 0.01326123 0.05490841 0.03486501
 0.0017689  0.05778092 0.06111118 0.00718101 0.05422078 0.02590797
 0.04184532 0.05622495 0.03558951 0.00683372 0.02410115 0.02535854
 0.04322918 0.00325332 0.01089453 0.01597011 0.00266628 0.00708514
 0.04397158 0.01737436 0.05194802 0.08323378 0.01109606 0.0309439
 0.05910251 0.01767982 0.0419549  0.02655079]
[0.00725456 0.02895228 0.01819593 0.0118238  0.04358751 0.0249276
 0.03831471 0.01851526 0.01458774 0.01595124 0.06825343 0.02326976
 0.069698   0.04006211 0.02106655 0.00328025 0.05085991 0.02740442
 0.03461045 0.01199252 0.0120087  0.00216824 0.00180422 0.00498031
 0.01912024 0.01381787 0.01518316 0.01725832 0.05984173 0.03377864
 0.07388599 0.0057229  0.01469723 0.03342385]
[0.00725456 0.02895228 0.01819593 0.0118238  0.04358751 0.0249276
 0.03831471 0.01851526 0.01458774 0.01595124 0.06825343 0.02326976
 0.069698   0.04006211 0.02106655 0.00328025 0.05085991 0.02740442
 0.03461045 0.01199252 0.0120087  0.00216824 0.00180422 0.00498031
 0.01912024 0.01381787 0.01518316 0.01725832 0.05984173 0.03377864
 0.07388599 0.0057229  0.01469723 0.03342385]
[2.29473899e-04 4.21802859e-02 1.29794592e-02 4.53397295e-03
 4.03105590e-02 1.38176280e-02 4.87821891e-02 4.87417642e-02
 1.31067018e-02 2.12979432e-05 4.87486648e-02 8.17811234e-03
 5.07619664e-02 4.88217776e-02 2.13553332e-02 1.12247915e-02
 2.29881325e-02 2.60490952e-02 5.12405688e-02 1.18408852e-02
 7.36387076e-03 3.72139189e-03 4.97718308e-03 3.60541840e-03
 2.60786646e-02 2.16733431e-02 2.42306063e-03 3.67676139e-02
 2.82989477e-02 3.57840073e-02 4.74725718e-02 1.80928506e-02
 1.27077911e-02 5.59945480e-03]
[2.29473899e-04 4.21802859e-02 1.29794592e-02 4.53397295e-03
 4.03105590e-02 1.38176280e-02 4.87821891e-02 4.87417642e-02
 1.31067018e-02 2.12979432e-05 4.87486648e-02 8.17811234e-03
 5.07619664e-02 4.88217776e-02 2.13553332e-02 1.12247915e-02
 2.29881325e-02 2.60490952e-02 5.12405688e-02 1.18408852e-02
 7.36387076e-03 3.72139189e-03 4.97718308e-03 3.60541840e-03
 2.60786646e-02 2.16733431e-02 2.42306063e-03 3.67676139e-02
 2.82989477e-02 3.57840073e-02 4.74725718e-02 1.80928506e-02
 1.27077911e-02 5.59945480e-03]
[0.00200223 0.02982755 0.01633814 0.04548737 0.00646447 0.02175731
 0.02673588 0.02644028 0.01675331 0.0131658  0.012894   0.00450031
 0.02154522 0.06997933 0.03775872 0.01773392 0.02766062 0.00440114
 0.06913031 0.00784923 0.00780239 0.01269155 0.00515409 0.01013797
 0.06149976 0.04471729 0.01165729 0.00232351 0.06294991 0.04803358
 0.0030219  0.02852158 0.01382763 0.00581737]
[0.00200223 0.02982755 0.01633814 0.04548737 0.00646447 0.02175731
 0.02673588 0.02644028 0.01675331 0.0131658  0.012894   0.00450031
 0.02154522 0.06997933 0.03775872 0.01773392 0.02766062 0.00440114
 0.06913031 0.00784923 0.00780239 0.01269155 0.00515409 0.01013797
 0.06149976 0.04471729 0.01165729 0.00232351 0.06294991 0.04803358
 0.0030219  0.02852158 0.01382763 0.00581737]
[0.00197946 0.0496878  0.00035354 0.04853062 0.05382376 0.04206585
 0.00251637 0.03345651 0.00577702 0.0108797  0.0671134  0.06087083
 0.01988675 0.08294494 0.07532502 0.01085316 0.0013672  0.00615468
 0.08046709 0.01629069 0.01185602 0.00216463 0.00016332 0.01152827
 0.03004451 0.03670548 0.0076445  0.01713221 0.02689594 0.03677076
 0.0172163  0.00021049 0.01124866 0.05754679]
[0.00197946 0.0496878  0.00035354 0.04853062 0.05382376 0.04206585
 0.00251637 0.03345651 0.00577702 0.0108797  0.0671134  0.06087083
 0.01988675 0.08294494 0.07532502 0.01085316 0.0013672  0.00615468
 0.08046709 0.01629069 0.01185602 0.00216463 0.00016332 0.01152827
 0.03004451 0.03670548 0.0076445  0.01713221 0.02689594 0.03677076
 0.0172163  0.00021049 0.01124866 0.05754679]
[0.00475309 0.05086309 0.01145506 0.02847854 0.00650101 0.04546493
 0.02291757 0.05198812 0.04149344 0.01585358 0.04200509 0.03305436
 0.01457967 0.07935896 0.0605311  0.00543783 0.0318605  0.03884247
 0.04449178 0.00408082 0.00757992 0.00869326 0.00355282 0.01090787
 0.07221365 0.00789651 0.05240531 0.01466934 0.06041224 0.04446119
 0.00327441 0.00976272 0.00209418 0.05731113]
[2.62145142e-03 1.28049294e-02 1.24097513e-02 1.42749926e-02
 4.51323067e-02 5.10414349e-02 5.43382052e-02 5.20625838e-02
 4.55642969e-02 4.58047494e-03 2.85271379e-02 3.65979660e-02
 1.52690393e-02 5.86378328e-02 1.71613465e-02 5.13883340e-03
 3.55738750e-02 1.55160793e-02 2.17600515e-02 9.75150108e-03
 9.29957519e-05 1.22682632e-02 4.28136650e-03 4.74474958e-03
 6.65943781e-02 1.31446350e-02 5.36264954e-02 3.04725666e-02
 8.36138856e-03 6.41031114e-03 3.85490939e-02 1.92838879e-02
 2.33450808e-03 3.50856264e-02]
[0.00607988 0.0347347  0.00947124 0.01485924 0.0100699  0.03796562
 0.02831041 0.04934885 0.04659594 0.00407591 0.00632017 0.05900504
 0.04122683 0.0195253  0.00049861 0.01793777 0.02672328 0.01856783
 0.05036694 0.00348885 0.00277071 0.01077041 0.00301565 0.01019286
 0.03798837 0.04720434 0.05351097 0.03217384 0.02008198 0.01824327
 0.02556159 0.01759579 0.00595218 0.02610023]
[0.00056767 0.0060383  0.01578515 0.00919789 0.00099877 0.01986948
 0.06588319 0.04077374 0.01233439 0.00199002 0.02368104 0.00921179
 0.02404474 0.06161409 0.03946641 0.00739693 0.00362946 0.02813241
 0.04691732 0.00089162 0.00911208 0.00684778 0.00067097 0.01343611
 0.0490577  0.07173285 0.04521759 0.0658994  0.04458139 0.03290422
 0.00451167 0.02246357 0.02355746 0.00026861]
[0.00301771 0.00465417 0.01095733 0.00165803 0.05382309 0.03544822
 0.04337634 0.027548   0.02639939 0.012061   0.01641707 0.0513947
 0.06483482 0.04284204 0.02467348 0.02088071 0.04515294 0.02901657
 0.0535521  0.0173526  0.00340265 0.00159728 0.00169038 0.00384348
 0.04855293 0.031309   0.07147343 0.04196351 0.05126575 0.01138304
 0.02261184 0.00900205 0.01106204 0.03005637]
