[0.00754501 0.06181025 0.01231028 0.00741426 0.04559388 0.00355742
 0.04963564 0.03832018 0.06042499 0.01406138 0.07450468 0.06265752
 0.05862603 0.02489801 0.0322432  0.0270827  0.0074566  0.00218983
 0.01308537 0.02237617 0.01058202 0.01853522 0.00446    0.01270211
 0.02847629 0.11365673 0.0370002  0.02436959 0.00424666 0.01928123
 0.01488742 0.02225905 0.01237698 0.03081323]
[0.00715198 0.07551919 0.0095649  0.00703783 0.0154024  0.02087734
 0.06858798 0.03333151 0.03791191 0.014022   0.00598536 0.06278057
 0.06641726 0.02915717 0.05933917 0.0054316  0.02972923 0.04494487
 0.03171424 0.00705827 0.00729614 0.00508454 0.00121285 0.01601289
 0.02761379 0.03067334 0.07032529 0.05218678 0.00806167 0.05319486
 0.00551853 0.01416699 0.02870972 0.04563491]
[0.00539167 0.06901354 0.02126259 0.04251322 0.03387529 0.05419034
 0.01953663 0.00915564 0.06808295 0.0143749  0.03975545 0.04428889
 0.01506397 0.07673864 0.00835045 0.01648893 0.03010686 0.02050592
 0.03258722 0.02289448 0.00396597 0.00515754 0.0024558  0.01436483
 0.03160007 0.07356936 0.01130971 0.04174137 0.02484794 0.06235773
 0.01483628 0.01038947 0.02873668 0.02819181]
[0.00242495 0.04779634 0.01905918 0.05932763 0.02261159 0.0185654
 0.04985531 0.00493958 0.01712963 0.00326517 0.06062915 0.04141712
 0.04935032 0.07646617 0.02075715 0.02041404 0.00550986 0.01306928
 0.00708344 0.0135439  0.01038071 0.00179783 0.00054831 0.00965245
 0.01986686 0.08188868 0.01581958 0.01856319 0.05167486 0.01107718
 0.01387023 0.02351622 0.02683979 0.03871046]
[0.00212526 0.016162   0.01627521 0.04980419 0.03952959 0.01953528
 0.0502997  0.03439832 0.00562032 0.00374473 0.05415043 0.00272576
 0.01442682 0.07985072 0.04432009 0.01582452 0.02648047 0.02191481
 0.01391842 0.01610358 0.01094316 0.00766268 0.00151847 0.00084825
 0.03737388 0.05622917 0.04105543 0.01903013 0.0186927  0.05004878
 0.02569314 0.02652043 0.02755674 0.06467255]
[0.00298151 0.00048901 0.02210699 0.00563617 0.03131377 0.02697304
 0.03653165 0.07140499 0.03702215 0.00445764 0.0376255  0.01661818
 0.05861121 0.08756391 0.01438317 0.02513292 0.04373856 0.03502289
 0.02231403 0.00606379 0.01096859 0.00105695 0.00668444 0.00929658
 0.03439822 0.03358968 0.00330779 0.02232781 0.04779938 0.01474775
 0.03236817 0.02372267 0.03360769 0.0850756 ]
[0.00231003 0.03659221 0.01721652 0.03326505 0.02498023 0.0334213
 0.0128154  0.11185518 0.03469678 0.00370086 0.04350527 0.0154045
 0.01662879 0.02717925 0.01012072 0.01832418 0.00555971 0.02513765
 0.02375239 0.01455833 0.00679124 0.0173674  0.00728481 0.00221284
 0.0649983  0.02738994 0.02103042 0.00496553 0.03988869 0.03497733
 0.00323943 0.03773408 0.03163075 0.00469842]
[0.00231003 0.03659221 0.01721652 0.03326505 0.02498023 0.0334213
 0.0128154  0.11185518 0.03469678 0.00370086 0.04350527 0.0154045
 0.01662879 0.02717925 0.01012072 0.01832418 0.00555971 0.02513765
 0.02375239 0.01455833 0.00679124 0.0173674  0.00728481 0.00221284
 0.0649983  0.02738994 0.02103042 0.00496553 0.03988869 0.03497733
 0.00323943 0.03773408 0.03163075 0.00469842]
[0.00231003 0.03659221 0.01721652 0.03326505 0.02498023 0.0334213
 0.0128154  0.11185518 0.03469678 0.00370086 0.04350527 0.0154045
 0.01662879 0.02717925 0.01012072 0.01832418 0.00555971 0.02513765
 0.02375239 0.01455833 0.00679124 0.0173674  0.00728481 0.00221284
 0.0649983  0.02738994 0.02103042 0.00496553 0.03988869 0.03497733
 0.00323943 0.03773408 0.03163075 0.00469842]
[0.00231003 0.03659221 0.01721652 0.03326505 0.02498023 0.0334213
 0.0128154  0.11185518 0.03469678 0.00370086 0.04350527 0.0154045
 0.01662879 0.02717925 0.01012072 0.01832418 0.00555971 0.02513765
 0.02375239 0.01455833 0.00679124 0.0173674  0.00728481 0.00221284
 0.0649983  0.02738994 0.02103042 0.00496553 0.03988869 0.03497733
 0.00323943 0.03773408 0.03163075 0.00469842]
[0.00058812 0.03752145 0.00505351 0.02256623 0.03545819 0.03919386
 0.0020701  0.04126454 0.00661448 0.01076164 0.01791098 0.01996089
 0.01862237 0.03943143 0.03299642 0.00763814 0.03741166 0.03668259
 0.0300105  0.01001484 0.00650431 0.00663604 0.00196367 0.00410485
 0.06388172 0.04682949 0.01517989 0.03619262 0.01245845 0.00845681
 0.01795737 0.02031793 0.03387698 0.03774199]
[0.00058812 0.03752145 0.00505351 0.02256623 0.03545819 0.03919386
 0.0020701  0.04126454 0.00661448 0.01076164 0.01791098 0.01996089
 0.01862237 0.03943143 0.03299642 0.00763814 0.03741166 0.03668259
 0.0300105  0.01001484 0.00650431 0.00663604 0.00196367 0.00410485
 0.06388172 0.04682949 0.01517989 0.03619262 0.01245845 0.00845681
 0.01795737 0.02031793 0.03387698 0.03774199]
[0.00058812 0.03752145 0.00505351 0.02256623 0.03545819 0.03919386
 0.0020701  0.04126454 0.00661448 0.01076164 0.01791098 0.01996089
 0.01862237 0.03943143 0.03299642 0.00763814 0.03741166 0.03668259
 0.0300105  0.01001484 0.00650431 0.00663604 0.00196367 0.00410485
 0.06388172 0.04682949 0.01517989 0.03619262 0.01245845 0.00845681
 0.01795737 0.02031793 0.03387698 0.03774199]
[0.00058812 0.03752145 0.00505351 0.02256623 0.03545819 0.03919386
 0.0020701  0.04126454 0.00661448 0.01076164 0.01791098 0.01996089
 0.01862237 0.03943143 0.03299642 0.00763814 0.03741166 0.03668259
 0.0300105  0.01001484 0.00650431 0.00663604 0.00196367 0.00410485
 0.06388172 0.04682949 0.01517989 0.03619262 0.01245845 0.00845681
 0.01795737 0.02031793 0.03387698 0.03774199]
[0.00058812 0.03752145 0.00505351 0.02256623 0.03545819 0.03919386
 0.0020701  0.04126454 0.00661448 0.01076164 0.01791098 0.01996089
 0.01862237 0.03943143 0.03299642 0.00763814 0.03741166 0.03668259
 0.0300105  0.01001484 0.00650431 0.00663604 0.00196367 0.00410485
 0.06388172 0.04682949 0.01517989 0.03619262 0.01245845 0.00845681
 0.01795737 0.02031793 0.03387698 0.03774199]
[0.00085296 0.0353737  0.00724322 0.02149514 0.03460752 0.02227097
 0.02374703 0.0220692  0.01575469 0.00287889 0.03159636 0.01649534
 0.0336335  0.03785138 0.02233133 0.01310404 0.0031916  0.00777725
 0.03086739 0.01166631 0.00364766 0.00693578 0.00271472 0.00705978
 0.01610301 0.04518984 0.03020494 0.02738388 0.00414715 0.03154698
 0.02776602 0.01458225 0.01896704 0.02559535]
[0.00085296 0.0353737  0.00724322 0.02149514 0.03460752 0.02227097
 0.02374703 0.0220692  0.01575469 0.00287889 0.03159636 0.01649534
 0.0336335  0.03785138 0.02233133 0.01310404 0.0031916  0.00777725
 0.03086739 0.01166631 0.00364766 0.00693578 0.00271472 0.00705978
 0.01610301 0.04518984 0.03020494 0.02738388 0.00414715 0.03154698
 0.02776602 0.01458225 0.01896704 0.02559535]
[0.00232527 0.06560055 0.01345183 0.04508597 0.03010995 0.00021947
 0.03042372 0.02149917 0.03561923 0.00392243 0.05738609 0.05491123
 0.00363398 0.03077474 0.05320323 0.003436   0.00222302 0.04469844
 0.04735922 0.00022477 0.01184524 0.01442784 0.00625453 0.01296474
 0.01347095 0.06196499 0.03899655 0.00428131 0.01626151 0.03492292
 0.00208729 0.00473013 0.03433066 0.03365264]
[0.00344476 0.08541807 0.01896723 0.05159585 0.03164131 0.02176932
 0.0510483  0.06145985 0.02434304 0.01316186 0.05468171 0.01186876
 0.02980852 0.03381087 0.04028726 0.00393774 0.02047375 0.0412382
 0.0185565  0.00965002 0.00060335 0.0101307  0.00020951 0.00370384
 0.0376989  0.08173285 0.03889005 0.03091298 0.01143089 0.04646344
 0.01680488 0.01169635 0.03396122 0.02438181]
[0.00430939 0.01693902 0.0153934  0.05814289 0.00391013 0.0659501
 0.05573591 0.07373596 0.0502753  0.00634906 0.02769131 0.0422834
 0.03889903 0.04507328 0.05037911 0.01563711 0.00127122 0.05428536
 0.03134818 0.00838799 0.00332587 0.01255084 0.00456687 0.00844516
 0.0712045  0.07078937 0.00570589 0.02727518 0.05599295 0.00474244
 0.04704854 0.00276173 0.0091903  0.00248376]
