[0.00177874 0.00386363 0.01376751 0.04596456 0.04527064 0.05375059
 0.05124186 0.0489428  0.0527124  0.00969362 0.01018326 0.04264235
 0.04377163 0.01235757 0.04859677 0.01224004 0.01545722 0.03742684
 0.04644414 0.01521741 0.00998617 0.00628207 0.00389104 0.01233763
 0.04119827 0.03128865 0.01638583 0.02683228 0.030992   0.04673196
 0.04799706 0.01306533 0.01736493 0.06446141]
[0.00177874 0.00386363 0.01376751 0.04596456 0.04527064 0.05375059
 0.05124186 0.0489428  0.0527124  0.00969362 0.01018326 0.04264235
 0.04377163 0.01235757 0.04859677 0.01224004 0.01545722 0.03742684
 0.04644414 0.01521741 0.00998617 0.00628207 0.00389104 0.01233763
 0.04119827 0.03128865 0.01638583 0.02683228 0.030992   0.04673196
 0.04799706 0.01306533 0.01736493 0.06446141]
[0.00177874 0.00386363 0.01376751 0.04596456 0.04527064 0.05375059
 0.05124186 0.0489428  0.0527124  0.00969362 0.01018326 0.04264235
 0.04377163 0.01235757 0.04859677 0.01224004 0.01545722 0.03742684
 0.04644414 0.01521741 0.00998617 0.00628207 0.00389104 0.01233763
 0.04119827 0.03128865 0.01638583 0.02683228 0.030992   0.04673196
 0.04799706 0.01306533 0.01736493 0.06446141]
[0.00663003 0.04411089 0.00562365 0.04205107 0.02075649 0.07749556
 0.00834681 0.00676639 0.03819102 0.00552955 0.02514957 0.06689005
 0.06488783 0.01128692 0.04031542 0.01713734 0.01366848 0.03775265
 0.01179875 0.01150887 0.00911693 0.00663752 0.00458902 0.00024874
 0.05142105 0.05448525 0.03206112 0.01731781 0.05808481 0.07051417
 0.07315741 0.02246441 0.0348253  0.0022938 ]
[0.00663003 0.04411089 0.00562365 0.04205107 0.02075649 0.07749556
 0.00834681 0.00676639 0.03819102 0.00552955 0.02514957 0.06689005
 0.06488783 0.01128692 0.04031542 0.01713734 0.01366848 0.03775265
 0.01179875 0.01150887 0.00911693 0.00663752 0.00458902 0.00024874
 0.05142105 0.05448525 0.03206112 0.01731781 0.05808481 0.07051417
 0.07315741 0.02246441 0.0348253  0.0022938 ]
[0.00107174 0.02241854 0.00818557 0.02083386 0.03158926 0.07167121
 0.04256845 0.02052048 0.05020965 0.00062907 0.02879027 0.0705536
 0.06919404 0.03173234 0.01316224 0.00372761 0.00071007 0.03580156
 0.04283332 0.00554677 0.00190206 0.00086102 0.00317405 0.0016072
 0.07083425 0.06567663 0.0590913  0.03976967 0.05370983 0.03834649
 0.05452026 0.01516164 0.00243176 0.02099225]
[0.00107174 0.02241854 0.00818557 0.02083386 0.03158926 0.07167121
 0.04256845 0.02052048 0.05020965 0.00062907 0.02879027 0.0705536
 0.06919404 0.03173234 0.01316224 0.00372761 0.00071007 0.03580156
 0.04283332 0.00554677 0.00190206 0.00086102 0.00317405 0.0016072
 0.07083425 0.06567663 0.0590913  0.03976967 0.05370983 0.03834649
 0.05452026 0.01516164 0.00243176 0.02099225]
[0.00107174 0.02241854 0.00818557 0.02083386 0.03158926 0.07167121
 0.04256845 0.02052048 0.05020965 0.00062907 0.02879027 0.0705536
 0.06919404 0.03173234 0.01316224 0.00372761 0.00071007 0.03580156
 0.04283332 0.00554677 0.00190206 0.00086102 0.00317405 0.0016072
 0.07083425 0.06567663 0.0590913  0.03976967 0.05370983 0.03834649
 0.05452026 0.01516164 0.00243176 0.02099225]
[0.00322113 0.04284594 0.00518298 0.02150104 0.03136674 0.05118653
 0.00014852 0.04062561 0.03036972 0.00639723 0.05001998 0.02232812
 0.05644752 0.02701858 0.01894946 0.00316782 0.0204321  0.03418438
 0.02843371 0.01432179 0.00710105 0.00225476 0.00339543 0.00610066
 0.00579308 0.04816447 0.06603088 0.00659386 0.05838837 0.0145902
 0.04391317 0.0027701  0.03245982 0.01123696]
[0.00120143 0.01921825 0.01169565 0.0349252  0.01224768 0.00870447
 0.03818249 0.00624772 0.01022785 0.00985236 0.05692089 0.0325614
 0.05541871 0.01028352 0.02802228 0.00513262 0.03680192 0.02821444
 0.01516427 0.00504496 0.00320386 0.00779796 0.00313511 0.01090706
 0.03686367 0.01570438 0.03076803 0.02426671 0.03758429 0.01867682
 0.03899066 0.00643191 0.01606057 0.00240957]
[0.00120143 0.01921825 0.01169565 0.0349252  0.01224768 0.00870447
 0.03818249 0.00624772 0.01022785 0.00985236 0.05692089 0.0325614
 0.05541871 0.01028352 0.02802228 0.00513262 0.03680192 0.02821444
 0.01516427 0.00504496 0.00320386 0.00779796 0.00313511 0.01090706
 0.03686367 0.01570438 0.03076803 0.02426671 0.03758429 0.01867682
 0.03899066 0.00643191 0.01606057 0.00240957]
[0.00120143 0.01921825 0.01169565 0.0349252  0.01224768 0.00870447
 0.03818249 0.00624772 0.01022785 0.00985236 0.05692089 0.0325614
 0.05541871 0.01028352 0.02802228 0.00513262 0.03680192 0.02821444
 0.01516427 0.00504496 0.00320386 0.00779796 0.00313511 0.01090706
 0.03686367 0.01570438 0.03076803 0.02426671 0.03758429 0.01867682
 0.03899066 0.00643191 0.01606057 0.00240957]
[0.00120143 0.01921825 0.01169565 0.0349252  0.01224768 0.00870447
 0.03818249 0.00624772 0.01022785 0.00985236 0.05692089 0.0325614
 0.05541871 0.01028352 0.02802228 0.00513262 0.03680192 0.02821444
 0.01516427 0.00504496 0.00320386 0.00779796 0.00313511 0.01090706
 0.03686367 0.01570438 0.03076803 0.02426671 0.03758429 0.01867682
 0.03899066 0.00643191 0.01606057 0.00240957]
[0.00120143 0.01921825 0.01169565 0.0349252  0.01224768 0.00870447
 0.03818249 0.00624772 0.01022785 0.00985236 0.05692089 0.0325614
 0.05541871 0.01028352 0.02802228 0.00513262 0.03680192 0.02821444
 0.01516427 0.00504496 0.00320386 0.00779796 0.00313511 0.01090706
 0.03686367 0.01570438 0.03076803 0.02426671 0.03758429 0.01867682
 0.03899066 0.00643191 0.01606057 0.00240957]
[0.00120143 0.01921825 0.01169565 0.0349252  0.01224768 0.00870447
 0.03818249 0.00624772 0.01022785 0.00985236 0.05692089 0.0325614
 0.05541871 0.01028352 0.02802228 0.00513262 0.03680192 0.02821444
 0.01516427 0.00504496 0.00320386 0.00779796 0.00313511 0.01090706
 0.03686367 0.01570438 0.03076803 0.02426671 0.03758429 0.01867682
 0.03899066 0.00643191 0.01606057 0.00240957]
[0.00120143 0.01921825 0.01169565 0.0349252  0.01224768 0.00870447
 0.03818249 0.00624772 0.01022785 0.00985236 0.05692089 0.0325614
 0.05541871 0.01028352 0.02802228 0.00513262 0.03680192 0.02821444
 0.01516427 0.00504496 0.00320386 0.00779796 0.00313511 0.01090706
 0.03686367 0.01570438 0.03076803 0.02426671 0.03758429 0.01867682
 0.03899066 0.00643191 0.01606057 0.00240957]
[0.00120143 0.01921825 0.01169565 0.0349252  0.01224768 0.00870447
 0.03818249 0.00624772 0.01022785 0.00985236 0.05692089 0.0325614
 0.05541871 0.01028352 0.02802228 0.00513262 0.03680192 0.02821444
 0.01516427 0.00504496 0.00320386 0.00779796 0.00313511 0.01090706
 0.03686367 0.01570438 0.03076803 0.02426671 0.03758429 0.01867682
 0.03899066 0.00643191 0.01606057 0.00240957]
[0.00120143 0.01921825 0.01169565 0.0349252  0.01224768 0.00870447
 0.03818249 0.00624772 0.01022785 0.00985236 0.05692089 0.0325614
 0.05541871 0.01028352 0.02802228 0.00513262 0.03680192 0.02821444
 0.01516427 0.00504496 0.00320386 0.00779796 0.00313511 0.01090706
 0.03686367 0.01570438 0.03076803 0.02426671 0.03758429 0.01867682
 0.03899066 0.00643191 0.01606057 0.00240957]
[0.00120143 0.01921825 0.01169565 0.0349252  0.01224768 0.00870447
 0.03818249 0.00624772 0.01022785 0.00985236 0.05692089 0.0325614
 0.05541871 0.01028352 0.02802228 0.00513262 0.03680192 0.02821444
 0.01516427 0.00504496 0.00320386 0.00779796 0.00313511 0.01090706
 0.03686367 0.01570438 0.03076803 0.02426671 0.03758429 0.01867682
 0.03899066 0.00643191 0.01606057 0.00240957]
[0.00120143 0.01921825 0.01169565 0.0349252  0.01224768 0.00870447
 0.03818249 0.00624772 0.01022785 0.00985236 0.05692089 0.0325614
 0.05541871 0.01028352 0.02802228 0.00513262 0.03680192 0.02821444
 0.01516427 0.00504496 0.00320386 0.00779796 0.00313511 0.01090706
 0.03686367 0.01570438 0.03076803 0.02426671 0.03758429 0.01867682
 0.03899066 0.00643191 0.01606057 0.00240957]
