[0.00432065 0.09228036 0.00442339 0.0724629  0.00560139 0.02020332
 0.02481422 0.02188168 0.03942387 0.00940788 0.05217719 0.04032593
 0.08882128 0.03959879 0.01867483 0.01646566 0.02420063 0.02986302
 0.03324154 0.01552816 0.00336514 0.0143703  0.0036401  0.00963172
 0.0428552  0.00722718 0.01418518 0.04721043 0.02490458 0.04127049
 0.02532788 0.01740832 0.01587212 0.02565184]
[0.00171135 0.06747242 0.01472619 0.00023277 0.00172662 0.06740368
 0.01251177 0.02190933 0.03182779 0.0144509  0.08073918 0.08113433
 0.06282122 0.05663314 0.00163104 0.02036618 0.02186057 0.02204766
 0.02693887 0.01116341 0.00557333 0.00567934 0.00228966 0.01108596
 0.00847149 0.04512815 0.02175542 0.06103658 0.06931068 0.03775637
 0.02657099 0.02715107 0.0049432  0.01611077]
[0.00463951 0.04450022 0.00896753 0.0424445  0.0075603  0.00449253
 0.02309667 0.02524914 0.01734198 0.01282337 0.07723175 0.04911321
 0.09118915 0.07678517 0.02073966 0.00957427 0.01537701 0.01927599
 0.04592605 0.00120344 0.0022606  0.00504362 0.00015962 0.01162676
 0.03571981 0.06566671 0.04392808 0.01667144 0.04953457 0.03281183
 0.05351704 0.02648857 0.00486853 0.03972043]
[2.20779049e-06 1.50112150e-03 3.94706467e-03 7.04517688e-02
 2.99131220e-02 4.03676252e-02 1.27777156e-02 8.99257315e-03
 6.09042376e-03 4.56952310e-03 4.42811262e-02 7.68346728e-02
 8.96672384e-02 7.26420631e-03 1.59609094e-02 1.05680400e-02
 5.01969203e-02 2.16994225e-02 1.30942106e-02 8.91903785e-03
 1.04676541e-02 1.14868181e-02 4.91109466e-03 1.10815285e-02
 6.42066898e-02 8.36479151e-02 4.82228928e-02 1.40214208e-02
 1.58388982e-02 6.17174848e-02 7.69871505e-02 2.27647672e-02
 6.54966278e-03 3.81113425e-02]
[0.00815167 0.06333481 0.00442077 0.0991382  0.03919055 0.05669183
 0.00549155 0.03154451 0.04300889 0.0190944  0.01704626 0.05352399
 0.05012912 0.00193145 0.00892166 0.00380571 0.0400449  0.05378965
 0.02136601 0.00656886 0.01469734 0.0008999  0.00356314 0.00255547
 0.01461759 0.01967962 0.09853348 0.06229494 0.04256191 0.0289403
 0.02030545 0.0181496  0.02448817 0.01675257]
[0.00080954 0.03346373 0.0234184  0.10542119 0.02898561 0.07769459
 0.02584387 0.0416907  0.03109419 0.00322862 0.05441067 0.04795738
 0.02442361 0.0532772  0.01498692 0.00759556 0.03066688 0.00065288
 0.01260627 0.01585311 0.00576919 0.00435794 0.00040521 0.00093802
 0.00665735 0.00170741 0.06321407 0.00415839 0.06495499 0.06642268
 0.05939677 0.00102167 0.04291529 0.0394051 ]
[0.00536962 0.04677636 0.00407124 0.07117712 0.00531854 0.01809743
 0.04103693 0.05154797 0.0431245  0.013402   0.03625294 0.06044599
 0.03563209 0.06365319 0.02402327 0.01299811 0.01739974 0.02968462
 0.00425826 0.00313464 0.00496225 0.01305626 0.00053085 0.00100037
 0.02931335 0.03201528 0.06389709 0.02827629 0.01762383 0.01586699
 0.05616321 0.01950038 0.01459735 0.02040814]
[0.00536962 0.04677636 0.00407124 0.07117712 0.00531854 0.01809743
 0.04103693 0.05154797 0.0431245  0.013402   0.03625294 0.06044599
 0.03563209 0.06365319 0.02402327 0.01299811 0.01739974 0.02968462
 0.00425826 0.00313464 0.00496225 0.01305626 0.00053085 0.00100037
 0.02931335 0.03201528 0.06389709 0.02827629 0.01762383 0.01586699
 0.05616321 0.01950038 0.01459735 0.02040814]
[0.0060968  0.04778641 0.00933027 0.05193718 0.04134994 0.03159662
 0.06829092 0.04236313 0.05084634 0.00214872 0.02324137 0.0237001
 0.02781384 0.02651768 0.02069915 0.01446012 0.04706556 0.01337586
 0.00680991 0.01580246 0.00726097 0.00479358 0.00102517 0.00899752
 0.04544604 0.065374   0.0203586  0.03043808 0.00099579 0.04035338
 0.0658071  0.01979159 0.02221119 0.04626208]
[0.00611852 0.03950213 0.00220253 0.08510997 0.00110197 0.00630388
 0.1048753  0.01392306 0.00648095 0.01591789 0.08158943 0.00689885
 0.02233953 0.02251699 0.02614893 0.00668569 0.00763542 0.03857051
 0.04833917 0.01894555 0.00776837 0.00479696 0.00142594 0.00037941
 0.06407476 0.00226383 0.01921501 0.06024572 0.0091149  0.02576243
 0.088399   0.02769355 0.03787253 0.0213453 ]
[0.00611852 0.03950213 0.00220253 0.08510997 0.00110197 0.00630388
 0.1048753  0.01392306 0.00648095 0.01591789 0.08158943 0.00689885
 0.02233953 0.02251699 0.02614893 0.00668569 0.00763542 0.03857051
 0.04833917 0.01894555 0.00776837 0.00479696 0.00142594 0.00037941
 0.06407476 0.00226383 0.01921501 0.06024572 0.0091149  0.02576243
 0.088399   0.02769355 0.03787253 0.0213453 ]
[0.00153564 0.01251059 0.00260842 0.08046692 0.03955232 0.01223509
 0.0073144  0.00777089 0.00437893 0.01454124 0.04189527 0.00409517
 0.02206281 0.01103218 0.0528372  0.01315269 0.05184716 0.01279161
 0.01059208 0.01058826 0.01239476 0.0111968  0.00332055 0.01521566
 0.06824148 0.05177611 0.04310375 0.07867858 0.00746609 0.0193132
 0.09169224 0.021811   0.03376709 0.04292929]
[0.00248975 0.03496316 0.02261913 0.0085635  0.06526977 0.05265013
 0.00774353 0.02469367 0.0465998  0.00645244 0.04783595 0.00661397
 0.06013227 0.03854665 0.04454086 0.02571002 0.02361141 0.00382968
 0.00932932 0.00669947 0.0077379  0.0158881  0.00233433 0.01616018
 0.05814705 0.00876396 0.05719255 0.00350367 0.01470765 0.0225875
 0.03962511 0.02418761 0.04262044 0.02889029]
[0.00043006 0.04766554 0.0050792  0.02683125 0.04029468 0.01791323
 0.00767113 0.02238209 0.03637979 0.00354407 0.03278595 0.02972734
 0.06210202 0.0297139  0.05513875 0.00665572 0.02491959 0.01770425
 0.00694932 0.01607034 0.00950559 0.00291773 0.00145841 0.00415011
 0.02444604 0.01583822 0.0518074  0.04299353 0.01410906 0.01179926
 0.05442566 0.01872255 0.00780207 0.03656085]
[0.00362702 0.02819999 0.01833801 0.05151296 0.0603615  0.00880874
 0.043164   0.06046809 0.04868831 0.00160643 0.05082343 0.00538055
 0.04241484 0.05877832 0.04092242 0.00801411 0.0022018  0.02689018
 0.01529118 0.01328393 0.00223671 0.01003695 0.00225382 0.00741688
 0.04872968 0.02501019 0.0814643  0.02807266 0.01237389 0.05560731
 0.02122944 0.0253867  0.01720699 0.03108546]
[0.00363102 0.05808956 0.00186976 0.04049694 0.02159764 0.03189285
 0.01109063 0.05971614 0.02237344 0.00691755 0.05900548 0.01101738
 0.05323824 0.04475779 0.03376168 0.0123418  0.03656328 0.00893223
 0.03753443 0.01645247 0.0054139  0.00401196 0.00493963 0.00458626
 0.04260471 0.04312715 0.06560716 0.05643292 0.0094918  0.06255172
 0.0508272  0.02041272 0.02652019 0.02629253]
[0.00752918 0.05404108 0.00097009 0.02194077 0.0430542  0.01462133
 0.02818901 0.06856525 0.05406502 0.00557188 0.05478921 0.04345838
 0.04671148 0.04993436 0.05069251 0.01509405 0.01358258 0.02732883
 0.01205524 0.01419024 0.01078172 0.01083222 0.00590633 0.00301712
 0.05273675 0.01930302 0.04318676 0.04703637 0.01023541 0.07934301
 0.01859721 0.00407975 0.01989134 0.04636116]
[0.00349138 0.06573347 0.01597529 0.0215835  0.03777754 0.02830964
 0.04913225 0.07282171 0.01431771 0.01115681 0.0681963  0.0290925
 0.05021804 0.01640321 0.01121019 0.01749326 0.04296477 0.02455783
 0.01199024 0.01925741 0.00119605 0.0016129  0.00303651 0.00196729
 0.07060942 0.00626511 0.01944192 0.05889232 0.00984967 0.06860885
 0.03639927 0.01914877 0.00099039 0.01630561]
[0.00193143 0.05695953 0.0183859  0.00111819 0.01903975 0.0101468
 0.04995863 0.0175376  0.05209613 0.00853658 0.08995271 0.063909
 0.03264806 0.05935952 0.02132581 0.02553361 0.03076156 0.00867131
 0.02695873 0.01749599 0.00442155 0.00439386 0.00545603 0.01133247
 0.03238478 0.04299035 0.07022409 0.07655051 0.01734733 0.01696173
 0.04646231 0.00338186 0.01014686 0.03070661]
[0.00180883 0.07340859 0.00631329 0.02506453 0.04357047 0.02539967
 0.04991652 0.05587094 0.04533118 0.00405976 0.02294045 0.05522868
 0.02404555 0.07367526 0.00398788 0.01427929 0.00491578 0.0185877
 0.0501106  0.00334896 0.00399409 0.01060207 0.00331144 0.0078785
 0.03163628 0.02740458 0.03473296 0.05007235 0.04225918 0.04379128
 0.03926215 0.01714245 0.01716425 0.05656733]
