[0.0002219  0.01621097 0.00282966 0.05909715 0.01667448 0.05355668
 0.03982158 0.06106073 0.02940317 0.00729139 0.06258173 0.00178469
 0.0020012  0.00561156 0.03890516 0.00406064 0.01733733 0.01092322
 0.05034455 0.00076416 0.00679603 0.00582699 0.00457953 0.00274556
 0.02663587 0.04627566 0.0251636  0.03456274 0.0514504  0.0412797
 0.05465626 0.0151396  0.01018091 0.02679116]
[0.00159201 0.05048704 0.01156451 0.01561979 0.00616228 0.01356558
 0.0417091  0.01394192 0.03418273 0.00620181 0.04239153 0.05360408
 0.00335058 0.03234074 0.01951684 0.00191392 0.05925568 0.02999546
 0.0689834  0.00084043 0.0034636  0.00585181 0.00721096 0.01516853
 0.06582533 0.04096931 0.05252165 0.03686396 0.0418079  0.04711186
 0.04447976 0.01060039 0.00456862 0.02172907]
[0.00268756 0.0215418  0.00205413 0.03933721 0.06601956 0.01527051
 0.08043318 0.00323712 0.0063537  0.00764353 0.02783795 0.0526615
 0.02356885 0.06667251 0.04469699 0.01626689 0.06004078 0.02119658
 0.00146595 0.02145144 0.0078801  0.01946046 0.00258836 0.00664511
 0.11155729 0.04538121 0.04900425 0.05182179 0.01017115 0.03788312
 0.00395648 0.02406857 0.02529305 0.00281415]
[0.00396835 0.05118201 0.00618122 0.07160042 0.0419467  0.03161724
 0.04821121 0.02570465 0.03459577 0.01064688 0.055197   0.00787128
 0.03957018 0.04637495 0.0278634  0.001729   0.02784993 0.02321074
 0.00791443 0.0101436  0.00486598 0.00658867 0.00522888 0.01553843
 0.10357203 0.04957783 0.0535565  0.02148664 0.0335638  0.0422669
 0.01874461 0.0020444  0.04173672 0.01161366]
[0.0024849  0.06891484 0.01007617 0.04533351 0.03703743 0.06225146
 0.00012264 0.05358046 0.01349171 0.0084233  0.01821665 0.01935568
 0.01201324 0.03999733 0.05641094 0.01493326 0.05217679 0.00257251
 0.03912474 0.00702292 0.00713002 0.01402784 0.00585002 0.00355083
 0.00993491 0.00565224 0.05662995 0.04120489 0.01584793 0.02465078
 0.04861777 0.01166648 0.0273005  0.0109598 ]
[0.0003606  0.03084666 0.02272014 0.08305446 0.01555725 0.05800289
 0.0502906  0.05760076 0.06414586 0.01317811 0.05517065 0.05632619
 0.00460495 0.01355301 0.05102404 0.01212826 0.04641223 0.00745639
 0.013718   0.01981905 0.0094333  0.012248   0.00081686 0.00200195
 0.02434053 0.04925165 0.00305857 0.04702205 0.05829754 0.00103923
 0.04690157 0.01566731 0.01786374 0.01243758]
[0.00340623 0.00078746 0.01970957 0.08250406 0.02277843 0.06421247
 0.06276663 0.0282099  0.0057837  0.00442771 0.08090327 0.0655369
 0.05743243 0.02079798 0.00442711 0.00338416 0.05176175 0.03022328
 0.0161068  0.00756258 0.00016065 0.00363977 0.00426995 0.00545514
 0.02513756 0.04636029 0.02889236 0.08234767 0.00313707 0.05572616
 0.02148611 0.01829268 0.03691036 0.0313138 ]
[6.95668212e-03 3.50088061e-02 2.49710927e-02 1.14434293e-02
 3.23635221e-03 5.07517993e-02 6.25701628e-02 4.74802286e-02
 5.78273849e-05 1.27814678e-02 1.17107372e-01 2.11044415e-02
 7.52163715e-02 4.93837996e-02 1.63157310e-02 7.64409320e-03
 2.95569221e-02 1.37323412e-02 1.11412083e-02 1.93893109e-02
 3.23309523e-03 6.42213105e-03 7.76832297e-04 1.06039315e-02
 2.48035422e-02 1.82418302e-03 2.76804234e-02 5.56716543e-02
 3.21033105e-02 3.57471730e-02 3.20119846e-02 1.24466702e-02
 5.66280108e-03 5.02296853e-02]
[6.95668212e-03 3.50088061e-02 2.49710927e-02 1.14434293e-02
 3.23635221e-03 5.07517993e-02 6.25701628e-02 4.74802286e-02
 5.78273849e-05 1.27814678e-02 1.17107372e-01 2.11044415e-02
 7.52163715e-02 4.93837996e-02 1.63157310e-02 7.64409320e-03
 2.95569221e-02 1.37323412e-02 1.11412083e-02 1.93893109e-02
 3.23309523e-03 6.42213105e-03 7.76832297e-04 1.06039315e-02
 2.48035422e-02 1.82418302e-03 2.76804234e-02 5.56716543e-02
 3.21033105e-02 3.57471730e-02 3.20119846e-02 1.24466702e-02
 5.66280108e-03 5.02296853e-02]
[4.53989559e-03 5.32970342e-02 1.06420223e-02 4.20275650e-02
 7.09748449e-03 2.54894600e-02 8.17976678e-02 6.30825395e-02
 3.27290416e-02 8.82652133e-03 1.33663656e-02 6.88235429e-05
 1.39761591e-02 5.74159423e-02 2.47687399e-02 8.73442989e-03
 2.73996819e-02 2.69362478e-02 5.93413348e-03 1.55420099e-02
 1.42259485e-02 7.77390862e-03 2.12291464e-03 1.12288497e-02
 3.76068301e-02 3.02648233e-03 4.85075092e-02 7.42422566e-02
 4.02968063e-02 4.00460834e-02 7.92642874e-02 3.21771734e-04
 4.15044991e-02 5.49312469e-02]
[0.00475142 0.0113431  0.01302459 0.00766692 0.06812345 0.06710097
 0.01568593 0.05620601 0.03428236 0.01082379 0.01020164 0.03963588
 0.04759921 0.00025107 0.0186081  0.02526552 0.01939396 0.05401747
 0.04326831 0.00206287 0.00895065 0.01416921 0.00141687 0.0048055
 0.08777668 0.00545224 0.05238307 0.06405737 0.02494293 0.03303291
 0.02929394 0.01167485 0.00129957 0.02399417]
[0.00149707 0.03498165 0.00490153 0.03472662 0.00433427 0.04841914
 0.00477542 0.05833005 0.05130552 0.00531058 0.00655709 0.06683261
 0.01873433 0.03702931 0.02526438 0.00571766 0.01033681 0.04886183
 0.04021443 0.00397423 0.00434717 0.00947504 0.0066679  0.01194457
 0.09637768 0.02274517 0.00237746 0.00310053 0.0703758  0.01505648
 0.02273972 0.02337141 0.0274243  0.07035277]
[0.00379494 0.03404455 0.01588012 0.01867537 0.03585301 0.02064514
 0.03132734 0.03207138 0.0053411  0.00855677 0.00722508 0.01987446
 0.00858513 0.04973199 0.04503373 0.02340162 0.02463404 0.03854574
 0.06217052 0.01678099 0.00792478 0.00454791 0.00591287 0.00291506
 0.06785198 0.01738755 0.00297612 0.02533597 0.02509805 0.00536415
 0.01900205 0.00865755 0.03342561 0.06727345]
[0.00379494 0.03404455 0.01588012 0.01867537 0.03585301 0.02064514
 0.03132734 0.03207138 0.0053411  0.00855677 0.00722508 0.01987446
 0.00858513 0.04973199 0.04503373 0.02340162 0.02463404 0.03854574
 0.06217052 0.01678099 0.00792478 0.00454791 0.00591287 0.00291506
 0.06785198 0.01738755 0.00297612 0.02533597 0.02509805 0.00536415
 0.01900205 0.00865755 0.03342561 0.06727345]
[0.00639532 0.0622958  0.00890586 0.05902152 0.04755421 0.06678552
 0.00423761 0.06146288 0.01672155 0.00520737 0.01308677 0.01072743
 0.00084821 0.01231353 0.05359139 0.00291613 0.04808671 0.02066698
 0.00941016 0.0168588  0.0041196  0.01240151 0.00632617 0.00399967
 0.05297771 0.05784433 0.03291327 0.03695417 0.06784966 0.00420684
 0.00476454 0.00983405 0.04239875 0.03700942]
[0.00065742 0.0468934  0.0079654  0.0607607  0.02739428 0.05851199
 0.01958287 0.04664897 0.02622456 0.00303915 0.03245972 0.0049597
 0.00687802 0.00324818 0.03487877 0.00478312 0.00163129 0.00338844
 0.01981514 0.01138825 0.0011557  0.01014019 0.00292274 0.01055407
 0.03802804 0.04562445 0.02341715 0.03428289 0.04231109 0.02209048
 0.03306352 0.00508024 0.01968236 0.04393868]
[0.00503018 0.00847573 0.0009627  0.00531817 0.03768929 0.02392232
 0.02134202 0.05093966 0.03565956 0.00075549 0.03776421 0.02346803
 0.02216247 0.03046366 0.02021578 0.01204085 0.00558147 0.0275696
 0.0434435  0.01372063 0.00678166 0.01090686 0.00274005 0.00865051
 0.04907484 0.01915296 0.00979659 0.03997086 0.05781632 0.01537425
 0.01493239 0.00591801 0.00339251 0.05212132]
[0.00503018 0.00847573 0.0009627  0.00531817 0.03768929 0.02392232
 0.02134202 0.05093966 0.03565956 0.00075549 0.03776421 0.02346803
 0.02216247 0.03046366 0.02021578 0.01204085 0.00558147 0.0275696
 0.0434435  0.01372063 0.00678166 0.01090686 0.00274005 0.00865051
 0.04907484 0.01915296 0.00979659 0.03997086 0.05781632 0.01537425
 0.01493239 0.00591801 0.00339251 0.05212132]
[0.00503018 0.00847573 0.0009627  0.00531817 0.03768929 0.02392232
 0.02134202 0.05093966 0.03565956 0.00075549 0.03776421 0.02346803
 0.02216247 0.03046366 0.02021578 0.01204085 0.00558147 0.0275696
 0.0434435  0.01372063 0.00678166 0.01090686 0.00274005 0.00865051
 0.04907484 0.01915296 0.00979659 0.03997086 0.05781632 0.01537425
 0.01493239 0.00591801 0.00339251 0.05212132]
[0.00503018 0.00847573 0.0009627  0.00531817 0.03768929 0.02392232
 0.02134202 0.05093966 0.03565956 0.00075549 0.03776421 0.02346803
 0.02216247 0.03046366 0.02021578 0.01204085 0.00558147 0.0275696
 0.0434435  0.01372063 0.00678166 0.01090686 0.00274005 0.00865051
 0.04907484 0.01915296 0.00979659 0.03997086 0.05781632 0.01537425
 0.01493239 0.00591801 0.00339251 0.05212132]
