[0.00188673 0.07019691 0.00531128 0.05991159 0.047576   0.05969646
 0.02549061 0.02730674 0.02497613 0.00910961 0.04545014 0.04923553
 0.01260441 0.02065741 0.00682374 0.02343234 0.03763295 0.04191643
 0.06160021 0.01044244 0.0056835  0.00222076 0.0049582  0.00394132
 0.03760796 0.04147197 0.01774058 0.01904828 0.07605385 0.01373269
 0.03819678 0.0208696  0.02758581 0.04607318]
[1.04153624e-03 8.38998488e-02 8.37520810e-03 1.75318794e-02
 1.36307503e-02 1.02077083e-02 5.61039490e-02 2.08572552e-03
 6.96836492e-03 1.26945846e-02 4.01250742e-02 2.46575398e-02
 4.86057527e-02 4.14966039e-02 3.80188298e-02 2.47646424e-02
 4.82825797e-02 6.86046032e-03 8.11708835e-02 1.69265550e-02
 9.55956566e-05 2.44794893e-03 6.27623660e-03 9.57413955e-04
 4.32884687e-02 1.71663553e-02 5.99876428e-02 5.25000981e-02
 8.90605393e-02 3.74823989e-02 2.87350840e-02 1.05491492e-02
 3.53197991e-02 3.06682635e-02]
[0.0047629  0.08723676 0.01224965 0.02253813 0.01833153 0.04707043
 0.06192298 0.01827849 0.00559452 0.01176957 0.01277987 0.01947798
 0.04259444 0.01193923 0.06303603 0.02167671 0.02983204 0.01965503
 0.07995173 0.01102649 0.00868482 0.0066534  0.00612618 0.00517267
 0.01543717 0.00493402 0.07990909 0.00628319 0.06951402 0.01034604
 0.00847607 0.01979055 0.03855757 0.05843235]
[0.0047629  0.08723676 0.01224965 0.02253813 0.01833153 0.04707043
 0.06192298 0.01827849 0.00559452 0.01176957 0.01277987 0.01947798
 0.04259444 0.01193923 0.06303603 0.02167671 0.02983204 0.01965503
 0.07995173 0.01102649 0.00868482 0.0066534  0.00612618 0.00517267
 0.01543717 0.00493402 0.07990909 0.00628319 0.06951402 0.01034604
 0.00847607 0.01979055 0.03855757 0.05843235]
[0.00705221 0.06321084 0.00384984 0.01320155 0.04925277 0.02594706
 0.01846068 0.05241417 0.01451589 0.00676568 0.04953419 0.00631111
 0.07189248 0.03772824 0.0535629  0.00979774 0.04930768 0.03404605
 0.03541123 0.01111473 0.00292766 0.00613076 0.00565903 0.00610197
 0.00982217 0.02573782 0.06535265 0.05098443 0.05875127 0.02186965
 0.05115485 0.01833495 0.02685099 0.02830791]
[0.00148413 0.07906122 0.00175268 0.01761981 0.00257267 0.05795156
 0.0006655  0.02854333 0.00521652 0.00817688 0.06688567 0.03429825
 0.07750883 0.02988837 0.01397278 0.00105673 0.06641363 0.00309615
 0.06420496 0.02428616 0.00700727 0.01636578 0.00513863 0.00944705
 0.00522166 0.0591902  0.03064398 0.02440436 0.09111574 0.04553538
 0.04099594 0.02446034 0.00757041 0.04541507]
[0.00367449 0.02185364 0.02222851 0.01287979 0.05331683 0.04151185
 0.01114475 0.04717004 0.02551945 0.00425159 0.06391282 0.05424033
 0.03963662 0.01790825 0.05804519 0.02271733 0.00047224 0.03625599
 0.0098247  0.01168332 0.00387904 0.00999387 0.00394486 0.00760811
 0.0111791  0.02219718 0.06833221 0.06378577 0.07371054 0.06416072
 0.02072375 0.00250618 0.02247093 0.01144963]
[0.00367449 0.02185364 0.02222851 0.01287979 0.05331683 0.04151185
 0.01114475 0.04717004 0.02551945 0.00425159 0.06391282 0.05424033
 0.03963662 0.01790825 0.05804519 0.02271733 0.00047224 0.03625599
 0.0098247  0.01168332 0.00387904 0.00999387 0.00394486 0.00760811
 0.0111791  0.02219718 0.06833221 0.06378577 0.07371054 0.06416072
 0.02072375 0.00250618 0.02247093 0.01144963]
[0.00367449 0.02185364 0.02222851 0.01287979 0.05331683 0.04151185
 0.01114475 0.04717004 0.02551945 0.00425159 0.06391282 0.05424033
 0.03963662 0.01790825 0.05804519 0.02271733 0.00047224 0.03625599
 0.0098247  0.01168332 0.00387904 0.00999387 0.00394486 0.00760811
 0.0111791  0.02219718 0.06833221 0.06378577 0.07371054 0.06416072
 0.02072375 0.00250618 0.02247093 0.01144963]
[0.00552134 0.06612053 0.01743023 0.04258396 0.02228918 0.00255753
 0.04517241 0.07143988 0.05287885 0.00427773 0.00692819 0.05258246
 0.04062967 0.02971971 0.04271699 0.02281591 0.01668451 0.00101441
 0.027761   0.01079111 0.00676398 0.00550937 0.00496908 0.00261233
 0.0563589  0.06151568 0.04489598 0.0153012  0.01097331 0.06647419
 0.05955246 0.013122   0.01460782 0.02262326]
[0.00152265 0.01732804 0.01037118 0.00743979 0.0393909  0.03239532
 0.06703195 0.00228128 0.06072326 0.00033562 0.05250228 0.01013058
 0.03184967 0.00122953 0.05974373 0.01236033 0.0153576  0.04437138
 0.06298398 0.01690554 0.00064349 0.01012975 0.00220558 0.00041286
 0.03814092 0.03866146 0.06426178 0.05709685 0.02500823 0.0214377
 0.00086918 0.02657454 0.01287767 0.00714225]
[0.00437087 0.03123234 0.01821366 0.05765111 0.0083872  0.02147342
 0.05479691 0.04713309 0.0452712  0.00369044 0.01970721 0.00860716
 0.0178038  0.00230177 0.0409437  0.00234    0.05863597 0.0006853
 0.06968023 0.01581662 0.00420537 0.01246585 0.00137087 0.0110423
 0.05065674 0.07281521 0.04550495 0.04624021 0.0103645  0.04824272
 0.05924531 0.00801424 0.0240011  0.0566765 ]
[0.00229987 0.01050155 0.0094458  0.02945576 0.03229678 0.06596386
 0.00562012 0.07291445 0.02663954 0.01554643 0.07059541 0.00179263
 0.02882202 0.02430944 0.01443551 0.01123542 0.01575223 0.01053772
 0.00173732 0.00668454 0.01411713 0.00523368 0.00570077 0.0150222
 0.04154787 0.08428898 0.07816536 0.00778953 0.04732005 0.0846358
 0.06272325 0.0124201  0.01212617 0.05293044]
[0.00222551 0.01868077 0.00022993 0.02235567 0.01218389 0.0858187
 0.00397236 0.01021809 0.06090816 0.00852186 0.05284364 0.0214847
 0.02618305 0.00568797 0.03755376 0.02214603 0.02338903 0.01055256
 0.04318915 0.02428944 0.00133184 0.00952692 0.00572996 0.01516257
 0.05871311 0.09357242 0.08604243 0.06728983 0.04253324 0.02575499
 0.01563304 0.03687395 0.00680032 0.02376008]
[0.00252184 0.03544723 0.01794277 0.03760864 0.03843819 0.02490521
 0.01055541 0.01298903 0.03221558 0.00572057 0.06719534 0.00150058
 0.04805837 0.03726999 0.01903337 0.02130492 0.04181739 0.01035934
 0.03334607 0.01031225 0.00664783 0.00939088 0.00272679 0.01024119
 0.0408872  0.07562859 0.05595339 0.06148325 0.05576437 0.00932857
 0.02796284 0.0054579  0.01518005 0.03673218]
[0.00576083 0.05482343 0.01394667 0.06516148 0.04929579 0.05516115
 0.0013913  0.02685389 0.00821231 0.00802981 0.06667314 0.01759189
 0.00101486 0.05983919 0.03703716 0.01283179 0.04055319 0.01952738
 0.03933987 0.00144375 0.00784946 0.00024839 0.00013353 0.00761627
 0.03336498 0.05045715 0.02427458 0.01175747 0.04576359 0.05018663
 0.06070998 0.00108175 0.00208978 0.01650423]
[0.00576083 0.05482343 0.01394667 0.06516148 0.04929579 0.05516115
 0.0013913  0.02685389 0.00821231 0.00802981 0.06667314 0.01759189
 0.00101486 0.05983919 0.03703716 0.01283179 0.04055319 0.01952738
 0.03933987 0.00144375 0.00784946 0.00024839 0.00013353 0.00761627
 0.03336498 0.05045715 0.02427458 0.01175747 0.04576359 0.05018663
 0.06070998 0.00108175 0.00208978 0.01650423]
[0.00215672 0.00300978 0.00662247 0.07619068 0.04454778 0.06417386
 0.0496126  0.00487102 0.06407228 0.01682833 0.06699334 0.02450806
 0.05185387 0.0268102  0.02387987 0.00772368 0.05679609 0.02233451
 0.02323171 0.02022687 0.01124404 0.00576592 0.00340261 0.00167304
 0.03287767 0.0351431  0.00777183 0.06227466 0.01584831 0.08303693
 0.02305728 0.00909092 0.00696289 0.0211183 ]
[0.00215672 0.00300978 0.00662247 0.07619068 0.04454778 0.06417386
 0.0496126  0.00487102 0.06407228 0.01682833 0.06699334 0.02450806
 0.05185387 0.0268102  0.02387987 0.00772368 0.05679609 0.02233451
 0.02323171 0.02022687 0.01124404 0.00576592 0.00340261 0.00167304
 0.03287767 0.0351431  0.00777183 0.06227466 0.01584831 0.08303693
 0.02305728 0.00909092 0.00696289 0.0211183 ]
[4.67877045e-03 4.44855389e-02 7.94140110e-04 5.39895703e-04
 3.87944523e-02 7.17181353e-02 6.83243833e-02 1.67103301e-02
 2.14458578e-02 1.17175132e-02 2.23137361e-02 3.92850208e-02
 6.57608206e-02 5.20711448e-02 4.42666790e-05 6.54572201e-03
 4.84659024e-02 1.11830539e-02 1.11317471e-02 1.02570457e-02
 5.95109208e-03 3.86241659e-03 5.93787718e-03 5.43497376e-04
 6.14331242e-02 1.36838235e-02 4.85897536e-02 3.89109468e-02
 4.56663993e-02 4.33463246e-02 2.51557284e-02 2.30930045e-02
 2.68389108e-02 2.71772447e-02]
