[2.09151225e-03 3.46642519e-03 8.30684720e-03 3.35606959e-02
 1.90311995e-02 2.65660617e-02 2.55460468e-02 4.33202539e-02
 1.88446752e-02 5.48613920e-03 2.92870948e-02 7.38090765e-04
 1.33170103e-02 2.16450361e-02 1.98666279e-02 1.58654944e-02
 3.19629025e-02 7.83377078e-03 2.69168448e-02 5.84589035e-03
 1.33888862e-05 8.33915616e-03 2.00798517e-03 3.51581294e-04
 2.01553739e-02 7.90559089e-03 1.57546132e-02 2.19098907e-03
 4.92033436e-02 3.38118679e-02 1.22546855e-02 1.31112081e-02
 1.64211242e-02 2.37076942e-02]
[2.09151225e-03 3.46642519e-03 8.30684720e-03 3.35606959e-02
 1.90311995e-02 2.65660617e-02 2.55460468e-02 4.33202539e-02
 1.88446752e-02 5.48613920e-03 2.92870948e-02 7.38090765e-04
 1.33170103e-02 2.16450361e-02 1.98666279e-02 1.58654944e-02
 3.19629025e-02 7.83377078e-03 2.69168448e-02 5.84589035e-03
 1.33888862e-05 8.33915616e-03 2.00798517e-03 3.51581294e-04
 2.01553739e-02 7.90559089e-03 1.57546132e-02 2.19098907e-03
 4.92033436e-02 3.38118679e-02 1.22546855e-02 1.31112081e-02
 1.64211242e-02 2.37076942e-02]
[2.09151225e-03 3.46642519e-03 8.30684720e-03 3.35606959e-02
 1.90311995e-02 2.65660617e-02 2.55460468e-02 4.33202539e-02
 1.88446752e-02 5.48613920e-03 2.92870948e-02 7.38090765e-04
 1.33170103e-02 2.16450361e-02 1.98666279e-02 1.58654944e-02
 3.19629025e-02 7.83377078e-03 2.69168448e-02 5.84589035e-03
 1.33888862e-05 8.33915616e-03 2.00798517e-03 3.51581294e-04
 2.01553739e-02 7.90559089e-03 1.57546132e-02 2.19098907e-03
 4.92033436e-02 3.38118679e-02 1.22546855e-02 1.31112081e-02
 1.64211242e-02 2.37076942e-02]
[2.09151225e-03 3.46642519e-03 8.30684720e-03 3.35606959e-02
 1.90311995e-02 2.65660617e-02 2.55460468e-02 4.33202539e-02
 1.88446752e-02 5.48613920e-03 2.92870948e-02 7.38090765e-04
 1.33170103e-02 2.16450361e-02 1.98666279e-02 1.58654944e-02
 3.19629025e-02 7.83377078e-03 2.69168448e-02 5.84589035e-03
 1.33888862e-05 8.33915616e-03 2.00798517e-03 3.51581294e-04
 2.01553739e-02 7.90559089e-03 1.57546132e-02 2.19098907e-03
 4.92033436e-02 3.38118679e-02 1.22546855e-02 1.31112081e-02
 1.64211242e-02 2.37076942e-02]
[2.09151225e-03 3.46642519e-03 8.30684720e-03 3.35606959e-02
 1.90311995e-02 2.65660617e-02 2.55460468e-02 4.33202539e-02
 1.88446752e-02 5.48613920e-03 2.92870948e-02 7.38090765e-04
 1.33170103e-02 2.16450361e-02 1.98666279e-02 1.58654944e-02
 3.19629025e-02 7.83377078e-03 2.69168448e-02 5.84589035e-03
 1.33888862e-05 8.33915616e-03 2.00798517e-03 3.51581294e-04
 2.01553739e-02 7.90559089e-03 1.57546132e-02 2.19098907e-03
 4.92033436e-02 3.38118679e-02 1.22546855e-02 1.31112081e-02
 1.64211242e-02 2.37076942e-02]
[2.09151225e-03 3.46642519e-03 8.30684720e-03 3.35606959e-02
 1.90311995e-02 2.65660617e-02 2.55460468e-02 4.33202539e-02
 1.88446752e-02 5.48613920e-03 2.92870948e-02 7.38090765e-04
 1.33170103e-02 2.16450361e-02 1.98666279e-02 1.58654944e-02
 3.19629025e-02 7.83377078e-03 2.69168448e-02 5.84589035e-03
 1.33888862e-05 8.33915616e-03 2.00798517e-03 3.51581294e-04
 2.01553739e-02 7.90559089e-03 1.57546132e-02 2.19098907e-03
 4.92033436e-02 3.38118679e-02 1.22546855e-02 1.31112081e-02
 1.64211242e-02 2.37076942e-02]
[2.09151225e-03 3.46642519e-03 8.30684720e-03 3.35606959e-02
 1.90311995e-02 2.65660617e-02 2.55460468e-02 4.33202539e-02
 1.88446752e-02 5.48613920e-03 2.92870948e-02 7.38090765e-04
 1.33170103e-02 2.16450361e-02 1.98666279e-02 1.58654944e-02
 3.19629025e-02 7.83377078e-03 2.69168448e-02 5.84589035e-03
 1.33888862e-05 8.33915616e-03 2.00798517e-03 3.51581294e-04
 2.01553739e-02 7.90559089e-03 1.57546132e-02 2.19098907e-03
 4.92033436e-02 3.38118679e-02 1.22546855e-02 1.31112081e-02
 1.64211242e-02 2.37076942e-02]
[2.09151225e-03 3.46642519e-03 8.30684720e-03 3.35606959e-02
 1.90311995e-02 2.65660617e-02 2.55460468e-02 4.33202539e-02
 1.88446752e-02 5.48613920e-03 2.92870948e-02 7.38090765e-04
 1.33170103e-02 2.16450361e-02 1.98666279e-02 1.58654944e-02
 3.19629025e-02 7.83377078e-03 2.69168448e-02 5.84589035e-03
 1.33888862e-05 8.33915616e-03 2.00798517e-03 3.51581294e-04
 2.01553739e-02 7.90559089e-03 1.57546132e-02 2.19098907e-03
 4.92033436e-02 3.38118679e-02 1.22546855e-02 1.31112081e-02
 1.64211242e-02 2.37076942e-02]
[2.09151225e-03 3.46642519e-03 8.30684720e-03 3.35606959e-02
 1.90311995e-02 2.65660617e-02 2.55460468e-02 4.33202539e-02
 1.88446752e-02 5.48613920e-03 2.92870948e-02 7.38090765e-04
 1.33170103e-02 2.16450361e-02 1.98666279e-02 1.58654944e-02
 3.19629025e-02 7.83377078e-03 2.69168448e-02 5.84589035e-03
 1.33888862e-05 8.33915616e-03 2.00798517e-03 3.51581294e-04
 2.01553739e-02 7.90559089e-03 1.57546132e-02 2.19098907e-03
 4.92033436e-02 3.38118679e-02 1.22546855e-02 1.31112081e-02
 1.64211242e-02 2.37076942e-02]
[2.09151225e-03 3.46642519e-03 8.30684720e-03 3.35606959e-02
 1.90311995e-02 2.65660617e-02 2.55460468e-02 4.33202539e-02
 1.88446752e-02 5.48613920e-03 2.92870948e-02 7.38090765e-04
 1.33170103e-02 2.16450361e-02 1.98666279e-02 1.58654944e-02
 3.19629025e-02 7.83377078e-03 2.69168448e-02 5.84589035e-03
 1.33888862e-05 8.33915616e-03 2.00798517e-03 3.51581294e-04
 2.01553739e-02 7.90559089e-03 1.57546132e-02 2.19098907e-03
 4.92033436e-02 3.38118679e-02 1.22546855e-02 1.31112081e-02
 1.64211242e-02 2.37076942e-02]
[6.57214051e-03 3.16073303e-02 4.57701574e-03 3.82762694e-02
 6.17819621e-02 1.19189720e-02 2.15519163e-02 1.82036782e-02
 3.94470295e-02 6.57508019e-03 7.37450923e-03 3.96030685e-02
 4.98847534e-02 1.25493579e-02 3.38300602e-02 6.76697960e-04
 2.32966663e-02 5.65887052e-03 5.93337177e-02 9.11317405e-07
 2.04604706e-03 1.32358403e-02 3.47765827e-03 2.11275947e-03
 3.14548510e-02 1.34803283e-02 3.56658381e-02 3.55967868e-02
 4.77685491e-02 8.57034993e-03 1.13231694e-03 3.80561978e-03
 1.17152676e-02 2.72235907e-03]
[6.57214051e-03 3.16073303e-02 4.57701574e-03 3.82762694e-02
 6.17819621e-02 1.19189720e-02 2.15519163e-02 1.82036782e-02
 3.94470295e-02 6.57508019e-03 7.37450923e-03 3.96030685e-02
 4.98847534e-02 1.25493579e-02 3.38300602e-02 6.76697960e-04
 2.32966663e-02 5.65887052e-03 5.93337177e-02 9.11317405e-07
 2.04604706e-03 1.32358403e-02 3.47765827e-03 2.11275947e-03
 3.14548510e-02 1.34803283e-02 3.56658381e-02 3.55967868e-02
 4.77685491e-02 8.57034993e-03 1.13231694e-03 3.80561978e-03
 1.17152676e-02 2.72235907e-03]
[0.00609364 0.01730296 0.01685674 0.0327689  0.00808985 0.04966632
 0.03739687 0.03451695 0.01804249 0.00458466 0.00832964 0.02565296
 0.01084382 0.01849148 0.0251631  0.01283842 0.04565394 0.03077603
 0.04079593 0.01474883 0.0097539  0.01011479 0.00102284 0.00441568
 0.05199132 0.03589768 0.06037617 0.02634994 0.03853827 0.02634112
 0.00311935 0.01510367 0.03539383 0.03661506]
[0.00369946 0.0233218  0.02040441 0.04623689 0.07126896 0.08832817
 0.07666437 0.01056776 0.03594859 0.00893465 0.04098433 0.00022732
 0.00896081 0.01441531 0.04027137 0.00724988 0.03565286 0.00967063
 0.04385918 0.01519219 0.00144795 0.016299   0.00296104 0.01508766
 0.05905378 0.02191346 0.04013444 0.0038168  0.05934819 0.05972826
 0.02447294 0.01230847 0.05121512 0.02105714]
[0.00369946 0.0233218  0.02040441 0.04623689 0.07126896 0.08832817
 0.07666437 0.01056776 0.03594859 0.00893465 0.04098433 0.00022732
 0.00896081 0.01441531 0.04027137 0.00724988 0.03565286 0.00967063
 0.04385918 0.01519219 0.00144795 0.016299   0.00296104 0.01508766
 0.05905378 0.02191346 0.04013444 0.0038168  0.05934819 0.05972826
 0.02447294 0.01230847 0.05121512 0.02105714]
[0.00682805 0.02994944 0.02176787 0.07143498 0.002282   0.08725284
 0.05920004 0.02638509 0.03557926 0.00333474 0.02591801 0.03911247
 0.01560829 0.01607536 0.03773075 0.02561562 0.01076151 0.00481004
 0.04628865 0.0110251  0.00480181 0.00898403 0.00477139 0.00120422
 0.01236475 0.05474829 0.06332541 0.04545143 0.05335902 0.0212009
 0.01655858 0.02690973 0.04459585 0.06004482]
[6.98802858e-03 2.12338022e-02 2.48347173e-02 1.88630231e-02
 2.53227946e-02 2.51244617e-02 6.88620429e-02 2.04040731e-03
 4.05127604e-02 3.06423274e-03 4.43005067e-02 2.69920709e-02
 5.10358289e-02 6.95616376e-02 3.68343238e-02 2.10740687e-02
 1.11380463e-02 2.86738672e-02 6.85680464e-03 1.89504498e-05
 6.46778359e-04 1.36940590e-04 4.25769440e-03 1.02678136e-02
 6.15921010e-02 7.86420267e-02 1.73783433e-02 7.42799804e-02
 9.06936015e-02 1.33779844e-02 1.07232670e-02 3.79065650e-03
 1.08571814e-02 8.89599153e-02]
[0.00241095 0.04649265 0.01680588 0.04713784 0.0095665  0.04599249
 0.02508567 0.02976118 0.03861408 0.01212446 0.04143007 0.00274988
 0.02115024 0.01940835 0.04831519 0.0214947  0.00845587 0.0110446
 0.00526498 0.01689554 0.00925389 0.00593893 0.00338465 0.01151317
 0.03939109 0.079276   0.02871543 0.01408556 0.02804348 0.00335525
 0.04297253 0.02152083 0.02244087 0.04295958]
[0.0039742  0.0371968  0.00948261 0.03461623 0.03670339 0.00851459
 0.04326749 0.04554072 0.04222161 0.0003004  0.04585166 0.00071104
 0.0094375  0.00758364 0.08211979 0.02642392 0.02902297 0.02042695
 0.07228492 0.02163568 0.00929429 0.00051813 0.00034434 0.00481817
 0.04751256 0.02130613 0.06383236 0.0061993  0.02511404 0.05049842
 0.01512839 0.0051674  0.02395125 0.01190182]
[0.00563633 0.04906525 0.01691199 0.02507591 0.06220257 0.04554759
 0.05868755 0.08565066 0.01014858 0.0139074  0.08355227 0.02332515
 0.00784996 0.02259091 0.07411084 0.00788567 0.00236794 0.0306846
 0.00654379 0.01517573 0.00956805 0.00033836 0.00293604 0.00094148
 0.0254408  0.01536982 0.01375129 0.01353393 0.00275145 0.05116057
 0.0389731  0.02587127 0.00423395 0.01620482]
