[0.00642324 0.03409131 0.02036074 0.01768234 0.00131271 0.01201415
 0.07367622 0.05635249 0.02688759 0.01516938 0.04359096 0.03278541
 0.06786339 0.0662622  0.00170774 0.00655627 0.03756486 0.02439186
 0.00486334 0.01784661 0.00878831 0.0054796  0.00744264 0.0019465
 0.00741122 0.01169204 0.06440662 0.07471253 0.0449542  0.05177892
 0.01251701 0.01405928 0.04554512 0.07502876]
[0.00016681 0.01953288 0.00060417 0.02154466 0.03447037 0.05483442
 0.06865017 0.01935692 0.04047212 0.00160192 0.04032819 0.04346877
 0.0687878  0.03805564 0.04795499 0.00646203 0.01211477 0.00629399
 0.03396735 0.00180731 0.00534902 0.00968171 0.00013447 0.00603994
 0.03607051 0.04059893 0.05650016 0.01195592 0.06736443 0.02628739
 0.00075029 0.02234275 0.00732991 0.03136068]
[0.00462324 0.03640878 0.01084801 0.00745675 0.00353748 0.0054026
 0.05102111 0.00263273 0.03976143 0.00550339 0.0303422  0.02173397
 0.06616521 0.04248424 0.05012078 0.01925764 0.0017848  0.0049715
 0.05505694 0.0139656  0.00780038 0.01086983 0.00288775 0.00118623
 0.02237068 0.03236135 0.06142503 0.02197893 0.02990022 0.00494397
 0.03494246 0.00209687 0.03100286 0.03166999]
[0.00462324 0.03640878 0.01084801 0.00745675 0.00353748 0.0054026
 0.05102111 0.00263273 0.03976143 0.00550339 0.0303422  0.02173397
 0.06616521 0.04248424 0.05012078 0.01925764 0.0017848  0.0049715
 0.05505694 0.0139656  0.00780038 0.01086983 0.00288775 0.00118623
 0.02237068 0.03236135 0.06142503 0.02197893 0.02990022 0.00494397
 0.03494246 0.00209687 0.03100286 0.03166999]
[0.00609829 0.05523071 0.02000331 0.06036853 0.02194332 0.04520183
 0.08605555 0.0088596  0.02999308 0.00097245 0.00496864 0.02776114
 0.0315018  0.06109352 0.0484808  0.00718868 0.02724798 0.00785488
 0.00560226 0.02172997 0.00837052 0.01417432 0.00563864 0.00180639
 0.01173729 0.02718374 0.07357299 0.05485131 0.00807219 0.06602034
 0.00514512 0.02280521 0.00073523 0.01816368]
[0.00263316 0.02569041 0.00152715 0.02884148 0.02908258 0.03001331
 0.04470083 0.02321716 0.04389544 0.00820888 0.06310901 0.02820299
 0.04502641 0.01705451 0.01153751 0.01476427 0.02940297 0.00423033
 0.04816977 0.01166284 0.00364887 0.00437979 0.00528789 0.00904458
 0.04808081 0.04481091 0.09349712 0.04596493 0.0352431  0.05886825
 0.00204227 0.03052853 0.03042844 0.05436071]
[0.00727596 0.0334193  0.00022764 0.05886672 0.01904504 0.00639508
 0.01686102 0.04481222 0.02693441 0.00949988 0.03618113 0.0179111
 0.03535968 0.03030504 0.03493436 0.00500014 0.00652244 0.02547605
 0.06394596 0.00962477 0.00325436 0.00119247 0.00530383 0.0071442
 0.07516592 0.04583568 0.06765178 0.07566646 0.05815215 0.07464621
 0.00512696 0.02118804 0.04055797 0.0284968 ]
[0.00606122 0.07693899 0.02213979 0.06585683 0.00793008 0.02418039
 0.05883435 0.03005707 0.02962843 0.00952242 0.00581431 0.06302764
 0.00601765 0.01872862 0.00700034 0.00800512 0.01634137 0.00069116
 0.04914106 0.01428037 0.0119381  0.01446251 0.00596603 0.0162022
 0.09792422 0.00485605 0.0912588  0.018141   0.00876633 0.06795524
 0.05714424 0.03224897 0.00117431 0.00576176]
[0.00482225 0.05860665 0.01433138 0.01708    0.03204177 0.00685451
 0.00739518 0.06529277 0.05171298 0.0025911  0.04222655 0.07079497
 0.01251337 0.01393546 0.00320751 0.00439388 0.02432004 0.03949131
 0.05698393 0.01321406 0.0072189  0.00230782 0.00295195 0.01108846
 0.08294519 0.05331134 0.0395621  0.02017657 0.00194892 0.00792242
 0.04130738 0.02586709 0.00876742 0.04621289]
[0.00046268 0.02696908 0.01863398 0.03589091 0.03092777 0.02786772
 0.01329494 0.04859823 0.02791715 0.0007431  0.04815184 0.06831929
 0.02600058 0.02250306 0.00648811 0.02051052 0.040426   0.02393534
 0.03376217 0.01396131 0.01106179 0.00635194 0.00018619 0.00715028
 0.06909103 0.05453156 0.0744663  0.0554538  0.00988413 0.00489423
 0.06951755 0.00445457 0.00142011 0.03228802]
[0.00214719 0.03803875 0.0009188  0.04128376 0.00451314 0.0271354
 0.03271535 0.07797816 0.02690808 0.00463597 0.07075379 0.09646506
 0.02668708 0.05995055 0.02256768 0.02035088 0.00124525 0.0471685
 0.02068458 0.0112427  0.00113865 0.01056696 0.00369877 0.00568446
 0.01815182 0.02911211 0.08326752 0.06299833 0.03766685 0.0334752
 0.02296109 0.00232251 0.0182968  0.02594069]
[0.00394323 0.00567994 0.00803182 0.0660535  0.02019828 0.0633586
 0.04916909 0.08569717 0.00387289 0.01259855 0.03782205 0.01923104
 0.02592207 0.07461058 0.01495216 0.00489917 0.03896183 0.02592959
 0.05177652 0.01265496 0.00959625 0.01519595 0.00103317 0.01454782
 0.03312378 0.02028174 0.09713475 0.02912387 0.02564363 0.00571024
 0.03473829 0.00747537 0.0159603  0.05701134]
[0.00427035 0.04583806 0.0170615  0.00545025 0.04949096 0.08705606
 0.04386125 0.09731823 0.04541258 0.016154   0.0358415  0.00422841
 0.04463334 0.0279737  0.0316942  0.00072718 0.00030899 0.03894422
 0.00607144 0.01069692 0.01114708 0.0071674  0.00014882 0.00707964
 0.06023135 0.0190504  0.05041065 0.03650891 0.0434572  0.04702772
 0.01684927 0.00010006 0.03645154 0.04377714]
[0.00658743 0.02396316 0.00650913 0.00928676 0.00648379 0.02228524
 0.03684073 0.06163668 0.01374102 0.00585601 0.06115161 0.0259877
 0.06513808 0.06580686 0.02505767 0.02202614 0.0412545  0.01099046
 0.00578585 0.01356041 0.00250575 0.00565206 0.00549245 0.01527925
 0.07885548 0.04947611 0.02822892 0.07362868 0.06797502 0.00135715
 0.04426725 0.01408544 0.00473208 0.07185207]
[0.00607537 0.04777252 0.00835413 0.07302645 0.01819678 0.00884282
 0.01446481 0.00374982 0.03341406 0.00336729 0.03869601 0.0599407
 0.0285311  0.09648314 0.03577133 0.0013527  0.01202653 0.00821169
 0.02767326 0.02555292 0.0156751  0.01536716 0.00154217 0.00026334
 0.05868244 0.048723   0.05567247 0.04404734 0.03375242 0.04219307
 0.04293701 0.00835008 0.00016721 0.07938583]
[0.00497968 0.00951208 0.0117741  0.06204791 0.03635844 0.02757166
 0.043967   0.01423581 0.00608326 0.00282049 0.03681629 0.06653337
 0.04081555 0.02623681 0.0538568  0.00543237 0.00210439 0.0138199
 0.05100281 0.00308361 0.00844305 0.00233684 0.00474901 0.00561208
 0.01622999 0.05396147 0.05194014 0.02922748 0.00695583 0.01706783
 0.01533596 0.00397705 0.00677431 0.06235469]
[0.00273566 0.01907951 0.01862775 0.03883012 0.06182669 0.04702288
 0.06048556 0.00131635 0.0376136  0.00083177 0.02390608 0.06679287
 0.0273843  0.02319702 0.03036917 0.00182776 0.00237705 0.03891096
 0.05393826 0.01060054 0.00452778 0.01317854 0.00560972 0.00011626
 0.05856182 0.04968055 0.03350506 0.03514839 0.00998581 0.03051366
 0.04788568 0.00194216 0.03071881 0.07168413]
[0.00037044 0.0603765  0.00297334 0.02192851 0.01854533 0.0229871
 0.08342338 0.01174188 0.05308926 0.00967778 0.01249227 0.06861625
 0.06034617 0.01183863 0.04364575 0.02640541 0.03979993 0.03070342
 0.03401688 0.00115826 0.0046414  0.01523574 0.00369106 0.00167206
 0.03375289 0.01453332 0.06020435 0.04223101 0.00618083 0.02898711
 0.04575957 0.01027008 0.00256256 0.08074271]
[0.00528336 0.05083184 0.02290408 0.02601936 0.00214845 0.01916622
 0.10549227 0.02015831 0.00278734 0.01475699 0.02312718 0.02835466
 0.06144774 0.03496338 0.01758937 0.01046136 0.0065163  0.05150076
 0.04335178 0.00578109 0.00434138 0.01078954 0.0051011  0.00515891
 0.03283192 0.00889359 0.03946953 0.07087995 0.05508459 0.05673961
 0.04248942 0.01098671 0.01887284 0.01406571]
[8.09471455e-04 3.81057124e-02 1.49744700e-02 2.92153549e-02
 3.95112022e-02 3.26883413e-02 5.71656417e-02 5.85585777e-02
 9.07636248e-03 7.57501530e-04 4.42526501e-02 1.12987576e-02
 3.52977765e-02 3.01976064e-02 5.39606110e-02 1.05809269e-02
 2.98626909e-02 9.73579738e-03 3.47448956e-02 4.14885788e-03
 1.94838517e-03 6.82310229e-04 2.95511277e-03 6.62841910e-03
 4.91875832e-02 7.40290801e-05 2.45803348e-02 5.55737859e-02
 7.16567201e-02 3.80619509e-02 6.90519317e-02 1.79287834e-02
 7.22244957e-03 4.84212310e-02]
