Building DAG of jobs...
Using shell: /usr/bin/bash
Provided cores: 4
Rules claiming more threads will be scaled down.
Job counts:
	count	jobs
	1	run_single_chain
	1
Select jobs to execute...

[Wed Mar  3 13:48:57 2021]
rule run_single_chain:
    input: inter_results/network_c6_s441.nc, inter_results/sigma_s441.csv
    output: inter_results/network_c6_s461.nc
    jobid: 0
    wildcards: chain=6, sample=461
    threads: 4

/home/201403848/anaconda3_new/envs/pypsa-eur/bin/python3.8 /home/201403848/pypsa-mcmc/NOBACKUP/pypsa-eur-mcmc/pypsa-eur-mcmc/.snakemake/scripts/tmp1appdsfv.mh_chain.py
INFO:pypsa.io:Imported network network_c6_s441.nc has buses, carriers, generators, global_constraints, lines, links, loads, storage_units, stores
INFO:numexpr.utils:Note: NumExpr detected 64 cores but "NUMEXPR_MAX_THREADS" not set, so enforcing safe limit of 8.
INFO:pypsa.linopf:Prepare linear problem
INFO:pypsa.linopf:Total preparation time: 18.77s
INFO:pypsa.linopf:Solve linear problem using Gurobi solver
INFO:pypsa.linopf:Optimization successful. Objective value: 1.03e+11
INFO:root:sample rejected
INFO:pypsa.io:Imported network network_c6_s441.nc has buses, carriers, generators, global_constraints, lines, links, loads, storage_units, stores
INFO:pypsa.io:Exported network network_c6_s442.nc has carriers, global_constraints, stores, buses, storage_units, loads, links, lines, generators
INFO:pypsa.linopf:Prepare linear problem
INFO:pypsa.linopf:Total preparation time: 20.47s
INFO:pypsa.linopf:Solve linear problem using Gurobi solver
INFO:pypsa.linopf:Optimization successful. Objective value: 1.01e+11
INFO:root:sample accepted
INFO:pypsa.io:Exported network network_c6_s443.nc has carriers, global_constraints, stores, buses, storage_units, loads, links, lines, generators
INFO:pypsa.linopf:Prepare linear problem
INFO:pypsa.linopf:Total preparation time: 8.3s
INFO:pypsa.linopf:Solve linear problem using Gurobi solver
INFO:pypsa.linopf:Optimization successful. Objective value: 1.00e+11
INFO:root:sample accepted
INFO:pypsa.io:Exported network network_c6_s444.nc has carriers, global_constraints, stores, buses, storage_units, loads, links, lines, generators
INFO:pypsa.linopf:Prepare linear problem
INFO:pypsa.linopf:Total preparation time: 8.34s
INFO:pypsa.linopf:Solve linear problem using Gurobi solver
INFO:pypsa.linopf:Optimization successful. Objective value: 9.98e+10
INFO:root:sample accepted
INFO:pypsa.io:Exported network network_c6_s445.nc has carriers, global_constraints, stores, buses, storage_units, loads, links, lines, generators
INFO:pypsa.linopf:Prepare linear problem
INFO:pypsa.linopf:Total preparation time: 8.81s
INFO:pypsa.linopf:Solve linear problem using Gurobi solver
INFO:pypsa.linopf:Optimization successful. Objective value: 9.94e+10
INFO:root:sample accepted
INFO:pypsa.io:Exported network network_c6_s446.nc has carriers, global_constraints, stores, buses, storage_units, loads, links, lines, generators
INFO:pypsa.linopf:Prepare linear problem
INFO:pypsa.linopf:Total preparation time: 8.7s
INFO:pypsa.linopf:Solve linear problem using Gurobi solver
INFO:pypsa.linopf:Optimization successful. Objective value: 9.84e+10
INFO:root:sample accepted
INFO:pypsa.io:Exported network network_c6_s447.nc has carriers, global_constraints, stores, buses, storage_units, loads, links, lines, generators
INFO:pypsa.linopf:Prepare linear problem
INFO:pypsa.linopf:Total preparation time: 8.42s
INFO:pypsa.linopf:Solve linear problem using Gurobi solver
INFO:pypsa.linopf:Optimization successful. Objective value: 9.84e+10
INFO:root:sample accepted
INFO:pypsa.io:Exported network network_c6_s448.nc has carriers, global_constraints, stores, buses, storage_units, loads, links, lines, generators
INFO:pypsa.linopf:Prepare linear problem
INFO:pypsa.linopf:Total preparation time: 8.53s
INFO:pypsa.linopf:Solve linear problem using Gurobi solver
INFO:pypsa.linopf:Optimization successful. Objective value: 1.01e+11
INFO:root:sample accepted
INFO:pypsa.io:Exported network network_c6_s449.nc has carriers, global_constraints, stores, buses, storage_units, loads, links, lines, generators
INFO:pypsa.linopf:Prepare linear problem
INFO:pypsa.linopf:Total preparation time: 8.83s
INFO:pypsa.linopf:Solve linear problem using Gurobi solver
INFO:pypsa.linopf:Optimization successful. Objective value: 1.00e+11
INFO:root:sample accepted
INFO:pypsa.io:Exported network network_c6_s450.nc has carriers, global_constraints, stores, buses, storage_units, loads, links, lines, generators
INFO:pypsa.linopf:Prepare linear problem
INFO:pypsa.linopf:Total preparation time: 8.76s
INFO:pypsa.linopf:Solve linear problem using Gurobi solver
INFO:pypsa.linopf:Optimization successful. Objective value: 1.04e+11
INFO:root:sample rejected
INFO:pypsa.io:Imported network network_c6_s450.nc has buses, carriers, generators, global_constraints, lines, links, loads, storage_units, stores
INFO:pypsa.io:Exported network network_c6_s451.nc has carriers, global_constraints, stores, buses, storage_units, loads, links, lines, generators
INFO:pypsa.linopf:Prepare linear problem
INFO:pypsa.linopf:Total preparation time: 8.61s
INFO:pypsa.linopf:Solve linear problem using Gurobi solver
INFO:pypsa.linopf:Optimization successful. Objective value: 1.03e+11
INFO:root:sample rejected
INFO:pypsa.io:Imported network network_c6_s451.nc has buses, carriers, generators, global_constraints, lines, links, loads, storage_units, stores
INFO:pypsa.io:Exported network network_c6_s452.nc has carriers, global_constraints, stores, buses, storage_units, loads, links, lines, generators
INFO:pypsa.linopf:Prepare linear problem
INFO:pypsa.linopf:Total preparation time: 11.62s
INFO:pypsa.linopf:Solve linear problem using Gurobi solver
INFO:pypsa.linopf:Optimization successful. Objective value: 9.87e+10
INFO:root:sample accepted
INFO:pypsa.io:Exported network network_c6_s453.nc has carriers, global_constraints, stores, buses, storage_units, loads, links, lines, generators
INFO:pypsa.linopf:Prepare linear problem
INFO:pypsa.linopf:Total preparation time: 9.84s
INFO:pypsa.linopf:Solve linear problem using Gurobi solver
INFO:pypsa.linopf:Optimization successful. Objective value: 9.80e+10
INFO:root:sample accepted
INFO:pypsa.io:Exported network network_c6_s454.nc has carriers, global_constraints, stores, buses, storage_units, loads, links, lines, generators
INFO:pypsa.linopf:Prepare linear problem
INFO:pypsa.linopf:Total preparation time: 10.9s
INFO:pypsa.linopf:Solve linear problem using Gurobi solver
INFO:pypsa.linopf:Optimization successful. Objective value: 9.94e+10
INFO:root:sample accepted
INFO:pypsa.io:Exported network network_c6_s455.nc has carriers, global_constraints, stores, buses, storage_units, loads, links, lines, generators
INFO:pypsa.linopf:Prepare linear problem
INFO:pypsa.linopf:Total preparation time: 11.39s
INFO:pypsa.linopf:Solve linear problem using Gurobi solver
INFO:pypsa.linopf:Optimization successful. Objective value: 9.90e+10
INFO:root:sample accepted
INFO:pypsa.io:Exported network network_c6_s456.nc has carriers, global_constraints, stores, buses, storage_units, loads, links, lines, generators
INFO:pypsa.linopf:Prepare linear problem
INFO:pypsa.linopf:Total preparation time: 11.05s
INFO:pypsa.linopf:Solve linear problem using Gurobi solver
INFO:pypsa.linopf:Optimization successful. Objective value: 9.98e+10
INFO:root:sample accepted
INFO:pypsa.io:Exported network network_c6_s457.nc has carriers, global_constraints, stores, buses, storage_units, loads, links, lines, generators
INFO:pypsa.linopf:Prepare linear problem
INFO:pypsa.linopf:Total preparation time: 11.42s
INFO:pypsa.linopf:Solve linear problem using Gurobi solver
INFO:pypsa.linopf:Optimization successful. Objective value: 1.01e+11
INFO:root:sample accepted
INFO:pypsa.io:Exported network network_c6_s458.nc has carriers, global_constraints, stores, buses, storage_units, loads, links, lines, generators
INFO:pypsa.linopf:Prepare linear problem
INFO:pypsa.linopf:Total preparation time: 9.57s
INFO:pypsa.linopf:Solve linear problem using Gurobi solver
INFO:pypsa.linopf:Optimization successful. Objective value: 1.02e+11
INFO:root:sample rejected
INFO:pypsa.io:Imported network network_c6_s458.nc has buses, carriers, generators, global_constraints, lines, links, loads, storage_units, stores
INFO:pypsa.io:Exported network network_c6_s459.nc has carriers, global_constraints, stores, buses, storage_units, loads, links, lines, generators
INFO:pypsa.linopf:Prepare linear problem
INFO:pypsa.linopf:Total preparation time: 10.89s
INFO:pypsa.linopf:Solve linear problem using Gurobi solver
INFO:pypsa.linopf:Optimization successful. Objective value: 1.00e+11
INFO:root:sample accepted
INFO:pypsa.io:Exported network network_c6_s460.nc has carriers, global_constraints, stores, buses, storage_units, loads, links, lines, generators
INFO:pypsa.linopf:Prepare linear problem
INFO:pypsa.linopf:Total preparation time: 8.94s
INFO:pypsa.linopf:Solve linear problem using Gurobi solver
INFO:pypsa.linopf:Optimization successful. Objective value: 1.05e+11
INFO:root:sample rejected
INFO:pypsa.io:Imported network network_c6_s460.nc has buses, carriers, generators, global_constraints, lines, links, loads, storage_units, stores
INFO:pypsa.io:Exported network network_c6_s461.nc has carriers, global_constraints, stores, buses, storage_units, loads, links, lines, generators
[Wed Mar  3 14:03:05 2021]
Finished job 0.
1 of 1 steps (100%) done
