[0.00422088 0.01538034 0.00029325 0.04454532 0.02906841 0.05630813
 0.00327337 0.03490466 0.03897187 0.0012317  0.05684022 0.02169396
 0.00877928 0.06436052 0.01284994 0.00292442 0.01068824 0.03670225
 0.04392796 0.00463095 0.0043272  0.00095791 0.0032322  0.00358006
 0.02923388 0.0160403  0.05065058 0.04767032 0.05357594 0.04019139
 0.00596974 0.00751539 0.00834207 0.02166529]
[0.00626347 0.00192632 0.01248659 0.01833251 0.03478975 0.01486797
 0.03141844 0.06170273 0.0450071  0.01067817 0.05104015 0.05525073
 0.02734639 0.04216348 0.00604742 0.00769642 0.00302988 0.03305315
 0.05352943 0.01256079 0.00867348 0.00928164 0.00217078 0.00778218
 0.03400884 0.02898594 0.06909007 0.05951564 0.04755134 0.01902276
 0.04686318 0.00205727 0.00043132 0.02700492]
[0.00181968 0.02211627 0.018741   0.00644966 0.01285368 0.00513906
 0.05812146 0.04547111 0.02102068 0.01573095 0.06251468 0.01133829
 0.04646649 0.01394612 0.02757652 0.02489101 0.00672698 0.04528774
 0.05845527 0.00144896 0.00418031 0.01007524 0.00410006 0.00676919
 0.06743876 0.05605384 0.01394677 0.01844722 0.05267953 0.06542428
 0.07023906 0.01793586 0.01973782 0.07157856]
[0.00620061 0.03759121 0.01131806 0.02596464 0.02949374 0.03740379
 0.00110304 0.01300013 0.0027875  0.00948142 0.05976647 0.00975366
 0.02218441 0.02082581 0.00041187 0.02048543 0.00925685 0.01081306
 0.06633757 0.00467215 0.01310581 0.00835632 0.00225165 0.0104128
 0.06259558 0.03187759 0.05526216 0.05524181 0.07474503 0.0480957
 0.05630895 0.02399171 0.02033543 0.00419999]
[0.00279332 0.02881782 0.01318933 0.05785164 0.00735531 0.01842886
 0.04029091 0.01336305 0.04078192 0.01156128 0.089123   0.05792249
 0.05051148 0.0160197  0.00461298 0.00692126 0.05205677 0.02868745
 0.03882229 0.00112954 0.0081125  0.00142857 0.00242992 0.00342373
 0.03577966 0.02001504 0.01756371 0.03433438 0.08292034 0.03192073
 0.00939912 0.02744794 0.02344301 0.00111931]
[0.0039141  0.03776451 0.02242437 0.0177769  0.03021612 0.05671399
 0.06006762 0.01075669 0.04917317 0.00050602 0.04563116 0.03672423
 0.01892204 0.0477557  0.02619601 0.02430572 0.05685744 0.02672593
 0.06768339 0.0059882  0.00656135 0.00202187 0.00046889 0.01633893
 0.00914355 0.0316504  0.05342299 0.04566573 0.06934213 0.02706479
 0.03039117 0.00457522 0.03567001 0.01128148]
[2.65300995e-03 1.16502759e-02 1.31078941e-02 4.66860885e-02
 5.29149377e-02 1.36129710e-02 6.13985181e-02 3.13955484e-02
 9.77073191e-03 1.07621253e-02 5.99417844e-02 5.53392060e-02
 8.72167092e-03 5.63929723e-02 5.11274372e-02 1.88976173e-03
 2.23701694e-02 2.89447027e-02 5.98397098e-02 2.07053947e-02
 4.44114961e-03 1.08596853e-02 2.98892282e-05 1.44650555e-02
 1.60415141e-03 7.16304068e-02 5.70841334e-03 4.64246160e-02
 4.10984509e-02 2.42800635e-02 6.77800144e-02 2.04388172e-02
 2.76520868e-02 4.25474687e-02]
[0.00641843 0.05943605 0.02296079 0.06846295 0.06421235 0.06640017
 0.02338396 0.07432652 0.04476958 0.00550391 0.0808254  0.0342866
 0.0131086  0.03079676 0.00175769 0.01452354 0.00357242 0.03259377
 0.03323997 0.00668068 0.00697919 0.01003608 0.00218652 0.01461116
 0.00207466 0.02804808 0.03802857 0.00149647 0.06553837 0.04009596
 0.04430848 0.00803093 0.02656215 0.02422861]
[0.00334476 0.04121193 0.02253554 0.06093217 0.00524138 0.03953199
 0.03157063 0.08948629 0.04283971 0.00421735 0.00907522 0.01709363
 0.0022663  0.01617994 0.02208411 0.02083002 0.06059605 0.02381941
 0.04481945 0.00199521 0.00417897 0.01588389 0.00595417 0.00307103
 0.05201047 0.06432079 0.06481166 0.02307672 0.0993525  0.02211843
 0.02520442 0.00989813 0.02483022 0.01736161]
[0.00475707 0.06508446 0.00490171 0.08360344 0.03816132 0.01804083
 0.00217303 0.00530174 0.06467201 0.00836809 0.04799241 0.06809556
 0.02242999 0.05640928 0.03456479 0.00200784 0.00616653 0.0125328
 0.06136727 0.0036423  0.00127513 0.01191699 0.00021978 0.001092
 0.0600361  0.08832321 0.02607072 0.00689906 0.02808255 0.08032103
 0.0309289  0.00201475 0.01301173 0.03884606]
[0.00500661 0.0777651  0.01662116 0.083956   0.03525995 0.01067751
 0.01011205 0.03597759 0.0497713  0.00194388 0.01636169 0.03836672
 0.02116905 0.06155094 0.04238193 0.01381554 0.02958945 0.04345079
 0.03582221 0.00989398 0.00946042 0.00537127 0.00031033 0.0092966
 0.00375509 0.10447842 0.02114096 0.04444625 0.04594944 0.05299799
 0.01277776 0.00531657 0.01672794 0.02826254]
[0.00522535 0.05446906 0.01164491 0.08236027 0.02014026 0.05987642
 0.02158878 0.00274882 0.00825055 0.01290208 0.0247037  0.03698423
 0.00889834 0.07562663 0.04606912 0.02040758 0.03981917 0.01120612
 0.05249165 0.00241115 0.00892435 0.01432692 0.00388489 0.01548569
 0.05226887 0.04821855 0.02613976 0.03903742 0.02894258 0.07874156
 0.03365073 0.004957   0.02454614 0.02287809]
[6.81427734e-03 7.14284435e-02 7.65905639e-03 6.67450734e-02
 5.33627975e-02 2.01893425e-02 2.44938902e-02 4.09564967e-02
 3.50461684e-02 1.77244307e-02 4.78793798e-02 6.87751834e-02
 6.91493545e-02 2.68820878e-02 4.16410301e-02 8.87626822e-03
 3.24942631e-02 4.04508155e-02 4.57839128e-05 4.22720339e-03
 7.45040004e-03 9.02453198e-04 7.86335311e-03 1.57588309e-02
 1.29954884e-02 1.49347213e-02 5.50182966e-02 1.19914685e-02
 2.13614130e-03 8.89908926e-03 6.62981213e-02 3.38962099e-02
 2.92288036e-02 4.76945699e-02]
[0.000724   0.05895171 0.00425019 0.07170647 0.03980882 0.04562683
 0.0143268  0.04222752 0.06496231 0.00525084 0.04143581 0.06346168
 0.05165064 0.02148125 0.03130849 0.00565458 0.0021621  0.00850241
 0.04463707 0.00347605 0.00833424 0.0019138  0.00122252 0.00917595
 0.00154434 0.05429504 0.03016317 0.02548596 0.03723999 0.03424404
 0.00923975 0.01653815 0.02502264 0.04232741]
[0.00551277 0.02291989 0.01502214 0.02949485 0.01019965 0.04966963
 0.04184435 0.00094968 0.04871696 0.001047   0.03745697 0.01166217
 0.0662918  0.03631087 0.03547326 0.01968176 0.00830443 0.00033249
 0.02795797 0.00389433 0.00332406 0.01250505 0.00472849 0.0096003
 0.04579392 0.06195558 0.05064546 0.05721158 0.04709098 0.02132493
 0.04275692 0.02180837 0.03577455 0.04683203]
[0.0006832  0.0346996  0.00590879 0.03756524 0.01024498 0.08013074
 0.01004406 0.00422506 0.00765291 0.0163384  0.05191592 0.0363109
 0.06265473 0.03203649 0.06372858 0.02025995 0.03639604 0.00107973
 0.01053777 0.01770854 0.00296535 0.01602816 0.00236363 0.00499907
 0.06412694 0.06621638 0.01826032 0.09314559 0.06526819 0.02588446
 0.02049855 0.00096562 0.01629374 0.04933637]
[0.0006832  0.0346996  0.00590879 0.03756524 0.01024498 0.08013074
 0.01004406 0.00422506 0.00765291 0.0163384  0.05191592 0.0363109
 0.06265473 0.03203649 0.06372858 0.02025995 0.03639604 0.00107973
 0.01053777 0.01770854 0.00296535 0.01602816 0.00236363 0.00499907
 0.06412694 0.06621638 0.01826032 0.09314559 0.06526819 0.02588446
 0.02049855 0.00096562 0.01629374 0.04933637]
[0.00373865 0.0603605  0.01409455 0.03270702 0.03940605 0.01744922
 0.04688585 0.03038339 0.02577363 0.00340966 0.00527672 0.02811718
 0.02548    0.03234119 0.04635782 0.01115629 0.04528111 0.02493395
 0.02732191 0.01582093 0.01116364 0.00617852 0.00176048 0.0100099
 0.06334288 0.03112357 0.00397037 0.0767612  0.06396023 0.05447593
 0.04867892 0.01583489 0.00391435 0.06484529]
[0.00056175 0.08975164 0.00859665 0.05831682 0.05835333 0.02804865
 0.03746692 0.07122258 0.00201758 0.00919365 0.01588453 0.00122634
 0.02054473 0.04712168 0.05187533 0.00903447 0.00417044 0.02072595
 0.01704355 0.00291914 0.00354709 0.00088707 0.00353544 0.00686124
 0.0156839  0.03641012 0.05184087 0.06899468 0.06435805 0.01869075
 0.06620292 0.00097746 0.01477692 0.08533475]
[0.00054474 0.01131476 0.02341495 0.07818127 0.00872972 0.0546247
 0.07585517 0.0263298  0.05553972 0.00226923 0.05305883 0.03402852
 0.02195177 0.07963848 0.00970993 0.01627141 0.02521621 0.00865063
 0.00203325 0.01692191 0.01325559 0.01036917 0.00618355 0.0110051
 0.04434732 0.06311535 0.0404139  0.00818498 0.05423629 0.01260026
 0.01206368 0.0049811  0.0009581  0.10713446]
