[0.00418237 0.00320756 0.01088028 0.01789689 0.02066744 0.04338395
 0.04338989 0.02768359 0.03390497 0.01438952 0.02300265 0.00556019
 0.00221418 0.01772877 0.0067996  0.0284834  0.0029546  0.02054778
 0.06660033 0.01653779 0.00764424 0.00318292 0.0026388  0.00409158
 0.06806246 0.03399372 0.01448049 0.03683018 0.04755177 0.0019702
 0.0625914  0.02346879 0.03876049 0.02845433]
[0.0050995  0.05491345 0.00451726 0.06393958 0.02914472 0.01586563
 0.02635586 0.03684901 0.01098903 0.01384688 0.00109425 0.06596964
 0.01089519 0.02053103 0.02808846 0.00014309 0.02026001 0.00604205
 0.11180863 0.02049319 0.00703753 0.01108987 0.00324578 0.00270273
 0.08182482 0.01836204 0.04836667 0.01858297 0.01789567 0.0443353
 0.0891602  0.02896631 0.00434926 0.01954992]
[0.00027891 0.06469908 0.00570004 0.05812969 0.01900848 0.02283245
 0.04424055 0.05819703 0.00464497 0.00676458 0.04730751 0.06131932
 0.04331178 0.02384515 0.05980462 0.01086357 0.00309663 0.03883124
 0.07651779 0.01022699 0.00763937 0.00050095 0.00139775 0.00277043
 0.00720074 0.01779869 0.07412283 0.02429875 0.03723812 0.0505174
 0.02314009 0.02040109 0.01035791 0.02093959]
[0.00696453 0.0021444  0.01354612 0.04782294 0.02491033 0.01208185
 0.04835391 0.06850877 0.00135859 0.00126081 0.04568142 0.02767938
 0.05146177 0.00440761 0.01060273 0.01600549 0.01813165 0.04114213
 0.12067827 0.004312   0.01065508 0.00339618 0.00813662 0.00349034
 0.02087111 0.00133274 0.03550609 0.06912138 0.03656039 0.01222159
 0.07816532 0.0330626  0.04984312 0.03528134]
[0.00290904 0.01490191 0.01831577 0.08245349 0.04516869 0.05813426
 0.0331559  0.00333259 0.00944723 0.01699507 0.07573407 0.00481718
 0.01785888 0.04169707 0.0559409  0.00143451 0.03055448 0.02997088
 0.11602296 0.01683413 0.00277487 0.00682717 0.00198828 0.00159959
 0.01076033 0.0218418  0.00631149 0.01849324 0.0110319  0.06428675
 0.03953842 0.02084303 0.04404514 0.05069701]
[0.00241614 0.02023032 0.01831301 0.086526   0.00319987 0.00542584
 0.06316642 0.03285521 0.02516584 0.00024469 0.09411907 0.04308469
 0.00651236 0.01518103 0.02084192 0.01465566 0.01030258 0.01405089
 0.11273388 0.00881009 0.00853991 0.00391284 0.00542255 0.00532701
 0.04923297 0.06285839 0.01586485 0.00571238 0.05606801 0.04519599
 0.04116445 0.00754226 0.01945299 0.07021057]
[0.00220002 0.03755889 0.00025456 0.03290766 0.00604981 0.03642984
 0.04954678 0.04638242 0.04584562 0.00776103 0.04416183 0.01461658
 0.02624432 0.0010428  0.01836161 0.00451637 0.03835923 0.00580708
 0.07217947 0.01756877 0.00458815 0.00169827 0.00481716 0.00174342
 0.06278604 0.03944518 0.04514957 0.01696338 0.00171365 0.01089621
 0.0256727  0.01500401 0.022061   0.04444022]
[2.80843923e-04 2.38304668e-02 1.98729599e-02 3.59938662e-02
 2.13269843e-02 6.16098188e-02 6.84210154e-02 4.39449806e-02
 1.02152492e-02 2.63719439e-03 3.22732308e-02 3.00041882e-02
 5.65692138e-02 3.16064457e-02 4.48349465e-02 1.59052886e-02
 1.48191048e-02 3.94454464e-02 3.61703800e-02 1.44353431e-02
 2.90788090e-03 1.11775124e-02 8.85261009e-05 4.04773483e-03
 2.02092904e-02 4.03093468e-02 7.00803871e-02 1.16232985e-03
 2.62416745e-02 5.25188555e-02 4.82829229e-02 1.52760284e-02
 2.39158404e-02 6.73345447e-02]
[2.80843923e-04 2.38304668e-02 1.98729599e-02 3.59938662e-02
 2.13269843e-02 6.16098188e-02 6.84210154e-02 4.39449806e-02
 1.02152492e-02 2.63719439e-03 3.22732308e-02 3.00041882e-02
 5.65692138e-02 3.16064457e-02 4.48349465e-02 1.59052886e-02
 1.48191048e-02 3.94454464e-02 3.61703800e-02 1.44353431e-02
 2.90788090e-03 1.11775124e-02 8.85261009e-05 4.04773483e-03
 2.02092904e-02 4.03093468e-02 7.00803871e-02 1.16232985e-03
 2.62416745e-02 5.25188555e-02 4.82829229e-02 1.52760284e-02
 2.39158404e-02 6.73345447e-02]
[0.00123823 0.02720951 0.0160412  0.05717787 0.04613667 0.03295469
 0.00516325 0.00509016 0.01849263 0.0143263  0.01726793 0.01286418
 0.07468525 0.04743927 0.02193531 0.02012414 0.03896484 0.0175783
 0.04646821 0.01265009 0.01138027 0.0064026  0.005986   0.01122862
 0.0316689  0.05929301 0.05185127 0.04628846 0.03347504 0.0619381
 0.07314509 0.02705067 0.00114876 0.03745794]
[0.00412762 0.00047006 0.02948252 0.04130966 0.05087703 0.04242518
 0.06144622 0.00810754 0.06936368 0.01253997 0.00487262 0.00857051
 0.06583304 0.05355382 0.03646346 0.00365498 0.02094247 0.04564636
 0.08430086 0.01801998 0.0042577  0.01003461 0.00927666 0.01861471
 0.01320751 0.06100041 0.04415299 0.05603872 0.00641133 0.01476338
 0.00043124 0.01326244 0.02899098 0.0510824 ]
[0.00422785 0.01676442 0.0151811  0.03505213 0.05052836 0.04944947
 0.03903928 0.04060259 0.05499783 0.0122609  0.00668421 0.05028227
 0.03995272 0.00397563 0.0492369  0.02317256 0.01015187 0.03858045
 0.09218009 0.00903134 0.00469895 0.00256151 0.0004889  0.00659343
 0.05665265 0.02572029 0.01564499 0.07493966 0.0048342  0.02369109
 0.0105917  0.02882315 0.01707365 0.06617541]
[0.00529785 0.05651479 0.02169485 0.01471167 0.01419187 0.01017641
 0.05270937 0.02641693 0.02134423 0.01318287 0.05141575 0.00076485
 0.01426591 0.03169662 0.05807044 0.00823944 0.01305555 0.04082433
 0.03962794 0.01088643 0.00572822 0.01622828 0.00514257 0.00387494
 0.07433005 0.03042094 0.00913587 0.05645467 0.05549617 0.03668195
 0.06289792 0.00653419 0.03434688 0.01532457]
[0.00341704 0.06273121 0.01784074 0.02417671 0.04849109 0.04710877
 0.01343557 0.04103265 0.00369971 0.00127593 0.02562878 0.05244872
 0.04376698 0.0315784  0.07152384 0.01846726 0.01003474 0.0052483
 0.0573845  0.0203945  0.00158906 0.00794491 0.00015963 0.00191124
 0.09494466 0.06115587 0.01884207 0.07356284 0.04976772 0.0124621
 0.01684014 0.00986838 0.01256282 0.03267117]
[0.00456955 0.08247455 0.00053789 0.01153005 0.0090034  0.01995377
 0.03983813 0.06732095 0.0186718  0.00282697 0.03738332 0.04482909
 0.06847704 0.06653516 0.05735864 0.0138235  0.05675255 0.0285782
 0.07387367 0.01991702 0.01206708 0.00832245 0.00412036 0.01063231
 0.0057126  0.0160845  0.05326367 0.05326891 0.00661853 0.00449791
 0.02790425 0.01618558 0.04396445 0.00907413]
[4.66320182e-03 4.79205745e-02 7.82354424e-03 1.49348239e-03
 4.29526950e-02 4.80909435e-02 4.41432652e-02 1.06791416e-02
 3.73094327e-02 1.00385160e-02 2.42636283e-02 3.15334310e-02
 2.30974640e-02 2.62278429e-02 7.74043263e-03 6.98762608e-03
 3.37642934e-02 3.16234170e-02 7.56345951e-02 1.64125765e-03
 9.03511823e-03 1.30726813e-02 3.29521073e-03 8.03165425e-05
 3.90835047e-02 4.93073107e-02 5.63658749e-02 4.30545708e-02
 5.31945398e-03 3.84672902e-02 3.08333263e-02 4.93016728e-03
 1.13592704e-02 6.93769928e-03]
[0.00247707 0.06080452 0.0093807  0.01546204 0.0114356  0.01540962
 0.02312246 0.01701379 0.01681483 0.00674712 0.04334698 0.05391897
 0.03966527 0.04005462 0.0207312  0.00800371 0.01767859 0.01508248
 0.06092366 0.00812442 0.00194219 0.00958979 0.00223556 0.00908974
 0.05205617 0.03934106 0.02671195 0.01275445 0.03611513 0.00366139
 0.03311823 0.01889609 0.010057   0.02759757]
[0.00215839 0.01166227 0.00899942 0.04869778 0.00228033 0.05014086
 0.02667896 0.01677035 0.05508132 0.00411049 0.00888539 0.04250218
 0.04110676 0.06122016 0.01995986 0.01054289 0.05434394 0.02582615
 0.00401395 0.00679515 0.00804735 0.00463686 0.00279543 0.00708066
 0.0354203  0.04115913 0.04722474 0.06075275 0.06952165 0.04541115
 0.02074951 0.00698827 0.02162076 0.02111636]
[0.00215839 0.01166227 0.00899942 0.04869778 0.00228033 0.05014086
 0.02667896 0.01677035 0.05508132 0.00411049 0.00888539 0.04250218
 0.04110676 0.06122016 0.01995986 0.01054289 0.05434394 0.02582615
 0.00401395 0.00679515 0.00804735 0.00463686 0.00279543 0.00708066
 0.0354203  0.04115913 0.04722474 0.06075275 0.06952165 0.04541115
 0.02074951 0.00698827 0.02162076 0.02111636]
[2.94032818e-03 4.29125744e-02 1.35709119e-02 2.35952575e-02
 9.30414276e-03 7.16235734e-05 9.88066772e-03 5.88917604e-02
 6.23399310e-02 8.73423089e-03 4.00337206e-02 4.51109564e-03
 1.07104555e-03 8.40032317e-02 2.94387864e-02 2.10685774e-02
 5.30630316e-02 1.36384397e-02 3.24156852e-02 7.82228700e-03
 3.48180927e-03 6.15871566e-03 1.49985191e-03 7.13944372e-04
 5.31171057e-02 2.79829325e-02 6.08761211e-03 2.64326010e-02
 5.86121822e-03 7.09070245e-03 2.65591986e-02 1.17800663e-02
 1.33182035e-04 4.25006801e-02]
