[0.00342997 0.02854378 0.0113815  0.07534688 0.00170958 0.02426525
 0.00454955 0.02138843 0.03589298 0.01470505 0.06201859 0.01973176
 0.01643989 0.06481681 0.03007796 0.00704288 0.04612699 0.00806605
 0.0200349  0.01229343 0.00793738 0.00365013 0.00298038 0.01240571
 0.06669403 0.07180375 0.08391718 0.08120485 0.02710191 0.03358845
 0.02533918 0.00667568 0.00049704 0.06348914]
[0.00223605 0.03774638 0.00047513 0.04793443 0.04220683 0.0372145
 0.03010042 0.03804644 0.03919106 0.00336376 0.0778156  0.04153598
 0.03179929 0.05197738 0.02594529 0.01667717 0.00372926 0.00951636
 0.02577319 0.01115911 0.00423514 0.00375937 0.00231883 0.01300915
 0.06019445 0.01014282 0.04083203 0.06212657 0.05528846 0.03494253
 0.02901403 0.01254244 0.03342525 0.06172231]
[0.00337849 0.07863323 0.01144585 0.07191177 0.00683751 0.01400502
 0.06817579 0.06987512 0.04973204 0.01459627 0.02945457 0.08459999
 0.02391932 0.01990902 0.02178881 0.00283665 0.04481548 0.02430133
 0.02757705 0.01809531 0.01267245 0.00047548 0.00785194 0.01287666
 0.01354198 0.06566721 0.01786312 0.00501359 0.0106983  0.079778
 0.0146417  0.00686502 0.01493321 0.05012562]
[0.00337849 0.07863323 0.01144585 0.07191177 0.00683751 0.01400502
 0.06817579 0.06987512 0.04973204 0.01459627 0.02945457 0.08459999
 0.02391932 0.01990902 0.02178881 0.00283665 0.04481548 0.02430133
 0.02757705 0.01809531 0.01267245 0.00047548 0.00785194 0.01287666
 0.01354198 0.06566721 0.01786312 0.00501359 0.0106983  0.079778
 0.0146417  0.00686502 0.01493321 0.05012562]
[0.00337849 0.07863323 0.01144585 0.07191177 0.00683751 0.01400502
 0.06817579 0.06987512 0.04973204 0.01459627 0.02945457 0.08459999
 0.02391932 0.01990902 0.02178881 0.00283665 0.04481548 0.02430133
 0.02757705 0.01809531 0.01267245 0.00047548 0.00785194 0.01287666
 0.01354198 0.06566721 0.01786312 0.00501359 0.0106983  0.079778
 0.0146417  0.00686502 0.01493321 0.05012562]
[0.00468462 0.0164526  0.01428244 0.06923539 0.03958963 0.01258712
 0.04944362 0.05354598 0.03501283 0.00954075 0.02326688 0.02761091
 0.01754148 0.01383904 0.02002937 0.00962415 0.03296869 0.01370741
 0.02411133 0.00695133 0.00677169 0.00703091 0.00327555 0.00131358
 0.03964108 0.07059587 0.01259252 0.03519594 0.04200821 0.00054139
 0.04745034 0.01651458 0.02627246 0.0480696 ]
[0.0028211  0.04366115 0.00701849 0.03592029 0.05492976 0.0041786
 0.06696673 0.03110629 0.0308449  0.00671661 0.02554299 0.02906178
 0.05221435 0.00840981 0.01135925 0.02355105 0.01665789 0.0197342
 0.05450089 0.01911328 0.01056961 0.00311439 0.00234349 0.004333
 0.03327681 0.02982083 0.03455109 0.02951248 0.04054081 0.04746129
 0.0516053  0.00482545 0.03221964 0.02014576]
[0.00106739 0.06762665 0.00714124 0.04208779 0.02666722 0.04877915
 0.0298598  0.00975733 0.03013055 0.01167732 0.01271856 0.02272575
 0.01853244 0.03943835 0.0034492  0.00314458 0.03113425 0.01191388
 0.01455456 0.00791004 0.00051576 0.00149729 0.0003577  0.00939451
 0.06051585 0.02835943 0.04766235 0.03437686 0.01769279 0.05190647
 0.04355862 0.01408844 0.00749806 0.05112341]
[0.00106739 0.06762665 0.00714124 0.04208779 0.02666722 0.04877915
 0.0298598  0.00975733 0.03013055 0.01167732 0.01271856 0.02272575
 0.01853244 0.03943835 0.0034492  0.00314458 0.03113425 0.01191388
 0.01455456 0.00791004 0.00051576 0.00149729 0.0003577  0.00939451
 0.06051585 0.02835943 0.04766235 0.03437686 0.01769279 0.05190647
 0.04355862 0.01408844 0.00749806 0.05112341]
[0.00043549 0.07620324 0.01248694 0.02244845 0.05235501 0.05949557
 0.00982711 0.02320745 0.02291732 0.00217092 0.0168243  0.00981786
 0.00669889 0.06394788 0.04659615 0.00451581 0.02269218 0.01327676
 0.03802694 0.00636063 0.00175081 0.00789624 0.00370306 0.01258941
 0.01185284 0.04502477 0.07345821 0.05442537 0.00189845 0.02890548
 0.0005318  0.00481912 0.0323853  0.06822696]
[3.89849869e-03 4.52291770e-02 3.07739672e-03 3.85702007e-02
 5.63316701e-02 2.83911534e-02 6.41500042e-02 1.95896271e-02
 4.89249483e-02 2.69850092e-03 5.84960151e-02 1.72739849e-02
 1.76089486e-02 1.54751807e-02 2.01761667e-02 6.28470673e-05
 4.67101266e-02 2.19088818e-02 2.54422155e-02 5.02461615e-03
 1.36922385e-02 1.67675106e-02 1.98409271e-03 2.49613120e-03
 5.05636154e-02 6.62762813e-02 2.71384803e-02 5.69122279e-02
 5.94377719e-02 1.02205589e-02 5.15206272e-02 1.29045001e-02
 2.62218748e-02 4.95113911e-02]
[0.00484457 0.01615137 0.00693411 0.06345552 0.03564152 0.03473232
 0.06913353 0.00020712 0.01493055 0.01028818 0.06942066 0.03629844
 0.0528623  0.03343107 0.01745872 0.00897104 0.00109804 0.03285595
 0.04241238 0.0145771  0.00247069 0.00274213 0.00480637 0.00387712
 0.00427836 0.07110712 0.02138897 0.02893683 0.07967226 0.03327801
 0.0726595  0.01530123 0.01956313 0.05523896]
[6.94375941e-05 4.41801605e-02 3.53908465e-03 5.87893642e-02
 4.66717502e-02 5.64185487e-02 5.60677124e-02 3.05885720e-02
 7.05938404e-03 4.59999626e-03 3.47428191e-02 5.15103945e-02
 4.42592641e-02 4.42152304e-02 2.07600290e-02 1.14730898e-02
 1.74193431e-02 3.31487407e-02 4.20537476e-02 5.21840132e-03
 1.06905400e-03 8.41635063e-03 2.80500284e-03 3.29934953e-03
 2.93557554e-02 4.88358770e-02 4.52712477e-03 3.78483182e-03
 1.41014096e-02 4.31031713e-02 3.73340698e-02 1.18926843e-02
 3.10299672e-02 1.99360611e-02]
[6.94375941e-05 4.41801605e-02 3.53908465e-03 5.87893642e-02
 4.66717502e-02 5.64185487e-02 5.60677124e-02 3.05885720e-02
 7.05938404e-03 4.59999626e-03 3.47428191e-02 5.15103945e-02
 4.42592641e-02 4.42152304e-02 2.07600290e-02 1.14730898e-02
 1.74193431e-02 3.31487407e-02 4.20537476e-02 5.21840132e-03
 1.06905400e-03 8.41635063e-03 2.80500284e-03 3.29934953e-03
 2.93557554e-02 4.88358770e-02 4.52712477e-03 3.78483182e-03
 1.41014096e-02 4.31031713e-02 3.73340698e-02 1.18926843e-02
 3.10299672e-02 1.99360611e-02]
[0.00242511 0.01227849 0.01147586 0.01765176 0.00913124 0.06240866
 0.00219692 0.02572741 0.03895475 0.01204964 0.02307847 0.03617649
 0.01817847 0.02895744 0.0205806  0.01424403 0.01067049 0.03020106
 0.02055139 0.01670132 0.00650686 0.00341237 0.00081285 0.00888936
 0.05720933 0.03022881 0.04504239 0.02518421 0.05050554 0.04327259
 0.05815097 0.005381   0.03487214 0.02591824]
[0.00242511 0.01227849 0.01147586 0.01765176 0.00913124 0.06240866
 0.00219692 0.02572741 0.03895475 0.01204964 0.02307847 0.03617649
 0.01817847 0.02895744 0.0205806  0.01424403 0.01067049 0.03020106
 0.02055139 0.01670132 0.00650686 0.00341237 0.00081285 0.00888936
 0.05720933 0.03022881 0.04504239 0.02518421 0.05050554 0.04327259
 0.05815097 0.005381   0.03487214 0.02591824]
[0.00581661 0.04287127 0.01474216 0.04112293 0.00097168 0.03842576
 0.02871161 0.037072   0.01731917 0.00601625 0.02824799 0.04425365
 0.04986186 0.01755342 0.02106592 0.00183093 0.03070864 0.03671423
 0.04916653 0.00990008 0.00832    0.00122346 0.00311642 0.00567998
 0.02078319 0.0452953  0.04711294 0.01592407 0.03943133 0.00150203
 0.04166609 0.00047809 0.00798136 0.04117527]
[0.00581661 0.04287127 0.01474216 0.04112293 0.00097168 0.03842576
 0.02871161 0.037072   0.01731917 0.00601625 0.02824799 0.04425365
 0.04986186 0.01755342 0.02106592 0.00183093 0.03070864 0.03671423
 0.04916653 0.00990008 0.00832    0.00122346 0.00311642 0.00567998
 0.02078319 0.0452953  0.04711294 0.01592407 0.03943133 0.00150203
 0.04166609 0.00047809 0.00798136 0.04117527]
[0.00581661 0.04287127 0.01474216 0.04112293 0.00097168 0.03842576
 0.02871161 0.037072   0.01731917 0.00601625 0.02824799 0.04425365
 0.04986186 0.01755342 0.02106592 0.00183093 0.03070864 0.03671423
 0.04916653 0.00990008 0.00832    0.00122346 0.00311642 0.00567998
 0.02078319 0.0452953  0.04711294 0.01592407 0.03943133 0.00150203
 0.04166609 0.00047809 0.00798136 0.04117527]
[0.00581661 0.04287127 0.01474216 0.04112293 0.00097168 0.03842576
 0.02871161 0.037072   0.01731917 0.00601625 0.02824799 0.04425365
 0.04986186 0.01755342 0.02106592 0.00183093 0.03070864 0.03671423
 0.04916653 0.00990008 0.00832    0.00122346 0.00311642 0.00567998
 0.02078319 0.0452953  0.04711294 0.01592407 0.03943133 0.00150203
 0.04166609 0.00047809 0.00798136 0.04117527]
