[0.00207434 0.05661832 0.00833111 0.02934574 0.0404577  0.01349545
 0.02466507 0.04306823 0.05029195 0.00252425 0.03682084 0.00412881
 0.03082961 0.01678864 0.06006146 0.01003955 0.02780148 0.00206252
 0.02477754 0.00691792 0.01066969 0.01178499 0.00427582 0.00945152
 0.02967743 0.05582664 0.08254523 0.07961061 0.07484102 0.03765287
 0.04413502 0.026549   0.00508273 0.03575117]
[0.00537262 0.03268361 0.0085695  0.01145079 0.06747248 0.01931007
 0.02454266 0.03465914 0.04024857 0.01195789 0.02143515 0.05734182
 0.02568675 0.03388474 0.05325784 0.0029425  0.02275869 0.02597041
 0.02299933 0.00738942 0.00844749 0.00550909 0.00093393 0.00656247
 0.05956293 0.02778995 0.08546085 0.04379218 0.0095008  0.02562173
 0.00558185 0.01860615 0.02436123 0.06502063]
[0.00613631 0.07196898 0.01727081 0.05373917 0.02434155 0.01164216
 0.01913104 0.08020044 0.05494591 0.01570077 0.01342687 0.08577363
 0.0287836  0.02062173 0.02767944 0.01802632 0.05873263 0.04794665
 0.0110163  0.00612765 0.01119056 0.00159195 0.00418642 0.00891655
 0.02831638 0.01800354 0.01238689 0.0324787  0.05816971 0.07098015
 0.0227103  0.0088844  0.00781513 0.03083141]
[0.00613631 0.07196898 0.01727081 0.05373917 0.02434155 0.01164216
 0.01913104 0.08020044 0.05494591 0.01570077 0.01342687 0.08577363
 0.0287836  0.02062173 0.02767944 0.01802632 0.05873263 0.04794665
 0.0110163  0.00612765 0.01119056 0.00159195 0.00418642 0.00891655
 0.02831638 0.01800354 0.01238689 0.0324787  0.05816971 0.07098015
 0.0227103  0.0088844  0.00781513 0.03083141]
[0.00458379 0.02494049 0.00233546 0.04529365 0.03810414 0.03177682
 0.03237687 0.06964763 0.01732897 0.00480513 0.03224406 0.04823392
 0.02000555 0.0013558  0.04266361 0.01326507 0.03410116 0.0331185
 0.03820323 0.00992843 0.00498656 0.00694001 0.00013098 0.01013069
 0.0303865  0.04563438 0.03639444 0.04509534 0.0122928  0.05955138
 0.00554556 0.02124024 0.01810083 0.02096508]
[0.0039123  0.04697033 0.00838144 0.05286072 0.04836526 0.05378154
 0.01610899 0.00025431 0.00280258 0.00387678 0.03436668 0.02562927
 0.01518784 0.00800767 0.05433269 0.00635426 0.03778935 0.02937174
 0.03129938 0.01609386 0.00768107 0.01140864 0.00138923 0.00982841
 0.05541159 0.02270567 0.02809447 0.02545495 0.02750695 0.0625971
 0.0456423  0.02406012 0.01827406 0.02593977]
[0.00428356 0.03202016 0.0099075  0.03203622 0.0515808  0.05932166
 0.05039571 0.01880967 0.03708312 0.00070586 0.01779832 0.03134592
 0.02408872 0.03545822 0.02356121 0.0181754  0.02854406 0.00856939
 0.00808733 0.00010504 0.00045523 0.00041988 0.00461106 0.0076349
 0.0279375  0.01664806 0.04212811 0.01061684 0.04201289 0.05137567
 0.05700789 0.00979914 0.03075949 0.05438342]
[0.00428356 0.03202016 0.0099075  0.03203622 0.0515808  0.05932166
 0.05039571 0.01880967 0.03708312 0.00070586 0.01779832 0.03134592
 0.02408872 0.03545822 0.02356121 0.0181754  0.02854406 0.00856939
 0.00808733 0.00010504 0.00045523 0.00041988 0.00461106 0.0076349
 0.0279375  0.01664806 0.04212811 0.01061684 0.04201289 0.05137567
 0.05700789 0.00979914 0.03075949 0.05438342]
[0.00428356 0.03202016 0.0099075  0.03203622 0.0515808  0.05932166
 0.05039571 0.01880967 0.03708312 0.00070586 0.01779832 0.03134592
 0.02408872 0.03545822 0.02356121 0.0181754  0.02854406 0.00856939
 0.00808733 0.00010504 0.00045523 0.00041988 0.00461106 0.0076349
 0.0279375  0.01664806 0.04212811 0.01061684 0.04201289 0.05137567
 0.05700789 0.00979914 0.03075949 0.05438342]
[0.00685093 0.00017919 0.01246723 0.00909643 0.03299795 0.07650048
 0.07196501 0.03617186 0.06716302 0.00444479 0.05248835 0.03341536
 0.00969832 0.03457126 0.06878421 0.00419045 0.03829235 0.00545229
 0.05884076 0.01536334 0.01078721 0.00614814 0.00663837 0.01016782
 0.01990358 0.04356744 0.00042051 0.00136137 0.05820211 0.06087126
 0.01504128 0.02253891 0.00284031 0.04728419]
[0.00603326 0.02709923 0.00717489 0.04985194 0.05903038 0.06198333
 0.00766138 0.03897832 0.02715606 0.01254856 0.05485288 0.00756424
 0.03912881 0.07561529 0.06529535 0.02283819 0.01736536 0.02456456
 0.04870695 0.01309356 0.00223185 0.00419571 0.00373629 0.00535673
 0.03029015 0.05170057 0.00807606 0.02503916 0.00085293 0.01425013
 0.05914309 0.00751838 0.00682182 0.06778669]
[0.0003798  0.04763016 0.00398427 0.01004452 0.03084778 0.06938111
 0.02734089 0.07343699 0.05662335 0.00619381 0.02256347 0.05580525
 0.0196718  0.04962327 0.01795328 0.00698592 0.03615167 0.00723468
 0.07513427 0.00742466 0.0123544  0.01613685 0.0008495  0.01443969
 0.05268698 0.00611151 0.0464064  0.07323084 0.03202285 0.00128588
 0.02145785 0.00416188 0.02702575 0.03231601]
[0.00638523 0.05388415 0.01335335 0.0251034  0.03099554 0.02963941
 0.06419332 0.01847611 0.04619495 0.00880764 0.0450738  0.06022617
 0.01843207 0.05699425 0.01767739 0.01182737 0.04969721 0.00372351
 0.04284017 0.0042681  0.00391711 0.0083839  0.00693457 0.0060653
 0.01845903 0.03762914 0.08312288 0.00791072 0.04144582 0.01719221
 0.02006503 0.02304799 0.010285   0.06817962]
[0.00310293 0.05688862 0.0075905  0.02508894 0.05406749 0.06346027
 0.0789464  0.02817723 0.02627029 0.00613333 0.04664854 0.07020277
 0.05459921 0.0287922  0.05385518 0.01301829 0.01606801 0.00588101
 0.04484244 0.00790168 0.00824649 0.00356859 0.0059553  0.00070771
 0.00442282 0.03045006 0.04259057 0.01564506 0.03193682 0.04587436
 0.00588409 0.01423573 0.02064681 0.04413859]
[0.00264404 0.04155716 0.00246857 0.03739836 0.0289383  0.01276746
 0.00140614 0.01922144 0.03974789 0.01153305 0.0655914  0.07205644
 0.03654943 0.00922537 0.02446323 0.00366112 0.04594326 0.03004811
 0.02560888 0.00458518 0.00200995 0.00541379 0.00313268 0.00890735
 0.04404616 0.03235786 0.02144331 0.05959713 0.06674417 0.02893883
 0.00334029 0.02105946 0.03390006 0.04292928]
[0.00189381 0.05895323 0.00182619 0.0405149  0.03644811 0.04253089
 0.01762763 0.01015812 0.04563648 0.01006621 0.05582247 0.03921422
 0.02681077 0.03569383 0.03218594 0.00874644 0.02619551 0.03726356
 0.03684773 0.01001992 0.00684498 0.01040816 0.0029599  0.00111662
 0.03878624 0.03561062 0.01497283 0.03938221 0.02659769 0.00296857
 0.03924263 0.02030784 0.01318187 0.0298531 ]
[0.00189381 0.05895323 0.00182619 0.0405149  0.03644811 0.04253089
 0.01762763 0.01015812 0.04563648 0.01006621 0.05582247 0.03921422
 0.02681077 0.03569383 0.03218594 0.00874644 0.02619551 0.03726356
 0.03684773 0.01001992 0.00684498 0.01040816 0.0029599  0.00111662
 0.03878624 0.03561062 0.01497283 0.03938221 0.02659769 0.00296857
 0.03924263 0.02030784 0.01318187 0.0298531 ]
[0.00189381 0.05895323 0.00182619 0.0405149  0.03644811 0.04253089
 0.01762763 0.01015812 0.04563648 0.01006621 0.05582247 0.03921422
 0.02681077 0.03569383 0.03218594 0.00874644 0.02619551 0.03726356
 0.03684773 0.01001992 0.00684498 0.01040816 0.0029599  0.00111662
 0.03878624 0.03561062 0.01497283 0.03938221 0.02659769 0.00296857
 0.03924263 0.02030784 0.01318187 0.0298531 ]
[0.00519022 0.05836749 0.01525119 0.03000631 0.05336277 0.00429369
 0.00115718 0.04146181 0.00814036 0.0060461  0.05843725 0.07921587
 0.04117152 0.01253399 0.0512033  0.00069951 0.00198332 0.00979751
 0.07734987 0.00398676 0.00275885 0.008071   0.00045764 0.00836468
 0.07743398 0.00120838 0.03821906 0.02760588 0.05895951 0.02576415
 0.03276044 0.00111812 0.02613747 0.05588955]
[0.00519022 0.05836749 0.01525119 0.03000631 0.05336277 0.00429369
 0.00115718 0.04146181 0.00814036 0.0060461  0.05843725 0.07921587
 0.04117152 0.01253399 0.0512033  0.00069951 0.00198332 0.00979751
 0.07734987 0.00398676 0.00275885 0.008071   0.00045764 0.00836468
 0.07743398 0.00120838 0.03821906 0.02760588 0.05895951 0.02576415
 0.03276044 0.00111812 0.02613747 0.05588955]
