[0.00039833 0.00803621 0.01765335 0.02990198 0.0505294  0.00497891
 0.08677005 0.06121102 0.01144807 0.00026119 0.03416252 0.01811159
 0.05303654 0.01640985 0.04883397 0.01269807 0.04720843 0.0317979
 0.05895866 0.01228433 0.00183815 0.00543015 0.00470755 0.01042678
 0.00371696 0.01815818 0.06553956 0.00337883 0.02846246 0.01061225
 0.03189666 0.01250987 0.00548353 0.01070482]
[0.00524733 0.00966119 0.01969039 0.007495   0.0444413  0.01144657
 0.09099421 0.07149387 0.03574137 0.00998579 0.03695278 0.02741084
 0.01282835 0.05374253 0.04404586 0.02429208 0.00196924 0.03083024
 0.04211344 0.01572091 0.00267609 0.00880554 0.00648384 0.00322139
 0.04741439 0.02003682 0.0665745  0.01029498 0.00892549 0.03765033
 0.00700723 0.00509871 0.0211604  0.02493482]
[0.00524733 0.00966119 0.01969039 0.007495   0.0444413  0.01144657
 0.09099421 0.07149387 0.03574137 0.00998579 0.03695278 0.02741084
 0.01282835 0.05374253 0.04404586 0.02429208 0.00196924 0.03083024
 0.04211344 0.01572091 0.00267609 0.00880554 0.00648384 0.00322139
 0.04741439 0.02003682 0.0665745  0.01029498 0.00892549 0.03765033
 0.00700723 0.00509871 0.0211604  0.02493482]
[0.00554624 0.0223179  0.00847182 0.0201029  0.04951267 0.0411399
 0.08105243 0.06256385 0.02128327 0.00532589 0.05064137 0.05968098
 0.03406442 0.05085208 0.01288239 0.00081164 0.01408615 0.0294126
 0.05263333 0.01093658 0.00750251 0.00302623 0.0051575  0.00742363
 0.06263025 0.04917521 0.02831121 0.00783888 0.04026759 0.02958466
 0.01115857 0.00334166 0.01641596 0.01616235]
[0.00054139 0.00157728 0.01392139 0.05848488 0.01357126 0.03896946
 0.09928863 0.06419976 0.05159509 0.00951244 0.01935369 0.04953928
 0.02528172 0.06820364 0.00080028 0.02372661 0.01017303 0.03627254
 0.03538508 0.01635551 0.00122879 0.00863872 0.00229005 0.00248533
 0.04983785 0.02448086 0.01374983 0.00526227 0.02977958 0.05983558
 0.05460092 0.0241337  0.01427634 0.0028414 ]
[0.00113517 0.03026942 0.00761174 0.02864541 0.01129043 0.04383712
 0.04458599 0.07546871 0.04047106 0.00764897 0.0338433  0.05920744
 0.05441223 0.02407584 0.03629954 0.01891971 0.03134055 0.00736063
 0.04843114 0.00136876 0.00229566 0.00659532 0.00540511 0.00447056
 0.04526969 0.02869808 0.00837875 0.03551488 0.0520798  0.03224555
 0.05650979 0.01075454 0.03016373 0.02557943]
[2.46731448e-03 2.21567193e-03 8.86819872e-03 9.13310799e-03
 1.28688772e-02 5.88166793e-02 9.49283924e-05 4.63193875e-02
 5.88343806e-02 9.79467091e-03 4.25894499e-02 6.64624236e-02
 8.07478622e-02 1.62637803e-02 3.73957541e-02 9.28835050e-03
 2.23371400e-02 6.86859798e-03 8.14661225e-02 1.03737758e-02
 9.39208300e-04 1.65514837e-02 4.99039296e-03 1.16242634e-02
 8.31420363e-02 5.24311230e-02 3.83507026e-02 9.74115626e-03
 4.20840809e-02 3.71139878e-03 6.20213122e-02 1.30176952e-02
 4.42716972e-03 3.54437711e-02]
[3.07722078e-03 4.48272978e-02 9.12366087e-03 2.15087661e-02
 4.43186781e-02 2.37178813e-02 2.11589996e-02 3.62091117e-02
 8.39479464e-03 2.07152608e-03 2.87355317e-02 7.36801348e-02
 1.32463887e-02 3.39837048e-02 2.97826602e-02 1.35162135e-02
 4.13816918e-02 5.11638773e-02 1.05181825e-01 2.12746376e-02
 5.39380930e-03 9.47455436e-03 9.53287334e-05 8.66670195e-03
 6.95878530e-02 1.48270386e-02 3.59276887e-02 2.49955249e-03
 5.54957283e-02 6.15826099e-02 3.48494618e-02 6.14594776e-04
 1.25418382e-02 5.69374100e-02]
[0.0060455  0.00604886 0.00044344 0.06253632 0.03437737 0.06616948
 0.0623754  0.03978078 0.02313951 0.00982294 0.07913463 0.0679507
 0.0204773  0.02632731 0.02724007 0.01716636 0.01106461 0.00263081
 0.12233981 0.00882459 0.00036304 0.00107762 0.00134175 0.00492125
 0.00671433 0.03044646 0.05716694 0.05160706 0.06029769 0.02043563
 0.03855891 0.01206129 0.01350501 0.00337778]
[0.0060455  0.00604886 0.00044344 0.06253632 0.03437737 0.06616948
 0.0623754  0.03978078 0.02313951 0.00982294 0.07913463 0.0679507
 0.0204773  0.02632731 0.02724007 0.01716636 0.01106461 0.00263081
 0.12233981 0.00882459 0.00036304 0.00107762 0.00134175 0.00492125
 0.00671433 0.03044646 0.05716694 0.05160706 0.06029769 0.02043563
 0.03855891 0.01206129 0.01350501 0.00337778]
[0.00804237 0.05916563 0.00867533 0.01247733 0.02737701 0.06303276
 0.03344427 0.01187443 0.04416452 0.01808526 0.10517676 0.07200022
 0.02779399 0.03797641 0.01006161 0.02902906 0.04463651 0.04478002
 0.0309227  0.01447105 0.0039687  0.01804849 0.00506007 0.01112674
 0.00196776 0.03612829 0.00981785 0.02435319 0.05754493 0.00284502
 0.04507855 0.00509769 0.03014339 0.04388583]
[0.00596969 0.02443    0.01562236 0.03956307 0.00875871 0.00080789
 0.03653039 0.01496905 0.02690095 0.01383957 0.05849813 0.04393837
 0.06131444 0.05151134 0.03774665 0.0182281  0.01584879 0.03356152
 0.01692041 0.01943765 0.00959307 0.01440484 0.004959   0.00951817
 0.02137307 0.02320516 0.03589617 0.02724093 0.04945638 0.01148943
 0.02392832 0.02574242 0.01667693 0.04867176]
[0.00596969 0.02443    0.01562236 0.03956307 0.00875871 0.00080789
 0.03653039 0.01496905 0.02690095 0.01383957 0.05849813 0.04393837
 0.06131444 0.05151134 0.03774665 0.0182281  0.01584879 0.03356152
 0.01692041 0.01943765 0.00959307 0.01440484 0.004959   0.00951817
 0.02137307 0.02320516 0.03589617 0.02724093 0.04945638 0.01148943
 0.02392832 0.02574242 0.01667693 0.04867176]
[0.00596969 0.02443    0.01562236 0.03956307 0.00875871 0.00080789
 0.03653039 0.01496905 0.02690095 0.01383957 0.05849813 0.04393837
 0.06131444 0.05151134 0.03774665 0.0182281  0.01584879 0.03356152
 0.01692041 0.01943765 0.00959307 0.01440484 0.004959   0.00951817
 0.02137307 0.02320516 0.03589617 0.02724093 0.04945638 0.01148943
 0.02392832 0.02574242 0.01667693 0.04867176]
[0.00345983 0.05540408 0.01676931 0.06296263 0.03444931 0.01027121
 0.06050896 0.03526824 0.02932893 0.00526809 0.02539449 0.04688558
 0.07217623 0.0277188  0.05971214 0.0199127  0.02734606 0.04440675
 0.04943649 0.00735017 0.01129797 0.00967542 0.00434874 0.00640358
 0.00247934 0.0090581  0.00123419 0.03904294 0.02699888 0.02550318
 0.0302544  0.01894126 0.02416542 0.03903647]
[0.00345983 0.05540408 0.01676931 0.06296263 0.03444931 0.01027121
 0.06050896 0.03526824 0.02932893 0.00526809 0.02539449 0.04688558
 0.07217623 0.0277188  0.05971214 0.0199127  0.02734606 0.04440675
 0.04943649 0.00735017 0.01129797 0.00967542 0.00434874 0.00640358
 0.00247934 0.0090581  0.00123419 0.03904294 0.02699888 0.02550318
 0.0302544  0.01894126 0.02416542 0.03903647]
[0.00042468 0.06147522 0.01845627 0.05683833 0.01586142 0.05261521
 0.0518668  0.00537642 0.04251307 0.00235901 0.00563398 0.03408044
 0.05193345 0.01779912 0.05061938 0.00494475 0.03064494 0.0359651
 0.06450377 0.00245146 0.00385292 0.00732665 0.00072772 0.00267642
 0.03977893 0.02058089 0.03069937 0.01312589 0.03945025 0.01044775
 0.01575398 0.01761078 0.00133179 0.02529128]
[0.00551235 0.01618906 0.00760098 0.0106403  0.03267406 0.05039779
 0.05803935 0.0246634  0.00072053 0.00888679 0.03641606 0.02347136
 0.00038359 0.020723   0.0474998  0.00304364 0.01278115 0.0042875
 0.05688315 0.00338516 0.00378644 0.00629723 0.00170241 0.00477527
 0.03876736 0.04899951 0.03701325 0.04540273 0.02006806 0.02945286
 0.00452918 0.01764685 0.03042222 0.0506013 ]
[0.00549723 0.04733238 0.01481053 0.04246285 0.02025134 0.01335095
 0.01078809 0.00639581 0.02649934 0.00799366 0.06509917 0.06082741
 0.02220424 0.03696811 0.00314738 0.01362406 0.00874154 0.03517538
 0.04750268 0.01188975 0.00735615 0.01023006 0.00255272 0.01056065
 0.03110116 0.01848523 0.04439485 0.05107249 0.01585738 0.06337974
 0.02436007 0.02127796 0.00885469 0.07121482]
[0.00188685 0.03668662 0.00473603 0.00864859 0.01774886 0.00607946
 0.03905381 0.03144247 0.04109933 0.0117392  0.06140251 0.02704132
 0.04858772 0.04493238 0.00635041 0.00138591 0.01289776 0.0206555
 0.04648988 0.00334609 0.00258948 0.01169387 0.00205325 0.00657832
 0.01303303 0.03559635 0.01121102 0.0258734  0.03199648 0.05621892
 0.00835952 0.00656051 0.02131583 0.06859445]
