[0.00420099 0.03957929 0.00681327 0.00539953 0.00988646 0.04647496
 0.0322479  0.05456773 0.03774732 0.01150132 0.03646076 0.00151505
 0.03382618 0.06190234 0.02718638 0.01785618 0.03100588 0.01166111
 0.01064895 0.00376282 0.00104651 0.01006824 0.00229058 0.00898006
 0.04434557 0.04843995 0.02743355 0.02942173 0.04023021 0.00994088
 0.0255647  0.02127216 0.02301769 0.01153805]
[0.00420099 0.03957929 0.00681327 0.00539953 0.00988646 0.04647496
 0.0322479  0.05456773 0.03774732 0.01150132 0.03646076 0.00151505
 0.03382618 0.06190234 0.02718638 0.01785618 0.03100588 0.01166111
 0.01064895 0.00376282 0.00104651 0.01006824 0.00229058 0.00898006
 0.04434557 0.04843995 0.02743355 0.02942173 0.04023021 0.00994088
 0.0255647  0.02127216 0.02301769 0.01153805]
[0.00293569 0.05747944 0.00188249 0.02391352 0.03776622 0.04364213
 0.027269   0.0260016  0.05608635 0.00749285 0.04511788 0.03269077
 0.06058433 0.04824984 0.01897114 0.0253079  0.02837142 0.01196295
 0.03205465 0.00490769 0.0010927  0.00582338 0.00100144 0.0036706
 0.07130133 0.06906897 0.01406122 0.01567089 0.04220478 0.05186379
 0.05862406 0.01889155 0.0044353  0.02790931]
[0.00473167 0.05875024 0.00141469 0.00588796 0.03304134 0.04166888
 0.04011223 0.06229027 0.04793565 0.00819814 0.05330155 0.01679096
 0.06079977 0.00794356 0.02061669 0.02272621 0.02491479 0.04456619
 0.0368184  0.01122185 0.00586198 0.00188744 0.00517401 0.0112602
 0.02833875 0.04708742 0.05770585 0.05706243 0.00111301 0.0431496
 0.06482515 0.00792492 0.0148511  0.04635927]
[0.00480554 0.03135033 0.00860928 0.00836426 0.04004024 0.0442714
 0.06342243 0.06735232 0.01078295 0.01161565 0.07666391 0.00617378
 0.06919317 0.0225397  0.00584442 0.00013818 0.02290481 0.0171165
 0.03188777 0.0147041  0.00907238 0.00424735 0.00102419 0.00110903
 0.0571119  0.03688214 0.05983989 0.06789839 0.00226074 0.06032663
 0.03760523 0.02063819 0.01586669 0.06663202]
[0.00152718 0.01794973 0.01724927 0.00946046 0.05574587 0.06612663
 0.02121936 0.06981341 0.01815617 0.01155962 0.0858323  0.01628447
 0.03240726 0.02905002 0.03924863 0.00509566 0.04664182 0.04065842
 0.03662165 0.01346901 0.00096004 0.01380197 0.0014615  0.01159315
 0.0492184  0.00898444 0.04020772 0.02443442 0.00619357 0.06871211
 0.03651115 0.02655383 0.02452447 0.02213499]
[0.00759747 0.06772304 0.00143728 0.02539889 0.04029423 0.0766838
 0.0580578  0.07894995 0.05724281 0.01567636 0.03195587 0.07112621
 0.05770704 0.00674457 0.01157789 0.01363925 0.03272075 0.02678825
 0.06080772 0.00526917 0.00640566 0.00942207 0.00223556 0.01125973
 0.00408844 0.00072955 0.00567909 0.03024781 0.00661639 0.06028902
 0.05115885 0.02624072 0.00133076 0.01814948]
[0.00759747 0.06772304 0.00143728 0.02539889 0.04029423 0.0766838
 0.0580578  0.07894995 0.05724281 0.01567636 0.03195587 0.07112621
 0.05770704 0.00674457 0.01157789 0.01363925 0.03272075 0.02678825
 0.06080772 0.00526917 0.00640566 0.00942207 0.00223556 0.01125973
 0.00408844 0.00072955 0.00567909 0.03024781 0.00661639 0.06028902
 0.05115885 0.02624072 0.00133076 0.01814948]
[0.00675959 0.04741391 0.02132238 0.00293693 0.05077098 0.00737028
 0.01883529 0.02925016 0.05601936 0.000559   0.06348731 0.08470969
 0.06536357 0.0069147  0.06067605 0.00581094 0.05349617 0.01808321
 0.02247096 0.00596494 0.00572956 0.01536359 0.00357879 0.00093743
 0.01235443 0.05082534 0.01767169 0.04943057 0.05907431 0.05980438
 0.06804696 0.00055014 0.01378648 0.00604352]
[0.00675959 0.04741391 0.02132238 0.00293693 0.05077098 0.00737028
 0.01883529 0.02925016 0.05601936 0.000559   0.06348731 0.08470969
 0.06536357 0.0069147  0.06067605 0.00581094 0.05349617 0.01808321
 0.02247096 0.00596494 0.00572956 0.01536359 0.00357879 0.00093743
 0.01235443 0.05082534 0.01767169 0.04943057 0.05907431 0.05980438
 0.06804696 0.00055014 0.01378648 0.00604352]
[0.0073321  0.04384487 0.01541183 0.05222863 0.07040823 0.05086595
 0.01451676 0.03395306 0.01256525 0.01534103 0.03157929 0.00742655
 0.00523197 0.01726646 0.04234211 0.00302345 0.03596038 0.01755074
 0.06111583 0.02142899 0.00288013 0.01142542 0.00760448 0.01626681
 0.05626582 0.0479496  0.01709571 0.02906174 0.05596504 0.02221508
 0.0425028  0.00882026 0.0058767  0.02366004]
[0.00561926 0.07345255 0.01482112 0.0752363  0.05612247 0.028372
 0.04209217 0.0723025  0.01527974 0.00149959 0.06578693 0.04564072
 0.01810183 0.02296841 0.01999521 0.0153661  0.01477119 0.03753049
 0.04947734 0.01013283 0.00190205 0.00057055 0.00202255 0.00159951
 0.04151638 0.07751032 0.01901907 0.01387134 0.02114352 0.0528091
 0.02071079 0.00265459 0.01989763 0.00642157]
[0.00088113 0.0366687  0.00758159 0.00064443 0.0242767  0.06631762
 0.02906192 0.03530938 0.03600236 0.01650798 0.05538216 0.00515036
 0.05628439 0.02307995 0.01380516 0.02202836 0.01094883 0.00428897
 0.00425226 0.00345996 0.00469542 0.01591937 0.00060815 0.01135874
 0.09017723 0.03649737 0.06963531 0.02551168 0.03007698 0.08676675
 0.03503355 0.03131456 0.03166071 0.07084149]
[0.00256711 0.03508407 0.00447139 0.00657049 0.00391412 0.08187314
 0.04345775 0.00266257 0.04118345 0.00619438 0.03122469 0.00621456
 0.00385054 0.04710629 0.05676946 0.01903325 0.05291213 0.03141262
 0.02668811 0.01119661 0.00821031 0.01110867 0.00280906 0.00922414
 0.08283547 0.00181441 0.01201136 0.05844334 0.07052622 0.0145338
 0.047598   0.02579425 0.01576326 0.03573511]
[0.00256711 0.03508407 0.00447139 0.00657049 0.00391412 0.08187314
 0.04345775 0.00266257 0.04118345 0.00619438 0.03122469 0.00621456
 0.00385054 0.04710629 0.05676946 0.01903325 0.05291213 0.03141262
 0.02668811 0.01119661 0.00821031 0.01110867 0.00280906 0.00922414
 0.08283547 0.00181441 0.01201136 0.05844334 0.07052622 0.0145338
 0.047598   0.02579425 0.01576326 0.03573511]
[0.0046026  0.03585847 0.01208823 0.00225509 0.01558618 0.01464475
 0.05789939 0.01990233 0.02858595 0.00269149 0.03627352 0.03737003
 0.02919947 0.05520043 0.00978316 0.01238256 0.02811139 0.00668494
 0.03906383 0.0105951  0.00217282 0.0028407  0.00020838 0.01003426
 0.03734858 0.02688746 0.0042471  0.02941462 0.02874744 0.03757817
 0.0302727  0.01327955 0.01097223 0.02600839]
[0.0046026  0.03585847 0.01208823 0.00225509 0.01558618 0.01464475
 0.05789939 0.01990233 0.02858595 0.00269149 0.03627352 0.03737003
 0.02919947 0.05520043 0.00978316 0.01238256 0.02811139 0.00668494
 0.03906383 0.0105951  0.00217282 0.0028407  0.00020838 0.01003426
 0.03734858 0.02688746 0.0042471  0.02941462 0.02874744 0.03757817
 0.0302727  0.01327955 0.01097223 0.02600839]
[0.0046026  0.03585847 0.01208823 0.00225509 0.01558618 0.01464475
 0.05789939 0.01990233 0.02858595 0.00269149 0.03627352 0.03737003
 0.02919947 0.05520043 0.00978316 0.01238256 0.02811139 0.00668494
 0.03906383 0.0105951  0.00217282 0.0028407  0.00020838 0.01003426
 0.03734858 0.02688746 0.0042471  0.02941462 0.02874744 0.03757817
 0.0302727  0.01327955 0.01097223 0.02600839]
[0.0046026  0.03585847 0.01208823 0.00225509 0.01558618 0.01464475
 0.05789939 0.01990233 0.02858595 0.00269149 0.03627352 0.03737003
 0.02919947 0.05520043 0.00978316 0.01238256 0.02811139 0.00668494
 0.03906383 0.0105951  0.00217282 0.0028407  0.00020838 0.01003426
 0.03734858 0.02688746 0.0042471  0.02941462 0.02874744 0.03757817
 0.0302727  0.01327955 0.01097223 0.02600839]
[0.00418237 0.00320756 0.01088028 0.01789689 0.02066744 0.04338395
 0.04338989 0.02768359 0.03390497 0.01438952 0.02300265 0.00556019
 0.00221418 0.01772877 0.0067996  0.0284834  0.0029546  0.02054778
 0.06660033 0.01653779 0.00764424 0.00318292 0.0026388  0.00409158
 0.06806246 0.03399372 0.01448049 0.03683018 0.04755177 0.0019702
 0.0625914  0.02346879 0.03876049 0.02845433]
