[0.00179844 0.01928975 0.01733279 0.0019745  0.05797875 0.07504781
 0.05522965 0.05285022 0.01063619 0.00980688 0.02676075 0.00628533
 0.01257839 0.05048208 0.05546068 0.00308393 0.00011622 0.02102575
 0.02124215 0.00747232 0.01475634 0.01265923 0.00070563 0.00447505
 0.06127146 0.04803602 0.06368457 0.0046586  0.00963379 0.06367181
 0.02651    0.00057712 0.04163718 0.04637848]
[0.00314411 0.01458413 0.00621377 0.00958092 0.01521424 0.00439872
 0.02881114 0.00362746 0.04024578 0.0114419  0.07123992 0.01808281
 0.03438397 0.00932207 0.03019044 0.01733323 0.01332604 0.02798406
 0.00137333 0.00216934 0.00686249 0.01620458 0.00611094 0.01500557
 0.0908577  0.00999975 0.08892061 0.04312651 0.06152927 0.00476751
 0.05204179 0.02240553 0.01284068 0.07351479]
[0.00061715 0.03915801 0.02195057 0.00130366 0.00353136 0.05891417
 0.03784153 0.04346074 0.06237106 0.00998331 0.0309364  0.03908349
 0.01689491 0.00275224 0.04504768 0.01103182 0.03422883 0.05375412
 0.03353289 0.00091996 0.00595772 0.00316183 0.00664431 0.00875263
 0.08131626 0.0015456  0.1001507  0.00342067 0.00226468 0.0439494
 0.02182342 0.03115823 0.02134795 0.02923825]
[0.00061715 0.03915801 0.02195057 0.00130366 0.00353136 0.05891417
 0.03784153 0.04346074 0.06237106 0.00998331 0.0309364  0.03908349
 0.01689491 0.00275224 0.04504768 0.01103182 0.03422883 0.05375412
 0.03353289 0.00091996 0.00595772 0.00316183 0.00664431 0.00875263
 0.08131626 0.0015456  0.1001507  0.00342067 0.00226468 0.0439494
 0.02182342 0.03115823 0.02134795 0.02923825]
[0.00074108 0.04552307 0.00976091 0.00038984 0.02382632 0.04389921
 0.03955463 0.01924282 0.03986283 0.00924276 0.07140658 0.09247168
 0.07163012 0.03581408 0.0053466  0.0098436  0.03071504 0.01714415
 0.01158813 0.01362555 0.00916992 0.01388586 0.00475484 0.01871914
 0.1076576  0.03473652 0.00982877 0.03113786 0.0376141  0.0578653
 0.01323155 0.00281791 0.03916343 0.02085784]
[0.00390825 0.01442916 0.00965655 0.00838649 0.06032192 0.01649405
 0.04997232 0.0442586  0.04548301 0.01437909 0.00992589 0.06988484
 0.00121739 0.06383076 0.0471355  0.00281665 0.02231549 0.03308826
 0.04613816 0.0142244  0.00399142 0.01117872 0.00367335 0.01279882
 0.04405325 0.01494169 0.00088755 0.0229501  0.04043754 0.07471744
 0.03096881 0.02767715 0.00843985 0.04441168]
[0.00201063 0.0449459  0.00421737 0.00444098 0.0082899  0.05686428
 0.01620297 0.0658137  0.01548509 0.01192301 0.002835   0.06710423
 0.03967746 0.04910593 0.0024863  0.01557897 0.00532303 0.03785719
 0.04631277 0.01630056 0.01076538 0.0002122  0.00333831 0.01384159
 0.04194688 0.0016679  0.03640023 0.05559315 0.06295425 0.00667206
 0.00348844 0.01379331 0.01872802 0.06970648]
[0.00599336 0.01680374 0.01441364 0.00646166 0.01220567 0.03841719
 0.04127539 0.08484856 0.01032313 0.01974452 0.03559105 0.045356
 0.03291217 0.05593787 0.01235191 0.03065195 0.05070085 0.00532972
 0.05469191 0.01724114 0.00154458 0.01092821 0.00252476 0.00245539
 0.06725194 0.03022154 0.07792871 0.0882155  0.05588711 0.00795403
 0.0122966  0.0009922  0.00136814 0.02330341]
[0.00458542 0.06207746 0.0103685  0.0597631  0.02973572 0.00205506
 0.01141548 0.01797318 0.06213125 0.00637613 0.01327593 0.04468238
 0.0451534  0.02509483 0.03558412 0.02350859 0.06228673 0.04344783
 0.00195215 0.00465898 0.00867925 0.00655724 0.00600746 0.00925882
 0.08295977 0.01139883 0.07474126 0.01756338 0.00265647 0.01670008
 0.07695344 0.0302547  0.0517117  0.02007883]
[0.00609414 0.07216492 0.01873156 0.0085168  0.04718272 0.01154754
 0.01502554 0.04738237 0.03951702 0.00420127 0.04849145 0.06128657
 0.01156961 0.01048472 0.04588328 0.00473538 0.03356493 0.00795477
 0.05031963 0.01066752 0.00063827 0.01122882 0.0017181  0.01339444
 0.04705408 0.03535064 0.08714932 0.02971456 0.01785681 0.03273204
 0.05969401 0.02766262 0.01416052 0.05849337]
[0.00359637 0.00683231 0.01134539 0.06872375 0.05895354 0.00407174
 0.03763109 0.01719091 0.04700802 0.01009534 0.01525988 0.02116452
 0.01342696 0.0267973  0.08379083 0.00323293 0.05602702 0.0309327
 0.05352217 0.00551153 0.01050093 0.00650471 0.00545458 0.01242887
 0.05706166 0.02021752 0.07884133 0.01172542 0.0210746  0.06462685
 0.01116779 0.02840929 0.02485361 0.06816168]
[0.00449412 0.05037334 0.00727494 0.01932737 0.03702988 0.02153299
 0.05952062 0.04381372 0.00237913 0.01439724 0.00106187 0.03714993
 0.02808517 0.0482827  0.02105751 0.01320374 0.03963202 0.0380032
 0.02416848 0.00806614 0.0098128  0.01337184 0.00606164 0.01328699
 0.01337621 0.02832349 0.04816251 0.0343721  0.06012185 0.07443331
 0.05457303 0.01891285 0.00442929 0.03358151]
[0.00168703 0.04640538 0.01908443 0.04745696 0.01151125 0.05168473
 0.00686017 0.05065975 0.03750296 0.00508644 0.01826108 0.04866684
 0.04791535 0.0690067  0.05685017 0.00462226 0.02083529 0.0391883
 0.01202692 0.01198156 0.00846159 0.0125915  0.00281073 0.00644549
 0.02987716 0.00758573 0.0128852  0.02344993 0.00718483 0.05598495
 0.04590631 0.00070412 0.02143879 0.0244645 ]
[0.00168703 0.04640538 0.01908443 0.04745696 0.01151125 0.05168473
 0.00686017 0.05065975 0.03750296 0.00508644 0.01826108 0.04866684
 0.04791535 0.0690067  0.05685017 0.00462226 0.02083529 0.0391883
 0.01202692 0.01198156 0.00846159 0.0125915  0.00281073 0.00644549
 0.02987716 0.00758573 0.0128852  0.02344993 0.00718483 0.05598495
 0.04590631 0.00070412 0.02143879 0.0244645 ]
[0.00168703 0.04640538 0.01908443 0.04745696 0.01151125 0.05168473
 0.00686017 0.05065975 0.03750296 0.00508644 0.01826108 0.04866684
 0.04791535 0.0690067  0.05685017 0.00462226 0.02083529 0.0391883
 0.01202692 0.01198156 0.00846159 0.0125915  0.00281073 0.00644549
 0.02987716 0.00758573 0.0128852  0.02344993 0.00718483 0.05598495
 0.04590631 0.00070412 0.02143879 0.0244645 ]
[0.00555014 0.06350227 0.01865927 0.07266675 0.033496   0.05326561
 0.05411961 0.03227468 0.00114219 0.01200123 0.01040358 0.03711428
 0.02259948 0.05323343 0.02862121 0.01425937 0.02812774 0.0234164
 0.02514245 0.01293969 0.00151853 0.00950598 0.00299574 0.00151287
 0.0196478  0.0450896  0.00568297 0.02643231 0.04405833 0.03415326
 0.07383281 0.00869947 0.04203716 0.01051862]
[0.00555014 0.06350227 0.01865927 0.07266675 0.033496   0.05326561
 0.05411961 0.03227468 0.00114219 0.01200123 0.01040358 0.03711428
 0.02259948 0.05323343 0.02862121 0.01425937 0.02812774 0.0234164
 0.02514245 0.01293969 0.00151853 0.00950598 0.00299574 0.00151287
 0.0196478  0.0450896  0.00568297 0.02643231 0.04405833 0.03415326
 0.07383281 0.00869947 0.04203716 0.01051862]
[0.00459692 0.01527211 0.00083341 0.0765048  0.02618097 0.01016382
 0.01988611 0.01181822 0.04208737 0.01457996 0.04587636 0.05184646
 0.01582563 0.03369698 0.04472298 0.01468943 0.03067858 0.01013503
 0.06105209 0.00019175 0.00334365 0.01378012 0.00589931 0.0062769
 0.01595323 0.02731029 0.03793527 0.01710276 0.04675118 0.01457238
 0.08174899 0.00410041 0.04130204 0.05851623]
[1.42285253e-03 1.69143031e-02 1.37822227e-02 9.52169836e-05
 3.87638033e-02 2.91569213e-02 3.89712712e-02 1.53530556e-02
 3.49964386e-02 1.38316027e-02 3.40980226e-02 2.74708130e-02
 3.91303489e-02 6.02763232e-02 5.96689221e-02 7.17750207e-03
 4.88023816e-02 4.53476667e-02 9.13863947e-02 3.68927323e-03
 2.43421692e-03 1.65964964e-02 2.58522476e-03 1.01607933e-02
 3.62197440e-03 1.99448429e-02 1.50502722e-02 5.24756437e-02
 2.33530167e-02 1.74716049e-02 9.59871990e-02 1.05468016e-02
 1.50900881e-02 1.59781974e-02]
[0.00591168 0.03100599 0.01973222 0.02457711 0.00971319 0.05881432
 0.05063706 0.02076581 0.00542799 0.01246624 0.01397076 0.0618809
 0.02897873 0.07091884 0.03575011 0.00781884 0.04390314 0.01376062
 0.02601695 0.00060808 0.00727986 0.01307872 0.00030253 0.01391773
 0.04051827 0.03894566 0.0138348  0.05503729 0.05249642 0.0127359
 0.05647282 0.0266541  0.03071915 0.04193821]
