[5.46774893e-03 2.41618853e-02 1.81609312e-02 7.37086381e-02
 3.74965309e-03 6.94377483e-02 1.95178620e-02 3.05068664e-03
 2.38337069e-03 4.88569676e-03 1.52963921e-02 4.49288774e-03
 2.74286828e-02 4.72436680e-02 3.83746601e-02 1.82412179e-02
 4.93916978e-02 4.65123652e-02 5.76972721e-02 2.09561641e-02
 3.05110583e-04 1.37988665e-02 3.55126606e-03 1.22513368e-02
 2.18836483e-03 2.95725221e-02 8.28963086e-03 6.73617418e-02
 5.88227743e-02 3.24668132e-02 8.69678830e-05 3.83086712e-03
 4.00026498e-02 7.01961074e-02]
[0.00266213 0.07065693 0.01322825 0.09084671 0.01570783 0.01446231
 0.03068904 0.01520932 0.02185684 0.00756847 0.03599945 0.01799193
 0.01110861 0.05758856 0.0247855  0.01421127 0.00961686 0.00410036
 0.02896193 0.0056411  0.00391524 0.0158788  0.00448739 0.00528415
 0.00953523 0.02084952 0.01308256 0.00291351 0.06525188 0.06619271
 0.03477641 0.01899305 0.03781877 0.04057335]
[0.00266213 0.07065693 0.01322825 0.09084671 0.01570783 0.01446231
 0.03068904 0.01520932 0.02185684 0.00756847 0.03599945 0.01799193
 0.01110861 0.05758856 0.0247855  0.01421127 0.00961686 0.00410036
 0.02896193 0.0056411  0.00391524 0.0158788  0.00448739 0.00528415
 0.00953523 0.02084952 0.01308256 0.00291351 0.06525188 0.06619271
 0.03477641 0.01899305 0.03781877 0.04057335]
[0.00107062 0.07120674 0.0157461  0.01229523 0.0017221  0.03720944
 0.00853191 0.00141359 0.03541145 0.00414482 0.0446356  0.00418374
 0.01977116 0.06828656 0.05156322 0.00027214 0.03906993 0.01760665
 0.05189571 0.01126276 0.00125895 0.00143533 0.00018276 0.00485547
 0.04783758 0.02773536 0.00577094 0.04054992 0.07139973 0.02617646
 0.04238478 0.01039968 0.03478747 0.04910746]
[1.13974239e-07 3.91748003e-02 1.84263866e-02 4.17782058e-02
 4.95598235e-02 1.14585872e-03 5.10171273e-03 1.53707077e-02
 2.95894447e-02 3.01812426e-03 1.75069485e-02 3.12123109e-02
 2.61064061e-02 7.93897412e-02 6.43068304e-02 1.44701571e-02
 4.12370375e-02 1.61616096e-02 3.54386013e-02 1.69678992e-02
 1.57166103e-04 1.80414759e-03 2.37228236e-03 1.23258080e-02
 3.19140127e-02 1.77224323e-02 2.08833251e-02 4.00597391e-02
 5.22308315e-02 3.42274936e-02 3.25274228e-03 4.01352101e-03
 3.10672268e-02 9.98414604e-03]
[0.00557158 0.0465341  0.01701174 0.0272988  0.00084287 0.04024072
 0.02910146 0.00092889 0.03715245 0.00605767 0.04765346 0.01611762
 0.0257127  0.06995869 0.02985735 0.01256272 0.01849826 0.02555449
 0.03357932 0.0016018  0.00668504 0.00031469 0.0047449  0.01138351
 0.0349523  0.04813096 0.00447396 0.05248352 0.02640573 0.03847056
 0.01033212 0.01775072 0.0282102  0.00892812]
[0.00021005 0.05881189 0.0161652  0.0449653  0.00098298 0.00234259
 0.02395456 0.0313795  0.05937175 0.00519256 0.05947593 0.03216597
 0.03016947 0.01959139 0.05741022 0.02241923 0.0465278  0.03340995
 0.02108594 0.00092437 0.00451851 0.01067043 0.00466079 0.0079929
 0.06156894 0.0369698  0.05212865 0.02487388 0.02644888 0.03859996
 0.04263595 0.00632556 0.01309196 0.00165069]
[0.00658098 0.07904358 0.00976615 0.05789738 0.01066168 0.00531596
 0.04361468 0.05710941 0.03945002 0.00744332 0.07205225 0.01221458
 0.01205912 0.05658596 0.00436413 0.01766226 0.04382126 0.02602718
 0.03493828 0.01062631 0.01127175 0.00045891 0.00517815 0.01169052
 0.02532668 0.02751864 0.01404134 0.0478993  0.04938264 0.04042106
 0.02776278 0.02415418 0.00373117 0.05156764]
[0.00658098 0.07904358 0.00976615 0.05789738 0.01066168 0.00531596
 0.04361468 0.05710941 0.03945002 0.00744332 0.07205225 0.01221458
 0.01205912 0.05658596 0.00436413 0.01766226 0.04382126 0.02602718
 0.03493828 0.01062631 0.01127175 0.00045891 0.00517815 0.01169052
 0.02532668 0.02751864 0.01404134 0.0478993  0.04938264 0.04042106
 0.02776278 0.02415418 0.00373117 0.05156764]
[0.00016089 0.04131513 0.00508411 0.06370277 0.02978918 0.0157222
 0.02818026 0.04273007 0.01551196 0.0086867  0.04247148 0.03778658
 0.0006661  0.04785744 0.04156257 0.00736006 0.02542512 0.00478121
 0.05154372 0.0062956  0.00706529 0.0010922  0.00140386 0.01017892
 0.04388854 0.01705765 0.01155029 0.05707589 0.00621932 0.05577647
 0.0192906  0.00377648 0.00973729 0.04730297]
[0.00016089 0.04131513 0.00508411 0.06370277 0.02978918 0.0157222
 0.02818026 0.04273007 0.01551196 0.0086867  0.04247148 0.03778658
 0.0006661  0.04785744 0.04156257 0.00736006 0.02542512 0.00478121
 0.05154372 0.0062956  0.00706529 0.0010922  0.00140386 0.01017892
 0.04388854 0.01705765 0.01155029 0.05707589 0.00621932 0.05577647
 0.0192906  0.00377648 0.00973729 0.04730297]
[0.00688941 0.04331462 0.00384964 0.03938805 0.01400492 0.02439911
 0.04663136 0.00282488 0.03041574 0.0062677  0.01047913 0.04239948
 0.00832716 0.07544823 0.00598529 0.02122319 0.02408865 0.04433288
 0.06469056 0.0233894  0.00883168 0.0132979  0.00260458 0.00424206
 0.05647251 0.05824449 0.05875822 0.072798   0.00965037 0.04798532
 0.00245051 0.01416157 0.0155803  0.02862243]
[7.42461132e-03 7.71376522e-02 1.33528660e-03 6.65696546e-02
 3.04196770e-02 6.17685754e-02 1.75179677e-02 3.56360741e-02
 2.62190389e-02 4.52983619e-03 1.87709402e-03 2.80924264e-02
 5.03755291e-02 9.79132451e-02 2.62833920e-02 1.82548190e-02
 2.76682836e-03 2.65901036e-02 7.31616022e-02 2.31657862e-03
 8.91994278e-04 6.86235614e-06 3.04565195e-03 1.01382820e-02
 1.47006400e-02 7.15181248e-03 9.52725673e-03 4.58719565e-02
 5.85220238e-02 7.66795165e-02 2.49434144e-02 1.84962581e-02
 3.01013369e-02 1.97478070e-02]
[0.00010021 0.09255417 0.00537076 0.01372177 0.03987179 0.05249773
 0.02159871 0.05480857 0.01763397 0.01178597 0.04237424 0.06474588
 0.01841772 0.06613648 0.03277302 0.02204483 0.05148117 0.02048402
 0.02533971 0.01978232 0.00128253 0.00952118 0.00484333 0.00074554
 0.03107017 0.01533747 0.01530798 0.07285154 0.0443243  0.00536897
 0.03452211 0.01467744 0.02342143 0.04362129]
[0.00287933 0.059096   0.00820935 0.03574583 0.00413161 0.02190193
 0.04386067 0.04711584 0.04074071 0.00851048 0.06054333 0.03038721
 0.00921191 0.07746416 0.06066623 0.01703655 0.04273553 0.03106759
 0.05583083 0.00629095 0.00977955 0.00109194 0.00171794 0.01128893
 0.00788307 0.02700837 0.01708107 0.06076757 0.03993102 0.03324773
 0.01128249 0.02471603 0.01066498 0.01153037]
[0.0036109  0.0200032  0.01679907 0.04923264 0.01754731 0.00113115
 0.00447488 0.0562487  0.04732275 0.00108636 0.03321687 0.04033065
 0.04374033 0.05682064 0.02256142 0.01461718 0.01957707 0.03649636
 0.04632595 0.00351109 0.0043906  0.0027355  0.00046445 0.00207773
 0.03306949 0.04923209 0.01067144 0.04391126 0.04020389 0.04578618
 0.02273001 0.01579372 0.01465688 0.02991024]
[0.003998   0.03985315 0.00015365 0.05435522 0.04143215 0.04949159
 0.04190782 0.01211613 0.0046009  0.00443726 0.00639622 0.00279779
 0.0321003  0.04646487 0.06243708 0.01353227 0.03974553 0.04435169
 0.02641788 0.00015695 0.01337851 0.0006673  0.00564591 0.01398933
 0.06430181 0.03227195 0.05904412 0.07956997 0.00459727 0.07283439
 0.00402407 0.01748101 0.00266988 0.01121405]
[0.00460981 0.04687384 0.00805584 0.02038517 0.04132854 0.04405222
 0.05185527 0.02683131 0.03976313 0.00153828 0.04067214 0.04247362
 0.0581848  0.01722847 0.01792626 0.01263895 0.04237578 0.03470888
 0.05608674 0.01504966 0.00080658 0.0108038  0.00035498 0.00762188
 0.04623687 0.03121196 0.04472895 0.00426775 0.02193422 0.02820106
 0.02558101 0.01973832 0.00182732 0.03559543]
[0.00460981 0.04687384 0.00805584 0.02038517 0.04132854 0.04405222
 0.05185527 0.02683131 0.03976313 0.00153828 0.04067214 0.04247362
 0.0581848  0.01722847 0.01792626 0.01263895 0.04237578 0.03470888
 0.05608674 0.01504966 0.00080658 0.0108038  0.00035498 0.00762188
 0.04623687 0.03121196 0.04472895 0.00426775 0.02193422 0.02820106
 0.02558101 0.01973832 0.00182732 0.03559543]
[7.47214981e-03 5.99893678e-02 1.06200125e-02 6.78796751e-02
 3.09390226e-02 3.45301948e-02 7.92529209e-02 2.96484862e-03
 3.60710410e-02 3.39940333e-05 3.22248668e-02 3.75459529e-02
 1.82000309e-02 5.04970469e-02 6.12698252e-02 7.33740690e-04
 1.29456220e-02 4.10126127e-03 3.94546397e-02 1.73270999e-02
 1.06815676e-02 4.28455672e-04 3.79541098e-03 4.21366636e-03
 8.36868930e-02 5.85982805e-02 2.57808265e-02 1.00133009e-02
 4.66408471e-02 2.73581954e-03 2.54677423e-04 1.49151289e-02
 2.61827726e-02 2.88162990e-02]
