[0.00273373 0.04744711 0.00889398 0.04641919 0.03238632 0.02090956
 0.04334115 0.03821913 0.04225926 0.00674503 0.0205163  0.02436401
 0.03682911 0.03756662 0.04765995 0.01432226 0.00707767 0.01176252
 0.05947665 0.00754901 0.00719208 0.01022521 0.00425016 0.00943784
 0.02030184 0.03533603 0.04989909 0.01432687 0.04756766 0.04739206
 0.0120999  0.01729782 0.03121338 0.02003757]
[0.00058411 0.00769794 0.00245141 0.04817265 0.04197597 0.06143283
 0.04710357 0.02465911 0.03731089 0.0047754  0.02518267 0.0093381
 0.07389277 0.04633891 0.05192751 0.00881215 0.01134579 0.00572337
 0.02432317 0.01855026 0.00997883 0.00870474 0.00633683 0.00562763
 0.03367658 0.0190488  0.03541637 0.04010617 0.07977196 0.05611433
 0.02455162 0.02591328 0.02962788 0.00613596]
[0.00372796 0.03367602 0.01002281 0.06887502 0.0083761  0.03221398
 0.04363075 0.02284778 0.05549327 0.00919043 0.02212752 0.04287742
 0.06380811 0.06610885 0.00811344 0.02097662 0.0183092  0.01828368
 0.00999406 0.0075151  0.0094482  0.01111164 0.00063481 0.00436972
 0.03348576 0.03796311 0.02461622 0.04338115 0.02986423 0.0532079
 0.05621902 0.0208969  0.01570286 0.04291569]
[0.00372796 0.03367602 0.01002281 0.06887502 0.0083761  0.03221398
 0.04363075 0.02284778 0.05549327 0.00919043 0.02212752 0.04287742
 0.06380811 0.06610885 0.00811344 0.02097662 0.0183092  0.01828368
 0.00999406 0.0075151  0.0094482  0.01111164 0.00063481 0.00436972
 0.03348576 0.03796311 0.02461622 0.04338115 0.02986423 0.0532079
 0.05621902 0.0208969  0.01570286 0.04291569]
[0.00537733 0.03534447 0.01808281 0.01502286 0.02300218 0.05891342
 0.07164913 0.01171381 0.03830508 0.00090485 0.03537755 0.03021973
 0.04835587 0.053306   0.02144411 0.00190896 0.00902881 0.02408926
 0.01900605 0.01890258 0.00910528 0.0096128  0.00289377 0.01475167
 0.02346094 0.03245247 0.01848116 0.06706184 0.00305533 0.0620334
 0.00627923 0.02415221 0.034508   0.06630756]
[0.00537733 0.03534447 0.01808281 0.01502286 0.02300218 0.05891342
 0.07164913 0.01171381 0.03830508 0.00090485 0.03537755 0.03021973
 0.04835587 0.053306   0.02144411 0.00190896 0.00902881 0.02408926
 0.01900605 0.01890258 0.00910528 0.0096128  0.00289377 0.01475167
 0.02346094 0.03245247 0.01848116 0.06706184 0.00305533 0.0620334
 0.00627923 0.02415221 0.034508   0.06630756]
[0.00679296 0.06363241 0.00891435 0.05272639 0.02526672 0.02656106
 0.03169139 0.03772051 0.00747371 0.00709329 0.05747535 0.07048225
 0.06428313 0.00927027 0.05834027 0.0255759  0.01818356 0.04310797
 0.01872534 0.0163745  0.0115381  0.00891603 0.00564727 0.01256016
 0.0089001  0.06034178 0.05302075 0.02061877 0.00560157 0.03225832
 0.02255693 0.0128497  0.02970437 0.05055294]
[0.00341679 0.0520245  0.01779509 0.03405739 0.01386223 0.01411161
 0.01055854 0.03177591 0.04028326 0.01073338 0.07098344 0.00620681
 0.03625057 0.06640348 0.05886037 0.00474444 0.03704953 0.05144254
 0.06601054 0.00757571 0.00623003 0.00202963 0.0074605  0.01018793
 0.028485   0.0732959  0.06946399 0.01843637 0.02711614 0.01525783
 0.00483242 0.02472345 0.0212024  0.05318546]
[0.00412725 0.01723743 0.01848425 0.03785454 0.03120956 0.01199383
 0.06251398 0.08071158 0.00600051 0.00335798 0.10783787 0.0146515
 0.01840588 0.00224781 0.07371549 0.01676799 0.01323894 0.00313394
 0.00980526 0.01428523 0.00984448 0.01222436 0.00180474 0.00717492
 0.01889036 0.08355309 0.08244001 0.02833389 0.02069678 0.05497381
 0.02834797 0.00824401 0.0221256  0.06981853]
[0.00013679 0.00949883 0.00064835 0.0461927  0.02632766 0.01962794
 0.07659001 0.07205949 0.04449116 0.00256801 0.07427578 0.01020497
 0.01898947 0.02406129 0.03458072 0.01253731 0.00030912 0.04265348
 0.04008391 0.00694395 0.00243944 0.00017558 0.00364465 0.01375682
 0.04346546 0.09985914 0.01628085 0.03134889 0.01152679 0.0476614
 0.03922004 0.02490656 0.03089195 0.0714595 ]
[0.00013679 0.00949883 0.00064835 0.0461927  0.02632766 0.01962794
 0.07659001 0.07205949 0.04449116 0.00256801 0.07427578 0.01020497
 0.01898947 0.02406129 0.03458072 0.01253731 0.00030912 0.04265348
 0.04008391 0.00694395 0.00243944 0.00017558 0.00364465 0.01375682
 0.04346546 0.09985914 0.01628085 0.03134889 0.01152679 0.0476614
 0.03922004 0.02490656 0.03089195 0.0714595 ]
[0.00013679 0.00949883 0.00064835 0.0461927  0.02632766 0.01962794
 0.07659001 0.07205949 0.04449116 0.00256801 0.07427578 0.01020497
 0.01898947 0.02406129 0.03458072 0.01253731 0.00030912 0.04265348
 0.04008391 0.00694395 0.00243944 0.00017558 0.00364465 0.01375682
 0.04346546 0.09985914 0.01628085 0.03134889 0.01152679 0.0476614
 0.03922004 0.02490656 0.03089195 0.0714595 ]
[0.00503751 0.0098974  0.01983896 0.06403996 0.04420134 0.03551805
 0.07320742 0.05584542 0.05571889 0.01371102 0.00798945 0.05072332
 0.01710368 0.01552606 0.03161175 0.01608774 0.05077282 0.02054228
 0.00207493 0.01164548 0.00596445 0.00546287 0.00632743 0.00879176
 0.04080242 0.00573897 0.03736829 0.06576242 0.03437366 0.07372131
 0.04794273 0.02053608 0.01571369 0.03003145]
[0.00652813 0.00811193 0.00935143 0.07242376 0.05100616 0.02143678
 0.01008681 0.06021319 0.00724176 0.01214921 0.05055169 0.05886918
 0.00568221 0.05618236 0.00481802 0.00665243 0.04316139 0.03323175
 0.01607742 0.00522448 0.00489233 0.00978943 0.0052509  0.00238444
 0.01253852 0.05394605 0.07168003 0.03246684 0.03745131 0.01521805
 0.03265399 0.0243553  0.03722755 0.01349822]
[0.00652813 0.00811193 0.00935143 0.07242376 0.05100616 0.02143678
 0.01008681 0.06021319 0.00724176 0.01214921 0.05055169 0.05886918
 0.00568221 0.05618236 0.00481802 0.00665243 0.04316139 0.03323175
 0.01607742 0.00522448 0.00489233 0.00978943 0.0052509  0.00238444
 0.01253852 0.05394605 0.07168003 0.03246684 0.03745131 0.01521805
 0.03265399 0.0243553  0.03722755 0.01349822]
[0.00298456 0.05227976 0.01078313 0.00443872 0.05309624 0.04962752
 0.02248731 0.08528672 0.01951822 0.00795502 0.03571832 0.03878726
 0.0245686  0.01434312 0.0093193  0.01601948 0.00618122 0.01688288
 0.05008012 0.01076631 0.00389473 0.00766584 0.00253181 0.00740099
 0.04128646 0.02244885 0.05856598 0.02699634 0.04325485 0.05153569
 0.05659782 0.00697912 0.02562346 0.01402377]
[0.00298456 0.05227976 0.01078313 0.00443872 0.05309624 0.04962752
 0.02248731 0.08528672 0.01951822 0.00795502 0.03571832 0.03878726
 0.0245686  0.01434312 0.0093193  0.01601948 0.00618122 0.01688288
 0.05008012 0.01076631 0.00389473 0.00766584 0.00253181 0.00740099
 0.04128646 0.02244885 0.05856598 0.02699634 0.04325485 0.05153569
 0.05659782 0.00697912 0.02562346 0.01402377]
[0.00182957 0.04445126 0.01591918 0.01516386 0.06279623 0.04926462
 0.04396074 0.03686166 0.03012634 0.00924392 0.04951908 0.06407923
 0.03423649 0.0467651  0.01145611 0.00982793 0.02400874 0.04798268
 0.01403539 0.01672544 0.01213795 0.01366663 0.00284865 0.00492029
 0.06531834 0.00819792 0.00923791 0.05268715 0.04686969 0.02029663
 0.00426923 0.01896593 0.01250952 0.06271904]
[0.00369912 0.04989796 0.01342533 0.04972408 0.05158074 0.0618398
 0.05685136 0.06021832 0.02231373 0.00927899 0.05111823 0.03998945
 0.03313874 0.0320734  0.01722773 0.01026048 0.01205416 0.01779176
 0.04122725 0.0046577  0.00918576 0.0016096  0.00463354 0.00797833
 0.06030748 0.02696422 0.03942591 0.03160041 0.01834004 0.04826988
 0.02934617 0.02059856 0.00855424 0.01791519]
[0.0052629  0.05639209 0.02029373 0.01251234 0.04055501 0.06716277
 0.00947748 0.07523003 0.06693626 0.01084653 0.0849691  0.04489892
 0.01402771 0.04343436 0.00195699 0.01071898 0.02100556 0.02927662
 0.08645747 0.01664228 0.01221553 0.00692638 0.00698898 0.00342559
 0.00953226 0.07073642 0.00938723 0.03576082 0.04622285 0.01349582
 0.01331003 0.00059411 0.01859173 0.02947181]
