[0.00383874 0.01392588 0.00570041 0.03655739 0.01662163 0.08201911
 0.00464586 0.06848593 0.00745107 0.00561966 0.01231612 0.02666387
 0.06331491 0.06192308 0.02311087 0.02620747 0.02511509 0.02867699
 0.03746467 0.00191196 0.00288826 0.00742569 0.00339823 0.00836695
 0.00300634 0.04437467 0.06360066 0.06863274 0.0396153  0.06292758
 0.01960338 0.02352139 0.03621846 0.05813056]
[0.00284534 0.03106231 0.00575655 0.00860593 0.02277372 0.04893482
 0.05556826 0.00187585 0.0072793  0.00371926 0.03513243 0.03423658
 0.04405207 0.04237806 0.0513891  0.01027539 0.03754259 0.00762507
 0.05253203 0.01294564 0.00655994 0.008168   0.00669496 0.00963711
 0.05142224 0.01652459 0.0118315  0.03374319 0.01252625 0.01930502
 0.05377419 0.02482085 0.03117116 0.08190087]
[0.00284534 0.03106231 0.00575655 0.00860593 0.02277372 0.04893482
 0.05556826 0.00187585 0.0072793  0.00371926 0.03513243 0.03423658
 0.04405207 0.04237806 0.0513891  0.01027539 0.03754259 0.00762507
 0.05253203 0.01294564 0.00655994 0.008168   0.00669496 0.00963711
 0.05142224 0.01652459 0.0118315  0.03374319 0.01252625 0.01930502
 0.05377419 0.02482085 0.03117116 0.08190087]
[0.00139776 0.0415794  0.01356286 0.0052823  0.0249824  0.0620398
 0.01742715 0.00317517 0.01780595 0.00992472 0.00731984 0.07750135
 0.00446371 0.01845656 0.05292249 0.02077443 0.03273523 0.05518335
 0.0570817  0.00613565 0.00739807 0.00287788 0.00274884 0.00164982
 0.07347762 0.04694809 0.0465815  0.05573585 0.06493292 0.00634936
 0.01016575 0.00140247 0.01655043 0.04943724]
[0.00192303 0.07696852 0.01408    0.04112074 0.01854072 0.01282819
 0.02152601 0.03223127 0.02007928 0.01808904 0.04486856 0.06937325
 0.05823775 0.03422146 0.04935125 0.02445353 0.00230487 0.03806568
 0.02579941 0.02141227 0.01073039 0.00465392 0.0064301  0.00853755
 0.02953934 0.04315124 0.00504683 0.06468695 0.00524877 0.00583938
 0.05213984 0.02179694 0.00955454 0.04757518]
[0.00014579 0.01038412 0.01251119 0.02952741 0.0466246  0.06043179
 0.02662929 0.01268973 0.03633957 0.00083539 0.04094437 0.09679446
 0.00125747 0.06956299 0.01111458 0.00066759 0.0173731  0.00141254
 0.01507177 0.00894193 0.00180024 0.00396003 0.00584139 0.00396204
 0.04879346 0.05986973 0.0480458  0.06855506 0.01052022 0.03213981
 0.03896221 0.03203627 0.02483993 0.07816543]
[0.00364458 0.02653172 0.01229826 0.00888357 0.00993156 0.02837696
 0.03749593 0.02830227 0.04900313 0.00032618 0.01905415 0.04707043
 0.02165674 0.08400367 0.03348035 0.01368723 0.04105096 0.02195098
 0.03217998 0.00283331 0.01080034 0.00781647 0.00283048 0.00245544
 0.06537919 0.05307793 0.02046582 0.0709422  0.01773327 0.03848495
 0.06781616 0.00585263 0.03969226 0.06845441]
[0.00755314 0.01575042 0.01864217 0.01336693 0.00359198 0.03658548
 0.03894309 0.05634117 0.0007237  0.00724171 0.00440238 0.0794642
 0.01397815 0.1008858  0.00089628 0.02537427 0.01166194 0.00726362
 0.03953828 0.00029468 0.00965287 0.00879603 0.00066732 0.01735828
 0.0108665  0.04940969 0.05287206 0.00075667 0.07775654 0.04136149
 0.09095975 0.01719162 0.01983483 0.11868665]
[0.00131504 0.04519455 0.01616327 0.02681323 0.01972363 0.03233848
 0.0521558  0.04563299 0.01816945 0.00846049 0.03347127 0.05102035
 0.01240053 0.00472684 0.00961096 0.01460923 0.03446212 0.02247918
 0.04406603 0.01327335 0.00893312 0.00170723 0.00080997 0.01008808
 0.03659683 0.06295448 0.04116124 0.03634842 0.03163797 0.01331344
 0.0675946  0.0147061  0.02128459 0.05181767]
[0.00131504 0.04519455 0.01616327 0.02681323 0.01972363 0.03233848
 0.0521558  0.04563299 0.01816945 0.00846049 0.03347127 0.05102035
 0.01240053 0.00472684 0.00961096 0.01460923 0.03446212 0.02247918
 0.04406603 0.01327335 0.00893312 0.00170723 0.00080997 0.01008808
 0.03659683 0.06295448 0.04116124 0.03634842 0.03163797 0.01331344
 0.0675946  0.0147061  0.02128459 0.05181767]
[0.00025605 0.02611903 0.02044369 0.07566881 0.01615187 0.0665301
 0.00479112 0.01911078 0.03528154 0.00686036 0.08446648 0.05950864
 0.00894446 0.06185745 0.00131117 0.01961965 0.00365219 0.01207738
 0.07472045 0.01249912 0.00752989 0.00587416 0.00070792 0.01709227
 0.05799739 0.01954351 0.02251661 0.00090877 0.01532693 0.03824542
 0.08061143 0.0062981  0.04394078 0.01379414]
[0.00464594 0.04056405 0.00819921 0.07946934 0.02613445 0.00689501
 0.02878123 0.03366581 0.02884591 0.01590636 0.07912172 0.06626156
 0.0234889  0.03258862 0.01703433 0.00307231 0.04963798 0.0393303
 0.02586028 0.00372582 0.00512338 0.01008119 0.00070627 0.0013051
 0.00450047 0.03388152 0.06366419 0.01325295 0.06290369 0.01437057
 0.05817634 0.02063586 0.03607865 0.04079514]
[0.00568055 0.08071965 0.022453   0.05673172 0.0301136  0.00853288
 0.04016043 0.04632243 0.04230936 0.00624267 0.00335581 0.10126438
 0.00143377 0.07940546 0.02454441 0.00868434 0.04791652 0.02317462
 0.03400724 0.01257983 0.00286813 0.00347605 0.00327903 0.01568225
 0.05152654 0.0002291  0.02910605 0.01152732 0.03861135 0.01344883
 0.00584306 0.02500895 0.00170251 0.01456589]
[0.00476077 0.02916584 0.00381193 0.01157255 0.01234732 0.04626047
 0.02839792 0.0227965  0.03449947 0.01210202 0.02556018 0.07423251
 0.02289319 0.04288925 0.04052078 0.01380903 0.00809328 0.0341812
 0.05072965 0.00740289 0.00125219 0.01089647 0.00555004 0.004374
 0.0788527  0.0492752  0.06157703 0.05437948 0.04808966 0.05323417
 0.02317836 0.01535755 0.02890397 0.0097693 ]
[0.00111409 0.01191957 0.01364811 0.04308917 0.00980598 0.02892656
 0.05972936 0.00269331 0.04106547 0.00341654 0.02192784 0.0596341
 0.04878469 0.00730572 0.02998475 0.01413668 0.01427049 0.02072242
 0.06852629 0.00321004 0.00471722 0.00346723 0.00013229 0.01024176
 0.00383389 0.0096108  0.04632046 0.06277826 0.06225792 0.06133365
 0.00911501 0.0165242  0.02396093 0.04710662]
[0.00111409 0.01191957 0.01364811 0.04308917 0.00980598 0.02892656
 0.05972936 0.00269331 0.04106547 0.00341654 0.02192784 0.0596341
 0.04878469 0.00730572 0.02998475 0.01413668 0.01427049 0.02072242
 0.06852629 0.00321004 0.00471722 0.00346723 0.00013229 0.01024176
 0.00383389 0.0096108  0.04632046 0.06277826 0.06225792 0.06133365
 0.00911501 0.0165242  0.02396093 0.04710662]
[0.0032898  0.02151956 0.01066646 0.04634441 0.03746138 0.06211922
 0.01101575 0.05550383 0.05056123 0.0017684  0.03748106 0.08523803
 0.04457456 0.00955241 0.01902306 0.0086231  0.00293073 0.00282446
 0.0319627  0.00698152 0.00046244 0.01326933 0.0053705  0.01412495
 0.03184037 0.01662153 0.0481098  0.03071058 0.07255085 0.01563808
 0.05598635 0.02365246 0.03217987 0.05572826]
[0.00183938 0.00785521 0.02079435 0.0004837  0.0587433  0.07809996
 0.04691129 0.02226307 0.05731752 0.00636846 0.02629178 0.088889
 0.01518657 0.05030772 0.03480534 0.01780175 0.00053889 0.04337053
 0.06618438 0.00447644 0.00897232 0.00082319 0.00376526 0.00339839
 0.05941122 0.01979202 0.00922265 0.00527522 0.00641231 0.05950523
 0.07993741 0.00853277 0.01838613 0.06152571]
[0.00294958 0.05957552 0.01458717 0.03941984 0.05812238 0.016556
 0.04505838 0.02758045 0.00509204 0.0106998  0.00417505 0.05919386
 0.04027868 0.02057134 0.04934969 0.02204811 0.02291185 0.0051701
 0.02921527 0.00451532 0.01152509 0.01529345 0.00028248 0.01652287
 0.04467735 0.07462601 0.05009804 0.04432243 0.00694328 0.03990909
 0.07123315 0.02117761 0.03266188 0.0294131 ]
[0.00059624 0.04435275 0.01796549 0.05635255 0.03435699 0.04298041
 0.04773023 0.04589367 0.03970062 0.00489286 0.02503079 0.05439406
 0.02936795 0.0469709  0.04401624 0.01785744 0.04452318 0.0053563
 0.0397865  0.00748957 0.01114467 0.00694471 0.00508763 0.00086034
 0.01275218 0.04178787 0.0493609  0.01460289 0.00686906 0.05545817
 0.07097365 0.00393051 0.02688989 0.01563921]
