[0.00162147 0.00327718 0.0196591  0.06588254 0.02235229 0.01635254
 0.03298293 0.02978214 0.02168255 0.00199698 0.0412194  0.04138179
 0.05735531 0.03044327 0.0680298  0.01187964 0.03117473 0.04206828
 0.02702104 0.00412993 0.00642624 0.00670232 0.00037853 0.00991837
 0.04464063 0.03429616 0.02610344 0.06021953 0.03925535 0.01508008
 0.05651391 0.0296753  0.0212199  0.00902167]
[0.00269775 0.00227597 0.01389737 0.05443615 0.00506974 0.03929568
 0.06922827 0.02948967 0.05709064 0.00071541 0.0130342  0.08224667
 0.03379517 0.06380487 0.00852021 0.00408295 0.02480945 0.01680313
 0.03179167 0.01100508 0.0053306  0.01500957 0.00590044 0.00879873
 0.02940267 0.02677933 0.07271683 0.00354557 0.06914284 0.04493955
 0.05196495 0.02174925 0.01004541 0.01769486]
[0.00100966 0.02903791 0.00746808 0.00973756 0.03748927 0.02336411
 0.0752909  0.06128798 0.05478052 0.00480138 0.05509666 0.07395667
 0.02930489 0.07024895 0.0506911  0.00081063 0.0195805  0.04046258
 0.03397831 0.00853005 0.00185617 0.00545334 0.00035563 0.01498305
 0.0474223  0.02639164 0.01219694 0.01019993 0.07323639 0.00168861
 0.0093608  0.013291   0.02006481 0.06788692]
[0.00230498 0.01541541 0.0006516  0.00807257 0.0158298  0.0480818
 0.05118129 0.06809076 0.05540366 0.00222348 0.03723099 0.01862046
 0.00819058 0.02912644 0.01750504 0.02326506 0.02227938 0.04303384
 0.02950955 0.01446527 0.00620842 0.00374696 0.00488257 0.00908542
 0.02706079 0.05167358 0.04457199 0.00493917 0.0404889  0.02948902
 0.04852543 0.01044737 0.01081959 0.07098083]
[7.28003466e-03 2.91786970e-02 4.43428478e-03 3.62040631e-03
 9.45482599e-03 7.08873993e-02 3.82825491e-02 4.88009803e-02
 4.97953879e-02 3.77129636e-03 1.26964942e-02 4.87457702e-02
 1.20187646e-02 9.52438383e-03 3.08981256e-02 3.13581174e-03
 2.60205579e-02 3.58227858e-02 1.45737070e-02 6.95575745e-03
 7.56602729e-05 5.89973845e-03 6.14806116e-04 1.55630994e-02
 3.80887772e-02 8.00312743e-02 5.18884829e-02 5.35669099e-02
 6.94400620e-02 3.66857896e-02 2.62303814e-02 1.54303535e-02
 1.06416718e-02 9.37218375e-02]
[0.00343999 0.01452689 0.00817878 0.03550874 0.04657666 0.08596759
 0.00317438 0.00914906 0.00230445 0.01087894 0.00442699 0.02996517
 0.01033863 0.03767634 0.00480768 0.01355163 0.04876969 0.02280923
 0.06136784 0.01114439 0.01236381 0.00752331 0.00367497 0.01235839
 0.00618205 0.06044569 0.04093531 0.01925982 0.03667764 0.07470694
 0.00086446 0.02334077 0.01173532 0.04551212]
[0.00388073 0.04432105 0.01081039 0.00357464 0.04344634 0.00632134
 0.01590708 0.04313263 0.03174144 0.00615668 0.02210138 0.04936295
 0.00784334 0.01605127 0.01148594 0.0213385  0.02807268 0.02149109
 0.02295438 0.01157563 0.00384078 0.0123849  0.00146514 0.00557255
 0.03961201 0.015099   0.02601509 0.02587192 0.00190756 0.03227286
 0.04274715 0.01096259 0.01150068 0.04385412]
[0.00388073 0.04432105 0.01081039 0.00357464 0.04344634 0.00632134
 0.01590708 0.04313263 0.03174144 0.00615668 0.02210138 0.04936295
 0.00784334 0.01605127 0.01148594 0.0213385  0.02807268 0.02149109
 0.02295438 0.01157563 0.00384078 0.0123849  0.00146514 0.00557255
 0.03961201 0.015099   0.02601509 0.02587192 0.00190756 0.03227286
 0.04274715 0.01096259 0.01150068 0.04385412]
[0.00689517 0.02770093 0.00457037 0.00510393 0.0151109  0.04572448
 0.01878345 0.03900972 0.03166901 0.01514551 0.04862739 0.06134653
 0.03506841 0.04251267 0.02634553 0.00635729 0.0314973  0.02059773
 0.03235091 0.00117155 0.01025765 0.01279432 0.00440593 0.00945541
 0.01220956 0.06098503 0.03043485 0.00269757 0.02137088 0.02470261
 0.06812165 0.00140087 0.01024981 0.00629881]
[0.00689517 0.02770093 0.00457037 0.00510393 0.0151109  0.04572448
 0.01878345 0.03900972 0.03166901 0.01514551 0.04862739 0.06134653
 0.03506841 0.04251267 0.02634553 0.00635729 0.0314973  0.02059773
 0.03235091 0.00117155 0.01025765 0.01279432 0.00440593 0.00945541
 0.01220956 0.06098503 0.03043485 0.00269757 0.02137088 0.02470261
 0.06812165 0.00140087 0.01024981 0.00629881]
[0.00395774 0.03902414 0.01536678 0.03444146 0.06895541 0.00459986
 0.01993845 0.01837113 0.03857008 0.01486821 0.06381727 0.01581323
 0.05047664 0.05509017 0.00894439 0.02659622 0.04040273 0.01140314
 0.0620213  0.00268158 0.00046095 0.01665193 0.00193387 0.01224487
 0.0644458  0.01840485 0.02126101 0.01589946 0.03215869 0.07473465
 0.02288556 0.01916782 0.04485347 0.02770621]
[0.00646136 0.05811969 0.00732874 0.01583194 0.04199083 0.01172779
 0.01294593 0.00350796 0.00010846 0.01385055 0.03421907 0.05818724
 0.05011809 0.01268641 0.01154634 0.00343615 0.04978113 0.02125773
 0.08001479 0.00753869 0.00820434 0.00115459 0.0028611  0.0150658
 0.02747974 0.06279055 0.030452   0.02234887 0.00919968 0.07547954
 0.00654255 0.00628542 0.00547937 0.03873843]
[0.00796896 0.09222305 0.02290728 0.03959339 0.03850075 0.01472234
 0.06057404 0.01899315 0.00882228 0.01539557 0.07271666 0.0191645
 0.00857438 0.00998397 0.01561311 0.0063613  0.0265148  0.0423614
 0.09701311 0.01571308 0.00098855 0.00884151 0.00699088 0.0007288
 0.06330457 0.04632613 0.00343293 0.01706501 0.03988785 0.00260332
 0.03089982 0.03072551 0.02712015 0.01940779]
[0.00374353 0.04963287 0.01428293 0.0407148  0.00608568 0.01890212
 0.09108695 0.03612084 0.02038897 0.01560218 0.00271839 0.00725683
 0.01841384 0.05693853 0.03523141 0.01837039 0.01625126 0.02837644
 0.09352788 0.01272217 0.00774273 0.00166026 0.00260871 0.00313737
 0.04232403 0.04101503 0.05201523 0.02335036 0.00240178 0.05335427
 0.03448401 0.01992974 0.02508009 0.05505959]
[0.00336021 0.05081614 0.00448163 0.01112356 0.04736719 0.0051606
 0.00325815 0.05872696 0.03641029 0.00532804 0.00116354 0.03425386
 0.02304896 0.01376721 0.04245824 0.02233538 0.00328521 0.03219463
 0.06643624 0.00408988 0.01056696 0.01002901 0.0035747  0.01101593
 0.04787651 0.0024472  0.03771039 0.0361911  0.04046149 0.03332967
 0.03581808 0.02071395 0.00110346 0.01252199]
[0.00336021 0.05081614 0.00448163 0.01112356 0.04736719 0.0051606
 0.00325815 0.05872696 0.03641029 0.00532804 0.00116354 0.03425386
 0.02304896 0.01376721 0.04245824 0.02233538 0.00328521 0.03219463
 0.06643624 0.00408988 0.01056696 0.01002901 0.0035747  0.01101593
 0.04787651 0.0024472  0.03771039 0.0361911  0.04046149 0.03332967
 0.03581808 0.02071395 0.00110346 0.01252199]
[0.00350037 0.03650105 0.00928331 0.01711373 0.00014507 0.04911452
 0.02046119 0.02190831 0.00104167 0.01215558 0.01180558 0.00615056
 0.05257002 0.04120362 0.05342156 0.01707436 0.01880056 0.03907817
 0.04760643 0.00771375 0.00077903 0.01308273 0.00421678 0.00893601
 0.06454339 0.00613551 0.0007142  0.05774689 0.01059501 0.04942284
 0.0463821  0.00072791 0.03595128 0.00646228]
[0.00294016 0.00431568 0.00371755 0.0106859  0.03802631 0.02393072
 0.01651127 0.00793054 0.01743527 0.00404468 0.02238031 0.04372812
 0.01953387 0.02192432 0.04679245 0.0146706  0.00205663 0.01136328
 0.05670817 0.01498839 0.00368777 0.00867913 0.00100438 0.01095898
 0.06021312 0.03367177 0.01215127 0.06373577 0.01019722 0.0389918
 0.03220233 0.00235695 0.01485069 0.01611776]
[1.90297359e-03 2.57959812e-02 6.15471485e-03 7.39698962e-03
 5.01493981e-02 4.50937301e-02 1.78158594e-02 4.26701145e-02
 1.90037427e-02 5.18396017e-03 8.87962261e-03 4.30240507e-03
 4.08107379e-03 7.14883651e-02 6.77407289e-02 2.82830893e-03
 1.37844827e-02 3.26676187e-02 4.35592870e-02 2.30909514e-02
 5.74185763e-03 1.40408253e-02 1.22365046e-03 4.24171626e-05
 3.72612564e-03 2.17703939e-02 2.37252930e-02 2.90574140e-02
 1.88836847e-02 3.30812621e-02 2.15519642e-03 8.76792783e-03
 2.79009742e-02 3.10987596e-02]
[1.90297359e-03 2.57959812e-02 6.15471485e-03 7.39698962e-03
 5.01493981e-02 4.50937301e-02 1.78158594e-02 4.26701145e-02
 1.90037427e-02 5.18396017e-03 8.87962261e-03 4.30240507e-03
 4.08107379e-03 7.14883651e-02 6.77407289e-02 2.82830893e-03
 1.37844827e-02 3.26676187e-02 4.35592870e-02 2.30909514e-02
 5.74185763e-03 1.40408253e-02 1.22365046e-03 4.24171626e-05
 3.72612564e-03 2.17703939e-02 2.37252930e-02 2.90574140e-02
 1.88836847e-02 3.30812621e-02 2.15519642e-03 8.76792783e-03
 2.79009742e-02 3.10987596e-02]
