[0.00413464 0.05929266 0.0118702  0.07425803 0.02470254 0.02529743
 0.00765835 0.05426862 0.00389904 0.0060371  0.05417034 0.03101266
 0.0500455  0.04781599 0.0143806  0.02283272 0.01971097 0.03125801
 0.0699584  0.01294875 0.00974145 0.00530067 0.00505346 0.00819955
 0.00800088 0.03869473 0.00531686 0.01520181 0.03026528 0.05594253
 0.07368629 0.01643701 0.0151252  0.0570685 ]
[0.00413464 0.05929266 0.0118702  0.07425803 0.02470254 0.02529743
 0.00765835 0.05426862 0.00389904 0.0060371  0.05417034 0.03101266
 0.0500455  0.04781599 0.0143806  0.02283272 0.01971097 0.03125801
 0.0699584  0.01294875 0.00974145 0.00530067 0.00505346 0.00819955
 0.00800088 0.03869473 0.00531686 0.01520181 0.03026528 0.05594253
 0.07368629 0.01643701 0.0151252  0.0570685 ]
[0.00211005 0.04720979 0.00119135 0.09348003 0.02327506 0.05802947
 0.05337436 0.0762164  0.02856035 0.0122677  0.01350797 0.04397915
 0.00843495 0.02069395 0.05690609 0.00397503 0.05167772 0.04459271
 0.09161165 0.00907015 0.0131344  0.00936377 0.00507111 0.01413832
 0.00535052 0.03607064 0.01812411 0.00944049 0.00274538 0.05617732
 0.00347932 0.01949478 0.03801415 0.00064801]
[5.66695516e-03 2.18501310e-02 4.31089447e-03 8.30485949e-03
 5.05607374e-02 5.13817265e-02 8.01675616e-02 4.58490918e-02
 5.82585771e-03 1.36588545e-02 2.06914275e-02 8.08544066e-02
 3.31791421e-03 3.12146367e-02 1.75939222e-02 1.85609302e-02
 4.59809552e-02 1.55823864e-02 6.80671026e-02 2.15851221e-02
 1.21859073e-02 4.16745543e-03 2.17207720e-04 1.46981103e-02
 5.93226122e-02 5.88129443e-03 2.74487765e-02 1.77744690e-02
 4.50407652e-02 9.26358979e-05 1.61122256e-02 1.53166097e-02
 2.64812467e-02 3.90472411e-02]
[0.00062509 0.042539   0.00773941 0.01339092 0.051381   0.01258313
 0.08245634 0.06032685 0.04855118 0.013072   0.02357227 0.0419559
 0.02217351 0.00733251 0.05021072 0.01593288 0.01327264 0.03999831
 0.01874194 0.01444795 0.00199594 0.0047147  0.0047083  0.008321
 0.03300912 0.04718708 0.02007639 0.03420739 0.02334958 0.02895577
 0.03368916 0.02325946 0.00623877 0.03803381]
[0.00062509 0.042539   0.00773941 0.01339092 0.051381   0.01258313
 0.08245634 0.06032685 0.04855118 0.013072   0.02357227 0.0419559
 0.02217351 0.00733251 0.05021072 0.01593288 0.01327264 0.03999831
 0.01874194 0.01444795 0.00199594 0.0047147  0.0047083  0.008321
 0.03300912 0.04718708 0.02007639 0.03420739 0.02334958 0.02895577
 0.03368916 0.02325946 0.00623877 0.03803381]
[0.00062509 0.042539   0.00773941 0.01339092 0.051381   0.01258313
 0.08245634 0.06032685 0.04855118 0.013072   0.02357227 0.0419559
 0.02217351 0.00733251 0.05021072 0.01593288 0.01327264 0.03999831
 0.01874194 0.01444795 0.00199594 0.0047147  0.0047083  0.008321
 0.03300912 0.04718708 0.02007639 0.03420739 0.02334958 0.02895577
 0.03368916 0.02325946 0.00623877 0.03803381]
[0.00573461 0.05322088 0.00420013 0.05157287 0.01135341 0.01754905
 0.07094839 0.05414738 0.0274568  0.0133316  0.04372867 0.03702675
 0.0142737  0.0434755  0.04585176 0.01782652 0.03445428 0.0266224
 0.022826   0.01804922 0.00213588 0.00668318 0.00200407 0.01167189
 0.05537511 0.04740907 0.00777914 0.02499444 0.06539973 0.04384594
 0.05958264 0.02685057 0.02146783 0.00878851]
[0.00138656 0.0851183  0.00945803 0.0464491  0.03467297 0.04869227
 0.10314264 0.0219724  0.05415317 0.00661624 0.01394449 0.01414062
 0.00876418 0.01896484 0.0159001  0.01051994 0.03405888 0.02987143
 0.04580336 0.00402909 0.00203044 0.00564037 0.00030413 0.01225069
 0.04298974 0.04606806 0.00266837 0.04438769 0.07438008 0.04935159
 0.01827149 0.00364628 0.03454997 0.00651116]
[0.00658705 0.03241832 0.00908012 0.08741048 0.00696739 0.0557572
 0.0038305  0.00890866 0.02681259 0.00724244 0.02154341 0.0064631
 0.01239775 0.01344545 0.02388774 0.0212938  0.05120394 0.03230847
 0.08065369 0.0177712  0.01067196 0.0079868  0.00567147 0.01501437
 0.03343812 0.05658916 0.05465618 0.01454765 0.04757957 0.01638735
 0.00285297 0.00615592 0.03152182 0.0256767 ]
[0.00443427 0.01965282 0.00796556 0.01905927 0.05934975 0.07394538
 0.01989055 0.02384237 0.02500289 0.0152679  0.03288872 0.00232515
 0.05882933 0.05609732 0.03293425 0.00821581 0.00637782 0.0371063
 0.08326791 0.01741217 0.00440744 0.01493442 0.00183152 0.01184414
 0.02416237 0.03130444 0.08037891 0.04775005 0.01770202 0.05388907
 0.03165388 0.0065987  0.00121411 0.0528369 ]
[0.00222189 0.05218559 0.0003642  0.02666609 0.03956123 0.00819816
 0.01415598 0.0331469  0.02228278 0.00505375 0.02266429 0.04791309
 0.0107569  0.03764239 0.06824936 0.00380364 0.01106414 0.04552269
 0.07515799 0.00112892 0.00482054 0.00029968 0.00599744 0.0123275
 0.04421321 0.05810352 0.08322932 0.07328375 0.01874493 0.07138493
 0.00694903 0.01358668 0.03444861 0.04013911]
[0.00031297 0.08031557 0.01392508 0.0662387  0.05264897 0.05492884
 0.07144257 0.04977295 0.02332825 0.00625754 0.00160538 0.03393156
 0.02826795 0.00680789 0.02989016 0.03102829 0.05362147 0.01713341
 0.02384249 0.01214184 0.00785608 0.00314378 0.0041212  0.00246676
 0.00892362 0.01171603 0.10909991 0.05664463 0.00745995 0.02756096
 0.00607314 0.01942082 0.03781536 0.03769461]
[0.00366157 0.0851016  0.01641179 0.05415677 0.05465632 0.03375702
 0.05037493 0.04288491 0.0169795  0.01041313 0.03046081 0.01294383
 0.00305926 0.03065881 0.05293778 0.0113363  0.00831879 0.04072684
 0.05095165 0.00390223 0.00498905 0.01335702 0.00608065 0.00631936
 0.03501053 0.03733589 0.04187927 0.03946837 0.03352512 0.0409126
 0.01868332 0.02703232 0.00266553 0.05192191]
[0.00088123 0.09477084 0.02082502 0.01603194 0.03159568 0.0637847
 0.04615395 0.0155019  0.01129227 0.00801766 0.01529709 0.06369534
 0.0078701  0.06056351 0.00502081 0.02093181 0.04358055 0.01097634
 0.02556747 0.0187508  0.01164081 0.01093839 0.00462938 0.00269172
 0.03281553 0.01679563 0.04290881 0.01798384 0.01081616 0.00054018
 0.03468956 0.01071695 0.03225599 0.04873991]
[0.00543536 0.08138311 0.0003861  0.03228911 0.0307489  0.05899115
 0.01432968 0.03414237 0.04404986 0.01214214 0.01249803 0.07154338
 0.04264836 0.06054501 0.00416578 0.01164765 0.01750861 0.0025488
 0.04969881 0.00293451 0.00026934 0.00242436 0.00242631 0.00073604
 0.0431576  0.03252427 0.01224809 0.04198463 0.02882192 0.04561772
 0.00051731 0.01170505 0.0157502  0.02356846]
[0.00297919 0.0701224  0.01112948 0.00575712 0.04162369 0.01448028
 0.05331602 0.05912157 0.03559106 0.00484381 0.00092851 0.04557199
 0.0306467  0.03208985 0.03346194 0.02386977 0.0065737  0.03297251
 0.02790723 0.00572517 0.00898119 0.0121003  0.00603379 0.00730093
 0.00438546 0.02862278 0.0136394  0.00892617 0.03385621 0.03855718
 0.01985152 0.02539802 0.01173083 0.02599367]
[0.00297919 0.0701224  0.01112948 0.00575712 0.04162369 0.01448028
 0.05331602 0.05912157 0.03559106 0.00484381 0.00092851 0.04557199
 0.0306467  0.03208985 0.03346194 0.02386977 0.0065737  0.03297251
 0.02790723 0.00572517 0.00898119 0.0121003  0.00603379 0.00730093
 0.00438546 0.02862278 0.0136394  0.00892617 0.03385621 0.03855718
 0.01985152 0.02539802 0.01173083 0.02599367]
[0.00297919 0.0701224  0.01112948 0.00575712 0.04162369 0.01448028
 0.05331602 0.05912157 0.03559106 0.00484381 0.00092851 0.04557199
 0.0306467  0.03208985 0.03346194 0.02386977 0.0065737  0.03297251
 0.02790723 0.00572517 0.00898119 0.0121003  0.00603379 0.00730093
 0.00438546 0.02862278 0.0136394  0.00892617 0.03385621 0.03855718
 0.01985152 0.02539802 0.01173083 0.02599367]
[0.00297919 0.0701224  0.01112948 0.00575712 0.04162369 0.01448028
 0.05331602 0.05912157 0.03559106 0.00484381 0.00092851 0.04557199
 0.0306467  0.03208985 0.03346194 0.02386977 0.0065737  0.03297251
 0.02790723 0.00572517 0.00898119 0.0121003  0.00603379 0.00730093
 0.00438546 0.02862278 0.0136394  0.00892617 0.03385621 0.03855718
 0.01985152 0.02539802 0.01173083 0.02599367]
