[0.00602581 0.00665148 0.00151081 0.05263109 0.04647002 0.04171042
 0.00271751 0.05177748 0.04925348 0.00294848 0.04231057 0.00548814
 0.0024193  0.03471761 0.0389836  0.00572816 0.03961858 0.01116768
 0.04401982 0.01659917 0.0107332  0.01332864 0.00553456 0.01337257
 0.0428985  0.0106587  0.01806077 0.00410425 0.00710992 0.04374864
 0.05347946 0.00013798 0.00435616 0.03582366]
[0.00201634 0.04131949 0.0049107  0.00973912 0.04315888 0.02363226
 0.04852426 0.02242929 0.02160434 0.01578186 0.03514997 0.02190428
 0.02389376 0.04467174 0.06609202 0.02161923 0.04066706 0.00805953
 0.06924923 0.0134985  0.0020133  0.01521246 0.0015426  0.01509276
 0.00541213 0.04219768 0.02051877 0.03405454 0.02087765 0.06579777
 0.05901479 0.00521523 0.04067316 0.02806477]
[0.00140658 0.05619613 0.00419455 0.05381269 0.01911905 0.03661043
 0.0379018  0.05463114 0.01595805 0.00852679 0.04494415 0.05084461
 0.02302063 0.00666466 0.05575963 0.01040122 0.00618507 0.0256203
 0.0805298  0.00934446 0.00148858 0.01438688 0.00165401 0.00969774
 0.05141808 0.02894077 0.0106298  0.03536069 0.05268588 0.05694526
 0.07331325 0.00687103 0.01776452 0.03501143]
[0.00639758 0.04588262 0.0123556  0.03406026 0.05343288 0.00217266
 0.02571067 0.06284922 0.00613162 0.00461429 0.05658676 0.02092717
 0.06569729 0.00620734 0.02115355 0.01801227 0.04008307 0.04073267
 0.06582071 0.01298779 0.00247561 0.01171283 0.00628717 0.00484489
 0.01947211 0.04865593 0.02682536 0.03689382 0.02086152 0.07353001
 0.035598   0.02028033 0.01843807 0.07213624]
[0.00655169 0.04367693 0.01783499 0.03425639 0.03444889 0.02343211
 0.00558179 0.00214856 0.02031041 0.01004614 0.07777218 0.05160207
 0.08089572 0.0125818  0.05846242 0.00833138 0.03079229 0.01704755
 0.03743631 0.01073022 0.00149909 0.01084332 0.004645   0.0140765
 0.05670483 0.07614316 0.02528754 0.01985833 0.05312841 0.02554831
 0.04816834 0.01582369 0.00615614 0.05811021]
[0.0081994  0.02604998 0.01664532 0.00150697 0.04415344 0.02839326
 0.06009795 0.04663919 0.01013333 0.00792585 0.01284925 0.03940685
 0.01791418 0.01733968 0.06976074 0.01641204 0.01226491 0.04064636
 0.07889683 0.02057271 0.00367253 0.00239003 0.00563733 0.00725884
 0.09929087 0.06654012 0.00476755 0.01850218 0.00720931 0.00768033
 0.01723491 0.00875838 0.02055308 0.05329013]
[0.00667844 0.0691277  0.01325816 0.05132598 0.04165081 0.06397293
 0.01265867 0.0498142  0.0590669  0.00169816 0.04412687 0.03771991
 0.03794101 0.03567557 0.02969163 0.00635043 0.02353362 0.02768834
 0.00106279 0.02061799 0.01104894 0.00017644 0.00559332 0.00355832
 0.09546009 0.01792959 0.02545247 0.01232304 0.03545617 0.05049729
 0.01911916 0.00267149 0.00575157 0.05577758]
[1.40693614e-03 8.49366801e-02 2.20562992e-02 7.74423120e-02
 3.64490818e-03 5.39993112e-02 5.30248908e-03 1.40545522e-02
 5.70503538e-02 2.13402576e-03 7.50560177e-02 4.43387015e-03
 1.87986292e-02 7.45261201e-02 7.38417335e-03 2.62590808e-02
 1.71799201e-03 4.49024980e-02 1.63078036e-02 2.84872890e-03
 4.25029932e-03 1.45568771e-02 4.11919666e-03 4.67143277e-03
 7.01231206e-02 6.16330984e-02 5.03883685e-04 5.22095855e-02
 6.02643461e-02 3.30184322e-02 2.01115103e-02 7.47227696e-05
 1.72649702e-02 4.54328992e-02]
[0.00274904 0.06696257 0.01567915 0.00339389 0.04051474 0.01247908
 0.03447198 0.01259549 0.04344224 0.0107533  0.02116413 0.04084519
 0.02612535 0.06333947 0.02294607 0.01225543 0.01654085 0.00366468
 0.0419265  0.0161162  0.0061264  0.00929574 0.00477708 0.00075311
 0.0568432  0.04233978 0.00118487 0.00666252 0.022131   0.05729448
 0.03458804 0.02258478 0.01735721 0.05468109]
[0.00015909 0.01247752 0.01040494 0.05434957 0.0728963  0.00349001
 0.08797837 0.00099863 0.02156144 0.0096913  0.04062671 0.03197195
 0.01175815 0.09783864 0.03929063 0.03413836 0.03091473 0.01939354
 0.02580263 0.01039051 0.01158423 0.0124543  0.00288824 0.00844161
 0.00042343 0.02996616 0.07119182 0.01057383 0.00837025 0.02638867
 0.07799566 0.01686915 0.00385929 0.05175259]
[0.00608013 0.03616728 0.00683269 0.0342109  0.02463984 0.01127859
 0.06461383 0.0366222  0.02510929 0.00748649 0.04735591 0.01234621
 0.01168899 0.10675532 0.06895383 0.0168237  0.03505863 0.02474569
 0.04403816 0.02114397 0.00080999 0.00808971 0.00177159 0.01330175
 0.00484694 0.06183896 0.03140735 0.03901691 0.05833437 0.00285703
 0.03116433 0.00760891 0.00220686 0.07595759]
[0.0062293  0.02577285 0.01302324 0.05519142 0.03545149 0.047778
 0.0745052  0.00601847 0.00299394 0.0062403  0.03729167 0.0101174
 0.00837208 0.10010511 0.06421795 0.0117173  0.03311963 0.03108676
 0.00681531 0.01678614 0.01151047 0.00575822 0.00230084 0.01315015
 0.02468271 0.00398947 0.0578713  0.03038397 0.07616615 0.01676285
 0.05748696 0.02180145 0.02302457 0.04466994]
[0.00308099 0.04498878 0.01729913 0.0421526  0.01367994 0.05373248
 0.03438458 0.00907652 0.00865886 0.01735104 0.07802401 0.03336744
 0.06527752 0.0029503  0.03960269 0.01812231 0.05712017 0.04670064
 0.04728891 0.02215288 0.00766015 0.00558279 0.00213076 0.00186511
 0.07715567 0.01072923 0.07944942 0.04275915 0.01930371 0.0066155
 0.0024448  0.03205077 0.02921962 0.01792474]
[0.00108456 0.05079267 0.00916958 0.05101656 0.00597199 0.0516603
 0.03687326 0.02054818 0.02049838 0.00460571 0.06147469 0.01871549
 0.03210402 0.01566468 0.03525866 0.00330048 0.01525201 0.03171044
 0.03176518 0.01021025 0.00244478 0.00611496 0.00455747 0.00546854
 0.03807835 0.0268707  0.05747302 0.03991429 0.00361672 0.00793745
 0.02043247 0.02153349 0.02709082 0.04642052]
[2.06901906e-03 6.43016636e-02 1.86608662e-02 5.63736086e-02
 1.18203698e-02 1.40476952e-02 1.06571452e-02 8.29064895e-03
 4.83043032e-02 7.15242445e-03 6.79861315e-02 1.32839390e-02
 4.49315579e-02 2.89058678e-02 4.73876388e-02 6.67732492e-03
 3.42344132e-02 2.13719033e-02 2.10434113e-02 7.25143246e-03
 2.41699950e-03 8.36309282e-03 2.95936089e-03 3.79981748e-03
 4.71004543e-02 3.14212121e-02 3.47404333e-02 1.07351802e-02
 1.45141285e-02 2.69484919e-02 6.99324100e-05 1.31457165e-02
 1.49831192e-02 3.95909967e-02]
[2.06901906e-03 6.43016636e-02 1.86608662e-02 5.63736086e-02
 1.18203698e-02 1.40476952e-02 1.06571452e-02 8.29064895e-03
 4.83043032e-02 7.15242445e-03 6.79861315e-02 1.32839390e-02
 4.49315579e-02 2.89058678e-02 4.73876388e-02 6.67732492e-03
 3.42344132e-02 2.13719033e-02 2.10434113e-02 7.25143246e-03
 2.41699950e-03 8.36309282e-03 2.95936089e-03 3.79981748e-03
 4.71004543e-02 3.14212121e-02 3.47404333e-02 1.07351802e-02
 1.45141285e-02 2.69484919e-02 6.99324100e-05 1.31457165e-02
 1.49831192e-02 3.95909967e-02]
[2.06901906e-03 6.43016636e-02 1.86608662e-02 5.63736086e-02
 1.18203698e-02 1.40476952e-02 1.06571452e-02 8.29064895e-03
 4.83043032e-02 7.15242445e-03 6.79861315e-02 1.32839390e-02
 4.49315579e-02 2.89058678e-02 4.73876388e-02 6.67732492e-03
 3.42344132e-02 2.13719033e-02 2.10434113e-02 7.25143246e-03
 2.41699950e-03 8.36309282e-03 2.95936089e-03 3.79981748e-03
 4.71004543e-02 3.14212121e-02 3.47404333e-02 1.07351802e-02
 1.45141285e-02 2.69484919e-02 6.99324100e-05 1.31457165e-02
 1.49831192e-02 3.95909967e-02]
[0.00615515 0.04676932 0.00684481 0.02022035 0.05303052 0.0516569
 0.0196652  0.03512552 0.00730505 0.0038106  0.03135263 0.04875372
 0.05903945 0.04133656 0.04719146 0.00246597 0.03201267 0.00059974
 0.04898839 0.01522964 0.01114014 0.00354766 0.00063087 0.01015187
 0.00911933 0.00866467 0.0091039  0.00339601 0.03976765 0.02954568
 0.00200314 0.01772225 0.00923756 0.00097587]
[0.00198033 0.05344218 0.00203426 0.05163784 0.01855351 0.06152622
 0.05616438 0.03226272 0.02784107 0.00313913 0.04138253 0.06530029
 0.05230994 0.05753864 0.02685004 0.0072436  0.03022823 0.02326119
 0.01819924 0.00176855 0.01117596 0.00635611 0.00448947 0.0020819
 0.01657137 0.03482307 0.00992902 0.04150739 0.00811205 0.02814315
 0.00658094 0.01115206 0.03355765 0.0298852 ]
[0.00748043 0.05017934 0.01634893 0.09491804 0.01433682 0.04321657
 0.00626626 0.08319194 0.0313468  0.00624924 0.01134939 0.06327489
 0.0206878  0.01946472 0.00380378 0.01742265 0.05248408 0.02113165
 0.03044305 0.02168385 0.00992583 0.00308316 0.00218557 0.00184292
 0.03906625 0.08479421 0.06170039 0.03793542 0.05174186 0.02849426
 0.00754629 0.0064002  0.0090956  0.0197036 ]
