[3.64244803e-05 2.68994669e-03 9.73396245e-03 1.90334535e-02
 1.75816991e-02 2.42098918e-02 4.46057871e-02 1.79216716e-03
 2.54738735e-02 1.28980537e-02 5.52945148e-02 8.22068717e-02
 7.26189696e-02 1.26029652e-02 2.35265171e-02 2.02372518e-03
 1.87280852e-02 2.42762530e-02 5.14901541e-02 1.69175352e-02
 5.25175744e-03 1.55354253e-02 2.09949655e-03 6.98412642e-03
 1.20228077e-03 4.48070814e-02 4.45841968e-02 2.16869873e-02
 1.40901518e-02 7.95668038e-02 5.49557778e-03 2.80370842e-02
 6.82020120e-03 8.69620371e-02]
[0.00237253 0.04668666 0.01784549 0.0558342  0.01142414 0.03511773
 0.04053233 0.00908958 0.05384586 0.01189284 0.01567107 0.01989999
 0.03041239 0.05025317 0.05462002 0.00365845 0.00233229 0.03930658
 0.04547209 0.01811879 0.00544196 0.00664477 0.00373316 0.01219777
 0.0480718  0.05541217 0.0624407  0.01032332 0.01106681 0.00668214
 0.02824039 0.00633661 0.01217828 0.07892056]
[0.00537802 0.06318273 0.00054962 0.03982219 0.04472041 0.01612192
 0.03735693 0.04990763 0.02179729 0.00630779 0.02410438 0.0437391
 0.05709834 0.04982804 0.0065754  0.00524761 0.02762293 0.01927594
 0.00686325 0.0054665  0.00273907 0.00926831 0.00023589 0.01294198
 0.03865083 0.00861933 0.03830469 0.01401656 0.04025317 0.01630066
 0.05844696 0.00743051 0.00293102 0.07643598]
[4.33963523e-04 3.59323876e-02 2.20669265e-02 2.88000478e-02
 2.76097966e-03 7.27175934e-02 7.84468244e-03 2.29301042e-02
 2.59077952e-02 1.45344838e-03 5.15973337e-02 1.05914824e-02
 7.65636102e-02 4.52587358e-02 5.41678496e-02 6.69844417e-05
 4.17120302e-03 4.93253594e-02 5.09945560e-02 3.32029961e-03
 1.30903925e-02 1.70457191e-03 3.00855744e-03 1.14995787e-02
 3.33473239e-02 2.29263454e-02 3.20311275e-02 6.35640339e-02
 6.41605416e-03 3.60681196e-02 7.97622697e-02 2.07071337e-02
 2.92422356e-03 8.45819175e-02]
[0.0048122  0.06956994 0.00479835 0.02031563 0.02352368 0.02227689
 0.05264961 0.03188908 0.05076392 0.00995207 0.00217539 0.00467179
 0.06999443 0.00658692 0.05881209 0.01269609 0.01823308 0.01275344
 0.07826163 0.00860861 0.01100881 0.01393515 0.00036295 0.01243906
 0.00530009 0.05987245 0.01898981 0.08015152 0.04688643 0.02905706
 0.03898539 0.01695673 0.02452527 0.06372559]
[0.00309871 0.02735148 0.01114907 0.06175736 0.04011301 0.01460609
 0.02533548 0.01273222 0.04615725 0.0130007  0.00791319 0.00824951
 0.0149466  0.02408003 0.03075164 0.01572574 0.03703281 0.04550728
 0.08948087 0.01623901 0.00141741 0.00811177 0.00592023 0.01037884
 0.02808361 0.05391159 0.05298618 0.07039695 0.06058796 0.03880857
 0.01047572 0.02873218 0.00976492 0.07256693]
[0.00687909 0.00395843 0.01927315 0.05690862 0.01943237 0.02181326
 0.00185088 0.00809389 0.0042086  0.01054794 0.05631171 0.01537673
 0.05104253 0.03143333 0.06032955 0.01266018 0.03320649 0.02306971
 0.01482597 0.00582262 0.00541512 0.01133039 0.00211874 0.00666518
 0.0086223  0.00303378 0.05496449 0.00657474 0.07928413 0.03761141
 0.04608629 0.02830987 0.03232408 0.04733197]
[0.00163904 0.02648621 0.00542302 0.01517054 0.01379942 0.02277099
 0.02855064 0.0384524  0.03808269 0.0064652  0.0659602  0.03018807
 0.05797263 0.04600357 0.01677304 0.00586483 0.01024308 0.00987899
 0.0092266  0.0132866  0.00693718 0.01069063 0.00090534 0.01027961
 0.03762127 0.04244882 0.06096378 0.02643032 0.04076859 0.00750606
 0.05789022 0.00406147 0.00449523 0.04926377]
[0.00163904 0.02648621 0.00542302 0.01517054 0.01379942 0.02277099
 0.02855064 0.0384524  0.03808269 0.0064652  0.0659602  0.03018807
 0.05797263 0.04600357 0.01677304 0.00586483 0.01024308 0.00987899
 0.0092266  0.0132866  0.00693718 0.01069063 0.00090534 0.01027961
 0.03762127 0.04244882 0.06096378 0.02643032 0.04076859 0.00750606
 0.05789022 0.00406147 0.00449523 0.04926377]
[0.00163904 0.02648621 0.00542302 0.01517054 0.01379942 0.02277099
 0.02855064 0.0384524  0.03808269 0.0064652  0.0659602  0.03018807
 0.05797263 0.04600357 0.01677304 0.00586483 0.01024308 0.00987899
 0.0092266  0.0132866  0.00693718 0.01069063 0.00090534 0.01027961
 0.03762127 0.04244882 0.06096378 0.02643032 0.04076859 0.00750606
 0.05789022 0.00406147 0.00449523 0.04926377]
[0.00163904 0.02648621 0.00542302 0.01517054 0.01379942 0.02277099
 0.02855064 0.0384524  0.03808269 0.0064652  0.0659602  0.03018807
 0.05797263 0.04600357 0.01677304 0.00586483 0.01024308 0.00987899
 0.0092266  0.0132866  0.00693718 0.01069063 0.00090534 0.01027961
 0.03762127 0.04244882 0.06096378 0.02643032 0.04076859 0.00750606
 0.05789022 0.00406147 0.00449523 0.04926377]
[0.0050167  0.0418123  0.00366875 0.00706077 0.05149599 0.03608364
 0.01182465 0.06522221 0.00926946 0.01088379 0.03697154 0.04300135
 0.04714818 0.02641826 0.02502923 0.00644044 0.04820338 0.03396314
 0.04951231 0.01511013 0.00111464 0.01044692 0.00495933 0.0043944
 0.06094038 0.05372367 0.0394915  0.04542428 0.01717511 0.03723316
 0.0406532  0.02132313 0.02539667 0.00730884]
[0.00139176 0.02874959 0.01748273 0.05660588 0.02534814 0.07506942
 0.04555045 0.03315689 0.00494486 0.00930141 0.00974323 0.00139439
 0.07647782 0.06522462 0.01757395 0.00868338 0.03474815 0.01009409
 0.06678537 0.02100161 0.00162561 0.00146132 0.00052974 0.00505693
 0.06291914 0.06670056 0.06632701 0.05406961 0.00188227 0.04653357
 0.00705914 0.00972951 0.0186744  0.0177096 ]
[0.00358299 0.00872348 0.00782792 0.02749817 0.02737371 0.04940444
 0.02168578 0.0554137  0.04987299 0.00301555 0.04208927 0.00843356
 0.00185847 0.00674263 0.05119021 0.00744472 0.04560342 0.01981736
 0.05650789 0.01399939 0.00901689 0.00067732 0.00198311 0.0132054
 0.05587952 0.02664563 0.05451922 0.01468548 0.04693682 0.01529938
 0.02902527 0.00906483 0.0250883  0.0224476 ]
[0.00358299 0.00872348 0.00782792 0.02749817 0.02737371 0.04940444
 0.02168578 0.0554137  0.04987299 0.00301555 0.04208927 0.00843356
 0.00185847 0.00674263 0.05119021 0.00744472 0.04560342 0.01981736
 0.05650789 0.01399939 0.00901689 0.00067732 0.00198311 0.0132054
 0.05587952 0.02664563 0.05451922 0.01468548 0.04693682 0.01529938
 0.02902527 0.00906483 0.0250883  0.0224476 ]
[2.71389835e-03 4.84713181e-02 1.08900996e-02 4.68624244e-02
 3.40573173e-04 2.62211087e-02 5.70600417e-02 6.37189928e-03
 4.09992482e-02 1.37482853e-04 6.59153514e-02 1.81599981e-02
 1.42777528e-02 4.00698542e-02 1.49082621e-02 1.17288270e-02
 2.89289241e-02 1.46417610e-02 2.13773360e-02 2.95513163e-03
 3.64880588e-03 1.30241142e-02 7.05364049e-05 1.12630348e-02
 3.22965500e-02 3.17579302e-02 4.34756770e-02 1.22931556e-02
 1.15828864e-02 5.05999396e-02 3.28591194e-02 2.44144580e-04
 3.37376345e-02 1.99602422e-02]
[2.71389835e-03 4.84713181e-02 1.08900996e-02 4.68624244e-02
 3.40573173e-04 2.62211087e-02 5.70600417e-02 6.37189928e-03
 4.09992482e-02 1.37482853e-04 6.59153514e-02 1.81599981e-02
 1.42777528e-02 4.00698542e-02 1.49082621e-02 1.17288270e-02
 2.89289241e-02 1.46417610e-02 2.13773360e-02 2.95513163e-03
 3.64880588e-03 1.30241142e-02 7.05364049e-05 1.12630348e-02
 3.22965500e-02 3.17579302e-02 4.34756770e-02 1.22931556e-02
 1.15828864e-02 5.05999396e-02 3.28591194e-02 2.44144580e-04
 3.37376345e-02 1.99602422e-02]
[2.71389835e-03 4.84713181e-02 1.08900996e-02 4.68624244e-02
 3.40573173e-04 2.62211087e-02 5.70600417e-02 6.37189928e-03
 4.09992482e-02 1.37482853e-04 6.59153514e-02 1.81599981e-02
 1.42777528e-02 4.00698542e-02 1.49082621e-02 1.17288270e-02
 2.89289241e-02 1.46417610e-02 2.13773360e-02 2.95513163e-03
 3.64880588e-03 1.30241142e-02 7.05364049e-05 1.12630348e-02
 3.22965500e-02 3.17579302e-02 4.34756770e-02 1.22931556e-02
 1.15828864e-02 5.05999396e-02 3.28591194e-02 2.44144580e-04
 3.37376345e-02 1.99602422e-02]
[2.71389835e-03 4.84713181e-02 1.08900996e-02 4.68624244e-02
 3.40573173e-04 2.62211087e-02 5.70600417e-02 6.37189928e-03
 4.09992482e-02 1.37482853e-04 6.59153514e-02 1.81599981e-02
 1.42777528e-02 4.00698542e-02 1.49082621e-02 1.17288270e-02
 2.89289241e-02 1.46417610e-02 2.13773360e-02 2.95513163e-03
 3.64880588e-03 1.30241142e-02 7.05364049e-05 1.12630348e-02
 3.22965500e-02 3.17579302e-02 4.34756770e-02 1.22931556e-02
 1.15828864e-02 5.05999396e-02 3.28591194e-02 2.44144580e-04
 3.37376345e-02 1.99602422e-02]
[0.00419569 0.02483138 0.01979107 0.01152994 0.02404859 0.04444129
 0.06989936 0.01160018 0.01655659 0.00283952 0.03683004 0.0287702
 0.04854957 0.0638984  0.02123009 0.01298487 0.0311598  0.01229898
 0.05048072 0.01392843 0.0086982  0.0036066  0.00574833 0.00354042
 0.04654524 0.00228764 0.05508359 0.03606243 0.05725395 0.05589733
 0.01344    0.02426413 0.01283931 0.01432979]
