[0.00496799 0.07527432 0.0166488  0.02191285 0.05650513 0.02109447
 0.05330929 0.00026882 0.02897454 0.01036441 0.0717547  0.00516084
 0.03600215 0.03485436 0.04362112 0.0116435  0.01817149 0.01457367
 0.04324257 0.01517437 0.00499183 0.00378979 0.00225203 0.01143715
 0.03205634 0.05337768 0.07362193 0.03224509 0.04490957 0.0182316
 0.04631081 0.00973007 0.02156353 0.05254608]
[0.00137642 0.09217931 0.00317297 0.01475435 0.01031387 0.0256595
 0.05872855 0.02495466 0.0343413  0.00693452 0.08570935 0.02012437
 0.01449174 0.05383515 0.0223288  0.00931499 0.00020328 0.02315903
 0.00880856 0.01244865 0.00148518 0.00507657 0.00404133 0.01477943
 0.02405635 0.05234724 0.00640849 0.03835579 0.02018207 0.03934972
 0.02458545 0.01773318 0.03289348 0.05281774]
[0.00419464 0.03201327 0.0065455  0.02478472 0.04336548 0.06146601
 0.05814989 0.04409539 0.04809324 0.00328481 0.07798222 0.00665501
 0.05418729 0.04620892 0.04447583 0.01496666 0.02411575 0.01957295
 0.0129387  0.00581368 0.00399701 0.00243691 0.0032193  0.01308417
 0.02830639 0.00138224 0.04019072 0.06549351 0.05166546 0.05047566
 0.03430033 0.01808831 0.01259835 0.02643479]
[0.00419464 0.03201327 0.0065455  0.02478472 0.04336548 0.06146601
 0.05814989 0.04409539 0.04809324 0.00328481 0.07798222 0.00665501
 0.05418729 0.04620892 0.04447583 0.01496666 0.02411575 0.01957295
 0.0129387  0.00581368 0.00399701 0.00243691 0.0032193  0.01308417
 0.02830639 0.00138224 0.04019072 0.06549351 0.05166546 0.05047566
 0.03430033 0.01808831 0.01259835 0.02643479]
[0.00210375 0.06394908 0.01906575 0.036347   0.0012153  0.04627294
 0.07976111 0.04972324 0.0232088  0.01461456 0.05318792 0.05663582
 0.00474023 0.07494892 0.0096539  0.02046049 0.04417698 0.04629509
 0.05782115 0.01570053 0.00183348 0.00397827 0.00156329 0.00015707
 0.00728182 0.01439183 0.06995271 0.05476239 0.04092242 0.01216167
 0.01827303 0.00609905 0.02204103 0.01330044]
[0.00493551 0.06069116 0.00799615 0.05554836 0.00874437 0.0028567
 0.01643496 0.03853625 0.03547436 0.01201941 0.02394994 0.05302705
 0.00483146 0.07704938 0.04388041 0.01748845 0.01216805 0.01108852
 0.07469463 0.01434397 0.00646455 0.003631   0.00168796 0.006772
 0.02030125 0.01755861 0.06984915 0.03298328 0.01606205 0.02540817
 0.05673135 0.02321401 0.01369343 0.03205457]
[0.00493551 0.06069116 0.00799615 0.05554836 0.00874437 0.0028567
 0.01643496 0.03853625 0.03547436 0.01201941 0.02394994 0.05302705
 0.00483146 0.07704938 0.04388041 0.01748845 0.01216805 0.01108852
 0.07469463 0.01434397 0.00646455 0.003631   0.00168796 0.006772
 0.02030125 0.01755861 0.06984915 0.03298328 0.01606205 0.02540817
 0.05673135 0.02321401 0.01369343 0.03205457]
[0.00019497 0.0377147  0.01497744 0.05761205 0.04276424 0.02580252
 0.04560868 0.02793569 0.01391165 0.00426222 0.03415208 0.05365755
 0.02702296 0.0524148  0.0251359  0.00860816 0.00470771 0.03126877
 0.05186023 0.00641745 0.00938024 0.00807057 0.00388765 0.01042374
 0.03226248 0.04908078 0.0271531  0.00526661 0.00934518 0.03605502
 0.05767106 0.020374   0.02563475 0.04332902]
[0.00019497 0.0377147  0.01497744 0.05761205 0.04276424 0.02580252
 0.04560868 0.02793569 0.01391165 0.00426222 0.03415208 0.05365755
 0.02702296 0.0524148  0.0251359  0.00860816 0.00470771 0.03126877
 0.05186023 0.00641745 0.00938024 0.00807057 0.00388765 0.01042374
 0.03226248 0.04908078 0.0271531  0.00526661 0.00934518 0.03605502
 0.05767106 0.020374   0.02563475 0.04332902]
[0.00019497 0.0377147  0.01497744 0.05761205 0.04276424 0.02580252
 0.04560868 0.02793569 0.01391165 0.00426222 0.03415208 0.05365755
 0.02702296 0.0524148  0.0251359  0.00860816 0.00470771 0.03126877
 0.05186023 0.00641745 0.00938024 0.00807057 0.00388765 0.01042374
 0.03226248 0.04908078 0.0271531  0.00526661 0.00934518 0.03605502
 0.05767106 0.020374   0.02563475 0.04332902]
[0.00386474 0.01647583 0.00109211 0.06385013 0.01056479 0.00613606
 0.02175379 0.05709271 0.04613663 0.0134121  0.03738405 0.02682328
 0.02411631 0.04637717 0.0629491  0.01596917 0.04919235 0.03339659
 0.05526656 0.01100261 0.00906133 0.00644685 0.002004   0.00041993
 0.0414096  0.03129358 0.01101943 0.01033093 0.01886611 0.0008681
 0.01618774 0.01286406 0.02761758 0.02854907]
[0.00386474 0.01647583 0.00109211 0.06385013 0.01056479 0.00613606
 0.02175379 0.05709271 0.04613663 0.0134121  0.03738405 0.02682328
 0.02411631 0.04637717 0.0629491  0.01596917 0.04919235 0.03339659
 0.05526656 0.01100261 0.00906133 0.00644685 0.002004   0.00041993
 0.0414096  0.03129358 0.01101943 0.01033093 0.01886611 0.0008681
 0.01618774 0.01286406 0.02761758 0.02854907]
[0.00386474 0.01647583 0.00109211 0.06385013 0.01056479 0.00613606
 0.02175379 0.05709271 0.04613663 0.0134121  0.03738405 0.02682328
 0.02411631 0.04637717 0.0629491  0.01596917 0.04919235 0.03339659
 0.05526656 0.01100261 0.00906133 0.00644685 0.002004   0.00041993
 0.0414096  0.03129358 0.01101943 0.01033093 0.01886611 0.0008681
 0.01618774 0.01286406 0.02761758 0.02854907]
[0.00549222 0.02987561 0.0160989  0.0193895  0.02493478 0.04077139
 0.01844428 0.02814208 0.0096882  0.00236043 0.0630591  0.0647255
 0.04585093 0.06776984 0.00284318 0.02628829 0.01942691 0.03018212
 0.03967843 0.01748789 0.00263164 0.01163357 0.00046382 0.01237795
 0.00916295 0.05705714 0.01505754 0.01030181 0.0608247  0.05689434
 0.04264743 0.01976933 0.03610767 0.06342411]
[0.00562921 0.00432194 0.01712618 0.00138059 0.052034   0.05187985
 0.05097668 0.03578049 0.02546214 0.0123184  0.00025723 0.03857173
 0.02788971 0.03230003 0.03796875 0.01081938 0.00432318 0.02984583
 0.03120039 0.00172251 0.00264195 0.00557819 0.00510183 0.00371308
 0.04145666 0.03607867 0.04680641 0.02774577 0.01364666 0.05079236
 0.02288808 0.00753818 0.01520361 0.06928427]
[0.00529649 0.03691965 0.00466195 0.02878302 0.03987421 0.05601193
 0.05402174 0.03338871 0.03878735 0.00801267 0.02337057 0.01688056
 0.03175232 0.03324455 0.0240106  0.00251134 0.02534476 0.01558216
 0.05670439 0.01658637 0.00287932 0.00722265 0.00506182 0.01388968
 0.0494333  0.01139072 0.0559689  0.04707555 0.00639664 0.01693542
 0.0149477  0.01404388 0.0327528  0.05180323]
[0.00410322 0.02239887 0.00867141 0.02106549 0.00971216 0.04350784
 0.02854801 0.04304322 0.02765541 0.00267493 0.02830096 0.03564051
 0.01608854 0.0357595  0.03463588 0.01169196 0.01141917 0.01464997
 0.04332546 0.00496184 0.00694074 0.00636506 0.00316934 0.00963615
 0.03461813 0.00443379 0.04770071 0.04876112 0.02810073 0.01138489
 0.02441693 0.01667555 0.0278745  0.03036776]
[0.00410322 0.02239887 0.00867141 0.02106549 0.00971216 0.04350784
 0.02854801 0.04304322 0.02765541 0.00267493 0.02830096 0.03564051
 0.01608854 0.0357595  0.03463588 0.01169196 0.01141917 0.01464997
 0.04332546 0.00496184 0.00694074 0.00636506 0.00316934 0.00963615
 0.03461813 0.00443379 0.04770071 0.04876112 0.02810073 0.01138489
 0.02441693 0.01667555 0.0278745  0.03036776]
[0.00410322 0.02239887 0.00867141 0.02106549 0.00971216 0.04350784
 0.02854801 0.04304322 0.02765541 0.00267493 0.02830096 0.03564051
 0.01608854 0.0357595  0.03463588 0.01169196 0.01141917 0.01464997
 0.04332546 0.00496184 0.00694074 0.00636506 0.00316934 0.00963615
 0.03461813 0.00443379 0.04770071 0.04876112 0.02810073 0.01138489
 0.02441693 0.01667555 0.0278745  0.03036776]
[0.00096476 0.02395206 0.00915981 0.00696039 0.03811207 0.03459699
 0.00889001 0.06259877 0.02248556 0.00935768 0.03367403 0.01218185
 0.04767811 0.0534801  0.01536313 0.01356524 0.023119   0.03670914
 0.00950558 0.01248247 0.00636379 0.00318546 0.00365562 0.00831108
 0.05958611 0.01271359 0.00747045 0.03628901 0.0544253  0.04665817
 0.03143819 0.00168521 0.02457295 0.04811391]
