[0.00572659 0.04687356 0.00170115 0.03481548 0.02476943 0.04286687
 0.03292569 0.01829909 0.04519613 0.00954664 0.0467756  0.05497981
 0.0408232  0.05710108 0.06320619 0.0040542  0.04727066 0.02695143
 0.06284976 0.00055931 0.00208808 0.00572565 0.00083788 0.00702026
 0.01123002 0.02938918 0.00648968 0.00671455 0.03688273 0.04531779
 0.0448508  0.00618856 0.01097388 0.03856045]
[0.00337119 0.02112336 0.02219883 0.02160637 0.06790852 0.00534881
 0.07518078 0.01746616 0.01083662 0.00240931 0.00825134 0.01861285
 0.04569847 0.07569855 0.06213344 0.01908339 0.04393426 0.04806181
 0.00701382 0.01292454 0.00915491 0.00019965 0.00636778 0.00102609
 0.01754846 0.01927451 0.04363273 0.04084974 0.05125548 0.04568906
 0.06670098 0.02203558 0.00743145 0.05135594]
[0.0051586  0.03675263 0.01460111 0.01931327 0.01396348 0.03254171
 0.07760225 0.03201691 0.00855393 0.00134137 0.0310021  0.01778476
 0.00639692 0.05190199 0.02006044 0.00332534 0.01322445 0.04034218
 0.05110147 0.00816034 0.00663689 0.00021452 0.00602455 0.00878762
 0.009978   0.02038363 0.01865136 0.06431497 0.04207747 0.03777752
 0.06809173 0.00602532 0.01012391 0.00939295]
[0.0051586  0.03675263 0.01460111 0.01931327 0.01396348 0.03254171
 0.07760225 0.03201691 0.00855393 0.00134137 0.0310021  0.01778476
 0.00639692 0.05190199 0.02006044 0.00332534 0.01322445 0.04034218
 0.05110147 0.00816034 0.00663689 0.00021452 0.00602455 0.00878762
 0.009978   0.02038363 0.01865136 0.06431497 0.04207747 0.03777752
 0.06809173 0.00602532 0.01012391 0.00939295]
[6.31625525e-03 4.06332406e-03 1.36920965e-02 3.17321120e-02
 3.31577875e-02 2.35394490e-02 8.57467963e-03 3.47358508e-02
 1.26333091e-02 8.01454319e-03 4.26394177e-02 4.35761407e-02
 8.00289654e-03 6.65043999e-02 7.24941470e-04 1.75463861e-02
 1.48360888e-02 3.17120800e-02 2.80656677e-02 6.31730813e-03
 7.21141221e-04 2.85966235e-03 2.64478009e-03 1.04695757e-02
 2.06317738e-02 1.05748956e-02 1.06130580e-02 7.26921414e-02
 5.81147284e-02 1.24822100e-02 1.94378136e-02 5.37175054e-05
 2.95265893e-02 4.56819819e-03]
[6.31625525e-03 4.06332406e-03 1.36920965e-02 3.17321120e-02
 3.31577875e-02 2.35394490e-02 8.57467963e-03 3.47358508e-02
 1.26333091e-02 8.01454319e-03 4.26394177e-02 4.35761407e-02
 8.00289654e-03 6.65043999e-02 7.24941470e-04 1.75463861e-02
 1.48360888e-02 3.17120800e-02 2.80656677e-02 6.31730813e-03
 7.21141221e-04 2.85966235e-03 2.64478009e-03 1.04695757e-02
 2.06317738e-02 1.05748956e-02 1.06130580e-02 7.26921414e-02
 5.81147284e-02 1.24822100e-02 1.94378136e-02 5.37175054e-05
 2.95265893e-02 4.56819819e-03]
[6.31625525e-03 4.06332406e-03 1.36920965e-02 3.17321120e-02
 3.31577875e-02 2.35394490e-02 8.57467963e-03 3.47358508e-02
 1.26333091e-02 8.01454319e-03 4.26394177e-02 4.35761407e-02
 8.00289654e-03 6.65043999e-02 7.24941470e-04 1.75463861e-02
 1.48360888e-02 3.17120800e-02 2.80656677e-02 6.31730813e-03
 7.21141221e-04 2.85966235e-03 2.64478009e-03 1.04695757e-02
 2.06317738e-02 1.05748956e-02 1.06130580e-02 7.26921414e-02
 5.81147284e-02 1.24822100e-02 1.94378136e-02 5.37175054e-05
 2.95265893e-02 4.56819819e-03]
[2.09151225e-03 3.46642519e-03 8.30684720e-03 3.35606959e-02
 1.90311995e-02 2.65660617e-02 2.55460468e-02 4.33202539e-02
 1.88446752e-02 5.48613920e-03 2.92870948e-02 7.38090765e-04
 1.33170103e-02 2.16450361e-02 1.98666279e-02 1.58654944e-02
 3.19629025e-02 7.83377078e-03 2.69168448e-02 5.84589035e-03
 1.33888862e-05 8.33915616e-03 2.00798517e-03 3.51581294e-04
 2.01553739e-02 7.90559089e-03 1.57546132e-02 2.19098907e-03
 4.92033436e-02 3.38118679e-02 1.22546855e-02 1.31112081e-02
 1.64211242e-02 2.37076942e-02]
[2.09151225e-03 3.46642519e-03 8.30684720e-03 3.35606959e-02
 1.90311995e-02 2.65660617e-02 2.55460468e-02 4.33202539e-02
 1.88446752e-02 5.48613920e-03 2.92870948e-02 7.38090765e-04
 1.33170103e-02 2.16450361e-02 1.98666279e-02 1.58654944e-02
 3.19629025e-02 7.83377078e-03 2.69168448e-02 5.84589035e-03
 1.33888862e-05 8.33915616e-03 2.00798517e-03 3.51581294e-04
 2.01553739e-02 7.90559089e-03 1.57546132e-02 2.19098907e-03
 4.92033436e-02 3.38118679e-02 1.22546855e-02 1.31112081e-02
 1.64211242e-02 2.37076942e-02]
[2.09151225e-03 3.46642519e-03 8.30684720e-03 3.35606959e-02
 1.90311995e-02 2.65660617e-02 2.55460468e-02 4.33202539e-02
 1.88446752e-02 5.48613920e-03 2.92870948e-02 7.38090765e-04
 1.33170103e-02 2.16450361e-02 1.98666279e-02 1.58654944e-02
 3.19629025e-02 7.83377078e-03 2.69168448e-02 5.84589035e-03
 1.33888862e-05 8.33915616e-03 2.00798517e-03 3.51581294e-04
 2.01553739e-02 7.90559089e-03 1.57546132e-02 2.19098907e-03
 4.92033436e-02 3.38118679e-02 1.22546855e-02 1.31112081e-02
 1.64211242e-02 2.37076942e-02]
[2.09151225e-03 3.46642519e-03 8.30684720e-03 3.35606959e-02
 1.90311995e-02 2.65660617e-02 2.55460468e-02 4.33202539e-02
 1.88446752e-02 5.48613920e-03 2.92870948e-02 7.38090765e-04
 1.33170103e-02 2.16450361e-02 1.98666279e-02 1.58654944e-02
 3.19629025e-02 7.83377078e-03 2.69168448e-02 5.84589035e-03
 1.33888862e-05 8.33915616e-03 2.00798517e-03 3.51581294e-04
 2.01553739e-02 7.90559089e-03 1.57546132e-02 2.19098907e-03
 4.92033436e-02 3.38118679e-02 1.22546855e-02 1.31112081e-02
 1.64211242e-02 2.37076942e-02]
[2.09151225e-03 3.46642519e-03 8.30684720e-03 3.35606959e-02
 1.90311995e-02 2.65660617e-02 2.55460468e-02 4.33202539e-02
 1.88446752e-02 5.48613920e-03 2.92870948e-02 7.38090765e-04
 1.33170103e-02 2.16450361e-02 1.98666279e-02 1.58654944e-02
 3.19629025e-02 7.83377078e-03 2.69168448e-02 5.84589035e-03
 1.33888862e-05 8.33915616e-03 2.00798517e-03 3.51581294e-04
 2.01553739e-02 7.90559089e-03 1.57546132e-02 2.19098907e-03
 4.92033436e-02 3.38118679e-02 1.22546855e-02 1.31112081e-02
 1.64211242e-02 2.37076942e-02]
[2.09151225e-03 3.46642519e-03 8.30684720e-03 3.35606959e-02
 1.90311995e-02 2.65660617e-02 2.55460468e-02 4.33202539e-02
 1.88446752e-02 5.48613920e-03 2.92870948e-02 7.38090765e-04
 1.33170103e-02 2.16450361e-02 1.98666279e-02 1.58654944e-02
 3.19629025e-02 7.83377078e-03 2.69168448e-02 5.84589035e-03
 1.33888862e-05 8.33915616e-03 2.00798517e-03 3.51581294e-04
 2.01553739e-02 7.90559089e-03 1.57546132e-02 2.19098907e-03
 4.92033436e-02 3.38118679e-02 1.22546855e-02 1.31112081e-02
 1.64211242e-02 2.37076942e-02]
[2.09151225e-03 3.46642519e-03 8.30684720e-03 3.35606959e-02
 1.90311995e-02 2.65660617e-02 2.55460468e-02 4.33202539e-02
 1.88446752e-02 5.48613920e-03 2.92870948e-02 7.38090765e-04
 1.33170103e-02 2.16450361e-02 1.98666279e-02 1.58654944e-02
 3.19629025e-02 7.83377078e-03 2.69168448e-02 5.84589035e-03
 1.33888862e-05 8.33915616e-03 2.00798517e-03 3.51581294e-04
 2.01553739e-02 7.90559089e-03 1.57546132e-02 2.19098907e-03
 4.92033436e-02 3.38118679e-02 1.22546855e-02 1.31112081e-02
 1.64211242e-02 2.37076942e-02]
[2.09151225e-03 3.46642519e-03 8.30684720e-03 3.35606959e-02
 1.90311995e-02 2.65660617e-02 2.55460468e-02 4.33202539e-02
 1.88446752e-02 5.48613920e-03 2.92870948e-02 7.38090765e-04
 1.33170103e-02 2.16450361e-02 1.98666279e-02 1.58654944e-02
 3.19629025e-02 7.83377078e-03 2.69168448e-02 5.84589035e-03
 1.33888862e-05 8.33915616e-03 2.00798517e-03 3.51581294e-04
 2.01553739e-02 7.90559089e-03 1.57546132e-02 2.19098907e-03
 4.92033436e-02 3.38118679e-02 1.22546855e-02 1.31112081e-02
 1.64211242e-02 2.37076942e-02]
[2.09151225e-03 3.46642519e-03 8.30684720e-03 3.35606959e-02
 1.90311995e-02 2.65660617e-02 2.55460468e-02 4.33202539e-02
 1.88446752e-02 5.48613920e-03 2.92870948e-02 7.38090765e-04
 1.33170103e-02 2.16450361e-02 1.98666279e-02 1.58654944e-02
 3.19629025e-02 7.83377078e-03 2.69168448e-02 5.84589035e-03
 1.33888862e-05 8.33915616e-03 2.00798517e-03 3.51581294e-04
 2.01553739e-02 7.90559089e-03 1.57546132e-02 2.19098907e-03
 4.92033436e-02 3.38118679e-02 1.22546855e-02 1.31112081e-02
 1.64211242e-02 2.37076942e-02]
[2.09151225e-03 3.46642519e-03 8.30684720e-03 3.35606959e-02
 1.90311995e-02 2.65660617e-02 2.55460468e-02 4.33202539e-02
 1.88446752e-02 5.48613920e-03 2.92870948e-02 7.38090765e-04
 1.33170103e-02 2.16450361e-02 1.98666279e-02 1.58654944e-02
 3.19629025e-02 7.83377078e-03 2.69168448e-02 5.84589035e-03
 1.33888862e-05 8.33915616e-03 2.00798517e-03 3.51581294e-04
 2.01553739e-02 7.90559089e-03 1.57546132e-02 2.19098907e-03
 4.92033436e-02 3.38118679e-02 1.22546855e-02 1.31112081e-02
 1.64211242e-02 2.37076942e-02]
[2.09151225e-03 3.46642519e-03 8.30684720e-03 3.35606959e-02
 1.90311995e-02 2.65660617e-02 2.55460468e-02 4.33202539e-02
 1.88446752e-02 5.48613920e-03 2.92870948e-02 7.38090765e-04
 1.33170103e-02 2.16450361e-02 1.98666279e-02 1.58654944e-02
 3.19629025e-02 7.83377078e-03 2.69168448e-02 5.84589035e-03
 1.33888862e-05 8.33915616e-03 2.00798517e-03 3.51581294e-04
 2.01553739e-02 7.90559089e-03 1.57546132e-02 2.19098907e-03
 4.92033436e-02 3.38118679e-02 1.22546855e-02 1.31112081e-02
 1.64211242e-02 2.37076942e-02]
[2.09151225e-03 3.46642519e-03 8.30684720e-03 3.35606959e-02
 1.90311995e-02 2.65660617e-02 2.55460468e-02 4.33202539e-02
 1.88446752e-02 5.48613920e-03 2.92870948e-02 7.38090765e-04
 1.33170103e-02 2.16450361e-02 1.98666279e-02 1.58654944e-02
 3.19629025e-02 7.83377078e-03 2.69168448e-02 5.84589035e-03
 1.33888862e-05 8.33915616e-03 2.00798517e-03 3.51581294e-04
 2.01553739e-02 7.90559089e-03 1.57546132e-02 2.19098907e-03
 4.92033436e-02 3.38118679e-02 1.22546855e-02 1.31112081e-02
 1.64211242e-02 2.37076942e-02]
[2.09151225e-03 3.46642519e-03 8.30684720e-03 3.35606959e-02
 1.90311995e-02 2.65660617e-02 2.55460468e-02 4.33202539e-02
 1.88446752e-02 5.48613920e-03 2.92870948e-02 7.38090765e-04
 1.33170103e-02 2.16450361e-02 1.98666279e-02 1.58654944e-02
 3.19629025e-02 7.83377078e-03 2.69168448e-02 5.84589035e-03
 1.33888862e-05 8.33915616e-03 2.00798517e-03 3.51581294e-04
 2.01553739e-02 7.90559089e-03 1.57546132e-02 2.19098907e-03
 4.92033436e-02 3.38118679e-02 1.22546855e-02 1.31112081e-02
 1.64211242e-02 2.37076942e-02]
