[0.00633476 0.03940921 0.01603543 0.03943643 0.01960965 0.05569206
 0.02338625 0.06978394 0.03665311 0.01121427 0.06514546 0.02664206
 0.08383372 0.02755967 0.02056411 0.02281487 0.01521474 0.03277353
 0.02307005 0.00846456 0.00336763 0.00411782 0.00104241 0.00122155
 0.00696055 0.05498776 0.02692388 0.01426895 0.00477944 0.02585248
 0.04262736 0.01950465 0.01224435 0.05171113]
[0.00344691 0.00582571 0.01409189 0.04207104 0.04527625 0.03680954
 0.04660276 0.00655088 0.0008699  0.00088493 0.00406272 0.06741619
 0.01934265 0.06563393 0.01110109 0.02363876 0.06010601 0.02747796
 0.06260281 0.01844035 0.00744571 0.00976737 0.00500394 0.00076303
 0.01933046 0.07447035 0.07432248 0.07158141 0.01695065 0.00419346
 0.04693874 0.01157021 0.03800362 0.030747  ]
[0.00570402 0.04105399 0.01570438 0.03980881 0.01322628 0.04402379
 0.03506527 0.04658949 0.02661437 0.00749974 0.03255683 0.00446408
 0.02845686 0.02094511 0.02558483 0.00249318 0.02656028 0.00758601
 0.03209398 0.00943293 0.01098806 0.00156267 0.00206679 0.00518025
 0.04058784 0.06188801 0.04993546 0.01295413 0.03413982 0.01104569
 0.02228009 0.02663066 0.03778846 0.03359979]
[0.00570402 0.04105399 0.01570438 0.03980881 0.01322628 0.04402379
 0.03506527 0.04658949 0.02661437 0.00749974 0.03255683 0.00446408
 0.02845686 0.02094511 0.02558483 0.00249318 0.02656028 0.00758601
 0.03209398 0.00943293 0.01098806 0.00156267 0.00206679 0.00518025
 0.04058784 0.06188801 0.04993546 0.01295413 0.03413982 0.01104569
 0.02228009 0.02663066 0.03778846 0.03359979]
[0.00570402 0.04105399 0.01570438 0.03980881 0.01322628 0.04402379
 0.03506527 0.04658949 0.02661437 0.00749974 0.03255683 0.00446408
 0.02845686 0.02094511 0.02558483 0.00249318 0.02656028 0.00758601
 0.03209398 0.00943293 0.01098806 0.00156267 0.00206679 0.00518025
 0.04058784 0.06188801 0.04993546 0.01295413 0.03413982 0.01104569
 0.02228009 0.02663066 0.03778846 0.03359979]
[0.00570402 0.04105399 0.01570438 0.03980881 0.01322628 0.04402379
 0.03506527 0.04658949 0.02661437 0.00749974 0.03255683 0.00446408
 0.02845686 0.02094511 0.02558483 0.00249318 0.02656028 0.00758601
 0.03209398 0.00943293 0.01098806 0.00156267 0.00206679 0.00518025
 0.04058784 0.06188801 0.04993546 0.01295413 0.03413982 0.01104569
 0.02228009 0.02663066 0.03778846 0.03359979]
[0.00226129 0.07819487 0.02245405 0.06417303 0.00653202 0.05137918
 0.00848193 0.02109717 0.01511333 0.00487187 0.04490913 0.04028629
 0.04339422 0.01807357 0.06051556 0.02539081 0.01048738 0.00530413
 0.06361443 0.00151784 0.00241236 0.0126005  0.00195806 0.00951315
 0.065703   0.0572973  0.06651024 0.00549139 0.03085556 0.04326171
 0.0248003  0.0276586  0.02821866 0.02539686]
[6.13425984e-03 1.01645198e-03 2.36804549e-02 6.48217357e-02
 3.28510079e-02 8.33778711e-02 4.17632339e-02 1.34952913e-02
 6.77356143e-02 3.52941902e-03 1.78356557e-02 2.08502381e-02
 5.00281413e-02 2.10053285e-02 1.00438084e-02 2.30272672e-02
 1.88194269e-02 7.94997070e-03 8.76997113e-02 1.59506456e-03
 3.66945330e-03 1.03824300e-03 7.19843242e-03 7.49405003e-05
 9.79300953e-02 7.21734287e-02 6.85574477e-02 4.82008021e-02
 2.17199551e-02 4.67319065e-02 9.80557972e-03 3.33393701e-03
 2.72456486e-03 1.80605885e-02]
[0.00205942 0.02778094 0.00469037 0.07169837 0.00800203 0.0770558
 0.0549183  0.00105117 0.00965628 0.00548809 0.00050947 0.03029145
 0.00472722 0.03487989 0.05640747 0.02595582 0.01570389 0.00688588
 0.09510895 0.00596913 0.0027886  0.00604881 0.00514738 0.00013219
 0.01872751 0.08358226 0.08338208 0.06641313 0.03540099 0.00688047
 0.02247072 0.02882067 0.04284361 0.05845556]
[0.00147645 0.04699864 0.01250863 0.02699882 0.01511092 0.0305564
 0.06890653 0.00273674 0.00504277 0.00517109 0.02743067 0.02228165
 0.04481181 0.0352752  0.01332616 0.01211046 0.03477404 0.04080356
 0.02759249 0.01040732 0.00499616 0.00241784 0.00318707 0.00580565
 0.0316221  0.03930665 0.0191118  0.02524609 0.06534474 0.046017
 0.05289487 0.0205104  0.02514691 0.0556103 ]
[0.00121345 0.03742786 0.00571986 0.03710953 0.04525503 0.0589557
 0.06811687 0.00078932 0.01036009 0.00306857 0.06665173 0.06048842
 0.05188355 0.05731584 0.00484059 0.00018486 0.00022313 0.00310263
 0.07685496 0.00358601 0.00447265 0.00683345 0.00039005 0.0113749
 0.06982681 0.0140302  0.04418901 0.03998839 0.03062656 0.03667361
 0.00138098 0.01555861 0.00185301 0.03948434]
[0.00096177 0.00087419 0.00956153 0.01623713 0.00840066 0.02165904
 0.05806835 0.03555067 0.02631173 0.0085139  0.08040066 0.05701297
 0.01004279 0.08187357 0.00482703 0.02398953 0.00132838 0.04296582
 0.01541778 0.01587037 0.00808673 0.00388032 0.0063212  0.01198754
 0.02633    0.0265817  0.01712125 0.05712068 0.01605906 0.06652188
 0.0097554  0.00572949 0.02759755 0.03435228]
[0.00727625 0.00816881 0.01907217 0.01589685 0.04568551 0.05353893
 0.03037265 0.03219618 0.04947455 0.00340857 0.04771104 0.00413475
 0.03215252 0.07704542 0.0341442  0.01786426 0.03562846 0.03359574
 0.04307722 0.00369991 0.00472424 0.00578031 0.00196044 0.00107492
 0.06218374 0.05173847 0.05244214 0.01013068 0.00063761 0.0575027
 0.0450821  0.01338309 0.04137155 0.03957278]
[0.00469948 0.03126206 0.01534562 0.02052425 0.0246846  0.02000757
 0.00545007 0.06173009 0.0346001  0.01216529 0.05748052 0.02271244
 0.05354898 0.00371125 0.02080473 0.00861764 0.03728564 0.03750993
 0.04920196 0.01336946 0.00909015 0.0083706  0.00230185 0.00657347
 0.05819766 0.05687915 0.02274897 0.0515303  0.04504223 0.01589728
 0.05969161 0.0049727  0.02695976 0.04020566]
[0.00469948 0.03126206 0.01534562 0.02052425 0.0246846  0.02000757
 0.00545007 0.06173009 0.0346001  0.01216529 0.05748052 0.02271244
 0.05354898 0.00371125 0.02080473 0.00861764 0.03728564 0.03750993
 0.04920196 0.01336946 0.00909015 0.0083706  0.00230185 0.00657347
 0.05819766 0.05687915 0.02274897 0.0515303  0.04504223 0.01589728
 0.05969161 0.0049727  0.02695976 0.04020566]
[0.00348724 0.02558267 0.02405163 0.00088461 0.064092   0.08442882
 0.06707242 0.00644555 0.00872806 0.00462489 0.02496083 0.00923024
 0.04453427 0.00442026 0.02738579 0.00490716 0.04706767 0.02875015
 0.00353183 0.01486645 0.00972744 0.00372682 0.00603489 0.0073866
 0.10434496 0.03790248 0.01702077 0.02738715 0.09641626 0.03832948
 0.05464495 0.03703868 0.03621897 0.01567599]
[0.00430785 0.06259308 0.00417857 0.00332465 0.0544181  0.06724436
 0.08423651 0.02720073 0.04084137 0.01064176 0.02502454 0.05275686
 0.00355459 0.03090128 0.03849459 0.02489952 0.04039772 0.00872965
 0.02037381 0.01945913 0.00515666 0.00374978 0.00174638 0.01135803
 0.02449844 0.02535303 0.01847416 0.05313622 0.03730799 0.03943619
 0.06294324 0.00427748 0.03717314 0.03646822]
[0.00367011 0.03450909 0.00568805 0.00586633 0.06984056 0.01089319
 0.09954911 0.00139814 0.04260363 0.0115198  0.00015684 0.02278538
 0.05394319 0.04541521 0.05841956 0.01717573 0.00265559 0.00228371
 0.06688081 0.01483866 0.00690027 0.00295595 0.00525215 0.00372235
 0.03964727 0.01354831 0.0406439  0.03903081 0.03960027 0.01104803
 0.03323936 0.00164168 0.03942608 0.02139391]
[0.00347841 0.0024231  0.00448927 0.02936634 0.03912362 0.03573831
 0.01261251 0.01630645 0.0330668  0.01081131 0.04058437 0.02006448
 0.06310903 0.03296255 0.01956482 0.00687935 0.00373331 0.0237549
 0.06405916 0.01363902 0.00039712 0.00953074 0.00101984 0.00611083
 0.04976938 0.03892073 0.04729955 0.00238876 0.05719485 0.00928663
 0.04870242 0.0022292  0.00980924 0.02509198]
[5.51513401e-03 6.29576351e-03 1.35297747e-02 2.77145514e-05
 3.69735404e-02 2.86008680e-02 4.01656123e-02 1.25515500e-02
 3.91012342e-04 7.19475798e-04 5.80933816e-02 2.17591605e-02
 6.68805028e-02 6.16271265e-02 6.47416721e-03 8.66462146e-03
 2.58550165e-02 1.55164666e-02 7.26517110e-02 1.57104224e-02
 9.89013728e-03 5.54646970e-03 3.92973988e-03 4.74840920e-03
 4.29019866e-02 5.45768287e-02 3.98666886e-02 6.00071424e-03
 4.39816972e-02 2.25957662e-02 4.25090340e-02 1.14579558e-02
 2.27074860e-02 1.71810957e-02]
