[0.00656762 0.04443518 0.01491293 0.05136996 0.00090894 0.02389726
 0.03742889 0.0180685  0.04848356 0.00639377 0.05903737 0.04010311
 0.01159898 0.03141427 0.04585168 0.00604938 0.00867556 0.01639042
 0.04062094 0.01830435 0.01123191 0.0036666  0.00607464 0.01527909
 0.04467054 0.06816286 0.07917231 0.06308807 0.04093002 0.04035565
 0.03595561 0.00505143 0.00371444 0.0494915 ]
[0.00543047 0.05434888 0.00796181 0.04513452 0.01505548 0.03907507
 0.05753813 0.04716483 0.04915904 0.00508453 0.05389662 0.03491473
 0.01572512 0.03563861 0.05503969 0.00748514 0.01549008 0.02743034
 0.00284152 0.00675192 0.00349801 0.00543343 0.00518629 0.01135704
 0.00600296 0.02705858 0.04510346 0.03194739 0.03499169 0.00899198
 0.03276921 0.00623176 0.02964014 0.02967578]
[0.00482208 0.05029557 0.01715121 0.06650559 0.0302229  0.0219883
 0.03446413 0.02050746 0.01727209 0.00083875 0.01476326 0.05089952
 0.02511409 0.05690905 0.04682813 0.02388925 0.04691066 0.0241803
 0.01525537 0.01443571 0.0015639  0.00685351 0.00323767 0.00631807
 0.04472903 0.0084099  0.01768306 0.05188701 0.01348709 0.02375601
 0.04504643 0.00673922 0.00396375 0.02622563]
[0.00122768 0.02901201 0.01520904 0.0661952  0.04272286 0.00872875
 0.01783061 0.03326528 0.02590763 0.00842726 0.004308   0.00786486
 0.04441949 0.05445675 0.02547641 0.00098443 0.01369053 0.02622079
 0.01043934 0.00646528 0.00428734 0.00573038 0.00412401 0.00152945
 0.03378701 0.04125751 0.0186259  0.03028703 0.03875767 0.01169975
 0.04725249 0.01423427 0.0257391  0.00556805]
[0.00230678 0.02953315 0.01528765 0.0701986  0.05210742 0.00206588
 0.0014879  0.04724202 0.00497783 0.00589829 0.01916977 0.05295371
 0.03249657 0.05482649 0.02543857 0.02324826 0.00545658 0.02952878
 0.02027275 0.01697817 0.00915529 0.01286936 0.001428   0.00716759
 0.04018145 0.00834472 0.0524544  0.05425209 0.07006519 0.00640869
 0.00517891 0.01557316 0.03576493 0.02833035]
[0.00230678 0.02953315 0.01528765 0.0701986  0.05210742 0.00206588
 0.0014879  0.04724202 0.00497783 0.00589829 0.01916977 0.05295371
 0.03249657 0.05482649 0.02543857 0.02324826 0.00545658 0.02952878
 0.02027275 0.01697817 0.00915529 0.01286936 0.001428   0.00716759
 0.04018145 0.00834472 0.0524544  0.05425209 0.07006519 0.00640869
 0.00517891 0.01557316 0.03576493 0.02833035]
[0.00237724 0.03300223 0.01105603 0.04595667 0.00139189 0.01734407
 0.00570069 0.04335176 0.01540056 0.00019225 0.05438798 0.00714973
 0.02218753 0.05280754 0.02869387 0.0068727  0.04879596 0.03046082
 0.00252362 0.00316537 0.00290421 0.0116785  0.00375191 0.00563288
 0.05288104 0.01135046 0.03459997 0.07094338 0.02112767 0.04333964
 0.00766427 0.0191712  0.02825388 0.00068668]
[0.00237724 0.03300223 0.01105603 0.04595667 0.00139189 0.01734407
 0.00570069 0.04335176 0.01540056 0.00019225 0.05438798 0.00714973
 0.02218753 0.05280754 0.02869387 0.0068727  0.04879596 0.03046082
 0.00252362 0.00316537 0.00290421 0.0116785  0.00375191 0.00563288
 0.05288104 0.01135046 0.03459997 0.07094338 0.02112767 0.04333964
 0.00766427 0.0191712  0.02825388 0.00068668]
[0.00237724 0.03300223 0.01105603 0.04595667 0.00139189 0.01734407
 0.00570069 0.04335176 0.01540056 0.00019225 0.05438798 0.00714973
 0.02218753 0.05280754 0.02869387 0.0068727  0.04879596 0.03046082
 0.00252362 0.00316537 0.00290421 0.0116785  0.00375191 0.00563288
 0.05288104 0.01135046 0.03459997 0.07094338 0.02112767 0.04333964
 0.00766427 0.0191712  0.02825388 0.00068668]
[0.00237724 0.03300223 0.01105603 0.04595667 0.00139189 0.01734407
 0.00570069 0.04335176 0.01540056 0.00019225 0.05438798 0.00714973
 0.02218753 0.05280754 0.02869387 0.0068727  0.04879596 0.03046082
 0.00252362 0.00316537 0.00290421 0.0116785  0.00375191 0.00563288
 0.05288104 0.01135046 0.03459997 0.07094338 0.02112767 0.04333964
 0.00766427 0.0191712  0.02825388 0.00068668]
[0.00270688 0.02364346 0.01860454 0.02087222 0.04946665 0.00424443
 0.06003835 0.0593992  0.00511981 0.00787175 0.03469229 0.00296344
 0.03230679 0.08684219 0.0223165  0.02746326 0.04305337 0.04558645
 0.0222195  0.02094631 0.01240474 0.00431948 0.00307756 0.00725014
 0.00317556 0.02827468 0.05512619 0.08763834 0.00364099 0.07017904
 0.00379865 0.01514413 0.00907905 0.02653578]
[0.00668559 0.03172136 0.02136453 0.02768389 0.02425223 0.01319714
 0.08294341 0.08469355 0.03657289 0.00090998 0.02107988 0.04209018
 0.05638142 0.09893325 0.02664734 0.01135512 0.023332   0.04621996
 0.00734775 0.01708222 0.00075757 0.00959176 0.00297536 0.00384662
 0.04934455 0.00565791 0.05315601 0.02610496 0.02483522 0.00908388
 0.04563264 0.01502065 0.02181718 0.04681107]
[0.01068467 0.02479482 0.00964144 0.06404631 0.07980388 0.00330178
 0.09720742 0.01915402 0.00741386 0.01641878 0.0411346  0.11135928
 0.0539222  0.03168641 0.01281159 0.01591374 0.00786166 0.02455393
 0.03961924 0.00485566 0.00345265 0.00244764 0.00166494 0.00937229
 0.06172028 0.0400679  0.02334551 0.03072824 0.01462282 0.04757401
 0.01251849 0.00431677 0.02283536 0.01198506]
[0.00606584 0.05755804 0.00785047 0.08341418 0.0457103  0.00616955
 0.04916809 0.02300431 0.00339127 0.00675402 0.02779107 0.06898443
 0.01889426 0.04116734 0.0307881  0.00906186 0.00507251 0.03867293
 0.01759284 0.01288898 0.00145816 0.01531215 0.00517069 0.01436011
 0.07679721 0.00372074 0.03211578 0.04401593 0.04185706 0.05888266
 0.0583743  0.01286879 0.01405571 0.02221705]
[0.00606584 0.05755804 0.00785047 0.08341418 0.0457103  0.00616955
 0.04916809 0.02300431 0.00339127 0.00675402 0.02779107 0.06898443
 0.01889426 0.04116734 0.0307881  0.00906186 0.00507251 0.03867293
 0.01759284 0.01288898 0.00145816 0.01531215 0.00517069 0.01436011
 0.07679721 0.00372074 0.03211578 0.04401593 0.04185706 0.05888266
 0.0583743  0.01286879 0.01405571 0.02221705]
[0.00593225 0.07503169 0.01874966 0.00633243 0.04320497 0.05744726
 0.05698898 0.00788178 0.02866585 0.01584088 0.0095355  0.08483554
 0.06514232 0.06596506 0.01567241 0.02684452 0.02302466 0.01515035
 0.0173575  0.00619723 0.00600821 0.00882339 0.00386875 0.00270886
 0.02979258 0.01072107 0.02971602 0.0256355  0.06049086 0.0373339
 0.01599341 0.0304967  0.02071762 0.06058734]
[0.00397262 0.07094752 0.00498163 0.00747357 0.01988283 0.0177899
 0.05341983 0.0610398  0.04354025 0.00875418 0.01494755 0.0494637
 0.00872032 0.06900053 0.05225914 0.00347651 0.00148889 0.04426725
 0.01507483 0.00396581 0.00164783 0.01189037 0.00672541 0.00524825
 0.04710581 0.04299588 0.04214318 0.00087437 0.00953109 0.03289356
 0.04155741 0.01523414 0.03623787 0.03114394]
[0.00172767 0.09338386 0.01741434 0.0418075  0.06030227 0.0559001
 0.00955625 0.07361435 0.04238402 0.01231685 0.05966434 0.01441401
 0.05223482 0.00438049 0.02952082 0.02565183 0.04789091 0.04006355
 0.01052122 0.01804989 0.0101871  0.00536929 0.00097229 0.00153517
 0.00050705 0.02267782 0.01463    0.05543217 0.02119252 0.00685482
 0.02907409 0.0245426  0.01390778 0.03154315]
[0.0001089  0.02834931 0.01808716 0.05635082 0.03118518 0.03897328
 0.03718624 0.07346712 0.04983246 0.00771483 0.04493564 0.04217508
 0.00236722 0.038167   0.00200073 0.01342652 0.0037852  0.01777817
 0.04214303 0.01248617 0.00680642 0.0006869  0.00489186 0.00984906
 0.01173566 0.03030206 0.00545726 0.06482424 0.01194297 0.03882613
 0.0205568  0.0040652  0.0192032  0.05461846]
[0.0001089  0.02834931 0.01808716 0.05635082 0.03118518 0.03897328
 0.03718624 0.07346712 0.04983246 0.00771483 0.04493564 0.04217508
 0.00236722 0.038167   0.00200073 0.01342652 0.0037852  0.01777817
 0.04214303 0.01248617 0.00680642 0.0006869  0.00489186 0.00984906
 0.01173566 0.03030206 0.00545726 0.06482424 0.01194297 0.03882613
 0.0205568  0.0040652  0.0192032  0.05461846]
