[0.00124068 0.05289544 0.01900817 0.06249432 0.01077692 0.02736049
 0.06693865 0.00725963 0.00162653 0.00144878 0.05777739 0.05070793
 0.0308395  0.03809568 0.00079154 0.00129786 0.01983819 0.00244615
 0.05723062 0.00931571 0.00631169 0.00708995 0.00024468 0.00318591
 0.03213563 0.06261763 0.02383479 0.03112093 0.05876016 0.03011507
 0.04993377 0.02026737 0.01404429 0.01042847]
[0.00814411 0.00936829 0.01465069 0.04922608 0.00672255 0.08062409
 0.04403588 0.02406479 0.01907098 0.00678424 0.01050095 0.00870128
 0.02109419 0.00782555 0.04384832 0.02320933 0.05425619 0.04695492
 0.07999537 0.00395822 0.00223268 0.00937889 0.00533718 0.0164365
 0.04902018 0.06356673 0.05421774 0.02429251 0.00747482 0.04330923
 0.02532943 0.03275063 0.00414777 0.03507571]
[0.00814411 0.00936829 0.01465069 0.04922608 0.00672255 0.08062409
 0.04403588 0.02406479 0.01907098 0.00678424 0.01050095 0.00870128
 0.02109419 0.00782555 0.04384832 0.02320933 0.05425619 0.04695492
 0.07999537 0.00395822 0.00223268 0.00937889 0.00533718 0.0164365
 0.04902018 0.06356673 0.05421774 0.02429251 0.00747482 0.04330923
 0.02532943 0.03275063 0.00414777 0.03507571]
[0.00363831 0.00796085 0.01636768 0.0533452  0.00343255 0.01144691
 0.05446171 0.04792232 0.05374027 0.00361044 0.01138104 0.05113166
 0.00830921 0.01969319 0.02124839 0.00171122 0.0405008  0.03556558
 0.0134316  0.01357342 0.00224357 0.00449211 0.00619212 0.00193649
 0.0630188  0.07755054 0.07103281 0.06075706 0.03756017 0.01615631
 0.03215779 0.00381985 0.03496119 0.05013349]
[0.00558794 0.0308482  0.00363541 0.05991232 0.01349157 0.05902087
 0.02790158 0.06432967 0.04251382 0.0064968  0.00466123 0.02362782
 0.03300408 0.04788296 0.01411423 0.01124404 0.02895775 0.01023356
 0.01574004 0.00207433 0.00200398 0.01322291 0.00575477 0.00868581
 0.05596038 0.04365524 0.04278013 0.04183797 0.04576614 0.0605432
 0.0313645  0.02954193 0.0182344  0.0063669 ]
[0.00550604 0.03130708 0.01309296 0.01339753 0.01524825 0.06638642
 0.01714331 0.04792304 0.01649585 0.00182748 0.01960411 0.04966872
 0.05840501 0.07261689 0.0169989  0.01722513 0.04625184 0.04000689
 0.04103472 0.00081386 0.00529018 0.00736656 0.00256025 0.00424934
 0.03637362 0.02745539 0.06189754 0.0712586  0.01272925 0.04044695
 0.03911215 0.00810794 0.02285769 0.00775848]
[2.25440568e-03 1.70743687e-02 4.98463141e-04 2.72163084e-02
 5.91253156e-03 9.30222568e-03 1.58626132e-02 5.82685801e-02
 3.77686973e-02 4.73919570e-05 3.92697467e-02 9.92934650e-03
 3.99631138e-02 5.51734700e-02 4.30131311e-02 1.74307796e-02
 2.53225482e-02 2.70357401e-02 5.39241346e-02 2.37264566e-03
 1.06308226e-03 1.34673584e-03 4.42780033e-04 5.53564533e-03
 1.31722592e-03 2.99681522e-02 6.00147602e-02 1.52065230e-03
 4.11447276e-02 4.22730433e-02 5.71917799e-02 1.21141182e-03
 3.13509026e-02 3.11342728e-02]
[2.25440568e-03 1.70743687e-02 4.98463141e-04 2.72163084e-02
 5.91253156e-03 9.30222568e-03 1.58626132e-02 5.82685801e-02
 3.77686973e-02 4.73919570e-05 3.92697467e-02 9.92934650e-03
 3.99631138e-02 5.51734700e-02 4.30131311e-02 1.74307796e-02
 2.53225482e-02 2.70357401e-02 5.39241346e-02 2.37264566e-03
 1.06308226e-03 1.34673584e-03 4.42780033e-04 5.53564533e-03
 1.31722592e-03 2.99681522e-02 6.00147602e-02 1.52065230e-03
 4.11447276e-02 4.22730433e-02 5.71917799e-02 1.21141182e-03
 3.13509026e-02 3.11342728e-02]
[2.25440568e-03 1.70743687e-02 4.98463141e-04 2.72163084e-02
 5.91253156e-03 9.30222568e-03 1.58626132e-02 5.82685801e-02
 3.77686973e-02 4.73919570e-05 3.92697467e-02 9.92934650e-03
 3.99631138e-02 5.51734700e-02 4.30131311e-02 1.74307796e-02
 2.53225482e-02 2.70357401e-02 5.39241346e-02 2.37264566e-03
 1.06308226e-03 1.34673584e-03 4.42780033e-04 5.53564533e-03
 1.31722592e-03 2.99681522e-02 6.00147602e-02 1.52065230e-03
 4.11447276e-02 4.22730433e-02 5.71917799e-02 1.21141182e-03
 3.13509026e-02 3.11342728e-02]
[2.25440568e-03 1.70743687e-02 4.98463141e-04 2.72163084e-02
 5.91253156e-03 9.30222568e-03 1.58626132e-02 5.82685801e-02
 3.77686973e-02 4.73919570e-05 3.92697467e-02 9.92934650e-03
 3.99631138e-02 5.51734700e-02 4.30131311e-02 1.74307796e-02
 2.53225482e-02 2.70357401e-02 5.39241346e-02 2.37264566e-03
 1.06308226e-03 1.34673584e-03 4.42780033e-04 5.53564533e-03
 1.31722592e-03 2.99681522e-02 6.00147602e-02 1.52065230e-03
 4.11447276e-02 4.22730433e-02 5.71917799e-02 1.21141182e-03
 3.13509026e-02 3.11342728e-02]
[2.25440568e-03 1.70743687e-02 4.98463141e-04 2.72163084e-02
 5.91253156e-03 9.30222568e-03 1.58626132e-02 5.82685801e-02
 3.77686973e-02 4.73919570e-05 3.92697467e-02 9.92934650e-03
 3.99631138e-02 5.51734700e-02 4.30131311e-02 1.74307796e-02
 2.53225482e-02 2.70357401e-02 5.39241346e-02 2.37264566e-03
 1.06308226e-03 1.34673584e-03 4.42780033e-04 5.53564533e-03
 1.31722592e-03 2.99681522e-02 6.00147602e-02 1.52065230e-03
 4.11447276e-02 4.22730433e-02 5.71917799e-02 1.21141182e-03
 3.13509026e-02 3.11342728e-02]
[5.33285618e-03 4.82663998e-02 7.78893559e-03 1.99155319e-02
 6.25251163e-05 2.29735509e-02 2.32748715e-02 4.88211231e-02
 2.10976477e-02 1.13396565e-03 1.71099367e-02 1.94517530e-02
 6.41406859e-02 1.05645499e-02 2.60037481e-02 2.26063610e-02
 3.24089523e-02 2.65625235e-02 4.84100177e-02 2.22895420e-03
 3.62709514e-03 6.01555458e-03 6.05265218e-03 6.44912109e-03
 3.24937966e-02 1.21301604e-02 5.70383064e-02 4.60317433e-02
 5.31135482e-02 2.50098891e-02 3.26147654e-02 3.99218573e-03
 9.19049711e-03 2.61054714e-02]
[5.33285618e-03 4.82663998e-02 7.78893559e-03 1.99155319e-02
 6.25251163e-05 2.29735509e-02 2.32748715e-02 4.88211231e-02
 2.10976477e-02 1.13396565e-03 1.71099367e-02 1.94517530e-02
 6.41406859e-02 1.05645499e-02 2.60037481e-02 2.26063610e-02
 3.24089523e-02 2.65625235e-02 4.84100177e-02 2.22895420e-03
 3.62709514e-03 6.01555458e-03 6.05265218e-03 6.44912109e-03
 3.24937966e-02 1.21301604e-02 5.70383064e-02 4.60317433e-02
 5.31135482e-02 2.50098891e-02 3.26147654e-02 3.99218573e-03
 9.19049711e-03 2.61054714e-02]
[0.00567341 0.03867139 0.01778547 0.0467593  0.03655817 0.00584365
 0.05175032 0.02633043 0.04006796 0.01004203 0.04180398 0.03987042
 0.06430485 0.02173622 0.03780407 0.02063752 0.0218661  0.03809228
 0.02897089 0.00887665 0.00650609 0.00841594 0.00025388 0.01220548
 0.04994949 0.00594367 0.01489233 0.01822696 0.01340271 0.00139034
 0.04206808 0.01461035 0.0241211  0.03425432]
[0.00034333 0.02239561 0.00198054 0.0531154  0.004327   0.05728871
 0.05989995 0.0726918  0.02039685 0.0178831  0.03487825 0.061803
 0.06409262 0.07079851 0.00077673 0.00059678 0.00169837 0.02631265
 0.03408637 0.00602611 0.00481569 0.00590776 0.00485824 0.01557331
 0.00265519 0.0514454  0.03352129 0.0527087  0.05998806 0.04437637
 0.02924609 0.00825903 0.02618737 0.02251332]
[0.00367748 0.05622312 0.00615727 0.01886059 0.03072021 0.05130592
 0.04424902 0.03528779 0.00660885 0.00528798 0.05695715 0.02244188
 0.04806674 0.06093096 0.03207832 0.00050698 0.0203622  0.03270857
 0.0208544  0.01343106 0.00156836 0.01200125 0.00025022 0.00303355
 0.00158032 0.07774464 0.04645774 0.03185144 0.07521658 0.06831193
 0.01578714 0.02574232 0.0176344  0.04011971]
[0.00088117 0.01378201 0.00914291 0.04658151 0.02626502 0.09024609
 0.01448383 0.04447208 0.04938342 0.01513263 0.06083695 0.06330585
 0.01585994 0.01062441 0.06274813 0.00607388 0.02157046 0.02090277
 0.00671379 0.01437208 0.00405782 0.01295673 0.00157238 0.00833777
 0.03500578 0.05474427 0.04759934 0.02892217 0.00730113 0.08825338
 0.01063427 0.01207079 0.00307172 0.08418341]
[0.00088117 0.01378201 0.00914291 0.04658151 0.02626502 0.09024609
 0.01448383 0.04447208 0.04938342 0.01513263 0.06083695 0.06330585
 0.01585994 0.01062441 0.06274813 0.00607388 0.02157046 0.02090277
 0.00671379 0.01437208 0.00405782 0.01295673 0.00157238 0.00833777
 0.03500578 0.05474427 0.04759934 0.02892217 0.00730113 0.08825338
 0.01063427 0.01207079 0.00307172 0.08418341]
[0.00434841 0.05573693 0.00113652 0.04889485 0.06037145 0.03151871
 0.02700922 0.07224607 0.00391359 0.01377582 0.01431257 0.00584689
 0.02516099 0.02057232 0.04006186 0.00094047 0.05277569 0.03705492
 0.03049344 0.00445515 0.00187333 0.00912493 0.00352652 0.01365563
 0.01233525 0.06722285 0.03810504 0.05812363 0.04137534 0.05655639
 0.00199672 0.01806902 0.02836994 0.0956141 ]
[0.00602903 0.04868979 0.01703796 0.03850112 0.0287376  0.05532999
 0.0325971  0.02805489 0.01589053 0.00428468 0.03451504 0.00669803
 0.02958787 0.01069351 0.02308131 0.01749781 0.02650622 0.01874208
 0.0449195  0.00599461 0.00746317 0.00766031 0.00521032 0.00961688
 0.04957379 0.07505292 0.06030765 0.01626372 0.01043464 0.05123044
 0.03531117 0.00649943 0.0072971  0.0568845 ]
