[0.00511769 0.03760159 0.01124716 0.02166464 0.05175954 0.001669
 0.008156   0.0142275  0.00681114 0.00669248 0.04597684 0.01257308
 0.04731898 0.03433945 0.0117312  0.02056242 0.00724356 0.03286059
 0.03971559 0.01116593 0.0075226  0.00586989 0.00063241 0.00091909
 0.01179428 0.06001075 0.04081281 0.05545557 0.00124502 0.02450748
 0.02749567 0.00107487 0.01617468 0.03858226]
[0.00511769 0.03760159 0.01124716 0.02166464 0.05175954 0.001669
 0.008156   0.0142275  0.00681114 0.00669248 0.04597684 0.01257308
 0.04731898 0.03433945 0.0117312  0.02056242 0.00724356 0.03286059
 0.03971559 0.01116593 0.0075226  0.00586989 0.00063241 0.00091909
 0.01179428 0.06001075 0.04081281 0.05545557 0.00124502 0.02450748
 0.02749567 0.00107487 0.01617468 0.03858226]
[0.00511769 0.03760159 0.01124716 0.02166464 0.05175954 0.001669
 0.008156   0.0142275  0.00681114 0.00669248 0.04597684 0.01257308
 0.04731898 0.03433945 0.0117312  0.02056242 0.00724356 0.03286059
 0.03971559 0.01116593 0.0075226  0.00586989 0.00063241 0.00091909
 0.01179428 0.06001075 0.04081281 0.05545557 0.00124502 0.02450748
 0.02749567 0.00107487 0.01617468 0.03858226]
[0.00378918 0.03869391 0.00808831 0.05193144 0.04319846 0.03258171
 0.0183671  0.01647374 0.01742574 0.00320457 0.06584749 0.01914662
 0.06242226 0.06359568 0.02467096 0.01124381 0.00531568 0.0301993
 0.04502361 0.01525902 0.00796891 0.01012749 0.00477447 0.00659265
 0.03012106 0.02181612 0.00117429 0.02937825 0.0086087  0.02671585
 0.0431797  0.00945954 0.00036073 0.01939075]
[0.00378918 0.03869391 0.00808831 0.05193144 0.04319846 0.03258171
 0.0183671  0.01647374 0.01742574 0.00320457 0.06584749 0.01914662
 0.06242226 0.06359568 0.02467096 0.01124381 0.00531568 0.0301993
 0.04502361 0.01525902 0.00796891 0.01012749 0.00477447 0.00659265
 0.03012106 0.02181612 0.00117429 0.02937825 0.0086087  0.02671585
 0.0431797  0.00945954 0.00036073 0.01939075]
[0.00373065 0.01296298 0.00685445 0.00223299 0.01207026 0.02210327
 0.02915427 0.03405288 0.0180831  0.00703631 0.01916924 0.03315291
 0.04813691 0.04987018 0.03788052 0.01816291 0.00339642 0.02079196
 0.04511916 0.00803646 0.0024255  0.01033344 0.00235811 0.0032304
 0.04624911 0.0414437  0.03526051 0.04135869 0.04082262 0.01615006
 0.0405845  0.01073466 0.0015721  0.02017467]
[0.00279538 0.02350072 0.01003203 0.02586263 0.03134547 0.02388868
 0.0223375  0.04352771 0.01194263 0.00848158 0.02624498 0.02777935
 0.02347711 0.04913145 0.01115026 0.00285701 0.03417068 0.0211178
 0.03932664 0.0018313  0.00307172 0.00580901 0.00342624 0.0050435
 0.04937327 0.03508931 0.01942693 0.02607292 0.04139804 0.02274805
 0.03674976 0.00568176 0.00915308 0.03911706]
[0.00039828 0.02537999 0.01698594 0.01015165 0.0462244  0.0029915
 0.0283401  0.02607446 0.00657041 0.0082184  0.01144158 0.0277617
 0.02524161 0.06925013 0.00176964 0.02097584 0.00302516 0.00847988
 0.01235698 0.01074086 0.0083896  0.00657042 0.00145141 0.0072707
 0.05081216 0.04897857 0.00467946 0.02634184 0.00553288 0.02099935
 0.05164561 0.02220984 0.00074969 0.03060788]
[0.00118751 0.01659054 0.01480067 0.00178051 0.04395173 0.03500971
 0.03089474 0.02136334 0.02158266 0.00280458 0.01808761 0.00310923
 0.05357776 0.04904746 0.04642547 0.01311486 0.0403557  0.0332567
 0.00900231 0.01924049 0.00928858 0.00429371 0.00407016 0.00221659
 0.00759352 0.02796276 0.00328677 0.03214069 0.04135629 0.01088962
 0.0174672  0.02448131 0.03170941 0.0495201 ]
[0.00118751 0.01659054 0.01480067 0.00178051 0.04395173 0.03500971
 0.03089474 0.02136334 0.02158266 0.00280458 0.01808761 0.00310923
 0.05357776 0.04904746 0.04642547 0.01311486 0.0403557  0.0332567
 0.00900231 0.01924049 0.00928858 0.00429371 0.00407016 0.00221659
 0.00759352 0.02796276 0.00328677 0.03214069 0.04135629 0.01088962
 0.0174672  0.02448131 0.03170941 0.0495201 ]
[0.00118751 0.01659054 0.01480067 0.00178051 0.04395173 0.03500971
 0.03089474 0.02136334 0.02158266 0.00280458 0.01808761 0.00310923
 0.05357776 0.04904746 0.04642547 0.01311486 0.0403557  0.0332567
 0.00900231 0.01924049 0.00928858 0.00429371 0.00407016 0.00221659
 0.00759352 0.02796276 0.00328677 0.03214069 0.04135629 0.01088962
 0.0174672  0.02448131 0.03170941 0.0495201 ]
[0.00235761 0.03851009 0.01145905 0.040776   0.0102431  0.00261886
 0.04655731 0.04591543 0.05717767 0.01301776 0.01140204 0.0128076
 0.06842437 0.05594946 0.00347583 0.01644264 0.02462477 0.02527018
 0.02144621 0.00797405 0.00047249 0.00312065 0.00276869 0.01287689
 0.04650242 0.04695371 0.0254164  0.04173545 0.04272443 0.03967326
 0.00727607 0.02115137 0.00914219 0.04347035]
[0.000952   0.05854071 0.00027758 0.03857396 0.0433159  0.02708955
 0.02652134 0.00790479 0.03505369 0.00532788 0.039029   0.04677422
 0.06267419 0.03059084 0.03663489 0.01607794 0.02144635 0.02797109
 0.00464927 0.01119244 0.01001506 0.0121241  0.0036645  0.00814026
 0.0594055  0.04812351 0.03801688 0.0470596  0.00905907 0.02552569
 0.02683171 0.01164041 0.01152419 0.04981955]
[0.00672576 0.04869735 0.01995603 0.02217589 0.00953789 0.06411346
 0.05550819 0.01829059 0.02956333 0.00453335 0.03304772 0.0679279
 0.05157882 0.02537322 0.034113   0.00036457 0.03956152 0.00495784
 0.03508514 0.00503905 0.01095521 0.01239645 0.00620467 0.00076483
 0.04515504 0.06863085 0.04472892 0.00821667 0.03952314 0.02494968
 0.05777837 0.00916325 0.04240021 0.03107262]
[0.00298064 0.02980672 0.01311501 0.00183565 0.03316116 0.06470832
 0.09007966 0.03844064 0.02643507 0.00949187 0.01903586 0.01703399
 0.01094911 0.02583151 0.00082492 0.00140651 0.00475219 0.04001446
 0.07585527 0.00328629 0.00092629 0.00199714 0.00514112 0.00231904
 0.03753174 0.07052786 0.08527562 0.02941923 0.04105929 0.00337302
 0.07120595 0.00968256 0.03653563 0.0744422 ]
[0.00298064 0.02980672 0.01311501 0.00183565 0.03316116 0.06470832
 0.09007966 0.03844064 0.02643507 0.00949187 0.01903586 0.01703399
 0.01094911 0.02583151 0.00082492 0.00140651 0.00475219 0.04001446
 0.07585527 0.00328629 0.00092629 0.00199714 0.00514112 0.00231904
 0.03753174 0.07052786 0.08527562 0.02941923 0.04105929 0.00337302
 0.07120595 0.00968256 0.03653563 0.0744422 ]
[0.00206429 0.0187335  0.01719519 0.0353663  0.04074309 0.07676403
 0.06431179 0.03155138 0.02052074 0.00206602 0.04677654 0.01051965
 0.00450332 0.00167157 0.00566603 0.02329723 0.00662575 0.04049992
 0.06524547 0.01596526 0.00648135 0.01344826 0.00377568 0.00153961
 0.07044908 0.06601696 0.09170866 0.0584218  0.01460888 0.02962528
 0.05451829 0.00517031 0.01938865 0.01226061]
[0.00287476 0.00706991 0.01254195 0.08234627 0.06356723 0.11567973
 0.00574928 0.04598996 0.02867595 0.00704922 0.05361093 0.06808614
 0.04627913 0.00068688 0.02986173 0.01889393 0.01055974 0.02523874
 0.12750318 0.01095103 0.01760836 0.00726958 0.00434097 0.0168634
 0.02218967 0.02585328 0.04310145 0.00593723 0.01369514 0.00401035
 0.00468902 0.00395343 0.04251537 0.00928026]
[0.00162147 0.00327718 0.0196591  0.06588254 0.02235229 0.01635254
 0.03298293 0.02978214 0.02168255 0.00199698 0.0412194  0.04138179
 0.05735531 0.03044327 0.0680298  0.01187964 0.03117473 0.04206828
 0.02702104 0.00412993 0.00642624 0.00670232 0.00037853 0.00991837
 0.04464063 0.03429616 0.02610344 0.06021953 0.03925535 0.01508008
 0.05651391 0.0296753  0.0212199  0.00902167]
[0.00162147 0.00327718 0.0196591  0.06588254 0.02235229 0.01635254
 0.03298293 0.02978214 0.02168255 0.00199698 0.0412194  0.04138179
 0.05735531 0.03044327 0.0680298  0.01187964 0.03117473 0.04206828
 0.02702104 0.00412993 0.00642624 0.00670232 0.00037853 0.00991837
 0.04464063 0.03429616 0.02610344 0.06021953 0.03925535 0.01508008
 0.05651391 0.0296753  0.0212199  0.00902167]
