[0.00419097 0.05039499 0.01176784 0.01676876 0.01912526 0.05028615
 0.01810842 0.05468126 0.00153576 0.00809718 0.04559106 0.05920317
 0.04007465 0.05881075 0.01732928 0.01415167 0.01528271 0.02014942
 0.04269626 0.00325301 0.0100538  0.00397356 0.00239262 0.00561308
 0.06310786 0.05789877 0.00804947 0.02797511 0.03546051 0.02847128
 0.00599391 0.02207166 0.00209106 0.04028575]
[0.00122705 0.01330504 0.00796728 0.0170965  0.04931632 0.04268472
 0.01102407 0.05434739 0.026875   0.01396084 0.01059786 0.07857915
 0.02146258 0.04852823 0.05215027 0.01475157 0.04762238 0.00841664
 0.00400127 0.01908224 0.00922367 0.00563955 0.00489744 0.00821292
 0.07026334 0.03819434 0.02474739 0.0231315  0.01298314 0.05704531
 0.04561477 0.01435248 0.01196169 0.06477317]
[0.00043656 0.00745055 0.02405945 0.06212925 0.05434236 0.0778081
 0.00546537 0.05694309 0.0278929  0.00785787 0.03159873 0.0007571
 0.00183256 0.04973654 0.01743511 0.00543612 0.00726208 0.02480014
 0.06195473 0.01193123 0.00661634 0.0058829  0.00207696 0.00185158
 0.04656149 0.01973275 0.06044221 0.0334457  0.04209415 0.02984285
 0.02149829 0.03069023 0.03473061 0.10603662]
[4.25620073e-04 2.60598726e-02 9.43787051e-04 7.14508654e-03
 4.55476108e-02 9.67066442e-02 7.20736379e-04 8.00610866e-02
 4.66055772e-02 1.47198200e-02 3.69910455e-02 8.21294495e-03
 5.39776885e-02 9.04367072e-02 5.40759926e-03 9.90318007e-03
 4.37402454e-03 4.71483469e-02 2.54772720e-02 2.27208044e-02
 5.26947268e-03 1.61000549e-02 3.22416655e-03 1.74646181e-02
 5.71905031e-05 2.07384121e-02 7.57332347e-02 5.35018880e-02
 5.56831138e-02 4.93995343e-02 4.95237940e-04 2.29381401e-02
 1.34531852e-02 3.23429086e-02]
[0.0071335  0.03177548 0.00479046 0.05919697 0.02012555 0.04072585
 0.02321652 0.03562133 0.01488215 0.00408091 0.0008957  0.00148548
 0.08958228 0.00387576 0.03621167 0.00077387 0.01569282 0.01244465
 0.06163422 0.00209491 0.01226207 0.01379303 0.00848423 0.00317645
 0.02794142 0.04226173 0.08565681 0.05725754 0.0925361  0.03626294
 0.01874229 0.00279225 0.01892987 0.04851771]
[0.00387692 0.01899295 0.0073266  0.0512434  0.04857935 0.0272844
 0.04171961 0.04609002 0.04680271 0.01087874 0.03908618 0.0018552
 0.01452571 0.01200026 0.05798754 0.00792354 0.01604669 0.02499418
 0.03250743 0.01676879 0.00930582 0.01319198 0.00239214 0.00132281
 0.03963079 0.06315554 0.07591584 0.06883176 0.03712973 0.02927404
 0.03857915 0.01563506 0.00685326 0.04286902]
[0.00498206 0.01115154 0.02875892 0.08257373 0.00479632 0.01584326
 0.00548832 0.01353155 0.05809728 0.01544785 0.01799734 0.00506481
 0.03964097 0.02559386 0.08006746 0.02598882 0.02682256 0.01315072
 0.00348639 0.00180487 0.01384827 0.00880242 0.00512444 0.01946843
 0.07787524 0.08813765 0.05001457 0.07341411 0.04928526 0.00236013
 0.02545635 0.01064651 0.03970792 0.0150098 ]
[0.00135689 0.03854654 0.00948204 0.02203288 0.03548318 0.04720018
 0.03969996 0.02033818 0.00751927 0.00717973 0.03238437 0.02894297
 0.05877594 0.03053518 0.02049524 0.0126386  0.03178371 0.01049814
 0.03945827 0.01407045 0.01006829 0.0100826  0.00072304 0.01225336
 0.02876843 0.06197041 0.00722074 0.00220906 0.05480231 0.04391786
 0.0136724  0.01830991 0.0111739  0.00617096]
[0.00579231 0.0467689  0.00674153 0.03038282 0.01125252 0.04433023
 0.06021992 0.01233636 0.01514098 0.00499788 0.00186201 0.05697129
 0.04490161 0.02796804 0.01161864 0.01767599 0.02507397 0.03656397
 0.04616595 0.01070943 0.00059573 0.0034882  0.00553601 0.00381459
 0.04094376 0.03528802 0.01327371 0.03054629 0.01885983 0.02857397
 0.02155253 0.02493663 0.03109681 0.04617857]
[0.00151962 0.0624296  0.00129232 0.02366185 0.02434033 0.04166723
 0.01905065 0.02652433 0.05684927 0.00544151 0.0414716  0.07758144
 0.02281976 0.02064944 0.05504607 0.01328084 0.03593259 0.04674912
 0.01736746 0.0120768  0.00181736 0.01223191 0.00392041 0.01448438
 0.00774831 0.01905221 0.01543445 0.03169425 0.06435948 0.00078998
 0.05429194 0.01756567 0.00112315 0.03619272]
[0.00151962 0.0624296  0.00129232 0.02366185 0.02434033 0.04166723
 0.01905065 0.02652433 0.05684927 0.00544151 0.0414716  0.07758144
 0.02281976 0.02064944 0.05504607 0.01328084 0.03593259 0.04674912
 0.01736746 0.0120768  0.00181736 0.01223191 0.00392041 0.01448438
 0.00774831 0.01905221 0.01543445 0.03169425 0.06435948 0.00078998
 0.05429194 0.01756567 0.00112315 0.03619272]
[0.00498581 0.0036201  0.00616495 0.04027338 0.03154133 0.00363726
 0.0346595  0.02093777 0.00501778 0.01633947 0.03060005 0.01854387
 0.04277457 0.05961047 0.06759649 0.00503239 0.06084234 0.02262738
 0.04495182 0.00528758 0.01394185 0.01496616 0.00631744 0.01363302
 0.00945852 0.00539387 0.05957843 0.04408189 0.03759662 0.0223182
 0.02948774 0.031127   0.00146782 0.05048232]
[0.00283973 0.06321097 0.01574126 0.06791215 0.03094687 0.00779693
 0.06102421 0.040155   0.00071447 0.0144134  0.0816703  0.03051823
 0.01658799 0.03437241 0.04998874 0.02945901 0.01226715 0.03196117
 0.01327303 0.02124096 0.01034173 0.01468635 0.00522642 0.00093269
 0.01753464 0.02008446 0.01771174 0.01703397 0.01356791 0.05114263
 0.04460561 0.00608373 0.00487983 0.00965086]
[0.00839278 0.04869991 0.0143798  0.01374238 0.02337629 0.04767805
 0.01231146 0.03442052 0.03312691 0.01547799 0.0831146  0.00442509
 0.01218542 0.08483324 0.01780434 0.01361485 0.01248492 0.00315672
 0.06221039 0.01439963 0.0046808  0.01391802 0.00755743 0.00669679
 0.06566112 0.01141487 0.00229028 0.06020596 0.05045364 0.07347791
 0.02948599 0.00344604 0.04203226 0.03690957]
[0.00201781 0.0545162  0.02250248 0.02003904 0.01423607 0.05394619
 0.00028377 0.05714189 0.04077796 0.01438254 0.04371607 0.01628088
 0.00235556 0.08391659 0.01119089 0.0283352  0.00990784 0.02094174
 0.01911734 0.00587965 0.01309665 0.00979279 0.00141573 0.01343563
 0.01425683 0.02543478 0.05834252 0.09070937 0.02223634 0.03358348
 0.0465901  0.00783589 0.04725788 0.0793745 ]
[0.00212132 0.08144397 0.0024366  0.01237951 0.01680055 0.01849169
 0.02840394 0.02023578 0.04251892 0.00072139 0.00310136 0.05360243
 0.04894431 0.07536311 0.03024125 0.00197668 0.02538013 0.03130265
 0.05240734 0.00987769 0.01290819 0.01025293 0.00471727 0.01659911
 0.04972758 0.05577425 0.05129065 0.01882121 0.03617343 0.05861431
 0.08410527 0.00617601 0.01581634 0.01897576]
[0.00214649 0.09338916 0.01854265 0.0206298  0.02898924 0.03026764
 0.03508495 0.05818772 0.03719196 0.00023318 0.00283506 0.01623901
 0.07709281 0.08664246 0.0091459  0.01025655 0.04361265 0.00918666
 0.05810396 0.01530098 0.00246835 0.01458471 0.00421248 0.00156331
 0.03151462 0.06698778 0.00139342 0.05360267 0.01771605 0.05900065
 0.02338617 0.01670909 0.01020603 0.04180616]
[0.0018916  0.02476604 0.01781513 0.03381146 0.04640193 0.0057962
 0.00156616 0.04631353 0.04206971 0.00722914 0.03477541 0.01767431
 0.02357928 0.07177838 0.04134059 0.00505553 0.04300659 0.04089958
 0.0075655  0.00092448 0.00029972 0.01304772 0.00309436 0.00123235
 0.00878785 0.05687003 0.04224781 0.05164731 0.02428116 0.04559296
 0.02771138 0.01358242 0.01485086 0.04163747]
[0.0062877  0.00025275 0.01840807 0.04536166 0.00705986 0.00776704
 0.05038491 0.05472527 0.02739879 0.01109538 0.0611048  0.0142131
 0.06918779 0.08348961 0.07162647 0.01112879 0.05133586 0.04494634
 0.01238097 0.00951425 0.00761157 0.00881226 0.00659501 0.00435492
 0.04412144 0.07703203 0.04355579 0.00056857 0.01789641 0.06556301
 0.00941908 0.00240689 0.02091986 0.00750985]
[0.00302135 0.01064594 0.0150571  0.00446333 0.04480977 0.02775337
 0.05594044 0.0429487  0.01665738 0.01193036 0.05470014 0.04185802
 0.06149502 0.06360097 0.00323461 0.00266482 0.01104212 0.02003675
 0.03752532 0.00885296 0.00920673 0.00992826 0.00473663 0.00052254
 0.05115113 0.07669191 0.04316024 0.01964625 0.04796442 0.01443641
 0.01384352 0.00157002 0.00102091 0.00541701]
