[0.00015048 0.0270804  0.01704962 0.04183804 0.0461995  0.05627507
 0.03994163 0.06016308 0.03420076 0.00498239 0.06605319 0.02494066
 0.05220828 0.06460861 0.01022219 0.00379438 0.04056041 0.0415015
 0.04839638 0.0153723  0.01087275 0.00427663 0.00439309 0.00670324
 0.02069527 0.00384349 0.03311569 0.0150996  0.0190134  0.00241785
 0.00595123 0.00065062 0.0181178  0.03825956]
[0.00616114 0.04100061 0.0251783  0.03890319 0.07134034 0.09085838
 0.06727789 0.08227516 0.02508214 0.0143178  0.0055696  0.04245441
 0.0163282  0.04778523 0.04863519 0.00129207 0.02121333 0.03925306
 0.00510697 0.02412872 0.00111893 0.00452398 0.00028669 0.00123134
 0.01922229 0.04458924 0.01516039 0.05791301 0.02148453 0.00681287
 0.01880758 0.00047759 0.01406072 0.05962566]
[0.00616114 0.04100061 0.0251783  0.03890319 0.07134034 0.09085838
 0.06727789 0.08227516 0.02508214 0.0143178  0.0055696  0.04245441
 0.0163282  0.04778523 0.04863519 0.00129207 0.02121333 0.03925306
 0.00510697 0.02412872 0.00111893 0.00452398 0.00028669 0.00123134
 0.01922229 0.04458924 0.01516039 0.05791301 0.02148453 0.00681287
 0.01880758 0.00047759 0.01406072 0.05962566]
[0.00616114 0.04100061 0.0251783  0.03890319 0.07134034 0.09085838
 0.06727789 0.08227516 0.02508214 0.0143178  0.0055696  0.04245441
 0.0163282  0.04778523 0.04863519 0.00129207 0.02121333 0.03925306
 0.00510697 0.02412872 0.00111893 0.00452398 0.00028669 0.00123134
 0.01922229 0.04458924 0.01516039 0.05791301 0.02148453 0.00681287
 0.01880758 0.00047759 0.01406072 0.05962566]
[0.00534785 0.00081224 0.00108931 0.00710701 0.04201601 0.04851038
 0.04239999 0.06414546 0.02966936 0.00933201 0.02645916 0.0308302
 0.02004083 0.06216192 0.00351576 0.01234684 0.00379569 0.00688516
 0.02944392 0.00582055 0.00129774 0.01260101 0.00063663 0.01276919
 0.05431403 0.00426744 0.05349712 0.05775595 0.03194225 0.03021572
 0.03546876 0.0023049  0.03605089 0.04580221]
[1.59855399e-03 1.33128685e-02 1.32229442e-02 2.65690239e-02
 1.11410567e-04 3.33962945e-02 5.94792467e-02 5.00643173e-02
 1.34287852e-02 5.85430659e-03 6.68690191e-03 6.36875822e-03
 1.92226915e-02 4.12205644e-02 8.45191349e-05 7.40901658e-03
 3.11832467e-02 3.34911194e-02 2.80566489e-02 2.97440783e-03
 7.99640169e-03 1.19581050e-02 5.41665625e-03 3.14463578e-03
 5.15147283e-02 4.18482939e-02 6.05117990e-02 5.93018163e-02
 3.91859519e-02 1.85340838e-03 1.90229851e-02 1.63074859e-02
 1.56199583e-02 8.20753920e-03]
[0.00134472 0.01012679 0.01110298 0.02994883 0.04013954 0.02706605
 0.03336914 0.06238612 0.00654735 0.008484   0.04589553 0.03974901
 0.0032754  0.04228083 0.01888368 0.01138533 0.02560711 0.02456266
 0.02108854 0.01589643 0.0084406  0.0111375  0.00321081 0.01057712
 0.00931497 0.04594738 0.03028333 0.00730166 0.02170753 0.00331951
 0.03114083 0.01595935 0.0226887  0.04545609]
[0.00134472 0.01012679 0.01110298 0.02994883 0.04013954 0.02706605
 0.03336914 0.06238612 0.00654735 0.008484   0.04589553 0.03974901
 0.0032754  0.04228083 0.01888368 0.01138533 0.02560711 0.02456266
 0.02108854 0.01589643 0.0084406  0.0111375  0.00321081 0.01057712
 0.00931497 0.04594738 0.03028333 0.00730166 0.02170753 0.00331951
 0.03114083 0.01595935 0.0226887  0.04545609]
[0.00134472 0.01012679 0.01110298 0.02994883 0.04013954 0.02706605
 0.03336914 0.06238612 0.00654735 0.008484   0.04589553 0.03974901
 0.0032754  0.04228083 0.01888368 0.01138533 0.02560711 0.02456266
 0.02108854 0.01589643 0.0084406  0.0111375  0.00321081 0.01057712
 0.00931497 0.04594738 0.03028333 0.00730166 0.02170753 0.00331951
 0.03114083 0.01595935 0.0226887  0.04545609]
[5.31401576e-03 3.49636512e-02 3.01377049e-03 4.78587382e-02
 3.41722991e-02 4.35459107e-02 4.67008120e-02 1.52225393e-03
 5.99614818e-02 3.97161212e-03 7.43902504e-02 2.92482016e-04
 9.03109836e-03 5.19262803e-02 4.81630052e-02 1.28366410e-03
 5.22304457e-02 4.62084572e-02 2.24210580e-02 1.50265916e-02
 6.07181086e-03 1.07715321e-02 9.22186168e-05 1.06787668e-02
 4.67247916e-03 4.60766916e-02 1.84965190e-02 3.77877940e-03
 2.19792637e-02 3.23958942e-02 4.77809992e-02 1.37116352e-02
 1.24434620e-02 1.03947843e-02]
[0.00661834 0.00045725 0.01155005 0.04607219 0.00569503 0.03624527
 0.05559183 0.04343152 0.01284649 0.01684943 0.00605552 0.03349541
 0.03150353 0.01625373 0.0431892  0.00338824 0.0270402  0.03973148
 0.02092894 0.02296948 0.00489965 0.00203078 0.00700544 0.0033229
 0.06182737 0.01849765 0.03319334 0.02786607 0.07256603 0.07593702
 0.05525637 0.00317438 0.01448309 0.06196129]
[0.00502017 0.03773239 0.01278331 0.04552144 0.03220304 0.02590141
 0.05524651 0.03574004 0.00693946 0.00438507 0.04869883 0.06803925
 0.02572032 0.02551201 0.01813705 0.0252532  0.01992667 0.03233615
 0.00302134 0.00875696 0.010859   0.00129985 0.00192436 0.00918408
 0.04625941 0.04336516 0.05925257 0.05653607 0.03124406 0.05079907
 0.03388143 0.00026031 0.01834194 0.07750283]
[0.00047369 0.04499206 0.01195689 0.06849744 0.00887308 0.03910587
 0.01263454 0.05399805 0.00055144 0.0135092  0.03696922 0.0582114
 0.04263853 0.0166675  0.02239046 0.01457142 0.0260656  0.01646945
 0.04327438 0.00503909 0.00936622 0.0096391  0.00611284 0.00669744
 0.06814475 0.02323362 0.06736428 0.04932278 0.03773652 0.03378947
 0.06377522 0.0061815  0.03183378 0.04427671]
[0.00604929 0.04378242 0.01744444 0.00299057 0.00889041 0.09001471
 0.00577374 0.00844554 0.03763572 0.0045665  0.0348378  0.09987558
 0.05145919 0.03212473 0.00087343 0.01572682 0.0621103  0.01824427
 0.04688168 0.01773061 0.00235558 0.01458027 0.00740903 0.0063244
 0.0037952  0.02435773 0.00869088 0.05674064 0.0080492  0.03465817
 0.05668223 0.02477706 0.0383748  0.02395584]
[0.00272415 0.05817666 0.01227409 0.03796283 0.02112393 0.02728584
 0.01956734 0.05636399 0.04599031 0.01022628 0.06937778 0.05158743
 0.0184397  0.05096184 0.0277928  0.00024296 0.00426575 0.04301355
 0.02431259 0.00366631 0.01116665 0.01471874 0.00056902 0.00681914
 0.02649103 0.0366082  0.01656893 0.00217476 0.03540349 0.05566663
 0.00263517 0.02784635 0.02993004 0.04992723]
[0.00272415 0.05817666 0.01227409 0.03796283 0.02112393 0.02728584
 0.01956734 0.05636399 0.04599031 0.01022628 0.06937778 0.05158743
 0.0184397  0.05096184 0.0277928  0.00024296 0.00426575 0.04301355
 0.02431259 0.00366631 0.01116665 0.01471874 0.00056902 0.00681914
 0.02649103 0.0366082  0.01656893 0.00217476 0.03540349 0.05566663
 0.00263517 0.02784635 0.02993004 0.04992723]
[0.00508927 0.0446259  0.01115553 0.05177605 0.02508677 0.04640273
 0.04089116 0.05985097 0.03134025 0.00517848 0.03875806 0.0534797
 0.02539633 0.03996086 0.04049295 0.01378653 0.01597797 0.00099923
 0.00504526 0.0008529  0.00683964 0.00734843 0.00038031 0.00545671
 0.01414866 0.00160593 0.0374003  0.00123301 0.04848289 0.01154152
 0.02078049 0.02066859 0.02607536 0.01769552]
[0.0043802  0.01724346 0.00331715 0.02764324 0.03589384 0.04103768
 0.00216738 0.00249702 0.00664798 0.01072185 0.06165859 0.02931509
 0.01431314 0.04910489 0.03388525 0.01009785 0.01165973 0.00140407
 0.01979265 0.01929204 0.0102189  0.00018306 0.00522941 0.0109175
 0.0372942  0.02188    0.03024773 0.02901456 0.04559689 0.03104498
 0.0377804  0.02500709 0.03330055 0.00464086]
[0.0043802  0.01724346 0.00331715 0.02764324 0.03589384 0.04103768
 0.00216738 0.00249702 0.00664798 0.01072185 0.06165859 0.02931509
 0.01431314 0.04910489 0.03388525 0.01009785 0.01165973 0.00140407
 0.01979265 0.01929204 0.0102189  0.00018306 0.00522941 0.0109175
 0.0372942  0.02188    0.03024773 0.02901456 0.04559689 0.03104498
 0.0377804  0.02500709 0.03330055 0.00464086]
[0.0043802  0.01724346 0.00331715 0.02764324 0.03589384 0.04103768
 0.00216738 0.00249702 0.00664798 0.01072185 0.06165859 0.02931509
 0.01431314 0.04910489 0.03388525 0.01009785 0.01165973 0.00140407
 0.01979265 0.01929204 0.0102189  0.00018306 0.00522941 0.0109175
 0.0372942  0.02188    0.03024773 0.02901456 0.04559689 0.03104498
 0.0377804  0.02500709 0.03330055 0.00464086]
