[0.00271844 0.03697692 0.00968495 0.02854222 0.01129903 0.00019153
 0.02047904 0.02992503 0.02668531 0.0019121  0.04647948 0.0239997
 0.04509794 0.0547668  0.04848514 0.01969015 0.03088178 0.02132595
 0.05701891 0.00266744 0.00222552 0.00991274 0.00413983 0.00727196
 0.0506496  0.0121832  0.01283833 0.06422235 0.02436957 0.02523698
 0.06370618 0.00278103 0.007553   0.02863213]
[0.00037285 0.02469231 0.02166579 0.02991071 0.02603404 0.0413092
 0.02929081 0.02761778 0.03221125 0.01359993 0.00950922 0.01392838
 0.01213884 0.0816275  0.01972361 0.02828566 0.05375939 0.00437785
 0.0702335  0.01949721 0.00425529 0.00460191 0.002937   0.00334204
 0.0790672  0.00887764 0.05814372 0.09317658 0.05145142 0.05411687
 0.00300185 0.02060191 0.00905358 0.01063308]
[0.00483559 0.02108454 0.00032008 0.03434592 0.05144712 0.01074153
 0.01217527 0.02351339 0.02111021 0.01028763 0.0483362  0.05506187
 0.00114674 0.04531081 0.02271389 0.01159531 0.03233007 0.04297949
 0.04637406 0.01042929 0.00263135 0.01056639 0.00468507 0.00535379
 0.04438141 0.05212918 0.002025   0.03276203 0.01397178 0.07186283
 0.0016532  0.00799147 0.03826909 0.05309379]
[0.00300326 0.03645922 0.01341163 0.03739566 0.04819134 0.00494035
 0.00908915 0.01037862 0.03722492 0.0091852  0.05878037 0.03352605
 0.01172543 0.02853079 0.02266927 0.00293624 0.03705202 0.01726473
 0.03227773 0.01038064 0.00674896 0.00233529 0.00107579 0.00763845
 0.05214242 0.01499422 0.02768698 0.00678848 0.02095067 0.00449213
 0.03925984 0.0196105  0.01435401 0.00571911]
[0.00030195 0.03733734 0.01672662 0.04110544 0.03616816 0.02259964
 0.00399076 0.03285042 0.01704992 0.00963173 0.05854435 0.03114083
 0.05016287 0.04317118 0.04319773 0.0075023  0.02478392 0.01667711
 0.01684358 0.01634956 0.00620564 0.00160267 0.00100113 0.00875864
 0.04190764 0.05044117 0.00810316 0.02628036 0.01085256 0.02941604
 0.04411157 0.01838624 0.0297182  0.0245511 ]
[0.00241121 0.02884496 0.01218411 0.05189406 0.02921738 0.04399956
 0.00237532 0.04365563 0.00465307 0.00761185 0.02028685 0.00225074
 0.06760484 0.04909562 0.04318006 0.00650035 0.0144087  0.00754082
 0.0435642  0.01027893 0.0028735  0.00123546 0.00475858 0.00593228
 0.06075883 0.01357541 0.0079172  0.03872949 0.02408228 0.02226975
 0.03498989 0.01341613 0.00816816 0.02332513]
[0.00303695 0.04779149 0.00616886 0.04587702 0.05016312 0.0060218
 0.01038856 0.00904275 0.04329686 0.00298848 0.06038593 0.04882091
 0.06620251 0.0266013  0.01674037 0.01801563 0.04017409 0.00440611
 0.05731688 0.00942774 0.01004527 0.01437424 0.00614444 0.00233804
 0.00011478 0.05815687 0.03979153 0.0268716  0.02934136 0.03750705
 0.00446173 0.01658792 0.01283969 0.04168715]
[0.00693307 0.01355295 0.01196535 0.05693248 0.03790764 0.04230714
 0.01461956 0.00946755 0.05036314 0.00895423 0.00868249 0.02723411
 0.03729827 0.02501501 0.05232136 0.00196582 0.03166493 0.00589782
 0.03221757 0.00243133 0.00093412 0.00307528 0.00387329 0.01672437
 0.06179093 0.00783023 0.00283881 0.05283225 0.04281806 0.06462257
 0.04890831 0.02474741 0.03052276 0.05331041]
[0.00059191 0.00119262 0.01669714 0.09093475 0.05764696 0.01438473
 0.06184657 0.01135566 0.06415046 0.00823164 0.00529549 0.07205332
 0.04974606 0.03593956 0.05556892 0.0150994  0.02315496 0.02637634
 0.0294816  0.00277746 0.00108522 0.00332949 0.00368149 0.00407581
 0.07392604 0.05307865 0.01133134 0.01058662 0.02699213 0.00680225
 0.0473672  0.00138071 0.02326761 0.06050605]
[0.00059191 0.00119262 0.01669714 0.09093475 0.05764696 0.01438473
 0.06184657 0.01135566 0.06415046 0.00823164 0.00529549 0.07205332
 0.04974606 0.03593956 0.05556892 0.0150994  0.02315496 0.02637634
 0.0294816  0.00277746 0.00108522 0.00332949 0.00368149 0.00407581
 0.07392604 0.05307865 0.01133134 0.01058662 0.02699213 0.00680225
 0.0473672  0.00138071 0.02326761 0.06050605]
[0.00480397 0.03725566 0.01456241 0.06944969 0.03409057 0.02053739
 0.05563421 0.02636037 0.03002163 0.00676296 0.03651961 0.03617287
 0.02646506 0.03999397 0.04940859 0.01129697 0.04261361 0.00599238
 0.0337721  0.01529928 0.01001556 0.0084199  0.00172228 0.00053486
 0.04451619 0.05524883 0.00906092 0.01376116 0.05757284 0.01767549
 0.0333592  0.01798769 0.0362298  0.02719747]
[0.00397828 0.06401115 0.02093508 0.03111333 0.00676208 0.04543845
 0.02739217 0.01173717 0.05601684 0.00291466 0.06134159 0.06523128
 0.07119762 0.03154271 0.06133233 0.0044391  0.00178244 0.00674975
 0.00245518 0.00473824 0.00023038 0.00921998 0.00634401 0.00826078
 0.01294604 0.0358113  0.04694376 0.04954787 0.08052688 0.04662832
 0.06304225 0.01610123 0.00250964 0.01068424]
[0.00397828 0.06401115 0.02093508 0.03111333 0.00676208 0.04543845
 0.02739217 0.01173717 0.05601684 0.00291466 0.06134159 0.06523128
 0.07119762 0.03154271 0.06133233 0.0044391  0.00178244 0.00674975
 0.00245518 0.00473824 0.00023038 0.00921998 0.00634401 0.00826078
 0.01294604 0.0358113  0.04694376 0.04954787 0.08052688 0.04662832
 0.06304225 0.01610123 0.00250964 0.01068424]
[0.00326525 0.03769077 0.01221386 0.06668129 0.00038685 0.00250914
 0.06039634 0.05102503 0.02582269 0.00705332 0.00821697 0.01951438
 0.09124289 0.05368403 0.0206754  0.01768057 0.02505901 0.04191102
 0.00403087 0.01051421 0.01202101 0.00150067 0.00294799 0.00617014
 0.03125502 0.07227553 0.01664885 0.02915544 0.06896373 0.017953
 0.06908736 0.02392702 0.00502259 0.05460644]
[0.00048242 0.03153802 0.01978804 0.07673404 0.03633009 0.0069431
 0.09029612 0.02278407 0.02037891 0.003547   0.01945059 0.01713905
 0.06994275 0.03613629 0.04272641 0.00576043 0.02227696 0.02640888
 0.00478344 0.00760908 0.01306234 0.00041129 0.00165526 0.01530145
 0.0056867  0.01843576 0.06554751 0.03043763 0.08381962 0.03199088
 0.05740899 0.02152453 0.042277   0.04455211]
[0.00487502 0.03392234 0.02077915 0.03140828 0.02534585 0.02839266
 0.05801854 0.0270666  0.00281059 0.01783164 0.06382697 0.02232693
 0.05421331 0.0521398  0.04204681 0.00011458 0.01723162 0.04085234
 0.02398254 0.00516038 0.00862836 0.00613907 0.0002842  0.00247089
 0.04091078 0.05555024 0.05536067 0.03553386 0.0304337  0.05143103
 0.02599859 0.00031147 0.02335171 0.08735733]
[0.00384358 0.00421106 0.01128351 0.01472224 0.00573363 0.02141895
 0.08096221 0.05427919 0.03471232 0.01334253 0.01658806 0.0268901
 0.0163655  0.0430483  0.05105946 0.02316276 0.05200069 0.02514932
 0.02102259 0.00148809 0.0093513  0.00843782 0.00335766 0.01294971
 0.02448436 0.00804738 0.02722556 0.04300583 0.01928171 0.00106057
 0.02728767 0.02580152 0.00841877 0.07908503]
[0.00088553 0.04935596 0.0021854  0.04972817 0.02936502 0.05536342
 0.00395702 0.03414286 0.0418414  0.00615566 0.0637288  0.00044471
 0.00129351 0.06511448 0.04256898 0.01091961 0.0162241  0.00514247
 0.0353847  0.00721785 0.00327315 0.01109569 0.00127634 0.00325616
 0.0102583  0.0491109  0.03533418 0.05604149 0.01723261 0.02319539
 0.02870582 0.01457339 0.03747611 0.08116383]
[0.0064938  0.01114494 0.01599127 0.05233535 0.0654811  0.02339277
 0.01089406 0.01630384 0.02110545 0.01673959 0.02431453 0.02491458
 0.03909344 0.04703787 0.01995164 0.02093612 0.01957758 0.03980233
 0.02045112 0.00520956 0.00270823 0.00618194 0.00145977 0.01569241
 0.06681632 0.07660132 0.01485598 0.06682926 0.05670343 0.02908779
 0.02925355 0.01914038 0.03349711 0.02039557]
[0.00310085 0.04778746 0.00934214 0.08146597 0.06216215 0.02387806
 0.01320691 0.01255385 0.02306421 0.01601188 0.03957907 0.03240954
 0.00267928 0.07550137 0.00122765 0.02828995 0.03135584 0.01588755
 0.04530024 0.02058254 0.00901265 0.00231039 0.00370137 0.00097045
 0.00673416 0.01194099 0.002218   0.06868351 0.08654954 0.02839419
 0.06668496 0.01415282 0.02165044 0.05474368]
