[0.00521858 0.03884451 0.00213599 0.02586533 0.02422403 0.05942328
 0.06455649 0.02839795 0.01768457 0.00137714 0.00931695 0.0446629
 0.02343244 0.03648343 0.01505121 0.02932282 0.04728846 0.0050908
 0.0709266  0.0086991  0.00371611 0.0075683  0.00701251 0.00674386
 0.0250974  0.04323452 0.03072877 0.01006454 0.04570512 0.07879996
 0.02973449 0.01109567 0.00642284 0.09080926]
[0.00521858 0.03884451 0.00213599 0.02586533 0.02422403 0.05942328
 0.06455649 0.02839795 0.01768457 0.00137714 0.00931695 0.0446629
 0.02343244 0.03648343 0.01505121 0.02932282 0.04728846 0.0050908
 0.0709266  0.0086991  0.00371611 0.0075683  0.00701251 0.00674386
 0.0250974  0.04323452 0.03072877 0.01006454 0.04570512 0.07879996
 0.02973449 0.01109567 0.00642284 0.09080926]
[0.00174264 0.05102785 0.00715934 0.03523439 0.01804364 0.02518965
 0.0822882  0.04515487 0.02817233 0.00694251 0.0358702  0.02189459
 0.03742575 0.04743868 0.01216988 0.0122968  0.04879692 0.00545041
 0.07435709 0.00430651 0.01198953 0.01375848 0.00517858 0.00292424
 0.0490857  0.02791811 0.00123514 0.01540157 0.04568268 0.07227873
 0.02263234 0.0139575  0.00326054 0.08848831]
[0.00350738 0.07111572 0.01236419 0.02591214 0.01684274 0.03879514
 0.0874699  0.06216145 0.02567191 0.00881455 0.0440733  0.03220931
 0.00313939 0.0432431  0.01782205 0.00116363 0.02823569 0.04180469
 0.05352559 0.01030474 0.00538846 0.00777858 0.00137561 0.00324583
 0.03289726 0.05090814 0.01747684 0.04833034 0.0511601  0.05916647
 0.02719317 0.01057692 0.02096425 0.02811708]
[0.00109573 0.04100422 0.0121542  0.00713192 0.0202505  0.03652452
 0.05455469 0.08203226 0.03450129 0.00838648 0.06490631 0.06728108
 0.0421345  0.02054056 0.05013721 0.00888579 0.02821329 0.03808846
 0.01782936 0.01771521 0.00152156 0.0073503  0.00465597 0.0069463
 0.06656918 0.03885717 0.00393557 0.04815557 0.03987474 0.02071065
 0.02369263 0.01296786 0.02948963 0.03330086]
[0.0075841  0.01868593 0.01927111 0.02313701 0.06337358 0.06027795
 0.02747176 0.05009762 0.01082877 0.00811288 0.09267842 0.02063005
 0.03068984 0.00680426 0.03311516 0.0020297  0.00317153 0.03638856
 0.04302794 0.01724196 0.01360266 0.00497158 0.00376553 0.01528229
 0.0284758  0.07221076 0.01884478 0.00343631 0.02927129 0.06712937
 0.0493234  0.03168396 0.04118486 0.04258707]
[0.00143982 0.05225397 0.00020883 0.03659515 0.06688046 0.022902
 0.01236138 0.01904622 0.0129174  0.0088451  0.0125115  0.03920312
 0.07225717 0.04429288 0.05546614 0.00551409 0.05486875 0.04018321
 0.03086027 0.01598847 0.01005042 0.01358728 0.00528639 0.00458794
 0.0200745  0.06851248 0.02593493 0.05090515 0.00757504 0.0472674
 0.00598197 0.02496848 0.04284696 0.06717567]
[0.00983672 0.01352168 0.01642543 0.05807782 0.01074562 0.04013378
 0.05096008 0.06500216 0.0235338  0.02110619 0.03578233 0.08260313
 0.04637198 0.07577905 0.0023634  0.02146288 0.03700478 0.00874831
 0.04079924 0.01534588 0.00170024 0.00594486 0.00310522 0.0025975
 0.0274055  0.04257366 0.0637329  0.02715739 0.02916371 0.04687105
 0.00478714 0.01567689 0.03423465 0.01883539]
[0.0034345  0.01918998 0.01006073 0.05377689 0.03698553 0.05862235
 0.06462003 0.04588207 0.03202751 0.01369009 0.03780373 0.06148984
 0.06784782 0.01208289 0.04701931 0.00703626 0.03602513 0.03605089
 0.02835492 0.01225208 0.00514765 0.01103865 0.00145261 0.01159941
 0.04269299 0.03108931 0.04982337 0.02950163 0.05312935 0.02496937
 0.01969812 0.00129921 0.00700158 0.02689809]
[0.00561239 0.03756544 0.02255346 0.03639808 0.02598083 0.04068425
 0.09474946 0.04460036 0.01172426 0.00521121 0.00988399 0.03140547
 0.01839852 0.00667226 0.01318136 0.01568099 0.03073661 0.02893102
 0.04981005 0.0181138  0.00759186 0.01215306 0.00327211 0.00786077
 0.05967476 0.04867295 0.08458036 0.06271916 0.02533564 0.02534987
 0.01632222 0.02018978 0.03633797 0.04177401]
[0.00739153 0.03671131 0.02718129 0.03883219 0.02614731 0.08348177
 0.06502454 0.06210765 0.00895084 0.01729538 0.01176888 0.05475585
 0.03633796 0.00759165 0.0050633  0.00070424 0.02007139 0.03661867
 0.08462154 0.00611793 0.00813332 0.01887652 0.0076667  0.01729229
 0.0323182  0.03265663 0.03646327 0.06938492 0.0244953  0.0160869
 0.04817376 0.00657349 0.01794196 0.02692227]
[0.00713629 0.03776823 0.01773227 0.03797247 0.05787485 0.04314602
 0.01960545 0.00081509 0.04819379 0.00682977 0.02610084 0.04316874
 0.05981838 0.00345267 0.05652715 0.01904329 0.02406158 0.03915338
 0.0520546  0.01942659 0.01014505 0.01622644 0.00031177 0.0160967
 0.07955607 0.06013517 0.02281321 0.01193634 0.03626544 0.00317981
 0.03806076 0.01045767 0.01543717 0.05929201]
[0.00562411 0.07306855 0.00436227 0.00909143 0.00564608 0.05054161
 0.0431819  0.04900388 0.03298879 0.00626586 0.04618032 0.04020781
 0.01808326 0.0215725  0.03737152 0.01960841 0.05731418 0.00933599
 0.07375576 0.01808758 0.01201066 0.00818036 0.00013017 0.00114606
 0.02563039 0.04847795 0.05027603 0.01420579 0.05881947 0.01059759
 0.06863185 0.02826501 0.02031034 0.03198585]
[0.00103597 0.01934842 0.03247851 0.0331035  0.06322515 0.01830301
 0.04895371 0.03091095 0.00988958 0.00428024 0.01504625 0.03589331
 0.05774858 0.05046128 0.08474782 0.02811416 0.04968225 0.02001996
 0.01608596 0.01405534 0.00076809 0.02169214 0.00099829 0.00303157
 0.00636894 0.02807591 0.03573791 0.04292003 0.08442817 0.03406554
 0.03021907 0.02667621 0.03667213 0.01492397]
[0.00103597 0.01934842 0.03247851 0.0331035  0.06322515 0.01830301
 0.04895371 0.03091095 0.00988958 0.00428024 0.01504625 0.03589331
 0.05774858 0.05046128 0.08474782 0.02811416 0.04968225 0.02001996
 0.01608596 0.01405534 0.00076809 0.02169214 0.00099829 0.00303157
 0.00636894 0.02807591 0.03573791 0.04292003 0.08442817 0.03406554
 0.03021907 0.02667621 0.03667213 0.01492397]
[0.0028031  0.04926617 0.01564106 0.01298839 0.02916648 0.02026954
 0.04135025 0.02297513 0.01655543 0.014669   0.05216568 0.0333088
 0.01053433 0.02951988 0.02029289 0.01734111 0.00080729 0.03554015
 0.04371962 0.01417019 0.00228089 0.01102925 0.00447879 0.00300982
 0.04719586 0.03170472 0.0082247  0.01853147 0.07899214 0.02014407
 0.04641497 0.00484432 0.03427515 0.0163954 ]
[3.04846685e-03 3.21682101e-02 8.26809311e-03 3.21093270e-02
 3.59606207e-02 4.59717856e-02 4.80260306e-02 4.14569963e-02
 3.18320295e-02 1.14453656e-02 3.07453752e-02 4.20378052e-02
 2.50113042e-02 2.31181230e-02 3.34140997e-03 4.31893249e-05
 1.26876091e-02 3.36806538e-02 3.54364739e-02 5.86369407e-03
 7.94231197e-04 9.18146651e-03 4.85658876e-03 8.85745322e-05
 1.48442898e-02 4.24462905e-03 1.35889709e-02 4.21101169e-02
 5.69672372e-02 5.33917633e-03 9.73480255e-03 1.12360103e-02
 2.24863865e-02 2.25637125e-02]
[0.00085565 0.00428117 0.00453245 0.06910322 0.01913516 0.06627222
 0.02502666 0.02592201 0.02808365 0.00824253 0.04627511 0.00507452
 0.04840441 0.04738916 0.0558564  0.00108243 0.00672999 0.03720563
 0.04324065 0.00956972 0.00085966 0.00660913 0.00396542 0.00390609
 0.01233083 0.04234831 0.02669601 0.03484553 0.06216877 0.00430337
 0.01419761 0.01329894 0.03600811 0.00899499]
[0.00096435 0.01648443 0.01325452 0.04111399 0.04559145 0.03518166
 0.01938749 0.0477048  0.00045582 0.00487389 0.01404214 0.036115
 0.05106839 0.02763457 0.03867436 0.00674534 0.0166086  0.02552043
 0.05006783 0.00930453 0.0041052  0.00705169 0.00202564 0.01072717
 0.03418871 0.05249998 0.02273521 0.04466909 0.00200247 0.00104792
 0.0410699  0.00953283 0.01487031 0.01758613]
[0.00511769 0.03760159 0.01124716 0.02166464 0.05175954 0.001669
 0.008156   0.0142275  0.00681114 0.00669248 0.04597684 0.01257308
 0.04731898 0.03433945 0.0117312  0.02056242 0.00724356 0.03286059
 0.03971559 0.01116593 0.0075226  0.00586989 0.00063241 0.00091909
 0.01179428 0.06001075 0.04081281 0.05545557 0.00124502 0.02450748
 0.02749567 0.00107487 0.01617468 0.03858226]
