[0.0044211  0.01671081 0.01826837 0.02385377 0.03691185 0.02810641
 0.02415066 0.0106718  0.02795881 0.00719238 0.03367339 0.05189455
 0.04471246 0.04732419 0.02121565 0.0210344  0.04181717 0.02624132
 0.07022078 0.01429506 0.01058949 0.00671147 0.00132369 0.01150896
 0.01837069 0.01567329 0.02454663 0.0673012  0.06148588 0.02437847
 0.04241899 0.00227892 0.0143618  0.04447914]
[0.00093163 0.02225942 0.01366337 0.05199861 0.00996772 0.0289647
 0.03874721 0.02690974 0.02992957 0.00502021 0.0659329  0.07959418
 0.06974569 0.05734682 0.06472831 0.02434943 0.03731175 0.02460656
 0.07206945 0.00074472 0.00490321 0.01482961 0.00189136 0.01271631
 0.01791142 0.01190213 0.0073419  0.03197245 0.08592869 0.00410924
 0.02326643 0.01302276 0.01064459 0.0262757 ]
[3.89004569e-03 2.25163252e-02 1.29530696e-02 3.27205709e-02
 2.98227721e-02 2.44564850e-02 3.89655252e-02 6.31706366e-02
 2.27192907e-02 1.54455558e-02 7.16369873e-02 5.71028311e-02
 9.14939392e-02 6.84824498e-02 2.03364620e-02 3.77456576e-03
 1.33707009e-02 1.42181508e-02 3.50070613e-02 2.21462875e-02
 8.44937530e-03 6.29700519e-05 3.87287045e-04 5.89898733e-03
 2.64281117e-02 1.81182772e-02 4.45423373e-02 4.58192577e-02
 8.52856020e-03 3.83491152e-03 3.44124364e-02 1.99376513e-02
 2.14054027e-02 1.85891724e-02]
[0.00204555 0.05762022 0.00134239 0.05762972 0.00834796 0.04675208
 0.03538485 0.07976554 0.01727833 0.00474145 0.05095233 0.04966489
 0.08579763 0.02856928 0.04521812 0.01657496 0.02703993 0.02093046
 0.06100966 0.00069386 0.0027133  0.00619885 0.00093458 0.01120257
 0.05514661 0.02834017 0.00974129 0.02431238 0.01333978 0.03627627
 0.02609438 0.01574806 0.02560823 0.03634255]
[0.00099997 0.01457763 0.0107058  0.04103448 0.01063118 0.01085782
 0.014658   0.03588351 0.06111911 0.01093006 0.05287058 0.07691764
 0.08906257 0.0058877  0.04947442 0.00661213 0.04851838 0.00511196
 0.09068705 0.01791738 0.00830544 0.00980175 0.00149042 0.01508954
 0.01960767 0.03208568 0.02629427 0.03643102 0.0176332  0.02661399
 0.04552567 0.02098285 0.00756365 0.06801508]
[0.0058047  0.04707694 0.00243313 0.0578034  0.03522189 0.02253979
 0.025629   0.03728647 0.06036543 0.00798949 0.02163667 0.06173
 0.03558142 0.00940906 0.00498377 0.00990213 0.03282127 0.04313173
 0.10675464 0.00837994 0.00704699 0.00926652 0.00059287 0.0068122
 0.00067425 0.04592142 0.02650169 0.01443464 0.03999106 0.06971003
 0.01325104 0.02433275 0.01291412 0.08365926]
[0.00477101 0.02812959 0.01262095 0.05433632 0.04792873 0.01911738
 0.03160581 0.02748667 0.00911544 0.01053751 0.04002589 0.0386186
 0.06552465 0.01301671 0.03268596 0.01921923 0.02348586 0.03774666
 0.08078819 0.00145333 0.00990356 0.00817205 0.00588104 0.0061441
 0.03421855 0.03161813 0.04638537 0.04398717 0.03427731 0.01744298
 0.02021656 0.02743018 0.02167255 0.08609263]
[0.00026198 0.01465123 0.0077884  0.08258976 0.01223872 0.02509758
 0.0205442  0.07137448 0.02569121 0.00124708 0.0180007  0.06216801
 0.00677848 0.0455169  0.0150912  0.01045766 0.05104816 0.02727425
 0.11565115 0.0054157  0.00794648 0.00307401 0.00072744 0.01778883
 0.01333684 0.04229384 0.00671603 0.06260988 0.0481619  0.01386705
 0.02410656 0.00207176 0.03849869 0.09953758]
[0.00026198 0.01465123 0.0077884  0.08258976 0.01223872 0.02509758
 0.0205442  0.07137448 0.02569121 0.00124708 0.0180007  0.06216801
 0.00677848 0.0455169  0.0150912  0.01045766 0.05104816 0.02727425
 0.11565115 0.0054157  0.00794648 0.00307401 0.00072744 0.01778883
 0.01333684 0.04229384 0.00671603 0.06260988 0.0481619  0.01386705
 0.02410656 0.00207176 0.03849869 0.09953758]
[0.00532611 0.01832316 0.01821054 0.07429941 0.0423446  0.00891503
 0.05265657 0.04823571 0.0229359  0.01391585 0.05619264 0.00882867
 0.00252702 0.06750851 0.01079625 0.01135444 0.04572785 0.03460882
 0.07246986 0.00393691 0.00609356 0.00642663 0.00293323 0.00643144
 0.0485428  0.03667557 0.01492741 0.07271756 0.04424681 0.00597289
 0.04626461 0.01282555 0.02362523 0.05316763]
[3.54877369e-05 6.55709786e-02 1.15148506e-03 8.93383580e-02
 4.62659558e-02 4.52844395e-02 2.44528514e-02 2.86886849e-03
 3.91770779e-02 9.38454186e-03 1.53850790e-02 3.32205446e-02
 3.29053766e-03 6.39977734e-02 2.46277897e-02 1.88622994e-02
 1.02192051e-02 1.38577956e-02 8.90851121e-02 6.43144203e-04
 5.48084849e-03 7.80610393e-03 2.43880390e-03 1.37284223e-02
 1.24150797e-02 6.32115618e-02 5.24239491e-02 1.14157391e-02
 7.29220779e-03 5.05801050e-02 4.66057154e-02 1.15545020e-02
 2.54021303e-02 5.82443599e-02]
[0.00518059 0.06233096 0.01406602 0.0410733  0.03899313 0.02026401
 0.02552196 0.02076017 0.04312691 0.00094653 0.01613815 0.01815465
 0.03192403 0.03322123 0.0174695  0.0102041  0.01335346 0.03294185
 0.01319567 0.0026051  0.00405668 0.00379016 0.00052898 0.00320746
 0.018231   0.05587824 0.04258411 0.01640998 0.03791489 0.04187599
 0.05600413 0.02273378 0.02377672 0.0230519 ]
[0.00518059 0.06233096 0.01406602 0.0410733  0.03899313 0.02026401
 0.02552196 0.02076017 0.04312691 0.00094653 0.01613815 0.01815465
 0.03192403 0.03322123 0.0174695  0.0102041  0.01335346 0.03294185
 0.01319567 0.0026051  0.00405668 0.00379016 0.00052898 0.00320746
 0.018231   0.05587824 0.04258411 0.01640998 0.03791489 0.04187599
 0.05600413 0.02273378 0.02377672 0.0230519 ]
[0.00518059 0.06233096 0.01406602 0.0410733  0.03899313 0.02026401
 0.02552196 0.02076017 0.04312691 0.00094653 0.01613815 0.01815465
 0.03192403 0.03322123 0.0174695  0.0102041  0.01335346 0.03294185
 0.01319567 0.0026051  0.00405668 0.00379016 0.00052898 0.00320746
 0.018231   0.05587824 0.04258411 0.01640998 0.03791489 0.04187599
 0.05600413 0.02273378 0.02377672 0.0230519 ]
[0.00518059 0.06233096 0.01406602 0.0410733  0.03899313 0.02026401
 0.02552196 0.02076017 0.04312691 0.00094653 0.01613815 0.01815465
 0.03192403 0.03322123 0.0174695  0.0102041  0.01335346 0.03294185
 0.01319567 0.0026051  0.00405668 0.00379016 0.00052898 0.00320746
 0.018231   0.05587824 0.04258411 0.01640998 0.03791489 0.04187599
 0.05600413 0.02273378 0.02377672 0.0230519 ]
[0.00668845 0.06863455 0.01862955 0.03903315 0.04396113 0.05344607
 0.0228445  0.00080032 0.00549271 0.00893432 0.00049276 0.0448643
 0.07126132 0.02339127 0.02185337 0.01272022 0.02906296 0.02940139
 0.04360833 0.00481277 0.00501298 0.01478858 0.00390507 0.00250872
 0.0556952  0.01579177 0.03333201 0.02473919 0.05649716 0.02023314
 0.02205973 0.00688124 0.04394152 0.06281157]
[0.00668845 0.06863455 0.01862955 0.03903315 0.04396113 0.05344607
 0.0228445  0.00080032 0.00549271 0.00893432 0.00049276 0.0448643
 0.07126132 0.02339127 0.02185337 0.01272022 0.02906296 0.02940139
 0.04360833 0.00481277 0.00501298 0.01478858 0.00390507 0.00250872
 0.0556952  0.01579177 0.03333201 0.02473919 0.05649716 0.02023314
 0.02205973 0.00688124 0.04394152 0.06281157]
[0.00360933 0.00795669 0.01522789 0.05084228 0.05876374 0.02524084
 0.005727   0.0070811  0.01074762 0.01424245 0.04160943 0.06508777
 0.00944256 0.0394784  0.05946442 0.02304036 0.00727686 0.04846213
 0.00896954 0.01592767 0.00950991 0.00342897 0.0019834  0.00620494
 0.07443434 0.03498719 0.01330732 0.01214711 0.03786703 0.05417309
 0.05654547 0.01008361 0.04230401 0.06185104]
[0.00473872 0.04905637 0.02243354 0.0639781  0.01493679 0.02074276
 0.0421608  0.0015075  0.05906388 0.00381938 0.01577611 0.07229567
 0.03138949 0.07464964 0.01349891 0.00039854 0.00332706 0.01284793
 0.04176617 0.01678815 0.00442419 0.00135468 0.00271555 0.01467088
 0.04840118 0.01900024 0.03039484 0.05026063 0.05589782 0.06142781
 0.07607061 0.01207813 0.03381065 0.01631581]
[0.00419252 0.0022749  0.02072927 0.08116767 0.04469532 0.00298496
 0.00618087 0.05039249 0.01758215 0.00718202 0.00453969 0.0413776
 0.04753044 0.00709205 0.06445978 0.00580126 0.03335812 0.01945994
 0.041644   0.0037548  0.0094937  0.01200683 0.00297391 0.0106906
 0.05509558 0.05952393 0.03891602 0.01051311 0.08632903 0.08535352
 0.05772185 0.00324909 0.02220838 0.03421563]
