[0.00747752 0.01368538 0.013839   0.018078   0.00134458 0.02049
 0.07028419 0.06414938 0.04738603 0.01457241 0.03842637 0.0437647
 0.0504115  0.07153285 0.0435325  0.00326583 0.05089039 0.02741634
 0.05592923 0.02086667 0.00246823 0.00016447 0.00056502 0.00843109
 0.01040832 0.00379991 0.01206289 0.01680555 0.02293821 0.01973261
 0.03760638 0.02113728 0.01539282 0.06107709]
[0.00704503 0.06098434 0.01180456 0.03626059 0.01105004 0.04704044
 0.06227418 0.01667298 0.04990794 0.0024914  0.03403892 0.01720568
 0.05668051 0.08514133 0.00903301 0.00083465 0.02933257 0.01374425
 0.02419132 0.01748392 0.01085437 0.00180292 0.00308941 0.00112562
 0.01110819 0.0498787  0.01547699 0.0523366  0.05193486 0.05612068
 0.00018684 0.02265256 0.01941622 0.04951771]
[0.00704503 0.06098434 0.01180456 0.03626059 0.01105004 0.04704044
 0.06227418 0.01667298 0.04990794 0.0024914  0.03403892 0.01720568
 0.05668051 0.08514133 0.00903301 0.00083465 0.02933257 0.01374425
 0.02419132 0.01748392 0.01085437 0.00180292 0.00308941 0.00112562
 0.01110819 0.0498787  0.01547699 0.0523366  0.05193486 0.05612068
 0.00018684 0.02265256 0.01941622 0.04951771]
[0.00611421 0.04948033 0.01220624 0.04319391 0.01778401 0.06090469
 0.03381364 0.04157564 0.04875756 0.0130515  0.01597369 0.05096721
 0.02599664 0.05621767 0.0142521  0.01262889 0.01114399 0.02745136
 0.03267133 0.0105915  0.01037498 0.00398273 0.00022263 0.00594746
 0.00244877 0.06817833 0.04898734 0.05281009 0.03555997 0.05691255
 0.04713509 0.0028642  0.00764041 0.02320577]
[0.00259736 0.02617425 0.00239664 0.07230983 0.06298957 0.08643237
 0.03978876 0.02274    0.05749142 0.00476013 0.05199841 0.06248526
 0.03150726 0.06364326 0.01712762 0.00516496 0.01024413 0.0096938
 0.06152862 0.01785976 0.00902841 0.0109069  0.00365934 0.00237486
 0.00563878 0.00135736 0.00068563 0.06663691 0.03383394 0.0754032
 0.04621228 0.00101469 0.01114703 0.00778433]
[0.00214537 0.00323593 0.01631548 0.02120385 0.00759805 0.05254497
 0.03104199 0.01097402 0.04855695 0.0077911  0.03762499 0.04461384
 0.05774823 0.02622967 0.04185824 0.00310031 0.02653583 0.01385378
 0.04763996 0.00547593 0.00593741 0.00433729 0.00604606 0.00098072
 0.01889329 0.00668967 0.02819878 0.07636302 0.05390347 0.05753635
 0.01810195 0.00249635 0.01117619 0.0291705 ]
[0.00628361 0.04662221 0.02192248 0.04113969 0.06204275 0.0213977
 0.0707244  0.05542797 0.01073643 0.01600891 0.0783549  0.03763133
 0.00816603 0.05901701 0.07051748 0.01032912 0.00290463 0.02484584
 0.01857607 0.0137685  0.00357973 0.01086659 0.00419441 0.00482421
 0.04270974 0.01175348 0.03119989 0.04986423 0.01527719 0.00202789
 0.02448527 0.01339201 0.02978763 0.03881752]
[0.00373497 0.09195702 0.02181817 0.01230337 0.05086044 0.02556255
 0.0523828  0.03673046 0.00425787 0.00752635 0.04573032 0.0502426
 0.04377092 0.00955753 0.04357228 0.00366902 0.01861763 0.03734742
 0.01419062 0.01237817 0.01286331 0.01402372 0.00074471 0.00478178
 0.06819893 0.02979727 0.02763583 0.07817891 0.01081751 0.03042325
 0.07187777 0.02471227 0.00650587 0.02264869]
[0.00497719 0.02234779 0.01264861 0.0283843  0.02402256 0.0350377
 0.0731975  0.04674897 0.03399673 0.01551845 0.08471314 0.01172721
 0.0380281  0.06629591 0.0377261  0.02793088 0.06715606 0.04860574
 0.02344346 0.00451358 0.01027558 0.00700166 0.00600924 0.00560146
 0.09608663 0.06022331 0.00690721 0.01972716 0.00342535 0.03302891
 0.00736231 0.01569672 0.01849837 0.00239167]
[0.0061423  0.06113572 0.01728857 0.02035042 0.02893531 0.05785762
 0.04204003 0.02596477 0.03304655 0.01303151 0.044906   0.01053467
 0.02874495 0.07894222 0.02563296 0.02101417 0.01616483 0.00306278
 0.04826944 0.01744009 0.00430836 0.00724662 0.00591226 0.00324351
 0.07271121 0.0648362  0.01711005 0.04985769 0.01113985 0.04707338
 0.02186088 0.0124621  0.03680034 0.00447606]
[0.00604242 0.03418122 0.00127708 0.03526461 0.04670822 0.0092573
 0.03937405 0.0609341  0.01038668 0.01364723 0.02433453 0.03874628
 0.00972496 0.05726342 0.03327018 0.01634735 0.0481658  0.01745007
 0.0350824  0.0009901  0.00948596 0.00104298 0.00199986 0.00840248
 0.00047852 0.06732937 0.05357623 0.00596939 0.00206647 0.01381261
 0.0103285  0.0218868  0.01521276 0.02079729]
[0.00604242 0.03418122 0.00127708 0.03526461 0.04670822 0.0092573
 0.03937405 0.0609341  0.01038668 0.01364723 0.02433453 0.03874628
 0.00972496 0.05726342 0.03327018 0.01634735 0.0481658  0.01745007
 0.0350824  0.0009901  0.00948596 0.00104298 0.00199986 0.00840248
 0.00047852 0.06732937 0.05357623 0.00596939 0.00206647 0.01381261
 0.0103285  0.0218868  0.01521276 0.02079729]
[0.00612187 0.00397208 0.0053784  0.03158453 0.06728763 0.00738762
 0.0516408  0.06312672 0.04295222 0.01054491 0.06020984 0.04271085
 0.0263772  0.06765845 0.02953257 0.01460227 0.00341952 0.04355245
 0.01688336 0.01796333 0.00487557 0.01087157 0.00736158 0.01544553
 0.01996663 0.00176412 0.08557674 0.01244977 0.05681458 0.0326577
 0.05717966 0.01645956 0.0145092  0.00232235]
[0.00254667 0.0264657  0.01074117 0.06490341 0.00953278 0.04320672
 0.065005   0.0638157  0.05552095 0.00074399 0.01810851 0.05187896
 0.01212205 0.0667424  0.02429044 0.01051734 0.00378508 0.03936222
 0.0154848  0.01623718 0.005572   0.00015765 0.00248955 0.0039269
 0.00153234 0.00685334 0.03827463 0.02715889 0.04535695 0.05441441
 0.00613471 0.01962223 0.02761531 0.04764396]
[0.00562194 0.00913122 0.01653433 0.0652578  0.00383177 0.00096153
 0.04918729 0.02650761 0.02193263 0.01230531 0.05049294 0.00822852
 0.05318206 0.03861594 0.01579476 0.02516067 0.01903029 0.01714573
 0.02378535 0.00322476 0.00957483 0.01323417 0.00516892 0.00661823
 0.01356722 0.00936748 0.06605488 0.05256769 0.02509005 0.07618537
 0.05515198 0.02946094 0.01363492 0.02704631]
[0.00230723 0.00692002 0.01792435 0.05363727 0.04827749 0.00716835
 0.04268193 0.02112575 0.04253918 0.0051898  0.04741234 0.00514207
 0.04233417 0.0568677  0.00762343 0.02140758 0.02178382 0.04006787
 0.04976512 0.0124567  0.0108277  0.00399449 0.002919   0.01103021
 0.02340625 0.03563475 0.05597704 0.00943336 0.00377728 0.03570442
 0.03569919 0.02655804 0.02805236 0.011789  ]
[0.00273621 0.03019093 0.00695757 0.00503434 0.02053663 0.04392323
 0.02661656 0.02237823 0.01391104 0.004865   0.0059395  0.04176098
 0.03644245 0.04398841 0.03717449 0.01611734 0.0288226  0.03005048
 0.03489085 0.01656595 0.00571037 0.00848543 0.00244767 0.00200764
 0.02075675 0.02880182 0.01649552 0.00313394 0.03477149 0.03726039
 0.04329229 0.01168968 0.01970909 0.04472358]
[2.08006077e-03 3.19271233e-02 4.93072899e-03 1.79261982e-02
 3.96353921e-02 4.50579183e-02 2.29906152e-02 3.72861328e-02
 2.01175337e-02 2.73234398e-03 2.01833606e-03 2.08036716e-02
 3.94880550e-02 2.51274211e-02 3.21163910e-02 1.53347958e-02
 3.45188150e-02 2.37629484e-02 2.20443493e-02 1.20923028e-02
 4.36652060e-03 4.80168761e-03 3.95641048e-05 9.24002726e-03
 4.34708933e-02 3.72850184e-02 4.51035755e-03 2.99249964e-02
 4.19811275e-02 3.22139092e-02 6.63166276e-03 1.61606234e-02
 2.51090539e-02 5.61516674e-03]
[0.00626635 0.03865566 0.00613156 0.00157733 0.01765481 0.04282537
 0.05161866 0.05885607 0.03408027 0.00580048 0.045791   0.02868159
 0.03181386 0.04887212 0.03538411 0.00187497 0.01492403 0.03895083
 0.00556457 0.0072788  0.00699517 0.00631008 0.00305788 0.00475732
 0.03728463 0.03736188 0.04097139 0.05052818 0.06937644 0.04544858
 0.00786284 0.00415088 0.02532217 0.02380197]
[0.00626635 0.03865566 0.00613156 0.00157733 0.01765481 0.04282537
 0.05161866 0.05885607 0.03408027 0.00580048 0.045791   0.02868159
 0.03181386 0.04887212 0.03538411 0.00187497 0.01492403 0.03895083
 0.00556457 0.0072788  0.00699517 0.00631008 0.00305788 0.00475732
 0.03728463 0.03736188 0.04097139 0.05052818 0.06937644 0.04544858
 0.00786284 0.00415088 0.02532217 0.02380197]
