[0.00630931 0.03578798 0.00094264 0.01703389 0.03897139 0.01129383
 0.05634468 0.02400451 0.05144801 0.00664461 0.01044601 0.06656926
 0.06268914 0.01336813 0.02468823 0.00868368 0.03567248 0.02645813
 0.03613949 0.00404397 0.00479593 0.00854136 0.00533537 0.00680846
 0.05121107 0.00285675 0.05550475 0.0451102  0.04774754 0.05415918
 0.0524651  0.00458304 0.01239263 0.00326445]
[0.00741223 0.04682582 0.01469819 0.02983187 0.00206928 0.02842391
 0.07266783 0.06408056 0.04413808 0.01429837 0.00014785 0.0197305
 0.05353719 0.0067383  0.0492894  0.02722599 0.01017775 0.02313377
 0.03429266 0.0144449  0.00576683 0.01300685 0.00320315 0.00531082
 0.00470382 0.05163808 0.01870908 0.08090904 0.03626057 0.00575717
 0.06197024 0.0295425  0.01814891 0.0581861 ]
[0.00033312 0.02209717 0.02084867 0.02773304 0.03218668 0.05356117
 0.05240749 0.08158902 0.04233706 0.01471435 0.0014927  0.0072338
 0.04154874 0.02044827 0.02148537 0.01267847 0.02613105 0.00608169
 0.06924096 0.00992259 0.0121009  0.01086082 0.00509816 0.00729095
 0.05595637 0.0800456  0.04804627 0.05644615 0.00305401 0.00549687
 0.01180921 0.02887319 0.02224894 0.0795694 ]
[0.00206607 0.06111737 0.01438045 0.04115242 0.03780486 0.07490182
 0.06525079 0.04172416 0.00508014 0.00560123 0.04557213 0.00623011
 0.03108459 0.04636943 0.05898848 0.01634803 0.01945809 0.03303254
 0.03568936 0.00436813 0.00922281 0.00017837 0.00045904 0.00374203
 0.04086849 0.02586702 0.02204105 0.05947771 0.00899875 0.05491417
 0.05041496 0.01290232 0.02010621 0.04065777]
[0.00047265 0.0157489  0.01337683 0.02115416 0.00110086 0.05525408
 0.05422488 0.0566257  0.03014798 0.00256317 0.05298085 0.02385766
 0.03349125 0.05889232 0.00373685 0.00437581 0.03881957 0.03522889
 0.04009869 0.00968365 0.00429828 0.00303603 0.0033101  0.00023935
 0.04368984 0.00743265 0.0397153  0.05449226 0.00513939 0.00566469
 0.01628414 0.00893232 0.02531563 0.03504601]
[0.00579498 0.00460397 0.00259467 0.0096623  0.04141943 0.01695315
 0.06922724 0.01877876 0.02809981 0.00082619 0.05129249 0.01364593
 0.03550182 0.02362268 0.02202083 0.0081929  0.0264293  0.01677352
 0.05558281 0.01591223 0.00187846 0.00302907 0.0024669  0.01191284
 0.05343815 0.04294207 0.03167552 0.03228142 0.04500795 0.03750178
 0.01144457 0.02467779 0.0010498  0.02137401]
[0.00193198 0.00078945 0.00737614 0.01797312 0.05578829 0.02419997
 0.04707039 0.0510075  0.01455446 0.01229704 0.03038923 0.01790656
 0.01190102 0.01710229 0.05091911 0.00563319 0.0508254  0.02484351
 0.05951592 0.01538285 0.00402718 0.00540839 0.00485813 0.01135835
 0.01991619 0.01904345 0.01992462 0.04626599 0.02261246 0.04206792
 0.0179234  0.00839131 0.01711503 0.02164806]
[0.0039063  0.04153196 0.00566915 0.05890551 0.02960076 0.0139109
 0.03320958 0.04429993 0.01331651 0.00402641 0.01595604 0.02244675
 0.04289079 0.05342177 0.06487769 0.001731   0.00506828 0.00384907
 0.07602579 0.00228585 0.00643518 0.0003407  0.00322086 0.00606763
 0.01181352 0.05790987 0.0347439  0.02922522 0.01331978 0.04806768
 0.00907743 0.00562608 0.02929911 0.00740916]
[0.00707066 0.00714443 0.00551196 0.0728476  0.0503872  0.04631975
 0.00211183 0.06824916 0.03428926 0.01138043 0.05926394 0.01242021
 0.0151007  0.06136346 0.02780077 0.01129838 0.01766449 0.00430413
 0.09525513 0.01579298 0.00588596 0.00317989 0.003642   0.00948581
 0.01972876 0.01532231 0.03983962 0.05536368 0.04567458 0.02703506
 0.00555547 0.01517332 0.00145785 0.03035232]
[0.00156999 0.01439299 0.0070977  0.06513815 0.05020139 0.03607574
 0.01306005 0.08003336 0.04668891 0.00694095 0.0585118  0.02033103
 0.00816314 0.02873624 0.03529973 0.00304677 0.02613817 0.01564989
 0.06329709 0.00827829 0.00666565 0.01028765 0.003513   0.01382288
 0.04072853 0.0236394  0.04592209 0.0368983  0.00958778 0.04831928
 0.00887095 0.00947223 0.03702657 0.05308308]
[0.00625381 0.04033309 0.00609632 0.06329263 0.05007437 0.0357132
 0.01214861 0.06609175 0.01765173 0.00204023 0.03434216 0.02478661
 0.05346116 0.05869481 0.01358865 0.00624317 0.04546093 0.01970131
 0.08146599 0.01387065 0.00151209 0.00881638 0.00115247 0.00375928
 0.04772952 0.05076334 0.03165156 0.02664078 0.04461528 0.0551641
 0.00396651 0.01924358 0.01204469 0.03947681]
[0.00567206 0.01276    0.00722829 0.0879377  0.00427133 0.01869169
 0.05779108 0.00636811 0.01083433 0.00389953 0.05390586 0.04721855
 0.02224125 0.10302422 0.04742526 0.02509262 0.04646172 0.01188021
 0.0015067  0.03528632 0.00453134 0.02196924 0.00084207 0.02454729
 0.00943283 0.05465931 0.01627239 0.08731479 0.04328651 0.01847061
 0.04918917 0.01333705 0.00557292 0.04052668]
[0.00179732 0.00858692 0.01356771 0.01155408 0.05018104 0.04276698
 0.07762181 0.00203101 0.04836188 0.01267327 0.07501365 0.03855445
 0.03638053 0.10151271 0.03930112 0.01049543 0.04776854 0.03831672
 0.04217844 0.01592482 0.00490567 0.01397043 0.00243389 0.0060707
 0.00254578 0.02935888 0.00531321 0.02146929 0.05820928 0.04581468
 0.01469899 0.02585816 0.02674189 0.02800706]
[0.00355058 0.0456248  0.0169537  0.00438867 0.05045273 0.02090119
 0.07768332 0.03561074 0.01932343 0.01370655 0.07629407 0.05019996
 0.0093951  0.078822   0.00636008 0.02245653 0.02022482 0.01379943
 0.0089288  0.01895846 0.00834116 0.00520671 0.0003184  0.0129446
 0.05161636 0.03934686 0.03302367 0.05630178 0.04100196 0.00825448
 0.02159757 0.02785926 0.03984918 0.06069284]
[0.00525677 0.01854341 0.01345641 0.0094012  0.03739871 0.01214582
 0.01571738 0.06201139 0.04145975 0.011423   0.06484112 0.01416512
 0.0358218  0.08399135 0.05426145 0.02244715 0.02544743 0.02431407
 0.03347473 0.00420495 0.00816561 0.00838048 0.00176814 0.01350879
 0.06048083 0.02578897 0.0069216  0.06769638 0.00140777 0.01977042
 0.01699501 0.01896638 0.01212569 0.00467232]
[0.00525677 0.01854341 0.01345641 0.0094012  0.03739871 0.01214582
 0.01571738 0.06201139 0.04145975 0.011423   0.06484112 0.01416512
 0.0358218  0.08399135 0.05426145 0.02244715 0.02544743 0.02431407
 0.03347473 0.00420495 0.00816561 0.00838048 0.00176814 0.01350879
 0.06048083 0.02578897 0.0069216  0.06769638 0.00140777 0.01977042
 0.01699501 0.01896638 0.01212569 0.00467232]
[0.00558651 0.02354677 0.01945496 0.03381234 0.03571085 0.01170721
 0.01111899 0.01496146 0.05643722 0.01335859 0.08076473 0.06285652
 0.01907427 0.01964118 0.03639973 0.01124286 0.02607698 0.04432174
 0.02545353 0.00685389 0.00208526 0.00870059 0.00103743 0.00060465
 0.01126603 0.06878397 0.03410941 0.05793322 0.03899297 0.01242033
 0.02840695 0.00564143 0.02884652 0.0051482 ]
[0.00558651 0.02354677 0.01945496 0.03381234 0.03571085 0.01170721
 0.01111899 0.01496146 0.05643722 0.01335859 0.08076473 0.06285652
 0.01907427 0.01964118 0.03639973 0.01124286 0.02607698 0.04432174
 0.02545353 0.00685389 0.00208526 0.00870059 0.00103743 0.00060465
 0.01126603 0.06878397 0.03410941 0.05793322 0.03899297 0.01242033
 0.02840695 0.00564143 0.02884652 0.0051482 ]
[0.00407835 0.03737411 0.01766704 0.0306795  0.01902938 0.03133876
 0.01478152 0.00219468 0.02167086 0.01028091 0.08684219 0.06842699
 0.04755804 0.05913861 0.01877252 0.0111451  0.01527961 0.00014162
 0.04520942 0.00849504 0.00249129 0.01262515 0.00587793 0.00641084
 0.01764283 0.01872363 0.00509618 0.05521039 0.01674405 0.01686775
 0.03773745 0.01357513 0.03163264 0.05001109]
[0.00124596 0.03337539 0.00325032 0.05178626 0.03305056 0.00825551
 0.00928679 0.037595   0.01129434 0.0104473  0.0212439  0.04216181
 0.02894061 0.02769387 0.04394054 0.00636524 0.02036912 0.02214696
 0.01563616 0.01269729 0.00919466 0.00825949 0.00096558 0.008333
 0.0425906  0.00343654 0.03335844 0.00314669 0.04003993 0.01216939
 0.04940903 0.00849295 0.01382497 0.01479032]
