[9.10605147e-04 4.79900678e-02 3.28177443e-03 3.58202310e-03
 2.75404538e-02 2.22095492e-02 1.20012607e-03 3.79323656e-02
 2.23119883e-02 1.75959761e-02 5.66487303e-02 2.05399080e-02
 3.11347512e-02 1.78238173e-02 3.34924828e-02 1.20959633e-02
 1.55746123e-02 2.84880326e-02 2.72375340e-02 1.95695965e-03
 1.06718649e-02 7.46781227e-03 1.60178542e-05 5.55914163e-03
 3.35647802e-02 7.66543941e-02 5.39304799e-02 6.05128086e-02
 1.65814873e-02 7.51585143e-02 5.81747303e-02 2.44235471e-02
 1.47556396e-04 2.43346732e-02]
[0.00513159 0.01777812 0.02819867 0.05163518 0.03905614 0.03356728
 0.05078164 0.05633951 0.04675884 0.00577696 0.06500149 0.00996918
 0.02667537 0.0351794  0.0016886  0.01406001 0.00355489 0.0088493
 0.02752965 0.01511307 0.01624808 0.00253542 0.00286744 0.00078669
 0.07132647 0.02435856 0.04077048 0.01724898 0.01629284 0.05698952
 0.03758049 0.02990195 0.00380632 0.08785495]
[0.00139239 0.0245973  0.01687893 0.02723965 0.01390441 0.00910108
 0.0390852  0.00498544 0.04291409 0.01211927 0.06705397 0.03522679
 0.05055339 0.03990877 0.03625695 0.01250622 0.02625738 0.0260525
 0.02701748 0.00778139 0.00099162 0.00929666 0.00140619 0.01127461
 0.04025293 0.04432392 0.05378097 0.03492112 0.05259989 0.03479701
 0.05189753 0.0185003  0.02769418 0.08153966]
[0.0004431  0.02221318 0.00880082 0.05721149 0.04901292 0.0215843
 0.06132492 0.03480316 0.02805952 0.0012957  0.07691007 0.0640094
 0.01344324 0.01132329 0.02424344 0.0212514  0.032354   0.0075726
 0.02050739 0.00272611 0.00351437 0.00746751 0.00422236 0.00583154
 0.05264108 0.05053341 0.06008629 0.0009205  0.00617612 0.06512876
 0.00093647 0.02250668 0.03360327 0.05395213]
[0.0004431  0.02221318 0.00880082 0.05721149 0.04901292 0.0215843
 0.06132492 0.03480316 0.02805952 0.0012957  0.07691007 0.0640094
 0.01344324 0.01132329 0.02424344 0.0212514  0.032354   0.0075726
 0.02050739 0.00272611 0.00351437 0.00746751 0.00422236 0.00583154
 0.05264108 0.05053341 0.06008629 0.0009205  0.00617612 0.06512876
 0.00093647 0.02250668 0.03360327 0.05395213]
[0.00027348 0.05129315 0.00498093 0.02526574 0.04293277 0.0065768
 0.06878758 0.01082045 0.05362388 0.01248421 0.03820463 0.05862422
 0.01236327 0.05274103 0.03302877 0.01656258 0.01365826 0.03431243
 0.01798196 0.0172889  0.00773236 0.01079046 0.00051872 0.00952994
 0.0243081  0.05601    0.07817851 0.04410766 0.05285549 0.02920365
 0.04245425 0.02386476 0.03070722 0.01399542]
[0.00400889 0.04652898 0.00057895 0.04876742 0.03364904 0.04410988
 0.07867952 0.02964673 0.03352795 0.00444578 0.00726734 0.05170885
 0.03107222 0.0472274  0.02033191 0.01810233 0.048269   0.01763371
 0.0009598  0.00051812 0.00975283 0.00849896 0.00103209 0.00097301
 0.03992198 0.02304522 0.06722991 0.02572711 0.04865062 0.04441955
 0.06726372 0.01948135 0.00981934 0.04055066]
[0.00110426 0.05389017 0.01485337 0.05014908 0.00302273 0.07242308
 0.04713817 0.04876582 0.00184126 0.0018961  0.04248301 0.0174725
 0.04735918 0.04302908 0.01607412 0.00174698 0.04854233 0.04189841
 0.01437551 0.00716218 0.00362778 0.01115137 0.00189699 0.01302346
 0.06023411 0.01898513 0.0428236  0.03545153 0.03317273 0.0489456
 0.01593703 0.00652633 0.03970461 0.07083169]
[0.00197758 0.05712347 0.00905783 0.01154579 0.00072218 0.07630105
 0.06586956 0.06950039 0.00553606 0.0141197  0.01622622 0.04279103
 0.08634722 0.039005   0.06082735 0.02243999 0.00848689 0.02345898
 0.00249505 0.00972801 0.00140826 0.01442031 0.00327325 0.00248687
 0.0009308  0.01229292 0.07804919 0.06585201 0.03108349 0.06436847
 0.04643356 0.00361766 0.02506998 0.0105058 ]
[0.00723285 0.06833215 0.01162333 0.04416349 0.00191972 0.05837725
 0.02218252 0.08647774 0.05635923 0.00630737 0.01016003 0.06362686
 0.02267601 0.03111141 0.00285899 0.01626103 0.023053   0.04316272
 0.04805426 0.01925616 0.00854486 0.00262052 0.00376389 0.01209735
 0.02352183 0.03203592 0.02563359 0.08029227 0.06063189 0.00377281
 0.02079605 0.01680358 0.0086376  0.05493196]
[0.00472162 0.02417114 0.01747537 0.04539022 0.01146332 0.03711035
 0.0027135  0.0500374  0.07156941 0.01710459 0.0494205  0.02405088
 0.01380996 0.03783656 0.04654953 0.00075431 0.01798512 0.04409393
 0.08439715 0.00088555 0.00705373 0.00148289 0.00443025 0.00900075
 0.03909056 0.00148885 0.0741604  0.05715445 0.04000573 0.03031809
 0.00733637 0.02910477 0.03835955 0.05773731]
[0.00609191 0.00771146 0.00958926 0.04333533 0.00262366 0.03928701
 0.00233673 0.04213788 0.01403812 0.01198003 0.05837324 0.00088797
 0.00864897 0.0690697  0.03572232 0.00061294 0.0417478  0.02245354
 0.02950855 0.00725876 0.00284271 0.00856876 0.00263399 0.01454203
 0.028839   0.02281044 0.02887455 0.00110499 0.06294744 0.04087488
 0.03898356 0.0087062  0.03467476 0.05414199]
[0.00470651 0.03880437 0.01504695 0.04849539 0.01712114 0.00871148
 0.0168248  0.02001008 0.01194386 0.01057719 0.04622123 0.01921129
 0.02730687 0.0280509  0.04924396 0.00470588 0.03310498 0.02598581
 0.04199497 0.00399436 0.00031086 0.00906687 0.0015823  0.00676588
 0.02866202 0.04258906 0.04415035 0.0122338  0.06084028 0.04028098
 0.05493085 0.00563046 0.00575976 0.03846452]
[0.00470651 0.03880437 0.01504695 0.04849539 0.01712114 0.00871148
 0.0168248  0.02001008 0.01194386 0.01057719 0.04622123 0.01921129
 0.02730687 0.0280509  0.04924396 0.00470588 0.03310498 0.02598581
 0.04199497 0.00399436 0.00031086 0.00906687 0.0015823  0.00676588
 0.02866202 0.04258906 0.04415035 0.0122338  0.06084028 0.04028098
 0.05493085 0.00563046 0.00575976 0.03846452]
[0.00470651 0.03880437 0.01504695 0.04849539 0.01712114 0.00871148
 0.0168248  0.02001008 0.01194386 0.01057719 0.04622123 0.01921129
 0.02730687 0.0280509  0.04924396 0.00470588 0.03310498 0.02598581
 0.04199497 0.00399436 0.00031086 0.00906687 0.0015823  0.00676588
 0.02866202 0.04258906 0.04415035 0.0122338  0.06084028 0.04028098
 0.05493085 0.00563046 0.00575976 0.03846452]
[0.00591718 0.04208545 0.0041042  0.00115668 0.02085886 0.01904035
 0.05444288 0.02959951 0.04888924 0.01185538 0.05324814 0.01092413
 0.03132638 0.05092154 0.02421432 0.01821062 0.0141989  0.01103547
 0.01020605 0.01235452 0.00195989 0.01136873 0.00481578 0.00531942
 0.03948327 0.00933579 0.03660684 0.02324403 0.04455814 0.05958013
 0.01164893 0.00648719 0.00234533 0.01637415]
[0.00591718 0.04208545 0.0041042  0.00115668 0.02085886 0.01904035
 0.05444288 0.02959951 0.04888924 0.01185538 0.05324814 0.01092413
 0.03132638 0.05092154 0.02421432 0.01821062 0.0141989  0.01103547
 0.01020605 0.01235452 0.00195989 0.01136873 0.00481578 0.00531942
 0.03948327 0.00933579 0.03660684 0.02324403 0.04455814 0.05958013
 0.01164893 0.00648719 0.00234533 0.01637415]
[0.00591718 0.04208545 0.0041042  0.00115668 0.02085886 0.01904035
 0.05444288 0.02959951 0.04888924 0.01185538 0.05324814 0.01092413
 0.03132638 0.05092154 0.02421432 0.01821062 0.0141989  0.01103547
 0.01020605 0.01235452 0.00195989 0.01136873 0.00481578 0.00531942
 0.03948327 0.00933579 0.03660684 0.02324403 0.04455814 0.05958013
 0.01164893 0.00648719 0.00234533 0.01637415]
[0.00126749 0.05569604 0.01555143 0.02767357 0.01185131 0.04238353
 0.06604385 0.04201765 0.04669197 0.00338683 0.00492491 0.05818262
 0.00078135 0.05736865 0.00648218 0.00558072 0.03287878 0.04089845
 0.0345552  0.01722821 0.00547352 0.00729234 0.00329992 0.01426196
 0.05898119 0.00236677 0.05935073 0.03291413 0.07040085 0.00928593
 0.04836127 0.00874518 0.0068937  0.03258781]
[5.35536296e-03 3.17555014e-02 6.98714160e-04 1.29243374e-02
 3.90474060e-02 7.91068015e-03 8.12255846e-02 1.57941051e-02
 3.66446964e-02 5.65956539e-03 3.75409877e-02 4.16488639e-02
 1.59266045e-02 7.78639855e-02 4.11770559e-02 1.97241441e-02
 3.83649759e-02 2.27645550e-02 3.36068315e-02 1.05564845e-02
 6.99677961e-03 8.61868863e-03 5.22649134e-03 8.90001457e-03
 2.17098887e-05 1.59878607e-02 4.90794454e-02 5.61515536e-02
 1.07168233e-02 4.71008662e-02 7.42261463e-02 2.08767014e-02
 1.16743789e-02 6.53974642e-02]
