[0.00263388 0.02265192 0.00834463 0.01695416 0.04620962 0.02264206
 0.01180679 0.02526698 0.02012342 0.01122788 0.02705601 0.00507551
 0.04385085 0.10327799 0.01099597 0.00151592 0.00437601 0.04823511
 0.03891851 0.00493912 0.00823996 0.00705652 0.00775191 0.01490606
 0.03413275 0.02708245 0.05850049 0.04653628 0.05738549 0.05643604
 0.03015502 0.02536884 0.02409796 0.07453747]
[0.00638751 0.0328931  0.00306729 0.05166454 0.04608562 0.01340284
 0.00629202 0.03488471 0.05662191 0.00088628 0.03568212 0.02574949
 0.04351228 0.00559482 0.03601842 0.01338714 0.00677053 0.03535225
 0.03655597 0.007426   0.01130387 0.00650574 0.00414612 0.00679927
 0.04834763 0.00413191 0.02631011 0.02061765 0.06599567 0.03705432
 0.00540438 0.01740644 0.03279293 0.0173963 ]
[0.00638751 0.0328931  0.00306729 0.05166454 0.04608562 0.01340284
 0.00629202 0.03488471 0.05662191 0.00088628 0.03568212 0.02574949
 0.04351228 0.00559482 0.03601842 0.01338714 0.00677053 0.03535225
 0.03655597 0.007426   0.01130387 0.00650574 0.00414612 0.00679927
 0.04834763 0.00413191 0.02631011 0.02061765 0.06599567 0.03705432
 0.00540438 0.01740644 0.03279293 0.0173963 ]
[0.00638751 0.0328931  0.00306729 0.05166454 0.04608562 0.01340284
 0.00629202 0.03488471 0.05662191 0.00088628 0.03568212 0.02574949
 0.04351228 0.00559482 0.03601842 0.01338714 0.00677053 0.03535225
 0.03655597 0.007426   0.01130387 0.00650574 0.00414612 0.00679927
 0.04834763 0.00413191 0.02631011 0.02061765 0.06599567 0.03705432
 0.00540438 0.01740644 0.03279293 0.0173963 ]
[0.00474853 0.04912642 0.01264713 0.04815002 0.0139416  0.0207036
 0.00585734 0.00517178 0.03904737 0.01060877 0.05953453 0.04884965
 0.04675818 0.00951271 0.04057007 0.01027401 0.01626359 0.02410776
 0.04510255 0.01548062 0.00903276 0.00069633 0.0023676  0.00833295
 0.01635356 0.01539284 0.00179383 0.05274053 0.06642887 0.00957306
 0.03354817 0.02164527 0.00378818 0.04812895]
[0.00474853 0.04912642 0.01264713 0.04815002 0.0139416  0.0207036
 0.00585734 0.00517178 0.03904737 0.01060877 0.05953453 0.04884965
 0.04675818 0.00951271 0.04057007 0.01027401 0.01626359 0.02410776
 0.04510255 0.01548062 0.00903276 0.00069633 0.0023676  0.00833295
 0.01635356 0.01539284 0.00179383 0.05274053 0.06642887 0.00957306
 0.03354817 0.02164527 0.00378818 0.04812895]
[0.00474853 0.04912642 0.01264713 0.04815002 0.0139416  0.0207036
 0.00585734 0.00517178 0.03904737 0.01060877 0.05953453 0.04884965
 0.04675818 0.00951271 0.04057007 0.01027401 0.01626359 0.02410776
 0.04510255 0.01548062 0.00903276 0.00069633 0.0023676  0.00833295
 0.01635356 0.01539284 0.00179383 0.05274053 0.06642887 0.00957306
 0.03354817 0.02164527 0.00378818 0.04812895]
[0.00093332 0.0107358  0.01435348 0.0616078  0.03604415 0.02876412
 0.05487599 0.01126398 0.07032351 0.00340363 0.067162   0.03156335
 0.08978625 0.04088009 0.01437527 0.00979411 0.02631089 0.02822632
 0.00207253 0.02221517 0.00803698 0.01281287 0.00562786 0.01110492
 0.01373235 0.02745628 0.01738271 0.06102582 0.05743608 0.058191
 0.01599914 0.00412184 0.00769603 0.0466067 ]
[0.00377665 0.0583573  0.00924447 0.07372673 0.04840295 0.06982636
 0.07184857 0.05553855 0.01105194 0.01204851 0.05062997 0.01113518
 0.06974901 0.00344088 0.00046075 0.00215826 0.05456418 0.00535601
 0.0274869  0.00198532 0.0118118  0.00772302 0.00258431 0.01330532
 0.02202919 0.03865788 0.02057057 0.05108454 0.05771761 0.01480973
 0.04319441 0.0006955  0.02240365 0.03288673]
[0.00352728 0.08227472 0.0200631  0.00442551 0.05065835 0.0598524
 0.04038597 0.04507832 0.05011181 0.01471452 0.04964038 0.05218927
 0.04083436 0.02364964 0.0192681  0.01052177 0.00348069 0.02418646
 0.05460504 0.00948428 0.00222203 0.00788541 0.00617098 0.01570876
 0.05614206 0.0470717  0.04663427 0.03269165 0.00968095 0.01975227
 0.0620364  0.02053042 0.00116852 0.0050261 ]
[0.00189706 0.01004767 0.00040039 0.00407603 0.06150417 0.0579105
 0.03853663 0.03989252 0.01039124 0.01007789 0.03880919 0.02037357
 0.06824167 0.0290569  0.0328116  0.01162338 0.00216311 0.04855341
 0.08343706 0.00111741 0.00532672 0.00841638 0.00700574 0.0121403
 0.06826988 0.02493437 0.04288867 0.00128693 0.04647927 0.06005692
 0.07287789 0.01380257 0.00484082 0.01304118]
[4.44013805e-03 2.16493277e-05 7.47633349e-03 5.11677057e-02
 5.22915918e-02 2.30285210e-02 4.16097048e-03 1.72975103e-02
 2.90487894e-02 6.60276843e-03 6.49615759e-02 1.37550941e-02
 4.48816472e-02 5.09107620e-02 1.04013575e-02 3.26301024e-03
 1.45387687e-03 1.07242837e-02 2.29021565e-02 8.39636676e-03
 1.22647890e-02 3.60248114e-03 5.43822964e-03 1.91777237e-04
 8.83304505e-02 9.46756863e-03 4.43314455e-02 2.37346930e-03
 4.81264692e-02 3.76597273e-02 3.91734898e-03 1.58342117e-02
 4.18392831e-03 5.71961029e-02]
[0.00543504 0.01144862 0.01614497 0.05737778 0.01584875 0.03804745
 0.02408523 0.01692656 0.01758545 0.00324141 0.00547005 0.01801832
 0.03780118 0.05881997 0.03381648 0.00821496 0.01013634 0.00261048
 0.04391755 0.00818167 0.00861591 0.00326632 0.00106782 0.01007692
 0.01289768 0.02414228 0.0439077  0.02408584 0.03653335 0.04654199
 0.01341557 0.02253445 0.03125809 0.0568914 ]
[0.00543504 0.01144862 0.01614497 0.05737778 0.01584875 0.03804745
 0.02408523 0.01692656 0.01758545 0.00324141 0.00547005 0.01801832
 0.03780118 0.05881997 0.03381648 0.00821496 0.01013634 0.00261048
 0.04391755 0.00818167 0.00861591 0.00326632 0.00106782 0.01007692
 0.01289768 0.02414228 0.0439077  0.02408584 0.03653335 0.04654199
 0.01341557 0.02253445 0.03125809 0.0568914 ]
[0.00269903 0.01309867 0.00838048 0.0427164  0.04399711 0.01516253
 0.02893608 0.04488138 0.02072144 0.01101427 0.01620192 0.01097059
 0.02885026 0.05316895 0.03745427 0.00062379 0.00510187 0.02508934
 0.04955835 0.00652459 0.00803023 0.00423003 0.00278    0.0008749
 0.03804738 0.04348842 0.03732496 0.01277904 0.01057459 0.03327142
 0.00954679 0.0174818  0.01178052 0.01195263]
[0.00269903 0.01309867 0.00838048 0.0427164  0.04399711 0.01516253
 0.02893608 0.04488138 0.02072144 0.01101427 0.01620192 0.01097059
 0.02885026 0.05316895 0.03745427 0.00062379 0.00510187 0.02508934
 0.04955835 0.00652459 0.00803023 0.00423003 0.00278    0.0008749
 0.03804738 0.04348842 0.03732496 0.01277904 0.01057459 0.03327142
 0.00954679 0.0174818  0.01178052 0.01195263]
[0.00269903 0.01309867 0.00838048 0.0427164  0.04399711 0.01516253
 0.02893608 0.04488138 0.02072144 0.01101427 0.01620192 0.01097059
 0.02885026 0.05316895 0.03745427 0.00062379 0.00510187 0.02508934
 0.04955835 0.00652459 0.00803023 0.00423003 0.00278    0.0008749
 0.03804738 0.04348842 0.03732496 0.01277904 0.01057459 0.03327142
 0.00954679 0.0174818  0.01178052 0.01195263]
[0.00178788 0.03429614 0.01449491 0.05320909 0.01381663 0.03275074
 0.01095385 0.02601803 0.04063289 0.00289585 0.04305905 0.01632047
 0.0560952  0.06737441 0.05043747 0.01049597 0.01644221 0.02883414
 0.00875525 0.00806902 0.00150399 0.00569448 0.0020706  0.00478094
 0.02296322 0.05552241 0.04177546 0.02222885 0.00864879 0.00454185
 0.03021489 0.01069195 0.02893034 0.0146879 ]
[0.00564462 0.04440363 0.01672341 0.04386407 0.04229197 0.00130829
 0.00237943 0.00615708 0.01683149 0.01131004 0.0496571  0.0018242
 0.05359187 0.00666618 0.0274579  0.01175413 0.02944762 0.04147061
 0.03658066 0.01199298 0.00576466 0.01015369 0.00176658 0.00965779
 0.06569234 0.0098516  0.03026036 0.0229177  0.04475157 0.05188009
 0.03276933 0.0005287  0.03888367 0.02658014]
[0.00451413 0.05897347 0.00389292 0.03143909 0.0080519  0.04201863
 0.0378508  0.00845378 0.04396567 0.00275662 0.06252603 0.02897275
 0.04712993 0.03078584 0.00879075 0.01096978 0.04021043 0.019801
 0.00957325 0.00577145 0.00177288 0.00937891 0.0034003  0.00137032
 0.08353054 0.00691771 0.04159216 0.0189628  0.0540776  0.01032135
 0.01891668 0.00043872 0.02337205 0.04003176]
