[0.00215805 0.04891427 0.00319944 0.00043765 0.03916534 0.01657566
 0.04987    0.01417535 0.04036432 0.00808692 0.05046482 0.06357995
 0.01325054 0.03930161 0.04650623 0.01348975 0.04219181 0.01806967
 0.01835925 0.00833729 0.00681261 0.00515754 0.00024626 0.00330222
 0.03160699 0.02771552 0.04621184 0.01978671 0.02308373 0.02959359
 0.05164924 0.00729657 0.02390942 0.04338923]
[0.00215805 0.04891427 0.00319944 0.00043765 0.03916534 0.01657566
 0.04987    0.01417535 0.04036432 0.00808692 0.05046482 0.06357995
 0.01325054 0.03930161 0.04650623 0.01348975 0.04219181 0.01806967
 0.01835925 0.00833729 0.00681261 0.00515754 0.00024626 0.00330222
 0.03160699 0.02771552 0.04621184 0.01978671 0.02308373 0.02959359
 0.05164924 0.00729657 0.02390942 0.04338923]
[0.00551797 0.05511015 0.00994458 0.04989114 0.05759317 0.01544457
 0.05579536 0.01382221 0.01071899 0.01512788 0.0552959  0.07401265
 0.05517184 0.02106918 0.00566739 0.02259225 0.04962369 0.01327931
 0.0095712  0.00415944 0.00878499 0.01490829 0.00566673 0.00972201
 0.06383468 0.05173444 0.03845919 0.01622865 0.06604068 0.03014429
 0.02222875 0.01569057 0.01973831 0.02448804]
[0.00666962 0.04772824 0.00708701 0.05107708 0.04116705 0.00660757
 0.02667408 0.03875677 0.02986025 0.00176373 0.01400608 0.04048755
 0.05213547 0.02976139 0.03918588 0.01975061 0.04115861 0.02141541
 0.06412599 0.00644411 0.0125472  0.00254675 0.00655902 0.00395885
 0.02154973 0.02990205 0.05297284 0.02591877 0.03532598 0.06292164
 0.02542816 0.02521236 0.03970907 0.02898008]
[0.00533149 0.00723172 0.00066784 0.07845025 0.02191591 0.0583975
 0.01926077 0.05022663 0.02639709 0.0039653  0.05566856 0.04442341
 0.03510773 0.0750671  0.03784896 0.00687048 0.03551621 0.00555644
 0.04366942 0.01607789 0.01382352 0.00808325 0.00188429 0.01098891
 0.02038324 0.06062864 0.02973628 0.0005237  0.04903458 0.0519233
 0.01431514 0.0016296  0.02276325 0.07615551]
[0.00603545 0.04276351 0.00372981 0.07470514 0.04809763 0.05654857
 0.04108935 0.05201665 0.00038449 0.01083641 0.04209215 0.03304801
 0.01901928 0.06885687 0.04498136 0.01834422 0.00104183 0.00694948
 0.02869114 0.01484196 0.00819168 0.01090061 0.00200196 0.00512969
 0.0267126  0.07121833 0.01419318 0.04564322 0.00436278 0.04933047
 0.03685055 0.01023716 0.02693394 0.06705372]
[0.00213479 0.04669046 0.01207004 0.02125741 0.05531991 0.07687591
 0.05361799 0.0162198  0.04887232 0.00740262 0.02979831 0.03279073
 0.0211802  0.02143717 0.06990384 0.02555051 0.00950526 0.04535223
 0.01678675 0.00343141 0.00698988 0.01378952 0.00670749 0.01354349
 0.06414325 0.06664219 0.01783881 0.04890977 0.0104514  0.00032923
 0.04449898 0.02806856 0.01248641 0.04920108]
[0.0042912  0.02195366 0.0153586  0.03490698 0.05053561 0.0072666
 0.04403347 0.02995834 0.01778136 0.00350532 0.03831904 0.06947839
 0.03556474 0.03143086 0.05854734 0.01599222 0.05113367 0.02017613
 0.05258448 0.0089513  0.00260934 0.00202761 0.00570765 0.0112204
 0.05046342 0.01815169 0.0642569  0.01538237 0.02294925 0.03776774
 0.02872478 0.01639761 0.01838901 0.04770669]
[0.0020096  0.03601513 0.01161687 0.00820659 0.0370718  0.04640335
 0.05580812 0.04307583 0.00446813 0.0036281  0.0038815  0.031888
 0.04900437 0.00785001 0.03997571 0.01742061 0.04904254 0.04637549
 0.05979085 0.01898717 0.00831994 0.0120824  0.00228744 0.00025318
 0.0110458  0.01437306 0.04870981 0.00883701 0.06419529 0.0573782
 0.0661366  0.01991989 0.03925237 0.03262829]
[4.89875200e-03 2.51399433e-02 3.84775727e-05 2.11924917e-02
 3.26604953e-02 4.55383605e-02 7.00982313e-02 5.33964035e-03
 1.08427081e-02 5.05789850e-03 3.03281991e-02 6.07798188e-02
 3.76295531e-02 3.26943724e-02 3.99866022e-02 1.32094880e-02
 1.75804246e-03 2.05419987e-02 7.41600300e-02 1.75091483e-02
 1.36858372e-03 1.54450096e-02 4.21630991e-03 6.15032434e-03
 2.71492172e-02 2.23925547e-02 3.00919197e-02 4.77570463e-02
 6.08020827e-02 7.65730773e-02 5.29185273e-02 2.09280880e-02
 3.06052402e-02 2.46710887e-02]
[0.00594913 0.00412863 0.00491383 0.03175153 0.0038248  0.02052057
 0.0520853  0.04012717 0.05178181 0.00466801 0.06073782 0.03404345
 0.0591206  0.04224974 0.04350119 0.00130443 0.04281442 0.00306697
 0.05006622 0.01822721 0.01148279 0.00487218 0.00028417 0.00913141
 0.05486867 0.05399598 0.0274962  0.0356623  0.03517426 0.00342811
 0.07011836 0.02576549 0.0216161  0.00718568]
[0.00297712 0.05860507 0.01223153 0.04279932 0.00382509 0.07439851
 0.01352134 0.0250398  0.01840905 0.01447108 0.09447021 0.06381899
 0.03599772 0.05129892 0.00283856 0.0114608  0.04428589 0.0095077
 0.06749207 0.00322296 0.01292241 0.0058777  0.00777805 0.00081035
 0.03422568 0.06684499 0.03143873 0.00388837 0.01328447 0.01220564
 0.07133724 0.02571513 0.03448711 0.01370181]
[0.00929116 0.0440346  0.01261814 0.00628962 0.0737583  0.05126677
 0.07760206 0.01270168 0.00050216 0.01053814 0.00364405 0.01981747
 0.04768732 0.07547788 0.06192638 0.02159591 0.00288818 0.00267463
 0.04152666 0.01314581 0.00088702 0.00282427 0.00812578 0.01169214
 0.00978414 0.01476237 0.04047318 0.02436089 0.03222634 0.00565489
 0.0393275  0.01046787 0.01219515 0.01936384]
[0.00929116 0.0440346  0.01261814 0.00628962 0.0737583  0.05126677
 0.07760206 0.01270168 0.00050216 0.01053814 0.00364405 0.01981747
 0.04768732 0.07547788 0.06192638 0.02159591 0.00288818 0.00267463
 0.04152666 0.01314581 0.00088702 0.00282427 0.00812578 0.01169214
 0.00978414 0.01476237 0.04047318 0.02436089 0.03222634 0.00565489
 0.0393275  0.01046787 0.01219515 0.01936384]
[0.00929116 0.0440346  0.01261814 0.00628962 0.0737583  0.05126677
 0.07760206 0.01270168 0.00050216 0.01053814 0.00364405 0.01981747
 0.04768732 0.07547788 0.06192638 0.02159591 0.00288818 0.00267463
 0.04152666 0.01314581 0.00088702 0.00282427 0.00812578 0.01169214
 0.00978414 0.01476237 0.04047318 0.02436089 0.03222634 0.00565489
 0.0393275  0.01046787 0.01219515 0.01936384]
[0.00929116 0.0440346  0.01261814 0.00628962 0.0737583  0.05126677
 0.07760206 0.01270168 0.00050216 0.01053814 0.00364405 0.01981747
 0.04768732 0.07547788 0.06192638 0.02159591 0.00288818 0.00267463
 0.04152666 0.01314581 0.00088702 0.00282427 0.00812578 0.01169214
 0.00978414 0.01476237 0.04047318 0.02436089 0.03222634 0.00565489
 0.0393275  0.01046787 0.01219515 0.01936384]
[0.00562374 0.03822498 0.01060098 0.02455441 0.03351069 0.0537675
 0.07631587 0.02669383 0.03870412 0.0024822  0.01530771 0.03724046
 0.04986498 0.0750131  0.0253951  0.01705246 0.04076308 0.00119954
 0.04562024 0.00880035 0.00351849 0.01095097 0.00137229 0.00143216
 0.02332198 0.03628149 0.02057598 0.04256796 0.0378663  0.02449713
 0.0459307  0.0249161  0.03196926 0.00534429]
[0.00660642 0.03323639 0.01839206 0.00767496 0.03340744 0.07767407
 0.00904033 0.05535105 0.03668496 0.01870973 0.01848528 0.02644363
 0.0588657  0.04032551 0.07476533 0.03226908 0.00293422 0.0488438
 0.00417089 0.00104893 0.009786   0.01671093 0.00027232 0.00726436
 0.02592453 0.01492126 0.00289189 0.00717676 0.08411734 0.06739494
 0.08757383 0.01029938 0.0156723  0.03114229]
[0.00230813 0.04409477 0.01674436 0.06342903 0.05009098 0.0661135
 0.05092411 0.01203867 0.00718931 0.00514543 0.01467294 0.08187712
 0.00308425 0.01328941 0.04135945 0.00664331 0.00878216 0.04011908
 0.00252495 0.00765014 0.00299975 0.00083306 0.0076598  0.0029997
 0.03957489 0.01130195 0.05087779 0.01809487 0.07615232 0.05945642
 0.05863641 0.02223405 0.04840975 0.05341821]
[5.68666344e-03 2.95351925e-02 6.65942540e-03 5.84084424e-02
 5.45440073e-03 7.30100361e-02 4.07993288e-02 1.62826874e-02
 2.87427739e-02 1.16718180e-02 2.15941064e-02 5.14848244e-02
 3.09311663e-02 5.13206247e-02 5.68872728e-02 4.63019258e-03
 4.43052034e-02 2.15064208e-02 2.63834757e-02 3.64582857e-03
 5.39569259e-03 8.80300216e-03 2.27442279e-03 7.32207518e-03
 3.92236580e-02 4.23338430e-02 5.32004520e-02 1.92676186e-02
 2.53867644e-02 1.28862403e-02 2.40544878e-02 1.21453907e-05
 2.20179055e-02 3.35032488e-02]
