[0.00140498 0.04712419 0.00537979 0.06762423 0.0093833  0.0156139
 0.00788153 0.06824347 0.02735304 0.00749295 0.06695411 0.03811784
 0.04512473 0.06768139 0.05018106 0.01022603 0.02229919 0.02739478
 0.06065813 0.01279093 0.010217   0.01152238 0.00090836 0.00221275
 0.02031264 0.06143005 0.00198643 0.01804092 0.0336785  0.05118638
 0.02082901 0.0076083  0.00347712 0.07158669]
[0.00325492 0.01641242 0.01186965 0.05958865 0.03062567 0.02888955
 0.04209968 0.06212055 0.034364   0.00647718 0.01175207 0.01959805
 0.03690028 0.06379221 0.03518201 0.0133321  0.034804   0.02978476
 0.01005816 0.00152038 0.00185202 0.00841765 0.00096633 0.00213126
 0.02080352 0.0402968  0.00578424 0.03251507 0.03675796 0.03249402
 0.01885981 0.00777815 0.00714398 0.05223287]
[0.0035118  0.02920919 0.0142628  0.05124945 0.05564391 0.04456655
 0.03820767 0.05695783 0.04836595 0.00620812 0.02133863 0.03165097
 0.02137984 0.07482218 0.04741454 0.02279181 0.03692764 0.00077122
 0.03583078 0.00645317 0.00879156 0.00229458 0.00544848 0.00244946
 0.01945789 0.0109073  0.03753371 0.02768563 0.03170708 0.05897023
 0.01447725 0.01703552 0.02446134 0.02794437]
[0.0011298  0.00293533 0.001207   0.05515894 0.04051666 0.03256992
 0.02262401 0.05659768 0.04396651 0.01395625 0.01950428 0.01492977
 0.05883975 0.03010177 0.01245535 0.02128105 0.05877343 0.01929789
 0.04856524 0.02077727 0.00785507 0.01259161 0.00405921 0.0029771
 0.05347143 0.01851987 0.04813504 0.00419785 0.01872434 0.05515797
 0.02386943 0.01499396 0.03110229 0.0693385 ]
[0.00144268 0.00910867 0.01468848 0.06305991 0.04604754 0.03114321
 0.0052086  0.04905691 0.04204807 0.00575335 0.02985915 0.00240253
 0.01309159 0.04439986 0.04353205 0.009733   0.02962032 0.03689733
 0.02390233 0.00719783 0.00881376 0.00961074 0.00076278 0.00355874
 0.04412199 0.03972347 0.00934142 0.037301   0.0148208  0.02084841
 0.02725779 0.01266683 0.01520462 0.06552504]
[0.00430171 0.04816787 0.01274792 0.00815747 0.03959156 0.04688712
 0.06626815 0.01148315 0.02948619 0.00639785 0.01465262 0.04254122
 0.01753502 0.0488348  0.02550942 0.01745252 0.03311359 0.05268452
 0.01486827 0.01450335 0.01203836 0.0116475  0.00385    0.00119567
 0.05009148 0.04619093 0.01837188 0.0332614  0.02167616 0.06495723
 0.07793407 0.01384759 0.03078279 0.00309239]
[0.00225234 0.03785458 0.00373779 0.05892451 0.00929012 0.02810821
 0.01440617 0.02993886 0.05050871 0.00524127 0.0604723  0.04964209
 0.01469232 0.00697158 0.0424091  0.00041419 0.01753379 0.00355717
 0.0191877  0.0197511  0.00669399 0.01009005 0.00629286 0.00531873
 0.01623299 0.00223369 0.01565468 0.04105526 0.02180162 0.06955426
 0.05376359 0.02832742 0.02936994 0.04624112]
[0.00020926 0.05162157 0.00606462 0.01853946 0.0261446  0.0599747
 0.02940605 0.02382839 0.00605579 0.00183921 0.08842791 0.02051737
 0.04995697 0.00328504 0.06043983 0.00115033 0.0584344  0.01737014
 0.0017748  0.00663063 0.00229235 0.01211977 0.00390721 0.00814109
 0.03263004 0.03238604 0.01809353 0.0870807  0.01969363 0.05799721
 0.02869787 0.00671787 0.01666878 0.05571024]
[0.00020926 0.05162157 0.00606462 0.01853946 0.0261446  0.0599747
 0.02940605 0.02382839 0.00605579 0.00183921 0.08842791 0.02051737
 0.04995697 0.00328504 0.06043983 0.00115033 0.0584344  0.01737014
 0.0017748  0.00663063 0.00229235 0.01211977 0.00390721 0.00814109
 0.03263004 0.03238604 0.01809353 0.0870807  0.01969363 0.05799721
 0.02869787 0.00671787 0.01666878 0.05571024]
[0.00020926 0.05162157 0.00606462 0.01853946 0.0261446  0.0599747
 0.02940605 0.02382839 0.00605579 0.00183921 0.08842791 0.02051737
 0.04995697 0.00328504 0.06043983 0.00115033 0.0584344  0.01737014
 0.0017748  0.00663063 0.00229235 0.01211977 0.00390721 0.00814109
 0.03263004 0.03238604 0.01809353 0.0870807  0.01969363 0.05799721
 0.02869787 0.00671787 0.01666878 0.05571024]
[0.00235469 0.01959205 0.0072813  0.01215653 0.04736492 0.02919523
 0.05507125 0.04998153 0.03079633 0.0098473  0.07859649 0.03907091
 0.05787997 0.02181962 0.03782255 0.02129878 0.0386499  0.01433083
 0.0237746  0.0056546  0.0104684  0.0091073  0.00136477 0.00617635
 0.06045658 0.0096597  0.01790295 0.03550229 0.06784191 0.06165509
 0.01979847 0.0301131  0.0172091  0.0288809 ]
[0.00197285 0.03142441 0.00374902 0.01431764 0.05215831 0.02485337
 0.03564633 0.06610351 0.05105852 0.00226687 0.0886799  0.04397831
 0.02130702 0.00398018 0.05669219 0.01604999 0.0267223  0.01074631
 0.01234114 0.01395    0.00496399 0.00322787 0.00524297 0.00861588
 0.07320413 0.00509382 0.04268166 0.01523151 0.05402042 0.02647349
 0.03524188 0.01313845 0.01100838 0.05829205]
[0.00176119 0.05213646 0.00452745 0.03154755 0.02141349 0.03760376
 0.06032904 0.04455379 0.01326407 0.00794099 0.05092307 0.03979052
 0.03370751 0.03709548 0.04409986 0.01149294 0.01239601 0.00251837
 0.02515229 0.01107438 0.00138131 0.00247543 0.00491692 0.00546402
 0.06529756 0.0405944  0.06106116 0.03459429 0.0166817  0.01593403
 0.03512358 0.01720773 0.02871461 0.03431179]
[0.00176119 0.05213646 0.00452745 0.03154755 0.02141349 0.03760376
 0.06032904 0.04455379 0.01326407 0.00794099 0.05092307 0.03979052
 0.03370751 0.03709548 0.04409986 0.01149294 0.01239601 0.00251837
 0.02515229 0.01107438 0.00138131 0.00247543 0.00491692 0.00546402
 0.06529756 0.0405944  0.06106116 0.03459429 0.0166817  0.01593403
 0.03512358 0.01720773 0.02871461 0.03431179]
[0.00460151 0.02796816 0.00910595 0.0360979  0.0345197  0.04135512
 0.03986425 0.00172011 0.03151545 0.00017606 0.03443158 0.0446371
 0.04419923 0.03797893 0.02493623 0.01692525 0.01111999 0.02698884
 0.04027685 0.00412447 0.0079357  0.00118119 0.00442329 0.00252851
 0.04763192 0.00582955 0.03037608 0.03133191 0.02471752 0.03517313
 0.0087094  0.01905538 0.02079139 0.01681563]
[0.00460151 0.02796816 0.00910595 0.0360979  0.0345197  0.04135512
 0.03986425 0.00172011 0.03151545 0.00017606 0.03443158 0.0446371
 0.04419923 0.03797893 0.02493623 0.01692525 0.01111999 0.02698884
 0.04027685 0.00412447 0.0079357  0.00118119 0.00442329 0.00252851
 0.04763192 0.00582955 0.03037608 0.03133191 0.02471752 0.03517313
 0.0087094  0.01905538 0.02079139 0.01681563]
[0.0035751  0.02886561 0.00337394 0.00303284 0.04209781 0.00722246
 0.05917608 0.0413324  0.05039495 0.01453294 0.05366831 0.04364926
 0.00966535 0.08088925 0.03026997 0.00643439 0.05782803 0.03410669
 0.01951693 0.01740184 0.00274774 0.01022635 0.00504945 0.00296651
 0.07011958 0.005374   0.01638228 0.07245045 0.02833935 0.05584434
 0.0250355  0.00675925 0.01050626 0.02342767]
[0.00481451 0.00429424 0.01836749 0.03803841 0.0396226  0.04311192
 0.00208524 0.06294164 0.00099591 0.00938938 0.06184753 0.00775927
 0.04930889 0.07915851 0.04271241 0.0202691  0.04607285 0.00723652
 0.00439675 0.00333421 0.01195447 0.00384575 0.00113885 0.01141056
 0.08538813 0.00869067 0.05630795 0.06864171 0.03279126 0.01156589
 0.03853259 0.02977386 0.01774624 0.03984054]
[0.00507867 0.01788616 0.0159966  0.04084131 0.0084824  0.04248997
 0.03399174 0.05410364 0.03634544 0.00254066 0.00829914 0.03459077
 0.03866214 0.05253535 0.02938776 0.00514894 0.03560433 0.01912244
 0.01602816 0.00733704 0.00099939 0.00572144 0.00390727 0.00050132
 0.03608807 0.03741472 0.00335898 0.05632432 0.04001381 0.03452427
 0.00675836 0.02199996 0.02480392 0.0030985 ]
[0.00507867 0.01788616 0.0159966  0.04084131 0.0084824  0.04248997
 0.03399174 0.05410364 0.03634544 0.00254066 0.00829914 0.03459077
 0.03866214 0.05253535 0.02938776 0.00514894 0.03560433 0.01912244
 0.01602816 0.00733704 0.00099939 0.00572144 0.00390727 0.00050132
 0.03608807 0.03741472 0.00335898 0.05632432 0.04001381 0.03452427
 0.00675836 0.02199996 0.02480392 0.0030985 ]
