[0.00394133 0.01004364 0.02048593 0.03990195 0.05907572 0.05878982
 0.08614226 0.03196909 0.03385272 0.00153282 0.07956337 0.03036187
 0.00823785 0.04631967 0.00451016 0.00536533 0.04199034 0.033015
 0.03273991 0.0183281  0.00510962 0.00503529 0.00702779 0.01512209
 0.02846417 0.03729217 0.01134254 0.02304474 0.06869046 0.01511351
 0.02247152 0.02012102 0.01405873 0.0491733 ]
[0.00341376 0.01012349 0.00539702 0.01068446 0.04163528 0.0251025
 0.06223634 0.0603759  0.00617127 0.01643592 0.04974431 0.03645074
 0.05481694 0.0836452  0.0519517  0.00145393 0.00466086 0.01830423
 0.00090667 0.01920535 0.00965367 0.00250148 0.00410195 0.00141993
 0.05733343 0.02743756 0.03991216 0.05651541 0.08007942 0.02831841
 0.05851289 0.0078264  0.01531798 0.04263667]
[0.00337684 0.01997799 0.02141839 0.00857162 0.01278245 0.01473209
 0.05051409 0.05664715 0.04849725 0.0110012  0.00818811 0.05328982
 0.01777956 0.03918559 0.00480466 0.00194488 0.02347797 0.02386064
 0.04782123 0.00904015 0.00090645 0.00544337 0.00411288 0.01492061
 0.05090845 0.05234946 0.02212692 0.02277374 0.06893483 0.05767676
 0.0031115  0.02562237 0.00931082 0.01528644]
[0.00440871 0.01256457 0.01384675 0.00471775 0.03515361 0.04219981
 0.02986121 0.01488524 0.02073998 0.00541578 0.01756952 0.02422848
 0.0018262  0.06061587 0.02017817 0.00982429 0.01659648 0.0255491
 0.06196173 0.00277306 0.0036535  0.00403703 0.00378397 0.01069629
 0.0063063  0.06884525 0.0465873  0.04086768 0.00822752 0.06542861
 0.03789492 0.00644975 0.02205317 0.00865675]
[0.00615423 0.04841834 0.00034505 0.03530779 0.05837065 0.00415909
 0.03698487 0.04105401 0.00932602 0.01099395 0.04259597 0.03478328
 0.05136144 0.02767765 0.00313284 0.01884904 0.01411239 0.02488465
 0.03644389 0.02001673 0.01080993 0.00086524 0.00016691 0.01085488
 0.02973184 0.02627659 0.06817316 0.0115551  0.05337764 0.06210833
 0.01571817 0.02875348 0.00796891 0.0363626 ]
[0.00548787 0.02360931 0.0127519  0.02277517 0.05768505 0.00116319
 0.03078931 0.01316351 0.01930483 0.01055406 0.00517514 0.05096279
 0.05334533 0.02746747 0.04855189 0.0091054  0.0462786  0.02044779
 0.00766695 0.01761313 0.00771344 0.01621118 0.00309382 0.01320436
 0.00912646 0.02886229 0.01490655 0.00705939 0.01324664 0.06949757
 0.0212801  0.01973936 0.02724578 0.05683729]
[0.00432469 0.04812929 0.00974726 0.04613981 0.00998752 0.0306874
 0.02972559 0.0393844  0.04074409 0.00349133 0.03657115 0.0439395
 0.00094162 0.04577776 0.03447494 0.01590545 0.0098006  0.02323314
 0.03265437 0.01211306 0.0076242  0.00872814 0.00208243 0.00576171
 0.02203521 0.02319819 0.01924076 0.01936585 0.00939088 0.04348607
 0.00115112 0.01105788 0.00885002 0.03714033]
[0.00432469 0.04812929 0.00974726 0.04613981 0.00998752 0.0306874
 0.02972559 0.0393844  0.04074409 0.00349133 0.03657115 0.0439395
 0.00094162 0.04577776 0.03447494 0.01590545 0.0098006  0.02323314
 0.03265437 0.01211306 0.0076242  0.00872814 0.00208243 0.00576171
 0.02203521 0.02319819 0.01924076 0.01936585 0.00939088 0.04348607
 0.00115112 0.01105788 0.00885002 0.03714033]
[0.00432469 0.04812929 0.00974726 0.04613981 0.00998752 0.0306874
 0.02972559 0.0393844  0.04074409 0.00349133 0.03657115 0.0439395
 0.00094162 0.04577776 0.03447494 0.01590545 0.0098006  0.02323314
 0.03265437 0.01211306 0.0076242  0.00872814 0.00208243 0.00576171
 0.02203521 0.02319819 0.01924076 0.01936585 0.00939088 0.04348607
 0.00115112 0.01105788 0.00885002 0.03714033]
[0.00436098 0.02955824 0.00454966 0.058735   0.00999298 0.04915672
 0.05633486 0.02331221 0.01217239 0.01410931 0.05069683 0.04299087
 0.04555439 0.00592415 0.00949927 0.00236564 0.04754728 0.02180103
 0.02049474 0.01242087 0.0069063  0.01398572 0.00502992 0.00401961
 0.02484057 0.04971615 0.00102047 0.02716009 0.00332426 0.01837101
 0.03583828 0.0169761  0.02416393 0.04933588]
[0.00567185 0.04641547 0.01244824 0.00025044 0.02292788 0.09347423
 0.06807982 0.01954812 0.02261764 0.00853362 0.03809304 0.05388698
 0.04485551 0.00930148 0.06251963 0.02549279 0.06141587 0.02893218
 0.02093639 0.01036975 0.00086939 0.01509933 0.00118309 0.00471394
 0.01191608 0.00861252 0.04231774 0.03202015 0.04629236 0.0225856
 0.01662238 0.02754101 0.03474391 0.07927785]
[0.00571179 0.07109099 0.00845122 0.01559809 0.04423664 0.03491407
 0.02521632 0.01576346 0.0227762  0.00142264 0.02529023 0.05667781
 0.05670531 0.05563845 0.06854488 0.0042677  0.02018679 0.00719385
 0.05860646 0.01825789 0.00757363 0.01532777 0.00468531 0.00949619
 0.02813275 0.03321813 0.03299728 0.04979642 0.06829086 0.0130702
 0.05710526 0.01997226 0.01678874 0.02683219]
[0.00676563 0.03955206 0.01568914 0.03604356 0.04922535 0.06569205
 0.03517624 0.00296482 0.05647067 0.00704638 0.03772529 0.0310216
 0.04326328 0.0630052  0.02625338 0.00971728 0.05112878 0.04171819
 0.07597334 0.01578368 0.00034967 0.00817649 0.00252365 0.00719785
 0.03447413 0.02141727 0.01454632 0.01949967 0.03864735 0.01971885
 0.0603963  0.01551544 0.02493794 0.0222809 ]
[6.27049956e-03 3.42911241e-02 3.07064423e-03 9.49397744e-03
 5.71455098e-02 6.04476329e-02 6.87265073e-03 4.01098071e-02
 4.88674646e-02 1.19842165e-02 5.29825152e-02 4.04915668e-02
 4.99193735e-02 5.66087715e-02 4.90430867e-02 2.94137065e-02
 2.03488838e-02 1.69508735e-02 3.12790967e-02 2.18932942e-02
 6.28931057e-03 1.53157546e-02 5.98334501e-03 5.40077415e-03
 1.69307399e-02 6.39639242e-02 9.94691439e-05 6.20107382e-03
 8.05540325e-02 5.86675833e-02 3.65783656e-02 1.27199452e-02
 2.84995927e-02 1.52758718e-02]
[6.39717669e-03 6.93721519e-02 1.76646872e-02 3.02826201e-02
 2.30168037e-02 4.63445372e-02 5.51905833e-02 1.38442945e-03
 1.78371320e-02 1.40356358e-02 7.26877958e-02 6.37629690e-02
 3.45352715e-02 5.53558276e-02 6.10587051e-02 2.39555906e-02
 1.29496864e-02 4.06242024e-02 2.77537033e-02 8.27972400e-04
 4.66180177e-03 1.42521802e-02 3.92180108e-03 8.26150525e-03
 4.18412303e-02 6.62118458e-02 1.19017551e-02 1.49283137e-02
 9.08811149e-02 1.94960370e-03 1.65251168e-02 9.95632271e-06
 3.76108453e-02 1.19983624e-02]
[0.00841215 0.00633304 0.02325267 0.0064796  0.05695198 0.0472038
 0.09094358 0.05734472 0.05062536 0.00596858 0.01598383 0.05349767
 0.03820637 0.03351765 0.04441847 0.033123   0.00570081 0.02382785
 0.0434771  0.00843459 0.00094082 0.01451301 0.00166913 0.00517334
 0.02965592 0.01141853 0.04192778 0.00309046 0.01677073 0.00400045
 0.07787581 0.02164221 0.05108816 0.06652779]
[0.00741892 0.05282378 0.00399826 0.05049985 0.06179565 0.04019146
 0.0822142  0.06680186 0.0333543  0.00348788 0.03742894 0.02407514
 0.01377495 0.00760546 0.07219086 0.00607294 0.01462865 0.0329145
 0.07517137 0.00546452 0.00327077 0.00902253 0.00246439 0.006007
 0.02004494 0.00359483 0.05762727 0.04476003 0.00466863 0.05633235
 0.03296565 0.01283506 0.01385116 0.04064171]
[0.00152932 0.00365254 0.02030225 0.02297413 0.01092755 0.08142123
 0.09224073 0.01645039 0.0123951  0.0100426  0.02343408 0.02089876
 0.00253344 0.02808042 0.07032026 0.01461308 0.05085878 0.0163895
 0.07003382 0.01617704 0.01169148 0.00466662 0.00248503 0.00662842
 0.01000822 0.01221331 0.02639153 0.055041   0.05814088 0.05170981
 0.06720138 0.00806605 0.03582737 0.06465366]
[0.0042406  0.04091227 0.01470359 0.01110193 0.0092454  0.05893299
 0.08836302 0.00489463 0.02459625 0.00662206 0.04595376 0.03522606
 0.02171886 0.04134937 0.04551177 0.00527162 0.04262798 0.03883028
 0.05612438 0.0043949  0.00181923 0.00446474 0.00272415 0.00147418
 0.00660049 0.02943325 0.01199499 0.06293061 0.02173802 0.04385595
 0.04975078 0.01652909 0.01038259 0.06318767]
[0.0042406  0.04091227 0.01470359 0.01110193 0.0092454  0.05893299
 0.08836302 0.00489463 0.02459625 0.00662206 0.04595376 0.03522606
 0.02171886 0.04134937 0.04551177 0.00527162 0.04262798 0.03883028
 0.05612438 0.0043949  0.00181923 0.00446474 0.00272415 0.00147418
 0.00660049 0.02943325 0.01199499 0.06293061 0.02173802 0.04385595
 0.04975078 0.01652909 0.01038259 0.06318767]
