[0.00484127 0.03631111 0.02163349 0.02515324 0.06470965 0.00300064
 0.04844941 0.04527593 0.01948519 0.01523603 0.06362503 0.04620625
 0.02737612 0.03325875 0.02774857 0.01230233 0.04535626 0.00384481
 0.03702461 0.01414739 0.0098277  0.012391   0.00593828 0.01147798
 0.04662188 0.02552795 0.01101369 0.06005329 0.0279524  0.04758097
 0.05479802 0.01171939 0.01926065 0.02165101]
[0.00066459 0.01543552 0.00304285 0.01053096 0.02069182 0.00384089
 0.02222409 0.01264996 0.0272357  0.00392011 0.00907169 0.00045032
 0.02688507 0.02186008 0.05428617 0.00468461 0.03662597 0.00867875
 0.04970254 0.00559951 0.00448249 0.00187115 0.00364518 0.00507988
 0.04490019 0.01909351 0.03459163 0.05762055 0.06757821 0.0488159
 0.04743708 0.03355041 0.01660326 0.0529839 ]
[0.0044594  0.00196185 0.02235873 0.00498704 0.01382717 0.00291398
 0.01480646 0.03953171 0.05189198 0.01389406 0.05362423 0.04260114
 0.04572888 0.02902772 0.01759409 0.00561965 0.03567672 0.05190186
 0.05598627 0.02211566 0.00658683 0.00484695 0.00425083 0.00359811
 0.07472494 0.0242515  0.03110511 0.07774404 0.03180894 0.04828443
 0.01345314 0.0088851  0.03156892 0.02519759]
[0.0044594  0.00196185 0.02235873 0.00498704 0.01382717 0.00291398
 0.01480646 0.03953171 0.05189198 0.01389406 0.05362423 0.04260114
 0.04572888 0.02902772 0.01759409 0.00561965 0.03567672 0.05190186
 0.05598627 0.02211566 0.00658683 0.00484695 0.00425083 0.00359811
 0.07472494 0.0242515  0.03110511 0.07774404 0.03180894 0.04828443
 0.01345314 0.0088851  0.03156892 0.02519759]
[4.12622080e-03 8.25770308e-03 1.22918773e-02 3.94901111e-03
 1.66456130e-02 3.22012695e-02 1.60039154e-02 2.47777429e-02
 4.28864687e-02 1.20504305e-02 2.80636989e-02 7.15209506e-02
 7.17817163e-02 1.72626205e-02 3.29006255e-02 1.56822139e-02
 3.36507528e-02 3.70002343e-02 1.97421484e-02 1.96011534e-02
 6.83380505e-03 4.87680692e-05 1.49936645e-03 5.13613257e-03
 7.55747777e-02 2.13644507e-03 7.22736504e-02 1.36061802e-02
 3.85782365e-02 5.41422844e-02 2.66242708e-02 2.72643653e-02
 5.42344339e-03 4.40980941e-02]
[4.12622080e-03 8.25770308e-03 1.22918773e-02 3.94901111e-03
 1.66456130e-02 3.22012695e-02 1.60039154e-02 2.47777429e-02
 4.28864687e-02 1.20504305e-02 2.80636989e-02 7.15209506e-02
 7.17817163e-02 1.72626205e-02 3.29006255e-02 1.56822139e-02
 3.36507528e-02 3.70002343e-02 1.97421484e-02 1.96011534e-02
 6.83380505e-03 4.87680692e-05 1.49936645e-03 5.13613257e-03
 7.55747777e-02 2.13644507e-03 7.22736504e-02 1.36061802e-02
 3.85782365e-02 5.41422844e-02 2.66242708e-02 2.72643653e-02
 5.42344339e-03 4.40980941e-02]
[0.00023565 0.02166273 0.00933111 0.0305037  0.03792059 0.04006803
 0.03787284 0.01319024 0.02636014 0.00612187 0.03794832 0.01575568
 0.05735881 0.03994959 0.01924938 0.01008546 0.02071515 0.02199723
 0.01463136 0.00637303 0.00462951 0.0048954  0.00096192 0.0082953
 0.02292597 0.02263214 0.02062739 0.04439721 0.00111609 0.04184684
 0.0221057  0.01294941 0.01028847 0.01986509]
[0.00023565 0.02166273 0.00933111 0.0305037  0.03792059 0.04006803
 0.03787284 0.01319024 0.02636014 0.00612187 0.03794832 0.01575568
 0.05735881 0.03994959 0.01924938 0.01008546 0.02071515 0.02199723
 0.01463136 0.00637303 0.00462951 0.0048954  0.00096192 0.0082953
 0.02292597 0.02263214 0.02062739 0.04439721 0.00111609 0.04184684
 0.0221057  0.01294941 0.01028847 0.01986509]
[0.00023565 0.02166273 0.00933111 0.0305037  0.03792059 0.04006803
 0.03787284 0.01319024 0.02636014 0.00612187 0.03794832 0.01575568
 0.05735881 0.03994959 0.01924938 0.01008546 0.02071515 0.02199723
 0.01463136 0.00637303 0.00462951 0.0048954  0.00096192 0.0082953
 0.02292597 0.02263214 0.02062739 0.04439721 0.00111609 0.04184684
 0.0221057  0.01294941 0.01028847 0.01986509]
[0.00023565 0.02166273 0.00933111 0.0305037  0.03792059 0.04006803
 0.03787284 0.01319024 0.02636014 0.00612187 0.03794832 0.01575568
 0.05735881 0.03994959 0.01924938 0.01008546 0.02071515 0.02199723
 0.01463136 0.00637303 0.00462951 0.0048954  0.00096192 0.0082953
 0.02292597 0.02263214 0.02062739 0.04439721 0.00111609 0.04184684
 0.0221057  0.01294941 0.01028847 0.01986509]
[0.00023565 0.02166273 0.00933111 0.0305037  0.03792059 0.04006803
 0.03787284 0.01319024 0.02636014 0.00612187 0.03794832 0.01575568
 0.05735881 0.03994959 0.01924938 0.01008546 0.02071515 0.02199723
 0.01463136 0.00637303 0.00462951 0.0048954  0.00096192 0.0082953
 0.02292597 0.02263214 0.02062739 0.04439721 0.00111609 0.04184684
 0.0221057  0.01294941 0.01028847 0.01986509]
[0.00023565 0.02166273 0.00933111 0.0305037  0.03792059 0.04006803
 0.03787284 0.01319024 0.02636014 0.00612187 0.03794832 0.01575568
 0.05735881 0.03994959 0.01924938 0.01008546 0.02071515 0.02199723
 0.01463136 0.00637303 0.00462951 0.0048954  0.00096192 0.0082953
 0.02292597 0.02263214 0.02062739 0.04439721 0.00111609 0.04184684
 0.0221057  0.01294941 0.01028847 0.01986509]
[0.00023565 0.02166273 0.00933111 0.0305037  0.03792059 0.04006803
 0.03787284 0.01319024 0.02636014 0.00612187 0.03794832 0.01575568
 0.05735881 0.03994959 0.01924938 0.01008546 0.02071515 0.02199723
 0.01463136 0.00637303 0.00462951 0.0048954  0.00096192 0.0082953
 0.02292597 0.02263214 0.02062739 0.04439721 0.00111609 0.04184684
 0.0221057  0.01294941 0.01028847 0.01986509]
[0.00023565 0.02166273 0.00933111 0.0305037  0.03792059 0.04006803
 0.03787284 0.01319024 0.02636014 0.00612187 0.03794832 0.01575568
 0.05735881 0.03994959 0.01924938 0.01008546 0.02071515 0.02199723
 0.01463136 0.00637303 0.00462951 0.0048954  0.00096192 0.0082953
 0.02292597 0.02263214 0.02062739 0.04439721 0.00111609 0.04184684
 0.0221057  0.01294941 0.01028847 0.01986509]
[0.00271861 0.0373567  0.00235467 0.03387056 0.03282662 0.02861819
 0.02406299 0.02621805 0.02375402 0.00874167 0.03365262 0.00777889
 0.00213265 0.01878284 0.0219739  0.01269897 0.02226325 0.00670056
 0.01028704 0.00879246 0.00513699 0.00729713 0.00117194 0.00232443
 0.01733453 0.0091661  0.01012046 0.02252435 0.02100747 0.03087259
 0.03579976 0.00589707 0.01211645 0.0089641 ]
[0.00271861 0.0373567  0.00235467 0.03387056 0.03282662 0.02861819
 0.02406299 0.02621805 0.02375402 0.00874167 0.03365262 0.00777889
 0.00213265 0.01878284 0.0219739  0.01269897 0.02226325 0.00670056
 0.01028704 0.00879246 0.00513699 0.00729713 0.00117194 0.00232443
 0.01733453 0.0091661  0.01012046 0.02252435 0.02100747 0.03087259
 0.03579976 0.00589707 0.01211645 0.0089641 ]
[0.00271861 0.0373567  0.00235467 0.03387056 0.03282662 0.02861819
 0.02406299 0.02621805 0.02375402 0.00874167 0.03365262 0.00777889
 0.00213265 0.01878284 0.0219739  0.01269897 0.02226325 0.00670056
 0.01028704 0.00879246 0.00513699 0.00729713 0.00117194 0.00232443
 0.01733453 0.0091661  0.01012046 0.02252435 0.02100747 0.03087259
 0.03579976 0.00589707 0.01211645 0.0089641 ]
[0.00271861 0.0373567  0.00235467 0.03387056 0.03282662 0.02861819
 0.02406299 0.02621805 0.02375402 0.00874167 0.03365262 0.00777889
 0.00213265 0.01878284 0.0219739  0.01269897 0.02226325 0.00670056
 0.01028704 0.00879246 0.00513699 0.00729713 0.00117194 0.00232443
 0.01733453 0.0091661  0.01012046 0.02252435 0.02100747 0.03087259
 0.03579976 0.00589707 0.01211645 0.0089641 ]
[0.00271861 0.0373567  0.00235467 0.03387056 0.03282662 0.02861819
 0.02406299 0.02621805 0.02375402 0.00874167 0.03365262 0.00777889
 0.00213265 0.01878284 0.0219739  0.01269897 0.02226325 0.00670056
 0.01028704 0.00879246 0.00513699 0.00729713 0.00117194 0.00232443
 0.01733453 0.0091661  0.01012046 0.02252435 0.02100747 0.03087259
 0.03579976 0.00589707 0.01211645 0.0089641 ]
[0.00187945 0.0184848  0.00970962 0.04781442 0.0253352  0.04060159
 0.02569234 0.01862327 0.02570033 0.0085105  0.02082523 0.01673792
 0.01292003 0.04094479 0.00339707 0.01154421 0.02869596 0.02008742
 0.00772771 0.01411766 0.00045259 0.00698073 0.00311379 0.0038371
 0.0179659  0.03633327 0.03507009 0.04301752 0.02240432 0.04679418
 0.0196412  0.01814265 0.00103021 0.00867814]
