Building DAG of jobs...
Using shell: /usr/bin/bash
Provided cores: 4
Rules claiming more threads will be scaled down.
Job counts:
	count	jobs
	1	run_single_chain
	1
Select jobs to execute...

[Wed Mar  3 14:18:01 2021]
rule run_single_chain:
    input: inter_results/network_c0_s461.nc, inter_results/sigma_s461.csv
    output: inter_results/network_c0_s481.nc
    jobid: 0
    wildcards: chain=0, sample=481
    threads: 4

/home/201403848/anaconda3_new/envs/pypsa-eur/bin/python3.8 /home/201403848/pypsa-mcmc/NOBACKUP/pypsa-eur-mcmc/pypsa-eur-mcmc/.snakemake/scripts/tmpmxl77_69.mh_chain.py
INFO:pypsa.io:Imported network network_c0_s461.nc has buses, carriers, generators, global_constraints, lines, links, loads, storage_units, stores
INFO:numexpr.utils:Note: NumExpr detected 64 cores but "NUMEXPR_MAX_THREADS" not set, so enforcing safe limit of 8.
INFO:pypsa.linopf:Prepare linear problem
INFO:pypsa.linopf:Total preparation time: 21.29s
INFO:pypsa.linopf:Solve linear problem using Gurobi solver
INFO:pypsa.linopf:Optimization successful. Objective value: 1.02e+11
INFO:root:sample accepted
INFO:pypsa.io:Exported network network_c0_s462.nc has buses, links, storage_units, global_constraints, generators, stores, lines, carriers, loads
INFO:pypsa.linopf:Prepare linear problem
INFO:pypsa.linopf:Total preparation time: 18.57s
INFO:pypsa.linopf:Solve linear problem using Gurobi solver
INFO:pypsa.linopf:Optimization successful. Objective value: 1.03e+11
INFO:root:sample rejected
INFO:pypsa.io:Imported network network_c0_s462.nc has buses, carriers, generators, global_constraints, lines, links, loads, storage_units, stores
INFO:pypsa.io:Exported network network_c0_s463.nc has buses, links, storage_units, global_constraints, generators, stores, lines, carriers, loads
INFO:pypsa.linopf:Prepare linear problem
INFO:pypsa.linopf:Total preparation time: 13.59s
INFO:pypsa.linopf:Solve linear problem using Gurobi solver
INFO:pypsa.linopf:Optimization successful. Objective value: 9.82e+10
INFO:root:sample accepted
INFO:pypsa.io:Exported network network_c0_s464.nc has buses, links, storage_units, global_constraints, generators, stores, lines, carriers, loads
INFO:pypsa.linopf:Prepare linear problem
INFO:pypsa.linopf:Total preparation time: 14.81s
INFO:pypsa.linopf:Solve linear problem using Gurobi solver
INFO:pypsa.linopf:Optimization successful. Objective value: 9.93e+10
INFO:root:sample accepted
INFO:pypsa.io:Exported network network_c0_s465.nc has buses, links, storage_units, global_constraints, generators, stores, lines, carriers, loads
INFO:pypsa.linopf:Prepare linear problem
INFO:pypsa.linopf:Total preparation time: 15.98s
INFO:pypsa.linopf:Solve linear problem using Gurobi solver
INFO:pypsa.linopf:Optimization successful. Objective value: 9.80e+10
INFO:root:sample accepted
INFO:pypsa.io:Exported network network_c0_s466.nc has buses, links, storage_units, global_constraints, generators, stores, lines, carriers, loads
INFO:pypsa.linopf:Prepare linear problem
INFO:pypsa.linopf:Total preparation time: 18.21s
INFO:pypsa.linopf:Solve linear problem using Gurobi solver
INFO:pypsa.linopf:Optimization successful. Objective value: 9.85e+10
INFO:root:sample accepted
INFO:pypsa.io:Exported network network_c0_s467.nc has buses, links, storage_units, global_constraints, generators, stores, lines, carriers, loads
INFO:pypsa.linopf:Prepare linear problem
INFO:pypsa.linopf:Total preparation time: 16.87s
INFO:pypsa.linopf:Solve linear problem using Gurobi solver
INFO:pypsa.linopf:Optimization successful. Objective value: 1.01e+11
INFO:root:sample accepted
INFO:pypsa.io:Exported network network_c0_s468.nc has buses, links, storage_units, global_constraints, generators, stores, lines, carriers, loads
INFO:pypsa.linopf:Prepare linear problem
INFO:pypsa.linopf:Total preparation time: 16.33s
INFO:pypsa.linopf:Solve linear problem using Gurobi solver
INFO:pypsa.linopf:Optimization successful. Objective value: 1.03e+11
INFO:root:sample rejected
INFO:pypsa.io:Imported network network_c0_s468.nc has buses, carriers, generators, global_constraints, lines, links, loads, storage_units, stores
INFO:pypsa.io:Exported network network_c0_s469.nc has buses, links, storage_units, global_constraints, generators, stores, lines, carriers, loads
INFO:pypsa.linopf:Prepare linear problem
INFO:pypsa.linopf:Total preparation time: 13.94s
INFO:pypsa.linopf:Solve linear problem using Gurobi solver
INFO:pypsa.linopf:Optimization successful. Objective value: 1.03e+11
INFO:root:sample accepted
INFO:pypsa.io:Exported network network_c0_s470.nc has buses, links, storage_units, global_constraints, generators, stores, lines, carriers, loads
INFO:pypsa.linopf:Prepare linear problem
INFO:pypsa.linopf:Total preparation time: 11.85s
INFO:pypsa.linopf:Solve linear problem using Gurobi solver
INFO:pypsa.linopf:Optimization successful. Objective value: 1.02e+11
INFO:root:sample accepted
INFO:pypsa.io:Exported network network_c0_s471.nc has buses, links, storage_units, global_constraints, generators, stores, lines, carriers, loads
INFO:pypsa.linopf:Prepare linear problem
INFO:pypsa.linopf:Total preparation time: 11.3s
INFO:pypsa.linopf:Solve linear problem using Gurobi solver
INFO:pypsa.linopf:Optimization successful. Objective value: 1.03e+11
INFO:root:sample rejected
INFO:pypsa.io:Imported network network_c0_s471.nc has buses, carriers, generators, global_constraints, lines, links, loads, storage_units, stores
INFO:pypsa.io:Exported network network_c0_s472.nc has buses, links, storage_units, global_constraints, generators, stores, lines, carriers, loads
INFO:pypsa.linopf:Prepare linear problem
INFO:pypsa.linopf:Total preparation time: 11.85s
INFO:pypsa.linopf:Solve linear problem using Gurobi solver
INFO:pypsa.linopf:Optimization successful. Objective value: 9.79e+10
INFO:root:sample accepted
INFO:pypsa.io:Exported network network_c0_s473.nc has buses, links, storage_units, global_constraints, generators, stores, lines, carriers, loads
INFO:pypsa.linopf:Prepare linear problem
INFO:pypsa.linopf:Total preparation time: 9.23s
INFO:pypsa.linopf:Solve linear problem using Gurobi solver
INFO:pypsa.linopf:Optimization successful. Objective value: 9.71e+10
INFO:root:sample accepted
INFO:pypsa.io:Exported network network_c0_s474.nc has buses, links, storage_units, global_constraints, generators, stores, lines, carriers, loads
INFO:pypsa.linopf:Prepare linear problem
INFO:pypsa.linopf:Total preparation time: 10.53s
INFO:pypsa.linopf:Solve linear problem using Gurobi solver
INFO:pypsa.linopf:Optimization successful. Objective value: 9.97e+10
INFO:root:sample accepted
INFO:pypsa.io:Exported network network_c0_s475.nc has buses, links, storage_units, global_constraints, generators, stores, lines, carriers, loads
INFO:pypsa.linopf:Prepare linear problem
INFO:pypsa.linopf:Total preparation time: 10.18s
INFO:pypsa.linopf:Solve linear problem using Gurobi solver
INFO:pypsa.linopf:Optimization successful. Objective value: 1.00e+11
INFO:root:sample accepted
INFO:pypsa.io:Exported network network_c0_s476.nc has buses, links, storage_units, global_constraints, generators, stores, lines, carriers, loads
INFO:pypsa.linopf:Prepare linear problem
INFO:pypsa.linopf:Total preparation time: 10.87s
INFO:pypsa.linopf:Solve linear problem using Gurobi solver
INFO:pypsa.linopf:Optimization successful. Objective value: 9.99e+10
INFO:root:sample accepted
INFO:pypsa.io:Exported network network_c0_s477.nc has buses, links, storage_units, global_constraints, generators, stores, lines, carriers, loads
INFO:pypsa.linopf:Prepare linear problem
INFO:pypsa.linopf:Total preparation time: 10.76s
INFO:pypsa.linopf:Solve linear problem using Gurobi solver
INFO:pypsa.linopf:Optimization successful. Objective value: 1.04e+11
INFO:root:sample rejected
INFO:pypsa.io:Imported network network_c0_s477.nc has buses, carriers, generators, global_constraints, lines, links, loads, storage_units, stores
INFO:pypsa.io:Exported network network_c0_s478.nc has buses, links, storage_units, global_constraints, generators, stores, lines, carriers, loads
INFO:pypsa.linopf:Prepare linear problem
INFO:pypsa.linopf:Total preparation time: 10.13s
INFO:pypsa.linopf:Solve linear problem using Gurobi solver
INFO:pypsa.linopf:Optimization successful. Objective value: 1.02e+11
INFO:root:sample accepted
INFO:pypsa.io:Exported network network_c0_s479.nc has buses, links, storage_units, global_constraints, generators, stores, lines, carriers, loads
INFO:pypsa.linopf:Prepare linear problem
INFO:pypsa.linopf:Total preparation time: 11.9s
INFO:pypsa.linopf:Solve linear problem using Gurobi solver
INFO:pypsa.linopf:Optimization successful. Objective value: 1.01e+11
INFO:root:sample accepted
INFO:pypsa.io:Exported network network_c0_s480.nc has buses, links, storage_units, global_constraints, generators, stores, lines, carriers, loads
INFO:pypsa.linopf:Prepare linear problem
INFO:pypsa.linopf:Total preparation time: 8.26s
INFO:pypsa.linopf:Solve linear problem using Gurobi solver
INFO:pypsa.linopf:Optimization successful. Objective value: 1.01e+11
INFO:root:sample accepted
INFO:pypsa.io:Exported network network_c0_s481.nc has buses, links, storage_units, global_constraints, generators, stores, lines, carriers, loads
[Wed Mar  3 14:31:53 2021]
Finished job 0.
1 of 1 steps (100%) done
