[0.00563195 0.04329852 0.01900387 0.03441966 0.02544389 0.07486033
 0.00085678 0.07256307 0.00464608 0.01437528 0.01388567 0.0378266
 0.03275562 0.04033517 0.0631951  0.00282062 0.00938235 0.0145992
 0.0662563  0.02223991 0.00534634 0.01602084 0.00113016 0.01651315
 0.0438593  0.07464918 0.02914809 0.07014233 0.02069703 0.01000066
 0.06504534 0.027155   0.00345347 0.01796528]
[0.00599033 0.03032624 0.01729025 0.06384121 0.05795213 0.04187851
 0.02253311 0.06083645 0.04633043 0.00840963 0.00595107 0.02132652
 0.05621238 0.00510471 0.0611002  0.01629559 0.03322834 0.02975441
 0.04621265 0.01393578 0.00468296 0.01189164 0.00397027 0.01232082
 0.05442138 0.04386719 0.03156717 0.07612631 0.01689162 0.03464135
 0.00526336 0.01415877 0.00612395 0.03937585]
[0.00540293 0.03379232 0.01557605 0.03497819 0.03969242 0.03508512
 0.05273768 0.06194518 0.01449983 0.00159421 0.0361851  0.01458384
 0.05556861 0.0199208  0.06147835 0.02091476 0.03958441 0.01783108
 0.02826003 0.00834581 0.01335575 0.00634756 0.00652652 0.00196243
 0.01656516 0.06016489 0.06386995 0.04328617 0.04954057 0.05417459
 0.00832036 0.02616614 0.01285719 0.0388018 ]
[0.0052029  0.0310989  0.01542303 0.04175789 0.04513435 0.00731475
 0.08057449 0.00621714 0.02596938 0.00424776 0.04137683 0.01318489
 0.05362507 0.05635661 0.05078483 0.02249096 0.0418409  0.02626271
 0.03084812 0.01181916 0.00877662 0.00619943 0.00093032 0.00597988
 0.00855212 0.07478885 0.04218821 0.04995027 0.04170441 0.02260384
 0.03643652 0.01368226 0.04023097 0.03637299]
[0.00314162 0.04676551 0.02213315 0.05890594 0.05804131 0.02058428
 0.02906279 0.00308605 0.04494781 0.00164651 0.07772421 0.03893203
 0.03840961 0.07491832 0.02454781 0.02140542 0.02586937 0.0021079
 0.06326935 0.00859744 0.01009163 0.00841534 0.00432833 0.00153234
 0.03515757 0.00143243 0.0608662  0.03406358 0.0192361  0.0481775
 0.06588144 0.02489377 0.01942845 0.00236806]
[0.00314162 0.04676551 0.02213315 0.05890594 0.05804131 0.02058428
 0.02906279 0.00308605 0.04494781 0.00164651 0.07772421 0.03893203
 0.03840961 0.07491832 0.02454781 0.02140542 0.02586937 0.0021079
 0.06326935 0.00859744 0.01009163 0.00841534 0.00432833 0.00153234
 0.03515757 0.00143243 0.0608662  0.03406358 0.0192361  0.0481775
 0.06588144 0.02489377 0.01942845 0.00236806]
[0.00271589 0.03254108 0.00498202 0.03775964 0.06273394 0.07146197
 0.01901262 0.04006691 0.01520766 0.00525087 0.07890011 0.00464308
 0.08353206 0.02892902 0.01442345 0.00479395 0.00135121 0.01723303
 0.06739854 0.01918397 0.00420558 0.01499431 0.00401301 0.00229392
 0.0610903  0.03630687 0.04281287 0.04920257 0.02323523 0.00484749
 0.08290543 0.01979574 0.00303494 0.03911795]
[0.00348045 0.0514248  0.00777859 0.06236574 0.02365541 0.02731508
 0.05363195 0.06935441 0.04552888 0.0011293  0.07119752 0.00203586
 0.09230166 0.00449063 0.00259891 0.03692147 0.00878058 0.0081594
 0.09695822 0.02983447 0.00296821 0.01784698 0.00123485 0.00012583
 0.0073953  0.01982347 0.03482272 0.03759051 0.02947166 0.05462307
 0.00916581 0.00865851 0.05752454 0.01979849]
[0.00692022 0.05285299 0.02094432 0.06697673 0.01688077 0.0378678
 0.06594864 0.05455198 0.0453886  0.01364418 0.00668752 0.04045391
 0.01284507 0.02186238 0.03612868 0.00709057 0.04007261 0.00167072
 0.05632027 0.01093636 0.00949362 0.0040889  0.00283953 0.00596641
 0.01852957 0.05424508 0.06531592 0.03034315 0.0572527  0.02369331
 0.05682346 0.02340805 0.00852631 0.02342629]
[0.00570332 0.05140185 0.00473771 0.0746154  0.04043239 0.06918841
 0.05786613 0.07496315 0.02415119 0.00018683 0.00969922 0.00024783
 0.03916634 0.02386585 0.04720903 0.01703354 0.02257031 0.03451155
 0.01154557 0.00756314 0.00480561 0.01391472 0.00595204 0.00982166
 0.00143514 0.06194356 0.07484296 0.03770348 0.05800007 0.01984096
 0.07050718 0.02066085 0.00120292 0.00270703]
[0.00626774 0.0158281  0.00690776 0.04616565 0.01411029 0.04576416
 0.0469166  0.04399756 0.04087307 0.01163075 0.00571117 0.01356646
 0.02913591 0.01116784 0.06203357 0.01953711 0.03232413 0.0156601
 0.03572087 0.0101868  0.00878704 0.01330512 0.00371177 0.01132862
 0.03118363 0.05711943 0.02418512 0.00213868 0.07322583 0.04513778
 0.05617834 0.02648251 0.01992239 0.04753822]
[2.85020700e-03 4.42143136e-02 2.03855894e-02 9.44249088e-03
 2.36714158e-03 2.74854875e-02 2.50885254e-02 6.42276455e-02
 3.30013216e-02 8.07994058e-03 3.34733360e-02 1.94463305e-02
 6.69952929e-03 1.24267604e-02 2.62320831e-02 2.09764422e-02
 5.90611415e-02 1.02739275e-02 7.79365768e-02 9.60156887e-03
 8.81677950e-03 7.75494708e-04 5.52109706e-03 1.30785802e-02
 4.57266202e-02 8.78021987e-05 4.48881076e-02 3.86755221e-02
 4.08328316e-02 2.99208015e-02 3.87485151e-02 3.53405616e-02
 3.44944891e-02 7.35672749e-02]
[0.00418783 0.01011205 0.00667249 0.00961672 0.04394911 0.0325597
 0.04099605 0.08326964 0.0277927  0.014706   0.06729293 0.00430735
 0.04895098 0.01282149 0.02408392 0.00130233 0.04757496 0.03642708
 0.05330221 0.01395626 0.00068799 0.00190117 0.00188507 0.00775892
 0.0636312  0.03766592 0.07518192 0.00809139 0.00400348 0.06121347
 0.00314504 0.00698036 0.03157962 0.05013523]
[0.00069398 0.0305693  0.01350427 0.04447011 0.00289456 0.03429217
 0.06114677 0.10210269 0.00054178 0.00372422 0.05724099 0.04211313
 0.0139364  0.03385896 0.00745673 0.01717717 0.03748629 0.03370169
 0.07036863 0.01974724 0.00247525 0.00222038 0.00636224 0.01036393
 0.01072755 0.0591663  0.08179021 0.05896292 0.02769737 0.04333239
 0.02118735 0.00590184 0.02044106 0.02100917]
[0.0030128  0.02302941 0.01659515 0.03897479 0.01599195 0.05726178
 0.03937582 0.01249652 0.01575364 0.00661351 0.02439697 0.04721302
 0.04654828 0.04847491 0.00276846 0.01867281 0.01233996 0.03060163
 0.04824017 0.01742588 0.0097459  0.00899929 0.00161323 0.00225257
 0.04731091 0.06483545 0.04382971 0.06279778 0.04880259 0.06476657
 0.00014592 0.02511878 0.02988341 0.01670574]
[0.00764395 0.05167766 0.01307937 0.01448829 0.00814768 0.00659875
 0.01429867 0.02791362 0.07237861 0.00899622 0.0348391  0.05428336
 0.01653505 0.07664548 0.04141504 0.01621862 0.04925152 0.02665533
 0.0035443  0.0213299  0.0036867  0.00629026 0.00351253 0.00478093
 0.01088279 0.02772096 0.00928836 0.08481567 0.01990802 0.09195803
 0.06949295 0.01219049 0.03748666 0.04415217]
[0.005147   0.07300277 0.01115001 0.01147296 0.01322053 0.04377398
 0.01045684 0.05861592 0.04789299 0.01021394 0.02048913 0.08245895
 0.06361849 0.01640845 0.02843867 0.02461212 0.00077466 0.02330312
 0.03130714 0.00131661 0.00253215 0.00130424 0.00556417 0.00207851
 0.01883604 0.06579522 0.04201999 0.07128777 0.01211011 0.03048145
 0.06983215 0.02138016 0.00544036 0.06967166]
[0.005147   0.07300277 0.01115001 0.01147296 0.01322053 0.04377398
 0.01045684 0.05861592 0.04789299 0.01021394 0.02048913 0.08245895
 0.06361849 0.01640845 0.02843867 0.02461212 0.00077466 0.02330312
 0.03130714 0.00131661 0.00253215 0.00130424 0.00556417 0.00207851
 0.01883604 0.06579522 0.04201999 0.07128777 0.01211011 0.03048145
 0.06983215 0.02138016 0.00544036 0.06967166]
[5.31422658e-03 2.99126425e-02 7.26962592e-03 7.52905609e-03
 5.32275830e-02 7.44286032e-02 9.64257208e-03 2.92198527e-02
 7.40718585e-03 9.04019869e-03 1.81766109e-02 5.03874631e-02
 8.33393663e-02 5.09934082e-02 2.04546833e-02 2.38512044e-02
 1.24498030e-02 4.65822808e-02 2.71757532e-02 1.94347948e-02
 1.36962741e-02 5.64732288e-03 6.48881730e-03 7.89116885e-03
 2.80154837e-02 4.29861865e-02 7.57988538e-02 5.49676565e-02
 6.39462397e-02 1.16452860e-02 3.10462159e-03 1.14739922e-02
 8.16144309e-05 8.73261615e-02]
[0.00285084 0.02369323 0.00539247 0.05468711 0.03841186 0.03542628
 0.03879305 0.04268581 0.03318474 0.01117919 0.03282711 0.00427601
 0.06463469 0.06118907 0.04790305 0.0241192  0.04543375 0.04355516
 0.02247276 0.02004488 0.00437548 0.00497527 0.00657808 0.00776721
 0.03086112 0.03169779 0.08099741 0.00863054 0.04097855 0.01212125
 0.01467209 0.01097788 0.00496524 0.08675945]
