[0.00691481 0.03887508 0.00493508 0.07654027 0.02283819 0.0653385
 0.01645241 0.04593834 0.0360503  0.00659826 0.01162042 0.08454538
 0.03091694 0.04217745 0.05825431 0.02393384 0.02765493 0.04122642
 0.01550586 0.00640093 0.00381822 0.0037756  0.00220702 0.00066357
 0.07122407 0.01887711 0.04924805 0.03094478 0.02396739 0.02163345
 0.03527892 0.00783166 0.04264928 0.01815297]
[0.00269367 0.01464161 0.02028391 0.04348333 0.01723778 0.02249527
 0.04213633 0.02491784 0.00889388 0.00655628 0.05090746 0.0770438
 0.07347767 0.07552988 0.00973181 0.02315321 0.02832346 0.02225845
 0.0302208  0.01291477 0.00919177 0.01281474 0.00317915 0.00834233
 0.09831872 0.00502354 0.04783606 0.06128233 0.0310882  0.03812758
 0.01580995 0.00824873 0.02171757 0.02701334]
[0.00311152 0.01485033 0.01709581 0.02442306 0.04517714 0.00307044
 0.0388993  0.06041577 0.04946354 0.00299313 0.04042467 0.073726
 0.09068831 0.01455202 0.05191531 0.0109463  0.00317649 0.01296372
 0.06466393 0.01405053 0.00705986 0.00683963 0.00511994 0.00051276
 0.09478766 0.00254912 0.00940168 0.0486061  0.00756734 0.05442958
 0.03522127 0.00310307 0.02709621 0.05751707]
[0.00208513 0.0508695  0.00405352 0.03921841 0.01278098 0.03906416
 0.02726235 0.03591344 0.05467318 0.00629161 0.02143042 0.04582838
 0.085952   0.02986467 0.06461678 0.00156167 0.01489981 0.00048714
 0.06844143 0.01829746 0.00071488 0.00774343 0.00476099 0.00695336
 0.01887324 0.04623677 0.00264649 0.07212522 0.0062896  0.06387111
 0.0636148  0.02243688 0.03872715 0.02042311]
[0.00707112 0.06008709 0.0153719  0.00109364 0.03911619 0.02932714
 0.01994425 0.03055943 0.05104269 0.0088022  0.05548891 0.01425273
 0.06014008 0.00868136 0.03841674 0.0184444  0.0386462  0.03608244
 0.01244187 0.02136435 0.00056933 0.00707962 0.00402951 0.00615601
 0.01257242 0.07029459 0.03170013 0.07358626 0.00664351 0.07033169
 0.05441612 0.02028883 0.04188602 0.03375006]
[0.00216877 0.03809392 0.00432045 0.03047237 0.01528519 0.06306573
 0.03747806 0.07445646 0.01578495 0.01641464 0.03846265 0.06609896
 0.06437971 0.04037641 0.07488171 0.01491151 0.02156563 0.00190975
 0.02264038 0.0104253  0.00081362 0.0142613  0.00655105 0.01393501
 0.03062263 0.00269202 0.0272066  0.00679162 0.032487   0.08544945
 0.06203852 0.02201302 0.01428844 0.02762518]
[0.0014205  0.02282232 0.0020349  0.02277233 0.01134614 0.02386734
 0.00838447 0.00414424 0.0298264  0.01380366 0.01107305 0.08981548
 0.0647731  0.07672892 0.01813827 0.02491311 0.04372745 0.03300919
 0.06436836 0.00839643 0.0128615  0.00553945 0.00450755 0.00630241
 0.06555691 0.01732487 0.03925822 0.05838895 0.05357177 0.00936261
 0.03096786 0.02481416 0.02780291 0.06836716]
[0.00328222 0.03878703 0.00407044 0.03004822 0.01067559 0.02822778
 0.06015485 0.03220345 0.0119908  0.01151538 0.05098781 0.03955158
 0.08844095 0.03532215 0.0213902  0.00471943 0.05218623 0.01901362
 0.04962448 0.01327641 0.00587247 0.00051702 0.00230723 0.00125478
 0.07866158 0.03096551 0.01774605 0.07709742 0.04091371 0.02057108
 0.03876242 0.02788167 0.02072869 0.03124612]
[2.47030732e-03 5.09525167e-02 2.04115275e-02 5.98977709e-02
 2.57459633e-02 3.85943198e-03 4.71148268e-02 1.79095179e-02
 6.16105069e-02 3.36449854e-03 4.60461374e-02 5.49729390e-02
 7.46259268e-03 2.55953289e-02 6.71643412e-02 5.57618966e-03
 5.26519713e-02 1.62135088e-02 5.46356503e-02 2.14533649e-02
 8.96514983e-04 1.64237170e-02 4.42687897e-05 6.38353360e-03
 2.60745014e-02 5.96502563e-02 4.04640783e-04 5.86519233e-02
 2.99140972e-02 2.32950881e-02 6.14335223e-02 2.43049957e-02
 3.20281139e-02 1.53827733e-02]
[2.11917657e-03 5.22546097e-03 2.30366304e-02 8.39182587e-02
 5.28768820e-02 6.24401532e-02 2.29928901e-02 2.59729948e-02
 9.59570835e-03 1.03571350e-03 4.48445413e-02 9.30928024e-04
 1.07811075e-02 6.23812120e-02 7.20672131e-02 1.75714714e-03
 1.88119616e-03 5.29948616e-02 8.56451366e-02 1.23162500e-02
 9.57149199e-03 1.45780461e-02 8.61952106e-05 1.91817784e-03
 6.50195005e-02 3.98948866e-02 2.19252432e-02 2.60965676e-02
 1.49351726e-02 2.72688481e-02 8.58198076e-02 3.61453485e-03
 8.80697241e-03 4.56492102e-02]
[2.11917657e-03 5.22546097e-03 2.30366304e-02 8.39182587e-02
 5.28768820e-02 6.24401532e-02 2.29928901e-02 2.59729948e-02
 9.59570835e-03 1.03571350e-03 4.48445413e-02 9.30928024e-04
 1.07811075e-02 6.23812120e-02 7.20672131e-02 1.75714714e-03
 1.88119616e-03 5.29948616e-02 8.56451366e-02 1.23162500e-02
 9.57149199e-03 1.45780461e-02 8.61952106e-05 1.91817784e-03
 6.50195005e-02 3.98948866e-02 2.19252432e-02 2.60965676e-02
 1.49351726e-02 2.72688481e-02 8.58198076e-02 3.61453485e-03
 8.80697241e-03 4.56492102e-02]
[0.00475326 0.00665531 0.01539532 0.06325392 0.00018141 0.05924297
 0.00760353 0.03736491 0.04800904 0.00397827 0.00087847 0.05430684
 0.01008489 0.00877661 0.00776624 0.01860702 0.03491396 0.01812119
 0.03598198 0.0199853  0.00763826 0.00935025 0.00139777 0.00273117
 0.08142331 0.04706015 0.04886559 0.04788505 0.02501205 0.04180458
 0.03288049 0.02628669 0.03701935 0.05971361]
[0.00701747 0.0292924  0.00401105 0.02857278 0.01441274 0.0756381
 0.01646857 0.0534517  0.05590925 0.00476738 0.00152844 0.04994013
 0.03309248 0.00329234 0.03985097 0.02334832 0.04820875 0.03531631
 0.04814464 0.02283132 0.00498728 0.00589033 0.00470521 0.01135739
 0.00715317 0.02820839 0.03637833 0.04300134 0.05361531 0.08290012
 0.00301131 0.03471428 0.0345124  0.04688655]
[0.00582618 0.04369388 0.02050364 0.02009972 0.01740913 0.04564132
 0.0642168  0.03680555 0.01605446 0.01031655 0.05997862 0.03892199
 0.04109436 0.04979071 0.05308051 0.00994957 0.03304164 0.01878099
 0.01212515 0.00259039 0.01221525 0.00619714 0.00721163 0.004092
 0.06494487 0.04012221 0.00527311 0.01637981 0.08825964 0.00987117
 0.00104359 0.0202354  0.0365729  0.03869566]
[0.00845925 0.03641854 0.00891874 0.03748181 0.00870258 0.03282635
 0.03090377 0.01558023 0.05018272 0.0111641  0.00551816 0.00969671
 0.02109335 0.04318048 0.06337467 0.02461542 0.05048459 0.04314082
 0.02974781 0.01717494 0.0109647  0.01413235 0.00306015 0.0158763
 0.00088613 0.07147499 0.03403825 0.05491587 0.00541053 0.05822701
 0.0012791  0.0250497  0.00717131 0.08535994]
[0.00845925 0.03641854 0.00891874 0.03748181 0.00870258 0.03282635
 0.03090377 0.01558023 0.05018272 0.0111641  0.00551816 0.00969671
 0.02109335 0.04318048 0.06337467 0.02461542 0.05048459 0.04314082
 0.02974781 0.01717494 0.0109647  0.01413235 0.00306015 0.0158763
 0.00088613 0.07147499 0.03403825 0.05491587 0.00541053 0.05822701
 0.0012791  0.0250497  0.00717131 0.08535994]
[0.00178733 0.0344905  0.00217759 0.01252943 0.02931978 0.00510787
 0.0308444  0.04925833 0.0340333  0.01082604 0.03054967 0.01033128
 0.02700265 0.04582082 0.02474691 0.0109423  0.04830888 0.03496166
 0.0438008  0.00499596 0.00240835 0.00365999 0.00296567 0.00070483
 0.02809709 0.03477382 0.06783126 0.0319387  0.00141342 0.06901545
 0.05023646 0.01868736 0.02537717 0.01309739]
[0.00538293 0.05476614 0.01957651 0.01926194 0.01766512 0.01001918
 0.01346772 0.06638864 0.04155107 0.0148935  0.0383073  0.02909837
 0.02803375 0.00252339 0.00879874 0.00651064 0.05014413 0.00808381
 0.07029503 0.01297725 0.00737799 0.01003343 0.00410477 0.00396988
 0.02450452 0.030933   0.00508809 0.05817176 0.0099271  0.03312381
 0.0324962  0.0007981  0.01509964 0.00875847]
[0.00546884 0.07109991 0.001797   0.05163617 0.02709658 0.03652616
 0.01357934 0.04739376 0.0561918  0.01259654 0.02313053 0.0407746
 0.02573981 0.02259845 0.00649725 0.00142866 0.02572901 0.03232882
 0.03543023 0.01855092 0.00101382 0.00663257 0.00552995 0.0066638
 0.0565038  0.00546573 0.01928795 0.05929831 0.04780494 0.05598977
 0.04951368 0.00113745 0.03067912 0.01539957]
[0.00308926 0.04869607 0.00410664 0.05774406 0.03393215 0.05022712
 0.05397252 0.08065371 0.00402382 0.00847265 0.06220681 0.03903672
 0.00440809 0.05190768 0.01847079 0.02357017 0.02101318 0.01995184
 0.02740223 0.0197417  0.00572808 0.0009934  0.00370304 0.00347882
 0.0250004  0.02183434 0.02727324 0.00139085 0.08171541 0.06104508
 0.01401752 0.00589112 0.03494314 0.06543855]
