[0.00237104 0.01607885 0.00534109 0.04341096 0.02656159 0.05808872
 0.04373745 0.05798323 0.01769884 0.00397602 0.0468609  0.06137731
 0.02725987 0.03509715 0.05357855 0.01175926 0.01434931 0.04616899
 0.00311572 0.01315936 0.0074394  0.00913912 0.00564631 0.00233039
 0.04431725 0.04015566 0.05973433 0.0660215  0.02620963 0.00223419
 0.04097278 0.02344571 0.02222086 0.00890837]
[0.00066402 0.04923525 0.01212735 0.01496872 0.01119357 0.05179315
 0.01864313 0.04317061 0.04662429 0.00984064 0.08698342 0.09042072
 0.03883956 0.06429983 0.0345722  0.00331518 0.00966992 0.04886061
 0.02997111 0.01071512 0.00661477 0.00276194 0.00219038 0.01168876
 0.03090402 0.0646593  0.01722602 0.06566106 0.00278842 0.04797711
 0.03851273 0.01956648 0.00047246 0.0071434 ]
[0.00144334 0.00954973 0.0232273  0.00943609 0.02656281 0.06210967
 0.02150644 0.01886626 0.0076206  0.01246365 0.10201572 0.06408029
 0.01323653 0.06109843 0.04105726 0.00294137 0.01484098 0.04817496
 0.00880143 0.01176092 0.01085509 0.00175557 0.00667156 0.00248793
 0.03522331 0.07859294 0.06775659 0.08722639 0.01241343 0.04231586
 0.03968045 0.01091393 0.01270393 0.02996276]
[0.00144334 0.00954973 0.0232273  0.00943609 0.02656281 0.06210967
 0.02150644 0.01886626 0.0076206  0.01246365 0.10201572 0.06408029
 0.01323653 0.06109843 0.04105726 0.00294137 0.01484098 0.04817496
 0.00880143 0.01176092 0.01085509 0.00175557 0.00667156 0.00248793
 0.03522331 0.07859294 0.06775659 0.08722639 0.01241343 0.04231586
 0.03968045 0.01091393 0.01270393 0.02996276]
[0.00047931 0.01483196 0.01179111 0.01340243 0.0481231  0.07285562
 0.05377108 0.02638972 0.00878203 0.00471965 0.03324928 0.02816004
 0.03774561 0.04957644 0.02074978 0.00677609 0.03238139 0.03729985
 0.0085944  0.0106754  0.0105129  0.00710119 0.00146729 0.01117625
 0.05394425 0.0816169  0.07183824 0.01365728 0.05115247 0.04124861
 0.05320565 0.01569227 0.00809425 0.04115447]
[0.00236338 0.0427833  0.00837787 0.00452555 0.03954346 0.0340354
 0.05136609 0.03637182 0.02201429 0.00678964 0.0256702  0.01732852
 0.05108684 0.04559294 0.01968234 0.01358317 0.02882614 0.0323275
 0.01772622 0.00950953 0.00082902 0.00675566 0.00422867 0.00126258
 0.031458   0.04041864 0.05756036 0.04248903 0.04879131 0.0261893
 0.05467903 0.01928223 0.00681949 0.02802981]
[0.00491304 0.00242637 0.00725974 0.00269409 0.04352668 0.01215151
 0.03006963 0.04335481 0.07340881 0.00879358 0.02120308 0.0412068
 0.04563842 0.0789365  0.03624572 0.02438171 0.04321172 0.01612998
 0.06858497 0.00584638 0.00113309 0.00060652 0.00096064 0.01733836
 0.01495165 0.06570567 0.02591597 0.02994755 0.02271752 0.01069689
 0.0354418  0.02206451 0.01022324 0.05544389]
[0.00306177 0.02315776 0.02172551 0.03515015 0.00532423 0.05972525
 0.03092795 0.03270285 0.05012131 0.00554464 0.0044564  0.06869246
 0.03335934 0.01169038 0.02385195 0.01098787 0.02799489 0.0272955
 0.06246234 0.01176849 0.01049706 0.00656237 0.0014295  0.01533669
 0.02720059 0.06091585 0.03812665 0.05566949 0.06510539 0.02425437
 0.02909711 0.02698769 0.03167346 0.02925231]
[0.00149861 0.00499904 0.01649144 0.02159467 0.05558247 0.00404398
 0.06063438 0.06430679 0.00162992 0.00078857 0.05500488 0.04722065
 0.06499475 0.01657817 0.03966088 0.01285524 0.04293301 0.0385526
 0.0340635  0.00569486 0.00836518 0.00660648 0.00027704 0.00310545
 0.04501331 0.04349293 0.06609599 0.0009846  0.02563194 0.05828971
 0.04646795 0.02583738 0.01359893 0.05635735]
[0.00584631 0.01357775 0.00276587 0.02832137 0.0631693  0.0059575
 0.06721258 0.08035206 0.01681839 0.00564254 0.01195768 0.05665232
 0.02055101 0.02266824 0.0332057  0.02510442 0.01639587 0.02166358
 0.04788846 0.01836748 0.00031334 0.01154488 0.00510905 0.00142646
 0.04584592 0.07246481 0.02886286 0.02228706 0.01903952 0.06495708
 0.03864746 0.01297069 0.00124849 0.07032687]
[0.00295095 0.02617008 0.02041697 0.03325232 0.02714008 0.00113981
 0.05466285 0.07434917 0.03271643 0.00079229 0.00165165 0.03609223
 0.03583805 0.00710711 0.05268263 0.0213687  0.0369146  0.02131724
 0.00507533 0.01246932 0.00323615 0.01284578 0.00312421 0.01200489
 0.0382956  0.08267219 0.04786853 0.04607618 0.03115612 0.07633989
 0.03977863 0.01688893 0.04142405 0.03505385]
[0.0025059  0.03936057 0.00956361 0.03826528 0.03547975 0.04691405
 0.06781206 0.02850052 0.02235868 0.01441299 0.04219784 0.06473199
 0.02356931 0.05785486 0.00889596 0.01292692 0.03780504 0.02383421
 0.05738912 0.01341728 0.01262819 0.0112989  0.00185155 0.0107236
 0.07352836 0.08300398 0.00106098 0.01729027 0.05320155 0.005201
 0.0165659  0.01007454 0.0037401  0.0054976 ]
[3.10241713e-03 1.56179820e-02 2.18459713e-02 1.26893416e-02
 7.88646942e-03 6.20608615e-02 2.22719778e-02 1.08784883e-02
 4.11878863e-03 1.81776794e-02 6.09288892e-02 5.20996396e-02
 4.15482140e-02 9.97357359e-02 5.71452761e-02 8.68289098e-03
 7.59139827e-03 2.51759497e-02 7.22951869e-02 3.74870666e-03
 4.18570624e-05 1.18701606e-02 7.55805631e-03 1.25168226e-02
 9.40655234e-02 8.61779373e-02 2.55449362e-02 4.10817501e-02
 3.14795937e-02 3.80625306e-03 1.79783923e-03 2.83461980e-02
 8.00447758e-03 1.60625103e-02]
[6.35756881e-03 6.10715962e-02 1.75156644e-02 3.79102993e-02
 3.80903815e-02 5.20346059e-05 1.21829439e-02 3.36021353e-02
 2.11387064e-03 1.08156581e-02 3.31281159e-02 4.34754784e-02
 6.74966944e-02 5.68694915e-02 3.31240740e-02 8.47381354e-03
 4.17348392e-02 2.89890323e-02 1.00568737e-02 9.33212339e-03
 6.84419618e-03 3.97024372e-03 1.65999029e-04 1.35568000e-02
 8.07295821e-02 1.56391117e-02 1.98072782e-02 4.54794958e-02
 3.23407573e-02 2.81230092e-02 2.95409811e-02 2.28692399e-02
 3.13760682e-02 4.15832607e-02]
[0.00535301 0.01789674 0.01154964 0.06177163 0.00010178 0.0042913
 0.00921207 0.06405686 0.03526209 0.0038379  0.02339527 0.00606729
 0.07733217 0.05958201 0.05594595 0.02410707 0.04172096 0.03335513
 0.00141201 0.00464205 0.00443343 0.00030085 0.00245124 0.00497479
 0.05038672 0.03359991 0.04707183 0.06984466 0.03254802 0.03635689
 0.00179151 0.01102627 0.02597307 0.07073895]
[0.00535301 0.01789674 0.01154964 0.06177163 0.00010178 0.0042913
 0.00921207 0.06405686 0.03526209 0.0038379  0.02339527 0.00606729
 0.07733217 0.05958201 0.05594595 0.02410707 0.04172096 0.03335513
 0.00141201 0.00464205 0.00443343 0.00030085 0.00245124 0.00497479
 0.05038672 0.03359991 0.04707183 0.06984466 0.03254802 0.03635689
 0.00179151 0.01102627 0.02597307 0.07073895]
[0.00175295 0.04545358 0.00379797 0.0749424  0.00446975 0.04178714
 0.01578759 0.06050092 0.04690307 0.00462336 0.02765708 0.0345746
 0.03266513 0.03628574 0.02925135 0.00840997 0.03327376 0.00054233
 0.00647127 0.01461922 0.00749304 0.00485013 0.00082136 0.00454489
 0.03758586 0.00126343 0.06807936 0.00909157 0.04814497 0.02160881
 0.00978671 0.01107411 0.03271554 0.05118494]
[0.00175295 0.04545358 0.00379797 0.0749424  0.00446975 0.04178714
 0.01578759 0.06050092 0.04690307 0.00462336 0.02765708 0.0345746
 0.03266513 0.03628574 0.02925135 0.00840997 0.03327376 0.00054233
 0.00647127 0.01461922 0.00749304 0.00485013 0.00082136 0.00454489
 0.03758586 0.00126343 0.06807936 0.00909157 0.04814497 0.02160881
 0.00978671 0.01107411 0.03271554 0.05118494]
[0.00066288 0.06123872 0.01435315 0.0114166  0.0676759  0.03902868
 0.03236494 0.07351181 0.02745645 0.00721417 0.05244053 0.02688142
 0.04075907 0.04907156 0.01352914 0.01485454 0.02145016 0.03283239
 0.01005513 0.01482058 0.00960053 0.00988981 0.00574889 0.00741095
 0.02622688 0.02159454 0.08678046 0.00783458 0.01946108 0.07597722
 0.00023501 0.00624807 0.02384366 0.0567108 ]
[0.00758086 0.00574278 0.00159282 0.04149605 0.01729798 0.05143733
 0.03644501 0.02947441 0.02564955 0.00622827 0.09206114 0.07842721
 0.05876387 0.02888761 0.02849796 0.00417077 0.01471115 0.04055413
 0.02085612 0.00610537 0.00731919 0.00351342 0.00151058 0.00397577
 0.06997992 0.01752711 0.10298894 0.03118736 0.01204225 0.02005955
 0.05500743 0.0005829  0.03675324 0.01376123]
