[0.00136831 0.0258699  0.01271351 0.04694851 0.03692638 0.012171
 0.03279629 0.01700547 0.03913749 0.00517197 0.03778442 0.0198452
 0.03647069 0.02830322 0.00733306 0.01209074 0.0336632  0.01565997
 0.01799023 0.01070815 0.0074782  0.00190606 0.00204023 0.00952172
 0.03411629 0.01588242 0.03225596 0.04210619 0.03325067 0.0288115
 0.00040004 0.01541531 0.01815875 0.00751516]
[0.00136831 0.0258699  0.01271351 0.04694851 0.03692638 0.012171
 0.03279629 0.01700547 0.03913749 0.00517197 0.03778442 0.0198452
 0.03647069 0.02830322 0.00733306 0.01209074 0.0336632  0.01565997
 0.01799023 0.01070815 0.0074782  0.00190606 0.00204023 0.00952172
 0.03411629 0.01588242 0.03225596 0.04210619 0.03325067 0.0288115
 0.00040004 0.01541531 0.01815875 0.00751516]
[0.00136831 0.0258699  0.01271351 0.04694851 0.03692638 0.012171
 0.03279629 0.01700547 0.03913749 0.00517197 0.03778442 0.0198452
 0.03647069 0.02830322 0.00733306 0.01209074 0.0336632  0.01565997
 0.01799023 0.01070815 0.0074782  0.00190606 0.00204023 0.00952172
 0.03411629 0.01588242 0.03225596 0.04210619 0.03325067 0.0288115
 0.00040004 0.01541531 0.01815875 0.00751516]
[0.00136831 0.0258699  0.01271351 0.04694851 0.03692638 0.012171
 0.03279629 0.01700547 0.03913749 0.00517197 0.03778442 0.0198452
 0.03647069 0.02830322 0.00733306 0.01209074 0.0336632  0.01565997
 0.01799023 0.01070815 0.0074782  0.00190606 0.00204023 0.00952172
 0.03411629 0.01588242 0.03225596 0.04210619 0.03325067 0.0288115
 0.00040004 0.01541531 0.01815875 0.00751516]
[0.00313223 0.00830697 0.01261705 0.04457805 0.02277082 0.04504322
 0.03285911 0.04550709 0.0435784  0.00309367 0.03757636 0.05747171
 0.00764491 0.04059378 0.02801647 0.01712924 0.02353808 0.01273176
 0.04060285 0.00489026 0.00592022 0.01028863 0.00460332 0.01316968
 0.03985104 0.02019403 0.02010893 0.00794762 0.02202717 0.04921287
 0.0444818  0.00623325 0.02900369 0.01430375]
[0.00586603 0.03731435 0.01846597 0.00448308 0.01847029 0.06179689
 0.0180324  0.04289033 0.04499502 0.00695832 0.0003259  0.03761203
 0.04758368 0.05741557 0.00383531 0.00917671 0.03651099 0.02557609
 0.05102148 0.00610343 0.00699132 0.00636234 0.00254217 0.00714914
 0.04630129 0.00991589 0.04262361 0.03201591 0.01998852 0.03883484
 0.00084574 0.02460135 0.0373873  0.05236872]
[0.00391799 0.0289432  0.01381819 0.01848829 0.02870593 0.00278297
 0.01341056 0.0535525  0.05493793 0.00421907 0.0239492  0.01728286
 0.06056718 0.07270848 0.02968491 0.0183998  0.03106714 0.02700088
 0.04097236 0.00538893 0.00744877 0.00979739 0.00391972 0.00542477
 0.01066737 0.02959043 0.02276495 0.04089025 0.02468147 0.0681057
 0.04597011 0.01118987 0.01610094 0.06299894]
[0.00698338 0.01689197 0.00829758 0.07402732 0.03193959 0.04776618
 0.06550008 0.03911881 0.04446801 0.01802124 0.0005836  0.04495232
 0.00486926 0.061951   0.08459113 0.031951   0.01839779 0.03107388
 0.00333305 0.01848779 0.00768036 0.00947961 0.00441419 0.00938471
 0.03728632 0.01220352 0.00044877 0.04394571 0.00477566 0.02987364
 0.03407175 0.0153667  0.00806481 0.06826869]
[0.00397626 0.03645333 0.00217918 0.09016098 0.00617644 0.02065398
 0.08050474 0.03943343 0.03000078 0.00462309 0.05080285 0.02268854
 0.00123161 0.03305185 0.04221628 0.00571149 0.0383577  0.02302355
 0.05348513 0.01334814 0.00569571 0.00613663 0.00638481 0.01091141
 0.0318145  0.02753232 0.03640036 0.01052232 0.04217867 0.01455071
 0.04787503 0.0089156  0.02153325 0.08194301]
[0.00566195 0.03987328 0.00068206 0.05243896 0.0113983  0.0304094
 0.02777829 0.03767324 0.04769895 0.00496666 0.03683195 0.05233259
 0.03557788 0.00630907 0.01340116 0.00098752 0.02227315 0.00456505
 0.07826288 0.00131454 0.0024319  0.00775517 0.00116313 0.00064294
 0.06310831 0.03197249 0.01802933 0.04056159 0.00071949 0.05703215
 0.05192513 0.03008345 0.02232748 0.01260717]
[0.0064344  0.03208687 0.01095169 0.06956988 0.02089437 0.03352798
 0.03157908 0.00461011 0.04980697 0.01064934 0.07289102 0.00109693
 0.02200644 0.00946162 0.02691359 0.02078495 0.02868878 0.00332641
 0.04831772 0.00449758 0.00443253 0.00786438 0.00239349 0.01269697
 0.02087163 0.01926937 0.06217707 0.00083665 0.03653447 0.04676108
 0.05879302 0.00730653 0.01997615 0.00770099]
[0.0064344  0.03208687 0.01095169 0.06956988 0.02089437 0.03352798
 0.03157908 0.00461011 0.04980697 0.01064934 0.07289102 0.00109693
 0.02200644 0.00946162 0.02691359 0.02078495 0.02868878 0.00332641
 0.04831772 0.00449758 0.00443253 0.00786438 0.00239349 0.01269697
 0.02087163 0.01926937 0.06217707 0.00083665 0.03653447 0.04676108
 0.05879302 0.00730653 0.01997615 0.00770099]
[0.0064344  0.03208687 0.01095169 0.06956988 0.02089437 0.03352798
 0.03157908 0.00461011 0.04980697 0.01064934 0.07289102 0.00109693
 0.02200644 0.00946162 0.02691359 0.02078495 0.02868878 0.00332641
 0.04831772 0.00449758 0.00443253 0.00786438 0.00239349 0.01269697
 0.02087163 0.01926937 0.06217707 0.00083665 0.03653447 0.04676108
 0.05879302 0.00730653 0.01997615 0.00770099]
[0.0064344  0.03208687 0.01095169 0.06956988 0.02089437 0.03352798
 0.03157908 0.00461011 0.04980697 0.01064934 0.07289102 0.00109693
 0.02200644 0.00946162 0.02691359 0.02078495 0.02868878 0.00332641
 0.04831772 0.00449758 0.00443253 0.00786438 0.00239349 0.01269697
 0.02087163 0.01926937 0.06217707 0.00083665 0.03653447 0.04676108
 0.05879302 0.00730653 0.01997615 0.00770099]
[0.0064344  0.03208687 0.01095169 0.06956988 0.02089437 0.03352798
 0.03157908 0.00461011 0.04980697 0.01064934 0.07289102 0.00109693
 0.02200644 0.00946162 0.02691359 0.02078495 0.02868878 0.00332641
 0.04831772 0.00449758 0.00443253 0.00786438 0.00239349 0.01269697
 0.02087163 0.01926937 0.06217707 0.00083665 0.03653447 0.04676108
 0.05879302 0.00730653 0.01997615 0.00770099]
[0.0058591  0.03883247 0.02138662 0.01287867 0.00201623 0.06992133
 0.02490135 0.04435211 0.06358897 0.0158431  0.05999215 0.03878656
 0.05201154 0.05639714 0.00170765 0.0075157  0.0377228  0.0289298
 0.01390934 0.00900024 0.00729031 0.00118161 0.00608351 0.00913131
 0.05952293 0.03606239 0.04081616 0.00739208 0.05464047 0.01453362
 0.00286838 0.01097156 0.03153162 0.02337315]
[3.89477391e-05 2.59745282e-02 1.66882783e-02 1.22107311e-02
 8.12624542e-03 5.88941092e-02 9.71130037e-03 6.64895829e-02
 8.46720336e-03 1.31228844e-03 3.54864280e-02 1.59704942e-03
 4.49518667e-03 3.21586580e-02 5.91136252e-02 1.72303648e-02
 4.24575740e-02 2.08899673e-02 6.13820640e-02 6.51256149e-03
 5.81053008e-03 3.70983817e-03 4.29603368e-03 9.49364502e-04
 4.19851520e-02 1.03838279e-02 7.48790535e-02 2.68591110e-02
 8.46867441e-02 2.25308983e-02 5.84097559e-02 2.95948471e-02
 4.05922777e-03 5.54105601e-02]
[3.89477391e-05 2.59745282e-02 1.66882783e-02 1.22107311e-02
 8.12624542e-03 5.88941092e-02 9.71130037e-03 6.64895829e-02
 8.46720336e-03 1.31228844e-03 3.54864280e-02 1.59704942e-03
 4.49518667e-03 3.21586580e-02 5.91136252e-02 1.72303648e-02
 4.24575740e-02 2.08899673e-02 6.13820640e-02 6.51256149e-03
 5.81053008e-03 3.70983817e-03 4.29603368e-03 9.49364502e-04
 4.19851520e-02 1.03838279e-02 7.48790535e-02 2.68591110e-02
 8.46867441e-02 2.25308983e-02 5.84097559e-02 2.95948471e-02
 4.05922777e-03 5.54105601e-02]
[0.00231087 0.041423   0.00473803 0.0326878  0.02960711 0.07007237
 0.04054962 0.06736647 0.00567906 0.00311821 0.02040941 0.03060688
 0.02566185 0.04168793 0.0165737  0.01839665 0.0126273  0.01414768
 0.04003855 0.00286201 0.00359666 0.00976743 0.0030312  0.00951585
 0.0200121  0.00907601 0.07914394 0.03905902 0.00973282 0.04738695
 0.05232739 0.02018897 0.02939422 0.06535115]
[0.00511517 0.01477636 0.00977807 0.000796   0.04633427 0.01111081
 0.02938869 0.07887041 0.00710847 0.01614687 0.03582489 0.0177662
 0.02134602 0.05061828 0.05526853 0.00382686 0.02300099 0.00073977
 0.0718398  0.02022627 0.01006591 0.0056988  0.00267283 0.01055107
 0.03969081 0.00500582 0.11493547 0.08617927 0.03818671 0.0162518
 0.03437181 0.00897485 0.04934401 0.02909525]
