[0.00112259 0.0109241  0.0188691  0.0664947  0.05401505 0.00159368
 0.05520109 0.05326462 0.02764974 0.00543695 0.02784195 0.00033546
 0.0312697  0.05904285 0.06137778 0.00964802 0.0426843  0.02005468
 0.02273206 0.00157714 0.00105007 0.01188057 0.00158222 0.00161678
 0.01896647 0.01918665 0.00091639 0.01111258 0.05377542 0.01545096
 0.05080377 0.02155909 0.00046502 0.01634507]
[0.00213251 0.01514343 0.01079479 0.06433271 0.01006639 0.0239332
 0.04724209 0.00123102 0.0393089  0.00993621 0.00589994 0.0145212
 0.04620192 0.06563876 0.00869988 0.01668734 0.02345817 0.01298422
 0.04416347 0.00446093 0.00994007 0.01061301 0.00273224 0.00605988
 0.01194787 0.02834101 0.01880364 0.02307856 0.05261869 0.05387004
 0.06220744 0.01930019 0.03619909 0.01345382]
[0.00555295 0.06033833 0.01127243 0.04717094 0.03798062 0.04945352
 0.0744066  0.04690496 0.0574391  0.00529387 0.01529103 0.00909628
 0.04201715 0.00053603 0.01254893 0.01332417 0.03947645 0.00036177
 0.06176511 0.00983842 0.0038417  0.00664731 0.0033552  0.01048693
 0.05457551 0.03592589 0.04014579 0.00469654 0.07291671 0.05814647
 0.02899813 0.02120586 0.00291447 0.04059768]
[0.0067408  0.01215981 0.00341761 0.07159666 0.03339058 0.05964844
 0.07746426 0.04575609 0.05630173 0.00313963 0.0192727  0.01610271
 0.06422765 0.00358642 0.05521955 0.01855405 0.0072526  0.03491103
 0.01005061 0.00023522 0.00152457 0.00275195 0.00055641 0.00946057
 0.07221009 0.06198647 0.00872095 0.02916921 0.01982351 0.05584756
 0.05306789 0.00556951 0.01530262 0.06008942]
[0.00596654 0.04432592 0.01429716 0.04346955 0.05764657 0.05750954
 0.07728145 0.04288004 0.00224407 0.01038251 0.01426825 0.00118267
 0.01178831 0.04382229 0.04793869 0.00449462 0.01839894 0.00864016
 0.01355884 0.01342977 0.00033922 0.00887365 0.00397624 0.00945259
 0.08215142 0.00514672 0.04974425 0.04386857 0.04492753 0.07027844
 0.04881975 0.00320577 0.02229717 0.07190348]
[0.00114539 0.00504155 0.01082418 0.05999715 0.00977552 0.07009356
 0.06789253 0.02433449 0.01663988 0.00306989 0.0282137  0.02417758
 0.03343268 0.04128692 0.04107674 0.00400933 0.00195524 0.03209845
 0.02112702 0.0140469  0.00048204 0.00471357 0.00427866 0.00196055
 0.06629777 0.05287412 0.04297253 0.07518144 0.06411803 0.02897093
 0.08302563 0.02224985 0.02798428 0.01459763]
[7.53721648e-03 3.57798179e-03 1.41840633e-02 4.34828590e-02
 5.57065781e-02 3.74553100e-02 1.72678035e-02 3.27541265e-02
 2.49209742e-02 1.01234544e-02 6.98745464e-02 1.18729896e-02
 6.66749914e-02 4.08279370e-02 8.81426058e-03 8.17259666e-03
 3.16708858e-02 3.21027350e-02 5.19339535e-02 3.61267353e-03
 2.11959239e-05 2.75231603e-03 3.31121853e-03 1.47590849e-03
 1.82947940e-02 1.55980831e-02 4.21611878e-02 1.17128150e-02
 7.86674336e-03 5.91127614e-02 5.31555561e-02 6.78670623e-03
 4.45144107e-02 5.68213133e-03]
[0.0022215  0.0291918  0.00719695 0.03390451 0.04198628 0.01305337
 0.00720949 0.0261495  0.03790988 0.01004925 0.04026871 0.00873204
 0.05990731 0.04895264 0.00189891 0.009401   0.03533826 0.02274295
 0.01605803 0.00727834 0.00668824 0.00426385 0.002206   0.00456736
 0.03264776 0.01660297 0.00624914 0.02999516 0.03900536 0.03566766
 0.03010624 0.01169892 0.02400745 0.02662428]
[0.00237022 0.06730456 0.00580696 0.01182535 0.01727573 0.06818057
 0.0331085  0.0118057  0.05429683 0.01511954 0.02438291 0.04158616
 0.05594192 0.06001017 0.04844991 0.0178165  0.01848003 0.01291514
 0.00943047 0.0051451  0.00443323 0.00604751 0.00314079 0.0121447
 0.00865147 0.00394377 0.03365072 0.04867145 0.0326909  0.0360008
 0.02160255 0.03135214 0.03398778 0.04374178]
[0.00237022 0.06730456 0.00580696 0.01182535 0.01727573 0.06818057
 0.0331085  0.0118057  0.05429683 0.01511954 0.02438291 0.04158616
 0.05594192 0.06001017 0.04844991 0.0178165  0.01848003 0.01291514
 0.00943047 0.0051451  0.00443323 0.00604751 0.00314079 0.0121447
 0.00865147 0.00394377 0.03365072 0.04867145 0.0326909  0.0360008
 0.02160255 0.03135214 0.03398778 0.04374178]
[0.00211677 0.09484738 0.00031056 0.01273262 0.00828867 0.01926619
 0.06515591 0.01012941 0.05122335 0.00773045 0.0067691  0.03273237
 0.06020748 0.03793064 0.07279047 0.02103843 0.05719412 0.03194234
 0.01482738 0.00591104 0.00823019 0.00670084 0.00233139 0.00837768
 0.01250489 0.04645595 0.05571246 0.0594064  0.01619716 0.05530814
 0.04556828 0.0322718  0.00262973 0.03283591]
[0.0009586  0.06368531 0.00504036 0.03428743 0.0259602  0.03074839
 0.0329106  0.03133301 0.04236097 0.00240566 0.0340398  0.04871251
 0.02367236 0.04719338 0.01765345 0.01904621 0.03595126 0.00671806
 0.02981056 0.01684997 0.00520796 0.00506502 0.00509476 0.01322338
 0.0141121  0.02183602 0.0376584  0.0230366  0.03900783 0.05605229
 0.01368141 0.02596684 0.02596399 0.03343532]
[0.00126929 0.06357632 0.00441242 0.05744456 0.01236675 0.02483915
 0.01548301 0.02900285 0.00835225 0.012453   0.03989692 0.02661032
 0.00893867 0.04785911 0.04063547 0.00908267 0.02981406 0.02310882
 0.03065003 0.0061748  0.00297515 0.00218441 0.00437243 0.01530181
 0.0420161  0.04071318 0.02357618 0.02607505 0.03428827 0.01897624
 0.00860601 0.00738326 0.02465869 0.01976288]
[0.00126929 0.06357632 0.00441242 0.05744456 0.01236675 0.02483915
 0.01548301 0.02900285 0.00835225 0.012453   0.03989692 0.02661032
 0.00893867 0.04785911 0.04063547 0.00908267 0.02981406 0.02310882
 0.03065003 0.0061748  0.00297515 0.00218441 0.00437243 0.01530181
 0.0420161  0.04071318 0.02357618 0.02607505 0.03428827 0.01897624
 0.00860601 0.00738326 0.02465869 0.01976288]
[0.00188697 0.10493478 0.02280545 0.01776831 0.05302072 0.00105346
 0.03340903 0.02687828 0.01257843 0.00264244 0.00669304 0.00294881
 0.00722348 0.0375526  0.00293439 0.01673916 0.05051393 0.03365575
 0.01480518 0.00158989 0.00528383 0.00450929 0.00140977 0.01218888
 0.01973506 0.00353393 0.0586188  0.02692707 0.03736595 0.03455631
 0.03013486 0.03474232 0.02180016 0.00200862]
[0.00188697 0.10493478 0.02280545 0.01776831 0.05302072 0.00105346
 0.03340903 0.02687828 0.01257843 0.00264244 0.00669304 0.00294881
 0.00722348 0.0375526  0.00293439 0.01673916 0.05051393 0.03365575
 0.01480518 0.00158989 0.00528383 0.00450929 0.00140977 0.01218888
 0.01973506 0.00353393 0.0586188  0.02692707 0.03736595 0.03455631
 0.03013486 0.03474232 0.02180016 0.00200862]
[0.00188697 0.10493478 0.02280545 0.01776831 0.05302072 0.00105346
 0.03340903 0.02687828 0.01257843 0.00264244 0.00669304 0.00294881
 0.00722348 0.0375526  0.00293439 0.01673916 0.05051393 0.03365575
 0.01480518 0.00158989 0.00528383 0.00450929 0.00140977 0.01218888
 0.01973506 0.00353393 0.0586188  0.02692707 0.03736595 0.03455631
 0.03013486 0.03474232 0.02180016 0.00200862]
[0.00188697 0.10493478 0.02280545 0.01776831 0.05302072 0.00105346
 0.03340903 0.02687828 0.01257843 0.00264244 0.00669304 0.00294881
 0.00722348 0.0375526  0.00293439 0.01673916 0.05051393 0.03365575
 0.01480518 0.00158989 0.00528383 0.00450929 0.00140977 0.01218888
 0.01973506 0.00353393 0.0586188  0.02692707 0.03736595 0.03455631
 0.03013486 0.03474232 0.02180016 0.00200862]
[0.00188697 0.10493478 0.02280545 0.01776831 0.05302072 0.00105346
 0.03340903 0.02687828 0.01257843 0.00264244 0.00669304 0.00294881
 0.00722348 0.0375526  0.00293439 0.01673916 0.05051393 0.03365575
 0.01480518 0.00158989 0.00528383 0.00450929 0.00140977 0.01218888
 0.01973506 0.00353393 0.0586188  0.02692707 0.03736595 0.03455631
 0.03013486 0.03474232 0.02180016 0.00200862]
[0.00188697 0.10493478 0.02280545 0.01776831 0.05302072 0.00105346
 0.03340903 0.02687828 0.01257843 0.00264244 0.00669304 0.00294881
 0.00722348 0.0375526  0.00293439 0.01673916 0.05051393 0.03365575
 0.01480518 0.00158989 0.00528383 0.00450929 0.00140977 0.01218888
 0.01973506 0.00353393 0.0586188  0.02692707 0.03736595 0.03455631
 0.03013486 0.03474232 0.02180016 0.00200862]
