[4.60751149e-03 5.18518175e-02 1.90861375e-02 3.25455457e-02
 3.56353696e-02 3.08673614e-03 5.60047670e-02 3.21830134e-02
 7.17457854e-03 4.31174446e-03 4.77071249e-02 4.54443818e-02
 9.53943072e-03 5.56340458e-02 1.08190960e-02 1.25031491e-02
 1.57051644e-02 2.47214988e-02 2.97775179e-02 1.46607503e-02
 7.77344069e-03 1.10317337e-02 1.76310011e-03 3.71034252e-03
 2.55487008e-02 3.56743685e-02 4.49235481e-02 5.16350771e-02
 5.68716240e-02 1.33345295e-02 1.60486939e-02 3.22422230e-05
 2.99338225e-02 1.79657714e-02]
[0.00582102 0.00106809 0.00709481 0.04040848 0.04886851 0.05241188
 0.08094195 0.06620981 0.05406798 0.00016665 0.01906237 0.01199189
 0.02634734 0.03276176 0.06101223 0.00586199 0.01164066 0.02922881
 0.01830347 0.01375842 0.01184568 0.00883104 0.00652142 0.01251209
 0.06991012 0.06943278 0.00313799 0.07559983 0.00719143 0.02620064
 0.01489825 0.03114395 0.03162734 0.02526785]
[0.00267205 0.00105846 0.01547186 0.0732194  0.01819588 0.04763619
 0.04956168 0.03683981 0.03427783 0.01031251 0.03409243 0.02950385
 0.04623573 0.05211934 0.07168262 0.0131477  0.00329153 0.02386587
 0.05241836 0.00134793 0.01044533 0.0028777  0.00414943 0.0082108
 0.05294543 0.0297771  0.01153306 0.06001811 0.05044653 0.01337091
 0.0098873  0.03152835 0.02579907 0.0533287 ]
[0.00327826 0.05115847 0.00897988 0.10362185 0.03507143 0.05695964
 0.03872231 0.03787053 0.01295838 0.01491376 0.01032305 0.00700921
 0.07992815 0.02893921 0.02660767 0.01376665 0.05734778 0.03915339
 0.06482913 0.00714644 0.00596837 0.00371895 0.0073966  0.01182391
 0.03794717 0.00588935 0.00810359 0.0042998  0.07284874 0.03590775
 0.04065837 0.00939724 0.0255695  0.0315418 ]
[0.00798508 0.00533054 0.01771252 0.09110965 0.05859835 0.06176415
 0.01409259 0.0517081  0.04741495 0.01342481 0.0030992  0.06116594
 0.04808011 0.04058044 0.07061822 0.02786374 0.01122503 0.00882643
 0.02980972 0.00798622 0.01368448 0.0070612  0.00203928 0.00879905
 0.05137432 0.00616773 0.0234895  0.00204615 0.04757363 0.01563447
 0.0288601  0.03122179 0.0224099  0.06091264]
[0.0065294  0.04580916 0.00770671 0.05562184 0.00815123 0.02121706
 0.01360744 0.07953312 0.02566864 0.00274858 0.02846883 0.06078891
 0.07207576 0.02475653 0.03301755 0.00710774 0.04573546 0.00996248
 0.02139556 0.01057034 0.00469624 0.01189743 0.0044041  0.0118977
 0.04920884 0.02292766 0.06069528 0.05259627 0.03166224 0.03365284
 0.03743256 0.01592557 0.03150672 0.05092183]
[0.00283236 0.03905243 0.00217052 0.03168719 0.05060678 0.03717146
 0.0057248  0.00405429 0.04012185 0.00855382 0.02016732 0.01380008
 0.01390144 0.02013851 0.05285601 0.010337   0.00440587 0.04682096
 0.06492422 0.00789026 0.00635973 0.00928542 0.00737919 0.0131512
 0.01582989 0.01492811 0.0777789  0.07278766 0.01730187 0.03273729
 0.03001237 0.00614448 0.02797131 0.02781869]
[0.00283236 0.03905243 0.00217052 0.03168719 0.05060678 0.03717146
 0.0057248  0.00405429 0.04012185 0.00855382 0.02016732 0.01380008
 0.01390144 0.02013851 0.05285601 0.010337   0.00440587 0.04682096
 0.06492422 0.00789026 0.00635973 0.00928542 0.00737919 0.0131512
 0.01582989 0.01492811 0.0777789  0.07278766 0.01730187 0.03273729
 0.03001237 0.00614448 0.02797131 0.02781869]
[0.00283236 0.03905243 0.00217052 0.03168719 0.05060678 0.03717146
 0.0057248  0.00405429 0.04012185 0.00855382 0.02016732 0.01380008
 0.01390144 0.02013851 0.05285601 0.010337   0.00440587 0.04682096
 0.06492422 0.00789026 0.00635973 0.00928542 0.00737919 0.0131512
 0.01582989 0.01492811 0.0777789  0.07278766 0.01730187 0.03273729
 0.03001237 0.00614448 0.02797131 0.02781869]
[0.00283236 0.03905243 0.00217052 0.03168719 0.05060678 0.03717146
 0.0057248  0.00405429 0.04012185 0.00855382 0.02016732 0.01380008
 0.01390144 0.02013851 0.05285601 0.010337   0.00440587 0.04682096
 0.06492422 0.00789026 0.00635973 0.00928542 0.00737919 0.0131512
 0.01582989 0.01492811 0.0777789  0.07278766 0.01730187 0.03273729
 0.03001237 0.00614448 0.02797131 0.02781869]
[0.00533005 0.01026197 0.01255706 0.00556391 0.04723647 0.02637465
 0.02770012 0.03446394 0.01299453 0.00010987 0.04451928 0.02006758
 0.04764288 0.05056    0.04188287 0.01323198 0.02595704 0.00266473
 0.04343389 0.01652274 0.00161604 0.01203238 0.00428398 0.0088633
 0.03044125 0.02875266 0.04266663 0.02458055 0.00236178 0.02039557
 0.0022263  0.00492772 0.02381811 0.01574613]
[0.00533005 0.01026197 0.01255706 0.00556391 0.04723647 0.02637465
 0.02770012 0.03446394 0.01299453 0.00010987 0.04451928 0.02006758
 0.04764288 0.05056    0.04188287 0.01323198 0.02595704 0.00266473
 0.04343389 0.01652274 0.00161604 0.01203238 0.00428398 0.0088633
 0.03044125 0.02875266 0.04266663 0.02458055 0.00236178 0.02039557
 0.0022263  0.00492772 0.02381811 0.01574613]
[0.00533005 0.01026197 0.01255706 0.00556391 0.04723647 0.02637465
 0.02770012 0.03446394 0.01299453 0.00010987 0.04451928 0.02006758
 0.04764288 0.05056    0.04188287 0.01323198 0.02595704 0.00266473
 0.04343389 0.01652274 0.00161604 0.01203238 0.00428398 0.0088633
 0.03044125 0.02875266 0.04266663 0.02458055 0.00236178 0.02039557
 0.0022263  0.00492772 0.02381811 0.01574613]
[0.00533005 0.01026197 0.01255706 0.00556391 0.04723647 0.02637465
 0.02770012 0.03446394 0.01299453 0.00010987 0.04451928 0.02006758
 0.04764288 0.05056    0.04188287 0.01323198 0.02595704 0.00266473
 0.04343389 0.01652274 0.00161604 0.01203238 0.00428398 0.0088633
 0.03044125 0.02875266 0.04266663 0.02458055 0.00236178 0.02039557
 0.0022263  0.00492772 0.02381811 0.01574613]
[0.00533005 0.01026197 0.01255706 0.00556391 0.04723647 0.02637465
 0.02770012 0.03446394 0.01299453 0.00010987 0.04451928 0.02006758
 0.04764288 0.05056    0.04188287 0.01323198 0.02595704 0.00266473
 0.04343389 0.01652274 0.00161604 0.01203238 0.00428398 0.0088633
 0.03044125 0.02875266 0.04266663 0.02458055 0.00236178 0.02039557
 0.0022263  0.00492772 0.02381811 0.01574613]
[0.00533005 0.01026197 0.01255706 0.00556391 0.04723647 0.02637465
 0.02770012 0.03446394 0.01299453 0.00010987 0.04451928 0.02006758
 0.04764288 0.05056    0.04188287 0.01323198 0.02595704 0.00266473
 0.04343389 0.01652274 0.00161604 0.01203238 0.00428398 0.0088633
 0.03044125 0.02875266 0.04266663 0.02458055 0.00236178 0.02039557
 0.0022263  0.00492772 0.02381811 0.01574613]
[0.00533005 0.01026197 0.01255706 0.00556391 0.04723647 0.02637465
 0.02770012 0.03446394 0.01299453 0.00010987 0.04451928 0.02006758
 0.04764288 0.05056    0.04188287 0.01323198 0.02595704 0.00266473
 0.04343389 0.01652274 0.00161604 0.01203238 0.00428398 0.0088633
 0.03044125 0.02875266 0.04266663 0.02458055 0.00236178 0.02039557
 0.0022263  0.00492772 0.02381811 0.01574613]
[0.00533005 0.01026197 0.01255706 0.00556391 0.04723647 0.02637465
 0.02770012 0.03446394 0.01299453 0.00010987 0.04451928 0.02006758
 0.04764288 0.05056    0.04188287 0.01323198 0.02595704 0.00266473
 0.04343389 0.01652274 0.00161604 0.01203238 0.00428398 0.0088633
 0.03044125 0.02875266 0.04266663 0.02458055 0.00236178 0.02039557
 0.0022263  0.00492772 0.02381811 0.01574613]
[0.0060381  0.01142123 0.00063009 0.00568066 0.01371205 0.02464991
 0.01884384 0.04412943 0.0473162  0.00855862 0.06330354 0.00101499
 0.04503754 0.05362144 0.03748134 0.01532167 0.04129385 0.03617468
 0.01429811 0.00895617 0.00374978 0.00116962 0.00210105 0.00266589
 0.03927867 0.02700846 0.00400505 0.0207051  0.03948533 0.03242407
 0.00204524 0.02072999 0.00015748 0.03010346]
[0.00474997 0.01574733 0.01709583 0.02559735 0.03371478 0.04098524
 0.04219307 0.00053844 0.03827429 0.0046174  0.05436975 0.02093976
 0.04067687 0.05127107 0.05120035 0.01901584 0.0175964  0.03822796
 0.0454054  0.00014917 0.00592519 0.00670254 0.00514337 0.00863021
 0.03435741 0.0524705  0.04645045 0.01044845 0.00965877 0.02149471
 0.01026444 0.02017191 0.0338285  0.01285791]
