[0.00470232 0.02810792 0.01714719 0.00381423 0.01382104 0.04169895
 0.02880746 0.03576627 0.01906736 0.00338437 0.01724798 0.05503142
 0.03354824 0.036322   0.05429158 0.00627665 0.04334387 0.0281052
 0.06030632 0.00723232 0.00717114 0.00445135 0.00121154 0.00857409
 0.02213069 0.0619375  0.01324645 0.02493969 0.01631539 0.02949823
 0.03198487 0.02302875 0.01291835 0.01475139]
[0.00216972 0.03764936 0.00689871 0.02702931 0.04124171 0.00033516
 0.02246551 0.05090906 0.05011202 0.00732104 0.00945551 0.07056463
 0.04634343 0.05768014 0.03227082 0.0104003  0.0385991  0.0163354
 0.04045566 0.00705056 0.00462878 0.01174022 0.00175502 0.01083924
 0.03506177 0.0600329  0.03203409 0.0201082  0.03069876 0.01961795
 0.00382753 0.0169056  0.03763918 0.00132125]
[2.86602310e-03 1.56105690e-05 2.18269434e-02 3.93055094e-02
 3.14314655e-02 2.39152102e-02 2.40656121e-02 6.44609836e-02
 2.90968720e-02 1.23489997e-02 2.09734457e-02 9.02016865e-02
 4.31675927e-02 5.89924600e-02 1.77963707e-02 9.86859726e-03
 2.58801228e-02 1.65365207e-03 4.94097369e-03 6.10520242e-03
 8.18475061e-03 7.76497803e-03 1.42538545e-03 1.37235635e-02
 7.57227093e-02 5.17443799e-02 6.16760331e-02 3.84031730e-02
 3.51413418e-02 5.75785165e-02 1.19379521e-02 8.48167503e-03
 4.99648493e-03 5.09198119e-02]
[0.00826361 0.03430805 0.01364238 0.03442365 0.02373589 0.05573482
 0.03863855 0.02480577 0.02967758 0.01151    0.0458075  0.01290456
 0.06563611 0.04667745 0.00585983 0.02878174 0.0298124  0.0507252
 0.02461822 0.00104235 0.00982566 0.00134574 0.00480503 0.01539706
 0.02414622 0.09358398 0.04143656 0.00264252 0.00141295 0.0902842
 0.0367125  0.02263025 0.04401349 0.0108226 ]
[0.0047375  0.04687482 0.00085292 0.00700956 0.04081646 0.0359581
 0.0187926  0.02348252 0.0052113  0.00937158 0.05467968 0.02937623
 0.04748361 0.04772725 0.0197001  0.02131767 0.03192752 0.02913158
 0.01390061 0.01773556 0.00945997 0.0058038  0.00151608 0.0052727
 0.00998709 0.08125569 0.04972304 0.0044994  0.01941262 0.0536084
 0.00210726 0.01457572 0.01026727 0.03387706]
[0.0047375  0.04687482 0.00085292 0.00700956 0.04081646 0.0359581
 0.0187926  0.02348252 0.0052113  0.00937158 0.05467968 0.02937623
 0.04748361 0.04772725 0.0197001  0.02131767 0.03192752 0.02913158
 0.01390061 0.01773556 0.00945997 0.0058038  0.00151608 0.0052727
 0.00998709 0.08125569 0.04972304 0.0044994  0.01941262 0.0536084
 0.00210726 0.01457572 0.01026727 0.03387706]
[0.00200046 0.02456624 0.00207685 0.02670717 0.00660646 0.02088249
 0.0329924  0.05828309 0.05088506 0.00342002 0.01879472 0.024366
 0.01438115 0.07517125 0.05075062 0.0147146  0.04743455 0.01561454
 0.01825132 0.00625688 0.00458304 0.01071057 0.00684765 0.00401887
 0.03337689 0.01284215 0.0737941  0.03821649 0.05781606 0.05231657
 0.0260527  0.02091811 0.04186877 0.05574664]
[0.00250855 0.02428534 0.01726564 0.01999572 0.00618436 0.0046801
 0.06473601 0.04765004 0.0398354  0.00781701 0.05611675 0.00062612
 0.01869554 0.06564542 0.05394991 0.02522626 0.04517817 0.03334448
 0.02568095 0.01829214 0.00460708 0.00580153 0.00093347 0.00331357
 0.05647816 0.02833044 0.00603616 0.05176405 0.0418119  0.05002097
 0.05570384 0.02799654 0.02082383 0.00438443]
[3.77054795e-05 5.71112210e-02 1.44032824e-03 5.17887875e-02
 2.69400233e-02 2.85032502e-03 7.71403399e-02 1.97172860e-02
 4.59872056e-02 5.29075908e-03 5.54479021e-02 2.76190717e-02
 1.98035284e-02 3.32032735e-02 6.29534031e-02 1.78156738e-04
 3.57823293e-02 2.35727088e-02 5.34909550e-02 6.09573840e-03
 8.49536025e-03 1.42112025e-02 8.98097119e-04 1.22856954e-02
 7.31777512e-02 6.33710328e-02 1.05277091e-02 1.88540576e-02
 3.75465764e-03 1.31970350e-02 1.59253526e-02 2.47906771e-03
 2.35099336e-02 4.48446508e-02]
[0.00380447 0.07503282 0.00616023 0.06660567 0.03712386 0.01339434
 0.07185894 0.02356112 0.05123906 0.01147651 0.05876374 0.02875088
 0.00705081 0.05786641 0.02504038 0.00115277 0.00614209 0.02792266
 0.04666632 0.0152886  0.00673903 0.00562538 0.00378273 0.01026296
 0.06944344 0.02264821 0.01461266 0.03520377 0.00516281 0.00140514
 0.03154118 0.00076191 0.03153472 0.05831189]
[3.83550708e-04 8.07535622e-03 2.53199712e-02 2.37924447e-02
 2.85720069e-03 6.93883727e-02 1.26128444e-02 6.52032045e-02
 5.56399464e-02 1.34777079e-02 3.01405022e-02 6.97951251e-02
 1.19136392e-02 5.83346005e-02 2.87195785e-02 1.08451603e-03
 5.41015349e-05 1.39038056e-02 2.00804465e-03 2.20376769e-03
 9.45892909e-03 4.60786771e-03 3.38781578e-03 3.31531511e-03
 1.43723505e-02 1.43608415e-02 4.57608777e-02 6.31555112e-02
 2.94575824e-02 3.50866387e-02 4.11457727e-02 1.74636373e-02
 3.08842726e-02 1.01144315e-01]
[8.54203032e-05 2.60822464e-02 3.87331962e-03 1.33344497e-02
 2.69689513e-02 6.92941752e-02 7.11641791e-03 6.46097180e-02
 3.13209042e-02 1.01249926e-02 4.82929449e-02 1.36226611e-03
 2.82688185e-02 5.86436878e-02 5.15293676e-03 1.59653944e-02
 1.26805135e-02 1.91752842e-02 1.39027169e-02 1.58297583e-02
 8.75056654e-04 6.40005789e-03 3.43928881e-03 7.82216413e-03
 3.70425780e-02 2.06513436e-02 4.56374797e-02 2.58966767e-02
 4.94614411e-02 3.73884408e-02 5.79242684e-02 1.35384504e-02
 7.02488307e-03 1.05286381e-02]
[0.00111768 0.01740136 0.00412101 0.0420316  0.02942748 0.07571771
 0.03062976 0.0583823  0.03310379 0.00310898 0.03339196 0.04607653
 0.05371677 0.03328367 0.02407673 0.02072363 0.00669663 0.02527085
 0.03819563 0.001063   0.01055405 0.00630032 0.00078182 0.00413094
 0.0561327  0.02454695 0.05076972 0.01171021 0.03130271 0.01035383
 0.04972311 0.01987744 0.00347273 0.02328396]
[0.00261116 0.06169495 0.00139488 0.02810695 0.01827377 0.08321125
 0.00032076 0.01443187 0.05593113 0.00149683 0.07873381 0.05781592
 0.05970166 0.01896669 0.0298031  0.02071551 0.00088846 0.03178979
 0.01921637 0.01656791 0.00993884 0.01562254 0.00533463 0.00131959
 0.01480043 0.03817133 0.03567671 0.01780576 0.02166699 0.05060016
 0.02859861 0.01129548 0.03174409 0.03343063]
[0.00288311 0.04728028 0.02302755 0.02899995 0.05013136 0.00076369
 0.02340281 0.01649325 0.02689061 0.00988429 0.02380155 0.00402744
 0.06853676 0.05089951 0.05786618 0.01168266 0.02678801 0.05147636
 0.01443974 0.01900675 0.00373019 0.01002976 0.00201661 0.00503177
 0.02962535 0.0334458  0.04935699 0.01317762 0.04406178 0.08005833
 0.01465974 0.03276455 0.04498811 0.07089602]
[0.00227931 0.01530225 0.00975126 0.05046174 0.01309395 0.045744
 0.05843074 0.01662675 0.05654624 0.0030315  0.01914662 0.03832912
 0.01518797 0.04369508 0.0466395  0.01952658 0.00257126 0.00387495
 0.03468948 0.01383534 0.00722164 0.01262795 0.00349272 0.00182171
 0.00068333 0.02067934 0.02840559 0.05209283 0.03262845 0.06102467
 0.04487327 0.00243049 0.03526743 0.00779747]
[7.71993768e-03 4.88307129e-02 2.33417583e-02 7.59824734e-02
 2.04182521e-02 6.02563709e-02 7.13137308e-02 1.34590133e-02
 5.06474716e-02 7.14183049e-03 2.77801836e-02 6.58411542e-02
 1.99869705e-02 3.77870992e-02 6.94847221e-03 1.22057908e-02
 5.65424917e-02 7.82544584e-05 5.77232631e-02 2.03194246e-03
 5.85777474e-05 1.67276157e-02 2.72938948e-04 1.05830413e-02
 6.01928822e-03 1.46254304e-02 6.45413116e-02 5.38892742e-02
 2.24750820e-03 4.91423030e-02 1.35918919e-02 1.74464438e-03
 1.71409306e-02 5.47607801e-02]
[0.0022173  0.04797671 0.01977301 0.02420024 0.02631466 0.08129303
 0.00290614 0.04720193 0.06036025 0.01567423 0.03321337 0.03020637
 0.06761884 0.06815287 0.05764158 0.00654239 0.00507966 0.02454795
 0.07139674 0.00850408 0.00974701 0.00421538 0.00674317 0.01634006
 0.05530172 0.01476728 0.01086433 0.02161552 0.04949444 0.01325043
 0.01724577 0.01128792 0.01174979 0.04750588]
[0.00400173 0.0003741  0.00095315 0.02936613 0.02173803 0.09179381
 0.02247426 0.04304014 0.04307387 0.00997665 0.06202303 0.02025598
 0.03903525 0.04256995 0.06625735 0.01630757 0.00676415 0.00998427
 0.01008873 0.00721985 0.00229836 0.00567532 0.00577908 0.00812096
 0.01584661 0.00105174 0.0654653  0.03203476 0.00424423 0.03745139
 0.0224415  0.02295914 0.02166646 0.01339284]
[0.00389333 0.00396689 0.01126585 0.02291613 0.01741039 0.07777986
 0.04049641 0.03999751 0.04980133 0.00977037 0.04080232 0.01427686
 0.04338642 0.02775061 0.03771864 0.00366698 0.00053452 0.03395162
 0.05364717 0.01352385 0.00817992 0.01295211 0.00526744 0.00465726
 0.05141807 0.03323906 0.02448823 0.02053905 0.05087162 0.03920477
 0.02690894 0.02297623 0.03427517 0.01321193]
