[0.00210837 0.05134439 0.01285249 0.02660612 0.04234124 0.04073271
 0.01055141 0.0778943  0.00079394 0.00399297 0.04716315 0.01351361
 0.02484027 0.02852071 0.03994778 0.00056793 0.0019092  0.02981068
 0.03409886 0.0121878  0.0058228  0.00586128 0.00163169 0.0119972
 0.05646132 0.01308933 0.02079313 0.01057536 0.05322748 0.06234443
 0.01180098 0.02531763 0.00873077 0.05300195]
[0.00210837 0.05134439 0.01285249 0.02660612 0.04234124 0.04073271
 0.01055141 0.0778943  0.00079394 0.00399297 0.04716315 0.01351361
 0.02484027 0.02852071 0.03994778 0.00056793 0.0019092  0.02981068
 0.03409886 0.0121878  0.0058228  0.00586128 0.00163169 0.0119972
 0.05646132 0.01308933 0.02079313 0.01057536 0.05322748 0.06234443
 0.01180098 0.02531763 0.00873077 0.05300195]
[0.00311175 0.01076163 0.00063816 0.02330802 0.01500725 0.05917733
 0.05450512 0.02452733 0.04493802 0.01414982 0.06171249 0.0339919
 0.03907239 0.01704628 0.01937754 0.00295573 0.0298144  0.03582071
 0.05194711 0.0050966  0.00301922 0.01351362 0.00457569 0.00385906
 0.04058382 0.00484219 0.05767088 0.03076807 0.05662067 0.07304285
 0.04299131 0.027829   0.04079486 0.03064798]
[0.00138724 0.0355938  0.01757707 0.03860572 0.00675319 0.02663217
 0.03871035 0.00687618 0.05457156 0.00496629 0.04696746 0.05659439
 0.0519194  0.02514642 0.01131926 0.00695401 0.04954735 0.02033619
 0.04517536 0.00972077 0.00030921 0.00409412 0.00605895 0.00040358
 0.0662498  0.00054894 0.07753371 0.05794253 0.0494338  0.00070996
 0.0021903  0.01199025 0.04008132 0.04963045]
[0.00138724 0.0355938  0.01757707 0.03860572 0.00675319 0.02663217
 0.03871035 0.00687618 0.05457156 0.00496629 0.04696746 0.05659439
 0.0519194  0.02514642 0.01131926 0.00695401 0.04954735 0.02033619
 0.04517536 0.00972077 0.00030921 0.00409412 0.00605895 0.00040358
 0.0662498  0.00054894 0.07753371 0.05794253 0.0494338  0.00070996
 0.0021903  0.01199025 0.04008132 0.04963045]
[0.00579166 0.04244331 0.00729917 0.06527227 0.00119151 0.02450364
 0.02329934 0.02925839 0.03502034 0.01370694 0.02682803 0.05515024
 0.01328502 0.06184453 0.02766401 0.02209717 0.0217247  0.00041011
 0.05226794 0.00487824 0.00721452 0.01414747 0.00442508 0.001949
 0.00449749 0.01354753 0.03681333 0.01565484 0.04251368 0.03893703
 0.01962702 0.00443456 0.00435682 0.04138188]
[0.00579166 0.04244331 0.00729917 0.06527227 0.00119151 0.02450364
 0.02329934 0.02925839 0.03502034 0.01370694 0.02682803 0.05515024
 0.01328502 0.06184453 0.02766401 0.02209717 0.0217247  0.00041011
 0.05226794 0.00487824 0.00721452 0.01414747 0.00442508 0.001949
 0.00449749 0.01354753 0.03681333 0.01565484 0.04251368 0.03893703
 0.01962702 0.00443456 0.00435682 0.04138188]
[0.00579166 0.04244331 0.00729917 0.06527227 0.00119151 0.02450364
 0.02329934 0.02925839 0.03502034 0.01370694 0.02682803 0.05515024
 0.01328502 0.06184453 0.02766401 0.02209717 0.0217247  0.00041011
 0.05226794 0.00487824 0.00721452 0.01414747 0.00442508 0.001949
 0.00449749 0.01354753 0.03681333 0.01565484 0.04251368 0.03893703
 0.01962702 0.00443456 0.00435682 0.04138188]
[0.00579166 0.04244331 0.00729917 0.06527227 0.00119151 0.02450364
 0.02329934 0.02925839 0.03502034 0.01370694 0.02682803 0.05515024
 0.01328502 0.06184453 0.02766401 0.02209717 0.0217247  0.00041011
 0.05226794 0.00487824 0.00721452 0.01414747 0.00442508 0.001949
 0.00449749 0.01354753 0.03681333 0.01565484 0.04251368 0.03893703
 0.01962702 0.00443456 0.00435682 0.04138188]
[0.00133194 0.04461877 0.01536708 0.0073748  0.04341445 0.01464263
 0.03474432 0.01254762 0.04896378 0.00203604 0.03626063 0.04284745
 0.03201533 0.00567143 0.0162558  0.02859147 0.04386619 0.00430639
 0.05580401 0.00661155 0.0073595  0.00477851 0.00069352 0.00255436
 0.03491121 0.06437394 0.02258813 0.01143997 0.05241221 0.04765722
 0.0135269  0.01580565 0.00239269 0.01838284]
[0.00042849 0.06532493 0.00244019 0.04292953 0.02748908 0.04327999
 0.06011304 0.02223418 0.01186437 0.00915455 0.03325539 0.0695156
 0.0015886  0.01404864 0.0315217  0.00593085 0.03466628 0.03041257
 0.06451997 0.01449003 0.00208512 0.01266754 0.00617817 0.00187751
 0.03081503 0.05453407 0.02753867 0.05220882 0.057662   0.04430351
 0.01686031 0.02776877 0.03923956 0.01234239]
[0.00449033 0.06909441 0.01375036 0.04833617 0.04771441 0.06184979
 0.02285057 0.02388094 0.04124328 0.00961298 0.05875104 0.02691741
 0.03825157 0.02039918 0.01588352 0.01732918 0.01953085 0.02000328
 0.0589951  0.00020991 0.00118617 0.0083409  0.00234428 0.00710935
 0.02167292 0.02599996 0.0461542  0.04628826 0.00687978 0.0602345
 0.0360282  0.0046442  0.03469314 0.04949159]
[0.00025939 0.08137472 0.00113255 0.04949929 0.04627309 0.01744083
 0.05065299 0.03255545 0.0527557  0.01324264 0.0775143  0.02872544
 0.0107278  0.01345139 0.06027367 0.02486342 0.01154469 0.04114826
 0.00410596 0.00734151 0.00909873 0.01388762 0.00551732 0.00795324
 0.04302168 0.00907572 0.03021517 0.07394381 0.00144122 0.01947615
 0.06005017 0.01108253 0.03192431 0.03653488]
[0.00663134 0.00827729 0.01569931 0.03836877 0.03905227 0.03060238
 0.06393912 0.05016798 0.05861761 0.00646303 0.00782923 0.05229665
 0.04866594 0.03061345 0.04527331 0.0262666  0.05472667 0.03260298
 0.06257984 0.02133242 0.0036839  0.00390171 0.00329801 0.00273578
 0.00452866 0.03773166 0.01030763 0.06418221 0.03802535 0.0262914
 0.04636522 0.02105001 0.00369473 0.02341062]
[0.00695887 0.04503287 0.02300047 0.05667397 0.00996396 0.03962795
 0.04236045 0.05251584 0.05110717 0.01573614 0.01931667 0.03561146
 0.00460696 0.02072757 0.05162585 0.01319278 0.04945116 0.01130541
 0.01116836 0.00869797 0.0024243  0.01486358 0.00269163 0.00410025
 0.01817288 0.06544632 0.05337447 0.00310424 0.0463983  0.04140009
 0.06848041 0.02255045 0.02619574 0.021032  ]
[0.00674122 0.00725577 0.00799874 0.0241966  0.05607621 0.05326968
 0.05922781 0.02870612 0.02573901 0.00444394 0.00254082 0.04458386
 0.00608451 0.067569   0.04636356 0.01076217 0.01312113 0.01222012
 0.03138371 0.01193103 0.00356744 0.0060103  0.00591035 0.00180496
 0.04433117 0.0870741  0.02827272 0.0364056  0.04561584 0.00095921
 0.05020615 0.02541024 0.00981729 0.05800481]
[4.78452554e-03 2.33180818e-02 8.23301610e-03 1.23578740e-02
 2.17674060e-02 4.93639042e-02 4.71580655e-02 3.43845547e-02
 3.66127580e-02 3.59145595e-03 3.72474523e-02 5.22956226e-02
 3.14133108e-02 5.19321963e-02 3.97071282e-02 1.62645406e-02
 3.39788751e-02 1.37992642e-02 3.99656058e-02 5.37027629e-03
 1.26934517e-03 3.98149297e-03 1.91634002e-03 1.65223445e-03
 1.45590425e-02 2.97908486e-02 2.40422340e-02 4.22741134e-02
 3.97751096e-02 4.53381951e-03 1.38459910e-02 1.71072339e-02
 8.13891687e-05 2.70108935e-02]
[4.78452554e-03 2.33180818e-02 8.23301610e-03 1.23578740e-02
 2.17674060e-02 4.93639042e-02 4.71580655e-02 3.43845547e-02
 3.66127580e-02 3.59145595e-03 3.72474523e-02 5.22956226e-02
 3.14133108e-02 5.19321963e-02 3.97071282e-02 1.62645406e-02
 3.39788751e-02 1.37992642e-02 3.99656058e-02 5.37027629e-03
 1.26934517e-03 3.98149297e-03 1.91634002e-03 1.65223445e-03
 1.45590425e-02 2.97908486e-02 2.40422340e-02 4.22741134e-02
 3.97751096e-02 4.53381951e-03 1.38459910e-02 1.71072339e-02
 8.13891687e-05 2.70108935e-02]
[4.78452554e-03 2.33180818e-02 8.23301610e-03 1.23578740e-02
 2.17674060e-02 4.93639042e-02 4.71580655e-02 3.43845547e-02
 3.66127580e-02 3.59145595e-03 3.72474523e-02 5.22956226e-02
 3.14133108e-02 5.19321963e-02 3.97071282e-02 1.62645406e-02
 3.39788751e-02 1.37992642e-02 3.99656058e-02 5.37027629e-03
 1.26934517e-03 3.98149297e-03 1.91634002e-03 1.65223445e-03
 1.45590425e-02 2.97908486e-02 2.40422340e-02 4.22741134e-02
 3.97751096e-02 4.53381951e-03 1.38459910e-02 1.71072339e-02
 8.13891687e-05 2.70108935e-02]
[0.00250846 0.04098309 0.00523816 0.0348737  0.02124575 0.05602594
 0.07056855 0.00630647 0.02151704 0.01160425 0.02783083 0.03708736
 0.01408305 0.06010756 0.0282829  0.02118638 0.02385364 0.00587661
 0.04415857 0.01204646 0.00357322 0.00690192 0.00313116 0.00831762
 0.00716697 0.04344644 0.01912156 0.02066646 0.02420336 0.04580149
 0.04222755 0.0003492  0.00358343 0.02917154]
