[0.00558611 0.04512771 0.0033741  0.03185284 0.04369698 0.0248414
 0.0127732  0.03050654 0.03989611 0.01621833 0.05921056 0.01378356
 0.01958641 0.03035996 0.04956374 0.02248161 0.02027989 0.02578549
 0.06392657 0.01201581 0.01210173 0.00470171 0.00511158 0.00553093
 0.07449496 0.07142757 0.06843134 0.05024721 0.02724331 0.03725798
 0.01356198 0.00358723 0.02897855 0.02153797]
[0.00041096 0.0158109  0.0035957  0.02194562 0.00432121 0.05245273
 0.01654956 0.03030948 0.0033511  0.00887396 0.06275863 0.03099322
 0.0294198  0.05561147 0.06111941 0.0046415  0.02256262 0.0129533
 0.07651865 0.00501178 0.00033802 0.01316856 0.00449544 0.00241401
 0.06898176 0.01584395 0.07293768 0.06665172 0.01600839 0.00420554
 0.02447553 0.00942022 0.01726382 0.03748877]
[0.00520111 0.06353918 0.01195941 0.06915616 0.05804333 0.00621542
 0.0528348  0.00665529 0.05710035 0.0081116  0.07487958 0.05253753
 0.03400885 0.0146322  0.04108455 0.02547644 0.03268465 0.00560855
 0.02201351 0.00991759 0.00592267 0.00075606 0.00649367 0.00836927
 0.04459814 0.00725226 0.04863731 0.01660759 0.0341078  0.00702298
 0.00860459 0.00549719 0.02495936 0.05802425]
[0.00205928 0.04601823 0.00320609 0.07949187 0.03232756 0.0150422
 0.05716229 0.03301254 0.00197532 0.01116296 0.03138097 0.06892673
 0.02038609 0.04977877 0.04771433 0.01358773 0.00946553 0.01860854
 0.00018274 0.00348457 0.0105102  0.00622069 0.00485471 0.00780732
 0.00741624 0.02084716 0.03433304 0.00391188 0.0500675  0.0041181
 0.00436004 0.01675192 0.0138636  0.06570821]
[0.00325673 0.00656453 0.01505014 0.02545997 0.04307424 0.0061401
 0.03197718 0.04615637 0.04234834 0.00433755 0.03946889 0.00482125
 0.04321871 0.03131309 0.05084228 0.01553073 0.02067664 0.01443707
 0.01716132 0.00284043 0.00464323 0.00346461 0.00315541 0.00149455
 0.02687827 0.01882928 0.0348881  0.00392076 0.04208252 0.02803429
 0.02018309 0.0219762  0.00376439 0.06251306]
[0.00325673 0.00656453 0.01505014 0.02545997 0.04307424 0.0061401
 0.03197718 0.04615637 0.04234834 0.00433755 0.03946889 0.00482125
 0.04321871 0.03131309 0.05084228 0.01553073 0.02067664 0.01443707
 0.01716132 0.00284043 0.00464323 0.00346461 0.00315541 0.00149455
 0.02687827 0.01882928 0.0348881  0.00392076 0.04208252 0.02803429
 0.02018309 0.0219762  0.00376439 0.06251306]
[0.00325673 0.00656453 0.01505014 0.02545997 0.04307424 0.0061401
 0.03197718 0.04615637 0.04234834 0.00433755 0.03946889 0.00482125
 0.04321871 0.03131309 0.05084228 0.01553073 0.02067664 0.01443707
 0.01716132 0.00284043 0.00464323 0.00346461 0.00315541 0.00149455
 0.02687827 0.01882928 0.0348881  0.00392076 0.04208252 0.02803429
 0.02018309 0.0219762  0.00376439 0.06251306]
[0.00325673 0.00656453 0.01505014 0.02545997 0.04307424 0.0061401
 0.03197718 0.04615637 0.04234834 0.00433755 0.03946889 0.00482125
 0.04321871 0.03131309 0.05084228 0.01553073 0.02067664 0.01443707
 0.01716132 0.00284043 0.00464323 0.00346461 0.00315541 0.00149455
 0.02687827 0.01882928 0.0348881  0.00392076 0.04208252 0.02803429
 0.02018309 0.0219762  0.00376439 0.06251306]
[0.00334293 0.04364081 0.00102098 0.06493792 0.05793875 0.01124957
 0.05347704 0.06821704 0.04499986 0.00413556 0.00879603 0.00048087
 0.0293401  0.06334575 0.0642628  0.02605745 0.01871892 0.01038027
 0.04843169 0.00762642 0.00099171 0.01536877 0.00183001 0.01464773
 0.04112891 0.0284986  0.01730407 0.00357062 0.03567686 0.0257816
 0.01342118 0.02377136 0.02147391 0.02605955]
[0.00633002 0.00202769 0.00412127 0.06577453 0.01751522 0.04813099
 0.06300644 0.05938528 0.0121636  0.00915306 0.03225644 0.04320254
 0.04993258 0.07038191 0.03349691 0.01941849 0.00701336 0.00189
 0.02277377 0.01558932 0.00311483 0.00094521 0.00058485 0.00446515
 0.02260024 0.03141438 0.03762629 0.00272879 0.05437287 0.04606572
 0.04386384 0.01434962 0.0176878  0.00705824]
[0.00623247 0.0354799  0.01781147 0.02829333 0.01760706 0.00167942
 0.07655088 0.05333132 0.03429842 0.00378218 0.05639628 0.01876187
 0.04049125 0.05507849 0.03431524 0.00162348 0.00901164 0.01647907
 0.00395626 0.0041121  0.00390557 0.00921402 0.0051161  0.00411111
 0.00191587 0.05412986 0.06558811 0.03551452 0.07331919 0.03424957
 0.06041289 0.01570636 0.01134294 0.02420251]
[0.00375819 0.03864206 0.00505301 0.05956029 0.05080356 0.019369
 0.04883305 0.04483239 0.04399025 0.00546879 0.01174626 0.05600663
 0.05780659 0.01735029 0.01207309 0.00996305 0.03947693 0.01232722
 0.0073178  0.00542833 0.00596515 0.0064185  0.00260493 0.00669356
 0.01475859 0.05329886 0.03853499 0.0285797  0.06977802 0.01655719
 0.01268427 0.00653941 0.01898074 0.03327774]
[0.00597728 0.00510944 0.00024138 0.02509726 0.02297016 0.05127063
 0.0670648  0.03299962 0.04350198 0.01234703 0.01248564 0.07091145
 0.05292852 0.02059604 0.02008813 0.01018426 0.00331969 0.03801491
 0.03660923 0.01369019 0.0100313  0.01432041 0.00107143 0.00344884
 0.04762581 0.0641577  0.04085232 0.00501725 0.07573256 0.02017488
 0.05086018 0.02113009 0.02498612 0.04178772]
[0.00797259 0.00703759 0.00672379 0.05876921 0.01125542 0.04962587
 0.01486969 0.01724646 0.02099235 0.00680233 0.00897342 0.085074
 0.06323553 0.06050018 0.04347865 0.00229589 0.03762955 0.00313893
 0.08163599 0.01798032 0.00987721 0.0167916  0.00433747 0.00671588
 0.04463479 0.06593838 0.001915   0.02632117 0.08701097 0.01691429
 0.0074701  0.0058873  0.0154594  0.07876677]
[0.00132686 0.04564278 0.00572756 0.00157626 0.01880339 0.06685761
 0.03942659 0.00356976 0.05249556 0.01112462 0.02206498 0.12959694
 0.01868157 0.03186837 0.00308807 0.02047901 0.02024243 0.03302439
 0.04010147 0.02782108 0.00802205 0.0008494  0.003693   0.01512223
 0.05674634 0.04733872 0.02291249 0.06832012 0.03718599 0.00092026
 0.03328523 0.03039453 0.0328965  0.04734274]
[0.00464511 0.01854635 0.01432991 0.02359227 0.05643243 0.06397766
 0.04212577 0.01456496 0.05407257 0.0032947  0.00976124 0.02381542
 0.05911059 0.02626888 0.02370048 0.01833456 0.01747333 0.01751731
 0.03490801 0.01604072 0.00428821 0.0021022  0.00207514 0.00732996
 0.00856025 0.05985447 0.05326832 0.01843684 0.00494331 0.00396938
 0.03160448 0.02740643 0.00877684 0.0486659 ]
[0.00286143 0.03191774 0.0170576  0.01614582 0.01507744 0.03646169
 0.05971579 0.04950818 0.06021277 0.00732335 0.03618707 0.03359815
 0.06523935 0.02875091 0.02957078 0.01146726 0.0525567  0.04323755
 0.04336351 0.00425663 0.00166519 0.00310374 0.00435926 0.01282168
 0.06292891 0.01134769 0.00026074 0.03668219 0.04464504 0.02704328
 0.07558603 0.01706908 0.01467527 0.01736388]
[0.00774013 0.07117527 0.01806917 0.02507781 0.05989229 0.00872002
 0.06046339 0.00636778 0.02131438 0.01344535 0.02620879 0.05098538
 0.03701417 0.00607771 0.02887153 0.02122343 0.03637768 0.01600222
 0.0723744  0.01746623 0.0007719  0.00968071 0.00354005 0.01718461
 0.08597548 0.00645133 0.01041512 0.07441746 0.02432425 0.00612561
 0.0017342  0.03292049 0.03968974 0.06056521]
[0.00350324 0.01134857 0.01180435 0.05229027 0.03711658 0.04222369
 0.08420471 0.00030316 0.05222585 0.00521905 0.03627533 0.05896123
 0.04770218 0.04014397 0.02354493 0.02595051 0.0365891  0.00743206
 0.05293347 0.01632425 0.00851559 0.009931   0.00258593 0.00907346
 0.00580493 0.05800968 0.04233371 0.0186701  0.02896353 0.04014836
 0.03910897 0.02839401 0.01392256 0.03142422]
[0.00104937 0.02852553 0.00844582 0.07230115 0.0809148  0.01315083
 0.05330145 0.01876261 0.00333965 0.01289152 0.00927684 0.00917118
 0.06905942 0.01764987 0.02251797 0.03237667 0.04384189 0.00328915
 0.03016562 0.00679929 0.00784655 0.00981657 0.00027147 0.01778439
 0.05764245 0.03308477 0.01215155 0.03969974 0.0603084  0.03278719
 0.05394999 0.01743597 0.02954002 0.08837864]
