[0.00020554 0.01783142 0.01431072 0.00642976 0.00564584 0.00816614
 0.04852547 0.04017933 0.05206063 0.00279581 0.04938683 0.07978642
 0.02760651 0.04873388 0.04176708 0.02030615 0.0102606  0.00920677
 0.01764608 0.01175489 0.00254198 0.00558618 0.0009503  0.00725684
 0.04347255 0.04632139 0.06728749 0.00821358 0.0476606  0.03050208
 0.0209068  0.01849146 0.0126808  0.00310649]
[0.00020554 0.01783142 0.01431072 0.00642976 0.00564584 0.00816614
 0.04852547 0.04017933 0.05206063 0.00279581 0.04938683 0.07978642
 0.02760651 0.04873388 0.04176708 0.02030615 0.0102606  0.00920677
 0.01764608 0.01175489 0.00254198 0.00558618 0.0009503  0.00725684
 0.04347255 0.04632139 0.06728749 0.00821358 0.0476606  0.03050208
 0.0209068  0.01849146 0.0126808  0.00310649]
[0.00413129 0.04038898 0.01321451 0.00142295 0.05300068 0.03244631
 0.00277508 0.03356708 0.01823224 0.00806148 0.00267789 0.06815126
 0.04626965 0.03551751 0.04235275 0.01373529 0.04599923 0.02080499
 0.02552913 0.01256404 0.00735333 0.01261235 0.00388898 0.01202384
 0.04869178 0.02645921 0.0515778  0.02265694 0.07077488 0.03484768
 0.03578123 0.01564602 0.02506183 0.00626386]
[0.00413129 0.04038898 0.01321451 0.00142295 0.05300068 0.03244631
 0.00277508 0.03356708 0.01823224 0.00806148 0.00267789 0.06815126
 0.04626965 0.03551751 0.04235275 0.01373529 0.04599923 0.02080499
 0.02552913 0.01256404 0.00735333 0.01261235 0.00388898 0.01202384
 0.04869178 0.02645921 0.0515778  0.02265694 0.07077488 0.03484768
 0.03578123 0.01564602 0.02506183 0.00626386]
[0.00222597 0.03901611 0.00178996 0.0377334  0.02818367 0.02642474
 0.01224804 0.02512129 0.03311536 0.00594547 0.02674903 0.00819361
 0.05010205 0.0496715  0.0408311  0.01670373 0.03138033 0.03103435
 0.03967454 0.00322173 0.00180778 0.01033607 0.00021879 0.0090645
 0.03363222 0.03197298 0.00778857 0.02769895 0.00298045 0.01500024
 0.01221623 0.01379334 0.0293732  0.00336781]
[0.00222597 0.03901611 0.00178996 0.0377334  0.02818367 0.02642474
 0.01224804 0.02512129 0.03311536 0.00594547 0.02674903 0.00819361
 0.05010205 0.0496715  0.0408311  0.01670373 0.03138033 0.03103435
 0.03967454 0.00322173 0.00180778 0.01033607 0.00021879 0.0090645
 0.03363222 0.03197298 0.00778857 0.02769895 0.00298045 0.01500024
 0.01221623 0.01379334 0.0293732  0.00336781]
[0.00222597 0.03901611 0.00178996 0.0377334  0.02818367 0.02642474
 0.01224804 0.02512129 0.03311536 0.00594547 0.02674903 0.00819361
 0.05010205 0.0496715  0.0408311  0.01670373 0.03138033 0.03103435
 0.03967454 0.00322173 0.00180778 0.01033607 0.00021879 0.0090645
 0.03363222 0.03197298 0.00778857 0.02769895 0.00298045 0.01500024
 0.01221623 0.01379334 0.0293732  0.00336781]
[0.00222597 0.03901611 0.00178996 0.0377334  0.02818367 0.02642474
 0.01224804 0.02512129 0.03311536 0.00594547 0.02674903 0.00819361
 0.05010205 0.0496715  0.0408311  0.01670373 0.03138033 0.03103435
 0.03967454 0.00322173 0.00180778 0.01033607 0.00021879 0.0090645
 0.03363222 0.03197298 0.00778857 0.02769895 0.00298045 0.01500024
 0.01221623 0.01379334 0.0293732  0.00336781]
[0.00222597 0.03901611 0.00178996 0.0377334  0.02818367 0.02642474
 0.01224804 0.02512129 0.03311536 0.00594547 0.02674903 0.00819361
 0.05010205 0.0496715  0.0408311  0.01670373 0.03138033 0.03103435
 0.03967454 0.00322173 0.00180778 0.01033607 0.00021879 0.0090645
 0.03363222 0.03197298 0.00778857 0.02769895 0.00298045 0.01500024
 0.01221623 0.01379334 0.0293732  0.00336781]
[0.00222597 0.03901611 0.00178996 0.0377334  0.02818367 0.02642474
 0.01224804 0.02512129 0.03311536 0.00594547 0.02674903 0.00819361
 0.05010205 0.0496715  0.0408311  0.01670373 0.03138033 0.03103435
 0.03967454 0.00322173 0.00180778 0.01033607 0.00021879 0.0090645
 0.03363222 0.03197298 0.00778857 0.02769895 0.00298045 0.01500024
 0.01221623 0.01379334 0.0293732  0.00336781]
[0.00402551 0.05884933 0.01611753 0.00159649 0.02105802 0.04705762
 0.05355922 0.02959154 0.01733202 0.00258717 0.02979144 0.0374435
 0.0023327  0.04281238 0.01934263 0.02325019 0.0053924  0.01418086
 0.02867257 0.0174883  0.00227823 0.00421443 0.00067944 0.00118211
 0.05814686 0.05381499 0.03466728 0.01785879 0.04622184 0.0551329
 0.01230772 0.02222533 0.01566868 0.02634971]
[0.00424127 0.06291682 0.00034263 0.00348822 0.02907213 0.02460365
 0.06615243 0.03209204 0.01964533 0.00994103 0.02417967 0.06051889
 0.02283768 0.05437806 0.05301527 0.01512135 0.03045261 0.03811752
 0.04907274 0.01378444 0.00155833 0.00707343 0.00057358 0.00583805
 0.03830485 0.00728725 0.01903881 0.01807875 0.01486095 0.045388
 0.00064058 0.00678253 0.03058869 0.02439871]
[0.00711967 0.03572101 0.02227585 0.05683731 0.06137814 0.03300721
 0.00720417 0.05950144 0.01023449 0.01457573 0.0487523  0.04382466
 0.02734853 0.07744658 0.03072037 0.00051572 0.02340813 0.02221809
 0.06718906 0.00500809 0.00235123 0.00894255 0.00722968 0.01125624
 0.04471817 0.01890682 0.04471006 0.03633201 0.0009641  0.00928942
 0.00506897 0.02133334 0.04359925 0.0506859 ]
[0.00048935 0.08456251 0.0239294  0.09862301 0.03434236 0.02547819
 0.0003453  0.05423673 0.04094415 0.01388258 0.02606233 0.00861653
 0.05234804 0.0626627  0.0398921  0.01035932 0.02433656 0.00241476
 0.03136379 0.01401559 0.00854405 0.01829435 0.0012677  0.00106014
 0.04247266 0.06089084 0.02688633 0.01005125 0.02709568 0.03291884
 0.00202728 0.03244931 0.0124305  0.03525837]
[0.00229008 0.01340419 0.01492607 0.02222545 0.00796734 0.02453661
 0.0397655  0.06544199 0.01580091 0.0090769  0.00249906 0.00444123
 0.03891806 0.04146067 0.02618182 0.01982615 0.00951333 0.02566708
 0.03302676 0.00703739 0.00124387 0.00115945 0.00359906 0.00533485
 0.0489672  0.03495661 0.02050994 0.04341664 0.04378747 0.03084537
 0.02881622 0.01498622 0.027366   0.03909005]
[0.00229008 0.01340419 0.01492607 0.02222545 0.00796734 0.02453661
 0.0397655  0.06544199 0.01580091 0.0090769  0.00249906 0.00444123
 0.03891806 0.04146067 0.02618182 0.01982615 0.00951333 0.02566708
 0.03302676 0.00703739 0.00124387 0.00115945 0.00359906 0.00533485
 0.0489672  0.03495661 0.02050994 0.04341664 0.04378747 0.03084537
 0.02881622 0.01498622 0.027366   0.03909005]
[0.00229008 0.01340419 0.01492607 0.02222545 0.00796734 0.02453661
 0.0397655  0.06544199 0.01580091 0.0090769  0.00249906 0.00444123
 0.03891806 0.04146067 0.02618182 0.01982615 0.00951333 0.02566708
 0.03302676 0.00703739 0.00124387 0.00115945 0.00359906 0.00533485
 0.0489672  0.03495661 0.02050994 0.04341664 0.04378747 0.03084537
 0.02881622 0.01498622 0.027366   0.03909005]
[0.00229008 0.01340419 0.01492607 0.02222545 0.00796734 0.02453661
 0.0397655  0.06544199 0.01580091 0.0090769  0.00249906 0.00444123
 0.03891806 0.04146067 0.02618182 0.01982615 0.00951333 0.02566708
 0.03302676 0.00703739 0.00124387 0.00115945 0.00359906 0.00533485
 0.0489672  0.03495661 0.02050994 0.04341664 0.04378747 0.03084537
 0.02881622 0.01498622 0.027366   0.03909005]
[0.00402596 0.05598952 0.01836269 0.01054117 0.03583448 0.04818313
 0.04964536 0.04620455 0.04068755 0.00116041 0.03739415 0.00057469
 0.05434059 0.02313371 0.02275544 0.00774199 0.02877829 0.00904731
 0.01876796 0.00120341 0.01078183 0.0014374  0.00020223 0.00084996
 0.03288089 0.03899047 0.03718142 0.04789814 0.03219385 0.02065321
 0.0249417  0.00780432 0.02734296 0.04584691]
[0.00127259 0.07638085 0.00523634 0.03854677 0.00733225 0.0755119
 0.00601668 0.02864545 0.00258754 0.01233701 0.01153589 0.00450356
 0.06703198 0.05706698 0.0182891  0.00207318 0.04204825 0.04329948
 0.03521655 0.00715461 0.00088943 0.00563284 0.00633121 0.00898426
 0.01899152 0.04985847 0.0104581  0.07633606 0.00889965 0.00025434
 0.04847476 0.01953352 0.03649916 0.05493641]
