[0.00250751 0.03838806 0.00527491 0.00911313 0.00272132 0.00989006
 0.03072971 0.09903599 0.01480093 0.0032318  0.01177044 0.04887405
 0.0153983  0.08518439 0.03174234 0.01538736 0.00643334 0.01009544
 0.03494419 0.01448745 0.00544607 0.01030688 0.00120288 0.01183133
 0.07803251 0.04562698 0.06650068 0.08342823 0.07657933 0.03998794
 0.00219065 0.00903906 0.03967274 0.02837243]
[8.70953464e-03 8.15989083e-02 5.31273839e-03 2.46498554e-02
 3.38915307e-02 4.39543390e-02 7.24611593e-02 1.42668840e-02
 7.22701354e-02 1.99153567e-03 1.68370246e-02 3.00351184e-02
 4.66672836e-02 3.10277559e-02 2.35407582e-02 2.55876261e-02
 5.25602393e-03 5.77673647e-02 2.01748701e-02 6.25445879e-03
 1.21874624e-02 1.58126652e-02 7.08241203e-05 1.06651337e-02
 6.03106557e-03 4.52896335e-02 6.34247919e-02 3.28180646e-03
 6.26730678e-02 3.67255208e-02 6.80257063e-03 7.21993618e-03
 3.90394083e-02 6.78372360e-02]
[0.0009448  0.08949891 0.01424896 0.02884817 0.0134234  0.05238479
 0.06003973 0.02590239 0.04962314 0.00216608 0.03220208 0.07199671
 0.057702   0.06678535 0.0550753  0.01200422 0.04054343 0.00884662
 0.00889162 0.01875467 0.00843952 0.00072243 0.00091798 0.01573139
 0.00889388 0.02156874 0.06698498 0.00541281 0.05436531 0.01086854
 0.03472563 0.01227337 0.04197445 0.00712232]
[0.00641401 0.01425812 0.01011948 0.06070202 0.01392024 0.05907176
 0.05366791 0.02271336 0.03224543 0.00194931 0.00503987 0.04878835
 0.04514546 0.07783592 0.05922047 0.02194442 0.00533478 0.02543767
 0.03275736 0.00811272 0.01089909 0.01051604 0.004166   0.00938164
 0.02703156 0.05599395 0.01043222 0.01493437 0.07457503 0.01547102
 0.06641335 0.0202626  0.03372692 0.04145965]
[9.52425140e-05 2.36182063e-02 2.15501424e-02 8.76343852e-02
 2.08568539e-02 7.04421427e-02 4.29897825e-02 6.68479528e-02
 6.56705176e-02 1.06812858e-02 8.31574059e-03 4.89151317e-02
 3.22008109e-02 6.92879862e-03 4.01419663e-02 1.80918520e-02
 3.31699560e-04 3.70722125e-02 2.41432304e-03 9.67795165e-03
 9.91942511e-03 2.35365827e-03 3.40447905e-03 5.34799887e-03
 6.59844448e-03 7.88335465e-02 6.18890666e-03 6.07733941e-02
 3.83591425e-02 1.65030990e-02 7.80921722e-02 7.27003221e-03
 3.90901609e-02 3.27865468e-02]
[9.52425140e-05 2.36182063e-02 2.15501424e-02 8.76343852e-02
 2.08568539e-02 7.04421427e-02 4.29897825e-02 6.68479528e-02
 6.56705176e-02 1.06812858e-02 8.31574059e-03 4.89151317e-02
 3.22008109e-02 6.92879862e-03 4.01419663e-02 1.80918520e-02
 3.31699560e-04 3.70722125e-02 2.41432304e-03 9.67795165e-03
 9.91942511e-03 2.35365827e-03 3.40447905e-03 5.34799887e-03
 6.59844448e-03 7.88335465e-02 6.18890666e-03 6.07733941e-02
 3.83591425e-02 1.65030990e-02 7.80921722e-02 7.27003221e-03
 3.90901609e-02 3.27865468e-02]
[0.00691792 0.01804691 0.01461599 0.09743182 0.03551736 0.08009096
 0.02173159 0.09184979 0.04785579 0.0047872  0.06199154 0.02153935
 0.02873158 0.02017534 0.04646757 0.02718313 0.05613548 0.00895188
 0.03051246 0.01509342 0.0051959  0.0061348  0.00091402 0.00268326
 0.00564847 0.05118221 0.0044472  0.02949747 0.0546878  0.00947454
 0.01252539 0.00110205 0.02761257 0.05326727]
[0.0050254  0.05511688 0.01302119 0.09216427 0.0073847  0.09579183
 0.0557043  0.03468722 0.0276759  0.01365356 0.02296433 0.06253419
 0.03301693 0.01108618 0.01516021 0.00906617 0.06025307 0.04164216
 0.01668747 0.01778069 0.00256044 0.00073949 0.007492   0.00831411
 0.02025424 0.0023128  0.00992088 0.02094571 0.0348987  0.05617404
 0.0457109  0.02587127 0.03875683 0.03563194]
[0.00848493 0.03517514 0.0101645  0.01682939 0.01855922 0.037117
 0.05714897 0.07527527 0.05457748 0.01664132 0.00589134 0.02605879
 0.00875042 0.04042904 0.02599494 0.00235878 0.02791967 0.04485028
 0.00026736 0.00155081 0.0049764  0.01004998 0.00719537 0.00345144
 0.00328529 0.0455794  0.07518019 0.08272202 0.01023222 0.03753163
 0.06725854 0.0376314  0.04113422 0.05972724]
[0.00255881 0.05935933 0.00646614 0.01523645 0.06940655 0.03357021
 0.02680771 0.04330569 0.06214631 0.00832846 0.03104164 0.00986301
 0.0414634  0.02448676 0.06599891 0.01119852 0.03901498 0.04198503
 0.01853737 0.01499418 0.00046891 0.00960193 0.00292312 0.00402536
 0.02987495 0.0195474  0.09528475 0.03446282 0.03646146 0.03674109
 0.06374031 0.01271391 0.02272116 0.00566336]
[0.00535302 0.07561956 0.00879101 0.04754835 0.02784437 0.06452188
 0.04194552 0.0562983  0.001552   0.01144003 0.03060524 0.04625102
 0.04720506 0.01112994 0.04443988 0.02108859 0.02185174 0.02786684
 0.0497342  0.01247831 0.00320482 0.00691238 0.00267888 0.01127734
 0.05551693 0.03735158 0.02732673 0.00682878 0.00856436 0.04978655
 0.05837467 0.01576781 0.02143594 0.04140841]
[0.00655076 0.03888832 0.00413812 0.02775369 0.06189806 0.01117035
 0.00655168 0.03004266 0.06110911 0.00176429 0.06204849 0.05432278
 0.0728022  0.00739034 0.0178951  0.02890642 0.0286249  0.00898489
 0.09335645 0.00575062 0.01083011 0.0076058  0.00213041 0.01021724
 0.02080111 0.04537669 0.07693933 0.0409829  0.04712896 0.00281646
 0.03261124 0.00604944 0.02252765 0.04403344]
[0.00067123 0.00320715 0.00062258 0.06959021 0.03765586 0.05981649
 0.0596045  0.02536779 0.0350065  0.01175576 0.03813197 0.03690906
 0.03404721 0.05208401 0.04955277 0.01875608 0.02049102 0.01322741
 0.07790652 0.0020874  0.00254279 0.01775284 0.00215011 0.00904665
 0.00850587 0.020465   0.10130056 0.00263273 0.006687   0.05019638
 0.00732866 0.02678292 0.01683697 0.08128002]
[0.00767631 0.00965418 0.01583937 0.06563386 0.01354495 0.062404
 0.09127908 0.02246626 0.01231554 0.00545239 0.06884163 0.01523445
 0.03030977 0.07973267 0.01109059 0.01539681 0.04341467 0.03459925
 0.05942976 0.01173804 0.01240671 0.01143111 0.00132404 0.01315455
 0.00815984 0.01242587 0.09573484 0.00836028 0.05834148 0.00030853
 0.0384565  0.01518306 0.00519736 0.04346222]
[0.00151637 0.01665429 0.01570404 0.05194074 0.03621825 0.06702426
 0.05181322 0.04571861 0.01282142 0.00133956 0.06538629 0.05148299
 0.01215134 0.00693166 0.00712039 0.0198548  0.01258719 0.01600408
 0.05702024 0.01089912 0.00029533 0.00820734 0.002583   0.00114326
 0.03411613 0.01662782 0.06148301 0.00487123 0.06081033 0.02262826
 0.04970849 0.0263526  0.02025746 0.05327572]
[0.00151637 0.01665429 0.01570404 0.05194074 0.03621825 0.06702426
 0.05181322 0.04571861 0.01282142 0.00133956 0.06538629 0.05148299
 0.01215134 0.00693166 0.00712039 0.0198548  0.01258719 0.01600408
 0.05702024 0.01089912 0.00029533 0.00820734 0.002583   0.00114326
 0.03411613 0.01662782 0.06148301 0.00487123 0.06081033 0.02262826
 0.04970849 0.0263526  0.02025746 0.05327572]
[0.00539507 0.0145129  0.00783616 0.02228333 0.00879656 0.01051615
 0.06277752 0.04631789 0.00553675 0.00497873 0.01081924 0.06133744
 0.00779643 0.03197342 0.03113382 0.01483008 0.01726623 0.02580742
 0.0393041  0.01005445 0.00795851 0.007938   0.00359408 0.00875616
 0.03703689 0.0345985  0.05657563 0.00409007 0.02432389 0.02910102
 0.0163565  0.00756853 0.00598043 0.04805863]
[2.94369840e-03 3.68490978e-02 4.73434235e-06 4.52219507e-03
 1.34249782e-02 2.36709631e-02 1.49164221e-02 4.61350814e-02
 4.62837210e-02 2.13378200e-03 3.21703727e-02 3.20977622e-02
 4.06534397e-02 3.54713289e-02 6.29625524e-02 1.66406053e-04
 2.36652006e-03 3.92925324e-02 5.86283503e-02 2.81349538e-03
 1.98574525e-03 9.78164388e-04 6.08296309e-03 3.11292348e-03
 5.93833518e-02 6.34547046e-02 5.66456960e-02 2.30012181e-02
 5.19551590e-02 4.33494212e-02 4.10613606e-02 1.86465615e-03
 2.27844733e-02 2.50482463e-02]
[0.00106912 0.04406712 0.00618482 0.04409592 0.02691393 0.03705303
 0.05195357 0.07656042 0.05693732 0.00266131 0.01056814 0.01961663
 0.00674656 0.05709672 0.00273217 0.01054521 0.05378833 0.00382198
 0.01935737 0.01195407 0.00583029 0.0029643  0.00161154 0.0020868
 0.03713861 0.02119884 0.07533771 0.00161924 0.02941437 0.04732285
 0.04176091 0.01216089 0.02784512 0.05308626]
[0.00210837 0.05134439 0.01285249 0.02660612 0.04234124 0.04073271
 0.01055141 0.0778943  0.00079394 0.00399297 0.04716315 0.01351361
 0.02484027 0.02852071 0.03994778 0.00056793 0.0019092  0.02981068
 0.03409886 0.0121878  0.0058228  0.00586128 0.00163169 0.0119972
 0.05646132 0.01308933 0.02079313 0.01057536 0.05322748 0.06234443
 0.01180098 0.02531763 0.00873077 0.05300195]
