[0.00343091 0.00651552 0.00499713 0.01891121 0.01786121 0.01980519
 0.01449713 0.0108542  0.05254159 0.0094515  0.000178   0.06626962
 0.03951469 0.10017897 0.05614593 0.00771738 0.05564922 0.01472034
 0.03578533 0.00757884 0.00902226 0.01467519 0.00012637 0.00062478
 0.00901508 0.00352146 0.02541065 0.07062943 0.02299262 0.07241118
 0.06451284 0.0071687  0.04601319 0.03584554]
[0.00343091 0.00651552 0.00499713 0.01891121 0.01786121 0.01980519
 0.01449713 0.0108542  0.05254159 0.0094515  0.000178   0.06626962
 0.03951469 0.10017897 0.05614593 0.00771738 0.05564922 0.01472034
 0.03578533 0.00757884 0.00902226 0.01467519 0.00012637 0.00062478
 0.00901508 0.00352146 0.02541065 0.07062943 0.02299262 0.07241118
 0.06451284 0.0071687  0.04601319 0.03584554]
[0.00422145 0.0197976  0.01597516 0.04911351 0.05116475 0.01387384
 0.02280842 0.0129741  0.03832169 0.00219502 0.0015762  0.06577938
 0.02842035 0.01991324 0.05969087 0.00923503 0.04684177 0.02484445
 0.04967158 0.00631774 0.00413242 0.0075     0.00535247 0.0044843
 0.00116256 0.0271602  0.03359734 0.0764915  0.0536893  0.02214239
 0.07042517 0.00338693 0.0291067  0.06080411]
[0.00260074 0.06062906 0.00675602 0.03602758 0.04235064 0.05731885
 0.0544971  0.03812449 0.05507988 0.00441672 0.0129074  0.00448647
 0.00558717 0.04055513 0.01118549 0.02742275 0.03008334 0.0051105
 0.03986739 0.00981512 0.01139601 0.0002266  0.00581343 0.01566049
 0.03791645 0.03819821 0.05996117 0.0282478  0.03089207 0.04370526
 0.05693916 0.02364143 0.01691405 0.028272  ]
[0.00084803 0.0127499  0.01608769 0.03394757 0.0540305  0.02884041
 0.06989295 0.02417272 0.00847547 0.00017742 0.05205564 0.00963639
 0.02892926 0.05552111 0.0320606  0.01369911 0.02620871 0.03561971
 0.02827638 0.01542648 0.00487988 0.01191976 0.00178065 0.00429067
 0.00604286 0.01955862 0.03575102 0.05811682 0.02486792 0.0663698
 0.02715259 0.00835615 0.01373885 0.02386519]
[0.00151139 0.01688472 0.01253435 0.06234804 0.04015951 0.05931987
 0.06668962 0.07627833 0.0030372  0.00953956 0.00827635 0.02038479
 0.01791858 0.05233642 0.05272168 0.01809625 0.01286902 0.03443603
 0.05885167 0.02274236 0.00293807 0.00549145 0.00492321 0.00563436
 0.05055868 0.05762041 0.00407085 0.00137826 0.02073048 0.00137759
 0.06957316 0.0066551  0.046757   0.05148541]
[0.00352107 0.02332876 0.01671143 0.0470617  0.02319599 0.06937772
 0.06861334 0.07276062 0.0313943  0.00811368 0.01064976 0.058636
 0.00988925 0.06160805 0.03579628 0.00065964 0.02231378 0.04171729
 0.06068835 0.00768461 0.00454839 0.00780397 0.00415197 0.01251994
 0.01669599 0.02509795 0.03893643 0.0095957  0.05496631 0.02809929
 0.05325249 0.01337207 0.00847698 0.03567663]
[0.00271572 0.00332721 0.01420537 0.02419943 0.0638885  0.05930767
 0.01153369 0.05045372 0.03847375 0.00707974 0.05161606 0.00335015
 0.05620609 0.05182704 0.07785554 0.00162117 0.0226209  0.01469016
 0.03737588 0.02307063 0.014278   0.01639651 0.00238467 0.00575416
 0.02544874 0.05766178 0.04806581 0.04890036 0.01723998 0.00950082
 0.02385331 0.00808196 0.03142922 0.06389177]
[0.00951197 0.07086077 0.00528821 0.00768428 0.02988332 0.00885647
 0.05002887 0.06180241 0.02142448 0.0019185  0.09769889 0.06252149
 0.03442822 0.0068681  0.03554032 0.02049133 0.05980842 0.02410293
 0.03116888 0.02303474 0.0019584  0.00696516 0.00136673 0.00845968
 0.0278527  0.02575527 0.03463879 0.02062009 0.02225465 0.00071469
 0.04945552 0.01446882 0.03056283 0.05219566]
[0.00882468 0.02959359 0.02669806 0.00423141 0.03413283 0.02537719
 0.00759105 0.03203354 0.04831749 0.01699521 0.07760275 0.01344075
 0.00914005 0.04732953 0.02584872 0.01195475 0.02794123 0.04403062
 0.08352249 0.01035578 0.01102256 0.00541829 0.0004901  0.01208207
 0.03123642 0.05276789 0.01196397 0.00655804 0.00637084 0.03685079
 0.02587852 0.00600642 0.0313733  0.10253633]
[0.00882468 0.02959359 0.02669806 0.00423141 0.03413283 0.02537719
 0.00759105 0.03203354 0.04831749 0.01699521 0.07760275 0.01344075
 0.00914005 0.04732953 0.02584872 0.01195475 0.02794123 0.04403062
 0.08352249 0.01035578 0.01102256 0.00541829 0.0004901  0.01208207
 0.03123642 0.05276789 0.01196397 0.00655804 0.00637084 0.03685079
 0.02587852 0.00600642 0.0313733  0.10253633]
[0.00882468 0.02959359 0.02669806 0.00423141 0.03413283 0.02537719
 0.00759105 0.03203354 0.04831749 0.01699521 0.07760275 0.01344075
 0.00914005 0.04732953 0.02584872 0.01195475 0.02794123 0.04403062
 0.08352249 0.01035578 0.01102256 0.00541829 0.0004901  0.01208207
 0.03123642 0.05276789 0.01196397 0.00655804 0.00637084 0.03685079
 0.02587852 0.00600642 0.0313733  0.10253633]
[0.00588543 0.0659393  0.01545696 0.01622861 0.06373098 0.02570779
 0.03361807 0.01932387 0.03278346 0.00621246 0.03843656 0.05528695
 0.02378396 0.06086683 0.0329203  0.00922328 0.01393673 0.00245539
 0.0581219  0.00850558 0.00800651 0.01287832 0.00449113 0.00069958
 0.04170121 0.04638502 0.05568425 0.03702821 0.05322236 0.01493346
 0.04477213 0.01041875 0.02988859 0.00424353]
[0.00441762 0.02187271 0.00892857 0.00582432 0.01958047 0.04576277
 0.04455634 0.04389257 0.01971535 0.00947091 0.03299432 0.04097255
 0.023644   0.06169821 0.0252945  0.02224486 0.04009636 0.01545154
 0.063506   0.0140495  0.00683853 0.00331646 0.00521043 0.00720223
 0.05219165 0.0091771  0.04964025 0.06166276 0.03601679 0.04026511
 0.05226005 0.01892157 0.0201728  0.00504565]
[0.00397952 0.04026168 0.00967904 0.03153977 0.04130599 0.03021074
 0.02526464 0.01589283 0.02592574 0.01067166 0.05932092 0.02865497
 0.03135415 0.05910098 0.04858273 0.0025103  0.01253602 0.02980723
 0.03442333 0.01266517 0.00937053 0.0116602  0.00158021 0.01364178
 0.05808146 0.03517481 0.03362353 0.007702   0.00879256 0.0475169
 0.06329402 0.0163165  0.00478944 0.01226053]
[0.0043365  0.07332835 0.00068125 0.01567992 0.00311014 0.03642619
 0.04437075 0.04114383 0.00795432 0.00132391 0.01883565 0.05908203
 0.04070707 0.05519481 0.06523923 0.02321278 0.0506454  0.020945
 0.04476858 0.01641737 0.00771223 0.01142579 0.00533542 0.01184918
 0.01443473 0.00329896 0.04466541 0.01522332 0.02726109 0.03522045
 0.08276038 0.00071645 0.03566516 0.01954592]
[0.00172899 0.06418803 0.00615753 0.05014372 0.00853329 0.02936621
 0.01543048 0.04191763 0.05070117 0.0032735  0.04332178 0.05620879
 0.01047727 0.04410122 0.02183219 0.00455343 0.00446224 0.02314799
 0.04292507 0.00495128 0.00550161 0.00696342 0.00099461 0.01199687
 0.0356908  0.03905723 0.05431987 0.04961414 0.02659333 0.04519346
 0.04161614 0.01000499 0.00784926 0.01891938]
[0.00459139 0.01156198 0.00679065 0.05571055 0.03272606 0.01233629
 0.00747253 0.0001986  0.03435873 0.00517461 0.04745018 0.03813982
 0.04722171 0.04770983 0.02398934 0.0065351  0.04257885 0.02629743
 0.04547866 0.01584008 0.00510684 0.0047854  0.0033738  0.00607559
 0.01430576 0.02618849 0.00502976 0.06141018 0.03723635 0.04313024
 0.04826128 0.01730267 0.00738826 0.0054003 ]
[0.00459139 0.01156198 0.00679065 0.05571055 0.03272606 0.01233629
 0.00747253 0.0001986  0.03435873 0.00517461 0.04745018 0.03813982
 0.04722171 0.04770983 0.02398934 0.0065351  0.04257885 0.02629743
 0.04547866 0.01584008 0.00510684 0.0047854  0.0033738  0.00607559
 0.01430576 0.02618849 0.00502976 0.06141018 0.03723635 0.04313024
 0.04826128 0.01730267 0.00738826 0.0054003 ]
[0.00391701 0.06119043 0.00662932 0.04501491 0.00870096 0.04450736
 0.01060405 0.04676054 0.01542386 0.01477    0.06367206 0.00117205
 0.08208499 0.00552135 0.00977686 0.03078471 0.02662137 0.02868605
 0.0475969  0.01080232 0.00738108 0.00938276 0.0073866  0.0094414
 0.0293549  0.01922587 0.01265275 0.08807693 0.06257735 0.04839785
 0.03018001 0.00129456 0.00057203 0.05999728]
