[0.00336396 0.01155647 0.01209963 0.00368997 0.00742378 0.04363777
 0.03319999 0.03082821 0.04909474 0.01515373 0.07983772 0.01429122
 0.05414594 0.07248143 0.03651862 0.00158142 0.0075383  0.027592
 0.07857272 0.00118905 0.01008737 0.00623614 0.00730229 0.01086333
 0.01933958 0.00387102 0.0299676  0.0743793  0.0962456  0.06307315
 0.02922548 0.02696309 0.03248813 0.00476807]
[0.00449322 0.05237332 0.01993733 0.02122711 0.04333461 0.05091277
 0.04705589 0.02412551 0.02696155 0.00075067 0.0758621  0.05780231
 0.00976562 0.0604244  0.03408791 0.00608077 0.03159285 0.04089456
 0.0343109  0.01665542 0.00016475 0.01374212 0.0063878  0.00924031
 0.00376352 0.04815273 0.00391214 0.03824906 0.04033637 0.05317327
 0.06159092 0.02750819 0.0040392  0.03052734]
[0.00518652 0.06316542 0.02365235 0.04984154 0.01960006 0.05193582
 0.00263348 0.04601951 0.01124023 0.01202087 0.02438168 0.02154987
 0.05606895 0.06143757 0.0684385  0.02590091 0.05328894 0.02591474
 0.00956548 0.01821924 0.00873173 0.0017113  0.00116822 0.01499261
 0.01713968 0.05993718 0.04154974 0.01328168 0.03333879 0.05411884
 0.01354099 0.01311075 0.00921606 0.06808814]
[0.00247854 0.0487555  0.00406175 0.04147763 0.04231061 0.01158134
 0.04583286 0.03789765 0.05870387 0.0082883  0.03181503 0.031355
 0.08864694 0.04234281 0.01181235 0.01463504 0.01519604 0.03227344
 0.04297058 0.022854   0.00500798 0.00496458 0.00733143 0.00867268
 0.01066562 0.03937153 0.0186409  0.00546474 0.0155277  0.04563786
 0.01175614 0.00794035 0.01048892 0.04093005]
[0.00010625 0.04297564 0.01965909 0.02782951 0.009847   0.04692342
 0.06245443 0.00982832 0.03811018 0.00554711 0.04947315 0.05611273
 0.0295771  0.06934089 0.04358218 0.00027977 0.0272919  0.03573612
 0.05030942 0.0060722  0.00696497 0.00735243 0.00432812 0.00113753
 0.02844875 0.04653624 0.02467143 0.01800299 0.01659372 0.04606477
 0.04848588 0.00941156 0.0072071  0.00266373]
[0.00023849 0.02164997 0.00320482 0.02075257 0.04059798 0.06613741
 0.06953361 0.02691704 0.03688325 0.00500599 0.05250019 0.04438561
 0.01835944 0.01811764 0.00038935 0.00344955 0.04022565 0.01268864
 0.0558807  0.01342054 0.00633002 0.01132042 0.000304   0.00346341
 0.0149597  0.00949219 0.01938817 0.04954847 0.05241316 0.0559717
 0.05606517 0.01180286 0.02643982 0.04348528]
[0.0026405  0.01199375 0.00399634 0.02601104 0.05912716 0.01411531
 0.06726639 0.03113412 0.02086982 0.01235609 0.01732715 0.04254085
 0.02301544 0.03759212 0.04013421 0.01698934 0.00354192 0.04256396
 0.06626776 0.01696893 0.0105608  0.00018386 0.00055619 0.00972834
 0.00729412 0.04861673 0.05509581 0.02234489 0.04590984 0.01065912
 0.05912137 0.02909272 0.04024149 0.01843538]
[0.00586461 0.04131692 0.013622   0.03719288 0.02296565 0.02712579
 0.07219058 0.04747267 0.03651494 0.01193451 0.03639683 0.05969873
 0.00356112 0.05809029 0.02781501 0.0194426  0.03570978 0.01748118
 0.03651264 0.01181468 0.0034569  0.01239929 0.00137571 0.00250777
 0.0005923  0.06697285 0.06449937 0.03836543 0.01518891 0.00895633
 0.04357025 0.02344387 0.02390052 0.01117061]
[0.0046687  0.00854962 0.01823694 0.07287969 0.0491521  0.02162931
 0.02857298 0.05396997 0.01877623 0.00577712 0.03047165 0.05325387
 0.04531976 0.05410319 0.05825742 0.02444135 0.013606   0.03683753
 0.01000029 0.00891773 0.00012594 0.00477978 0.00029766 0.01054223
 0.0006542  0.02567976 0.02168753 0.05425547 0.03872399 0.02024429
 0.00780448 0.01153486 0.02695598 0.04659012]
[0.00608751 0.05915982 0.0038512  0.02615861 0.04081643 0.00165714
 0.07106816 0.03355185 0.02072651 0.01485164 0.05921532 0.02724963
 0.00578584 0.03251296 0.06985308 0.02518464 0.06038316 0.00661084
 0.05856199 0.01883166 0.00848009 0.01180645 0.0028986  0.01127577
 0.05976256 0.04376615 0.03632576 0.02848857 0.00779856 0.01017208
 0.01993287 0.00387271 0.00017383 0.00557859]
[2.07993097e-03 5.67541854e-02 7.77391605e-05 7.75076371e-03
 4.27874630e-02 4.27240939e-02 1.93298625e-02 1.35911175e-02
 2.48832272e-02 2.45049836e-03 4.68127386e-02 5.47926972e-02
 4.32418515e-02 4.52437348e-02 1.72304211e-02 2.35492299e-03
 6.65898488e-03 2.54325262e-02 3.05993543e-02 1.26474424e-02
 9.55319319e-03 5.29874247e-03 3.61913667e-03 1.19906361e-03
 5.89678677e-02 3.00728729e-02 4.80083792e-02 3.12866215e-03
 3.22034078e-02 2.01915820e-02 1.65924176e-02 8.76889827e-03
 3.28881608e-02 6.27229975e-03]
[2.07993097e-03 5.67541854e-02 7.77391605e-05 7.75076371e-03
 4.27874630e-02 4.27240939e-02 1.93298625e-02 1.35911175e-02
 2.48832272e-02 2.45049836e-03 4.68127386e-02 5.47926972e-02
 4.32418515e-02 4.52437348e-02 1.72304211e-02 2.35492299e-03
 6.65898488e-03 2.54325262e-02 3.05993543e-02 1.26474424e-02
 9.55319319e-03 5.29874247e-03 3.61913667e-03 1.19906361e-03
 5.89678677e-02 3.00728729e-02 4.80083792e-02 3.12866215e-03
 3.22034078e-02 2.01915820e-02 1.65924176e-02 8.76889827e-03
 3.28881608e-02 6.27229975e-03]
[0.00356554 0.02408315 0.02629353 0.04232159 0.01272732 0.07273203
 0.00111797 0.01851774 0.00800064 0.00757083 0.05105646 0.00727528
 0.00813798 0.07258857 0.03667864 0.01919513 0.00259029 0.01608464
 0.00831102 0.01918655 0.01165281 0.0143388  0.00764962 0.00451945
 0.07891014 0.05763129 0.04168955 0.05752674 0.06550019 0.02679059
 0.0559878  0.00583282 0.02476408 0.05207184]
[3.90929996e-03 1.87617804e-02 4.31939513e-03 2.51739960e-02
 3.73020800e-02 2.13430473e-02 4.75599201e-02 6.94193480e-03
 5.90814587e-03 3.98725084e-05 8.24660565e-02 4.05064874e-02
 4.31273011e-02 2.27570141e-02 3.23361695e-02 1.31608115e-02
 1.55052824e-02 3.57218718e-02 1.35504758e-02 2.45923304e-03
 5.52093660e-03 1.80231382e-02 4.56208938e-03 1.38097507e-02
 4.66981915e-02 1.57271717e-02 9.42242347e-02 5.34457407e-03
 4.75179300e-02 5.41519588e-02 7.18449070e-02 3.74813426e-02
 6.29987718e-03 7.42620438e-02]
[0.00516336 0.04028069 0.00372061 0.03492712 0.02443169 0.01603145
 0.02738211 0.04224222 0.03765396 0.00367909 0.02857346 0.05056937
 0.03336831 0.04703612 0.00270131 0.01393702 0.0278329  0.00079849
 0.03598173 0.01294158 0.00408758 0.01178547 0.00089431 0.01206809
 0.06128058 0.00714931 0.01620541 0.03427294 0.05418885 0.05330751
 0.00645742 0.01709769 0.02285269 0.05823053]
[0.00516336 0.04028069 0.00372061 0.03492712 0.02443169 0.01603145
 0.02738211 0.04224222 0.03765396 0.00367909 0.02857346 0.05056937
 0.03336831 0.04703612 0.00270131 0.01393702 0.0278329  0.00079849
 0.03598173 0.01294158 0.00408758 0.01178547 0.00089431 0.01206809
 0.06128058 0.00714931 0.01620541 0.03427294 0.05418885 0.05330751
 0.00645742 0.01709769 0.02285269 0.05823053]
[0.00547848 0.02757338 0.00547316 0.03955169 0.05305489 0.01197473
 0.00243043 0.05819731 0.0243706  0.01334249 0.06704425 0.05734842
 0.05421535 0.01712389 0.02789834 0.01666899 0.00323766 0.0305825
 0.03262591 0.00857902 0.00231488 0.01068478 0.00431042 0.00580094
 0.00802902 0.00845206 0.05494499 0.00560829 0.07212884 0.07447913
 0.05330509 0.01140422 0.01222911 0.04532934]
[0.00547848 0.02757338 0.00547316 0.03955169 0.05305489 0.01197473
 0.00243043 0.05819731 0.0243706  0.01334249 0.06704425 0.05734842
 0.05421535 0.01712389 0.02789834 0.01666899 0.00323766 0.0305825
 0.03262591 0.00857902 0.00231488 0.01068478 0.00431042 0.00580094
 0.00802902 0.00845206 0.05494499 0.00560829 0.07212884 0.07447913
 0.05330509 0.01140422 0.01222911 0.04532934]
[0.00181055 0.03025745 0.00435537 0.01195602 0.04376295 0.04008916
 0.0422597  0.05018864 0.02998352 0.00448815 0.06685973 0.02828805
 0.00018384 0.02800734 0.03555429 0.00140502 0.00617294 0.01021357
 0.04407996 0.00961338 0.00834158 0.00205694 0.00133732 0.0071779
 0.04013809 0.03658448 0.03166246 0.03907288 0.02877924 0.02162771
 0.04721855 0.01741745 0.02587549 0.01658787]
[0.00181055 0.03025745 0.00435537 0.01195602 0.04376295 0.04008916
 0.0422597  0.05018864 0.02998352 0.00448815 0.06685973 0.02828805
 0.00018384 0.02800734 0.03555429 0.00140502 0.00617294 0.01021357
 0.04407996 0.00961338 0.00834158 0.00205694 0.00133732 0.0071779
 0.04013809 0.03658448 0.03166246 0.03907288 0.02877924 0.02162771
 0.04721855 0.01741745 0.02587549 0.01658787]
