[0.00250846 0.04098309 0.00523816 0.0348737  0.02124575 0.05602594
 0.07056855 0.00630647 0.02151704 0.01160425 0.02783083 0.03708736
 0.01408305 0.06010756 0.0282829  0.02118638 0.02385364 0.00587661
 0.04415857 0.01204646 0.00357322 0.00690192 0.00313116 0.00831762
 0.00716697 0.04344644 0.01912156 0.02066646 0.02420336 0.04580149
 0.04222755 0.0003492  0.00358343 0.02917154]
[0.00250846 0.04098309 0.00523816 0.0348737  0.02124575 0.05602594
 0.07056855 0.00630647 0.02151704 0.01160425 0.02783083 0.03708736
 0.01408305 0.06010756 0.0282829  0.02118638 0.02385364 0.00587661
 0.04415857 0.01204646 0.00357322 0.00690192 0.00313116 0.00831762
 0.00716697 0.04344644 0.01912156 0.02066646 0.02420336 0.04580149
 0.04222755 0.0003492  0.00358343 0.02917154]
[0.00239911 0.04832427 0.00251615 0.05621248 0.0445163  0.00405452
 0.07520308 0.01372946 0.01832596 0.00085603 0.02088323 0.03674764
 0.01974771 0.05820775 0.04072355 0.01060932 0.01890112 0.01746799
 0.00401309 0.01510473 0.00881582 0.01240744 0.00530224 0.01291055
 0.02945725 0.0234896  0.03976515 0.00372045 0.04789688 0.06506718
 0.05259859 0.00827338 0.03198809 0.05088086]
[0.00239911 0.04832427 0.00251615 0.05621248 0.0445163  0.00405452
 0.07520308 0.01372946 0.01832596 0.00085603 0.02088323 0.03674764
 0.01974771 0.05820775 0.04072355 0.01060932 0.01890112 0.01746799
 0.00401309 0.01510473 0.00881582 0.01240744 0.00530224 0.01291055
 0.02945725 0.0234896  0.03976515 0.00372045 0.04789688 0.06506718
 0.05259859 0.00827338 0.03198809 0.05088086]
[0.0050425  0.07154298 0.01829191 0.06417726 0.00748513 0.03399717
 0.06520301 0.0374631  0.04851072 0.00809939 0.03746996 0.06459128
 0.03266151 0.01933273 0.01081505 0.01352385 0.00816533 0.0332824
 0.02859754 0.01296498 0.0022443  0.00723892 0.00278488 0.00016172
 0.0372471  0.01005924 0.01670922 0.02176868 0.06506705 0.00881067
 0.05024517 0.00114786 0.02118841 0.05533594]
[0.00383464 0.06689259 0.0084418  0.07600293 0.00510308 0.006529
 0.02638016 0.0520433  0.05296707 0.00133019 0.05358812 0.02152603
 0.01661297 0.05008671 0.04027259 0.00617185 0.02184968 0.00843072
 0.01491169 0.00910978 0.00428498 0.00158874 0.00331654 0.00129893
 0.01978071 0.01462262 0.01493368 0.02246076 0.02096358 0.04841348
 0.04331051 0.00208445 0.03404248 0.05707253]
[0.00485852 0.00177578 0.01437375 0.04778402 0.02626013 0.04168583
 0.05342965 0.00653394 0.02128673 0.00410378 0.01321414 0.03170766
 0.03738316 0.03590691 0.03330865 0.02157756 0.02683812 0.00844078
 0.02859653 0.0084423  0.00018676 0.01171928 0.00052832 0.01057072
 0.02686415 0.03854932 0.04322374 0.0032856  0.02876407 0.05820088
 0.02706658 0.01556412 0.01359344 0.06735968]
[0.00485852 0.00177578 0.01437375 0.04778402 0.02626013 0.04168583
 0.05342965 0.00653394 0.02128673 0.00410378 0.01321414 0.03170766
 0.03738316 0.03590691 0.03330865 0.02157756 0.02683812 0.00844078
 0.02859653 0.0084423  0.00018676 0.01171928 0.00052832 0.01057072
 0.02686415 0.03854932 0.04322374 0.0032856  0.02876407 0.05820088
 0.02706658 0.01556412 0.01359344 0.06735968]
[2.61992193e-03 8.63835360e-03 1.26562774e-02 5.83551400e-02
 1.85469346e-02 3.76810547e-02 1.55146812e-02 5.73573762e-02
 1.11268909e-02 2.68204660e-03 5.99315723e-02 4.94003494e-02
 5.31005145e-02 2.64817524e-02 5.77997003e-02 2.37444092e-02
 5.02643951e-02 4.91305117e-02 1.74736546e-02 2.14593676e-02
 6.21977175e-03 8.08209496e-03 2.18548495e-05 1.84667859e-03
 5.07919640e-03 4.87625086e-02 3.69185841e-02 2.05184652e-02
 2.20042951e-02 3.62568846e-02 6.59442207e-02 2.68081389e-02
 1.95907036e-02 6.63101872e-02]
[0.00453028 0.03261252 0.0201308  0.06645797 0.04136195 0.01872126
 0.07156598 0.01930926 0.01611679 0.00622843 0.00439677 0.03056857
 0.04515088 0.07231942 0.0109894  0.02443376 0.02036776 0.01983835
 0.00616965 0.00534402 0.00716607 0.0070201  0.00122462 0.01653045
 0.02071292 0.018308   0.07522815 0.06358056 0.07526896 0.06322776
 0.02835907 0.03100339 0.00671107 0.04019989]
[0.00088822 0.02829832 0.01172284 0.04626205 0.04772131 0.06960125
 0.05320088 0.02288274 0.00914043 0.01738318 0.03872308 0.07496122
 0.0067205  0.05244559 0.02661781 0.03442972 0.0247589  0.00078049
 0.02848587 0.01836532 0.00158148 0.02006699 0.00633519 0.00115693
 0.02338207 0.06994697 0.07581217 0.01699924 0.00911248 0.05344377
 0.00279736 0.00815988 0.05392229 0.0422293 ]
[0.00242225 0.0197703  0.01144139 0.04887811 0.01894169 0.03859939
 0.04376258 0.06087384 0.03190185 0.00724761 0.06317742 0.00577264
 0.04630175 0.03223513 0.02485514 0.02141122 0.04905538 0.03340104
 0.04844147 0.00931387 0.00631896 0.00152837 0.00406408 0.00869855
 0.00391736 0.08221327 0.02633123 0.03292961 0.01975463 0.00918026
 0.00229568 0.00185214 0.02819052 0.03630103]
[0.00256611 0.04482181 0.00304246 0.04308796 0.01153245 0.03808037
 0.06282301 0.06984866 0.048673   0.01397439 0.00375086 0.00069311
 0.06568482 0.03182185 0.04963316 0.01813455 0.01663443 0.00418509
 0.05052695 0.00379263 0.00558174 0.00772176 0.00323664 0.01293291
 0.04572616 0.03888489 0.04727352 0.04305314 0.01473517 0.04886262
 0.04207867 0.00024768 0.02839679 0.04735224]
[6.16794607e-03 1.62094124e-02 9.13039355e-03 8.52849418e-02
 1.43871949e-02 1.99202688e-02 2.81567953e-02 6.53356470e-02
 6.45339041e-04 1.85886555e-03 1.85706996e-02 7.64622070e-05
 2.27352481e-02 7.23777314e-02 7.31667297e-03 1.91868071e-02
 1.09907641e-02 4.27068099e-03 3.12512281e-02 1.77728580e-03
 5.64905458e-03 8.69178986e-03 1.83980112e-04 1.27742082e-02
 3.30661210e-02 5.19772122e-02 8.53681747e-02 7.50539392e-02
 1.69708845e-02 9.39155828e-02 8.95801461e-02 3.08268057e-02
 4.61158030e-02 2.78678480e-03]
[0.00242594 0.02116587 0.00024067 0.06220742 0.03721167 0.03408564
 0.02266147 0.01538466 0.0030901  0.01049282 0.03956008 0.03932656
 0.05880638 0.04746898 0.03104407 0.01001258 0.03741598 0.01395216
 0.01437212 0.0163658  0.00153174 0.00714651 0.0044604  0.00338745
 0.05261094 0.06891007 0.08187313 0.01803516 0.0002734  0.00794891
 0.03307079 0.02452134 0.03515762 0.04107244]
[0.00449211 0.03334643 0.00319479 0.00650779 0.0244396  0.00775187
 0.05044203 0.05086944 0.05402473 0.01312999 0.0386825  0.03796942
 0.06912019 0.06002489 0.01446387 0.02572788 0.00970028 0.02476574
 0.03174598 0.0008402  0.00841432 0.000894   0.00429442 0.01392088
 0.0245963  0.06865026 0.00282037 0.05144412 0.05191408 0.03995826
 0.04647511 0.02352909 0.00558594 0.04431716]
[0.00449211 0.03334643 0.00319479 0.00650779 0.0244396  0.00775187
 0.05044203 0.05086944 0.05402473 0.01312999 0.0386825  0.03796942
 0.06912019 0.06002489 0.01446387 0.02572788 0.00970028 0.02476574
 0.03174598 0.0008402  0.00841432 0.000894   0.00429442 0.01392088
 0.0245963  0.06865026 0.00282037 0.05144412 0.05191408 0.03995826
 0.04647511 0.02352909 0.00558594 0.04431716]
[6.00649364e-03 2.38318122e-02 1.86097048e-02 1.70198725e-03
 5.71277720e-04 1.07561643e-02 4.32332047e-02 6.49433481e-02
 4.67087334e-02 6.05005183e-03 3.27939826e-02 2.11069211e-03
 6.11974731e-02 4.73774986e-02 2.38474850e-03 8.90017638e-03
 2.32960920e-02 2.09527173e-02 2.57667872e-02 1.16976725e-02
 9.72896686e-03 4.43658990e-03 4.10385483e-05 1.05475899e-02
 2.30984022e-02 3.32298792e-02 6.17076507e-02 2.25792164e-02
 9.19533721e-02 5.11007927e-02 7.02300343e-02 1.47276878e-02
 8.79092583e-03 5.04015459e-02]
[0.00398764 0.00726326 0.01205204 0.00254993 0.03877327 0.0299782
 0.00822623 0.06456696 0.03882067 0.01426787 0.03735013 0.04255469
 0.05289711 0.03443882 0.05174567 0.00188589 0.01181896 0.00403988
 0.04247675 0.01866366 0.00207566 0.00685496 0.00295283 0.00858464
 0.05019275 0.01432749 0.03497331 0.00936425 0.06749914 0.064
 0.04234048 0.00175977 0.02498893 0.06851881]
[0.00326951 0.00603867 0.01084623 0.03172067 0.01615601 0.04012424
 0.02321856 0.02210122 0.05132119 0.00996638 0.06369907 0.0211982
 0.01574465 0.06230575 0.02309527 0.02102085 0.02132551 0.0087861
 0.00202164 0.01504761 0.00142958 0.00537871 0.00158622 0.00196277
 0.04510461 0.02786708 0.06113808 0.01590036 0.05159274 0.06041309
 0.03478042 0.00236875 0.02980836 0.04690062]
