[0.00214564 0.01380363 0.01660605 0.05717768 0.00469769 0.00433625
 0.00496405 0.04939984 0.03179646 0.00584379 0.07847564 0.02828606
 0.04551551 0.0352507  0.00725233 0.01550678 0.03890834 0.03716283
 0.03397028 0.01223106 0.00055779 0.00123975 0.00053823 0.00244315
 0.00836304 0.02389986 0.00035868 0.02066088 0.04507301 0.03892709
 0.05196552 0.01240067 0.03264277 0.01402776]
[0.00079351 0.05855533 0.0115667  0.04684138 0.01667541 0.00062519
 0.05466499 0.0592392  0.02420854 0.00994517 0.06179126 0.0395033
 0.05007856 0.03468915 0.02766771 0.0201452  0.00794277 0.00954063
 0.03383672 0.01371797 0.00065872 0.00432968 0.00323714 0.01501012
 0.00792731 0.01993765 0.02956754 0.01911004 0.05380623 0.00240731
 0.07918867 0.00520224 0.03459579 0.00883517]
[0.00246896 0.02323936 0.00022535 0.00354733 0.053774   0.01963538
 0.0658562  0.02719154 0.04260615 0.00372702 0.00581427 0.01069459
 0.0853634  0.01933283 0.05620565 0.02435101 0.01981026 0.02428731
 0.04398218 0.01697464 0.01218548 0.0160596  0.00389935 0.00524903
 0.01545301 0.00919018 0.00016446 0.01865715 0.02403648 0.01470685
 0.03856825 0.00666908 0.00318212 0.06305661]
[0.00218283 0.04637247 0.01598062 0.04313107 0.00090524 0.01235727
 0.00667407 0.03276913 0.00500424 0.00202873 0.03517121 0.00681823
 0.04824179 0.02854146 0.00475604 0.00949729 0.02093992 0.03287488
 0.0290779  0.01219895 0.0014856  0.00275962 0.00217132 0.01026077
 0.05327634 0.05418572 0.02874752 0.03095363 0.02870158 0.04450415
 0.04422665 0.02250498 0.02521777 0.07661685]
[0.00206667 0.03240119 0.00787552 0.06276935 0.0417883  0.04399716
 0.00766552 0.06688281 0.03368016 0.00134447 0.0318673  0.0434518
 0.00374686 0.02760254 0.01466338 0.02068743 0.05304575 0.02690309
 0.02888944 0.00137236 0.00885876 0.01402118 0.00094755 0.00690489
 0.07381787 0.0447334  0.05540321 0.05321376 0.01606497 0.0043964
 0.02988034 0.02595962 0.01977192 0.00010898]
[0.00131904 0.05185456 0.00083739 0.0453809  0.00596383 0.05085639
 0.03728484 0.08080389 0.01884923 0.00649265 0.06258409 0.04070361
 0.04553864 0.06385622 0.02017583 0.00752077 0.04443243 0.00057374
 0.02561535 0.0174615  0.00605568 0.00791418 0.00522678 0.00535353
 0.07622134 0.00770739 0.03796163 0.00460148 0.01648851 0.03175143
 0.05503598 0.013848   0.03656093 0.02951629]
[0.0017923  0.00757853 0.00712038 0.0423794  0.00838107 0.01504544
 0.03317163 0.08258659 0.03177972 0.00379456 0.04154644 0.0231087
 0.02154453 0.06822222 0.02850151 0.02183466 0.04721967 0.03497576
 0.0334306  0.00597059 0.00509727 0.00248375 0.00359972 0.00465609
 0.05910977 0.00120797 0.00845295 0.01982578 0.01857965 0.03095915
 0.06526382 0.02337586 0.01739528 0.04616289]
[0.0017923  0.00757853 0.00712038 0.0423794  0.00838107 0.01504544
 0.03317163 0.08258659 0.03177972 0.00379456 0.04154644 0.0231087
 0.02154453 0.06822222 0.02850151 0.02183466 0.04721967 0.03497576
 0.0334306  0.00597059 0.00509727 0.00248375 0.00359972 0.00465609
 0.05910977 0.00120797 0.00845295 0.01982578 0.01857965 0.03095915
 0.06526382 0.02337586 0.01739528 0.04616289]
[1.87730124e-03 3.58939296e-02 1.85499462e-02 6.78545735e-02
 1.41921793e-02 3.63347112e-02 7.10858954e-02 2.54601769e-03
 1.69413813e-02 1.45296406e-02 6.92069406e-02 5.81669587e-02
 9.92107073e-03 5.97981033e-02 4.66148354e-02 3.20611345e-03
 1.79301745e-02 2.51263575e-02 2.51175418e-02 1.65167135e-03
 3.49158668e-03 2.81866919e-03 5.61523185e-05 5.65764803e-03
 1.56510056e-02 5.27523957e-02 4.80423015e-02 6.71857083e-03
 9.56467744e-03 2.92738284e-02 5.97977058e-02 7.08695493e-03
 4.83910003e-03 6.07994360e-02]
[0.00510907 0.00387177 0.01072008 0.04471324 0.00639092 0.01595936
 0.07353166 0.04059838 0.00133143 0.01240925 0.07577183 0.0684029
 0.04790433 0.06529047 0.04226466 0.01136948 0.00605795 0.00830076
 0.01937441 0.00013331 0.00212774 0.01472676 0.00459118 0.01083794
 0.02550249 0.04303776 0.01174396 0.03962366 0.01347968 0.00309569
 0.0619097  0.01157047 0.00096515 0.00843579]
[0.00319635 0.0320185  0.01470793 0.00903683 0.0414308  0.01773974
 0.06266702 0.06030031 0.01174194 0.00939832 0.04726153 0.06991427
 0.06280447 0.03258917 0.055167   0.01332128 0.02258326 0.03557976
 0.02047443 0.01618917 0.00304783 0.0018964  0.00087247 0.00379487
 0.02388795 0.00130078 0.03011438 0.02412914 0.03849995 0.00881035
 0.01153062 0.00515176 0.02085384 0.04587371]
[0.00486372 0.0135985  0.01285459 0.0030402  0.00570265 0.03142752
 0.00367975 0.06896127 0.0334149  0.01149373 0.08252105 0.07731191
 0.07996413 0.02101934 0.01749532 0.02615048 0.04998094 0.02641151
 0.02264786 0.00065354 0.00379335 0.00600519 0.00033648 0.00379673
 0.01497323 0.0340367  0.03381368 0.04575061 0.04947997 0.04664027
 0.04718712 0.02799536 0.02808652 0.03580193]
[4.42796150e-03 6.18948423e-03 1.69059753e-02 2.70721294e-02
 1.10506150e-02 3.37038618e-02 3.35815530e-03 1.88034198e-02
 3.05785544e-02 7.56753553e-03 4.81956880e-02 6.98308458e-02
 7.55122027e-02 6.05556268e-02 1.81039014e-02 2.17091075e-02
 5.42816583e-02 4.24711831e-02 2.17676725e-05 1.51653720e-02
 1.09934325e-02 5.12053161e-03 1.53518231e-03 4.11643313e-03
 4.49349870e-02 1.52470970e-02 3.65170037e-02 7.38746140e-02
 7.62079358e-02 2.29381037e-02 4.72082613e-03 2.57646894e-02
 4.51321911e-02 6.66611353e-02]
[0.00683733 0.02306169 0.02247951 0.08136567 0.0001369  0.03680108
 0.00570908 0.06250515 0.02165141 0.00703256 0.0170368  0.03010443
 0.02366875 0.04998686 0.01897325 0.0198329  0.02616069 0.0312783
 0.0225092  0.01359431 0.00935165 0.009377   0.0038357  0.01419084
 0.08199322 0.07054411 0.06242584 0.02840129 0.07356592 0.00102946
 0.03339566 0.0206325  0.03562222 0.03448445]
[0.00166585 0.0492618  0.01293421 0.0312425  0.02479128 0.03265728
 0.01887408 0.02950512 0.03972815 0.00107612 0.05634501 0.01284478
 0.00466343 0.07126938 0.03337329 0.02631737 0.0169944  0.02204182
 0.04446273 0.01533304 0.00605148 0.01501585 0.00491072 0.00670203
 0.00947049 0.08963899 0.07184268 0.00645035 0.08553524 0.03280814
 0.06433871 0.01785219 0.00015927 0.0434588 ]
[0.00157379 0.08149144 0.01522364 0.00928045 0.02324209 0.05175269
 0.01087617 0.00045774 0.02782215 0.01503608 0.06165496 0.03155815
 0.00269905 0.02813817 0.02138038 0.0287367  0.00538383 0.03312965
 0.02567643 0.01886814 0.00450472 0.00472181 0.00057738 0.01302364
 0.03082637 0.07699746 0.07842883 0.02273106 0.08416355 0.04161955
 0.02017316 0.01661438 0.0294332  0.0820817 ]
[0.00642902 0.00022647 0.00972438 0.04825986 0.04496634 0.03444942
 0.04571331 0.04999409 0.02619817 0.00663709 0.00543826 0.03505578
 0.02304764 0.04833466 0.02109621 0.00861355 0.02677124 0.00607421
 0.05925913 0.00862221 0.00186747 0.00464885 0.00018429 0.0102875
 0.05219394 0.0873038  0.07978173 0.04703065 0.04607919 0.07247075
 0.04981147 0.02086164 0.00996329 0.0025682 ]
[0.01018594 0.02856191 0.01795811 0.01682678 0.01979164 0.01564629
 0.08742934 0.04438384 0.07091808 0.01262944 0.04179127 0.01436635
 0.05287085 0.03372236 0.01732987 0.02760188 0.05035035 0.04297132
 0.04567037 0.00799773 0.00674602 0.00330159 0.00633569 0.00119615
 0.07128209 0.0264366  0.01803679 0.04029264 0.07983793 0.0276085
 0.00373905 0.0221516  0.00296831 0.03104371]
[0.00263947 0.027755   0.00880912 0.06164116 0.02884593 0.04958909
 0.00495704 0.04781752 0.06991827 0.0143106  0.05983442 0.0065694
 0.01382313 0.08028364 0.03425678 0.00621155 0.0377091  0.03256395
 0.07474296 0.02225743 0.01261005 0.00303128 0.00340539 0.00046651
 0.04126999 0.01196621 0.00755314 0.03412456 0.02320843 0.05113987
 0.04400036 0.02721236 0.0271045  0.0034828 ]
[0.00591111 0.00463512 0.01243368 0.07661858 0.05009714 0.02006792
 0.02827169 0.02516749 0.05179526 0.00216748 0.05971909 0.01383448
 0.03437193 0.01428709 0.03055691 0.00589186 0.01423446 0.00615956
 0.04941852 0.00057035 0.00360472 0.01485292 0.00035643 0.01140026
 0.06235327 0.04455347 0.05497954 0.07219065 0.05319168 0.01900303
 0.07541648 0.01712702 0.02530888 0.03772207]
