Building DAG of jobs...
Using shell: /usr/bin/bash
Provided cores: 4
Rules claiming more threads will be scaled down.
Job counts:
	count	jobs
	1	run_single_chain
	1
Select jobs to execute...

[Wed Mar  3 10:02:10 2021]
rule run_single_chain:
    input: inter_results/network_c6_s161.nc, inter_results/sigma_s161.csv
    output: inter_results/network_c6_s181.nc
    jobid: 0
    wildcards: chain=6, sample=181
    threads: 4

/home/201403848/anaconda3_new/envs/pypsa-eur/bin/python3.8 /home/201403848/pypsa-mcmc/NOBACKUP/pypsa-eur-mcmc/pypsa-eur-mcmc/.snakemake/scripts/tmp568fb8wc.mh_chain.py
INFO:pypsa.io:Imported network network_c6_s161.nc has buses, carriers, generators, global_constraints, lines, links, loads, storage_units, stores
INFO:numexpr.utils:Note: NumExpr detected 64 cores but "NUMEXPR_MAX_THREADS" not set, so enforcing safe limit of 8.
INFO:pypsa.linopf:Prepare linear problem
INFO:pypsa.linopf:Total preparation time: 43.52s
INFO:pypsa.linopf:Solve linear problem using Gurobi solver
INFO:pypsa.linopf:Optimization successful. Objective value: 1.02e+11
INFO:root:sample accepted
INFO:pypsa.io:Exported network network_c6_s162.nc has lines, loads, carriers, buses, stores, generators, links, global_constraints, storage_units
INFO:pypsa.linopf:Prepare linear problem
INFO:pypsa.linopf:Total preparation time: 40.21s
INFO:pypsa.linopf:Solve linear problem using Gurobi solver
INFO:pypsa.linopf:Optimization successful. Objective value: 1.01e+11
INFO:root:sample accepted
INFO:pypsa.io:Exported network network_c6_s163.nc has lines, loads, carriers, buses, stores, generators, links, global_constraints, storage_units
INFO:pypsa.linopf:Prepare linear problem
INFO:pypsa.linopf:Total preparation time: 35.31s
INFO:pypsa.linopf:Solve linear problem using Gurobi solver
INFO:pypsa.linopf:Optimization successful. Objective value: 1.02e+11
INFO:root:sample accepted
INFO:pypsa.io:Exported network network_c6_s164.nc has lines, loads, carriers, buses, stores, generators, links, global_constraints, storage_units
INFO:pypsa.linopf:Prepare linear problem
INFO:pypsa.linopf:Total preparation time: 24.06s
INFO:pypsa.linopf:Solve linear problem using Gurobi solver
INFO:pypsa.linopf:Optimization successful. Objective value: 9.96e+10
INFO:root:sample accepted
INFO:pypsa.io:Exported network network_c6_s165.nc has lines, loads, carriers, buses, stores, generators, links, global_constraints, storage_units
INFO:pypsa.linopf:Prepare linear problem
INFO:pypsa.linopf:Total preparation time: 59.16s
INFO:pypsa.linopf:Solve linear problem using Gurobi solver
INFO:pypsa.linopf:Optimization successful. Objective value: 1.03e+11
INFO:root:sample rejected
INFO:pypsa.io:Imported network network_c6_s165.nc has buses, carriers, generators, global_constraints, lines, links, loads, storage_units, stores
INFO:pypsa.io:Exported network network_c6_s166.nc has lines, loads, carriers, buses, stores, generators, links, global_constraints, storage_units
INFO:pypsa.linopf:Prepare linear problem
INFO:pypsa.linopf:Total preparation time: 29.76s
INFO:pypsa.linopf:Solve linear problem using Gurobi solver
INFO:pypsa.linopf:Optimization successful. Objective value: 1.01e+11
INFO:root:sample accepted
INFO:pypsa.io:Exported network network_c6_s167.nc has lines, loads, carriers, buses, stores, generators, links, global_constraints, storage_units
INFO:pypsa.linopf:Prepare linear problem
INFO:pypsa.linopf:Total preparation time: 28.01s
INFO:pypsa.linopf:Solve linear problem using Gurobi solver
INFO:pypsa.linopf:Optimization successful. Objective value: 1.04e+11
INFO:root:sample rejected
INFO:pypsa.io:Imported network network_c6_s167.nc has buses, carriers, generators, global_constraints, lines, links, loads, storage_units, stores
INFO:pypsa.io:Exported network network_c6_s168.nc has lines, loads, carriers, buses, stores, generators, links, global_constraints, storage_units
INFO:pypsa.linopf:Prepare linear problem
INFO:pypsa.linopf:Total preparation time: 16.26s
INFO:pypsa.linopf:Solve linear problem using Gurobi solver
INFO:pypsa.linopf:Optimization successful. Objective value: 1.06e+11
INFO:root:sample rejected
INFO:pypsa.io:Imported network network_c6_s168.nc has buses, carriers, generators, global_constraints, lines, links, loads, storage_units, stores
INFO:pypsa.io:Exported network network_c6_s169.nc has lines, loads, carriers, buses, stores, generators, links, global_constraints, storage_units
INFO:pypsa.linopf:Prepare linear problem
INFO:pypsa.linopf:Total preparation time: 20.36s
INFO:pypsa.linopf:Solve linear problem using Gurobi solver
INFO:pypsa.linopf:Optimization successful. Objective value: 1.05e+11
INFO:root:sample rejected
INFO:pypsa.io:Imported network network_c6_s169.nc has buses, carriers, generators, global_constraints, lines, links, loads, storage_units, stores
INFO:pypsa.io:Exported network network_c6_s170.nc has lines, loads, carriers, buses, stores, generators, links, global_constraints, storage_units
INFO:pypsa.linopf:Prepare linear problem
INFO:pypsa.linopf:Total preparation time: 22.97s
INFO:pypsa.linopf:Solve linear problem using Gurobi solver
INFO:pypsa.linopf:Optimization successful. Objective value: 9.78e+10
INFO:root:sample accepted
INFO:pypsa.io:Exported network network_c6_s171.nc has lines, loads, carriers, buses, stores, generators, links, global_constraints, storage_units
INFO:pypsa.linopf:Prepare linear problem
INFO:pypsa.linopf:Total preparation time: 25.85s
INFO:pypsa.linopf:Solve linear problem using Gurobi solver
INFO:pypsa.linopf:Optimization successful. Objective value: 9.77e+10
INFO:root:sample accepted
INFO:pypsa.io:Exported network network_c6_s172.nc has lines, loads, carriers, buses, stores, generators, links, global_constraints, storage_units
INFO:pypsa.linopf:Prepare linear problem
INFO:pypsa.linopf:Total preparation time: 11.33s
INFO:pypsa.linopf:Solve linear problem using Gurobi solver
INFO:pypsa.linopf:Optimization successful. Objective value: 1.00e+11
INFO:root:sample accepted
INFO:pypsa.io:Exported network network_c6_s173.nc has lines, loads, carriers, buses, stores, generators, links, global_constraints, storage_units
INFO:pypsa.linopf:Prepare linear problem
INFO:pypsa.linopf:Total preparation time: 11.45s
INFO:pypsa.linopf:Solve linear problem using Gurobi solver
INFO:pypsa.linopf:Optimization successful. Objective value: 9.95e+10
INFO:root:sample accepted
INFO:pypsa.io:Exported network network_c6_s174.nc has lines, loads, carriers, buses, stores, generators, links, global_constraints, storage_units
INFO:pypsa.linopf:Prepare linear problem
INFO:pypsa.linopf:Total preparation time: 11.79s
INFO:pypsa.linopf:Solve linear problem using Gurobi solver
INFO:pypsa.linopf:Optimization successful. Objective value: 1.03e+11
INFO:root:sample rejected
INFO:pypsa.io:Imported network network_c6_s174.nc has buses, carriers, generators, global_constraints, lines, links, loads, storage_units, stores
INFO:pypsa.io:Exported network network_c6_s175.nc has lines, loads, carriers, buses, stores, generators, links, global_constraints, storage_units
INFO:pypsa.linopf:Prepare linear problem
INFO:pypsa.linopf:Total preparation time: 10.96s
INFO:pypsa.linopf:Solve linear problem using Gurobi solver
INFO:pypsa.linopf:Optimization successful. Objective value: 9.98e+10
INFO:root:sample accepted
INFO:pypsa.io:Exported network network_c6_s176.nc has lines, loads, carriers, buses, stores, generators, links, global_constraints, storage_units
INFO:pypsa.linopf:Prepare linear problem
INFO:pypsa.linopf:Total preparation time: 10.44s
INFO:pypsa.linopf:Solve linear problem using Gurobi solver
INFO:pypsa.linopf:Optimization successful. Objective value: 1.00e+11
INFO:root:sample accepted
INFO:pypsa.io:Exported network network_c6_s177.nc has lines, loads, carriers, buses, stores, generators, links, global_constraints, storage_units
INFO:pypsa.linopf:Prepare linear problem
INFO:pypsa.linopf:Total preparation time: 11.51s
INFO:pypsa.linopf:Solve linear problem using Gurobi solver
INFO:pypsa.linopf:Optimization successful. Objective value: 1.01e+11
INFO:root:sample accepted
INFO:pypsa.io:Exported network network_c6_s178.nc has lines, loads, carriers, buses, stores, generators, links, global_constraints, storage_units
INFO:pypsa.linopf:Prepare linear problem
INFO:pypsa.linopf:Total preparation time: 12.81s
INFO:pypsa.linopf:Solve linear problem using Gurobi solver
INFO:pypsa.linopf:Optimization successful. Objective value: 1.01e+11
INFO:root:sample accepted
INFO:pypsa.io:Exported network network_c6_s179.nc has lines, loads, carriers, buses, stores, generators, links, global_constraints, storage_units
INFO:pypsa.linopf:Prepare linear problem
INFO:pypsa.linopf:Total preparation time: 11.98s
INFO:pypsa.linopf:Solve linear problem using Gurobi solver
INFO:pypsa.linopf:Optimization successful. Objective value: 1.03e+11
INFO:root:sample rejected
INFO:pypsa.io:Imported network network_c6_s179.nc has buses, carriers, generators, global_constraints, lines, links, loads, storage_units, stores
INFO:pypsa.io:Exported network network_c6_s180.nc has lines, loads, carriers, buses, stores, generators, links, global_constraints, storage_units
INFO:pypsa.linopf:Prepare linear problem
INFO:pypsa.linopf:Total preparation time: 13.21s
INFO:pypsa.linopf:Solve linear problem using Gurobi solver
INFO:pypsa.linopf:Optimization successful. Objective value: 9.81e+10
INFO:root:sample accepted
INFO:pypsa.io:Exported network network_c6_s181.nc has lines, loads, carriers, buses, stores, generators, links, global_constraints, storage_units
[Wed Mar  3 10:23:02 2021]
Finished job 0.
1 of 1 steps (100%) done
