[0.00773795 0.07967477 0.01842473 0.03710637 0.00184825 0.06715755
 0.04539741 0.03301427 0.02969976 0.00471711 0.07134404 0.00782187
 0.00043372 0.02559533 0.05096229 0.01082525 0.05582905 0.03541725
 0.04083631 0.0010704  0.00743083 0.00055243 0.00136961 0.01085734
 0.02408404 0.03928571 0.02063454 0.01811259 0.04729467 0.00149495
 0.00132316 0.0033343  0.0087348  0.06248801]
[0.00034936 0.02327847 0.02043217 0.06144764 0.00895262 0.04298498
 0.06731828 0.0253778  0.0323299  0.00751789 0.06225714 0.0045296
 0.04701588 0.03508209 0.03151493 0.00847121 0.00408427 0.00701197
 0.00912441 0.01744524 0.01039569 0.01143542 0.00204488 0.00119133
 0.04398565 0.07889383 0.01337597 0.07954235 0.07568765 0.01337142
 0.05615051 0.03537297 0.00335327 0.03133065]
[0.00252752 0.05106236 0.00783028 0.05547086 0.04808553 0.06440603
 0.06296748 0.02816172 0.02193649 0.0031689  0.0555269  0.03144104
 0.04886946 0.01659508 0.00681932 0.01837572 0.04027708 0.03014134
 0.02661878 0.00011254 0.00922122 0.01284301 0.00229526 0.00690753
 0.06169185 0.02934566 0.00126198 0.04252078 0.07896449 0.01758717
 0.0671778  0.00670121 0.02725593 0.00057586]
[0.00524013 0.02642206 0.00520611 0.05697474 0.00715947 0.0655069
 0.06760102 0.0611843  0.04681576 0.00451716 0.06738714 0.03187316
 0.07124704 0.02385772 0.03756315 0.00973721 0.01387219 0.02376845
 0.02906076 0.00491692 0.010868   0.00449686 0.00590129 0.00972592
 0.05529935 0.02596852 0.00158046 0.06772845 0.06999847 0.01469913
 0.00986114 0.0064308  0.03328809 0.01213099]
[0.00622128 0.05379786 0.00293349 0.05228277 0.03225833 0.06970761
 0.04763151 0.03157156 0.02834195 0.01174346 0.05190047 0.04394694
 0.04589958 0.04466395 0.05602791 0.01984382 0.03104168 0.00732214
 0.05512918 0.00709469 0.00285559 0.00709465 0.00197686 0.00355591
 0.01573309 0.00462979 0.04115144 0.04938542 0.0165035  0.03151283
 0.04651506 0.02332609 0.00164502 0.0461909 ]
[0.003376   0.04290467 0.02337694 0.04887232 0.03751995 0.04520716
 0.0773723  0.01060662 0.02420438 0.0116437  0.01906444 0.04105261
 0.00608336 0.05501203 0.00052088 0.01483835 0.00898352 0.03513757
 0.04583097 0.02400958 0.00116078 0.01004731 0.00402915 0.0042782
 0.0476849  0.05010217 0.02477976 0.0346229  0.04284906 0.0371738
 0.05761814 0.01728967 0.002379   0.0845383 ]
[0.003376   0.04290467 0.02337694 0.04887232 0.03751995 0.04520716
 0.0773723  0.01060662 0.02420438 0.0116437  0.01906444 0.04105261
 0.00608336 0.05501203 0.00052088 0.01483835 0.00898352 0.03513757
 0.04583097 0.02400958 0.00116078 0.01004731 0.00402915 0.0042782
 0.0476849  0.05010217 0.02477976 0.0346229  0.04284906 0.0371738
 0.05761814 0.01728967 0.002379   0.0845383 ]
[9.16068802e-05 2.35128527e-02 1.22323675e-02 6.59221874e-02
 3.50250460e-02 8.67536130e-03 1.25187605e-02 1.65166244e-02
 1.97867033e-02 5.50713672e-03 2.42677605e-02 6.41707002e-02
 8.19180977e-03 6.07361145e-02 1.74956807e-02 1.46230939e-02
 2.82606080e-02 4.68522177e-02 6.55580019e-02 6.93124916e-03
 9.25403240e-03 3.28561263e-03 4.04755520e-03 1.27715617e-02
 4.18924874e-02 4.28806804e-02 6.27106820e-02 1.90953229e-02
 6.50034781e-02 2.27830029e-02 6.65854469e-02 2.88864079e-02
 1.08369202e-02 6.87261154e-02]
[0.00823468 0.06692895 0.01157056 0.01570948 0.05726097 0.0574319
 0.00507778 0.00941986 0.03382095 0.0011889  0.03353293 0.04796555
 0.00845146 0.08132518 0.03791222 0.02314898 0.04171832 0.00711693
 0.04624655 0.02075106 0.00839681 0.00198392 0.00371773 0.01283009
 0.08228224 0.06328071 0.03653702 0.000843   0.07223112 0.04335053
 0.01039879 0.0136324  0.02610522 0.00600382]
[1.81769124e-03 6.32019814e-02 7.37724029e-05 4.16320092e-02
 2.31671248e-02 4.28604675e-02 7.63690327e-03 2.17269802e-02
 1.61753007e-02 1.29659034e-02 2.45022227e-02 2.39533647e-02
 3.40003801e-02 4.92048909e-02 3.24355647e-02 1.04545089e-02
 3.88384899e-02 9.44171901e-03 2.67251734e-02 6.06800465e-04
 9.83986942e-03 9.15899938e-03 4.88614671e-03 7.39179858e-03
 7.44125233e-02 2.61928413e-02 2.83869424e-02 4.07502185e-02
 3.84607838e-02 3.06714247e-02 3.26793114e-02 1.16486688e-02
 1.60589671e-02 3.26278577e-02]
[1.81769124e-03 6.32019814e-02 7.37724029e-05 4.16320092e-02
 2.31671248e-02 4.28604675e-02 7.63690327e-03 2.17269802e-02
 1.61753007e-02 1.29659034e-02 2.45022227e-02 2.39533647e-02
 3.40003801e-02 4.92048909e-02 3.24355647e-02 1.04545089e-02
 3.88384899e-02 9.44171901e-03 2.67251734e-02 6.06800465e-04
 9.83986942e-03 9.15899938e-03 4.88614671e-03 7.39179858e-03
 7.44125233e-02 2.61928413e-02 2.83869424e-02 4.07502185e-02
 3.84607838e-02 3.06714247e-02 3.26793114e-02 1.16486688e-02
 1.60589671e-02 3.26278577e-02]
[0.00570958 0.07068211 0.0076637  0.04339773 0.00464244 0.0254713
 0.02535526 0.03033356 0.04587658 0.00811684 0.04360943 0.03694047
 0.02592485 0.03509428 0.05088587 0.00292494 0.02375314 0.01160663
 0.00055556 0.00513165 0.00894539 0.00879951 0.00217736 0.00143783
 0.08067941 0.0131398  0.03007446 0.00491846 0.03916602 0.05065443
 0.05374106 0.01093152 0.02957129 0.03706573]
[0.00456159 0.04812628 0.00890918 0.04939944 0.00673504 0.00336201
 0.02602204 0.01284504 0.04265979 0.00600684 0.01875767 0.04703943
 0.02588296 0.00988275 0.03890671 0.00048785 0.01104084 0.03360425
 0.03806558 0.00826052 0.00523586 0.00486315 0.00505708 0.01000397
 0.05813968 0.01030046 0.03215005 0.02864559 0.05213239 0.02170598
 0.04224299 0.00988944 0.00379864 0.0430675 ]
[0.00456159 0.04812628 0.00890918 0.04939944 0.00673504 0.00336201
 0.02602204 0.01284504 0.04265979 0.00600684 0.01875767 0.04703943
 0.02588296 0.00988275 0.03890671 0.00048785 0.01104084 0.03360425
 0.03806558 0.00826052 0.00523586 0.00486315 0.00505708 0.01000397
 0.05813968 0.01030046 0.03215005 0.02864559 0.05213239 0.02170598
 0.04224299 0.00988944 0.00379864 0.0430675 ]
[0.00456159 0.04812628 0.00890918 0.04939944 0.00673504 0.00336201
 0.02602204 0.01284504 0.04265979 0.00600684 0.01875767 0.04703943
 0.02588296 0.00988275 0.03890671 0.00048785 0.01104084 0.03360425
 0.03806558 0.00826052 0.00523586 0.00486315 0.00505708 0.01000397
 0.05813968 0.01030046 0.03215005 0.02864559 0.05213239 0.02170598
 0.04224299 0.00988944 0.00379864 0.0430675 ]
[0.00456159 0.04812628 0.00890918 0.04939944 0.00673504 0.00336201
 0.02602204 0.01284504 0.04265979 0.00600684 0.01875767 0.04703943
 0.02588296 0.00988275 0.03890671 0.00048785 0.01104084 0.03360425
 0.03806558 0.00826052 0.00523586 0.00486315 0.00505708 0.01000397
 0.05813968 0.01030046 0.03215005 0.02864559 0.05213239 0.02170598
 0.04224299 0.00988944 0.00379864 0.0430675 ]
[0.00456159 0.04812628 0.00890918 0.04939944 0.00673504 0.00336201
 0.02602204 0.01284504 0.04265979 0.00600684 0.01875767 0.04703943
 0.02588296 0.00988275 0.03890671 0.00048785 0.01104084 0.03360425
 0.03806558 0.00826052 0.00523586 0.00486315 0.00505708 0.01000397
 0.05813968 0.01030046 0.03215005 0.02864559 0.05213239 0.02170598
 0.04224299 0.00988944 0.00379864 0.0430675 ]
[2.60901234e-03 2.41807606e-02 3.13782816e-03 1.41879283e-02
 7.47997602e-03 5.08981024e-02 6.23852377e-02 3.92001980e-02
 2.40771748e-02 6.85987143e-03 4.91077825e-02 8.08158644e-03
 3.95474248e-02 3.95429365e-02 1.00163407e-02 1.14734963e-02
 2.33007169e-02 1.81623023e-02 7.05432921e-02 1.24664622e-02
 7.27746950e-03 9.93935709e-03 3.65729356e-04 9.15768254e-06
 3.15613792e-02 2.98774510e-02 3.57990111e-02 6.42875852e-02
 3.10631036e-02 2.31064896e-03 7.61774542e-03 1.85105543e-02
 3.67967954e-02 1.32909714e-02]
[0.00585845 0.02071906 0.02206122 0.00597943 0.05308744 0.06856577
 0.04774182 0.06341561 0.01965635 0.00348946 0.09329571 0.05227691
 0.01823926 0.00755163 0.01868436 0.01741177 0.01019203 0.01124979
 0.0452561  0.00854476 0.01034352 0.0111295  0.00720954 0.01520287
 0.04250748 0.03675662 0.03850821 0.00450961 0.0026518  0.04891698
 0.02911368 0.0306218  0.03651283 0.041283  ]
[0.00585845 0.02071906 0.02206122 0.00597943 0.05308744 0.06856577
 0.04774182 0.06341561 0.01965635 0.00348946 0.09329571 0.05227691
 0.01823926 0.00755163 0.01868436 0.01741177 0.01019203 0.01124979
 0.0452561  0.00854476 0.01034352 0.0111295  0.00720954 0.01520287
 0.04250748 0.03675662 0.03850821 0.00450961 0.0026518  0.04891698
 0.02911368 0.0306218  0.03651283 0.041283  ]
