[0.0036785  0.00717919 0.01853735 0.05229701 0.0367743  0.02683718
 0.00169915 0.0405149  0.03185625 0.00933084 0.03973016 0.04650963
 0.075414   0.03605511 0.03579242 0.00678785 0.04630455 0.01601641
 0.00158502 0.01459283 0.00965911 0.01116022 0.00335645 0.01333544
 0.07329158 0.0501065  0.03094234 0.07374749 0.00609905 0.04265028
 0.04572866 0.01328503 0.03498127 0.0410262 ]
[0.00582662 0.02776552 0.00251881 0.00125974 0.0504122  0.01009615
 0.00545846 0.05588916 0.00803647 0.00789369 0.02682817 0.0601823
 0.10584799 0.05568562 0.03076248 0.0289636  0.00687614 0.02091918
 0.04886506 0.00059239 0.00239836 0.00799555 0.00269543 0.00988871
 0.04928458 0.02346658 0.0608507  0.10390136 0.03582325 0.04418974
 0.01875063 0.03440369 0.02838351 0.01582291]
[0.00097833 0.00806013 0.02102506 0.0334983  0.01884251 0.06497956
 0.01814841 0.04510518 0.04397803 0.00615756 0.03088782 0.01439338
 0.05259958 0.05326066 0.02344635 0.01440294 0.00413528 0.0293577
 0.01777428 0.00554972 0.00966528 0.01379565 0.00669074 0.00050324
 0.07721131 0.0623189  0.05460368 0.02522039 0.05937694 0.08144518
 0.00160318 0.03066287 0.04193389 0.02725405]
[0.00512487 0.00209041 0.01677957 0.02469522 0.05584452 0.03371064
 0.05215279 0.042109   0.05103343 0.00938539 0.02543412 0.00549976
 0.07595523 0.04990879 0.00025897 0.00106482 0.04939973 0.03436364
 0.0574119  0.00572487 0.01042677 0.01201897 0.00529682 0.00497297
 0.0418419  0.05574703 0.04658825 0.01693565 0.02894515 0.06490029
 0.00154935 0.01277991 0.00197132 0.02827565]
[0.00101154 0.0029881  0.01375931 0.00761905 0.00895239 0.04657599
 0.04828338 0.04556148 0.00328796 0.00971736 0.07257622 0.01247022
 0.08192716 0.01475744 0.05257159 0.02048663 0.01521315 0.02004841
 0.07445162 0.00746825 0.013614   0.00703501 0.00558966 0.01618664
 0.07441999 0.07083848 0.0313058  0.01385969 0.00951441 0.0871533
 0.01381727 0.00279512 0.04363764 0.01546691]
[0.00133797 0.01376576 0.01840514 0.05633636 0.00662069 0.0358032
 0.0728791  0.06009426 0.0453006  0.0153991  0.09050429 0.05604557
 0.02299776 0.05054891 0.05363769 0.0060894  0.04178513 0.01568148
 0.02631617 0.00213661 0.00208236 0.00055645 0.00380969 0.00900514
 0.01131935 0.00550967 0.01076444 0.0390734  0.02018764 0.06080599
 0.02556352 0.00150253 0.02065891 0.00726394]
[0.00365871 0.01964709 0.00674662 0.03586595 0.03048491 0.04792645
 0.01946318 0.02664478 0.03174428 0.00497879 0.06564224 0.05706952
 0.01278626 0.06832598 0.04993537 0.02238077 0.04068858 0.02173347
 0.03451912 0.01521453 0.00685065 0.00542158 0.00113423 0.00274743
 0.02155526 0.04011478 0.03146212 0.06491503 0.00830353 0.01463363
 0.05214865 0.00067429 0.03353779 0.02399765]
[0.00365871 0.01964709 0.00674662 0.03586595 0.03048491 0.04792645
 0.01946318 0.02664478 0.03174428 0.00497879 0.06564224 0.05706952
 0.01278626 0.06832598 0.04993537 0.02238077 0.04068858 0.02173347
 0.03451912 0.01521453 0.00685065 0.00542158 0.00113423 0.00274743
 0.02155526 0.04011478 0.03146212 0.06491503 0.00830353 0.01463363
 0.05214865 0.00067429 0.03353779 0.02399765]
[0.00357131 0.04543242 0.01180306 0.04130848 0.03582098 0.01252301
 0.00193723 0.00506597 0.04025322 0.00810221 0.04514311 0.00352877
 0.0220285  0.05295679 0.03943456 0.01689331 0.03554125 0.0204202
 0.02532681 0.01161115 0.001508   0.00810153 0.00096733 0.00024158
 0.04492161 0.00274501 0.03942656 0.04121484 0.04754851 0.01102431
 0.04863021 0.01724748 0.03328277 0.00547086]
[0.00133512 0.0800649  0.00802733 0.08637792 0.07264992 0.04575772
 0.02916257 0.00959048 0.01577662 0.00313231 0.04420843 0.0423887
 0.02077041 0.02055466 0.00125404 0.0033622  0.04293024 0.02134152
 0.04506199 0.00688843 0.00416688 0.00959195 0.00116551 0.01207444
 0.04685314 0.02471308 0.05262732 0.0002852  0.01046947 0.02094213
 0.0594876  0.00051599 0.04573322 0.02377899]
[0.00282008 0.07457441 0.01450298 0.03799954 0.03655586 0.01817074
 0.04843268 0.04030864 0.01253894 0.00549902 0.036793   0.06452395
 0.00061344 0.05250038 0.02688341 0.01722032 0.04614674 0.01223328
 0.04468493 0.01831327 0.01028844 0.00056414 0.00580364 0.00407754
 0.01108158 0.02848405 0.05408557 0.02409797 0.00526985 0.05892788
 0.03996325 0.01382309 0.01823873 0.03699414]
[0.00457811 0.00173404 0.00902255 0.05165287 0.03212082 0.04913427
 0.04554218 0.02574707 0.04084172 0.01048953 0.04161993 0.03802711
 0.04007188 0.05294247 0.01197494 0.00713385 0.03270481 0.02639765
 0.00296945 0.00533254 0.00843681 0.00283416 0.00091981 0.00523678
 0.01255302 0.01842794 0.01735294 0.03574505 0.01414346 0.05888266
 0.02817446 0.01634987 0.00219476 0.05712321]
[0.00457811 0.00173404 0.00902255 0.05165287 0.03212082 0.04913427
 0.04554218 0.02574707 0.04084172 0.01048953 0.04161993 0.03802711
 0.04007188 0.05294247 0.01197494 0.00713385 0.03270481 0.02639765
 0.00296945 0.00533254 0.00843681 0.00283416 0.00091981 0.00523678
 0.01255302 0.01842794 0.01735294 0.03574505 0.01414346 0.05888266
 0.02817446 0.01634987 0.00219476 0.05712321]
[0.00457811 0.00173404 0.00902255 0.05165287 0.03212082 0.04913427
 0.04554218 0.02574707 0.04084172 0.01048953 0.04161993 0.03802711
 0.04007188 0.05294247 0.01197494 0.00713385 0.03270481 0.02639765
 0.00296945 0.00533254 0.00843681 0.00283416 0.00091981 0.00523678
 0.01255302 0.01842794 0.01735294 0.03574505 0.01414346 0.05888266
 0.02817446 0.01634987 0.00219476 0.05712321]
[0.00331747 0.02084206 0.01597318 0.0217237  0.01691159 0.06193664
 0.06074367 0.00179553 0.04389115 0.00594657 0.02855312 0.05240783
 0.03372878 0.06141019 0.02981513 0.00655752 0.02438747 0.00321189
 0.00368946 0.01339155 0.00226236 0.01179337 0.00075106 0.00020287
 0.00027488 0.01346147 0.05055728 0.04313283 0.02912032 0.04618643
 0.02114165 0.01156027 0.03421734 0.05738132]
[0.00331747 0.02084206 0.01597318 0.0217237  0.01691159 0.06193664
 0.06074367 0.00179553 0.04389115 0.00594657 0.02855312 0.05240783
 0.03372878 0.06141019 0.02981513 0.00655752 0.02438747 0.00321189
 0.00368946 0.01339155 0.00226236 0.01179337 0.00075106 0.00020287
 0.00027488 0.01346147 0.05055728 0.04313283 0.02912032 0.04618643
 0.02114165 0.01156027 0.03421734 0.05738132]
[0.00708625 0.03856193 0.0030574  0.01588851 0.04958127 0.0787171
 0.03610792 0.01734012 0.00033693 0.01002289 0.06418013 0.0088978
 0.02606124 0.00678584 0.04162149 0.02311927 0.00333101 0.0265665
 0.01521713 0.01538072 0.00982124 0.00279514 0.00489237 0.01478035
 0.03528541 0.01875271 0.07644178 0.0643584  0.02695344 0.06277352
 0.00297498 0.02232301 0.00405227 0.0676845 ]
[0.00748056 0.07106661 0.02061128 0.04959387 0.05322463 0.08338146
 0.06509455 0.01484636 0.00540406 0.00985189 0.00303955 0.00241614
 0.03641669 0.0060244  0.07108117 0.0219527  0.03378448 0.03578559
 0.05795498 0.00374423 0.0106078  0.01585415 0.00557763 0.01408679
 0.00226665 0.00780343 0.04373569 0.03600659 0.02267907 0.03643026
 0.03943867 0.01558904 0.02393447 0.00992819]
[0.00748056 0.07106661 0.02061128 0.04959387 0.05322463 0.08338146
 0.06509455 0.01484636 0.00540406 0.00985189 0.00303955 0.00241614
 0.03641669 0.0060244  0.07108117 0.0219527  0.03378448 0.03578559
 0.05795498 0.00374423 0.0106078  0.01585415 0.00557763 0.01408679
 0.00226665 0.00780343 0.04373569 0.03600659 0.02267907 0.03643026
 0.03943867 0.01558904 0.02393447 0.00992819]
[0.00594938 0.0745384  0.01224216 0.04363696 0.02959385 0.03384639
 0.0041669  0.03471248 0.02944516 0.01260037 0.0175776  0.00175586
 0.05378271 0.01011019 0.0233591  0.00475576 0.003595   0.03941831
 0.05311309 0.00489741 0.01016149 0.00299256 0.00304162 0.00674027
 0.00478625 0.00913737 0.05937074 0.03210089 0.02354866 0.03293174
 0.06160533 0.01249778 0.03360367 0.00901718]
