[0.00454149 0.0662612  0.01136905 0.01750016 0.03697245 0.02532588
 0.00299219 0.04712086 0.04134351 0.01095513 0.010773   0.04236969
 0.04777796 0.05553938 0.00300844 0.01588006 0.04639664 0.03711339
 0.03185172 0.01652788 0.00977902 0.0106657  0.00166022 0.00495888
 0.05116212 0.00672303 0.00223008 0.05018911 0.02969174 0.0227589
 0.04226785 0.00032384 0.03646772 0.00495587]
[0.00454149 0.0662612  0.01136905 0.01750016 0.03697245 0.02532588
 0.00299219 0.04712086 0.04134351 0.01095513 0.010773   0.04236969
 0.04777796 0.05553938 0.00300844 0.01588006 0.04639664 0.03711339
 0.03185172 0.01652788 0.00977902 0.0106657  0.00166022 0.00495888
 0.05116212 0.00672303 0.00223008 0.05018911 0.02969174 0.0227589
 0.04226785 0.00032384 0.03646772 0.00495587]
[0.00647019 0.05024831 0.01840566 0.05474398 0.05838665 0.0480811
 0.03673794 0.00972738 0.0144137  0.003842   0.05006767 0.02089779
 0.01770359 0.06498741 0.0285755  0.02453766 0.04484123 0.03433761
 0.03145303 0.01366606 0.00607911 0.01445684 0.00375631 0.00654515
 0.04924392 0.01933682 0.00428697 0.07197187 0.02644737 0.00183065
 0.04725065 0.00411145 0.02109295 0.0104174 ]
[0.00207655 0.01238109 0.00576363 0.06328135 0.03483447 0.0333576
 0.03617123 0.04290518 0.01118781 0.01127003 0.07028878 0.03048318
 0.05399666 0.08999797 0.00586926 0.02289416 0.01709391 0.03662126
 0.03938573 0.00031674 0.00441423 0.00449298 0.00401049 0.00566869
 0.06040917 0.02968018 0.01778353 0.06720511 0.02273209 0.0507302
 0.01343927 0.01242467 0.01592304 0.02186131]
[0.00175023 0.05379719 0.01799958 0.04677072 0.00502515 0.00936068
 0.05349316 0.0002401  0.05385129 0.01416362 0.02993059 0.03524474
 0.02706227 0.08564283 0.02433668 0.02190149 0.03844563 0.04900961
 0.03204402 0.01356743 0.00429676 0.00334113 0.00078818 0.00879533
 0.04084244 0.07221977 0.02867853 0.03028278 0.02645084 0.02415328
 0.01196331 0.03066572 0.00053093 0.06192947]
[0.00118834 0.00913402 0.00441258 0.07563888 0.03903585 0.03458127
 0.04508664 0.04155648 0.0065713  0.01107489 0.05289234 0.03226668
 0.03347183 0.01725098 0.01175021 0.00291631 0.01703367 0.01443707
 0.05430229 0.0202424  0.01023339 0.0121078  0.00345784 0.00864354
 0.00582669 0.00717995 0.01670429 0.03433041 0.03178981 0.05163796
 0.0588264  0.00356701 0.01443066 0.00835872]
[0.00118834 0.00913402 0.00441258 0.07563888 0.03903585 0.03458127
 0.04508664 0.04155648 0.0065713  0.01107489 0.05289234 0.03226668
 0.03347183 0.01725098 0.01175021 0.00291631 0.01703367 0.01443707
 0.05430229 0.0202424  0.01023339 0.0121078  0.00345784 0.00864354
 0.00582669 0.00717995 0.01670429 0.03433041 0.03178981 0.05163796
 0.0588264  0.00356701 0.01443066 0.00835872]
[0.00118834 0.00913402 0.00441258 0.07563888 0.03903585 0.03458127
 0.04508664 0.04155648 0.0065713  0.01107489 0.05289234 0.03226668
 0.03347183 0.01725098 0.01175021 0.00291631 0.01703367 0.01443707
 0.05430229 0.0202424  0.01023339 0.0121078  0.00345784 0.00864354
 0.00582669 0.00717995 0.01670429 0.03433041 0.03178981 0.05163796
 0.0588264  0.00356701 0.01443066 0.00835872]
[0.00597771 0.02081788 0.01570947 0.02547905 0.01617235 0.0286867
 0.03161046 0.02730403 0.01240669 0.00570847 0.05051137 0.04839935
 0.00141003 0.05920129 0.01957347 0.00684272 0.00558669 0.02005376
 0.02488409 0.01117554 0.0018531  0.01226533 0.00130675 0.01371035
 0.04724332 0.02147395 0.03196937 0.07576809 0.01224777 0.03113362
 0.02180906 0.02484738 0.01341965 0.0303701 ]
[0.00477471 0.00947003 0.01691389 0.02276774 0.05986703 0.00718985
 0.06032423 0.06092581 0.0463829  0.01125326 0.07002313 0.00102019
 0.02976193 0.01966945 0.06206197 0.00872918 0.0002447  0.02888386
 0.04815858 0.01763489 0.00706623 0.00455357 0.00283052 0.00812236
 0.02332459 0.0363628  0.02533586 0.05127808 0.00388528 0.06872733
 0.06482742 0.0198719  0.03344109 0.00387118]
[0.00152731 0.03590123 0.00698203 0.01680797 0.04192844 0.00809203
 0.02178997 0.07870492 0.00531364 0.01547883 0.00954155 0.05684955
 0.03315868 0.00509805 0.04763211 0.00202235 0.0478449  0.04963865
 0.03303866 0.00660184 0.00536734 0.00376817 0.00213073 0.0087261
 0.05988543 0.01153113 0.01799743 0.03224841 0.01917308 0.03477528
 0.01903384 0.01950442 0.03322299 0.01417884]
[0.00152731 0.03590123 0.00698203 0.01680797 0.04192844 0.00809203
 0.02178997 0.07870492 0.00531364 0.01547883 0.00954155 0.05684955
 0.03315868 0.00509805 0.04763211 0.00202235 0.0478449  0.04963865
 0.03303866 0.00660184 0.00536734 0.00376817 0.00213073 0.0087261
 0.05988543 0.01153113 0.01799743 0.03224841 0.01917308 0.03477528
 0.01903384 0.01950442 0.03322299 0.01417884]
[0.0027942  0.04520625 0.02616859 0.07118421 0.06726083 0.03886325
 0.00819815 0.05522919 0.00258208 0.00652403 0.06745047 0.09666846
 0.04947116 0.04686797 0.01792706 0.00976909 0.03262144 0.00996126
 0.06928392 0.01871874 0.01380394 0.01111346 0.00427222 0.00265909
 0.01196071 0.01078482 0.00735557 0.0057051  0.0683378  0.0184744
 0.0049865  0.0071267  0.0261112  0.04388004]
[0.00572022 0.0104265  0.01016742 0.0380605  0.06760888 0.06466683
 0.04169745 0.05261647 0.02464919 0.0043785  0.05025774 0.0481225
 0.03724548 0.02800136 0.02674589 0.02373737 0.04786185 0.01514411
 0.00364348 0.02246284 0.01212737 0.00470122 0.00090064 0.01120279
 0.02762023 0.01122218 0.03555789 0.0253165  0.03713693 0.04406244
 0.03569744 0.00281997 0.0357512  0.03003668]
[0.00631011 0.01187923 0.00470204 0.01141951 0.02603859 0.07173813
 0.00950833 0.06811708 0.04105936 0.00339501 0.04954254 0.02008866
 0.01856095 0.05098575 0.05764145 0.02404484 0.00371806 0.05269327
 0.00373267 0.02009953 0.00296358 0.01448813 0.00048428 0.00650244
 0.01686032 0.05560997 0.00259259 0.03520424 0.08039749 0.05866583
 0.04115349 0.01847961 0.03196437 0.03177692]
[0.00405108 0.02464348 0.01131722 0.03721105 0.03543368 0.0311376
 0.04228547 0.02567091 0.05591418 0.000556   0.04773696 0.00112047
 0.03196618 0.04536285 0.03546671 0.00623306 0.00954233 0.04211707
 0.03670093 0.01068721 0.00529822 0.00359132 0.0054456  0.00019042
 0.01451159 0.03883324 0.04124087 0.01445888 0.01702597 0.03784588
 0.05401609 0.00080883 0.03545898 0.01652584]
[0.0033841  0.01748828 0.01078193 0.0683898  0.03969274 0.04793966
 0.05574839 0.01888791 0.00138493 0.00767915 0.03295951 0.04413519
 0.07381288 0.0836121  0.02333351 0.00249072 0.00867872 0.03177661
 0.02112317 0.00198125 0.00325875 0.0181023  0.00086249 0.00486084
 0.04084345 0.05441302 0.0900098  0.04345217 0.00085967 0.01665303
 0.04323142 0.00590764 0.01043153 0.02000015]
[0.00468286 0.02551252 0.01321262 0.06557414 0.04040781 0.00761359
 0.04032601 0.03200685 0.04446747 0.01138021 0.05893101 0.01846464
 0.00505636 0.04170615 0.02238145 0.02137894 0.00426877 0.02879524
 0.0303753  0.01810797 0.00598267 0.00611171 0.00550515 0.01127393
 0.03868022 0.07311557 0.0165342  0.05910844 0.02311755 0.03336298
 0.06788476 0.02011424 0.0005813  0.04091317]
[3.32730264e-03 6.20188062e-02 8.28725712e-03 3.83043099e-02
 1.41238699e-02 4.43027239e-02 2.48371052e-02 2.60998584e-02
 5.28119537e-02 1.34686025e-03 7.78462345e-02 9.22262485e-03
 2.78752327e-02 4.98172790e-02 3.22358542e-02 2.21197075e-02
 4.69113657e-02 3.66507514e-02 6.20662994e-02 1.16379659e-02
 1.95453138e-03 9.13853812e-03 4.42630436e-03 1.25527308e-05
 1.30826960e-02 3.87205791e-02 7.37761388e-03 5.18083300e-02
 1.74815295e-02 1.93254103e-02 4.58081216e-03 1.95037129e-02
 1.80635873e-02 5.36555620e-02]
[0.00161523 0.04155455 0.00491908 0.04682704 0.03205458 0.06085958
 0.01131783 0.03741721 0.03480317 0.00682635 0.05103369 0.01348065
 0.02994895 0.0442497  0.05406939 0.02029781 0.00170135 0.02055311
 0.01644679 0.01112973 0.0072595  0.0102908  0.00552252 0.00053735
 0.04118703 0.04606996 0.00380121 0.02210561 0.03611753 0.034056
 0.03747196 0.01115668 0.01058341 0.01792683]
