Building DAG of jobs...
Using shell: /usr/bin/bash
Provided cores: 4
Rules claiming more threads will be scaled down.
Job counts:
	count	jobs
	1	run_single_chain
	1
Select jobs to execute...

[Wed Mar  3 09:42:03 2021]
rule run_single_chain:
    input: inter_results/network_c0_s141.nc, inter_results/sigma_s141.csv
    output: inter_results/network_c0_s161.nc
    jobid: 0
    wildcards: chain=0, sample=161
    threads: 4

/home/201403848/anaconda3_new/envs/pypsa-eur/bin/python3.8 /home/201403848/pypsa-mcmc/NOBACKUP/pypsa-eur-mcmc/pypsa-eur-mcmc/.snakemake/scripts/tmpfr_ykc3o.mh_chain.py
INFO:pypsa.io:Imported network network_c0_s141.nc has buses, carriers, generators, global_constraints, lines, links, loads, storage_units, stores
INFO:numexpr.utils:Note: NumExpr detected 64 cores but "NUMEXPR_MAX_THREADS" not set, so enforcing safe limit of 8.
INFO:pypsa.linopf:Prepare linear problem
INFO:pypsa.linopf:Total preparation time: 19.55s
INFO:pypsa.linopf:Solve linear problem using Gurobi solver
INFO:pypsa.linopf:Optimization successful. Objective value: 9.98e+10
INFO:root:sample accepted
INFO:pypsa.io:Exported network network_c0_s142.nc has carriers, lines, links, global_constraints, storage_units, loads, buses, generators, stores
INFO:pypsa.linopf:Prepare linear problem
INFO:pypsa.linopf:Total preparation time: 14.38s
INFO:pypsa.linopf:Solve linear problem using Gurobi solver
INFO:pypsa.linopf:Optimization successful. Objective value: 9.84e+10
INFO:root:sample accepted
INFO:pypsa.io:Exported network network_c0_s143.nc has carriers, lines, links, global_constraints, storage_units, loads, buses, generators, stores
INFO:pypsa.linopf:Prepare linear problem
INFO:pypsa.linopf:Total preparation time: 9.01s
INFO:pypsa.linopf:Solve linear problem using Gurobi solver
INFO:pypsa.linopf:Optimization successful. Objective value: 9.90e+10
INFO:root:sample accepted
INFO:pypsa.io:Exported network network_c0_s144.nc has carriers, lines, links, global_constraints, storage_units, loads, buses, generators, stores
INFO:pypsa.linopf:Prepare linear problem
INFO:pypsa.linopf:Total preparation time: 8.35s
INFO:pypsa.linopf:Solve linear problem using Gurobi solver
INFO:pypsa.linopf:Optimization successful. Objective value: 9.97e+10
INFO:root:sample accepted
INFO:pypsa.io:Exported network network_c0_s145.nc has carriers, lines, links, global_constraints, storage_units, loads, buses, generators, stores
INFO:pypsa.linopf:Prepare linear problem
INFO:pypsa.linopf:Total preparation time: 8.53s
INFO:pypsa.linopf:Solve linear problem using Gurobi solver
INFO:pypsa.linopf:Optimization successful. Objective value: 9.92e+10
INFO:root:sample accepted
INFO:pypsa.io:Exported network network_c0_s146.nc has carriers, lines, links, global_constraints, storage_units, loads, buses, generators, stores
INFO:pypsa.linopf:Prepare linear problem
INFO:pypsa.linopf:Total preparation time: 8.51s
INFO:pypsa.linopf:Solve linear problem using Gurobi solver
INFO:pypsa.linopf:Optimization successful. Objective value: 1.01e+11
INFO:root:sample accepted
INFO:pypsa.io:Exported network network_c0_s147.nc has carriers, lines, links, global_constraints, storage_units, loads, buses, generators, stores
INFO:pypsa.linopf:Prepare linear problem
INFO:pypsa.linopf:Total preparation time: 8.65s
INFO:pypsa.linopf:Solve linear problem using Gurobi solver
INFO:pypsa.linopf:Optimization successful. Objective value: 1.03e+11
INFO:root:sample rejected
INFO:pypsa.io:Imported network network_c0_s147.nc has buses, carriers, generators, global_constraints, lines, links, loads, storage_units, stores
INFO:pypsa.io:Exported network network_c0_s148.nc has carriers, lines, links, global_constraints, storage_units, loads, buses, generators, stores
INFO:pypsa.linopf:Prepare linear problem
INFO:pypsa.linopf:Total preparation time: 10.52s
INFO:pypsa.linopf:Solve linear problem using Gurobi solver
INFO:pypsa.linopf:Optimization successful. Objective value: 1.04e+11
INFO:root:sample rejected
INFO:pypsa.io:Imported network network_c0_s148.nc has buses, carriers, generators, global_constraints, lines, links, loads, storage_units, stores
INFO:pypsa.io:Exported network network_c0_s149.nc has carriers, lines, links, global_constraints, storage_units, loads, buses, generators, stores
INFO:pypsa.linopf:Prepare linear problem
INFO:pypsa.linopf:Total preparation time: 8.56s
INFO:pypsa.linopf:Solve linear problem using Gurobi solver
INFO:pypsa.linopf:Optimization successful. Objective value: 1.03e+11
INFO:root:sample rejected
INFO:pypsa.io:Imported network network_c0_s149.nc has buses, carriers, generators, global_constraints, lines, links, loads, storage_units, stores
INFO:pypsa.io:Exported network network_c0_s150.nc has carriers, lines, links, global_constraints, storage_units, loads, buses, generators, stores
INFO:pypsa.linopf:Prepare linear problem
INFO:pypsa.linopf:Total preparation time: 8.56s
INFO:pypsa.linopf:Solve linear problem using Gurobi solver
INFO:pypsa.linopf:Optimization successful. Objective value: 1.02e+11
INFO:root:sample accepted
INFO:pypsa.io:Exported network network_c0_s151.nc has carriers, lines, links, global_constraints, storage_units, loads, buses, generators, stores
INFO:pypsa.linopf:Prepare linear problem
INFO:pypsa.linopf:Total preparation time: 12.75s
INFO:pypsa.linopf:Solve linear problem using Gurobi solver
INFO:pypsa.linopf:Optimization successful. Objective value: 1.07e+11
INFO:root:sample rejected
INFO:pypsa.io:Imported network network_c0_s151.nc has buses, carriers, generators, global_constraints, lines, links, loads, storage_units, stores
INFO:pypsa.io:Exported network network_c0_s152.nc has carriers, lines, links, global_constraints, storage_units, loads, buses, generators, stores
INFO:pypsa.linopf:Prepare linear problem
INFO:pypsa.linopf:Total preparation time: 9.0s
INFO:pypsa.linopf:Solve linear problem using Gurobi solver
INFO:pypsa.linopf:Optimization successful. Objective value: 1.04e+11
INFO:root:sample rejected
INFO:pypsa.io:Imported network network_c0_s152.nc has buses, carriers, generators, global_constraints, lines, links, loads, storage_units, stores
INFO:pypsa.io:Exported network network_c0_s153.nc has carriers, lines, links, global_constraints, storage_units, loads, buses, generators, stores
INFO:pypsa.linopf:Prepare linear problem
INFO:pypsa.linopf:Total preparation time: 13.29s
INFO:pypsa.linopf:Solve linear problem using Gurobi solver
INFO:pypsa.linopf:Optimization successful. Objective value: 1.03e+11
INFO:root:sample rejected
INFO:pypsa.io:Imported network network_c0_s153.nc has buses, carriers, generators, global_constraints, lines, links, loads, storage_units, stores
INFO:pypsa.io:Exported network network_c0_s154.nc has carriers, lines, links, global_constraints, storage_units, loads, buses, generators, stores
INFO:pypsa.linopf:Prepare linear problem
INFO:pypsa.linopf:Total preparation time: 24.51s
INFO:pypsa.linopf:Solve linear problem using Gurobi solver
INFO:pypsa.linopf:Optimization successful. Objective value: 1.03e+11
INFO:root:sample rejected
INFO:pypsa.io:Imported network network_c0_s154.nc has buses, carriers, generators, global_constraints, lines, links, loads, storage_units, stores
INFO:pypsa.io:Exported network network_c0_s155.nc has carriers, lines, links, global_constraints, storage_units, loads, buses, generators, stores
INFO:pypsa.linopf:Prepare linear problem
INFO:pypsa.linopf:Total preparation time: 23.29s
INFO:pypsa.linopf:Solve linear problem using Gurobi solver
INFO:pypsa.linopf:Optimization successful. Objective value: 1.06e+11
INFO:root:sample rejected
INFO:pypsa.io:Imported network network_c0_s155.nc has buses, carriers, generators, global_constraints, lines, links, loads, storage_units, stores
INFO:pypsa.io:Exported network network_c0_s156.nc has carriers, lines, links, global_constraints, storage_units, loads, buses, generators, stores
INFO:pypsa.linopf:Prepare linear problem
INFO:pypsa.linopf:Total preparation time: 20.24s
INFO:pypsa.linopf:Solve linear problem using Gurobi solver
INFO:pypsa.linopf:Optimization successful. Objective value: 1.08e+11
INFO:root:sample rejected
INFO:pypsa.io:Imported network network_c0_s156.nc has buses, carriers, generators, global_constraints, lines, links, loads, storage_units, stores
INFO:pypsa.io:Exported network network_c0_s157.nc has carriers, lines, links, global_constraints, storage_units, loads, buses, generators, stores
INFO:pypsa.linopf:Prepare linear problem
INFO:pypsa.linopf:Total preparation time: 19.28s
INFO:pypsa.linopf:Solve linear problem using Gurobi solver
INFO:pypsa.linopf:Optimization successful. Objective value: 1.04e+11
INFO:root:sample rejected
INFO:pypsa.io:Imported network network_c0_s157.nc has buses, carriers, generators, global_constraints, lines, links, loads, storage_units, stores
INFO:pypsa.io:Exported network network_c0_s158.nc has carriers, lines, links, global_constraints, storage_units, loads, buses, generators, stores
INFO:pypsa.linopf:Prepare linear problem
INFO:pypsa.linopf:Total preparation time: 14.65s
INFO:pypsa.linopf:Solve linear problem using Gurobi solver
INFO:pypsa.linopf:Optimization successful. Objective value: 1.02e+11
INFO:root:sample accepted
INFO:pypsa.io:Exported network network_c0_s159.nc has carriers, lines, links, global_constraints, storage_units, loads, buses, generators, stores
INFO:pypsa.linopf:Prepare linear problem
INFO:pypsa.linopf:Total preparation time: 20.94s
INFO:pypsa.linopf:Solve linear problem using Gurobi solver
INFO:pypsa.linopf:Optimization successful. Objective value: 1.00e+11
INFO:root:sample accepted
INFO:pypsa.io:Exported network network_c0_s160.nc has carriers, lines, links, global_constraints, storage_units, loads, buses, generators, stores
INFO:pypsa.linopf:Prepare linear problem
INFO:pypsa.linopf:Total preparation time: 17.2s
INFO:pypsa.linopf:Solve linear problem using Gurobi solver
INFO:pypsa.linopf:Optimization successful. Objective value: 1.04e+11
INFO:root:sample rejected
INFO:pypsa.io:Imported network network_c0_s160.nc has buses, carriers, generators, global_constraints, lines, links, loads, storage_units, stores
INFO:pypsa.io:Exported network network_c0_s161.nc has carriers, lines, links, global_constraints, storage_units, loads, buses, generators, stores
[Wed Mar  3 09:58:08 2021]
Finished job 0.
1 of 1 steps (100%) done
