[0.00431394 0.04717396 0.01481835 0.02202037 0.01373271 0.02677175
 0.00783257 0.0074596  0.0235052  0.00404496 0.01850682 0.03833215
 0.01730825 0.05304396 0.03391249 0.01674137 0.01604937 0.03124482
 0.00183149 0.00432987 0.00443773 0.00838151 0.00060108 0.00052253
 0.04555472 0.02912503 0.01180773 0.00940129 0.01532841 0.03025501
 0.03802896 0.01345778 0.01179404 0.05205026]
[0.00431394 0.04717396 0.01481835 0.02202037 0.01373271 0.02677175
 0.00783257 0.0074596  0.0235052  0.00404496 0.01850682 0.03833215
 0.01730825 0.05304396 0.03391249 0.01674137 0.01604937 0.03124482
 0.00183149 0.00432987 0.00443773 0.00838151 0.00060108 0.00052253
 0.04555472 0.02912503 0.01180773 0.00940129 0.01532841 0.03025501
 0.03802896 0.01345778 0.01179404 0.05205026]
[4.49463009e-03 3.42383543e-02 1.18009090e-02 3.87732532e-02
 3.96825474e-02 2.54702373e-03 1.29950745e-05 3.22260062e-02
 1.47853028e-02 6.22020373e-03 3.65039949e-02 5.76822134e-02
 2.97828083e-02 6.65272021e-02 1.56421829e-02 1.55075818e-02
 2.04569807e-02 3.51674034e-02 2.30423193e-02 1.12495307e-02
 2.54318077e-03 1.17944920e-02 3.25173791e-03 8.19510908e-03
 2.94595169e-02 1.32941267e-02 3.20576714e-02 3.53998133e-02
 4.17368973e-03 3.47584232e-02 1.47375211e-04 5.36955125e-03
 2.69992131e-02 4.94268798e-02]
[4.49463009e-03 3.42383543e-02 1.18009090e-02 3.87732532e-02
 3.96825474e-02 2.54702373e-03 1.29950745e-05 3.22260062e-02
 1.47853028e-02 6.22020373e-03 3.65039949e-02 5.76822134e-02
 2.97828083e-02 6.65272021e-02 1.56421829e-02 1.55075818e-02
 2.04569807e-02 3.51674034e-02 2.30423193e-02 1.12495307e-02
 2.54318077e-03 1.17944920e-02 3.25173791e-03 8.19510908e-03
 2.94595169e-02 1.32941267e-02 3.20576714e-02 3.53998133e-02
 4.17368973e-03 3.47584232e-02 1.47375211e-04 5.36955125e-03
 2.69992131e-02 4.94268798e-02]
[0.00516879 0.04276983 0.02090104 0.0256484  0.04620985 0.03028235
 0.03211235 0.04253757 0.02603844 0.00807284 0.00503416 0.01417816
 0.0017855  0.06943168 0.02665779 0.00042301 0.03439651 0.0160809
 0.00259828 0.01154272 0.00739608 0.01293717 0.00492491 0.00798439
 0.06294337 0.05406411 0.05961418 0.01166272 0.05395444 0.05629628
 0.00665899 0.02924649 0.03368235 0.07062245]
[0.00560525 0.05193034 0.0112644  0.04851772 0.03449833 0.01142853
 0.06193879 0.04317027 0.01192198 0.00249744 0.04141497 0.0383318
 0.03826818 0.04724802 0.02628384 0.01193677 0.03894085 0.02843543
 0.03129709 0.00815236 0.00962358 0.01249476 0.00548315 0.0018569
 0.01068064 0.03497788 0.04438908 0.01299793 0.05855021 0.06738558
 0.01721338 0.01680393 0.01172683 0.04699807]
[0.00560525 0.05193034 0.0112644  0.04851772 0.03449833 0.01142853
 0.06193879 0.04317027 0.01192198 0.00249744 0.04141497 0.0383318
 0.03826818 0.04724802 0.02628384 0.01193677 0.03894085 0.02843543
 0.03129709 0.00815236 0.00962358 0.01249476 0.00548315 0.0018569
 0.01068064 0.03497788 0.04438908 0.01299793 0.05855021 0.06738558
 0.01721338 0.01680393 0.01172683 0.04699807]
[3.01043908e-03 6.71790515e-02 7.55189787e-03 7.21186784e-02
 6.09146945e-02 3.68282680e-02 3.60014342e-02 5.43173524e-02
 5.87525947e-03 1.23375990e-02 3.88251957e-02 3.43073493e-02
 1.90388180e-02 6.31474240e-06 1.77291100e-02 2.25676181e-02
 1.82841845e-02 3.95885974e-02 6.27170554e-02 1.59196221e-02
 3.02367834e-03 4.45313292e-04 1.63402515e-03 1.13561469e-02
 3.06800875e-02 4.26232622e-02 6.17708276e-02 1.03518653e-02
 6.92220281e-02 5.62907524e-02 1.87932797e-02 2.86713504e-02
 4.25600929e-03 9.24921282e-03]
[3.01043908e-03 6.71790515e-02 7.55189787e-03 7.21186784e-02
 6.09146945e-02 3.68282680e-02 3.60014342e-02 5.43173524e-02
 5.87525947e-03 1.23375990e-02 3.88251957e-02 3.43073493e-02
 1.90388180e-02 6.31474240e-06 1.77291100e-02 2.25676181e-02
 1.82841845e-02 3.95885974e-02 6.27170554e-02 1.59196221e-02
 3.02367834e-03 4.45313292e-04 1.63402515e-03 1.13561469e-02
 3.06800875e-02 4.26232622e-02 6.17708276e-02 1.03518653e-02
 6.92220281e-02 5.62907524e-02 1.87932797e-02 2.86713504e-02
 4.25600929e-03 9.24921282e-03]
[0.00158877 0.06839936 0.01771141 0.04648705 0.02412362 0.07152556
 0.02666142 0.0098163  0.05155235 0.0079737  0.03753936 0.06015588
 0.06242017 0.02243642 0.05976059 0.00785668 0.02035954 0.00254204
 0.08191769 0.01016348 0.00663178 0.00058361 0.00217847 0.00399531
 0.01473343 0.05523488 0.00330989 0.04831117 0.02308759 0.0672916
 0.02179964 0.01683326 0.00859958 0.01734718]
[0.00360025 0.03773471 0.01308643 0.0184242  0.02232652 0.0385982
 0.05084819 0.03634421 0.01206447 0.00025956 0.05042931 0.02294853
 0.01854318 0.00574733 0.03323094 0.00803679 0.01382966 0.03362587
 0.06490032 0.00652318 0.00186632 0.00582699 0.00484189 0.00629061
 0.02567832 0.0586395  0.02697078 0.02508716 0.03123722 0.06481307
 0.03612803 0.01660607 0.03402366 0.03420997]
[0.00235108 0.02498208 0.01731638 0.0140637  0.05711262 0.02916456
 0.04570493 0.01152139 0.05296519 0.01059044 0.0542819  0.04481794
 0.04426908 0.04806042 0.03169662 0.00915291 0.03180906 0.01021875
 0.01799048 0.00062938 0.01104084 0.00054951 0.00345162 0.01027416
 0.05328318 0.07388467 0.02359602 0.04112529 0.02747185 0.03107818
 0.04377575 0.00700971 0.01579365 0.04454813]
[0.00797506 0.01083237 0.00929447 0.04822276 0.06254876 0.01184128
 0.05500242 0.01750794 0.01100973 0.01357524 0.07222269 0.02560147
 0.01478704 0.07048499 0.00133179 0.02674693 0.02263067 0.04317463
 0.00088066 0.00130765 0.00095034 0.00329124 0.00125581 0.01220024
 0.04921427 0.07899353 0.06466939 0.02619572 0.06352925 0.03552883
 0.00151465 0.0241357  0.02488687 0.03026907]
[0.00068195 0.02562486 0.00258042 0.02740597 0.02769384 0.01981706
 0.06002628 0.0354768  0.03456959 0.00424944 0.01914399 0.0349621
 0.00650901 0.06492365 0.00912663 0.01408252 0.01720089 0.03540704
 0.02186494 0.011385   0.00837143 0.0017117  0.00275246 0.00763722
 0.00080566 0.05400617 0.04308901 0.00734316 0.04732562 0.0451537
 0.01070771 0.00622598 0.02599269 0.04954084]
[0.00068195 0.02562486 0.00258042 0.02740597 0.02769384 0.01981706
 0.06002628 0.0354768  0.03456959 0.00424944 0.01914399 0.0349621
 0.00650901 0.06492365 0.00912663 0.01408252 0.01720089 0.03540704
 0.02186494 0.011385   0.00837143 0.0017117  0.00275246 0.00763722
 0.00080566 0.05400617 0.04308901 0.00734316 0.04732562 0.0451537
 0.01070771 0.00622598 0.02599269 0.04954084]
[0.00280042 0.03170414 0.01421649 0.02518355 0.03389909 0.00067414
 0.05613328 0.0546372  0.00811471 0.00501862 0.04115457 0.00897038
 0.0399946  0.05150717 0.01012549 0.01231026 0.00611447 0.01280436
 0.03065314 0.01008267 0.00837006 0.00589366 0.00208849 0.00294227
 0.00753756 0.06118247 0.01616828 0.02447347 0.02031479 0.05846178
 0.01595952 0.0162087  0.01188294 0.04025972]
[0.00511522 0.03836202 0.00351473 0.01690465 0.0181179  0.04018972
 0.06200196 0.04017516 0.01240133 0.002118   0.04250153 0.01089073
 0.05020648 0.04280751 0.03972193 0.00352953 0.01740142 0.02868502
 0.04823647 0.00097345 0.00238389 0.01066564 0.00286943 0.00182786
 0.01428044 0.05287093 0.03964182 0.03526494 0.04535454 0.02125448
 0.03767559 0.01601765 0.02460829 0.02174197]
[0.00511522 0.03836202 0.00351473 0.01690465 0.0181179  0.04018972
 0.06200196 0.04017516 0.01240133 0.002118   0.04250153 0.01089073
 0.05020648 0.04280751 0.03972193 0.00352953 0.01740142 0.02868502
 0.04823647 0.00097345 0.00238389 0.01066564 0.00286943 0.00182786
 0.01428044 0.05287093 0.03964182 0.03526494 0.04535454 0.02125448
 0.03767559 0.01601765 0.02460829 0.02174197]
[0.00039833 0.00803621 0.01765335 0.02990198 0.0505294  0.00497891
 0.08677005 0.06121102 0.01144807 0.00026119 0.03416252 0.01811159
 0.05303654 0.01640985 0.04883397 0.01269807 0.04720843 0.0317979
 0.05895866 0.01228433 0.00183815 0.00543015 0.00470755 0.01042678
 0.00371696 0.01815818 0.06553956 0.00337883 0.02846246 0.01061225
 0.03189666 0.01250987 0.00548353 0.01070482]
[0.00039833 0.00803621 0.01765335 0.02990198 0.0505294  0.00497891
 0.08677005 0.06121102 0.01144807 0.00026119 0.03416252 0.01811159
 0.05303654 0.01640985 0.04883397 0.01269807 0.04720843 0.0317979
 0.05895866 0.01228433 0.00183815 0.00543015 0.00470755 0.01042678
 0.00371696 0.01815818 0.06553956 0.00337883 0.02846246 0.01061225
 0.03189666 0.01250987 0.00548353 0.01070482]
