[0.00280922 0.03606446 0.0139389  0.06543129 0.02992416 0.05412037
 0.0264363  0.06443119 0.03032435 0.00879802 0.04983636 0.0782222
 0.04465211 0.0692153  0.01599077 0.00997799 0.00546985 0.00446148
 0.02641805 0.00816575 0.00181567 0.00287194 0.00376212 0.01386026
 0.03221212 0.0094864  0.04983163 0.02782719 0.04712222 0.02358918
 0.08516375 0.00565131 0.00453566 0.03317552]
[0.00063206 0.02160149 0.01218705 0.07070044 0.03867846 0.04703512
 0.06065899 0.02541181 0.01446548 0.01278518 0.03432223 0.05098921
 0.02884183 0.07842132 0.02193395 0.01420639 0.03517898 0.03888424
 0.03904636 0.01862377 0.00162853 0.00801929 0.00031421 0.00773885
 0.01916337 0.00407404 0.0592883  0.02677703 0.04248988 0.06056316
 0.02053374 0.01143952 0.01469021 0.04974758]
[0.00561297 0.05376233 0.01368924 0.04214424 0.0560271  0.05532754
 0.06733942 0.01920065 0.00337886 0.00390507 0.01167129 0.0294096
 0.01398732 0.04613147 0.00909687 0.01099154 0.0441358  0.00038048
 0.03265957 0.01465685 0.01132185 0.00882772 0.00384227 0.01398837
 0.01664392 0.04645372 0.04519722 0.0431295  0.00589575 0.07014891
 0.03384041 0.0269246  0.02901169 0.0537694 ]
[0.00338136 0.08459517 0.00038859 0.03353873 0.00779222 0.01432639
 0.02423257 0.06366511 0.0394586  0.00149512 0.0578175  0.02605463
 0.04760533 0.03943573 0.03084943 0.02642368 0.01041199 0.02602086
 0.04102977 0.01089368 0.00591621 0.00175253 0.00373982 0.00229549
 0.02208808 0.01812211 0.04033992 0.01045943 0.02686348 0.04926765
 0.00600247 0.00907114 0.04542648 0.05327438]
[0.00338136 0.08459517 0.00038859 0.03353873 0.00779222 0.01432639
 0.02423257 0.06366511 0.0394586  0.00149512 0.0578175  0.02605463
 0.04760533 0.03943573 0.03084943 0.02642368 0.01041199 0.02602086
 0.04102977 0.01089368 0.00591621 0.00175253 0.00373982 0.00229549
 0.02208808 0.01812211 0.04033992 0.01045943 0.02686348 0.04926765
 0.00600247 0.00907114 0.04542648 0.05327438]
[0.00219647 0.02300951 0.00492479 0.05892176 0.02391716 0.0418993
 0.00040595 0.00886393 0.01527095 0.01387706 0.04883383 0.05935344
 0.0675958  0.06792539 0.03656148 0.01434326 0.03307085 0.04203364
 0.01590532 0.00776073 0.00443667 0.00661866 0.004791   0.01059154
 0.04289    0.01529954 0.0411281  0.01919195 0.01832814 0.0627484
 0.04661895 0.01314697 0.01721574 0.01562745]
[0.00126179 0.03273168 0.01665613 0.04746827 0.01376027 0.04204398
 0.04970484 0.01812842 0.04541293 0.00222572 0.00206523 0.04820814
 0.00309737 0.08217593 0.05279347 0.01884756 0.0397696  0.00372683
 0.0111109  0.01362394 0.01053465 0.00501851 0.00227924 0.00508088
 0.04468652 0.02018822 0.05317605 0.0003582  0.04089903 0.02640597
 0.00458747 0.0285711  0.03028589 0.04305059]
[0.00126179 0.03273168 0.01665613 0.04746827 0.01376027 0.04204398
 0.04970484 0.01812842 0.04541293 0.00222572 0.00206523 0.04820814
 0.00309737 0.08217593 0.05279347 0.01884756 0.0397696  0.00372683
 0.0111109  0.01362394 0.01053465 0.00501851 0.00227924 0.00508088
 0.04468652 0.02018822 0.05317605 0.0003582  0.04089903 0.02640597
 0.00458747 0.0285711  0.03028589 0.04305059]
[0.00126179 0.03273168 0.01665613 0.04746827 0.01376027 0.04204398
 0.04970484 0.01812842 0.04541293 0.00222572 0.00206523 0.04820814
 0.00309737 0.08217593 0.05279347 0.01884756 0.0397696  0.00372683
 0.0111109  0.01362394 0.01053465 0.00501851 0.00227924 0.00508088
 0.04468652 0.02018822 0.05317605 0.0003582  0.04089903 0.02640597
 0.00458747 0.0285711  0.03028589 0.04305059]
[0.00585667 0.02440949 0.02187352 0.01646068 0.03033876 0.03365469
 0.04161157 0.03578876 0.03816478 0.00056668 0.04621562 0.04847584
 0.03323599 0.04812652 0.06085685 0.01466129 0.01794833 0.03476046
 0.0058528  0.00632322 0.00698686 0.00122925 0.00278487 0.01392355
 0.06247176 0.02051242 0.05211821 0.00364075 0.0358762  0.05681028
 0.0170113  0.03106451 0.02883848 0.03131153]
[0.00585667 0.02440949 0.02187352 0.01646068 0.03033876 0.03365469
 0.04161157 0.03578876 0.03816478 0.00056668 0.04621562 0.04847584
 0.03323599 0.04812652 0.06085685 0.01466129 0.01794833 0.03476046
 0.0058528  0.00632322 0.00698686 0.00122925 0.00278487 0.01392355
 0.06247176 0.02051242 0.05211821 0.00364075 0.0358762  0.05681028
 0.0170113  0.03106451 0.02883848 0.03131153]
[0.00321666 0.00186843 0.01998237 0.05874702 0.0030744  0.05991098
 0.00628799 0.06552997 0.04383741 0.0146313  0.03767484 0.04019111
 0.06141783 0.07297721 0.0418411  0.01554198 0.02274279 0.02784737
 0.02086218 0.00059458 0.0085546  0.00804775 0.00163483 0.00306563
 0.08731882 0.02705934 0.01806275 0.04331303 0.07312287 0.0036962
 0.00491178 0.02676716 0.01029339 0.03909846]
[0.00032243 0.00088812 0.00161723 0.0665163  0.02791297 0.06111219
 0.03451084 0.0241531  0.05306963 0.01806151 0.01421643 0.05972552
 0.00702581 0.01565963 0.05932101 0.02482649 0.05603818 0.04392464
 0.06721656 0.00812876 0.01512127 0.00569412 0.00612991 0.00407992
 0.00276537 0.07437055 0.06697585 0.03383825 0.05024491 0.05272005
 0.00726833 0.01271095 0.00377416 0.01994824]
[0.00189841 0.04277117 0.01883817 0.01984538 0.02027472 0.0350361
 0.04368871 0.01937087 0.02997022 0.00476418 0.05482334 0.08275164
 0.04489307 0.0273701  0.06853746 0.01375349 0.03293319 0.0125301
 0.02571907 0.01421276 0.00672174 0.00491037 0.00311229 0.00070127
 0.00791792 0.08612299 0.00498202 0.00924626 0.08507263 0.02687538
 0.02035894 0.02503455 0.04069265 0.06417048]
[0.00282361 0.01204142 0.01203121 0.03329506 0.022558   0.07352028
 0.0162333  0.05468698 0.01520132 0.00187395 0.04144531 0.05057254
 0.01935237 0.06534633 0.01601353 0.00671542 0.05461725 0.03741827
 0.06689988 0.00183995 0.00494786 0.00489682 0.00591977 0.012845
 0.04139003 0.07919433 0.01822933 0.00435309 0.08350963 0.00164016
 0.05337361 0.02088775 0.0281899  0.03604948]
[0.0015114  0.03303089 0.01186191 0.0156994  0.01173883 0.01713891
 0.03189824 0.06749834 0.02689771 0.00989555 0.05788854 0.0384864
 0.02091129 0.08984291 0.02576522 0.0204972  0.01559668 0.04519119
 0.06092124 0.00796699 0.00591302 0.01365757 0.00426277 0.00413005
 0.00607647 0.08933507 0.06540445 0.03034356 0.04008964 0.02859844
 0.01737814 0.02745323 0.01709299 0.03998675]
[0.00404792 0.06766959 0.0218739  0.01117034 0.00694632 0.00918029
 0.04909911 0.08168322 0.04653616 0.01512552 0.06038371 0.03385364
 0.04444003 0.02857199 0.04549039 0.00991185 0.04014592 0.00724936
 0.03998207 0.01654687 0.0079728  0.00437331 0.00522586 0.01055473
 0.04717384 0.07426787 0.06530994 0.00712028 0.02803847 0.00081
 0.05898804 0.01694741 0.02640556 0.00687258]
[0.00268075 0.03966356 0.01752122 0.01208519 0.02974469 0.04749238
 0.04776303 0.0766363  0.04286841 0.00527229 0.0612482  0.02946501
 0.06106577 0.00918102 0.05468231 0.00377739 0.01353362 0.01813622
 0.03862357 0.0060542  0.00184298 0.00107479 0.00451448 0.00970798
 0.05070276 0.03581873 0.03550352 0.01018737 0.01134778 0.025945
 0.07136922 0.01212466 0.00309308 0.00730555]
[0.00452274 0.01565381 0.01547115 0.03196498 0.00551636 0.0487999
 0.0331816  0.06702762 0.01049054 0.00801036 0.04809522 0.0254127
 0.06602132 0.0125902  0.00116134 0.01904662 0.02372083 0.01502031
 0.04999924 0.01247649 0.00611992 0.00718154 0.00279214 0.00475679
 0.0023071  0.02820672 0.01727245 0.00023939 0.03048253 0.03682778
 0.05768093 0.02040316 0.02755768 0.03633136]
[0.00633476 0.03940921 0.01603543 0.03943643 0.01960965 0.05569206
 0.02338625 0.06978394 0.03665311 0.01121427 0.06514546 0.02664206
 0.08383372 0.02755967 0.02056411 0.02281487 0.01521474 0.03277353
 0.02307005 0.00846456 0.00336763 0.00411782 0.00104241 0.00122155
 0.00696055 0.05498776 0.02692388 0.01426895 0.00477944 0.02585248
 0.04262736 0.01950465 0.01224435 0.05171113]
