Building DAG of jobs...
Using shell: /usr/bin/bash
Provided cores: 4
Rules claiming more threads will be scaled down.
Job counts:
	count	jobs
	1	run_single_chain
	1
Select jobs to execute...

[Wed Mar  3 10:39:56 2021]
rule run_single_chain:
    input: inter_results/network_c5_s201.nc, inter_results/sigma_s201.csv
    output: inter_results/network_c5_s221.nc
    jobid: 0
    wildcards: chain=5, sample=221
    threads: 4

/home/201403848/anaconda3_new/envs/pypsa-eur/bin/python3.8 /home/201403848/pypsa-mcmc/NOBACKUP/pypsa-eur-mcmc/pypsa-eur-mcmc/.snakemake/scripts/tmpe1b1qgrv.mh_chain.py
INFO:pypsa.io:Imported network network_c5_s201.nc has buses, carriers, generators, global_constraints, lines, links, loads, storage_units, stores
INFO:numexpr.utils:Note: NumExpr detected 64 cores but "NUMEXPR_MAX_THREADS" not set, so enforcing safe limit of 8.
INFO:pypsa.linopf:Prepare linear problem
INFO:pypsa.linopf:Total preparation time: 21.34s
INFO:pypsa.linopf:Solve linear problem using Gurobi solver
INFO:pypsa.linopf:Optimization successful. Objective value: 1.00e+11
INFO:root:sample accepted
INFO:pypsa.io:Exported network network_c5_s202.nc has storage_units, loads, carriers, buses, global_constraints, stores, links, generators, lines
INFO:pypsa.linopf:Prepare linear problem
INFO:pypsa.linopf:Total preparation time: 13.99s
INFO:pypsa.linopf:Solve linear problem using Gurobi solver
INFO:pypsa.linopf:Optimization successful. Objective value: 9.92e+10
INFO:root:sample accepted
INFO:pypsa.io:Exported network network_c5_s203.nc has storage_units, loads, carriers, buses, global_constraints, stores, links, generators, lines
INFO:pypsa.linopf:Prepare linear problem
INFO:pypsa.linopf:Total preparation time: 9.59s
INFO:pypsa.linopf:Solve linear problem using Gurobi solver
INFO:pypsa.linopf:Optimization successful. Objective value: 9.76e+10
INFO:root:sample accepted
INFO:pypsa.io:Exported network network_c5_s204.nc has storage_units, loads, carriers, buses, global_constraints, stores, links, generators, lines
INFO:pypsa.linopf:Prepare linear problem
INFO:pypsa.linopf:Total preparation time: 8.58s
INFO:pypsa.linopf:Solve linear problem using Gurobi solver
INFO:pypsa.linopf:Optimization successful. Objective value: 1.00e+11
INFO:root:sample accepted
INFO:pypsa.io:Exported network network_c5_s205.nc has storage_units, loads, carriers, buses, global_constraints, stores, links, generators, lines
INFO:pypsa.linopf:Prepare linear problem
INFO:pypsa.linopf:Total preparation time: 8.22s
INFO:pypsa.linopf:Solve linear problem using Gurobi solver
INFO:pypsa.linopf:Optimization successful. Objective value: 9.86e+10
INFO:root:sample accepted
INFO:pypsa.io:Exported network network_c5_s206.nc has storage_units, loads, carriers, buses, global_constraints, stores, links, generators, lines
INFO:pypsa.linopf:Prepare linear problem
INFO:pypsa.linopf:Total preparation time: 8.22s
INFO:pypsa.linopf:Solve linear problem using Gurobi solver
INFO:pypsa.linopf:Optimization successful. Objective value: 1.01e+11
INFO:root:sample accepted
INFO:pypsa.io:Exported network network_c5_s207.nc has storage_units, loads, carriers, buses, global_constraints, stores, links, generators, lines
INFO:pypsa.linopf:Prepare linear problem
INFO:pypsa.linopf:Total preparation time: 10.34s
INFO:pypsa.linopf:Solve linear problem using Gurobi solver
INFO:pypsa.linopf:Optimization successful. Objective value: 9.78e+10
INFO:root:sample accepted
INFO:pypsa.io:Exported network network_c5_s208.nc has storage_units, loads, carriers, buses, global_constraints, stores, links, generators, lines
INFO:pypsa.linopf:Prepare linear problem
INFO:pypsa.linopf:Total preparation time: 10.35s
INFO:pypsa.linopf:Solve linear problem using Gurobi solver
INFO:pypsa.linopf:Optimization successful. Objective value: 1.01e+11
INFO:root:sample accepted
INFO:pypsa.io:Exported network network_c5_s209.nc has storage_units, loads, carriers, buses, global_constraints, stores, links, generators, lines
INFO:pypsa.linopf:Prepare linear problem
INFO:pypsa.linopf:Total preparation time: 12.54s
INFO:pypsa.linopf:Solve linear problem using Gurobi solver
INFO:pypsa.linopf:Optimization successful. Objective value: 9.93e+10
INFO:root:sample accepted
INFO:pypsa.io:Exported network network_c5_s210.nc has storage_units, loads, carriers, buses, global_constraints, stores, links, generators, lines
INFO:pypsa.linopf:Prepare linear problem
INFO:pypsa.linopf:Total preparation time: 10.9s
INFO:pypsa.linopf:Solve linear problem using Gurobi solver
INFO:pypsa.linopf:Optimization successful. Objective value: 9.79e+10
INFO:root:sample accepted
INFO:pypsa.io:Exported network network_c5_s211.nc has storage_units, loads, carriers, buses, global_constraints, stores, links, generators, lines
INFO:pypsa.linopf:Prepare linear problem
INFO:pypsa.linopf:Total preparation time: 11.58s
INFO:pypsa.linopf:Solve linear problem using Gurobi solver
INFO:pypsa.linopf:Optimization successful. Objective value: 9.91e+10
INFO:root:sample accepted
INFO:pypsa.io:Exported network network_c5_s212.nc has storage_units, loads, carriers, buses, global_constraints, stores, links, generators, lines
INFO:pypsa.linopf:Prepare linear problem
INFO:pypsa.linopf:Total preparation time: 11.08s
INFO:pypsa.linopf:Solve linear problem using Gurobi solver
INFO:pypsa.linopf:Optimization successful. Objective value: 1.04e+11
INFO:root:sample rejected
INFO:pypsa.io:Imported network network_c5_s212.nc has buses, carriers, generators, global_constraints, lines, links, loads, storage_units, stores
INFO:pypsa.io:Exported network network_c5_s213.nc has storage_units, loads, carriers, buses, global_constraints, stores, links, generators, lines
INFO:pypsa.linopf:Prepare linear problem
INFO:pypsa.linopf:Total preparation time: 9.75s
INFO:pypsa.linopf:Solve linear problem using Gurobi solver
INFO:pypsa.linopf:Optimization successful. Objective value: 1.01e+11
INFO:root:sample accepted
INFO:pypsa.io:Exported network network_c5_s214.nc has storage_units, loads, carriers, buses, global_constraints, stores, links, generators, lines
INFO:pypsa.linopf:Prepare linear problem
INFO:pypsa.linopf:Total preparation time: 11.49s
INFO:pypsa.linopf:Solve linear problem using Gurobi solver
INFO:pypsa.linopf:Optimization successful. Objective value: 1.02e+11
INFO:root:sample accepted
INFO:pypsa.io:Exported network network_c5_s215.nc has storage_units, loads, carriers, buses, global_constraints, stores, links, generators, lines
INFO:pypsa.linopf:Prepare linear problem
INFO:pypsa.linopf:Total preparation time: 10.41s
INFO:pypsa.linopf:Solve linear problem using Gurobi solver
INFO:pypsa.linopf:Optimization successful. Objective value: 1.02e+11
INFO:root:sample accepted
INFO:pypsa.io:Exported network network_c5_s216.nc has storage_units, loads, carriers, buses, global_constraints, stores, links, generators, lines
INFO:pypsa.linopf:Prepare linear problem
INFO:pypsa.linopf:Total preparation time: 11.59s
INFO:pypsa.linopf:Solve linear problem using Gurobi solver
INFO:pypsa.linopf:Optimization successful. Objective value: 1.04e+11
INFO:root:sample rejected
INFO:pypsa.io:Imported network network_c5_s216.nc has buses, carriers, generators, global_constraints, lines, links, loads, storage_units, stores
INFO:pypsa.io:Exported network network_c5_s217.nc has storage_units, loads, carriers, buses, global_constraints, stores, links, generators, lines
INFO:pypsa.linopf:Prepare linear problem
INFO:pypsa.linopf:Total preparation time: 13.59s
INFO:pypsa.linopf:Solve linear problem using Gurobi solver
INFO:pypsa.linopf:Optimization successful. Objective value: 1.00e+11
INFO:root:sample accepted
INFO:pypsa.io:Exported network network_c5_s218.nc has storage_units, loads, carriers, buses, global_constraints, stores, links, generators, lines
INFO:pypsa.linopf:Prepare linear problem
INFO:pypsa.linopf:Total preparation time: 9.54s
INFO:pypsa.linopf:Solve linear problem using Gurobi solver
INFO:pypsa.linopf:Optimization successful. Objective value: 1.03e+11
INFO:root:sample rejected
INFO:pypsa.io:Imported network network_c5_s218.nc has buses, carriers, generators, global_constraints, lines, links, loads, storage_units, stores
INFO:pypsa.io:Exported network network_c5_s219.nc has storage_units, loads, carriers, buses, global_constraints, stores, links, generators, lines
INFO:pypsa.linopf:Prepare linear problem
INFO:pypsa.linopf:Total preparation time: 10.85s
INFO:pypsa.linopf:Solve linear problem using Gurobi solver
INFO:pypsa.linopf:Optimization successful. Objective value: 1.01e+11
INFO:root:sample accepted
INFO:pypsa.io:Exported network network_c5_s220.nc has storage_units, loads, carriers, buses, global_constraints, stores, links, generators, lines
INFO:pypsa.linopf:Prepare linear problem
INFO:pypsa.linopf:Total preparation time: 9.4s
INFO:pypsa.linopf:Solve linear problem using Gurobi solver
INFO:pypsa.linopf:Optimization successful. Objective value: 1.02e+11
INFO:root:sample accepted
INFO:pypsa.io:Exported network network_c5_s221.nc has storage_units, loads, carriers, buses, global_constraints, stores, links, generators, lines
[Wed Mar  3 10:53:50 2021]
Finished job 0.
1 of 1 steps (100%) done
