[8.45114409e-04 2.62025752e-02 1.07507516e-02 9.59101646e-02
 3.85145045e-02 5.00023473e-02 2.35461912e-03 4.46863629e-02
 5.76366029e-05 6.75823311e-03 2.75201465e-02 2.53560627e-02
 7.18271339e-02 3.04596758e-02 2.67593024e-02 9.10073063e-03
 3.30885631e-02 4.16276963e-02 2.51623531e-02 9.07807313e-03
 4.19179386e-03 1.45656163e-02 1.54264093e-03 1.08118411e-04
 8.48202912e-02 5.85321402e-03 7.18223080e-02 2.51791479e-02
 5.78826976e-02 5.81332492e-02 7.53443883e-03 7.97846341e-04
 2.49163837e-02 2.80445422e-02]
[0.00433077 0.05143385 0.01524597 0.09180644 0.05112748 0.01037013
 0.01228828 0.06829619 0.03201373 0.0063703  0.04550819 0.05687085
 0.03801498 0.02187914 0.01871709 0.02195923 0.0115955  0.0016283
 0.03664457 0.01701284 0.00614    0.01001375 0.00544662 0.00075986
 0.04323425 0.04544879 0.05321718 0.02381271 0.07609838 0.03458319
 0.0224522  0.00427825 0.01487668 0.03537376]
[0.00607031 0.06750198 0.00534615 0.084863   0.03477005 0.020934
 0.05401553 0.00464566 0.05101007 0.00125039 0.05744215 0.06018386
 0.06760866 0.02934461 0.01307145 0.02439832 0.01046293 0.02773969
 0.02636156 0.01155727 0.00850064 0.01311299 0.00453979 0.00419904
 0.05808863 0.00817914 0.00047296 0.05733711 0.00973286 0.05339242
 0.01765853 0.02082204 0.00216349 0.04775535]
[0.00132835 0.01523706 0.00419107 0.03371027 0.00332121 0.04423165
 0.01691576 0.01430301 0.05152579 0.01429093 0.03576596 0.06992805
 0.03184547 0.0471146  0.04008282 0.01920004 0.02881034 0.02128021
 0.00558149 0.00435644 0.00485754 0.01215752 0.00265427 0.00842393
 0.07265416 0.05242704 0.03001851 0.00834947 0.0027893  0.04227659
 0.01208951 0.01851244 0.02928334 0.0465004 ]
[0.00665931 0.02910772 0.01545488 0.00774937 0.00474386 0.01814906
 0.02038137 0.02520166 0.04692921 0.01524439 0.04305026 0.00102285
 0.03943708 0.07861023 0.03375364 0.01966091 0.01781637 0.03475316
 0.0046811  0.01276239 0.00599686 0.00196781 0.001691   0.01226822
 0.07247569 0.08010796 0.00986233 0.03066239 0.0340149  0.01176398
 0.03539924 0.03032109 0.01511411 0.03923616]
[0.00665931 0.02910772 0.01545488 0.00774937 0.00474386 0.01814906
 0.02038137 0.02520166 0.04692921 0.01524439 0.04305026 0.00102285
 0.03943708 0.07861023 0.03375364 0.01966091 0.01781637 0.03475316
 0.0046811  0.01276239 0.00599686 0.00196781 0.001691   0.01226822
 0.07247569 0.08010796 0.00986233 0.03066239 0.0340149  0.01176398
 0.03539924 0.03032109 0.01511411 0.03923616]
[0.00556285 0.01090379 0.0133227  0.01896239 0.018946   0.02119958
 0.02597861 0.06211506 0.03901431 0.01263528 0.03396116 0.04895115
 0.02300638 0.05949208 0.01233912 0.00127906 0.0424336  0.01694657
 0.01751352 0.00440969 0.00964499 0.00440229 0.00372025 0.01094483
 0.06276147 0.0911944  0.02443746 0.00051704 0.04240984 0.03634218
 0.05984047 0.00444769 0.01365466 0.02057675]
[0.00195502 0.02031646 0.00385069 0.03206935 0.04354542 0.04033981
 0.05134419 0.03188849 0.00208722 0.01404661 0.05038596 0.06549515
 0.03615208 0.0121704  0.05015839 0.01207018 0.00048489 0.04109285
 0.03227374 0.0169493  0.00642719 0.00575756 0.00584604 0.00427983
 0.05249446 0.07839061 0.03504176 0.04094194 0.05060018 0.0467113
 0.01704955 0.02697761 0.0177126  0.0068178 ]
[0.00278654 0.00223415 0.00034853 0.03789484 0.0071173  0.03276847
 0.08745989 0.06289542 0.0313771  0.01409614 0.0637903  0.0297619
 0.01170464 0.04612831 0.03004705 0.02689877 0.02426773 0.00663103
 0.04042342 0.00120974 0.00285123 0.01465325 0.00247856 0.00608369
 0.08017571 0.02660489 0.0248974  0.04000896 0.07918053 0.04650604
 0.02712328 0.02082632 0.02449183 0.00529146]
[0.00142757 0.03313483 0.02046859 0.03866867 0.01300443 0.05593228
 0.09478852 0.0021168  0.0257049  0.01189022 0.0167295  0.03701093
 0.01780689 0.05937514 0.01475128 0.00994542 0.00884286 0.04602047
 0.07528384 0.02223377 0.01313871 0.01103563 0.00278264 0.01567458
 0.00630639 0.00958588 0.02583251 0.0815253  0.03993252 0.05081455
 0.01621774 0.02981871 0.04679589 0.01543974]
[0.00091639 0.0569134  0.01005689 0.05162703 0.0466883  0.08505452
 0.08425342 0.04398191 0.00147016 0.01235964 0.0527914  0.04417483
 0.0564094  0.04819522 0.00615398 0.00311961 0.01440003 0.02906434
 0.00193355 0.01930772 0.00760923 0.00583099 0.00245212 0.00553722
 0.00196567 0.02819364 0.04261028 0.03266007 0.02931964 0.01125088
 0.06497077 0.02663073 0.03161402 0.03546661]
[0.00630152 0.0006214  0.00711389 0.05579028 0.02195042 0.00688665
 0.00704149 0.0725395  0.04704474 0.0038139  0.02725096 0.0517006
 0.01265535 0.04961828 0.03651284 0.00689559 0.05242084 0.03930514
 0.01725738 0.00569026 0.00175194 0.00943321 0.00240394 0.00617443
 0.02427652 0.03067518 0.05031987 0.05492223 0.01079163 0.02271445
 0.05421465 0.00456034 0.03871431 0.07157959]
[0.0016353  0.00523307 0.01121808 0.02799159 0.04070516 0.0408706
 0.01521969 0.05165704 0.03485522 0.0127699  0.04846652 0.04918661
 0.01926652 0.00371551 0.05197834 0.02127498 0.04331183 0.01852004
 0.02934699 0.00497388 0.00623072 0.00050245 0.00441007 0.00529844
 0.05738918 0.03163347 0.06054059 0.06462691 0.01949844 0.03509921
 0.05362281 0.01139092 0.03080097 0.06872656]
[0.00379697 0.0096119  0.01826849 0.04415264 0.01853174 0.05025313
 0.06275107 0.04320389 0.01703338 0.00912869 0.06662517 0.05366462
 0.01059521 0.05225861 0.03768531 0.00935402 0.01833254 0.00384929
 0.01313356 0.01465242 0.00564147 0.00160283 0.00565208 0.01081922
 0.00180174 0.01187246 0.02032277 0.05448535 0.03364512 0.02962009
 0.00850187 0.00888863 0.02847535 0.04425575]
[0.00379697 0.0096119  0.01826849 0.04415264 0.01853174 0.05025313
 0.06275107 0.04320389 0.01703338 0.00912869 0.06662517 0.05366462
 0.01059521 0.05225861 0.03768531 0.00935402 0.01833254 0.00384929
 0.01313356 0.01465242 0.00564147 0.00160283 0.00565208 0.01081922
 0.00180174 0.01187246 0.02032277 0.05448535 0.03364512 0.02962009
 0.00850187 0.00888863 0.02847535 0.04425575]
[0.00355812 0.00209261 0.00057163 0.04356055 0.03088563 0.05098509
 0.04808742 0.03338278 0.00031855 0.01306023 0.0580609  0.07157412
 0.01560549 0.05529539 0.04795469 0.01775896 0.05049975 0.01225039
 0.03247639 0.01771764 0.00892089 0.00807833 0.00025355 0.00870918
 0.00941835 0.01977408 0.02669364 0.02337615 0.06045623 0.04405386
 0.02960085 0.01788264 0.04227663 0.06327447]
[0.00379345 0.03374461 0.01168539 0.02456003 0.0215447  0.05086427
 0.00543947 0.02520532 0.05286358 0.00977862 0.03418124 0.03108236
 0.04184779 0.05996002 0.03192171 0.0060948  0.03416428 0.0316444
 0.06623077 0.01334824 0.00282598 0.01659718 0.00564074 0.00953454
 0.03758053 0.06451577 0.03756527 0.01628832 0.02453369 0.02408776
 0.03528235 0.02026381 0.00546146 0.00978697]
[0.0048193  0.00272603 0.01856663 0.04110331 0.04253796 0.03637301
 0.00160082 0.00094074 0.05478306 0.00819862 0.03808797 0.05555316
 0.03856258 0.06242385 0.01460391 0.01208969 0.00318588 0.04122871
 0.00896632 0.01147479 0.00493434 0.00943458 0.00211536 0.01227203
 0.0346171  0.07571674 0.05716418 0.02101029 0.02862359 0.02179719
 0.06038766 0.00947071 0.00803802 0.00226179]
[0.0048193  0.00272603 0.01856663 0.04110331 0.04253796 0.03637301
 0.00160082 0.00094074 0.05478306 0.00819862 0.03808797 0.05555316
 0.03856258 0.06242385 0.01460391 0.01208969 0.00318588 0.04122871
 0.00896632 0.01147479 0.00493434 0.00943458 0.00211536 0.01227203
 0.0346171  0.07571674 0.05716418 0.02101029 0.02862359 0.02179719
 0.06038766 0.00947071 0.00803802 0.00226179]
[0.00422088 0.01538034 0.00029325 0.04454532 0.02906841 0.05630813
 0.00327337 0.03490466 0.03897187 0.0012317  0.05684022 0.02169396
 0.00877928 0.06436052 0.01284994 0.00292442 0.01068824 0.03670225
 0.04392796 0.00463095 0.0043272  0.00095791 0.0032322  0.00358006
 0.02923388 0.0160403  0.05065058 0.04767032 0.05357594 0.04019139
 0.00596974 0.00751539 0.00834207 0.02166529]
