[0.00220939 0.02355099 0.00914585 0.04540173 0.00243944 0.05335431
 0.03092388 0.05293668 0.01127821 0.01077613 0.03918709 0.03951411
 0.0678364  0.05774088 0.04236899 0.00232621 0.02908139 0.01598776
 0.00030112 0.00253537 0.00962622 0.00667579 0.00100825 0.00667599
 0.05184048 0.00365847 0.04816982 0.06780591 0.04803025 0.04695908
 0.04155023 0.00726052 0.01501261 0.03088895]
[3.69700899e-03 4.61994277e-02 2.26990818e-02 9.45850759e-03
 2.73046437e-02 2.58281319e-02 1.99562365e-02 3.07391404e-02
 3.49497310e-02 3.42311825e-03 1.16237359e-02 2.94291333e-02
 8.13032670e-02 8.78901036e-02 5.83303420e-02 7.29485952e-03
 4.60990737e-02 1.38505897e-02 4.58107518e-02 5.87382403e-03
 1.29843297e-02 1.00535290e-02 5.74241880e-03 4.91105702e-05
 4.39519231e-02 5.50674279e-02 1.97614656e-02 4.60718408e-02
 6.71305151e-02 1.91011219e-02 5.35068005e-02 8.28888774e-03
 4.04250513e-03 2.97463109e-02]
[0.00376687 0.00010795 0.00447468 0.00839111 0.01922532 0.03745405
 0.03383723 0.03223225 0.03092158 0.00092491 0.020426   0.04943803
 0.04005009 0.05589383 0.04318262 0.00450918 0.03248471 0.02987114
 0.03459744 0.00391224 0.00251197 0.00706907 0.00202674 0.00442204
 0.03878939 0.05142567 0.00972649 0.03496317 0.05331374 0.03610452
 0.00743135 0.00178682 0.02426949 0.03232826]
[0.00507787 0.0103767  0.01818984 0.02806546 0.05083107 0.00660325
 0.03975584 0.0075222  0.02369976 0.0103371  0.05000024 0.06080297
 0.03576645 0.05965063 0.02756592 0.01743199 0.03751549 0.02159593
 0.03200045 0.00480775 0.00891341 0.00397245 0.00024416 0.00811272
 0.06522436 0.02971987 0.03428498 0.03364236 0.06246771 0.05974687
 0.02173018 0.01906196 0.01490125 0.01854417]
[4.86367402e-03 1.14552767e-02 1.02710178e-02 1.86178325e-02
 3.80595431e-05 1.82665706e-02 5.55868132e-02 3.70803638e-02
 2.33998126e-02 4.46861574e-03 5.76748452e-02 2.91962030e-03
 3.37772508e-02 4.80912398e-02 4.92310439e-02 1.09234254e-02
 3.81620201e-02 2.88295546e-02 8.12229337e-03 1.19386390e-02
 6.01777427e-03 1.01984103e-02 4.16964227e-03 6.28473033e-03
 4.05869685e-02 4.69072614e-02 5.41795485e-02 1.15215521e-02
 5.79969213e-02 7.10512012e-03 9.61183260e-03 5.87541811e-03
 2.44231296e-02 2.73683209e-02]
[4.86367402e-03 1.14552767e-02 1.02710178e-02 1.86178325e-02
 3.80595431e-05 1.82665706e-02 5.55868132e-02 3.70803638e-02
 2.33998126e-02 4.46861574e-03 5.76748452e-02 2.91962030e-03
 3.37772508e-02 4.80912398e-02 4.92310439e-02 1.09234254e-02
 3.81620201e-02 2.88295546e-02 8.12229337e-03 1.19386390e-02
 6.01777427e-03 1.01984103e-02 4.16964227e-03 6.28473033e-03
 4.05869685e-02 4.69072614e-02 5.41795485e-02 1.15215521e-02
 5.79969213e-02 7.10512012e-03 9.61183260e-03 5.87541811e-03
 2.44231296e-02 2.73683209e-02]
[0.00033606 0.04762447 0.00462283 0.03853503 0.0035761  0.02574223
 0.06460648 0.06458966 0.03255645 0.00818063 0.07799635 0.01596455
 0.01873754 0.00879038 0.0129344  0.00624096 0.01601881 0.03781825
 0.02977045 0.01016526 0.01255424 0.00892769 0.00440003 0.00760522
 0.0418065  0.04916133 0.01245927 0.04234595 0.06849227 0.03268551
 0.02041067 0.01149302 0.00630472 0.00601696]
[0.00033848 0.0042191  0.01087804 0.00667425 0.00132665 0.00341257
 0.08827161 0.08394624 0.0103128  0.00890785 0.03056502 0.03825511
 0.06496816 0.028418   0.0677676  0.01822388 0.02064858 0.03713148
 0.01304831 0.01719627 0.00556521 0.01721908 0.00018096 0.00134966
 0.07315439 0.0848517  0.04072745 0.07501781 0.05034882 0.02286661
 0.02504676 0.01471717 0.00523478 0.01567069]
[7.12015290e-03 8.76173742e-03 4.72975845e-03 1.67310850e-02
 6.00998357e-02 1.94671702e-02 9.64740481e-02 6.12650488e-02
 3.15366626e-02 4.20056575e-03 1.67367971e-03 4.18568821e-03
 4.09175577e-02 5.45834548e-02 3.38718084e-02 1.11279088e-02
 6.28015923e-02 4.99467099e-05 2.62949118e-02 1.47604950e-02
 4.64182731e-03 6.80533216e-03 3.94981509e-03 4.82586780e-03
 5.81834612e-02 5.78983817e-02 3.82685501e-02 1.66022629e-02
 3.43413020e-02 4.73310208e-02 7.15926899e-02 2.07013288e-02
 2.78289771e-03 6.61491794e-02]
[7.12015290e-03 8.76173742e-03 4.72975845e-03 1.67310850e-02
 6.00998357e-02 1.94671702e-02 9.64740481e-02 6.12650488e-02
 3.15366626e-02 4.20056575e-03 1.67367971e-03 4.18568821e-03
 4.09175577e-02 5.45834548e-02 3.38718084e-02 1.11279088e-02
 6.28015923e-02 4.99467099e-05 2.62949118e-02 1.47604950e-02
 4.64182731e-03 6.80533216e-03 3.94981509e-03 4.82586780e-03
 5.81834612e-02 5.78983817e-02 3.82685501e-02 1.66022629e-02
 3.43413020e-02 4.73310208e-02 7.15926899e-02 2.07013288e-02
 2.78289771e-03 6.61491794e-02]
[0.0062507  0.00301922 0.01690199 0.04071383 0.03392368 0.05581782
 0.03445776 0.03908249 0.04356853 0.00464581 0.03730542 0.02710336
 0.02867455 0.07196658 0.04705006 0.00685667 0.00847898 0.00906922
 0.05526711 0.00921681 0.0004907  0.01092037 0.00278294 0.00186797
 0.03758861 0.0644552  0.03063719 0.02862168 0.03839651 0.05253558
 0.00589265 0.01929686 0.01075782 0.0376085 ]
[0.0062507  0.00301922 0.01690199 0.04071383 0.03392368 0.05581782
 0.03445776 0.03908249 0.04356853 0.00464581 0.03730542 0.02710336
 0.02867455 0.07196658 0.04705006 0.00685667 0.00847898 0.00906922
 0.05526711 0.00921681 0.0004907  0.01092037 0.00278294 0.00186797
 0.03758861 0.0644552  0.03063719 0.02862168 0.03839651 0.05253558
 0.00589265 0.01929686 0.01075782 0.0376085 ]
[6.18593413e-03 2.07275337e-02 8.02316671e-03 4.13711493e-02
 3.79409347e-04 2.31265165e-02 4.13011936e-02 7.18691543e-02
 5.56515781e-05 1.02869607e-02 5.46147807e-02 5.70220468e-02
 4.98918274e-02 4.02621312e-02 2.20150532e-02 9.28562598e-03
 3.97701881e-02 4.78698591e-04 6.03186706e-03 1.92341370e-02
 6.71250780e-03 1.38352760e-02 6.02147902e-03 7.93381365e-03
 2.29278716e-02 6.74639613e-02 3.37752107e-02 3.67838494e-03
 3.00419340e-02 5.34646120e-03 4.82004858e-02 2.59773079e-02
 2.57934729e-02 6.31889141e-03]
[0.0014207  0.02244287 0.01704544 0.0725155  0.01532287 0.0108089
 0.02768094 0.01327304 0.01149629 0.00757585 0.05418191 0.0749325
 0.00896841 0.02984642 0.00431806 0.01792188 0.00482828 0.01449067
 0.04265688 0.00821232 0.00303434 0.0020326  0.00318027 0.01239646
 0.00796197 0.08595489 0.0543267  0.05031814 0.04499717 0.02405795
 0.05235064 0.00381662 0.0293664  0.05267733]
[0.0046454  0.01007029 0.01443464 0.05893318 0.04300912 0.03086464
 0.02476774 0.05677624 0.01213925 0.00050219 0.04884044 0.01698891
 0.04594379 0.02252338 0.02185978 0.02353718 0.04901671 0.00021802
 0.07063858 0.01620008 0.01204236 0.00800098 0.00229146 0.00249022
 0.04808928 0.01748071 0.04488924 0.02962465 0.03692719 0.066769
 0.02222775 0.00149833 0.00464574 0.03126038]
[0.00874995 0.00484991 0.02357847 0.10202444 0.03434967 0.02707969
 0.06402307 0.0722995  0.06489634 0.00775016 0.02633522 0.07720255
 0.01189193 0.0108489  0.01657326 0.00119544 0.06275199 0.02705864
 0.00729353 0.00669194 0.00611868 0.0101667  0.00439815 0.00024943
 0.01733367 0.03143133 0.03779146 0.03776518 0.07206886 0.0173972
 0.0054983  0.0040765  0.03627941 0.00890299]
[0.00874995 0.00484991 0.02357847 0.10202444 0.03434967 0.02707969
 0.06402307 0.0722995  0.06489634 0.00775016 0.02633522 0.07720255
 0.01189193 0.0108489  0.01657326 0.00119544 0.06275199 0.02705864
 0.00729353 0.00669194 0.00611868 0.0101667  0.00439815 0.00024943
 0.01733367 0.03143133 0.03779146 0.03776518 0.07206886 0.0173972
 0.0054983  0.0040765  0.03627941 0.00890299]
[0.00874995 0.00484991 0.02357847 0.10202444 0.03434967 0.02707969
 0.06402307 0.0722995  0.06489634 0.00775016 0.02633522 0.07720255
 0.01189193 0.0108489  0.01657326 0.00119544 0.06275199 0.02705864
 0.00729353 0.00669194 0.00611868 0.0101667  0.00439815 0.00024943
 0.01733367 0.03143133 0.03779146 0.03776518 0.07206886 0.0173972
 0.0054983  0.0040765  0.03627941 0.00890299]
[0.00208234 0.00542381 0.01912125 0.06141735 0.05337816 0.06480489
 0.04915144 0.07470162 0.05046604 0.01350088 0.01043212 0.01712899
 0.05111694 0.03445605 0.00182993 0.00273824 0.04651593 0.02290224
 0.04482571 0.01082724 0.00234475 0.00268543 0.00334983 0.00704233
 0.04814371 0.0036485  0.04287907 0.03692216 0.02186008 0.02303456
 0.00780684 0.02875381 0.02104077 0.02288387]
[0.00098364 0.02988471 0.00136604 0.07966719 0.00060861 0.00874406
 0.05066301 0.06314068 0.03238732 0.00499472 0.02575758 0.05357569
 0.08091413 0.00712006 0.0067349  0.01060717 0.03657486 0.04422061
 0.0323296  0.01464024 0.01031072 0.00562045 0.0022257  0.00555218
 0.07318333 0.01906849 0.01602182 0.03598523 0.06699311 0.05719825
 0.04284666 0.02541468 0.00110014 0.00488927]
