[0.00187945 0.0184848  0.00970962 0.04781442 0.0253352  0.04060159
 0.02569234 0.01862327 0.02570033 0.0085105  0.02082523 0.01673792
 0.01292003 0.04094479 0.00339707 0.01154421 0.02869596 0.02008742
 0.00772771 0.01411766 0.00045259 0.00698073 0.00311379 0.0038371
 0.0179659  0.03633327 0.03507009 0.04301752 0.02240432 0.04679418
 0.0196412  0.01814265 0.00103021 0.00867814]
[0.00095259 0.03271565 0.00146012 0.02763044 0.039578   0.06327598
 0.04692504 0.00121325 0.03410557 0.01035665 0.0530953  0.02401023
 0.02841223 0.0576627  0.02329404 0.00154876 0.00926713 0.02006391
 0.02738125 0.00479629 0.0041316  0.01092603 0.00366964 0.01175669
 0.01465239 0.0027646  0.05410624 0.02379814 0.02899524 0.02677804
 0.00793107 0.00287347 0.01948438 0.03432534]
[0.00464305 0.0100161  0.00372414 0.02437135 0.02436611 0.05463301
 0.04418703 0.02933557 0.02537564 0.00142513 0.04635578 0.02255121
 0.03140347 0.03313805 0.035558   0.00113864 0.02651397 0.03047571
 0.02625216 0.00454529 0.00246199 0.00873187 0.00194331 0.0053262
 0.02805689 0.02935814 0.04675156 0.03727296 0.01742076 0.02721908
 0.03634735 0.00810983 0.01664795 0.01545779]
[0.00464305 0.0100161  0.00372414 0.02437135 0.02436611 0.05463301
 0.04418703 0.02933557 0.02537564 0.00142513 0.04635578 0.02255121
 0.03140347 0.03313805 0.035558   0.00113864 0.02651397 0.03047571
 0.02625216 0.00454529 0.00246199 0.00873187 0.00194331 0.0053262
 0.02805689 0.02935814 0.04675156 0.03727296 0.01742076 0.02721908
 0.03634735 0.00810983 0.01664795 0.01545779]
[0.00583797 0.00537117 0.02142005 0.04749242 0.00844318 0.06670135
 0.04918388 0.06384122 0.05849841 0.00472191 0.00473688 0.02468787
 0.05579357 0.07217328 0.06040129 0.00163234 0.05053131 0.0006455
 0.00654839 0.01504125 0.01041346 0.00638158 0.00216504 0.01031642
 0.01872213 0.02979147 0.04898198 0.03256072 0.01384384 0.06895656
 0.028346   0.01284022 0.0018637  0.0465035 ]
[0.00583797 0.00537117 0.02142005 0.04749242 0.00844318 0.06670135
 0.04918388 0.06384122 0.05849841 0.00472191 0.00473688 0.02468787
 0.05579357 0.07217328 0.06040129 0.00163234 0.05053131 0.0006455
 0.00654839 0.01504125 0.01041346 0.00638158 0.00216504 0.01031642
 0.01872213 0.02979147 0.04898198 0.03256072 0.01384384 0.06895656
 0.028346   0.01284022 0.0018637  0.0465035 ]
[0.00139588 0.03594853 0.01826479 0.06532382 0.02139518 0.0457548
 0.01071102 0.05050732 0.00532508 0.00073278 0.04760399 0.01499783
 0.04518002 0.07876267 0.0221156  0.00549512 0.04455663 0.00023173
 0.02802824 0.01116868 0.0097459  0.00751728 0.0021867  0.00177727
 0.05541688 0.04082108 0.04554439 0.02573835 0.00784486 0.05169823
 0.05610684 0.014396   0.00910066 0.01742155]
[0.00139588 0.03594853 0.01826479 0.06532382 0.02139518 0.0457548
 0.01071102 0.05050732 0.00532508 0.00073278 0.04760399 0.01499783
 0.04518002 0.07876267 0.0221156  0.00549512 0.04455663 0.00023173
 0.02802824 0.01116868 0.0097459  0.00751728 0.0021867  0.00177727
 0.05541688 0.04082108 0.04554439 0.02573835 0.00784486 0.05169823
 0.05610684 0.014396   0.00910066 0.01742155]
[0.00139588 0.03594853 0.01826479 0.06532382 0.02139518 0.0457548
 0.01071102 0.05050732 0.00532508 0.00073278 0.04760399 0.01499783
 0.04518002 0.07876267 0.0221156  0.00549512 0.04455663 0.00023173
 0.02802824 0.01116868 0.0097459  0.00751728 0.0021867  0.00177727
 0.05541688 0.04082108 0.04554439 0.02573835 0.00784486 0.05169823
 0.05610684 0.014396   0.00910066 0.01742155]
[3.17255461e-03 1.08908763e-02 1.17528339e-02 1.70767191e-02
 1.06958374e-02 5.71993012e-03 3.81579000e-02 5.05439936e-02
 1.46547304e-02 1.26298579e-02 5.32359331e-02 5.39536697e-02
 3.65822969e-02 3.55014655e-02 8.58664532e-03 2.25821298e-02
 4.20068110e-02 1.25025205e-02 2.63164965e-02 1.77949731e-03
 1.02987717e-02 5.78779401e-05 3.82098508e-03 1.14523111e-03
 5.93536333e-02 5.83434163e-02 5.20008281e-02 2.19094191e-02
 1.97157083e-02 8.57942938e-03 6.09190713e-02 1.98913391e-02
 1.24378490e-02 5.34553308e-02]
[0.00529336 0.00121354 0.00232015 0.03091267 0.02652193 0.01784576
 0.06060428 0.05424714 0.028028   0.01213574 0.07000185 0.06334352
 0.05401921 0.06315538 0.00707948 0.00032394 0.03822462 0.02950981
 0.01567736 0.00815216 0.00612796 0.01106213 0.00457552 0.00839468
 0.06606819 0.05388488 0.00772065 0.00813436 0.03240522 0.01585386
 0.06665418 0.00415421 0.01945807 0.02866068]
[0.00325297 0.01773602 0.01627657 0.01479809 0.00594385 0.05653172
 0.04600502 0.06173697 0.0457181  0.00436732 0.05067548 0.00715692
 0.02635017 0.01919895 0.05041588 0.00876145 0.02303307 0.02491271
 0.0543188  0.00957195 0.00451909 0.01112135 0.00346735 0.01254081
 0.03324888 0.06147322 0.02683241 0.02099063 0.02131326 0.05162192
 0.03035078 0.00792278 0.00774733 0.05942445]
[0.00620442 0.01010031 0.01021873 0.02316302 0.00045626 0.01070413
 0.05204296 0.05860618 0.02089669 0.00844678 0.06815496 0.00282278
 0.01018006 0.01316063 0.03425139 0.02488454 0.01028164 0.00537406
 0.0560024  0.0255147  0.00865974 0.00921873 0.00451358 0.01944355
 0.02641493 0.05259035 0.03216218 0.02836412 0.06734925 0.01813876
 0.03666378 0.03522327 0.03782501 0.03721045]
[0.00620442 0.01010031 0.01021873 0.02316302 0.00045626 0.01070413
 0.05204296 0.05860618 0.02089669 0.00844678 0.06815496 0.00282278
 0.01018006 0.01316063 0.03425139 0.02488454 0.01028164 0.00537406
 0.0560024  0.0255147  0.00865974 0.00921873 0.00451358 0.01944355
 0.02641493 0.05259035 0.03216218 0.02836412 0.06734925 0.01813876
 0.03666378 0.03522327 0.03782501 0.03721045]
[0.00252843 0.04750385 0.01378548 0.01350432 0.00747978 0.01457535
 0.02449476 0.02613401 0.00997263 0.0075599  0.03351652 0.02783273
 0.04462873 0.03563133 0.03604284 0.01697676 0.04463136 0.00650277
 0.03882197 0.00164844 0.00148791 0.01220567 0.0007214  0.00522021
 0.03368299 0.05639465 0.02755424 0.00587806 0.05080683 0.02752712
 0.02903193 0.01421712 0.02603443 0.03965759]
[0.00116416 0.03831577 0.00294737 0.04736448 0.02893636 0.03519024
 0.04829561 0.04990904 0.02349087 0.00975056 0.04195331 0.01299426
 0.04706076 0.05549715 0.06584504 0.02050506 0.03180121 0.01116931
 0.05264623 0.00955542 0.00539893 0.00843794 0.00603484 0.00123739
 0.05260529 0.06067557 0.05054557 0.03388244 0.01214169 0.00649305
 0.01755486 0.01597961 0.00430426 0.03986061]
[0.00116416 0.03831577 0.00294737 0.04736448 0.02893636 0.03519024
 0.04829561 0.04990904 0.02349087 0.00975056 0.04195331 0.01299426
 0.04706076 0.05549715 0.06584504 0.02050506 0.03180121 0.01116931
 0.05264623 0.00955542 0.00539893 0.00843794 0.00603484 0.00123739
 0.05260529 0.06067557 0.05054557 0.03388244 0.01214169 0.00649305
 0.01755486 0.01597961 0.00430426 0.03986061]
[0.00489531 0.02840707 0.01962321 0.0607906  0.05259487 0.04060238
 0.07715645 0.00120058 0.02904992 0.01417147 0.03281962 0.01816141
 0.06768297 0.01940974 0.02545457 0.01637369 0.03120344 0.01549396
 0.00284462 0.00252557 0.00258519 0.01219069 0.00182078 0.01131714
 0.03470966 0.04643424 0.07024548 0.04405904 0.02241741 0.02225673
 0.00762581 0.00923916 0.01437649 0.01375712]
[0.00136831 0.0258699  0.01271351 0.04694851 0.03692638 0.012171
 0.03279629 0.01700547 0.03913749 0.00517197 0.03778442 0.0198452
 0.03647069 0.02830322 0.00733306 0.01209074 0.0336632  0.01565997
 0.01799023 0.01070815 0.0074782  0.00190606 0.00204023 0.00952172
 0.03411629 0.01588242 0.03225596 0.04210619 0.03325067 0.0288115
 0.00040004 0.01541531 0.01815875 0.00751516]
[0.00136831 0.0258699  0.01271351 0.04694851 0.03692638 0.012171
 0.03279629 0.01700547 0.03913749 0.00517197 0.03778442 0.0198452
 0.03647069 0.02830322 0.00733306 0.01209074 0.0336632  0.01565997
 0.01799023 0.01070815 0.0074782  0.00190606 0.00204023 0.00952172
 0.03411629 0.01588242 0.03225596 0.04210619 0.03325067 0.0288115
 0.00040004 0.01541531 0.01815875 0.00751516]
