[0.00538938 0.03050293 0.01435834 0.02713796 0.05767923 0.00773379
 0.08222923 0.02941    0.01510534 0.00699641 0.07637779 0.07330668
 0.0074905  0.02750433 0.02220631 0.01132429 0.02253675 0.00330045
 0.05464187 0.01227661 0.00931755 0.01455519 0.00362955 0.00034655
 0.02500495 0.05200697 0.09357548 0.00251941 0.0425962  0.03880914
 0.0188258  0.02148758 0.01546822 0.0621137 ]
[0.00508912 0.02847047 0.01186936 0.03102756 0.04539029 0.00022222
 0.03856182 0.0485834  0.03630534 0.00335498 0.04672724 0.05955872
 0.0364197  0.01724648 0.0157712  0.01303771 0.02555932 0.02564646
 0.05486055 0.01486756 0.00547841 0.00640377 0.00327365 0.00388599
 0.0228411  0.04802682 0.02350746 0.0364461  0.00050219 0.05306311
 0.04428544 0.01664992 0.01695167 0.04494557]
[0.00118606 0.03355216 0.01658715 0.02632625 0.01060193 0.02933293
 0.02870495 0.02926223 0.01956983 0.00318931 0.04622578 0.03864798
 0.03204739 0.04294621 0.03763925 0.01122672 0.02201966 0.02671637
 0.0277835  0.00932301 0.0063465  0.00196714 0.00305095 0.0083141
 0.02399872 0.05819275 0.02817446 0.01809804 0.02508165 0.00230396
 0.03226574 0.00261866 0.00171711 0.03760201]
[0.00367257 0.05109586 0.00694842 0.04550627 0.03387326 0.01706275
 0.02416741 0.0114657  0.01655963 0.00154844 0.03722575 0.03414772
 0.02022978 0.03811802 0.01688843 0.00023613 0.03444974 0.017529
 0.01621159 0.00736272 0.00634863 0.00345824 0.00164043 0.00504058
 0.05263243 0.06489586 0.03703299 0.03670644 0.03605789 0.03926777
 0.04013092 0.0237628  0.03217996 0.03217319]
[0.00213742 0.04528814 0.01605209 0.05900793 0.04505076 0.04917576
 0.01911121 0.03429556 0.01608269 0.0122473  0.0559834  0.03587854
 0.00143322 0.0105966  0.0066934  0.02125918 0.00153553 0.04195565
 0.01704512 0.0006737  0.0085395  0.01066626 0.00261909 0.00850828
 0.04183034 0.03048867 0.04082828 0.05392999 0.00492452 0.00562849
 0.0547758  0.02601915 0.02229647 0.00135101]
[0.00213742 0.04528814 0.01605209 0.05900793 0.04505076 0.04917576
 0.01911121 0.03429556 0.01608269 0.0122473  0.0559834  0.03587854
 0.00143322 0.0105966  0.0066934  0.02125918 0.00153553 0.04195565
 0.01704512 0.0006737  0.0085395  0.01066626 0.00261909 0.00850828
 0.04183034 0.03048867 0.04082828 0.05392999 0.00492452 0.00562849
 0.0547758  0.02601915 0.02229647 0.00135101]
[0.00213742 0.04528814 0.01605209 0.05900793 0.04505076 0.04917576
 0.01911121 0.03429556 0.01608269 0.0122473  0.0559834  0.03587854
 0.00143322 0.0105966  0.0066934  0.02125918 0.00153553 0.04195565
 0.01704512 0.0006737  0.0085395  0.01066626 0.00261909 0.00850828
 0.04183034 0.03048867 0.04082828 0.05392999 0.00492452 0.00562849
 0.0547758  0.02601915 0.02229647 0.00135101]
[0.00643336 0.07989141 0.00525904 0.02846216 0.01353015 0.05732606
 0.01727779 0.02249545 0.00208732 0.00455429 0.06043147 0.07558643
 0.02829829 0.03079209 0.05546932 0.00195354 0.0233927  0.0301908
 0.0683468  0.00163898 0.00833639 0.00133006 0.00481357 0.01066052
 0.02386789 0.03270604 0.0752252  0.03057429 0.00583689 0.05406608
 0.02364417 0.007811   0.00161565 0.04431504]
[0.00327387 0.05447732 0.01015741 0.02286077 0.04214237 0.01191634
 0.03035477 0.0177704  0.03957029 0.00417055 0.03852444 0.0339242
 0.03228816 0.05286286 0.04720535 0.02122057 0.04595014 0.00078302
 0.06896795 0.00934856 0.00741603 0.01071506 0.00073434 0.01154757
 0.04894888 0.05813025 0.04180071 0.05513917 0.02242352 0.00654373
 0.00927539 0.01321361 0.0308628  0.0434437 ]
[0.00295216 0.01125444 0.01723824 0.00401799 0.03901421 0.03472148
 0.03089896 0.02278875 0.04317446 0.01386968 0.01442971 0.05504088
 0.03440973 0.05221059 0.04194934 0.02536199 0.01644248 0.01427907
 0.02231241 0.01536823 0.00123836 0.01067263 0.00089307 0.01109647
 0.07138607 0.01242357 0.06764174 0.0376615  0.0453561  0.02249177
 0.04311467 0.0232233  0.03881658 0.07763296]
[0.0065088  0.05034266 0.00678538 0.01416197 0.03287456 0.00350639
 0.02330231 0.04523953 0.02520763 0.00888907 0.0430801  0.0681492
 0.05343143 0.06989128 0.01773753 0.00098182 0.04501497 0.02823234
 0.05058304 0.00491784 0.00110434 0.01115409 0.0046446  0.00455483
 0.06216602 0.04816409 0.02904205 0.0078859  0.05293817 0.00021591
 0.06210106 0.01118536 0.01890192 0.01534627]
[0.00572499 0.06138987 0.00521354 0.01498869 0.06098191 0.03342984
 0.01129349 0.02060641 0.05200689 0.01184329 0.0359916  0.04050723
 0.07795707 0.04905151 0.00773322 0.02445799 0.00774726 0.00745913
 0.02082706 0.00948852 0.00490274 0.01268798 0.00350196 0.01348019
 0.05149921 0.03156336 0.04074758 0.04243756 0.0443688  0.05061592
 0.03818432 0.0197842  0.01782983 0.05194461]
[0.00248524 0.05443339 0.0029342  0.05091833 0.03095101 0.0482349
 0.00883402 0.05433551 0.02804817 0.01334066 0.03982376 0.04255717
 0.06501422 0.02123264 0.04575121 0.01984108 0.03734838 0.03662817
 0.04634993 0.01557879 0.00352706 0.0067384  0.00215284 0.00178755
 0.04142847 0.0082126  0.05457046 0.03567912 0.03358354 0.0173991
 0.02279584 0.02425558 0.03571039 0.04126337]
[0.00248524 0.05443339 0.0029342  0.05091833 0.03095101 0.0482349
 0.00883402 0.05433551 0.02804817 0.01334066 0.03982376 0.04255717
 0.06501422 0.02123264 0.04575121 0.01984108 0.03734838 0.03662817
 0.04634993 0.01557879 0.00352706 0.0067384  0.00215284 0.00178755
 0.04142847 0.0082126  0.05457046 0.03567912 0.03358354 0.0173991
 0.02279584 0.02425558 0.03571039 0.04126337]
[0.00481985 0.06463258 0.00761686 0.02096092 0.08429942 0.09169616
 0.04596077 0.07716343 0.00350014 0.01667634 0.09083893 0.05201956
 0.01488003 0.00434732 0.01201081 0.01090106 0.03165404 0.02541824
 0.05248494 0.01345062 0.00313099 0.00148174 0.0078643  0.00864422
 0.00774973 0.02553745 0.0413224  0.00678458 0.04628828 0.01797261
 0.02515208 0.03079796 0.0015135  0.05011615]
[0.00520496 0.03097254 0.01423656 0.01271127 0.06303487 0.05520616
 0.04871934 0.07508722 0.03365288 0.00867996 0.07844675 0.01250958
 0.04713881 0.02513667 0.01545445 0.01806748 0.06018869 0.01090308
 0.05538367 0.01277077 0.00527434 0.0128519  0.00151572 0.00094055
 0.04873034 0.0176383  0.02204827 0.01712431 0.04371229 0.06657405
 0.00049308 0.02976875 0.04665992 0.00310709]
[6.09991001e-03 2.13716632e-03 3.51950216e-03 3.68966220e-05
 4.46275605e-02 7.32223584e-02 5.58393058e-02 8.63605336e-02
 4.42272522e-02 9.15239772e-03 3.81478149e-02 6.14713374e-03
 7.10801785e-02 4.60058762e-02 4.22049989e-02 2.19318513e-02
 4.08220652e-02 1.68777533e-02 4.12801167e-02 9.65236849e-03
 1.81702292e-03 1.56575991e-02 1.32630228e-03 1.11988405e-04
 7.15572871e-02 3.83812319e-02 3.18467877e-02 1.66849729e-02
 1.33044785e-02 4.25495263e-02 9.45095337e-03 2.28087593e-02
 3.92712287e-02 3.58355046e-02]
[0.00927668 0.03183944 0.02521537 0.01639873 0.00362821 0.05315941
 0.06559294 0.00057584 0.03969261 0.01034306 0.02491877 0.01234104
 0.04115757 0.04076773 0.05968805 0.03369068 0.06107581 0.02807683
 0.06375764 0.00485432 0.01409572 0.00669871 0.00240279 0.00426621
 0.04349916 0.0037676  0.05404515 0.04586248 0.01749353 0.03827438
 0.00834401 0.03565111 0.00475596 0.09477811]
[5.94983216e-03 6.22774290e-02 6.37020533e-03 3.83471439e-02
 1.27789875e-02 2.71685848e-02 8.51462682e-03 3.71915463e-02
 5.14158176e-03 3.66093710e-03 2.16957395e-02 4.76225944e-02
 6.22860695e-02 7.56124778e-02 6.22454870e-02 6.54979300e-03
 4.54741776e-02 9.17388442e-05 3.56158995e-02 1.90020417e-03
 4.93915260e-03 7.43158785e-03 5.31619748e-03 1.44752856e-02
 1.48082148e-02 3.20107000e-02 7.78827810e-02 6.58072935e-02
 1.83840370e-02 2.30359473e-02 5.22804716e-02 4.33636830e-03
 2.68044926e-02 2.86627465e-02]
[0.00725951 0.01066177 0.00551809 0.02934882 0.01504948 0.04563366
 0.05519896 0.03107734 0.00758443 0.01374609 0.02818248 0.02740715
 0.00433268 0.06469465 0.06894781 0.00585163 0.02595299 0.01591124
 0.05354243 0.0061879  0.00796027 0.01033574 0.00524056 0.01333265
 0.01678629 0.04739877 0.08764918 0.05435453 0.05511293 0.00774997
 0.06958868 0.0056565  0.00554492 0.03420341]
