[0.00241517 0.06483788 0.00367817 0.02773498 0.04993036 0.07773483
 0.04777924 0.05474188 0.01604254 0.01716155 0.00967682 0.01031739
 0.03648685 0.08024651 0.03606208 0.02331021 0.00484111 0.02359385
 0.0235952  0.01493218 0.01024034 0.00715343 0.00367079 0.01629472
 0.0023352  0.09111762 0.00766207 0.04093099 0.01756208 0.02551294
 0.07292238 0.00797272 0.02203571 0.03532483]
[0.00381963 0.02093706 0.00379085 0.02717452 0.02184151 0.05190338
 0.00993006 0.00854595 0.00179795 0.00394358 0.0435848  0.00359848
 0.04172956 0.05760711 0.042416   0.01666694 0.0403229  0.03180699
 0.05223408 0.01574891 0.00648866 0.0038405  0.00569021 0.01102388
 0.00570704 0.00497402 0.04798579 0.03063967 0.02250437 0.04967827
 0.067947   0.022728   0.03136853 0.05163513]
[0.0010953  0.01099524 0.00911256 0.01459744 0.02547979 0.03538334
 0.02592237 0.03422157 0.01522323 0.00980427 0.06203591 0.03440582
 0.06093294 0.05118233 0.03102396 0.02337357 0.01778239 0.04186047
 0.01807155 0.00020556 0.00390327 0.00176067 0.00084032 0.00276224
 0.0171768  0.04316473 0.0215248  0.0327381  0.03657925 0.05206606
 0.06812094 0.02303694 0.03322334 0.0045408 ]
[0.00547734 0.01143936 0.00984796 0.04442838 0.02520164 0.01900349
 0.0399205  0.01739746 0.04132426 0.00981147 0.06644619 0.03921785
 0.06079815 0.02319828 0.05411037 0.0058009  0.00984008 0.0235586
 0.05155848 0.01791078 0.00801951 0.01335312 0.00086432 0.0105227
 0.02538526 0.02966626 0.02472415 0.00267773 0.0502874  0.06682735
 0.05424702 0.01163351 0.01717074 0.0257057 ]
[0.00171388 0.04371148 0.01218933 0.0562193  0.05428644 0.01358004
 0.05102724 0.05456937 0.01177424 0.00340806 0.0250796  0.0219663
 0.02359454 0.00772745 0.01753105 0.00804969 0.02698991 0.03122412
 0.06372694 0.0008481  0.00812585 0.00045503 0.00032482 0.00441112
 0.05511616 0.01767368 0.0397306  0.01254184 0.00988795 0.01648363
 0.03424956 0.00920111 0.012222   0.05295385]
[0.00171388 0.04371148 0.01218933 0.0562193  0.05428644 0.01358004
 0.05102724 0.05456937 0.01177424 0.00340806 0.0250796  0.0219663
 0.02359454 0.00772745 0.01753105 0.00804969 0.02698991 0.03122412
 0.06372694 0.0008481  0.00812585 0.00045503 0.00032482 0.00441112
 0.05511616 0.01767368 0.0397306  0.01254184 0.00988795 0.01648363
 0.03424956 0.00920111 0.012222   0.05295385]
[0.00171388 0.04371148 0.01218933 0.0562193  0.05428644 0.01358004
 0.05102724 0.05456937 0.01177424 0.00340806 0.0250796  0.0219663
 0.02359454 0.00772745 0.01753105 0.00804969 0.02698991 0.03122412
 0.06372694 0.0008481  0.00812585 0.00045503 0.00032482 0.00441112
 0.05511616 0.01767368 0.0397306  0.01254184 0.00988795 0.01648363
 0.03424956 0.00920111 0.012222   0.05295385]
[0.00553397 0.07135404 0.00576374 0.00567216 0.00581069 0.01134007
 0.01566217 0.042295   0.0521572  0.0053841  0.05416223 0.00977817
 0.06126038 0.03643666 0.05419281 0.02324175 0.00737442 0.03007729
 0.05421907 0.00963832 0.00070251 0.01486482 0.00367651 0.0085666
 0.01536992 0.03303784 0.04581707 0.01665584 0.02100188 0.00566573
 0.00637601 0.02954843 0.02425943 0.0303144 ]
[0.00651689 0.03439034 0.01118344 0.0525259  0.00245203 0.01631895
 0.04023181 0.01042758 0.0682011  0.01045172 0.00794206 0.00106815
 0.00341347 0.02486694 0.02234441 0.02998981 0.00805395 0.01383009
 0.09910432 0.02305414 0.01142824 0.00792836 0.00673219 0.00398151
 0.02044275 0.00859253 0.03143034 0.00157475 0.03708177 0.02547359
 0.03722662 0.01770927 0.04379568 0.06646049]
[0.00651689 0.03439034 0.01118344 0.0525259  0.00245203 0.01631895
 0.04023181 0.01042758 0.0682011  0.01045172 0.00794206 0.00106815
 0.00341347 0.02486694 0.02234441 0.02998981 0.00805395 0.01383009
 0.09910432 0.02305414 0.01142824 0.00792836 0.00673219 0.00398151
 0.02044275 0.00859253 0.03143034 0.00157475 0.03708177 0.02547359
 0.03722662 0.01770927 0.04379568 0.06646049]
[0.00120682 0.05612677 0.01552962 0.00241069 0.02881603 0.04026883
 0.04531587 0.01274917 0.04145676 0.00075697 0.00142632 0.03802581
 0.03382051 0.04064347 0.04149733 0.01367528 0.00337653 0.00669329
 0.06511507 0.00313704 0.00098802 0.00937629 0.00494323 0.00066921
 0.0396376  0.0384082  0.01832114 0.03797719 0.04606936 0.01431548
 0.00548176 0.00132909 0.03179113 0.00537945]
[0.00120682 0.05612677 0.01552962 0.00241069 0.02881603 0.04026883
 0.04531587 0.01274917 0.04145676 0.00075697 0.00142632 0.03802581
 0.03382051 0.04064347 0.04149733 0.01367528 0.00337653 0.00669329
 0.06511507 0.00313704 0.00098802 0.00937629 0.00494323 0.00066921
 0.0396376  0.0384082  0.01832114 0.03797719 0.04606936 0.01431548
 0.00548176 0.00132909 0.03179113 0.00537945]
[0.00120682 0.05612677 0.01552962 0.00241069 0.02881603 0.04026883
 0.04531587 0.01274917 0.04145676 0.00075697 0.00142632 0.03802581
 0.03382051 0.04064347 0.04149733 0.01367528 0.00337653 0.00669329
 0.06511507 0.00313704 0.00098802 0.00937629 0.00494323 0.00066921
 0.0396376  0.0384082  0.01832114 0.03797719 0.04606936 0.01431548
 0.00548176 0.00132909 0.03179113 0.00537945]
[0.00628597 0.02639112 0.00968434 0.01105351 0.04741816 0.0382415
 0.06709993 0.03597544 0.05258751 0.0143513  0.00366455 0.02724588
 0.02897729 0.04115601 0.0125059  0.00274093 0.01880206 0.04225794
 0.02619062 0.01370715 0.00663859 0.01395613 0.00360828 0.00672967
 0.03570409 0.01017923 0.04072718 0.04769466 0.02425467 0.03368318
 0.04454553 0.0079119  0.02915143 0.0034225 ]
[0.00628597 0.02639112 0.00968434 0.01105351 0.04741816 0.0382415
 0.06709993 0.03597544 0.05258751 0.0143513  0.00366455 0.02724588
 0.02897729 0.04115601 0.0125059  0.00274093 0.01880206 0.04225794
 0.02619062 0.01370715 0.00663859 0.01395613 0.00360828 0.00672967
 0.03570409 0.01017923 0.04072718 0.04769466 0.02425467 0.03368318
 0.04454553 0.0079119  0.02915143 0.0034225 ]
[0.00628597 0.02639112 0.00968434 0.01105351 0.04741816 0.0382415
 0.06709993 0.03597544 0.05258751 0.0143513  0.00366455 0.02724588
 0.02897729 0.04115601 0.0125059  0.00274093 0.01880206 0.04225794
 0.02619062 0.01370715 0.00663859 0.01395613 0.00360828 0.00672967
 0.03570409 0.01017923 0.04072718 0.04769466 0.02425467 0.03368318
 0.04454553 0.0079119  0.02915143 0.0034225 ]
[0.00628597 0.02639112 0.00968434 0.01105351 0.04741816 0.0382415
 0.06709993 0.03597544 0.05258751 0.0143513  0.00366455 0.02724588
 0.02897729 0.04115601 0.0125059  0.00274093 0.01880206 0.04225794
 0.02619062 0.01370715 0.00663859 0.01395613 0.00360828 0.00672967
 0.03570409 0.01017923 0.04072718 0.04769466 0.02425467 0.03368318
 0.04454553 0.0079119  0.02915143 0.0034225 ]
[0.00628597 0.02639112 0.00968434 0.01105351 0.04741816 0.0382415
 0.06709993 0.03597544 0.05258751 0.0143513  0.00366455 0.02724588
 0.02897729 0.04115601 0.0125059  0.00274093 0.01880206 0.04225794
 0.02619062 0.01370715 0.00663859 0.01395613 0.00360828 0.00672967
 0.03570409 0.01017923 0.04072718 0.04769466 0.02425467 0.03368318
 0.04454553 0.0079119  0.02915143 0.0034225 ]
[0.00051386 0.04594003 0.00650572 0.02492348 0.04126138 0.02304299
 0.06167661 0.03509691 0.04868971 0.00731675 0.02954678 0.03370719
 0.05067506 0.0178333  0.04469952 0.00579691 0.0069265  0.02840738
 0.01410588 0.01577782 0.00742936 0.00980471 0.00257589 0.00394134
 0.05028648 0.0399194  0.01275071 0.07067449 0.02213024 0.04834791
 0.02678733 0.01671986 0.01987939 0.01906401]
[0.00446822 0.011175   0.00934331 0.06755139 0.01903462 0.01282544
 0.02804537 0.01669068 0.04727133 0.01290579 0.03074744 0.01571647
 0.03337202 0.01759205 0.04266635 0.01975028 0.02334838 0.00751312
 0.01839195 0.01697933 0.00821891 0.01592107 0.0066712  0.00629294
 0.05504416 0.01720856 0.00105828 0.05461505 0.01467447 0.01748039
 0.04403577 0.01083698 0.03110905 0.04830174]
