[0.00355177 0.06798749 0.00827381 0.0529641  0.00118498 0.03397095
 0.03751991 0.06513675 0.03728121 0.00599768 0.05209952 0.03507427
 0.02308985 0.05493473 0.03385606 0.02645751 0.01611956 0.01457103
 0.00734749 0.01221554 0.01296835 0.00101922 0.00212393 0.00410652
 0.07808223 0.00367353 0.00597262 0.01164618 0.02990263 0.07925845
 0.02547932 0.02347294 0.04232798 0.01326213]
[0.00785705 0.05596544 0.01757398 0.0132704  0.00556525 0.03902887
 0.08113843 0.06162053 0.01596562 0.01154951 0.0895608  0.01113888
 0.05002021 0.00660965 0.03226524 0.02825074 0.00157499 0.02480564
 0.05411095 0.00837628 0.01137458 0.00142021 0.00258444 0.01098886
 0.01146415 0.02005376 0.02496439 0.0579818  0.0264985  0.07939008
 0.00238152 0.01863447 0.03907673 0.05799442]
[0.00589435 0.02656847 0.00507524 0.00375333 0.04924743 0.0712226
 0.03829725 0.0302161  0.00926747 0.01036946 0.09695491 0.04869377
 0.04718849 0.00508956 0.00192273 0.01500057 0.05224218 0.01155486
 0.01131082 0.01271872 0.01052385 0.00019728 0.00461217 0.01361603
 0.04523196 0.02483443 0.05101431 0.05378276 0.04962335 0.04059522
 0.03777492 0.00932338 0.02362331 0.06737209]
[0.00867462 0.02523855 0.00055609 0.00527521 0.02705638 0.05008015
 0.06653662 0.02888031 0.04295304 0.01775689 0.04063297 0.0774246
 0.07699494 0.00776431 0.0478747  0.01603964 0.0200303  0.02354101
 0.01527969 0.00340644 0.00960036 0.01227521 0.00079822 0.00517491
 0.02764219 0.02809342 0.04042502 0.02154679 0.06092199 0.04691032
 0.07432646 0.00325459 0.00430759 0.04116897]
[0.00571133 0.04343797 0.00762805 0.01348159 0.0336203  0.00552282
 0.06181858 0.01972359 0.03126987 0.00487776 0.06112265 0.07766884
 0.00170129 0.02278734 0.03484322 0.00607919 0.04829249 0.03450228
 0.04333234 0.01258214 0.00825987 0.00512016 0.00455998 0.00104002
 0.03782908 0.01708818 0.03237647 0.05557412 0.07722115 0.05115466
 0.00478613 0.02177958 0.0375407  0.07028111]
[0.0002873  0.0197665  0.00888239 0.00362923 0.01650877 0.00893868
 0.07166348 0.06335315 0.01302084 0.00624191 0.02726649 0.08056761
 0.02181327 0.04377316 0.06762074 0.02047773 0.01844589 0.04338804
 0.04712987 0.0044459  0.0090952  0.01693124 0.00053604 0.00530456
 0.03819418 0.07459469 0.05415482 0.03117867 0.01050347 0.08534496
 0.0428867  0.01567161 0.00499785 0.0199114 ]
[0.00351653 0.05324901 0.02353811 0.06668652 0.04087329 0.03184252
 0.00758711 0.01559707 0.01529168 0.00824849 0.02412448 0.02620707
 0.07836718 0.03819413 0.00709108 0.0236559  0.05053667 0.02860557
 0.07962907 0.0236856  0.00889605 0.00795585 0.00599995 0.01568876
 0.08135099 0.02976425 0.02120391 0.03429218 0.0118059  0.01963185
 0.06470427 0.03328483 0.00683196 0.01111189]
[0.0051791  0.05247816 0.01165114 0.05942929 0.00055915 0.02483773
 0.03778784 0.03793312 0.02532294 0.0032448  0.05156569 0.03026248
 0.07127777 0.05138687 0.03879315 0.01732382 0.02542016 0.03218065
 0.05333861 0.0134862  0.00901337 0.00270174 0.00034891 0.00222099
 0.05241573 0.02900448 0.03194195 0.00663397 0.01529445 0.01567693
 0.02717651 0.01934384 0.02636259 0.02560627]
[0.00218751 0.03752027 0.01263595 0.06713498 0.01225673 0.03232504
 0.05347167 0.05101177 0.02586788 0.00824098 0.00346159 0.01724718
 0.07938752 0.06359697 0.03273156 0.00421554 0.00576216 0.00677449
 0.03234068 0.0086897  0.00038414 0.01337578 0.00209041 0.00902078
 0.06196302 0.03420367 0.01489769 0.04240815 0.03775567 0.05375036
 0.02839395 0.00489996 0.01614084 0.00890385]
[0.00218751 0.03752027 0.01263595 0.06713498 0.01225673 0.03232504
 0.05347167 0.05101177 0.02586788 0.00824098 0.00346159 0.01724718
 0.07938752 0.06359697 0.03273156 0.00421554 0.00576216 0.00677449
 0.03234068 0.0086897  0.00038414 0.01337578 0.00209041 0.00902078
 0.06196302 0.03420367 0.01489769 0.04240815 0.03775567 0.05375036
 0.02839395 0.00489996 0.01614084 0.00890385]
[0.00218751 0.03752027 0.01263595 0.06713498 0.01225673 0.03232504
 0.05347167 0.05101177 0.02586788 0.00824098 0.00346159 0.01724718
 0.07938752 0.06359697 0.03273156 0.00421554 0.00576216 0.00677449
 0.03234068 0.0086897  0.00038414 0.01337578 0.00209041 0.00902078
 0.06196302 0.03420367 0.01489769 0.04240815 0.03775567 0.05375036
 0.02839395 0.00489996 0.01614084 0.00890385]
[2.42491973e-03 7.22563466e-02 1.52057576e-02 4.72748340e-02
 2.64255666e-02 4.06368346e-02 4.00772173e-02 7.32167897e-03
 3.27545832e-02 6.69026822e-03 1.09282692e-02 4.30133474e-02
 7.90607838e-02 7.86610816e-03 5.75414555e-02 1.46434351e-02
 1.24894674e-02 4.13178406e-02 4.01411173e-02 2.52220613e-03
 1.14417778e-02 1.04816393e-02 2.74032997e-03 1.57483666e-02
 5.85830559e-02 4.04766686e-02 4.25704138e-02 2.57166218e-02
 3.73335422e-02 1.92322820e-02 3.44765704e-05 2.37428674e-02
 1.83780334e-03 4.65507663e-02]
[0.00086853 0.04552779 0.01321271 0.01997292 0.04171038 0.05580756
 0.04457905 0.06225158 0.05269936 0.01601995 0.04086772 0.07572646
 0.00986864 0.00788335 0.02394785 0.0087469  0.05592531 0.04678278
 0.0768147  0.00273617 0.00971558 0.01075147 0.0051345  0.00204547
 0.00981277 0.06360761 0.01394748 0.01167661 0.05379908 0.04905605
 0.02510696 0.01142197 0.02012563 0.00968838]
[7.47503421e-04 7.51347348e-02 1.93728995e-02 2.52658299e-02
 6.48621484e-02 5.54577821e-02 6.08438535e-02 3.17838874e-02
 1.44264307e-02 2.46637516e-03 6.68906214e-02 1.50795660e-02
 4.34352963e-02 1.05340361e-02 5.90106096e-02 8.88334999e-03
 4.37118267e-02 4.02243611e-02 6.21622669e-03 4.34811221e-03
 9.20722025e-03 8.81011026e-05 7.79989887e-06 1.53841645e-02
 3.56675544e-02 5.37699214e-02 1.66704657e-02 2.33050036e-02
 5.64354604e-02 5.50234210e-02 3.25374046e-02 5.67681740e-03
 1.60473073e-02 3.07571121e-02]
[0.00251255 0.03840998 0.01455962 0.00799547 0.05005361 0.07606171
 0.06039869 0.03295133 0.0091587  0.00518043 0.05124528 0.02169032
 0.06280179 0.01859979 0.01684376 0.0154388  0.00214076 0.02027497
 0.0362219  0.00980334 0.00847696 0.00691449 0.00261171 0.01277876
 0.01072038 0.0761416  0.04047679 0.04693736 0.03569064 0.02424269
 0.06175931 0.02311104 0.02896679 0.05415773]
[3.51956021e-03 4.37508213e-03 1.93584597e-02 4.03134577e-02
 3.06981684e-02 2.71118225e-02 1.02013219e-01 1.69721391e-02
 6.42628738e-02 1.89574776e-03 6.10303150e-02 1.25071045e-02
 1.37054692e-02 4.52948386e-02 5.77761213e-02 1.00976389e-02
 2.22157500e-02 5.90708796e-02 2.32497162e-04 2.86345419e-03
 1.41478583e-02 1.73593773e-02 9.65226698e-05 1.37522627e-02
 8.21805603e-03 6.03911544e-02 2.69999038e-02 4.26862528e-02
 2.07185380e-02 5.15266858e-02 5.61834436e-02 2.22876787e-02
 5.02011538e-02 1.73162350e-02]
[3.51956021e-03 4.37508213e-03 1.93584597e-02 4.03134577e-02
 3.06981684e-02 2.71118225e-02 1.02013219e-01 1.69721391e-02
 6.42628738e-02 1.89574776e-03 6.10303150e-02 1.25071045e-02
 1.37054692e-02 4.52948386e-02 5.77761213e-02 1.00976389e-02
 2.22157500e-02 5.90708796e-02 2.32497162e-04 2.86345419e-03
 1.41478583e-02 1.73593773e-02 9.65226698e-05 1.37522627e-02
 8.21805603e-03 6.03911544e-02 2.69999038e-02 4.26862528e-02
 2.07185380e-02 5.15266858e-02 5.61834436e-02 2.22876787e-02
 5.02011538e-02 1.73162350e-02]
[4.73131708e-03 4.50932678e-02 2.86172357e-05 5.41880410e-02
 2.26191308e-02 5.34869094e-02 5.74948554e-02 4.17647703e-02
 4.20508045e-02 1.28068735e-02 4.44545328e-02 4.33754761e-02
 1.45783419e-02 5.01935767e-02 2.87608366e-02 5.26450617e-03
 1.65826673e-02 2.69825052e-02 2.74004797e-02 9.57296548e-03
 4.18496949e-03 1.05965540e-02 4.69296828e-03 3.54794378e-03
 1.75239913e-03 2.49356142e-02 5.89330214e-02 5.53710212e-02
 4.13821234e-02 5.93723653e-02 5.05294033e-02 1.11385154e-03
 2.30131095e-02 1.56437534e-02]
[4.73131708e-03 4.50932678e-02 2.86172357e-05 5.41880410e-02
 2.26191308e-02 5.34869094e-02 5.74948554e-02 4.17647703e-02
 4.20508045e-02 1.28068735e-02 4.44545328e-02 4.33754761e-02
 1.45783419e-02 5.01935767e-02 2.87608366e-02 5.26450617e-03
 1.65826673e-02 2.69825052e-02 2.74004797e-02 9.57296548e-03
 4.18496949e-03 1.05965540e-02 4.69296828e-03 3.54794378e-03
 1.75239913e-03 2.49356142e-02 5.89330214e-02 5.53710212e-02
 4.13821234e-02 5.93723653e-02 5.05294033e-02 1.11385154e-03
 2.30131095e-02 1.56437534e-02]
[0.00854105 0.02972247 0.02240091 0.05630298 0.01191234 0.06881132
 0.02374047 0.0634256  0.05120337 0.01682713 0.05712156 0.03674803
 0.01902954 0.0177519  0.00481577 0.02197437 0.01228527 0.01828981
 0.00804698 0.00980661 0.01085099 0.00137415 0.00313003 0.00187982
 0.04890581 0.01160476 0.08880343 0.09918245 0.03351836 0.01872805
 0.00483083 0.00130133 0.03661186 0.04192682]
