[0.00279742 0.04093705 0.00354164 0.04693419 0.01635097 0.03435973
 0.01279267 0.02253925 0.03082223 0.00674017 0.05066343 0.0143799
 0.07641056 0.00150955 0.02404985 0.00513151 0.01213594 0.04434856
 0.00699894 0.01058968 0.00216395 0.01821806 0.00451968 0.01593834
 0.08831161 0.04108274 0.02389293 0.08203729 0.03566491 0.07245415
 0.00584623 0.02869807 0.02246849 0.03908877]
[0.00610575 0.01465635 0.01913315 0.06493504 0.03340043 0.04611849
 0.04539353 0.03021596 0.043728   0.01134549 0.05094563 0.04933886
 0.01922297 0.03954569 0.02090451 0.00052461 0.02442016 0.03849926
 0.04826814 0.0029818  0.00343436 0.00526422 0.00331876 0.01118707
 0.00340206 0.04706099 0.00359385 0.05912849 0.04220277 0.0489307
 0.03222757 0.01285944 0.02806012 0.04107476]
[0.00610575 0.01465635 0.01913315 0.06493504 0.03340043 0.04611849
 0.04539353 0.03021596 0.043728   0.01134549 0.05094563 0.04933886
 0.01922297 0.03954569 0.02090451 0.00052461 0.02442016 0.03849926
 0.04826814 0.0029818  0.00343436 0.00526422 0.00331876 0.01118707
 0.00340206 0.04706099 0.00359385 0.05912849 0.04220277 0.0489307
 0.03222757 0.01285944 0.02806012 0.04107476]
[0.00610575 0.01465635 0.01913315 0.06493504 0.03340043 0.04611849
 0.04539353 0.03021596 0.043728   0.01134549 0.05094563 0.04933886
 0.01922297 0.03954569 0.02090451 0.00052461 0.02442016 0.03849926
 0.04826814 0.0029818  0.00343436 0.00526422 0.00331876 0.01118707
 0.00340206 0.04706099 0.00359385 0.05912849 0.04220277 0.0489307
 0.03222757 0.01285944 0.02806012 0.04107476]
[0.00540565 0.01814901 0.01030521 0.0678951  0.03932206 0.02107792
 0.05307028 0.04026033 0.02995883 0.00566822 0.00404139 0.05324535
 0.01579354 0.03406617 0.00187817 0.01014664 0.03670983 0.0197063
 0.04125769 0.01051053 0.00177322 0.00922853 0.00413327 0.00339089
 0.02215159 0.02197805 0.04221162 0.01570387 0.01258194 0.04417333
 0.01666712 0.01652644 0.00408568 0.04790098]
[0.00465449 0.03693147 0.00876531 0.00459317 0.00110867 0.03658167
 0.06135661 0.07290127 0.01419441 0.0131366  0.02954686 0.09062738
 0.02408033 0.06070244 0.05209945 0.0062891  0.0550477  0.0275067
 0.01191346 0.00806699 0.01388894 0.00582769 0.00605915 0.00434539
 0.01761403 0.05063757 0.02822361 0.00551663 0.0159373  0.06862396
 0.04089131 0.02943191 0.03991243 0.01611001]
[0.00465449 0.03693147 0.00876531 0.00459317 0.00110867 0.03658167
 0.06135661 0.07290127 0.01419441 0.0131366  0.02954686 0.09062738
 0.02408033 0.06070244 0.05209945 0.0062891  0.0550477  0.0275067
 0.01191346 0.00806699 0.01388894 0.00582769 0.00605915 0.00434539
 0.01761403 0.05063757 0.02822361 0.00551663 0.0159373  0.06862396
 0.04089131 0.02943191 0.03991243 0.01611001]
[0.00510399 0.04385973 0.01183219 0.03174116 0.02877895 0.03812062
 0.0686491  0.03477365 0.05566529 0.00517224 0.02920208 0.06332429
 0.03168388 0.07085914 0.05133788 0.00123257 0.00937487 0.02205007
 0.01999303 0.01110036 0.00712964 0.00362671 0.00533554 0.00293912
 0.01781353 0.04722515 0.02601898 0.01812715 0.04535253 0.04234546
 0.06581722 0.01576289 0.03462973 0.00792318]
[0.00542864 0.03743019 0.0088378  0.04449339 0.04770676 0.02763602
 0.02612873 0.04714411 0.03407021 0.0087571  0.02728647 0.06716652
 0.04168898 0.02223024 0.04869788 0.0124298  0.04034906 0.01190836
 0.00929156 0.00245278 0.00509051 0.00840887 0.00115211 0.01142613
 0.03507039 0.05637271 0.02548681 0.04925588 0.04845403 0.04180038
 0.01845863 0.00687425 0.00023944 0.00149657]
[0.00559355 0.05677597 0.00393523 0.07928304 0.02801349 0.06781053
 0.00375538 0.00477565 0.01709409 0.01339351 0.03672805 0.05385365
 0.04232899 0.0375977  0.0022293  0.02460466 0.05328418 0.01842476
 0.05103466 0.0164396  0.00086795 0.00611946 0.00094886 0.0069279
 0.05561875 0.08387406 0.00765122 0.02272746 0.02222431 0.00187091
 0.03192774 0.00807787 0.03304976 0.01753342]
[0.00826436 0.01262377 0.02173154 0.05389053 0.06535942 0.03894192
 0.00937729 0.02656597 0.00890177 0.00996785 0.06422976 0.04939868
 0.07617638 0.00768728 0.00713629 0.00565282 0.01232527 0.03759439
 0.0882204  0.00697468 0.0027441  0.01673609 0.00040633 0.00923612
 0.01262295 0.02127546 0.04490596 0.03780488 0.0363917  0.04668169
 0.01624756 0.01019868 0.03470152 0.01545236]
[0.00217409 0.01077733 0.00810485 0.07332442 0.05887438 0.01465946
 0.03077796 0.03271767 0.00528645 0.01564543 0.050911   0.04710824
 0.06789618 0.01336263 0.05066293 0.02533738 0.0095507  0.04824023
 0.04714072 0.01788963 0.00520293 0.01419118 0.00484708 0.01149801
 0.05664167 0.01222572 0.0065889  0.01340094 0.03729563 0.00808304
 0.04701831 0.02939053 0.01940216 0.02035571]
[0.00241658 0.021193   0.01221053 0.01038342 0.03755133 0.00490545
 0.00247345 0.04917842 0.04097781 0.00343541 0.05104125 0.07105369
 0.01153254 0.02119338 0.06238306 0.02783249 0.03540315 0.0462213
 0.01301388 0.01943836 0.00918619 0.00050225 0.00196341 0.00592922
 0.07253205 0.04653727 0.00234886 0.06700408 0.07861498 0.01740667
 0.00968649 0.00135569 0.0287604  0.06562151]
[0.00609294 0.01784566 0.01719071 0.06289388 0.05866426 0.05498251
 0.05851854 0.03211596 0.03277817 0.00862259 0.04613881 0.01513233
 0.01614898 0.04024518 0.03314645 0.02299465 0.00068921 0.02371091
 0.03229658 0.01221125 0.00649154 0.00134455 0.00053488 0.00240135
 0.01984612 0.04846606 0.04659709 0.07414629 0.00171773 0.06186865
 0.0409944  0.01947345 0.02172914 0.03153752]
[0.00666062 0.02007706 0.01546127 0.08007613 0.00719637 0.01726344
 0.01701656 0.0327728  0.0069849  0.00548349 0.05266969 0.03103739
 0.01701833 0.03103033 0.00508357 0.00315198 0.01122686 0.02956198
 0.04838383 0.00517059 0.01082827 0.0148219  0.00611253 0.0028895
 0.04155236 0.01946829 0.05544477 0.02601055 0.01705059 0.01689382
 0.04503891 0.00022986 0.03187565 0.04502279]
[0.00666062 0.02007706 0.01546127 0.08007613 0.00719637 0.01726344
 0.01701656 0.0327728  0.0069849  0.00548349 0.05266969 0.03103739
 0.01701833 0.03103033 0.00508357 0.00315198 0.01122686 0.02956198
 0.04838383 0.00517059 0.01082827 0.0148219  0.00611253 0.0028895
 0.04155236 0.01946829 0.05544477 0.02601055 0.01705059 0.01689382
 0.04503891 0.00022986 0.03187565 0.04502279]
[0.00666062 0.02007706 0.01546127 0.08007613 0.00719637 0.01726344
 0.01701656 0.0327728  0.0069849  0.00548349 0.05266969 0.03103739
 0.01701833 0.03103033 0.00508357 0.00315198 0.01122686 0.02956198
 0.04838383 0.00517059 0.01082827 0.0148219  0.00611253 0.0028895
 0.04155236 0.01946829 0.05544477 0.02601055 0.01705059 0.01689382
 0.04503891 0.00022986 0.03187565 0.04502279]
[0.00666062 0.02007706 0.01546127 0.08007613 0.00719637 0.01726344
 0.01701656 0.0327728  0.0069849  0.00548349 0.05266969 0.03103739
 0.01701833 0.03103033 0.00508357 0.00315198 0.01122686 0.02956198
 0.04838383 0.00517059 0.01082827 0.0148219  0.00611253 0.0028895
 0.04155236 0.01946829 0.05544477 0.02601055 0.01705059 0.01689382
 0.04503891 0.00022986 0.03187565 0.04502279]
[0.00666062 0.02007706 0.01546127 0.08007613 0.00719637 0.01726344
 0.01701656 0.0327728  0.0069849  0.00548349 0.05266969 0.03103739
 0.01701833 0.03103033 0.00508357 0.00315198 0.01122686 0.02956198
 0.04838383 0.00517059 0.01082827 0.0148219  0.00611253 0.0028895
 0.04155236 0.01946829 0.05544477 0.02601055 0.01705059 0.01689382
 0.04503891 0.00022986 0.03187565 0.04502279]
[0.0064465  0.04240452 0.01507081 0.06928251 0.00026844 0.03429795
 0.05562806 0.04480687 0.01426098 0.00217121 0.0081285  0.01766159
 0.05783509 0.05441473 0.02048041 0.01184652 0.0491912  0.03851916
 0.06537009 0.00272315 0.00711141 0.00934603 0.00142223 0.01335622
 0.0638415  0.03551417 0.00883725 0.05534818 0.00034545 0.0374147
 0.00267385 0.01808612 0.00070492 0.04394678]
