Building DAG of jobs...
Using shell: /usr/bin/bash
Provided cores: 4
Rules claiming more threads will be scaled down.
Job counts:
	count	jobs
	1	run_single_chain
	1
Select jobs to execute...

[Wed Mar  3 14:18:01 2021]
rule run_single_chain:
    input: inter_results/network_c4_s461.nc, inter_results/sigma_s461.csv
    output: inter_results/network_c4_s481.nc
    jobid: 0
    wildcards: chain=4, sample=481
    threads: 4

/home/201403848/anaconda3_new/envs/pypsa-eur/bin/python3.8 /home/201403848/pypsa-mcmc/NOBACKUP/pypsa-eur-mcmc/pypsa-eur-mcmc/.snakemake/scripts/tmp69de_uj6.mh_chain.py
INFO:pypsa.io:Imported network network_c4_s461.nc has buses, carriers, generators, global_constraints, lines, links, loads, storage_units, stores
INFO:numexpr.utils:Note: NumExpr detected 64 cores but "NUMEXPR_MAX_THREADS" not set, so enforcing safe limit of 8.
INFO:pypsa.linopf:Prepare linear problem
INFO:pypsa.linopf:Total preparation time: 21.29s
INFO:pypsa.linopf:Solve linear problem using Gurobi solver
INFO:pypsa.linopf:Optimization successful. Objective value: 1.02e+11
INFO:root:sample rejected
INFO:pypsa.io:Imported network network_c4_s461.nc has buses, carriers, generators, global_constraints, lines, links, loads, storage_units, stores
INFO:pypsa.io:Exported network network_c4_s462.nc has lines, global_constraints, generators, stores, storage_units, links, loads, carriers, buses
INFO:pypsa.linopf:Prepare linear problem
INFO:pypsa.linopf:Total preparation time: 14.81s
INFO:pypsa.linopf:Solve linear problem using Gurobi solver
INFO:pypsa.linopf:Optimization successful. Objective value: 1.04e+11
INFO:root:sample rejected
INFO:pypsa.io:Imported network network_c4_s462.nc has buses, carriers, generators, global_constraints, lines, links, loads, storage_units, stores
INFO:pypsa.io:Exported network network_c4_s463.nc has lines, global_constraints, generators, stores, storage_units, links, loads, carriers, buses
INFO:pypsa.linopf:Prepare linear problem
INFO:pypsa.linopf:Total preparation time: 8.84s
INFO:pypsa.linopf:Solve linear problem using Gurobi solver
INFO:pypsa.linopf:Optimization successful. Objective value: 1.01e+11
INFO:root:sample accepted
INFO:pypsa.io:Exported network network_c4_s464.nc has lines, global_constraints, generators, stores, storage_units, links, loads, carriers, buses
INFO:pypsa.linopf:Prepare linear problem
INFO:pypsa.linopf:Total preparation time: 8.75s
INFO:pypsa.linopf:Solve linear problem using Gurobi solver
INFO:pypsa.linopf:Optimization successful. Objective value: 1.01e+11
INFO:root:sample accepted
INFO:pypsa.io:Exported network network_c4_s465.nc has lines, global_constraints, generators, stores, storage_units, links, loads, carriers, buses
INFO:pypsa.linopf:Prepare linear problem
INFO:pypsa.linopf:Total preparation time: 8.26s
INFO:pypsa.linopf:Solve linear problem using Gurobi solver
INFO:pypsa.linopf:Optimization successful. Objective value: 1.01e+11
INFO:root:sample accepted
INFO:pypsa.io:Exported network network_c4_s466.nc has lines, global_constraints, generators, stores, storage_units, links, loads, carriers, buses
INFO:pypsa.linopf:Prepare linear problem
INFO:pypsa.linopf:Total preparation time: 8.25s
INFO:pypsa.linopf:Solve linear problem using Gurobi solver
INFO:pypsa.linopf:Optimization successful. Objective value: 9.91e+10
INFO:root:sample accepted
INFO:pypsa.io:Exported network network_c4_s467.nc has lines, global_constraints, generators, stores, storage_units, links, loads, carriers, buses
INFO:pypsa.linopf:Prepare linear problem
INFO:pypsa.linopf:Total preparation time: 15.43s
INFO:pypsa.linopf:Solve linear problem using Gurobi solver
INFO:pypsa.linopf:Optimization successful. Objective value: 9.92e+10
INFO:root:sample accepted
INFO:pypsa.io:Exported network network_c4_s468.nc has lines, global_constraints, generators, stores, storage_units, links, loads, carriers, buses
INFO:pypsa.linopf:Prepare linear problem
INFO:pypsa.linopf:Total preparation time: 15.73s
INFO:pypsa.linopf:Solve linear problem using Gurobi solver
INFO:pypsa.linopf:Optimization successful. Objective value: 1.02e+11
INFO:root:sample accepted
INFO:pypsa.io:Exported network network_c4_s469.nc has lines, global_constraints, generators, stores, storage_units, links, loads, carriers, buses
INFO:pypsa.linopf:Prepare linear problem
INFO:pypsa.linopf:Total preparation time: 16.13s
INFO:pypsa.linopf:Solve linear problem using Gurobi solver
INFO:pypsa.linopf:Optimization successful. Objective value: 9.88e+10
INFO:root:sample accepted
INFO:pypsa.io:Exported network network_c4_s470.nc has lines, global_constraints, generators, stores, storage_units, links, loads, carriers, buses
INFO:pypsa.linopf:Prepare linear problem
INFO:pypsa.linopf:Total preparation time: 13.07s
INFO:pypsa.linopf:Solve linear problem using Gurobi solver
INFO:pypsa.linopf:Optimization successful. Objective value: 9.87e+10
INFO:root:sample accepted
INFO:pypsa.io:Exported network network_c4_s471.nc has lines, global_constraints, generators, stores, storage_units, links, loads, carriers, buses
INFO:pypsa.linopf:Prepare linear problem
INFO:pypsa.linopf:Total preparation time: 13.58s
INFO:pypsa.linopf:Solve linear problem using Gurobi solver
INFO:pypsa.linopf:Optimization successful. Objective value: 9.96e+10
INFO:root:sample accepted
INFO:pypsa.io:Exported network network_c4_s472.nc has lines, global_constraints, generators, stores, storage_units, links, loads, carriers, buses
INFO:pypsa.linopf:Prepare linear problem
INFO:pypsa.linopf:Total preparation time: 12.47s
INFO:pypsa.linopf:Solve linear problem using Gurobi solver
INFO:pypsa.linopf:Optimization successful. Objective value: 1.02e+11
INFO:root:sample accepted
INFO:pypsa.io:Exported network network_c4_s473.nc has lines, global_constraints, generators, stores, storage_units, links, loads, carriers, buses
INFO:pypsa.linopf:Prepare linear problem
INFO:pypsa.linopf:Total preparation time: 11.69s
INFO:pypsa.linopf:Solve linear problem using Gurobi solver
INFO:pypsa.linopf:Optimization successful. Objective value: 1.04e+11
INFO:root:sample accepted
INFO:pypsa.io:Exported network network_c4_s474.nc has lines, global_constraints, generators, stores, storage_units, links, loads, carriers, buses
INFO:pypsa.linopf:Prepare linear problem
INFO:pypsa.linopf:Total preparation time: 8.76s
INFO:pypsa.linopf:Solve linear problem using Gurobi solver
INFO:pypsa.linopf:Optimization successful. Objective value: 1.03e+11
INFO:root:sample rejected
INFO:pypsa.io:Imported network network_c4_s474.nc has buses, carriers, generators, global_constraints, lines, links, loads, storage_units, stores
INFO:pypsa.io:Exported network network_c4_s475.nc has lines, global_constraints, generators, stores, storage_units, links, loads, carriers, buses
INFO:pypsa.linopf:Prepare linear problem
INFO:pypsa.linopf:Total preparation time: 9.62s
INFO:pypsa.linopf:Solve linear problem using Gurobi solver
INFO:pypsa.linopf:Optimization successful. Objective value: 1.00e+11
INFO:root:sample accepted
INFO:pypsa.io:Exported network network_c4_s476.nc has lines, global_constraints, generators, stores, storage_units, links, loads, carriers, buses
INFO:pypsa.linopf:Prepare linear problem
INFO:pypsa.linopf:Total preparation time: 9.68s
INFO:pypsa.linopf:Solve linear problem using Gurobi solver
INFO:pypsa.linopf:Optimization successful. Objective value: 1.01e+11
INFO:root:sample accepted
INFO:pypsa.io:Exported network network_c4_s477.nc has lines, global_constraints, generators, stores, storage_units, links, loads, carriers, buses
INFO:pypsa.linopf:Prepare linear problem
INFO:pypsa.linopf:Total preparation time: 10.7s
INFO:pypsa.linopf:Solve linear problem using Gurobi solver
INFO:pypsa.linopf:Optimization successful. Objective value: 1.01e+11
INFO:root:sample accepted
INFO:pypsa.io:Exported network network_c4_s478.nc has lines, global_constraints, generators, stores, storage_units, links, loads, carriers, buses
INFO:pypsa.linopf:Prepare linear problem
INFO:pypsa.linopf:Total preparation time: 10.65s
INFO:pypsa.linopf:Solve linear problem using Gurobi solver
INFO:pypsa.linopf:Optimization successful. Objective value: 1.00e+11
INFO:root:sample accepted
INFO:pypsa.io:Exported network network_c4_s479.nc has lines, global_constraints, generators, stores, storage_units, links, loads, carriers, buses
INFO:pypsa.linopf:Prepare linear problem
INFO:pypsa.linopf:Total preparation time: 8.25s
INFO:pypsa.linopf:Solve linear problem using Gurobi solver
INFO:pypsa.linopf:Optimization successful. Objective value: 9.98e+10
INFO:root:sample accepted
INFO:pypsa.io:Exported network network_c4_s480.nc has lines, global_constraints, generators, stores, storage_units, links, loads, carriers, buses
INFO:pypsa.linopf:Prepare linear problem
INFO:pypsa.linopf:Total preparation time: 10.62s
INFO:pypsa.linopf:Solve linear problem using Gurobi solver
INFO:pypsa.linopf:Optimization successful. Objective value: 1.01e+11
INFO:root:sample accepted
INFO:pypsa.io:Exported network network_c4_s481.nc has lines, global_constraints, generators, stores, storage_units, links, loads, carriers, buses
[Wed Mar  3 14:31:18 2021]
Finished job 0.
1 of 1 steps (100%) done
