[0.00550319 0.02931582 0.00862282 0.02751028 0.0360784  0.01014513
 0.04887478 0.00193734 0.02868336 0.00508498 0.05167109 0.00934115
 0.07670678 0.0345886  0.03025125 0.01270967 0.00384629 0.04100972
 0.05579829 0.00150307 0.00757444 0.00677856 0.00387296 0.00956526
 0.03743977 0.02803592 0.04780206 0.02369233 0.0277919  0.05078146
 0.02763627 0.01852413 0.04593234 0.0134489 ]
[0.00464127 0.05058909 0.00658244 0.0228217  0.03474378 0.01216994
 0.05917379 0.02364445 0.03642515 0.0037122  0.04843268 0.01187358
 0.00403319 0.05268153 0.02407353 0.00071948 0.01492723 0.01735167
 0.04363628 0.01540202 0.00737968 0.00276127 0.00234229 0.00595675
 0.00524174 0.0006165  0.01758322 0.00630779 0.01849392 0.05724175
 0.04557167 0.00858704 0.03051839 0.02578717]
[0.00464127 0.05058909 0.00658244 0.0228217  0.03474378 0.01216994
 0.05917379 0.02364445 0.03642515 0.0037122  0.04843268 0.01187358
 0.00403319 0.05268153 0.02407353 0.00071948 0.01492723 0.01735167
 0.04363628 0.01540202 0.00737968 0.00276127 0.00234229 0.00595675
 0.00524174 0.0006165  0.01758322 0.00630779 0.01849392 0.05724175
 0.04557167 0.00858704 0.03051839 0.02578717]
[0.00306857 0.0548917  0.00952491 0.03650639 0.03413589 0.02290676
 0.02668639 0.024547   0.03909222 0.00437616 0.03029287 0.03509971
 0.02752814 0.04520153 0.04638309 0.01311551 0.03709187 0.01020694
 0.05391938 0.00776186 0.00584685 0.00072105 0.0047991  0.00655289
 0.02952743 0.00028416 0.00834888 0.00235675 0.02467425 0.03247321
 0.04100235 0.00422401 0.03142971 0.00564704]
[0.00306857 0.0548917  0.00952491 0.03650639 0.03413589 0.02290676
 0.02668639 0.024547   0.03909222 0.00437616 0.03029287 0.03509971
 0.02752814 0.04520153 0.04638309 0.01311551 0.03709187 0.01020694
 0.05391938 0.00776186 0.00584685 0.00072105 0.0047991  0.00655289
 0.02952743 0.00028416 0.00834888 0.00235675 0.02467425 0.03247321
 0.04100235 0.00422401 0.03142971 0.00564704]
[0.00306857 0.0548917  0.00952491 0.03650639 0.03413589 0.02290676
 0.02668639 0.024547   0.03909222 0.00437616 0.03029287 0.03509971
 0.02752814 0.04520153 0.04638309 0.01311551 0.03709187 0.01020694
 0.05391938 0.00776186 0.00584685 0.00072105 0.0047991  0.00655289
 0.02952743 0.00028416 0.00834888 0.00235675 0.02467425 0.03247321
 0.04100235 0.00422401 0.03142971 0.00564704]
[0.00306857 0.0548917  0.00952491 0.03650639 0.03413589 0.02290676
 0.02668639 0.024547   0.03909222 0.00437616 0.03029287 0.03509971
 0.02752814 0.04520153 0.04638309 0.01311551 0.03709187 0.01020694
 0.05391938 0.00776186 0.00584685 0.00072105 0.0047991  0.00655289
 0.02952743 0.00028416 0.00834888 0.00235675 0.02467425 0.03247321
 0.04100235 0.00422401 0.03142971 0.00564704]
[0.00514701 0.07805798 0.00067971 0.04481351 0.00501407 0.00578429
 0.00438841 0.00282833 0.04761277 0.01069374 0.00660432 0.03437971
 0.06313896 0.06551744 0.00439214 0.00811386 0.0451443  0.02147482
 0.03253104 0.0072587  0.00620045 0.009794   0.00187381 0.00796905
 0.04516769 0.04137241 0.00933582 0.01561518 0.00328068 0.06315616
 0.02773199 0.01956198 0.041336   0.01506076]
[0.00514701 0.07805798 0.00067971 0.04481351 0.00501407 0.00578429
 0.00438841 0.00282833 0.04761277 0.01069374 0.00660432 0.03437971
 0.06313896 0.06551744 0.00439214 0.00811386 0.0451443  0.02147482
 0.03253104 0.0072587  0.00620045 0.009794   0.00187381 0.00796905
 0.04516769 0.04137241 0.00933582 0.01561518 0.00328068 0.06315616
 0.02773199 0.01956198 0.041336   0.01506076]
[0.00498424 0.08145211 0.01569599 0.03218355 0.0029597  0.01765213
 0.00395938 0.00291651 0.0040226  0.00825884 0.04987781 0.08975688
 0.02092848 0.06363584 0.06504604 0.03090209 0.03287527 0.02973136
 0.00611106 0.01003318 0.00893034 0.00335777 0.00356318 0.00882374
 0.00178864 0.02595005 0.01963752 0.02027471 0.03905327 0.06761247
 0.04455933 0.0079569  0.05450364 0.07747346]
[0.00498424 0.08145211 0.01569599 0.03218355 0.0029597  0.01765213
 0.00395938 0.00291651 0.0040226  0.00825884 0.04987781 0.08975688
 0.02092848 0.06363584 0.06504604 0.03090209 0.03287527 0.02973136
 0.00611106 0.01003318 0.00893034 0.00335777 0.00356318 0.00882374
 0.00178864 0.02595005 0.01963752 0.02027471 0.03905327 0.06761247
 0.04455933 0.0079569  0.05450364 0.07747346]
[0.00580353 0.08242746 0.01305238 0.05783366 0.02892504 0.01554991
 0.02565457 0.02641527 0.01471319 0.00516384 0.04443801 0.01598772
 0.00989844 0.02800059 0.02527656 0.01064059 0.03773774 0.01828748
 0.01405216 0.00646074 0.00612078 0.01248324 0.00018773 0.00156063
 0.0249983  0.05397296 0.01431243 0.01832075 0.05849091 0.02796673
 0.02346598 0.02098491 0.03330593 0.01824337]
[0.00580353 0.08242746 0.01305238 0.05783366 0.02892504 0.01554991
 0.02565457 0.02641527 0.01471319 0.00516384 0.04443801 0.01598772
 0.00989844 0.02800059 0.02527656 0.01064059 0.03773774 0.01828748
 0.01405216 0.00646074 0.00612078 0.01248324 0.00018773 0.00156063
 0.0249983  0.05397296 0.01431243 0.01832075 0.05849091 0.02796673
 0.02346598 0.02098491 0.03330593 0.01824337]
[0.00623644 0.01305216 0.02014873 0.01558512 0.00940082 0.04603393
 0.02982623 0.00746634 0.01250562 0.01376153 0.07059752 0.03657639
 0.04804433 0.01981974 0.06618108 0.01823102 0.03483514 0.03298581
 0.01545941 0.01745363 0.00606868 0.00783564 0.00183589 0.00967373
 0.00371168 0.06656463 0.06046643 0.05488755 0.02292193 0.02432929
 0.02969814 0.01335572 0.02754745 0.05513239]
[0.0045118  0.00907122 0.00343178 0.03726303 0.02390875 0.071322
 0.00178415 0.02666035 0.03008719 0.00027455 0.04712585 0.01317148
 0.07271277 0.01301184 0.01823531 0.02713954 0.00021935 0.03992787
 0.0063197  0.02020324 0.0093926  0.00647313 0.0075473  0.01507147
 0.06134998 0.09986717 0.00651614 0.05399198 0.05681886 0.05121905
 0.00455069 0.02204966 0.00877518 0.06007449]
[0.00607902 0.01692438 0.01655739 0.01526502 0.02938386 0.02422976
 0.01647739 0.0178745  0.03042404 0.00341087 0.00499211 0.04472104
 0.05374617 0.04466235 0.0201889  0.0092281  0.02308658 0.00950257
 0.03853987 0.01540194 0.00741172 0.00297583 0.00484635 0.00077685
 0.057292   0.07511708 0.03622041 0.00419686 0.05089453 0.03663529
 0.01734219 0.00336463 0.02707658 0.05394139]
[0.00643916 0.00153447 0.00409984 0.00265846 0.05843561 0.05931445
 0.01343207 0.06290326 0.04571395 0.01653236 0.05936698 0.02640589
 0.01353122 0.04204869 0.05029602 0.00557573 0.02695901 0.03378981
 0.06566367 0.00252776 0.0091648  0.00258206 0.00494716 0.01399788
 0.07329523 0.07000433 0.00280582 0.04651587 0.03685633 0.00799801
 0.00314036 0.01764023 0.04249061 0.05440613]
[6.79543145e-03 2.18384030e-02 1.74791869e-02 1.64180137e-02
 6.27811104e-02 7.31436917e-02 1.63529846e-02 3.80969740e-02
 5.24942105e-02 5.25052141e-03 3.29388162e-02 1.49732967e-02
 4.96350409e-02 3.84228751e-02 2.11120326e-02 1.19775915e-02
 2.79255860e-02 1.94980215e-02 2.99193004e-02 2.23074570e-03
 7.56518773e-05 6.96757039e-03 7.45152597e-05 1.40809736e-02
 1.95069176e-02 9.12374273e-02 5.44177408e-02 2.76204842e-02
 1.89538958e-02 5.79216799e-03 1.87049634e-02 3.00009168e-02
 2.38593780e-02 1.57285541e-02]
[0.0010364  0.01098827 0.00737352 0.04018761 0.02327281 0.0713068
 0.05054328 0.02521388 0.04913598 0.00501607 0.00042376 0.00380024
 0.02701989 0.06113501 0.00456379 0.00861881 0.01616726 0.02761439
 0.05575089 0.00712596 0.00207089 0.01276677 0.00273783 0.00137657
 0.03581394 0.08861502 0.00133122 0.01814868 0.04764353 0.02265544
 0.00046247 0.00919311 0.00326063 0.04176999]
[0.0010364  0.01098827 0.00737352 0.04018761 0.02327281 0.0713068
 0.05054328 0.02521388 0.04913598 0.00501607 0.00042376 0.00380024
 0.02701989 0.06113501 0.00456379 0.00861881 0.01616726 0.02761439
 0.05575089 0.00712596 0.00207089 0.01276677 0.00273783 0.00137657
 0.03581394 0.08861502 0.00133122 0.01814868 0.04764353 0.02265544
 0.00046247 0.00919311 0.00326063 0.04176999]
