Building DAG of jobs...
Using shell: /usr/bin/bash
Provided cores: 4
Rules claiming more threads will be scaled down.
Job counts:
	count	jobs
	1	run_single_chain
	1
Select jobs to execute...

[Thu Mar  4 08:55:21 2021]
rule run_single_chain:
    input: inter_results/network_c1_s901.nc, inter_results/sigma_s901.csv
    output: inter_results/network_c1_s921.nc
    jobid: 0
    wildcards: chain=1, sample=921
    threads: 4

/home/201403848/anaconda3_new/envs/pypsa-eur/bin/python3.8 /home/201403848/pypsa-mcmc/NOBACKUP/pypsa-eur-mcmc/pypsa-eur-mcmc/.snakemake/scripts/tmp8vaskjyt.mh_chain.py
INFO:pypsa.io:Imported network network_c1_s901.nc has buses, carriers, generators, global_constraints, lines, links, loads, storage_units, stores
INFO:numexpr.utils:Note: NumExpr detected 64 cores but "NUMEXPR_MAX_THREADS" not set, so enforcing safe limit of 8.
INFO:pypsa.linopf:Prepare linear problem
INFO:pypsa.linopf:Total preparation time: 7.09s
INFO:pypsa.linopf:Solve linear problem using Gurobi solver
INFO:pypsa.linopf:Optimization successful. Objective value: 9.93e+10
INFO:root:sample accepted
INFO:pypsa.io:Exported network network_c1_s902.nc has lines, links, storage_units, global_constraints, carriers, stores, generators, buses, loads
INFO:pypsa.linopf:Prepare linear problem
INFO:pypsa.linopf:Total preparation time: 6.16s
INFO:pypsa.linopf:Solve linear problem using Gurobi solver
INFO:pypsa.linopf:Optimization successful. Objective value: 1.00e+11
INFO:root:sample accepted
INFO:pypsa.io:Exported network network_c1_s903.nc has lines, links, storage_units, global_constraints, carriers, stores, generators, buses, loads
INFO:pypsa.linopf:Prepare linear problem
INFO:pypsa.linopf:Total preparation time: 5.7s
INFO:pypsa.linopf:Solve linear problem using Gurobi solver
INFO:pypsa.linopf:Optimization successful. Objective value: 9.98e+10
INFO:root:sample accepted
INFO:pypsa.io:Exported network network_c1_s904.nc has lines, links, storage_units, global_constraints, carriers, stores, generators, buses, loads
INFO:pypsa.linopf:Prepare linear problem
INFO:pypsa.linopf:Total preparation time: 4.49s
INFO:pypsa.linopf:Solve linear problem using Gurobi solver
INFO:pypsa.linopf:Optimization successful. Objective value: 1.01e+11
INFO:root:sample accepted
INFO:pypsa.io:Exported network network_c1_s905.nc has lines, links, storage_units, global_constraints, carriers, stores, generators, buses, loads
INFO:pypsa.linopf:Prepare linear problem
INFO:pypsa.linopf:Total preparation time: 5.15s
INFO:pypsa.linopf:Solve linear problem using Gurobi solver
INFO:pypsa.linopf:Optimization successful. Objective value: 1.03e+11
INFO:root:sample accepted
INFO:pypsa.io:Exported network network_c1_s906.nc has lines, links, storage_units, global_constraints, carriers, stores, generators, buses, loads
INFO:pypsa.linopf:Prepare linear problem
INFO:pypsa.linopf:Total preparation time: 4.64s
INFO:pypsa.linopf:Solve linear problem using Gurobi solver
INFO:pypsa.linopf:Optimization successful. Objective value: 1.01e+11
INFO:root:sample accepted
INFO:pypsa.io:Exported network network_c1_s907.nc has lines, links, storage_units, global_constraints, carriers, stores, generators, buses, loads
INFO:pypsa.linopf:Prepare linear problem
INFO:pypsa.linopf:Total preparation time: 4.78s
INFO:pypsa.linopf:Solve linear problem using Gurobi solver
INFO:pypsa.linopf:Optimization successful. Objective value: 1.05e+11
INFO:root:sample rejected
INFO:pypsa.io:Imported network network_c1_s907.nc has buses, carriers, generators, global_constraints, lines, links, loads, storage_units, stores
INFO:pypsa.io:Exported network network_c1_s908.nc has lines, links, storage_units, global_constraints, carriers, stores, generators, buses, loads
INFO:pypsa.linopf:Prepare linear problem
INFO:pypsa.linopf:Total preparation time: 5.13s
INFO:pypsa.linopf:Solve linear problem using Gurobi solver
INFO:pypsa.linopf:Optimization successful. Objective value: 1.06e+11
INFO:root:sample rejected
INFO:pypsa.io:Imported network network_c1_s908.nc has buses, carriers, generators, global_constraints, lines, links, loads, storage_units, stores
INFO:pypsa.io:Exported network network_c1_s909.nc has lines, links, storage_units, global_constraints, carriers, stores, generators, buses, loads
INFO:pypsa.linopf:Prepare linear problem
INFO:pypsa.linopf:Total preparation time: 4.69s
INFO:pypsa.linopf:Solve linear problem using Gurobi solver
INFO:pypsa.linopf:Optimization successful. Objective value: 1.05e+11
INFO:root:sample rejected
INFO:pypsa.io:Imported network network_c1_s909.nc has buses, carriers, generators, global_constraints, lines, links, loads, storage_units, stores
INFO:pypsa.io:Exported network network_c1_s910.nc has lines, links, storage_units, global_constraints, carriers, stores, generators, buses, loads
INFO:pypsa.linopf:Prepare linear problem
INFO:pypsa.linopf:Total preparation time: 4.76s
INFO:pypsa.linopf:Solve linear problem using Gurobi solver
INFO:pypsa.linopf:Optimization successful. Objective value: 9.97e+10
INFO:root:sample accepted
INFO:pypsa.io:Exported network network_c1_s911.nc has lines, links, storage_units, global_constraints, carriers, stores, generators, buses, loads
INFO:pypsa.linopf:Prepare linear problem
INFO:pypsa.linopf:Total preparation time: 4.74s
INFO:pypsa.linopf:Solve linear problem using Gurobi solver
INFO:pypsa.linopf:Optimization successful. Objective value: 1.02e+11
INFO:root:sample accepted
INFO:pypsa.io:Exported network network_c1_s912.nc has lines, links, storage_units, global_constraints, carriers, stores, generators, buses, loads
INFO:pypsa.linopf:Prepare linear problem
INFO:pypsa.linopf:Total preparation time: 4.74s
INFO:pypsa.linopf:Solve linear problem using Gurobi solver
INFO:pypsa.linopf:Optimization successful. Objective value: 1.02e+11
INFO:root:sample accepted
INFO:pypsa.io:Exported network network_c1_s913.nc has lines, links, storage_units, global_constraints, carriers, stores, generators, buses, loads
INFO:pypsa.linopf:Prepare linear problem
INFO:pypsa.linopf:Total preparation time: 4.59s
INFO:pypsa.linopf:Solve linear problem using Gurobi solver
INFO:pypsa.linopf:Optimization successful. Objective value: 1.03e+11
INFO:root:sample rejected
INFO:pypsa.io:Imported network network_c1_s913.nc has buses, carriers, generators, global_constraints, lines, links, loads, storage_units, stores
INFO:pypsa.io:Exported network network_c1_s914.nc has lines, links, storage_units, global_constraints, carriers, stores, generators, buses, loads
INFO:pypsa.linopf:Prepare linear problem
INFO:pypsa.linopf:Total preparation time: 4.79s
INFO:pypsa.linopf:Solve linear problem using Gurobi solver
INFO:pypsa.linopf:Optimization successful. Objective value: 1.02e+11
INFO:root:sample accepted
INFO:pypsa.io:Exported network network_c1_s915.nc has lines, links, storage_units, global_constraints, carriers, stores, generators, buses, loads
INFO:pypsa.linopf:Prepare linear problem
INFO:pypsa.linopf:Total preparation time: 4.62s
INFO:pypsa.linopf:Solve linear problem using Gurobi solver
INFO:pypsa.linopf:Optimization successful. Objective value: 1.05e+11
INFO:root:sample rejected
INFO:pypsa.io:Imported network network_c1_s915.nc has buses, carriers, generators, global_constraints, lines, links, loads, storage_units, stores
INFO:pypsa.io:Exported network network_c1_s916.nc has lines, links, storage_units, global_constraints, carriers, stores, generators, buses, loads
INFO:pypsa.linopf:Prepare linear problem
INFO:pypsa.linopf:Total preparation time: 6.39s
INFO:pypsa.linopf:Solve linear problem using Gurobi solver
INFO:pypsa.linopf:Optimization successful. Objective value: 1.03e+11
INFO:root:sample rejected
INFO:pypsa.io:Imported network network_c1_s916.nc has buses, carriers, generators, global_constraints, lines, links, loads, storage_units, stores
INFO:pypsa.io:Exported network network_c1_s917.nc has lines, links, storage_units, global_constraints, carriers, stores, generators, buses, loads
INFO:pypsa.linopf:Prepare linear problem
INFO:pypsa.linopf:Total preparation time: 4.9s
INFO:pypsa.linopf:Solve linear problem using Gurobi solver
INFO:pypsa.linopf:Optimization successful. Objective value: 1.02e+11
INFO:root:sample accepted
INFO:pypsa.io:Exported network network_c1_s918.nc has lines, links, storage_units, global_constraints, carriers, stores, generators, buses, loads
INFO:pypsa.linopf:Prepare linear problem
INFO:pypsa.linopf:Total preparation time: 4.56s
INFO:pypsa.linopf:Solve linear problem using Gurobi solver
INFO:pypsa.linopf:Optimization successful. Objective value: 9.94e+10
INFO:root:sample accepted
INFO:pypsa.io:Exported network network_c1_s919.nc has lines, links, storage_units, global_constraints, carriers, stores, generators, buses, loads
INFO:pypsa.linopf:Prepare linear problem
INFO:pypsa.linopf:Total preparation time: 4.56s
INFO:pypsa.linopf:Solve linear problem using Gurobi solver
INFO:pypsa.linopf:Optimization successful. Objective value: 1.01e+11
INFO:root:sample accepted
INFO:pypsa.io:Exported network network_c1_s920.nc has lines, links, storage_units, global_constraints, carriers, stores, generators, buses, loads
INFO:pypsa.linopf:Prepare linear problem
INFO:pypsa.linopf:Total preparation time: 5.03s
INFO:pypsa.linopf:Solve linear problem using Gurobi solver
INFO:pypsa.linopf:Optimization successful. Objective value: 9.97e+10
INFO:root:sample accepted
INFO:pypsa.io:Exported network network_c1_s921.nc has lines, links, storage_units, global_constraints, carriers, stores, generators, buses, loads
[Thu Mar  4 09:06:30 2021]
Finished job 0.
1 of 1 steps (100%) done
