[0.00035661 0.05721497 0.00585703 0.05182061 0.03201216 0.03367009
 0.05980985 0.03488841 0.04941534 0.01410782 0.03122134 0.01590344
 0.00064133 0.07378553 0.02439982 0.01314455 0.03455546 0.04581301
 0.02081951 0.01445413 0.00354007 0.01264316 0.00576153 0.01161004
 0.03249611 0.02334706 0.00349207 0.00586359 0.023161   0.04004422
 0.04364149 0.02197405 0.0196887  0.00815547]
[4.88406137e-03 5.90549332e-02 1.28470372e-02 1.60534278e-02
 6.92516068e-05 4.74459311e-02 3.49013219e-02 7.81944448e-02
 2.51868840e-02 1.47725933e-03 5.18100371e-02 3.30684578e-02
 5.50227579e-03 7.70358225e-02 5.14216199e-02 1.56563000e-02
 8.73916508e-03 3.16923067e-02 3.90123075e-02 1.39790105e-02
 5.94538346e-03 6.35106476e-03 2.98731680e-03 1.23828155e-02
 2.41745366e-02 3.96908150e-02 7.25509860e-04 5.38457147e-02
 3.05151636e-02 5.54983883e-02 6.73383938e-02 2.11391824e-02
 9.65330142e-03 1.87098109e-03]
[0.00644108 0.06180932 0.00021294 0.02134318 0.03926308 0.03435932
 0.00852637 0.02714524 0.00389282 0.0123609  0.08184642 0.00169521
 0.05204259 0.04998171 0.05040101 0.00800028 0.05199002 0.0289349
 0.03017213 0.01717178 0.00606172 0.01205921 0.00114005 0.0090113
 0.03029615 0.0216342  0.00494853 0.07475407 0.00234266 0.06241915
 0.05761511 0.02394253 0.04180921 0.02532593]
[0.00181384 0.09058825 0.02071698 0.0031922  0.06280951 0.04417132
 0.04174382 0.01865202 0.00428898 0.00620615 0.01581063 0.01017933
 0.02950323 0.0220422  0.03714741 0.00237282 0.00633011 0.04332824
 0.06841471 0.01915325 0.006522   0.00325687 0.00375987 0.00717811
 0.05490534 0.05033738 0.04175668 0.02806538 0.00560948 0.03540584
 0.08288829 0.01193231 0.03324275 0.0185978 ]
[7.29629642e-04 9.53753858e-02 1.71382507e-02 3.94510567e-02
 2.59881943e-02 4.40803871e-03 1.49205135e-02 5.23666784e-02
 4.75269765e-02 7.85416675e-03 6.42035404e-03 1.50439983e-02
 6.03757730e-02 5.55901220e-02 4.96789282e-02 1.63896213e-02
 4.01363900e-02 3.58949506e-02 1.98550258e-02 2.99797637e-03
 8.10442606e-03 1.12560914e-02 4.16066257e-03 1.31822065e-02
 3.51045924e-02 2.81351525e-02 3.86388774e-02 3.30091626e-02
 2.40582420e-02 3.69871516e-02 4.79488536e-02 2.72507668e-05
 1.00704894e-02 4.62528236e-02]
[0.00063022 0.01319698 0.00727014 0.01995176 0.04377426 0.02075756
 0.02946687 0.00995644 0.02900776 0.01214865 0.02633341 0.03732387
 0.06721963 0.06082602 0.01032922 0.00599591 0.015288   0.02464045
 0.04839253 0.0031444  0.00110741 0.01105651 0.00397947 0.00553609
 0.05593114 0.0512217  0.04132468 0.04382291 0.03568305 0.00267001
 0.00678249 0.01036187 0.00350141 0.03118988]
[0.00393313 0.00414829 0.00269856 0.01904894 0.04966064 0.01645001
 0.02568666 0.0161028  0.0345775  0.00583938 0.04052446 0.03462667
 0.04244636 0.05374485 0.04077455 0.00711858 0.02126178 0.01906874
 0.05350135 0.01231155 0.0071989  0.00138308 0.00164286 0.00706505
 0.05041279 0.0380383  0.0635322  0.02088841 0.06688468 0.03314345
 0.03052702 0.02094276 0.00711556 0.05715623]
[0.0026976  0.03625362 0.00451735 0.05249311 0.04360565 0.00171568
 0.03543976 0.02983831 0.01404997 0.00421266 0.00116447 0.01459242
 0.06060087 0.07679876 0.02961118 0.0098869  0.05752255 0.00742054
 0.00351258 0.01905371 0.00757267 0.01643193 0.00384342 0.00460081
 0.05051426 0.04132032 0.04171651 0.06143249 0.01256162 0.01680852
 0.074843   0.0163767  0.00916893 0.07966929]
[0.00016187 0.08673387 0.02754609 0.00210955 0.07640915 0.04995087
 0.02088378 0.03352723 0.01460794 0.00072078 0.00349191 0.07822628
 0.01923064 0.00979207 0.02321248 0.00542748 0.03602273 0.04964526
 0.01119122 0.02281469 0.00501576 0.01504606 0.00132293 0.00823499
 0.0547816  0.01695707 0.05476153 0.08042676 0.01023707 0.07131691
 0.03139116 0.03497708 0.00459103 0.00785974]
[0.00323606 0.02649732 0.0221926  0.04164165 0.04825775 0.0787482
 0.01690056 0.04112901 0.02093713 0.00577198 0.01787532 0.04051547
 0.01682273 0.03591302 0.04303111 0.0271499  0.05580101 0.04690418
 0.00513739 0.01049555 0.00944248 0.00961248 0.00476971 0.00807013
 0.01865249 0.0324786  0.04423528 0.0308966  0.03222611 0.05805442
 0.07070928 0.02843131 0.01242502 0.0052827 ]
[0.00540498 0.02870801 0.01903587 0.0593347  0.05198303 0.0059398
 0.02461821 0.02047153 0.03751508 0.00580385 0.01719638 0.06995582
 0.02379657 0.03663474 0.0627805  0.00611775 0.02292596 0.00866566
 0.01720293 0.01139382 0.01003737 0.00963791 0.00172848 0.00545663
 0.01735784 0.03696565 0.00667856 0.03234984 0.05310241 0.06167318
 0.08509884 0.01693702 0.0350595  0.03291919]
[0.00671598 0.03666527 0.00054262 0.04480257 0.03481189 0.03226163
 0.05580067 0.0289351  0.0418883  0.00538819 0.02122004 0.06193212
 0.04656639 0.01781042 0.0463283  0.03014316 0.04194843 0.03625109
 0.0076728  0.00963199 0.00134983 0.00951627 0.00094777 0.00654986
 0.03314299 0.06019803 0.0265951  0.00053697 0.06302554 0.00155549
 0.07546919 0.00341751 0.04761888 0.03586988]
[0.00443843 0.00863353 0.01957916 0.02819766 0.03414451 0.01172515
 0.02867366 0.02662135 0.05909978 0.00799815 0.05716594 0.03125875
 0.03328231 0.00901    0.06083435 0.02218206 0.00550016 0.00693173
 0.026896   0.01059192 0.00494063 0.01266418 0.00238862 0.01268747
 0.072065   0.05999108 0.05934786 0.04002093 0.08259195 0.01517375
 0.05170508 0.00454734 0.04627538 0.03800923]
[0.00069179 0.05562011 0.01699973 0.06420874 0.05635848 0.03618227
 0.06577526 0.03566503 0.00499576 0.00362504 0.0526324  0.05877654
 0.07071168 0.06553598 0.02992536 0.02505795 0.01105216 0.0037046
 0.05048396 0.00152094 0.00643638 0.01020228 0.00348927 0.0008811
 0.02737956 0.04929221 0.0753413  0.0088907  0.00872637 0.02639232
 0.00098643 0.02907799 0.03682164 0.00266738]
[0.00417636 0.00291496 0.01507352 0.04292252 0.00987314 0.05772456
 0.03679778 0.02493291 0.04594929 0.00755877 0.0154592  0.06182429
 0.03921884 0.05498846 0.05632898 0.0116531  0.04489233 0.01054397
 0.02848407 0.01515425 0.00734666 0.00273676 0.00245258 0.00085035
 0.01169827 0.05409911 0.05865404 0.04985099 0.03669689 0.01539226
 0.01193075 0.00980017 0.02505999 0.0458748 ]
[0.00417636 0.00291496 0.01507352 0.04292252 0.00987314 0.05772456
 0.03679778 0.02493291 0.04594929 0.00755877 0.0154592  0.06182429
 0.03921884 0.05498846 0.05632898 0.0116531  0.04489233 0.01054397
 0.02848407 0.01515425 0.00734666 0.00273676 0.00245258 0.00085035
 0.01169827 0.05409911 0.05865404 0.04985099 0.03669689 0.01539226
 0.01193075 0.00980017 0.02505999 0.0458748 ]
[0.00051768 0.02616137 0.01385337 0.03832875 0.04829063 0.07250646
 0.06155051 0.03942854 0.03787166 0.00465335 0.05089691 0.04746142
 0.01388693 0.05872155 0.02565671 0.01149829 0.00032257 0.03240148
 0.00334019 0.00686701 0.00256641 0.00989638 0.00048129 0.00596147
 0.04607022 0.05944411 0.02732376 0.04255645 0.02429216 0.02393922
 0.00644062 0.0235188  0.03676349 0.03967044]
[0.00339826 0.043109   0.00821756 0.04321064 0.0439236  0.032509
 0.03774743 0.03166302 0.02136314 0.00861759 0.05464438 0.05381922
 0.02947187 0.04886783 0.02049018 0.00967804 0.00451543 0.00569216
 0.03587431 0.00638434 0.00898393 0.00700874 0.00291821 0.00095667
 0.02342467 0.00577974 0.02175145 0.04381226 0.01299081 0.04493179
 0.02685662 0.01548104 0.00422503 0.01037593]
[0.00339826 0.043109   0.00821756 0.04321064 0.0439236  0.032509
 0.03774743 0.03166302 0.02136314 0.00861759 0.05464438 0.05381922
 0.02947187 0.04886783 0.02049018 0.00967804 0.00451543 0.00569216
 0.03587431 0.00638434 0.00898393 0.00700874 0.00291821 0.00095667
 0.02342467 0.00577974 0.02175145 0.04381226 0.01299081 0.04493179
 0.02685662 0.01548104 0.00422503 0.01037593]
[5.99820035e-03 4.07726915e-02 2.32786618e-03 1.25075755e-02
 6.07708577e-02 2.96823612e-03 4.39683099e-05 4.32051979e-02
 7.14686231e-03 8.07616843e-03 5.90021350e-02 4.31067103e-02
 5.67060775e-02 2.72407391e-02 5.64096273e-02 5.75100345e-03
 3.82527303e-02 8.61157325e-03 5.71522053e-02 1.77353150e-02
 4.59010631e-04 1.07701234e-03 4.11607384e-03 2.34271126e-03
 4.87028760e-02 1.19763613e-03 2.21401501e-02 2.35681351e-02
 1.19242666e-02 3.43014103e-02 7.60990687e-03 2.35052747e-02
 2.42585091e-02 3.62041330e-02]
