[0.00388432 0.00179486 0.01274489 0.0167629  0.0136153  0.05483263
 0.06931936 0.01631362 0.01899662 0.01201301 0.03948286 0.06692826
 0.01106684 0.03906369 0.01350625 0.00754052 0.03499716 0.01778941
 0.02145597 0.01185729 0.00577967 0.01082772 0.00036449 0.01152301
 0.06186013 0.03293319 0.03609443 0.06121543 0.02040289 0.03181229
 0.04878925 0.0215044  0.01420879 0.05699099]
[0.00578208 0.03324099 0.01359177 0.021297   0.00832991 0.08091205
 0.08038373 0.0103865  0.02198253 0.00201482 0.03632842 0.00507509
 0.04636532 0.01083903 0.01006971 0.01472828 0.02096648 0.02343613
 0.04903797 0.00164211 0.00747683 0.00909445 0.00275299 0.0156302
 0.00836718 0.05289702 0.04319218 0.04918314 0.03014564 0.04718268
 0.0781196  0.01311786 0.03370144 0.01945729]
[0.00578208 0.03324099 0.01359177 0.021297   0.00832991 0.08091205
 0.08038373 0.0103865  0.02198253 0.00201482 0.03632842 0.00507509
 0.04636532 0.01083903 0.01006971 0.01472828 0.02096648 0.02343613
 0.04903797 0.00164211 0.00747683 0.00909445 0.00275299 0.0156302
 0.00836718 0.05289702 0.04319218 0.04918314 0.03014564 0.04718268
 0.0781196  0.01311786 0.03370144 0.01945729]
[0.00578208 0.03324099 0.01359177 0.021297   0.00832991 0.08091205
 0.08038373 0.0103865  0.02198253 0.00201482 0.03632842 0.00507509
 0.04636532 0.01083903 0.01006971 0.01472828 0.02096648 0.02343613
 0.04903797 0.00164211 0.00747683 0.00909445 0.00275299 0.0156302
 0.00836718 0.05289702 0.04319218 0.04918314 0.03014564 0.04718268
 0.0781196  0.01311786 0.03370144 0.01945729]
[0.00541951 0.00752598 0.00986399 0.05321646 0.03813483 0.07896506
 0.09263485 0.01927058 0.03003283 0.01361171 0.01782828 0.03458801
 0.0023215  0.0155118  0.05447381 0.02007572 0.02098168 0.0392414
 0.05673612 0.0054443  0.00412346 0.00392961 0.00012986 0.00443139
 0.01273207 0.04725219 0.01652455 0.04611395 0.01867556 0.04507463
 0.08340696 0.01460465 0.01071979 0.05860722]
[0.00782665 0.05320597 0.01047775 0.00476285 0.01355623 0.00811716
 0.12155119 0.0472446  0.00237653 0.0160659  0.00857043 0.01379746
 0.01777113 0.02111808 0.05839419 0.02991581 0.04569262 0.05456508
 0.0670422  0.01749379 0.00840308 0.00398746 0.00347758 0.00195064
 0.00460414 0.01013716 0.00268663 0.01590611 0.04203627 0.08172798
 0.05522336 0.02547501 0.04377973 0.01463633]
[0.00782665 0.05320597 0.01047775 0.00476285 0.01355623 0.00811716
 0.12155119 0.0472446  0.00237653 0.0160659  0.00857043 0.01379746
 0.01777113 0.02111808 0.05839419 0.02991581 0.04569262 0.05456508
 0.0670422  0.01749379 0.00840308 0.00398746 0.00347758 0.00195064
 0.00460414 0.01013716 0.00268663 0.01590611 0.04203627 0.08172798
 0.05522336 0.02547501 0.04377973 0.01463633]
[0.00572953 0.00206399 0.00527296 0.0199812  0.00787854 0.01759634
 0.06363397 0.04585337 0.02919698 0.00373935 0.03676376 0.0318539
 0.04792925 0.04356624 0.00565713 0.00591825 0.03644594 0.01111489
 0.0732037  0.01567571 0.0042287  0.01224951 0.00084146 0.00449307
 0.0532017  0.01233816 0.02309499 0.05945335 0.03019039 0.07262852
 0.005656   0.02241541 0.02519008 0.05202447]
[0.00020329 0.03732633 0.00926996 0.05108351 0.03584828 0.04266143
 0.00449496 0.0545188  0.00577736 0.00346196 0.00740599 0.04864151
 0.018679   0.05056612 0.03238072 0.00299642 0.03427909 0.02202944
 0.01028227 0.01651115 0.00869373 0.00409499 0.00102502 0.00057338
 0.04426038 0.02702294 0.03796445 0.05146065 0.02348893 0.02577339
 0.02700146 0.01247694 0.00360672 0.06307236]
[0.00020329 0.03732633 0.00926996 0.05108351 0.03584828 0.04266143
 0.00449496 0.0545188  0.00577736 0.00346196 0.00740599 0.04864151
 0.018679   0.05056612 0.03238072 0.00299642 0.03427909 0.02202944
 0.01028227 0.01651115 0.00869373 0.00409499 0.00102502 0.00057338
 0.04426038 0.02702294 0.03796445 0.05146065 0.02348893 0.02577339
 0.02700146 0.01247694 0.00360672 0.06307236]
[0.00282359 0.01851017 0.01254646 0.02951645 0.04732036 0.07387244
 0.03907803 0.05766646 0.02353116 0.0034877  0.04138228 0.00200058
 0.04733246 0.05846497 0.02558326 0.00674346 0.03225542 0.01658279
 0.05326936 0.00519949 0.00898418 0.01273648 0.00041581 0.01286253
 0.00482622 0.01957289 0.00473697 0.02915718 0.02431309 0.02912738
 0.03010269 0.00157398 0.0196793  0.06380354]
[0.00282359 0.01851017 0.01254646 0.02951645 0.04732036 0.07387244
 0.03907803 0.05766646 0.02353116 0.0034877  0.04138228 0.00200058
 0.04733246 0.05846497 0.02558326 0.00674346 0.03225542 0.01658279
 0.05326936 0.00519949 0.00898418 0.01273648 0.00041581 0.01286253
 0.00482622 0.01957289 0.00473697 0.02915718 0.02431309 0.02912738
 0.03010269 0.00157398 0.0196793  0.06380354]
[0.00282359 0.01851017 0.01254646 0.02951645 0.04732036 0.07387244
 0.03907803 0.05766646 0.02353116 0.0034877  0.04138228 0.00200058
 0.04733246 0.05846497 0.02558326 0.00674346 0.03225542 0.01658279
 0.05326936 0.00519949 0.00898418 0.01273648 0.00041581 0.01286253
 0.00482622 0.01957289 0.00473697 0.02915718 0.02431309 0.02912738
 0.03010269 0.00157398 0.0196793  0.06380354]
[0.00282359 0.01851017 0.01254646 0.02951645 0.04732036 0.07387244
 0.03907803 0.05766646 0.02353116 0.0034877  0.04138228 0.00200058
 0.04733246 0.05846497 0.02558326 0.00674346 0.03225542 0.01658279
 0.05326936 0.00519949 0.00898418 0.01273648 0.00041581 0.01286253
 0.00482622 0.01957289 0.00473697 0.02915718 0.02431309 0.02912738
 0.03010269 0.00157398 0.0196793  0.06380354]
[0.0006683  0.05572144 0.01928291 0.05066064 0.00027027 0.05313803
 0.05062998 0.00750136 0.0280031  0.01043133 0.00536915 0.04428568
 0.02576968 0.07892729 0.04131313 0.02671771 0.0349066  0.02798342
 0.00197718 0.0190539  0.00992916 0.00994416 0.00352751 0.01345996
 0.02283074 0.03753657 0.02753934 0.06146569 0.06553198 0.00393084
 0.03330869 0.00927054 0.00475867 0.05178215]
[0.00598794 0.03060319 0.0129934  0.07645321 0.01350341 0.0032814
 0.02696552 0.05724999 0.05360022 0.01150514 0.03625833 0.01759699
 0.0625261  0.09233596 0.04706151 0.01890223 0.03861847 0.0231957
 0.03499343 0.0072403  0.00818467 0.01496047 0.00118869 0.00906076
 0.01106305 0.00631921 0.01183576 0.06553543 0.05243379 0.02938378
 0.03277242 0.00639972 0.02783323 0.02422163]
[0.00605424 0.02299789 0.01444524 0.04758143 0.02650839 0.01984673
 0.02200297 0.03412951 0.00646452 0.01135741 0.03064306 0.01172015
 0.01833776 0.05357103 0.04523032 0.00840543 0.04549237 0.00928622
 0.02815254 0.0057654  0.00642139 0.00062239 0.00255603 0.01260597
 0.02651757 0.02363832 0.02380186 0.04129691 0.06646505 0.0025469
 0.05339208 0.01802576 0.01248001 0.0531044 ]
[0.00605424 0.02299789 0.01444524 0.04758143 0.02650839 0.01984673
 0.02200297 0.03412951 0.00646452 0.01135741 0.03064306 0.01172015
 0.01833776 0.05357103 0.04523032 0.00840543 0.04549237 0.00928622
 0.02815254 0.0057654  0.00642139 0.00062239 0.00255603 0.01260597
 0.02651757 0.02363832 0.02380186 0.04129691 0.06646505 0.0025469
 0.05339208 0.01802576 0.01248001 0.0531044 ]
[0.00154112 0.0113623  0.00124814 0.0273651  0.00863805 0.03199681
 0.06419857 0.02721138 0.05324481 0.00632004 0.04200317 0.04222964
 0.05127358 0.00623016 0.03247103 0.0259043  0.05905218 0.01357096
 0.02172871 0.01370579 0.00691246 0.00454071 0.00580815 0.00199673
 0.04211739 0.05914813 0.0013544  0.04687995 0.01817541 0.04343453
 0.05372189 0.02284109 0.01176745 0.02732704]
[0.00154112 0.0113623  0.00124814 0.0273651  0.00863805 0.03199681
 0.06419857 0.02721138 0.05324481 0.00632004 0.04200317 0.04222964
 0.05127358 0.00623016 0.03247103 0.0259043  0.05905218 0.01357096
 0.02172871 0.01370579 0.00691246 0.00454071 0.00580815 0.00199673
 0.04211739 0.05914813 0.0013544  0.04687995 0.01817541 0.04343453
 0.05372189 0.02284109 0.01176745 0.02732704]
