Building DAG of jobs...
Using shell: /usr/bin/bash
Provided cores: 4
Rules claiming more threads will be scaled down.
Job counts:
	count	jobs
	1	run_single_chain
	1
Select jobs to execute...

[Thu Mar  4 07:22:29 2021]
rule run_single_chain:
    input: inter_results/network_c1_s781.nc, inter_results/sigma_s781.csv
    output: inter_results/network_c1_s801.nc
    jobid: 0
    wildcards: chain=1, sample=801
    threads: 4

/home/201403848/anaconda3_new/envs/pypsa-eur/bin/python3.8 /home/201403848/pypsa-mcmc/NOBACKUP/pypsa-eur-mcmc/pypsa-eur-mcmc/.snakemake/scripts/tmpbdju8tco.mh_chain.py
INFO:pypsa.io:Imported network network_c1_s781.nc has buses, carriers, generators, global_constraints, lines, links, loads, storage_units, stores
INFO:numexpr.utils:Note: NumExpr detected 64 cores but "NUMEXPR_MAX_THREADS" not set, so enforcing safe limit of 8.
INFO:pypsa.linopf:Prepare linear problem
INFO:pypsa.linopf:Total preparation time: 35.87s
INFO:pypsa.linopf:Solve linear problem using Gurobi solver
INFO:pypsa.linopf:Optimization successful. Objective value: 9.94e+10
INFO:root:sample accepted
INFO:pypsa.io:Exported network network_c1_s782.nc has generators, loads, storage_units, carriers, lines, links, buses, stores, global_constraints
INFO:pypsa.linopf:Prepare linear problem
INFO:pypsa.linopf:Total preparation time: 14.98s
INFO:pypsa.linopf:Solve linear problem using Gurobi solver
INFO:pypsa.linopf:Optimization successful. Objective value: 1.02e+11
INFO:root:sample accepted
INFO:pypsa.io:Exported network network_c1_s783.nc has generators, loads, storage_units, carriers, lines, links, buses, stores, global_constraints
INFO:pypsa.linopf:Prepare linear problem
INFO:pypsa.linopf:Total preparation time: 15.08s
INFO:pypsa.linopf:Solve linear problem using Gurobi solver
INFO:pypsa.linopf:Optimization successful. Objective value: 9.82e+10
INFO:root:sample accepted
INFO:pypsa.io:Exported network network_c1_s784.nc has generators, loads, storage_units, carriers, lines, links, buses, stores, global_constraints
INFO:pypsa.linopf:Prepare linear problem
INFO:pypsa.linopf:Total preparation time: 16.19s
INFO:pypsa.linopf:Solve linear problem using Gurobi solver
INFO:pypsa.linopf:Optimization successful. Objective value: 9.96e+10
INFO:root:sample accepted
INFO:pypsa.io:Exported network network_c1_s785.nc has generators, loads, storage_units, carriers, lines, links, buses, stores, global_constraints
INFO:pypsa.linopf:Prepare linear problem
INFO:pypsa.linopf:Total preparation time: 14.76s
INFO:pypsa.linopf:Solve linear problem using Gurobi solver
INFO:pypsa.linopf:Optimization successful. Objective value: 1.00e+11
INFO:root:sample accepted
INFO:pypsa.io:Exported network network_c1_s786.nc has generators, loads, storage_units, carriers, lines, links, buses, stores, global_constraints
INFO:pypsa.linopf:Prepare linear problem
INFO:pypsa.linopf:Total preparation time: 14.87s
INFO:pypsa.linopf:Solve linear problem using Gurobi solver
INFO:pypsa.linopf:Optimization successful. Objective value: 1.01e+11
INFO:root:sample accepted
INFO:pypsa.io:Exported network network_c1_s787.nc has generators, loads, storage_units, carriers, lines, links, buses, stores, global_constraints
INFO:pypsa.linopf:Prepare linear problem
INFO:pypsa.linopf:Total preparation time: 25.21s
INFO:pypsa.linopf:Solve linear problem using Gurobi solver
INFO:pypsa.linopf:Optimization successful. Objective value: 1.05e+11
INFO:root:sample rejected
INFO:pypsa.io:Imported network network_c1_s787.nc has buses, carriers, generators, global_constraints, lines, links, loads, storage_units, stores
INFO:pypsa.io:Exported network network_c1_s788.nc has generators, loads, storage_units, carriers, lines, links, buses, stores, global_constraints
INFO:pypsa.linopf:Prepare linear problem
INFO:pypsa.linopf:Total preparation time: 23.32s
INFO:pypsa.linopf:Solve linear problem using Gurobi solver
INFO:pypsa.linopf:Optimization successful. Objective value: 1.00e+11
INFO:root:sample accepted
INFO:pypsa.io:Exported network network_c1_s789.nc has generators, loads, storage_units, carriers, lines, links, buses, stores, global_constraints
INFO:pypsa.linopf:Prepare linear problem
INFO:pypsa.linopf:Total preparation time: 11.15s
INFO:pypsa.linopf:Solve linear problem using Gurobi solver
INFO:pypsa.linopf:Optimization successful. Objective value: 1.00e+11
INFO:root:sample accepted
INFO:pypsa.io:Exported network network_c1_s790.nc has generators, loads, storage_units, carriers, lines, links, buses, stores, global_constraints
INFO:pypsa.linopf:Prepare linear problem
INFO:pypsa.linopf:Total preparation time: 18.62s
INFO:pypsa.linopf:Solve linear problem using Gurobi solver
INFO:pypsa.linopf:Optimization successful. Objective value: 1.03e+11
INFO:root:sample accepted
INFO:pypsa.io:Exported network network_c1_s791.nc has generators, loads, storage_units, carriers, lines, links, buses, stores, global_constraints
INFO:pypsa.linopf:Prepare linear problem
INFO:pypsa.linopf:Total preparation time: 25.26s
INFO:pypsa.linopf:Solve linear problem using Gurobi solver
INFO:pypsa.linopf:Optimization successful. Objective value: 9.97e+10
INFO:root:sample accepted
INFO:pypsa.io:Exported network network_c1_s792.nc has generators, loads, storage_units, carriers, lines, links, buses, stores, global_constraints
INFO:pypsa.linopf:Prepare linear problem
INFO:pypsa.linopf:Total preparation time: 20.38s
INFO:pypsa.linopf:Solve linear problem using Gurobi solver
INFO:pypsa.linopf:Optimization successful. Objective value: 9.72e+10
INFO:root:sample accepted
INFO:pypsa.io:Exported network network_c1_s793.nc has generators, loads, storage_units, carriers, lines, links, buses, stores, global_constraints
INFO:pypsa.linopf:Prepare linear problem
INFO:pypsa.linopf:Total preparation time: 9.34s
INFO:pypsa.linopf:Solve linear problem using Gurobi solver
INFO:pypsa.linopf:Optimization successful. Objective value: 9.88e+10
INFO:root:sample accepted
INFO:pypsa.io:Exported network network_c1_s794.nc has generators, loads, storage_units, carriers, lines, links, buses, stores, global_constraints
INFO:pypsa.linopf:Prepare linear problem
INFO:pypsa.linopf:Total preparation time: 16.63s
INFO:pypsa.linopf:Solve linear problem using Gurobi solver
INFO:pypsa.linopf:Optimization successful. Objective value: 1.00e+11
INFO:root:sample accepted
INFO:pypsa.io:Exported network network_c1_s795.nc has generators, loads, storage_units, carriers, lines, links, buses, stores, global_constraints
INFO:pypsa.linopf:Prepare linear problem
INFO:pypsa.linopf:Total preparation time: 18.94s
INFO:pypsa.linopf:Solve linear problem using Gurobi solver
INFO:pypsa.linopf:Optimization successful. Objective value: 1.01e+11
INFO:root:sample accepted
INFO:pypsa.io:Exported network network_c1_s796.nc has generators, loads, storage_units, carriers, lines, links, buses, stores, global_constraints
INFO:pypsa.linopf:Prepare linear problem
INFO:pypsa.linopf:Total preparation time: 18.92s
INFO:pypsa.linopf:Solve linear problem using Gurobi solver
INFO:pypsa.linopf:Optimization successful. Objective value: 9.99e+10
INFO:root:sample accepted
INFO:pypsa.io:Exported network network_c1_s797.nc has generators, loads, storage_units, carriers, lines, links, buses, stores, global_constraints
INFO:pypsa.linopf:Prepare linear problem
INFO:pypsa.linopf:Total preparation time: 14.86s
INFO:pypsa.linopf:Solve linear problem using Gurobi solver
INFO:pypsa.linopf:Optimization successful. Objective value: 1.01e+11
INFO:root:sample accepted
INFO:pypsa.io:Exported network network_c1_s798.nc has generators, loads, storage_units, carriers, lines, links, buses, stores, global_constraints
INFO:pypsa.linopf:Prepare linear problem
INFO:pypsa.linopf:Total preparation time: 14.82s
INFO:pypsa.linopf:Solve linear problem using Gurobi solver
INFO:pypsa.linopf:Optimization successful. Objective value: 9.99e+10
INFO:root:sample accepted
INFO:pypsa.io:Exported network network_c1_s799.nc has generators, loads, storage_units, carriers, lines, links, buses, stores, global_constraints
INFO:pypsa.linopf:Prepare linear problem
INFO:pypsa.linopf:Total preparation time: 16.18s
INFO:pypsa.linopf:Solve linear problem using Gurobi solver
INFO:pypsa.linopf:Optimization successful. Objective value: 1.05e+11
INFO:root:sample rejected
INFO:pypsa.io:Imported network network_c1_s799.nc has buses, carriers, generators, global_constraints, lines, links, loads, storage_units, stores
INFO:pypsa.io:Exported network network_c1_s800.nc has generators, loads, storage_units, carriers, lines, links, buses, stores, global_constraints
INFO:pypsa.linopf:Prepare linear problem
INFO:pypsa.linopf:Total preparation time: 11.0s
INFO:pypsa.linopf:Solve linear problem using Gurobi solver
INFO:pypsa.linopf:Optimization successful. Objective value: 1.01e+11
INFO:root:sample accepted
INFO:pypsa.io:Exported network network_c1_s801.nc has generators, loads, storage_units, carriers, lines, links, buses, stores, global_constraints
[Thu Mar  4 07:40:05 2021]
Finished job 0.
1 of 1 steps (100%) done
