[0.00503018 0.00847573 0.0009627  0.00531817 0.03768929 0.02392232
 0.02134202 0.05093966 0.03565956 0.00075549 0.03776421 0.02346803
 0.02216247 0.03046366 0.02021578 0.01204085 0.00558147 0.0275696
 0.0434435  0.01372063 0.00678166 0.01090686 0.00274005 0.00865051
 0.04907484 0.01915296 0.00979659 0.03997086 0.05781632 0.01537425
 0.01493239 0.00591801 0.00339251 0.05212132]
[0.0013649  0.01151477 0.00201762 0.01176645 0.01525362 0.00304169
 0.02521353 0.02785182 0.04647358 0.00121844 0.02552178 0.00840354
 0.04737017 0.04338231 0.02275928 0.00764368 0.00076236 0.02978766
 0.01752739 0.00227763 0.00772929 0.00491921 0.0006851  0.00204364
 0.04839976 0.04680252 0.03856582 0.0386024  0.02307543 0.00834215
 0.02194507 0.01338636 0.00355982 0.01717075]
[0.0013649  0.01151477 0.00201762 0.01176645 0.01525362 0.00304169
 0.02521353 0.02785182 0.04647358 0.00121844 0.02552178 0.00840354
 0.04737017 0.04338231 0.02275928 0.00764368 0.00076236 0.02978766
 0.01752739 0.00227763 0.00772929 0.00491921 0.0006851  0.00204364
 0.04839976 0.04680252 0.03856582 0.0386024  0.02307543 0.00834215
 0.02194507 0.01338636 0.00355982 0.01717075]
[0.0013649  0.01151477 0.00201762 0.01176645 0.01525362 0.00304169
 0.02521353 0.02785182 0.04647358 0.00121844 0.02552178 0.00840354
 0.04737017 0.04338231 0.02275928 0.00764368 0.00076236 0.02978766
 0.01752739 0.00227763 0.00772929 0.00491921 0.0006851  0.00204364
 0.04839976 0.04680252 0.03856582 0.0386024  0.02307543 0.00834215
 0.02194507 0.01338636 0.00355982 0.01717075]
[0.0013649  0.01151477 0.00201762 0.01176645 0.01525362 0.00304169
 0.02521353 0.02785182 0.04647358 0.00121844 0.02552178 0.00840354
 0.04737017 0.04338231 0.02275928 0.00764368 0.00076236 0.02978766
 0.01752739 0.00227763 0.00772929 0.00491921 0.0006851  0.00204364
 0.04839976 0.04680252 0.03856582 0.0386024  0.02307543 0.00834215
 0.02194507 0.01338636 0.00355982 0.01717075]
[0.0013649  0.01151477 0.00201762 0.01176645 0.01525362 0.00304169
 0.02521353 0.02785182 0.04647358 0.00121844 0.02552178 0.00840354
 0.04737017 0.04338231 0.02275928 0.00764368 0.00076236 0.02978766
 0.01752739 0.00227763 0.00772929 0.00491921 0.0006851  0.00204364
 0.04839976 0.04680252 0.03856582 0.0386024  0.02307543 0.00834215
 0.02194507 0.01338636 0.00355982 0.01717075]
[0.0013649  0.01151477 0.00201762 0.01176645 0.01525362 0.00304169
 0.02521353 0.02785182 0.04647358 0.00121844 0.02552178 0.00840354
 0.04737017 0.04338231 0.02275928 0.00764368 0.00076236 0.02978766
 0.01752739 0.00227763 0.00772929 0.00491921 0.0006851  0.00204364
 0.04839976 0.04680252 0.03856582 0.0386024  0.02307543 0.00834215
 0.02194507 0.01338636 0.00355982 0.01717075]
[0.00407319 0.00784249 0.00487923 0.00183726 0.02480891 0.03970038
 0.00940198 0.04419824 0.0113522  0.00681363 0.02648173 0.00300722
 0.05884482 0.05707886 0.03078989 0.00400863 0.0392852  0.01445157
 0.03627881 0.01396143 0.0039362  0.00594265 0.00122692 0.00041406
 0.03530351 0.02203308 0.03994081 0.04032941 0.04659236 0.03717432
 0.03487091 0.02214454 0.0208108  0.00435335]
[0.00407319 0.00784249 0.00487923 0.00183726 0.02480891 0.03970038
 0.00940198 0.04419824 0.0113522  0.00681363 0.02648173 0.00300722
 0.05884482 0.05707886 0.03078989 0.00400863 0.0392852  0.01445157
 0.03627881 0.01396143 0.0039362  0.00594265 0.00122692 0.00041406
 0.03530351 0.02203308 0.03994081 0.04032941 0.04659236 0.03717432
 0.03487091 0.02214454 0.0208108  0.00435335]
[0.00407319 0.00784249 0.00487923 0.00183726 0.02480891 0.03970038
 0.00940198 0.04419824 0.0113522  0.00681363 0.02648173 0.00300722
 0.05884482 0.05707886 0.03078989 0.00400863 0.0392852  0.01445157
 0.03627881 0.01396143 0.0039362  0.00594265 0.00122692 0.00041406
 0.03530351 0.02203308 0.03994081 0.04032941 0.04659236 0.03717432
 0.03487091 0.02214454 0.0208108  0.00435335]
[0.00407319 0.00784249 0.00487923 0.00183726 0.02480891 0.03970038
 0.00940198 0.04419824 0.0113522  0.00681363 0.02648173 0.00300722
 0.05884482 0.05707886 0.03078989 0.00400863 0.0392852  0.01445157
 0.03627881 0.01396143 0.0039362  0.00594265 0.00122692 0.00041406
 0.03530351 0.02203308 0.03994081 0.04032941 0.04659236 0.03717432
 0.03487091 0.02214454 0.0208108  0.00435335]
[0.00253761 0.05621117 0.00618641 0.01409772 0.05254535 0.04454791
 0.01106912 0.00948054 0.02731723 0.01523683 0.00684002 0.04221974
 0.04616505 0.02660843 0.02235724 0.0176993  0.00957588 0.03481662
 0.05430401 0.00297447 0.00780775 0.00964187 0.00094448 0.00680542
 0.06978718 0.05815122 0.0547137  0.04581088 0.0239261  0.00098545
 0.05101214 0.02461809 0.04040159 0.01176392]
[0.00657583 0.03833506 0.00019435 0.00650324 0.05003379 0.03513623
 0.02943208 0.00774663 0.02868119 0.00870936 0.02287966 0.02596963
 0.07302574 0.05431998 0.05600008 0.0125374  0.0440984  0.02756768
 0.07444339 0.00951793 0.00039502 0.00843226 0.00383461 0.01405932
 0.05808674 0.07615371 0.02142887 0.02707492 0.0154421  0.01279268
 0.00386151 0.0096645  0.03477789 0.03128822]
[0.00561537 0.00379973 0.0004781  0.01292714 0.02672385 0.01619297
 0.04614526 0.0096536  0.0002211  0.01413284 0.05248453 0.06507141
 0.06960007 0.06102776 0.0654272  0.00452474 0.02606688 0.04461668
 0.09124182 0.01294931 0.01167023 0.01167153 0.00152658 0.006615
 0.0035621  0.05462938 0.03439554 0.0345251  0.00936769 0.05901072
 0.02544192 0.01238392 0.03446907 0.01120067]
[0.00802569 0.03859628 0.01199467 0.06301602 0.02148629 0.02934391
 0.08801536 0.06628493 0.03846244 0.00518748 0.02406241 0.03417572
 0.03301968 0.03896635 0.0682948  0.00318163 0.02091076 0.00387286
 0.00213102 0.00357893 0.00410558 0.00213501 0.00508669 0.00964125
 0.03294941 0.05711395 0.08129766 0.02994669 0.04599724 0.00369526
 0.00310193 0.00496179 0.04672119 0.02898577]
[0.00802569 0.03859628 0.01199467 0.06301602 0.02148629 0.02934391
 0.08801536 0.06628493 0.03846244 0.00518748 0.02406241 0.03417572
 0.03301968 0.03896635 0.0682948  0.00318163 0.02091076 0.00387286
 0.00213102 0.00357893 0.00410558 0.00213501 0.00508669 0.00964125
 0.03294941 0.05711395 0.08129766 0.02994669 0.04599724 0.00369526
 0.00310193 0.00496179 0.04672119 0.02898577]
[0.00446255 0.03965085 0.00826402 0.04708551 0.03731797 0.02550075
 0.04442551 0.04829409 0.04200044 0.01177336 0.02374672 0.02206432
 0.0320633  0.00209707 0.0430557  0.01845958 0.03198827 0.0154499
 0.02783696 0.00914685 0.0031759  0.00640172 0.00473154 0.0041737
 0.04782288 0.05091422 0.01853431 0.02094181 0.02758664 0.00605132
 0.01678591 0.00578194 0.00579878 0.02009428]
[0.00308121 0.03953752 0.00949865 0.01314594 0.05733155 0.04283016
 0.01753319 0.0684931  0.00703968 0.00832429 0.03747867 0.03388667
 0.04668699 0.03456528 0.00340662 0.01274508 0.01758019 0.03789294
 0.00841617 0.01395753 0.00973281 0.01122328 0.00372671 0.00727283
 0.02962375 0.02302319 0.02816463 0.04771262 0.06046518 0.04265289
 0.01636928 0.00033976 0.01918958 0.04841427]
[2.98001694e-03 7.03512714e-02 1.06059222e-02 6.17623149e-02
 5.43209761e-02 7.01071427e-02 5.58236703e-02 5.02446665e-02
 1.22096569e-03 1.55666839e-02 7.36303736e-03 6.99711569e-02
 2.11074166e-02 6.88874506e-02 3.99016899e-02 1.56328461e-02
 1.81037271e-02 2.66810139e-02 1.90728889e-02 1.84175864e-03
 7.53311527e-03 4.08754141e-03 1.92133940e-03 1.96479331e-05
 2.66253208e-02 5.06940426e-02 2.01266991e-02 1.27325218e-02
 1.75983386e-02 3.43543684e-04 6.37510247e-02 6.75801166e-03
 2.07040755e-02 1.71431894e-02]
[0.00277769 0.02146802 0.01644654 0.0732306  0.04402501 0.01255097
 0.00750217 0.03446658 0.00068291 0.00432067 0.02219593 0.08368496
 0.05602384 0.01962608 0.02809006 0.00241777 0.03781382 0.01556511
 0.06667403 0.01039618 0.00749129 0.00189773 0.00288158 0.00677241
 0.00122871 0.07553372 0.06315645 0.02634185 0.03430061 0.05277109
 0.05743152 0.00303087 0.03384251 0.01703062]
