[0.00718608 0.06031057 0.00246633 0.0558165  0.06900134 0.00884905
 0.02347262 0.0012548  0.00037718 0.00682201 0.07506262 0.01669619
 0.06267894 0.0323889  0.02286459 0.00167442 0.05430718 0.01371893
 0.05607294 0.00556294 0.00594417 0.00685899 0.00033063 0.00742383
 0.00377816 0.01229284 0.00621872 0.0438785  0.06639738 0.01999347
 0.08622345 0.02434864 0.01257691 0.05965627]
[0.0066231  0.08183127 0.02277896 0.05887849 0.02932421 0.02099744
 0.04597328 0.00261116 0.0327558  0.00094717 0.08935032 0.03980935
 0.04349913 0.02304934 0.05536563 0.01102664 0.03517506 0.02573285
 0.03160866 0.0075016  0.01207686 0.00504911 0.0006471  0.00708185
 0.06040208 0.05386333 0.00773615 0.01402201 0.07043234 0.0170659
 0.0185138  0.02453336 0.02137202 0.00505984]
[0.00584728 0.01456843 0.01340499 0.06614036 0.04298323 0.02044658
 0.04016294 0.03424862 0.00922622 0.00143782 0.06398664 0.05447713
 0.04983701 0.02433889 0.00495071 0.01479503 0.03399822 0.01531994
 0.03390427 0.01403776 0.00650241 0.01082023 0.00175255 0.00397783
 0.01253934 0.02847351 0.03277667 0.01494196 0.06468909 0.0023582
 0.01792523 0.00194331 0.001041   0.04733241]
[0.00047969 0.04870852 0.01675085 0.06861409 0.04001374 0.00997005
 0.04656514 0.05447436 0.00994807 0.00757932 0.07280826 0.02591483
 0.02650292 0.02958478 0.03906356 0.01898426 0.00475094 0.03443837
 0.04799445 0.00990985 0.00836631 0.00142644 0.00084689 0.00930851
 0.0218094  0.01855267 0.00855348 0.00281414 0.05193037 0.03151121
 0.00929167 0.00819296 0.01578108 0.02790849]
[0.00391164 0.01175864 0.00746922 0.06406265 0.00377748 0.03271246
 0.04007585 0.02168021 0.03247646 0.00727718 0.07088569 0.04951881
 0.01473905 0.05418597 0.02113436 0.01310702 0.03990679 0.01852758
 0.03697802 0.01007868 0.00791098 0.00870264 0.00046407 0.00840642
 0.0056171  0.03329521 0.03920304 0.00929438 0.05036247 0.00301748
 0.03494229 0.01086919 0.02387274 0.00839321]
[0.00391164 0.01175864 0.00746922 0.06406265 0.00377748 0.03271246
 0.04007585 0.02168021 0.03247646 0.00727718 0.07088569 0.04951881
 0.01473905 0.05418597 0.02113436 0.01310702 0.03990679 0.01852758
 0.03697802 0.01007868 0.00791098 0.00870264 0.00046407 0.00840642
 0.0056171  0.03329521 0.03920304 0.00929438 0.05036247 0.00301748
 0.03494229 0.01086919 0.02387274 0.00839321]
[0.00765424 0.04137606 0.00276697 0.04711456 0.00605088 0.06387868
 0.02849383 0.07044872 0.01125245 0.01199037 0.05803755 0.00391638
 0.03488951 0.06314507 0.03072616 0.01234664 0.04076204 0.03303534
 0.00437195 0.0216144  0.01276779 0.0115065  0.0019693  0.01471334
 0.04167061 0.05154688 0.01665371 0.03542364 0.03186509 0.01033987
 0.05275306 0.00888668 0.03820085 0.01502728]
[0.00711072 0.04327547 0.02191142 0.01122196 0.0540524  0.0606299
 0.05863087 0.04955549 0.02597002 0.00450579 0.03299064 0.00979166
 0.05080923 0.04568776 0.04657925 0.01689833 0.01987112 0.00719389
 0.02040661 0.01728794 0.00534832 0.00609826 0.00064485 0.01139909
 0.05881472 0.05943561 0.00449945 0.03325878 0.02489145 0.00843017
 0.01871559 0.00301801 0.00602297 0.03024178]
[0.00377264 0.06291563 0.01918386 0.00529588 0.02032103 0.00109552
 0.07045871 0.06271225 0.03867497 0.01243289 0.0629957  0.06048255
 0.03270735 0.01894525 0.0306215  0.01416475 0.00207335 0.00211773
 0.04723689 0.00266245 0.00306588 0.00946949 0.0047857  0.01534826
 0.01704889 0.01988083 0.01370669 0.05425606 0.06184028 0.01713702
 0.01172512 0.00478553 0.01667959 0.05231377]
[0.00651072 0.04297747 0.0032626  0.02258628 0.07112605 0.05387073
 0.01653354 0.00508955 0.056302   0.01447976 0.03709156 0.05443666
 0.02764789 0.04891358 0.06955007 0.00843666 0.01225386 0.00617077
 0.01393545 0.00040425 0.00895371 0.0137203  0.0052361  0.00684299
 0.00875515 0.05623981 0.05488116 0.06120467 0.06794144 0.00208223
 0.05238166 0.00028965 0.03972734 0.0472648 ]
[0.00591733 0.05242687 0.01842416 0.00968349 0.02836611 0.00548258
 0.00199262 0.03584115 0.04663299 0.00205472 0.00552882 0.05325791
 0.04889381 0.0462658  0.03538916 0.00185568 0.04480155 0.03021963
 0.00521213 0.00520388 0.00413667 0.00192167 0.00183968 0.01260609
 0.03186639 0.02280367 0.08135764 0.06311796 0.08701216 0.01142574
 0.0200975  0.01862871 0.03759555 0.0745298 ]
[0.0072081  0.01319337 0.01387494 0.01694403 0.05959728 0.02826377
 0.00635538 0.01409792 0.04794267 0.00373118 0.06205297 0.00078779
 0.04317729 0.0113144  0.07483051 0.01669229 0.0567073  0.01038533
 0.0309831  0.00956984 0.00013387 0.00807527 0.00510785 0.01713144
 0.06301256 0.05449306 0.03817218 0.03858439 0.09605563 0.02693875
 0.05217294 0.03306261 0.01586267 0.01848562]
[0.0072081  0.01319337 0.01387494 0.01694403 0.05959728 0.02826377
 0.00635538 0.01409792 0.04794267 0.00373118 0.06205297 0.00078779
 0.04317729 0.0113144  0.07483051 0.01669229 0.0567073  0.01038533
 0.0309831  0.00956984 0.00013387 0.00807527 0.00510785 0.01713144
 0.06301256 0.05449306 0.03817218 0.03858439 0.09605563 0.02693875
 0.05217294 0.03306261 0.01586267 0.01848562]
[0.0072081  0.01319337 0.01387494 0.01694403 0.05959728 0.02826377
 0.00635538 0.01409792 0.04794267 0.00373118 0.06205297 0.00078779
 0.04317729 0.0113144  0.07483051 0.01669229 0.0567073  0.01038533
 0.0309831  0.00956984 0.00013387 0.00807527 0.00510785 0.01713144
 0.06301256 0.05449306 0.03817218 0.03858439 0.09605563 0.02693875
 0.05217294 0.03306261 0.01586267 0.01848562]
[0.00822006 0.01656995 0.01984514 0.03040407 0.07248507 0.05630236
 0.02245509 0.05666501 0.00624022 0.01600626 0.08782109 0.0096823
 0.06757998 0.03048013 0.03091622 0.03070969 0.01885367 0.02140744
 0.03930105 0.00811593 0.00718571 0.01622556 0.00845274 0.00841419
 0.01757434 0.00689729 0.06178566 0.02794619 0.08169545 0.04633927
 0.00111538 0.00027769 0.02565086 0.03739422]
[0.00311877 0.02847846 0.00323363 0.02457289 0.03111841 0.01683278
 0.03316936 0.02903773 0.03716862 0.01173688 0.08005604 0.01041227
 0.03539317 0.05934241 0.00917035 0.00030695 0.00216586 0.01782542
 0.06982156 0.01187483 0.00168514 0.01350289 0.00477333 0.00040271
 0.04686931 0.01177361 0.04467438 0.01864257 0.08804589 0.05458312
 0.00503134 0.02372507 0.02108215 0.00572493]
[0.0039338  0.01670941 0.02205856 0.00451761 0.04075129 0.05248218
 0.01731301 0.06991727 0.05998752 0.00257467 0.02336988 0.0067532
 0.00495821 0.06839334 0.05580455 0.00266541 0.00343595 0.00786742
 0.00998098 0.01951628 0.01187776 0.00533924 0.00486258 0.00846643
 0.08072138 0.04558537 0.07334522 0.06427972 0.0194745  0.02098381
 0.01037445 0.02287142 0.03857153 0.05269067]
[0.00483372 0.02490928 0.0117805  0.02036615 0.03317653 0.05951502
 0.03207105 0.07573187 0.05919613 0.01211217 0.06322836 0.02945841
 0.02989134 0.01062663 0.03096465 0.02388429 0.00112108 0.00740186
 0.01093688 0.0001932  0.00641114 0.01336732 0.00051027 0.01000367
 0.05357573 0.0268783  0.05530896 0.05551726 0.0214676  0.03697746
 0.02637909 0.01051283 0.03109013 0.07007265]
[0.00483372 0.02490928 0.0117805  0.02036615 0.03317653 0.05951502
 0.03207105 0.07573187 0.05919613 0.01211217 0.06322836 0.02945841
 0.02989134 0.01062663 0.03096465 0.02388429 0.00112108 0.00740186
 0.01093688 0.0001932  0.00641114 0.01336732 0.00051027 0.01000367
 0.05357573 0.0268783  0.05530896 0.05551726 0.0214676  0.03697746
 0.02637909 0.01051283 0.03109013 0.07007265]
[3.07024311e-03 5.33695916e-02 1.56422834e-02 1.93162045e-02
 2.07073652e-02 9.44365017e-02 3.01658902e-02 5.64392197e-02
 2.06470657e-02 4.77285834e-03 5.01246760e-02 1.08910730e-02
 2.97533383e-02 2.39827807e-02 4.18301875e-02 6.95660956e-04
 2.57481140e-02 4.40145434e-03 3.56561059e-02 1.00217975e-02
 1.27947847e-02 1.41606309e-02 2.66631222e-03 4.05058835e-05
 3.89020591e-02 5.88127529e-02 2.92376916e-02 6.28400166e-02
 2.18877700e-03 3.54214707e-02 4.60041938e-02 3.16380119e-02
 2.90036961e-02 8.34412086e-02]
