[0.0010364  0.01098827 0.00737352 0.04018761 0.02327281 0.0713068
 0.05054328 0.02521388 0.04913598 0.00501607 0.00042376 0.00380024
 0.02701989 0.06113501 0.00456379 0.00861881 0.01616726 0.02761439
 0.05575089 0.00712596 0.00207089 0.01276677 0.00273783 0.00137657
 0.03581394 0.08861502 0.00133122 0.01814868 0.04764353 0.02265544
 0.00046247 0.00919311 0.00326063 0.04176999]
[0.00272664 0.00838574 0.01376845 0.07808479 0.04953323 0.04494861
 0.06384838 0.02237615 0.04534755 0.0102281  0.03353858 0.019723
 0.02660972 0.04988609 0.03190166 0.02107296 0.01621082 0.01281097
 0.046995   0.00732084 0.01354706 0.00874448 0.00514113 0.01657857
 0.009566   0.07502783 0.04850301 0.04963593 0.02218461 0.01875988
 0.02619956 0.00911617 0.01107331 0.05389598]
[0.00018113 0.01645152 0.01494928 0.00158476 0.02221311 0.03291898
 0.04370205 0.03849156 0.03203361 0.00596407 0.01150818 0.05666294
 0.0016414  0.04242608 0.03812886 0.01387707 0.01208368 0.03043863
 0.06322135 0.00742567 0.00323461 0.00943899 0.00665458 0.00706639
 0.0567339  0.05138785 0.05741814 0.03197645 0.01047105 0.05454128
 0.02263923 0.01728441 0.0270082  0.01614482]
[7.96383076e-04 1.82274964e-02 9.32600665e-03 2.99780340e-02
 5.14813697e-02 5.10274368e-02 2.82480216e-03 3.49116398e-02
 4.35635517e-02 1.82466990e-03 4.64080108e-02 5.51553641e-02
 2.86469475e-02 6.33323271e-02 5.96522738e-02 7.25333732e-03
 2.24637634e-02 3.82178466e-02 4.86240142e-03 1.04896990e-03
 7.00180849e-03 9.86569418e-05 4.79875717e-05 2.85249778e-04
 3.49174201e-02 1.27527304e-02 3.29450889e-03 4.75314679e-02
 7.76126047e-03 6.51138722e-02 2.27700857e-02 1.53586933e-02
 1.26502919e-02 3.76053095e-02]
[0.00359934 0.03848361 0.00156069 0.01813142 0.04375703 0.01299323
 0.0363548  0.01413729 0.03793005 0.0064631  0.00953833 0.01287616
 0.04116323 0.06722924 0.03820328 0.01597323 0.02252043 0.03603428
 0.00602964 0.01678037 0.01106196 0.00108441 0.00333271 0.00241924
 0.01902214 0.03564985 0.00256849 0.04985067 0.03082398 0.04052566
 0.00534256 0.02459517 0.00845539 0.03045154]
[0.00175086 0.02744775 0.01066295 0.04005397 0.03599284 0.03933454
 0.04932939 0.01080832 0.04025178 0.00114853 0.02008959 0.0080383
 0.01450983 0.03535262 0.00410063 0.00299657 0.00203516 0.02670409
 0.03334531 0.01490195 0.00435799 0.00034783 0.00487468 0.00071612
 0.03697859 0.0408538  0.01273221 0.05218231 0.00863476 0.00507592
 0.0155876  0.0130849  0.01888255 0.02088561]
[0.00175086 0.02744775 0.01066295 0.04005397 0.03599284 0.03933454
 0.04932939 0.01080832 0.04025178 0.00114853 0.02008959 0.0080383
 0.01450983 0.03535262 0.00410063 0.00299657 0.00203516 0.02670409
 0.03334531 0.01490195 0.00435799 0.00034783 0.00487468 0.00071612
 0.03697859 0.0408538  0.01273221 0.05218231 0.00863476 0.00507592
 0.0155876  0.0130849  0.01888255 0.02088561]
[0.00084871 0.04245607 0.00803269 0.01140217 0.04523029 0.06382764
 0.01690769 0.02552768 0.04779301 0.00368193 0.04203635 0.04493015
 0.03259723 0.01206393 0.05234451 0.00408267 0.01288897 0.02141087
 0.04070625 0.01385992 0.01055556 0.00618196 0.00119452 0.01400684
 0.00512566 0.03310313 0.00222633 0.07267624 0.00874845 0.00793915
 0.01438184 0.02514839 0.00794705 0.05527987]
[0.00084871 0.04245607 0.00803269 0.01140217 0.04523029 0.06382764
 0.01690769 0.02552768 0.04779301 0.00368193 0.04203635 0.04493015
 0.03259723 0.01206393 0.05234451 0.00408267 0.01288897 0.02141087
 0.04070625 0.01385992 0.01055556 0.00618196 0.00119452 0.01400684
 0.00512566 0.03310313 0.00222633 0.07267624 0.00874845 0.00793915
 0.01438184 0.02514839 0.00794705 0.05527987]
[0.00084871 0.04245607 0.00803269 0.01140217 0.04523029 0.06382764
 0.01690769 0.02552768 0.04779301 0.00368193 0.04203635 0.04493015
 0.03259723 0.01206393 0.05234451 0.00408267 0.01288897 0.02141087
 0.04070625 0.01385992 0.01055556 0.00618196 0.00119452 0.01400684
 0.00512566 0.03310313 0.00222633 0.07267624 0.00874845 0.00793915
 0.01438184 0.02514839 0.00794705 0.05527987]
[0.00084871 0.04245607 0.00803269 0.01140217 0.04523029 0.06382764
 0.01690769 0.02552768 0.04779301 0.00368193 0.04203635 0.04493015
 0.03259723 0.01206393 0.05234451 0.00408267 0.01288897 0.02141087
 0.04070625 0.01385992 0.01055556 0.00618196 0.00119452 0.01400684
 0.00512566 0.03310313 0.00222633 0.07267624 0.00874845 0.00793915
 0.01438184 0.02514839 0.00794705 0.05527987]
[0.00084871 0.04245607 0.00803269 0.01140217 0.04523029 0.06382764
 0.01690769 0.02552768 0.04779301 0.00368193 0.04203635 0.04493015
 0.03259723 0.01206393 0.05234451 0.00408267 0.01288897 0.02141087
 0.04070625 0.01385992 0.01055556 0.00618196 0.00119452 0.01400684
 0.00512566 0.03310313 0.00222633 0.07267624 0.00874845 0.00793915
 0.01438184 0.02514839 0.00794705 0.05527987]
[0.00084871 0.04245607 0.00803269 0.01140217 0.04523029 0.06382764
 0.01690769 0.02552768 0.04779301 0.00368193 0.04203635 0.04493015
 0.03259723 0.01206393 0.05234451 0.00408267 0.01288897 0.02141087
 0.04070625 0.01385992 0.01055556 0.00618196 0.00119452 0.01400684
 0.00512566 0.03310313 0.00222633 0.07267624 0.00874845 0.00793915
 0.01438184 0.02514839 0.00794705 0.05527987]
[0.00084871 0.04245607 0.00803269 0.01140217 0.04523029 0.06382764
 0.01690769 0.02552768 0.04779301 0.00368193 0.04203635 0.04493015
 0.03259723 0.01206393 0.05234451 0.00408267 0.01288897 0.02141087
 0.04070625 0.01385992 0.01055556 0.00618196 0.00119452 0.01400684
 0.00512566 0.03310313 0.00222633 0.07267624 0.00874845 0.00793915
 0.01438184 0.02514839 0.00794705 0.05527987]
[0.00084871 0.04245607 0.00803269 0.01140217 0.04523029 0.06382764
 0.01690769 0.02552768 0.04779301 0.00368193 0.04203635 0.04493015
 0.03259723 0.01206393 0.05234451 0.00408267 0.01288897 0.02141087
 0.04070625 0.01385992 0.01055556 0.00618196 0.00119452 0.01400684
 0.00512566 0.03310313 0.00222633 0.07267624 0.00874845 0.00793915
 0.01438184 0.02514839 0.00794705 0.05527987]
[0.00084871 0.04245607 0.00803269 0.01140217 0.04523029 0.06382764
 0.01690769 0.02552768 0.04779301 0.00368193 0.04203635 0.04493015
 0.03259723 0.01206393 0.05234451 0.00408267 0.01288897 0.02141087
 0.04070625 0.01385992 0.01055556 0.00618196 0.00119452 0.01400684
 0.00512566 0.03310313 0.00222633 0.07267624 0.00874845 0.00793915
 0.01438184 0.02514839 0.00794705 0.05527987]
[0.00084871 0.04245607 0.00803269 0.01140217 0.04523029 0.06382764
 0.01690769 0.02552768 0.04779301 0.00368193 0.04203635 0.04493015
 0.03259723 0.01206393 0.05234451 0.00408267 0.01288897 0.02141087
 0.04070625 0.01385992 0.01055556 0.00618196 0.00119452 0.01400684
 0.00512566 0.03310313 0.00222633 0.07267624 0.00874845 0.00793915
 0.01438184 0.02514839 0.00794705 0.05527987]
[0.00253812 0.02151741 0.01547542 0.04142945 0.05300525 0.0785598
 0.06568286 0.02255362 0.01145581 0.01114189 0.0297435  0.03625005
 0.04085208 0.0372765  0.02738873 0.01008716 0.03666466 0.04355535
 0.01954082 0.00436518 0.01139463 0.01607804 0.0031729  0.00075452
 0.02829535 0.01556614 0.00022859 0.04569423 0.05184711 0.03867087
 0.04213325 0.02774355 0.0189223  0.00496413]
[0.00320339 0.04913174 0.00118587 0.04937825 0.02647386 0.06997225
 0.06080824 0.01784446 0.04731184 0.01185727 0.03323747 0.05870936
 0.04134971 0.027197   0.05065194 0.0119398  0.01584891 0.02508736
 0.00045233 0.01189774 0.00754314 0.00885698 0.00082739 0.00996277
 0.05169891 0.01457991 0.04057099 0.04764458 0.04344131 0.0318721
 0.03565973 0.01246172 0.01337675 0.02822021]
[0.00326124 0.07944652 0.01679617 0.03374859 0.04191911 0.06287659
 0.01046575 0.01991754 0.04690031 0.01435066 0.0647789  0.04810306
 0.07084103 0.02676794 0.04319327 0.02160388 0.03752702 0.00622729
 0.02332304 0.01313202 0.00263614 0.00145018 0.00516962 0.00568037
 0.00394534 0.0307112  0.0255502  0.02944058 0.01635126 0.0538085
 0.06524699 0.00779799 0.00856323 0.04568277]
