Building DAG of jobs...
Using shell: /usr/bin/bash
Provided cores: 4
Rules claiming more threads will be scaled down.
Job counts:
	count	jobs
	1	run_single_chain
	1
Select jobs to execute...

[Thu Mar  4 09:08:22 2021]
rule run_single_chain:
    input: inter_results/network_c3_s921.nc, inter_results/sigma_s921.csv
    output: inter_results/network_c3_s941.nc
    jobid: 0
    wildcards: chain=3, sample=941
    threads: 4

/home/201403848/anaconda3_new/envs/pypsa-eur/bin/python3.8 /home/201403848/pypsa-mcmc/NOBACKUP/pypsa-eur-mcmc/pypsa-eur-mcmc/.snakemake/scripts/tmpn0j5abe8.mh_chain.py
INFO:pypsa.io:Imported network network_c3_s921.nc has buses, carriers, generators, global_constraints, lines, links, loads, storage_units, stores
INFO:numexpr.utils:Note: NumExpr detected 64 cores but "NUMEXPR_MAX_THREADS" not set, so enforcing safe limit of 8.
INFO:pypsa.linopf:Prepare linear problem
INFO:pypsa.linopf:Total preparation time: 6.9s
INFO:pypsa.linopf:Solve linear problem using Gurobi solver
INFO:pypsa.linopf:Optimization successful. Objective value: 1.02e+11
INFO:root:sample rejected
INFO:pypsa.io:Imported network network_c3_s921.nc has buses, carriers, generators, global_constraints, lines, links, loads, storage_units, stores
INFO:pypsa.io:Exported network network_c3_s922.nc has buses, loads, generators, lines, storage_units, global_constraints, links, stores, carriers
INFO:pypsa.linopf:Prepare linear problem
INFO:pypsa.linopf:Total preparation time: 5.95s
INFO:pypsa.linopf:Solve linear problem using Gurobi solver
INFO:pypsa.linopf:Optimization successful. Objective value: 1.02e+11
INFO:root:sample accepted
INFO:pypsa.io:Exported network network_c3_s923.nc has buses, loads, generators, lines, storage_units, global_constraints, links, stores, carriers
INFO:pypsa.linopf:Prepare linear problem
INFO:pypsa.linopf:Total preparation time: 11.25s
INFO:pypsa.linopf:Solve linear problem using Gurobi solver
INFO:pypsa.linopf:Optimization successful. Objective value: 1.05e+11
INFO:root:sample rejected
INFO:pypsa.io:Imported network network_c3_s923.nc has buses, carriers, generators, global_constraints, lines, links, loads, storage_units, stores
INFO:pypsa.io:Exported network network_c3_s924.nc has buses, loads, generators, lines, storage_units, global_constraints, links, stores, carriers
INFO:pypsa.linopf:Prepare linear problem
INFO:pypsa.linopf:Total preparation time: 5.88s
INFO:pypsa.linopf:Solve linear problem using Gurobi solver
INFO:pypsa.linopf:Optimization successful. Objective value: 1.04e+11
INFO:root:sample rejected
INFO:pypsa.io:Imported network network_c3_s924.nc has buses, carriers, generators, global_constraints, lines, links, loads, storage_units, stores
INFO:pypsa.io:Exported network network_c3_s925.nc has buses, loads, generators, lines, storage_units, global_constraints, links, stores, carriers
INFO:pypsa.linopf:Prepare linear problem
INFO:pypsa.linopf:Total preparation time: 4.89s
INFO:pypsa.linopf:Solve linear problem using Gurobi solver
INFO:pypsa.linopf:Optimization successful. Objective value: 1.01e+11
INFO:root:sample accepted
INFO:pypsa.io:Exported network network_c3_s926.nc has buses, loads, generators, lines, storage_units, global_constraints, links, stores, carriers
INFO:pypsa.linopf:Prepare linear problem
INFO:pypsa.linopf:Total preparation time: 4.81s
INFO:pypsa.linopf:Solve linear problem using Gurobi solver
INFO:pypsa.linopf:Optimization successful. Objective value: 9.93e+10
INFO:root:sample accepted
INFO:pypsa.io:Exported network network_c3_s927.nc has buses, loads, generators, lines, storage_units, global_constraints, links, stores, carriers
INFO:pypsa.linopf:Prepare linear problem
INFO:pypsa.linopf:Total preparation time: 4.88s
INFO:pypsa.linopf:Solve linear problem using Gurobi solver
INFO:pypsa.linopf:Optimization successful. Objective value: 1.01e+11
INFO:root:sample accepted
INFO:pypsa.io:Exported network network_c3_s928.nc has buses, loads, generators, lines, storage_units, global_constraints, links, stores, carriers
INFO:pypsa.linopf:Prepare linear problem
INFO:pypsa.linopf:Total preparation time: 4.56s
INFO:pypsa.linopf:Solve linear problem using Gurobi solver
INFO:pypsa.linopf:Optimization successful. Objective value: 9.85e+10
INFO:root:sample accepted
INFO:pypsa.io:Exported network network_c3_s929.nc has buses, loads, generators, lines, storage_units, global_constraints, links, stores, carriers
INFO:pypsa.linopf:Prepare linear problem
INFO:pypsa.linopf:Total preparation time: 4.84s
INFO:pypsa.linopf:Solve linear problem using Gurobi solver
INFO:pypsa.linopf:Optimization successful. Objective value: 1.01e+11
INFO:root:sample accepted
INFO:pypsa.io:Exported network network_c3_s930.nc has buses, loads, generators, lines, storage_units, global_constraints, links, stores, carriers
INFO:pypsa.linopf:Prepare linear problem
INFO:pypsa.linopf:Total preparation time: 4.83s
INFO:pypsa.linopf:Solve linear problem using Gurobi solver
INFO:pypsa.linopf:Optimization successful. Objective value: 1.04e+11
INFO:root:sample rejected
INFO:pypsa.io:Imported network network_c3_s930.nc has buses, carriers, generators, global_constraints, lines, links, loads, storage_units, stores
INFO:pypsa.io:Exported network network_c3_s931.nc has buses, loads, generators, lines, storage_units, global_constraints, links, stores, carriers
INFO:pypsa.linopf:Prepare linear problem
INFO:pypsa.linopf:Total preparation time: 4.95s
INFO:pypsa.linopf:Solve linear problem using Gurobi solver
INFO:pypsa.linopf:Optimization successful. Objective value: 1.02e+11
INFO:root:sample rejected
INFO:pypsa.io:Imported network network_c3_s931.nc has buses, carriers, generators, global_constraints, lines, links, loads, storage_units, stores
INFO:pypsa.io:Exported network network_c3_s932.nc has buses, loads, generators, lines, storage_units, global_constraints, links, stores, carriers
INFO:pypsa.linopf:Prepare linear problem
INFO:pypsa.linopf:Total preparation time: 4.6s
INFO:pypsa.linopf:Solve linear problem using Gurobi solver
INFO:pypsa.linopf:Optimization successful. Objective value: 1.01e+11
INFO:root:sample accepted
INFO:pypsa.io:Exported network network_c3_s933.nc has buses, loads, generators, lines, storage_units, global_constraints, links, stores, carriers
INFO:pypsa.linopf:Prepare linear problem
INFO:pypsa.linopf:Total preparation time: 5.49s
INFO:pypsa.linopf:Solve linear problem using Gurobi solver
INFO:pypsa.linopf:Optimization successful. Objective value: 9.98e+10
INFO:root:sample accepted
INFO:pypsa.io:Exported network network_c3_s934.nc has buses, loads, generators, lines, storage_units, global_constraints, links, stores, carriers
INFO:pypsa.linopf:Prepare linear problem
INFO:pypsa.linopf:Total preparation time: 5.32s
INFO:pypsa.linopf:Solve linear problem using Gurobi solver
INFO:pypsa.linopf:Optimization successful. Objective value: 1.03e+11
INFO:root:sample rejected
INFO:pypsa.io:Imported network network_c3_s934.nc has buses, carriers, generators, global_constraints, lines, links, loads, storage_units, stores
INFO:pypsa.io:Exported network network_c3_s935.nc has buses, loads, generators, lines, storage_units, global_constraints, links, stores, carriers
INFO:pypsa.linopf:Prepare linear problem
INFO:pypsa.linopf:Total preparation time: 9.72s
INFO:pypsa.linopf:Solve linear problem using Gurobi solver
INFO:pypsa.linopf:Optimization successful. Objective value: 9.96e+10
INFO:root:sample accepted
INFO:pypsa.io:Exported network network_c3_s936.nc has buses, loads, generators, lines, storage_units, global_constraints, links, stores, carriers
INFO:pypsa.linopf:Prepare linear problem
INFO:pypsa.linopf:Total preparation time: 4.54s
INFO:pypsa.linopf:Solve linear problem using Gurobi solver
INFO:pypsa.linopf:Optimization successful. Objective value: 9.80e+10
INFO:root:sample accepted
INFO:pypsa.io:Exported network network_c3_s937.nc has buses, loads, generators, lines, storage_units, global_constraints, links, stores, carriers
INFO:pypsa.linopf:Prepare linear problem
INFO:pypsa.linopf:Total preparation time: 4.43s
INFO:pypsa.linopf:Solve linear problem using Gurobi solver
INFO:pypsa.linopf:Optimization successful. Objective value: 1.00e+11
INFO:root:sample accepted
INFO:pypsa.io:Exported network network_c3_s938.nc has buses, loads, generators, lines, storage_units, global_constraints, links, stores, carriers
INFO:pypsa.linopf:Prepare linear problem
INFO:pypsa.linopf:Total preparation time: 4.72s
INFO:pypsa.linopf:Solve linear problem using Gurobi solver
INFO:pypsa.linopf:Optimization successful. Objective value: 1.04e+11
INFO:root:sample rejected
INFO:pypsa.io:Imported network network_c3_s938.nc has buses, carriers, generators, global_constraints, lines, links, loads, storage_units, stores
INFO:pypsa.io:Exported network network_c3_s939.nc has buses, loads, generators, lines, storage_units, global_constraints, links, stores, carriers
INFO:pypsa.linopf:Prepare linear problem
INFO:pypsa.linopf:Total preparation time: 4.54s
INFO:pypsa.linopf:Solve linear problem using Gurobi solver
INFO:pypsa.linopf:Optimization successful. Objective value: 1.00e+11
INFO:root:sample accepted
INFO:pypsa.io:Exported network network_c3_s940.nc has buses, loads, generators, lines, storage_units, global_constraints, links, stores, carriers
INFO:pypsa.linopf:Prepare linear problem
INFO:pypsa.linopf:Total preparation time: 4.45s
INFO:pypsa.linopf:Solve linear problem using Gurobi solver
INFO:pypsa.linopf:Optimization successful. Objective value: 1.00e+11
INFO:root:sample accepted
INFO:pypsa.io:Exported network network_c3_s941.nc has buses, loads, generators, lines, storage_units, global_constraints, links, stores, carriers
[Thu Mar  4 09:19:59 2021]
Finished job 0.
1 of 1 steps (100%) done
