[0.00069785 0.0096003  0.01783433 0.02825838 0.04544903 0.04087126
 0.05848297 0.0431425  0.03740952 0.00384405 0.04931659 0.01355761
 0.04228916 0.06015084 0.01412621 0.00190796 0.0354974  0.02077861
 0.03844836 0.01004388 0.00740233 0.00172552 0.00147542 0.00812675
 0.02488546 0.03515458 0.04871354 0.05716876 0.03640751 0.03199358
 0.04959098 0.02107957 0.02069199 0.05230899]
[7.47921120e-05 2.36733216e-02 1.01437835e-02 6.33610915e-02
 1.88737504e-02 7.26757244e-03 2.41818814e-02 4.79554594e-02
 3.34252740e-02 7.43742870e-03 6.37291380e-02 1.72541963e-02
 1.05438146e-02 4.09435547e-02 2.58385635e-02 1.72865500e-02
 1.54788919e-02 2.70707070e-02 6.26294115e-02 7.41048346e-03
 8.09917115e-03 1.39842600e-02 6.28531074e-03 7.91309204e-03
 8.34817649e-03 1.31771968e-02 5.96329510e-02 1.37843267e-03
 5.86585470e-03 3.92254234e-02 3.69214956e-02 6.91257850e-03
 3.56468724e-02 3.94538948e-02]
[7.47921120e-05 2.36733216e-02 1.01437835e-02 6.33610915e-02
 1.88737504e-02 7.26757244e-03 2.41818814e-02 4.79554594e-02
 3.34252740e-02 7.43742870e-03 6.37291380e-02 1.72541963e-02
 1.05438146e-02 4.09435547e-02 2.58385635e-02 1.72865500e-02
 1.54788919e-02 2.70707070e-02 6.26294115e-02 7.41048346e-03
 8.09917115e-03 1.39842600e-02 6.28531074e-03 7.91309204e-03
 8.34817649e-03 1.31771968e-02 5.96329510e-02 1.37843267e-03
 5.86585470e-03 3.92254234e-02 3.69214956e-02 6.91257850e-03
 3.56468724e-02 3.94538948e-02]
[0.00602497 0.00497655 0.01586876 0.02380603 0.05871969 0.0179459
 0.03736315 0.05966192 0.00624837 0.00886369 0.02815606 0.00359236
 0.01372897 0.02839885 0.00590073 0.00214711 0.00679814 0.04264333
 0.04362508 0.00321511 0.00303797 0.00540228 0.00485504 0.00478924
 0.04029974 0.00863289 0.06084701 0.0409746  0.03108941 0.05608289
 0.04319329 0.02171343 0.01139088 0.05747819]
[0.00602497 0.00497655 0.01586876 0.02380603 0.05871969 0.0179459
 0.03736315 0.05966192 0.00624837 0.00886369 0.02815606 0.00359236
 0.01372897 0.02839885 0.00590073 0.00214711 0.00679814 0.04264333
 0.04362508 0.00321511 0.00303797 0.00540228 0.00485504 0.00478924
 0.04029974 0.00863289 0.06084701 0.0409746  0.03108941 0.05608289
 0.04319329 0.02171343 0.01139088 0.05747819]
[0.00602497 0.00497655 0.01586876 0.02380603 0.05871969 0.0179459
 0.03736315 0.05966192 0.00624837 0.00886369 0.02815606 0.00359236
 0.01372897 0.02839885 0.00590073 0.00214711 0.00679814 0.04264333
 0.04362508 0.00321511 0.00303797 0.00540228 0.00485504 0.00478924
 0.04029974 0.00863289 0.06084701 0.0409746  0.03108941 0.05608289
 0.04319329 0.02171343 0.01139088 0.05747819]
[0.00602497 0.00497655 0.01586876 0.02380603 0.05871969 0.0179459
 0.03736315 0.05966192 0.00624837 0.00886369 0.02815606 0.00359236
 0.01372897 0.02839885 0.00590073 0.00214711 0.00679814 0.04264333
 0.04362508 0.00321511 0.00303797 0.00540228 0.00485504 0.00478924
 0.04029974 0.00863289 0.06084701 0.0409746  0.03108941 0.05608289
 0.04319329 0.02171343 0.01139088 0.05747819]
[0.00490937 0.04283111 0.01672906 0.01367497 0.0306953  0.04634772
 0.02876888 0.02277312 0.03661671 0.00416914 0.02266005 0.04470261
 0.01538072 0.01274952 0.02063277 0.00704074 0.03556104 0.03947521
 0.03447863 0.01084443 0.00939791 0.00811539 0.0053396  0.00948287
 0.05328222 0.03562866 0.003814   0.01741313 0.02841898 0.06024491
 0.04489688 0.02161695 0.0334212  0.03685655]
[0.00153263 0.01069202 0.01650155 0.04403244 0.01002691 0.05594137
 0.01744005 0.00961396 0.01943911 0.00324822 0.02174946 0.01891943
 0.03344788 0.02626641 0.04253255 0.02330222 0.04708335 0.00984356
 0.04214729 0.01524117 0.00561244 0.00030031 0.00082938 0.00024208
 0.06073725 0.00191599 0.01850999 0.02257998 0.02912017 0.00384006
 0.0361072  0.00044337 0.00248643 0.06018044]
[0.00153263 0.01069202 0.01650155 0.04403244 0.01002691 0.05594137
 0.01744005 0.00961396 0.01943911 0.00324822 0.02174946 0.01891943
 0.03344788 0.02626641 0.04253255 0.02330222 0.04708335 0.00984356
 0.04214729 0.01524117 0.00561244 0.00030031 0.00082938 0.00024208
 0.06073725 0.00191599 0.01850999 0.02257998 0.02912017 0.00384006
 0.0361072  0.00044337 0.00248643 0.06018044]
[0.00153263 0.01069202 0.01650155 0.04403244 0.01002691 0.05594137
 0.01744005 0.00961396 0.01943911 0.00324822 0.02174946 0.01891943
 0.03344788 0.02626641 0.04253255 0.02330222 0.04708335 0.00984356
 0.04214729 0.01524117 0.00561244 0.00030031 0.00082938 0.00024208
 0.06073725 0.00191599 0.01850999 0.02257998 0.02912017 0.00384006
 0.0361072  0.00044337 0.00248643 0.06018044]
[0.00153263 0.01069202 0.01650155 0.04403244 0.01002691 0.05594137
 0.01744005 0.00961396 0.01943911 0.00324822 0.02174946 0.01891943
 0.03344788 0.02626641 0.04253255 0.02330222 0.04708335 0.00984356
 0.04214729 0.01524117 0.00561244 0.00030031 0.00082938 0.00024208
 0.06073725 0.00191599 0.01850999 0.02257998 0.02912017 0.00384006
 0.0361072  0.00044337 0.00248643 0.06018044]
[0.00153263 0.01069202 0.01650155 0.04403244 0.01002691 0.05594137
 0.01744005 0.00961396 0.01943911 0.00324822 0.02174946 0.01891943
 0.03344788 0.02626641 0.04253255 0.02330222 0.04708335 0.00984356
 0.04214729 0.01524117 0.00561244 0.00030031 0.00082938 0.00024208
 0.06073725 0.00191599 0.01850999 0.02257998 0.02912017 0.00384006
 0.0361072  0.00044337 0.00248643 0.06018044]
[2.97817724e-05 1.31704920e-02 1.39835307e-02 3.31117938e-02
 7.94216959e-03 4.00035956e-02 5.14842890e-02 7.10335144e-04
 3.71369203e-02 5.49379715e-03 3.93841757e-02 4.23517542e-02
 1.34005611e-03 3.94825975e-02 2.01851468e-02 2.23998702e-02
 4.22401482e-02 1.22211497e-02 4.61539293e-02 5.49179350e-03
 1.03594538e-02 7.11411557e-03 5.23127704e-03 7.65594433e-03
 4.58958000e-02 3.47483941e-02 2.45931060e-02 3.14834126e-02
 9.03977596e-03 2.62729825e-02 7.88851569e-03 2.13301181e-02
 1.05066752e-02 4.24165846e-03]
[0.00721164 0.03720472 0.01272828 0.0653791  0.05842907 0.00583493
 0.06027896 0.02323749 0.03352287 0.00103306 0.00348366 0.00077642
 0.0405343  0.02758838 0.04214577 0.00916661 0.04910302 0.00546528
 0.02812407 0.01422274 0.01138698 0.00543812 0.00244318 0.00514474
 0.03024242 0.04575665 0.04110772 0.03438043 0.02849677 0.01189238
 0.01623168 0.00284774 0.03649184 0.02327656]
[0.00633213 0.02968588 0.01998166 0.08755285 0.03752406 0.03969284
 0.00829017 0.00016598 0.01769209 0.01640347 0.0126997  0.0033772
 0.03942082 0.04857893 0.00621868 0.00303837 0.03191221 0.02800163
 0.04957854 0.00614238 0.0098525  0.00855933 0.00619786 0.00242553
 0.02896015 0.07107425 0.02843448 0.02638012 0.03438972 0.02001297
 0.00834252 0.00653741 0.03587092 0.06196726]
[0.00752419 0.06155169 0.00606008 0.04132552 0.0068159  0.05156776
 0.03973747 0.02043199 0.01467077 0.01400685 0.06010941 0.0288098
 0.04701497 0.02266719 0.02837996 0.0174051  0.01946716 0.00739892
 0.06948035 0.00470095 0.01214854 0.0022586  0.00531245 0.00496735
 0.02399238 0.09556365 0.0067765  0.02539228 0.07469113 0.00309028
 0.01374413 0.00286811 0.05232201 0.10088057]
[0.00472015 0.05883755 0.00095653 0.02958253 0.02302714 0.04896871
 0.02947894 0.01123973 0.03088494 0.00079339 0.019116   0.03631265
 0.02319151 0.01679169 0.00721275 0.01992693 0.02813198 0.033722
 0.07434508 0.01055128 0.00445581 0.00703989 0.00290191 0.00610857
 0.0009841  0.05862835 0.03709983 0.04580804 0.0375119  0.03047664
 0.00156725 0.00444986 0.01085071 0.07927349]
[0.00653038 0.007362   0.01305312 0.00515015 0.04577114 0.04266419
 0.06144819 0.04459124 0.00758422 0.00073169 0.06856757 0.00938554
 0.02433724 0.04792441 0.01172051 0.01125554 0.04378725 0.0329947
 0.07620519 0.01076751 0.00224134 0.00373315 0.00429928 0.01359084
 0.03269541 0.07209004 0.02123636 0.01070335 0.02179606 0.07404097
 0.02539924 0.01203029 0.03498738 0.01690472]
[0.00653038 0.007362   0.01305312 0.00515015 0.04577114 0.04266419
 0.06144819 0.04459124 0.00758422 0.00073169 0.06856757 0.00938554
 0.02433724 0.04792441 0.01172051 0.01125554 0.04378725 0.0329947
 0.07620519 0.01076751 0.00224134 0.00373315 0.00429928 0.01359084
 0.03269541 0.07209004 0.02123636 0.01070335 0.02179606 0.07404097
 0.02539924 0.01203029 0.03498738 0.01690472]
