[0.00208218 0.06753748 0.00377192 0.03806207 0.01250281 0.07868325
 0.05160156 0.05985565 0.03357797 0.00799319 0.00476452 0.00229521
 0.02391757 0.03297747 0.02235123 0.0193133  0.00417015 0.0060939
 0.00279065 0.01303596 0.00187941 0.01559381 0.00602184 0.01198658
 0.03047106 0.06824333 0.05780501 0.07142476 0.03526906 0.06292154
 0.01132129 0.01407236 0.03429222 0.0057916 ]
[0.00208218 0.06753748 0.00377192 0.03806207 0.01250281 0.07868325
 0.05160156 0.05985565 0.03357797 0.00799319 0.00476452 0.00229521
 0.02391757 0.03297747 0.02235123 0.0193133  0.00417015 0.0060939
 0.00279065 0.01303596 0.00187941 0.01559381 0.00602184 0.01198658
 0.03047106 0.06824333 0.05780501 0.07142476 0.03526906 0.06292154
 0.01132129 0.01407236 0.03429222 0.0057916 ]
[0.00408656 0.06155285 0.00299013 0.01196263 0.02943428 0.06962742
 0.00357704 0.07022547 0.04788692 0.0062866  0.0410585  0.01279284
 0.02943287 0.00612323 0.04791003 0.01902049 0.01578109 0.0164039
 0.04659116 0.01074756 0.00709448 0.00838454 0.00148879 0.00136774
 0.04617159 0.0187233  0.05223141 0.05775832 0.0296361  0.05367397
 0.00202105 0.01741044 0.03177403 0.04103073]
[0.00274323 0.02702212 0.02789677 0.04577229 0.01629826 0.00605163
 0.06587425 0.0604741  0.06152486 0.00743912 0.04716387 0.00361888
 0.00810405 0.00555402 0.03977258 0.02338567 0.02636288 0.05174442
 0.02652026 0.00074946 0.01442108 0.00981804 0.00837627 0.01105803
 0.03467247 0.04544318 0.01996657 0.01549437 0.02970244 0.02976187
 0.04747929 0.01890038 0.02201083 0.08645954]
[0.00274323 0.02702212 0.02789677 0.04577229 0.01629826 0.00605163
 0.06587425 0.0604741  0.06152486 0.00743912 0.04716387 0.00361888
 0.00810405 0.00555402 0.03977258 0.02338567 0.02636288 0.05174442
 0.02652026 0.00074946 0.01442108 0.00981804 0.00837627 0.01105803
 0.03467247 0.04544318 0.01996657 0.01549437 0.02970244 0.02976187
 0.04747929 0.01890038 0.02201083 0.08645954]
[0.00559105 0.04369241 0.00335431 0.05483989 0.04544961 0.00242916
 0.0468738  0.07236509 0.04743836 0.01483803 0.0048599  0.02880391
 0.0335272  0.02827766 0.0472293  0.0112104  0.04240034 0.02713825
 0.03219769 0.01762676 0.00237595 0.00558608 0.00090209 0.00220706
 0.00842395 0.06729673 0.0173495  0.03946848 0.00516398 0.05067582
 0.04788269 0.00404875 0.03355369 0.06730288]
[0.00559105 0.04369241 0.00335431 0.05483989 0.04544961 0.00242916
 0.0468738  0.07236509 0.04743836 0.01483803 0.0048599  0.02880391
 0.0335272  0.02827766 0.0472293  0.0112104  0.04240034 0.02713825
 0.03219769 0.01762676 0.00237595 0.00558608 0.00090209 0.00220706
 0.00842395 0.06729673 0.0173495  0.03946848 0.00516398 0.05067582
 0.04788269 0.00404875 0.03355369 0.06730288]
[0.00209729 0.05667981 0.01541524 0.07170743 0.01039114 0.00668073
 0.05753533 0.07505096 0.02254401 0.00706373 0.02387472 0.04930731
 0.01460838 0.05297936 0.03229354 0.0107911  0.01028441 0.03263486
 0.06717908 0.01252165 0.00218435 0.01028263 0.00337706 0.017589
 0.03821901 0.02416377 0.04491756 0.00134533 0.00782858 0.06235842
 0.04036448 0.03107937 0.03109705 0.02150751]
[0.00089316 0.03164617 0.00454478 0.0439066  0.06372771 0.05078491
 0.05757042 0.01909583 0.06427666 0.01225072 0.07294002 0.0741559
 0.04685311 0.02158914 0.03090627 0.0247897  0.00993016 0.02716638
 0.01263899 0.00558645 0.00859721 0.01714679 0.00101713 0.00205033
 0.03866161 0.00088962 0.00851314 0.03034608 0.03412865 0.04423836
 0.03297885 0.02542683 0.0079645  0.06529349]
[0.0072031  0.05839162 0.00039004 0.01049924 0.01384076 0.05612413
 0.01575673 0.02182439 0.05652445 0.02234364 0.0097825  0.03118112
 0.04518734 0.04112605 0.04663639 0.01984361 0.05002427 0.04362793
 0.01731302 0.02324409 0.00550824 0.00133748 0.00343016 0.02073264
 0.10073228 0.03607326 0.082411   0.06783913 0.00772265 0.02920274
 0.00626877 0.00310078 0.02674621 0.01800228]
[0.0072031  0.05839162 0.00039004 0.01049924 0.01384076 0.05612413
 0.01575673 0.02182439 0.05652445 0.02234364 0.0097825  0.03118112
 0.04518734 0.04112605 0.04663639 0.01984361 0.05002427 0.04362793
 0.01731302 0.02324409 0.00550824 0.00133748 0.00343016 0.02073264
 0.10073228 0.03607326 0.082411   0.06783913 0.00772265 0.02920274
 0.00626877 0.00310078 0.02674621 0.01800228]
[0.00121209 0.01588798 0.01829415 0.03934364 0.01757756 0.03055857
 0.01483875 0.00953742 0.04322412 0.00770228 0.01127619 0.06911484
 0.01388456 0.02442422 0.02536377 0.02574831 0.0243464  0.02099229
 0.06177759 0.01562653 0.00826169 0.00340589 0.00406886 0.01536555
 0.06412268 0.07318779 0.09353846 0.08096666 0.02463505 0.05024879
 0.00553164 0.02343517 0.03660503 0.02589024]
[0.00121209 0.01588798 0.01829415 0.03934364 0.01757756 0.03055857
 0.01483875 0.00953742 0.04322412 0.00770228 0.01127619 0.06911484
 0.01388456 0.02442422 0.02536377 0.02574831 0.0243464  0.02099229
 0.06177759 0.01562653 0.00826169 0.00340589 0.00406886 0.01536555
 0.06412268 0.07318779 0.09353846 0.08096666 0.02463505 0.05024879
 0.00553164 0.02343517 0.03660503 0.02589024]
[0.00230521 0.00870249 0.02106141 0.07070578 0.0481879  0.04762121
 0.02708203 0.03278774 0.0607398  0.00550572 0.00713733 0.04121006
 0.06011243 0.01646499 0.06381242 0.01585135 0.0110833  0.00340038
 0.05914915 0.00073113 0.00225794 0.00096983 0.00135363 0.00414574
 0.02597696 0.0562138  0.0671411  0.04748615 0.02520765 0.00213435
 0.04345617 0.02591719 0.03565881 0.05842519]
[0.00774557 0.05822123 0.00015045 0.03122786 0.02015963 0.07193754
 0.02162569 0.05740253 0.03248385 0.01641801 0.05112011 0.08043628
 0.04685597 0.03137641 0.00356559 0.00346619 0.04334879 0.01895221
 0.03581897 0.00126143 0.0024618  0.01065524 0.0020528  0.01748939
 0.01821267 0.0832433  0.00698115 0.02332448 0.03547487 0.05229519
 0.08313498 0.00787083 0.01300428 0.01022222]
[0.00210164 0.05179378 0.01901807 0.0036839  0.02695942 0.08012648
 0.04000169 0.07560762 0.01543486 0.01491145 0.02360828 0.0124611
 0.02955446 0.06468903 0.04875533 0.01606872 0.01230245 0.04498824
 0.00771891 0.00108051 0.00890187 0.00698802 0.00105632 0.01048458
 0.0246611  0.03059684 0.01481702 0.02557428 0.05162376 0.0372084
 0.08841971 0.0298701  0.03911731 0.03981317]
[0.00300606 0.02324012 0.00678597 0.00813804 0.06284355 0.05169377
 0.0195088  0.08735145 0.03887603 0.00620799 0.05438526 0.01000497
 0.04093931 0.09330307 0.00144247 0.02308287 0.01840788 0.01284735
 0.01934902 0.00863409 0.0069652  0.00062381 0.00394086 0.0114796
 0.03524775 0.04971699 0.05635797 0.0552557  0.01285303 0.00506629
 0.08690608 0.01999655 0.01326092 0.05228023]
[0.00688047 0.01573555 0.01262413 0.05749649 0.02736388 0.05447597
 0.01752963 0.08635562 0.07642713 0.01062796 0.03251665 0.0084901
 0.05371125 0.01241197 0.04440253 0.02701206 0.04870652 0.05883918
 0.00708626 0.01049652 0.00502129 0.01456382 0.00726823 0.00631171
 0.02381331 0.00705965 0.03690338 0.08381083 0.00076303 0.00919047
 0.07364128 0.02002217 0.03021242 0.01222802]
[0.00509739 0.04651132 0.01283563 0.07961782 0.0126896  0.03994202
 0.01797873 0.0282135  0.05504397 0.00248206 0.04892788 0.04891101
 0.02761682 0.06302995 0.03576019 0.02085856 0.05636937 0.03048094
 0.02696271 0.01018963 0.00509996 0.00374462 0.00398707 0.00064864
 0.06875785 0.00692802 0.06408073 0.03263221 0.01286108 0.02991816
 0.03020389 0.012585   0.0372158  0.02181779]
[0.00567189 0.05622639 0.01350173 0.09486614 0.03442083 0.05647632
 0.04914534 0.03495534 0.00124203 0.0152448  0.03537698 0.01462015
 0.04610988 0.03766711 0.04441498 0.00747544 0.0447591  0.04027843
 0.02351018 0.00120941 0.00934676 0.01446373 0.00453642 0.0118323
 0.06091024 0.01822425 0.03236961 0.05889324 0.02057207 0.01026849
 0.01711403 0.01696162 0.02829208 0.01872199]
