[0.00716724 0.0664877  0.00474113 0.0022098  0.03456259 0.04436235
 0.0202911  0.05053136 0.00090969 0.00116927 0.05107995 0.00802082
 0.08970038 0.01107695 0.00863356 0.02330731 0.05430661 0.0484698
 0.06990336 0.00733014 0.01087498 0.00463997 0.00586329 0.01021008
 0.07840422 0.0094924  0.01591076 0.06733805 0.02912    0.01932862
 0.06179899 0.00319761 0.02316843 0.05639092]
[0.0039017  0.0034612  0.00591199 0.04135802 0.00857438 0.03352165
 0.01850486 0.06911442 0.00399354 0.00236694 0.06964829 0.00492047
 0.03885491 0.02945768 0.03686603 0.01176362 0.02125608 0.03093131
 0.05978627 0.01702216 0.00139373 0.00023952 0.0031144  0.0104436
 0.05018836 0.02503213 0.00840917 0.03470395 0.01681556 0.04594027
 0.0220911  0.01138923 0.0112896  0.06170847]
[0.0039017  0.0034612  0.00591199 0.04135802 0.00857438 0.03352165
 0.01850486 0.06911442 0.00399354 0.00236694 0.06964829 0.00492047
 0.03885491 0.02945768 0.03686603 0.01176362 0.02125608 0.03093131
 0.05978627 0.01702216 0.00139373 0.00023952 0.0031144  0.0104436
 0.05018836 0.02503213 0.00840917 0.03470395 0.01681556 0.04594027
 0.0220911  0.01138923 0.0112896  0.06170847]
[0.00419818 0.04181728 0.00265369 0.00284798 0.04608421 0.04378234
 0.01774027 0.05304933 0.03758116 0.00064194 0.04726263 0.00931102
 0.06567204 0.04300173 0.04081985 0.01522336 0.01332679 0.00456158
 0.07126523 0.01530782 0.00109577 0.01332973 0.00629368 0.00088503
 0.06690859 0.04028612 0.02192226 0.01137504 0.03660259 0.01896822
 0.05247829 0.00964762 0.0141855  0.04821577]
[0.00177595 0.06152699 0.00031372 0.03991027 0.01457685 0.01038261
 0.03448543 0.07271829 0.02325337 0.01295946 0.01185742 0.01610178
 0.06132107 0.02709941 0.05781854 0.01121757 0.04381817 0.01394493
 0.04068688 0.01663644 0.00018136 0.0084404  0.00098939 0.01063141
 0.08366988 0.04528153 0.01676514 0.03763996 0.06284629 0.00113237
 0.07980629 0.01438257 0.0090958  0.02041994]
[0.00056667 0.02516365 0.00955246 0.00853558 0.07816388 0.02566875
 0.0627058  0.01064674 0.02878532 0.0003685  0.01456438 0.00971107
 0.00609807 0.03232361 0.08566781 0.02633685 0.04534904 0.02631628
 0.08058772 0.00282788 0.00486263 0.0082419  0.00426503 0.0207626
 0.01226383 0.02661445 0.00271221 0.09536996 0.09577522 0.00310379
 0.04612564 0.00445042 0.05139352 0.02412421]
[0.00809187 0.06031902 0.00654328 0.05310013 0.02966581 0.01997768
 0.04376405 0.02313454 0.03292444 0.00518603 0.03703866 0.02035404
 0.04559361 0.01990576 0.03986356 0.01401163 0.00528399 0.00597028
 0.0645955  0.0126787  0.01505254 0.00351741 0.00605424 0.00359232
 0.07150922 0.05934908 0.05101964 0.0208174  0.0381347  0.04246017
 0.05260641 0.02474617 0.03794324 0.01539397]
[6.91356524e-03 2.50363180e-02 9.41285892e-03 4.23463177e-02
 4.19989454e-02 4.71644405e-02 8.03577350e-02 3.33865827e-06
 1.24984860e-02 4.33401557e-04 7.40030125e-02 1.37955868e-02
 3.27266896e-02 5.76289740e-02 6.95838902e-02 1.18746985e-02
 3.41660620e-02 4.12048158e-02 9.03364872e-02 2.04118434e-02
 6.60460675e-03 1.59666161e-02 2.28844841e-03 1.11212737e-02
 7.17630109e-03 1.39457742e-02 2.22880794e-02 2.48793256e-04
 7.41661754e-02 5.06007409e-02 4.15568383e-02 1.75582037e-02
 1.30796026e-02 9.90951310e-03]
[0.00646232 0.00576039 0.00062478 0.076746   0.05294934 0.08474341
 0.0043756  0.00782022 0.07082966 0.01339377 0.06572468 0.04930135
 0.00332859 0.07385999 0.03087056 0.01820792 0.03661451 0.04628902
 0.00864249 0.01252714 0.00297797 0.0164721  0.00190074 0.00366076
 0.03843706 0.00412482 0.00114987 0.0614814  0.00109483 0.04419188
 0.06952403 0.03025866 0.00768841 0.04648238]
[0.00633347 0.03041026 0.02065088 0.0633851  0.01822914 0.05498455
 0.0554257  0.05289106 0.00550559 0.01367864 0.04389045 0.02220729
 0.04764459 0.02997514 0.06453576 0.01595244 0.05397461 0.04468778
 0.02545089 0.00966175 0.00282038 0.01199077 0.00336693 0.004145
 0.06509032 0.01862038 0.02798334 0.00449428 0.03858467 0.06030448
 0.03646839 0.01051774 0.01208604 0.02284995]
[4.23888405e-05 1.05986524e-02 2.28951692e-02 9.16764282e-02
 1.94254636e-02 2.01120263e-02 7.44077273e-02 2.30430435e-02
 2.76846402e-02 5.87479655e-03 3.58372160e-02 6.70491544e-04
 2.94218361e-02 4.72876922e-02 2.03711696e-02 2.46915143e-03
 5.64882075e-02 2.59139846e-02 6.08883136e-03 1.90514090e-02
 2.31162276e-03 3.68339208e-03 3.38265151e-03 9.42435799e-03
 2.77262561e-02 6.92369037e-02 5.25655575e-02 5.78320499e-02
 8.03534355e-02 2.38462752e-02 3.31620925e-02 1.08997953e-02
 2.82255101e-02 5.76384529e-02]
[0.00830087 0.04485396 0.03039063 0.04827337 0.07672869 0.01596631
 0.01499271 0.01748241 0.02929552 0.02020146 0.03173093 0.00167752
 0.03853726 0.04794986 0.03749228 0.00975314 0.00401973 0.00516168
 0.00848554 0.00779493 0.00117955 0.01087297 0.00048752 0.01236981
 0.00859077 0.00763594 0.10228399 0.05123031 0.01382275 0.0649232
 0.05908181 0.03727185 0.01551223 0.11563936]
[0.00615953 0.03856869 0.0248755  0.05127164 0.00853351 0.00415067
 0.06602553 0.00628621 0.00417589 0.00156876 0.01333938 0.0141688
 0.03388986 0.08252901 0.02707018 0.01332947 0.065217   0.04431402
 0.0047525  0.00473961 0.01050139 0.00267518 0.00336898 0.0172952
 0.05050937 0.02493856 0.08988875 0.04403177 0.04081236 0.01507261
 0.0340081  0.02494897 0.01574427 0.11123466]
[0.00615953 0.03856869 0.0248755  0.05127164 0.00853351 0.00415067
 0.06602553 0.00628621 0.00417589 0.00156876 0.01333938 0.0141688
 0.03388986 0.08252901 0.02707018 0.01332947 0.065217   0.04431402
 0.0047525  0.00473961 0.01050139 0.00267518 0.00336898 0.0172952
 0.05050937 0.02493856 0.08988875 0.04403177 0.04081236 0.01507261
 0.0340081  0.02494897 0.01574427 0.11123466]
[0.00290357 0.0582626  0.00396746 0.05709107 0.00431546 0.03149139
 0.02886138 0.00598295 0.05118354 0.01507795 0.02154235 0.03984673
 0.07071535 0.08175947 0.01758094 0.00310467 0.00714378 0.03294883
 0.04073707 0.01833404 0.00978569 0.01186777 0.00387949 0.00133827
 0.0667131  0.0578046  0.06638613 0.02650296 0.01244635 0.02594049
 0.03663705 0.02609474 0.00924213 0.05250889]
[0.00051509 0.0684903  0.01951379 0.00963687 0.00783422 0.02166144
 0.00719799 0.01578847 0.05172288 0.00325484 0.00403579 0.01471187
 0.00430511 0.08119327 0.05990268 0.01726777 0.01465776 0.04245083
 0.00177251 0.00227237 0.00170361 0.01080972 0.00147249 0.00539378
 0.03524439 0.02564558 0.03680133 0.03312451 0.05089025 0.04125354
 0.0631151  0.02760119 0.0060316  0.07490628]
[0.00051509 0.0684903  0.01951379 0.00963687 0.00783422 0.02166144
 0.00719799 0.01578847 0.05172288 0.00325484 0.00403579 0.01471187
 0.00430511 0.08119327 0.05990268 0.01726777 0.01465776 0.04245083
 0.00177251 0.00227237 0.00170361 0.01080972 0.00147249 0.00539378
 0.03524439 0.02564558 0.03680133 0.03312451 0.05089025 0.04125354
 0.0631151  0.02760119 0.0060316  0.07490628]
[0.00476622 0.00275104 0.012717   0.00234764 0.03253402 0.06563947
 0.01450323 0.00452926 0.05037803 0.00106855 0.04180878 0.05962595
 0.03085692 0.07361909 0.04455049 0.01001263 0.05160716 0.04469741
 0.06621607 0.00270032 0.01385908 0.0007076  0.0046641  0.00300024
 0.08904852 0.05173758 0.00736478 0.01267842 0.01016586 0.00644289
 0.00393548 0.00806474 0.00248897 0.07866582]
[0.00476622 0.00275104 0.012717   0.00234764 0.03253402 0.06563947
 0.01450323 0.00452926 0.05037803 0.00106855 0.04180878 0.05962595
 0.03085692 0.07361909 0.04455049 0.01001263 0.05160716 0.04469741
 0.06621607 0.00270032 0.01385908 0.0007076  0.0046641  0.00300024
 0.08904852 0.05173758 0.00736478 0.01267842 0.01016586 0.00644289
 0.00393548 0.00806474 0.00248897 0.07866582]
[0.00476622 0.00275104 0.012717   0.00234764 0.03253402 0.06563947
 0.01450323 0.00452926 0.05037803 0.00106855 0.04180878 0.05962595
 0.03085692 0.07361909 0.04455049 0.01001263 0.05160716 0.04469741
 0.06621607 0.00270032 0.01385908 0.0007076  0.0046641  0.00300024
 0.08904852 0.05173758 0.00736478 0.01267842 0.01016586 0.00644289
 0.00393548 0.00806474 0.00248897 0.07866582]
