[0.0034105  0.00292787 0.01420852 0.0212996  0.038205   0.05959758
 0.02926246 0.01394012 0.00622207 0.00130604 0.00890838 0.02529861
 0.0239866  0.04396711 0.00037892 0.00247366 0.02441375 0.00123031
 0.03679765 0.01275447 0.00125427 0.00219594 0.00298027 0.00736919
 0.05531129 0.01722336 0.0630506  0.04599165 0.00391508 0.04755738
 0.05701387 0.01139778 0.00129257 0.01256545]
[0.00669812 0.01028162 0.0022113  0.01390226 0.03162337 0.0495433
 0.02062866 0.04802366 0.04178891 0.00574005 0.02759441 0.04307728
 0.03687506 0.04015754 0.04356515 0.01095872 0.05157321 0.00925654
 0.00981213 0.01709541 0.00975244 0.00402346 0.00313408 0.01447273
 0.06150671 0.0223641  0.02023038 0.02691993 0.04031312 0.01974907
 0.0141583  0.02000262 0.02993042 0.01910975]
[0.00669812 0.01028162 0.0022113  0.01390226 0.03162337 0.0495433
 0.02062866 0.04802366 0.04178891 0.00574005 0.02759441 0.04307728
 0.03687506 0.04015754 0.04356515 0.01095872 0.05157321 0.00925654
 0.00981213 0.01709541 0.00975244 0.00402346 0.00313408 0.01447273
 0.06150671 0.0223641  0.02023038 0.02691993 0.04031312 0.01974907
 0.0141583  0.02000262 0.02993042 0.01910975]
[0.00509981 0.0217386  0.01237946 0.01660733 0.03982166 0.04236471
 0.00037135 0.05421381 0.0300392  0.00917813 0.00396735 0.02673965
 0.02693647 0.03902015 0.01147403 0.00259379 0.03927401 0.03307609
 0.02399343 0.00660486 0.00082039 0.01263583 0.00042093 0.00457434
 0.06972546 0.04614993 0.02539723 0.03225673 0.04546304 0.00287865
 0.04978472 0.02567231 0.02423468 0.04274538]
[0.00271919 0.05655102 0.01539846 0.02744913 0.01585607 0.03155409
 0.02164831 0.08106483 0.02195119 0.00780193 0.03366753 0.04735733
 0.03699879 0.01222503 0.00911563 0.01173259 0.02280819 0.03920101
 0.05276936 0.00771027 0.00447619 0.0151665  0.00211591 0.01494861
 0.06003438 0.00915865 0.00104794 0.01736232 0.00784934 0.04450213
 0.01666208 0.00636386 0.01230616 0.03579834]
[0.00271919 0.05655102 0.01539846 0.02744913 0.01585607 0.03155409
 0.02164831 0.08106483 0.02195119 0.00780193 0.03366753 0.04735733
 0.03699879 0.01222503 0.00911563 0.01173259 0.02280819 0.03920101
 0.05276936 0.00771027 0.00447619 0.0151665  0.00211591 0.01494861
 0.06003438 0.00915865 0.00104794 0.01736232 0.00784934 0.04450213
 0.01666208 0.00636386 0.01230616 0.03579834]
[0.00737771 0.01529767 0.01438895 0.05499922 0.0234969  0.07309167
 0.0198861  0.01474298 0.03873475 0.01390383 0.01002799 0.03251643
 0.05304664 0.06708683 0.03356737 0.01611581 0.06078029 0.01234874
 0.05565249 0.00383836 0.01330582 0.00714309 0.00764797 0.00441065
 0.04817356 0.0250274  0.03412529 0.05243919 0.03134619 0.00991937
 0.0601909  0.01742944 0.01296065 0.0304258 ]
[0.00359708 0.03347462 0.01477289 0.0068287  0.02022697 0.03594084
 0.03588807 0.05475525 0.02801164 0.00919517 0.05225425 0.01025381
 0.07671616 0.06202878 0.06334692 0.00217789 0.00923382 0.01502071
 0.04453692 0.02180132 0.01017256 0.00144068 0.0062068  0.00535928
 0.05201599 0.06071742 0.06072821 0.03272826 0.01767536 0.01115671
 0.06242674 0.01139854 0.00070849 0.06034304]
[0.00185524 0.00997158 0.01180616 0.04526525 0.06110773 0.04093262
 0.01669009 0.03541362 0.0407056  0.00439594 0.05926295 0.0540846
 0.09616669 0.04345811 0.04598512 0.01874395 0.01086981 0.01142934
 0.04624065 0.01500078 0.01041047 0.00930672 0.00294345 0.00592477
 0.04140617 0.00854791 0.05081229 0.02059442 0.00171562 0.00449955
 0.08702885 0.01833774 0.02895742 0.03781871]
[0.00591104 0.02173754 0.00471674 0.05886292 0.03039223 0.06126562
 0.02047566 0.00012722 0.0659696  0.00697207 0.0827633  0.00258404
 0.00247893 0.03802906 0.07239293 0.00386966 0.03582112 0.04126781
 0.00707483 0.01355196 0.00148153 0.01509081 0.00377306 0.01361719
 0.0617112  0.04621555 0.07394942 0.04489588 0.04294656 0.01352184
 0.03196639 0.0067603  0.04316711 0.02402374]
[4.78466877e-03 1.95424666e-02 8.98218566e-03 4.41691276e-02
 5.55805671e-02 1.06605877e-03 4.83792119e-02 1.17730403e-02
 3.52416146e-02 9.74228737e-03 9.36197228e-02 4.78514109e-02
 4.78286470e-02 7.05450456e-03 1.42991396e-05 6.91967042e-03
 5.13061319e-02 2.44329441e-02 2.29753160e-02 1.38935410e-02
 1.23805926e-03 9.34403446e-03 8.70275950e-04 1.90272132e-05
 3.32459539e-02 2.46008424e-02 6.43682089e-02 6.73225837e-02
 9.32196100e-03 2.18439284e-02 3.14015296e-03 4.60980775e-03
 7.16534304e-03 1.51170071e-02]
[4.78466877e-03 1.95424666e-02 8.98218566e-03 4.41691276e-02
 5.55805671e-02 1.06605877e-03 4.83792119e-02 1.17730403e-02
 3.52416146e-02 9.74228737e-03 9.36197228e-02 4.78514109e-02
 4.78286470e-02 7.05450456e-03 1.42991396e-05 6.91967042e-03
 5.13061319e-02 2.44329441e-02 2.29753160e-02 1.38935410e-02
 1.23805926e-03 9.34403446e-03 8.70275950e-04 1.90272132e-05
 3.32459539e-02 2.46008424e-02 6.43682089e-02 6.73225837e-02
 9.32196100e-03 2.18439284e-02 3.14015296e-03 4.60980775e-03
 7.16534304e-03 1.51170071e-02]
[4.78466877e-03 1.95424666e-02 8.98218566e-03 4.41691276e-02
 5.55805671e-02 1.06605877e-03 4.83792119e-02 1.17730403e-02
 3.52416146e-02 9.74228737e-03 9.36197228e-02 4.78514109e-02
 4.78286470e-02 7.05450456e-03 1.42991396e-05 6.91967042e-03
 5.13061319e-02 2.44329441e-02 2.29753160e-02 1.38935410e-02
 1.23805926e-03 9.34403446e-03 8.70275950e-04 1.90272132e-05
 3.32459539e-02 2.46008424e-02 6.43682089e-02 6.73225837e-02
 9.32196100e-03 2.18439284e-02 3.14015296e-03 4.60980775e-03
 7.16534304e-03 1.51170071e-02]
[4.78466877e-03 1.95424666e-02 8.98218566e-03 4.41691276e-02
 5.55805671e-02 1.06605877e-03 4.83792119e-02 1.17730403e-02
 3.52416146e-02 9.74228737e-03 9.36197228e-02 4.78514109e-02
 4.78286470e-02 7.05450456e-03 1.42991396e-05 6.91967042e-03
 5.13061319e-02 2.44329441e-02 2.29753160e-02 1.38935410e-02
 1.23805926e-03 9.34403446e-03 8.70275950e-04 1.90272132e-05
 3.32459539e-02 2.46008424e-02 6.43682089e-02 6.73225837e-02
 9.32196100e-03 2.18439284e-02 3.14015296e-03 4.60980775e-03
 7.16534304e-03 1.51170071e-02]
[4.78466877e-03 1.95424666e-02 8.98218566e-03 4.41691276e-02
 5.55805671e-02 1.06605877e-03 4.83792119e-02 1.17730403e-02
 3.52416146e-02 9.74228737e-03 9.36197228e-02 4.78514109e-02
 4.78286470e-02 7.05450456e-03 1.42991396e-05 6.91967042e-03
 5.13061319e-02 2.44329441e-02 2.29753160e-02 1.38935410e-02
 1.23805926e-03 9.34403446e-03 8.70275950e-04 1.90272132e-05
 3.32459539e-02 2.46008424e-02 6.43682089e-02 6.73225837e-02
 9.32196100e-03 2.18439284e-02 3.14015296e-03 4.60980775e-03
 7.16534304e-03 1.51170071e-02]
[0.00290858 0.04993498 0.00914213 0.00857448 0.03717878 0.02186041
 0.01005741 0.02278503 0.03047273 0.00247342 0.06832444 0.00133691
 0.00840582 0.03958069 0.03524933 0.01295746 0.03561441 0.03648584
 0.00665387 0.00565416 0.00914385 0.00792995 0.00475972 0.01066703
 0.03417219 0.02240443 0.06147298 0.03662122 0.03377264 0.00119365
 0.01949871 0.00060736 0.00255895 0.04293329]
[0.00290858 0.04993498 0.00914213 0.00857448 0.03717878 0.02186041
 0.01005741 0.02278503 0.03047273 0.00247342 0.06832444 0.00133691
 0.00840582 0.03958069 0.03524933 0.01295746 0.03561441 0.03648584
 0.00665387 0.00565416 0.00914385 0.00792995 0.00475972 0.01066703
 0.03417219 0.02240443 0.06147298 0.03662122 0.03377264 0.00119365
 0.01949871 0.00060736 0.00255895 0.04293329]
[0.00290858 0.04993498 0.00914213 0.00857448 0.03717878 0.02186041
 0.01005741 0.02278503 0.03047273 0.00247342 0.06832444 0.00133691
 0.00840582 0.03958069 0.03524933 0.01295746 0.03561441 0.03648584
 0.00665387 0.00565416 0.00914385 0.00792995 0.00475972 0.01066703
 0.03417219 0.02240443 0.06147298 0.03662122 0.03377264 0.00119365
 0.01949871 0.00060736 0.00255895 0.04293329]
[0.00050615 0.04674414 0.0130396  0.0035059  0.06270156 0.02056782
 0.03761238 0.01069673 0.00426373 0.00909804 0.05411884 0.02308586
 0.00703456 0.03347691 0.06661917 0.00038052 0.04346699 0.01814567
 0.0195071  0.00350772 0.00462246 0.01480695 0.00463077 0.0080086
 0.00014502 0.05067397 0.06257405 0.02823099 0.0406817  0.0457077
 0.04988815 0.02466404 0.00619536 0.00790403]
[0.00050615 0.04674414 0.0130396  0.0035059  0.06270156 0.02056782
 0.03761238 0.01069673 0.00426373 0.00909804 0.05411884 0.02308586
 0.00703456 0.03347691 0.06661917 0.00038052 0.04346699 0.01814567
 0.0195071  0.00350772 0.00462246 0.01480695 0.00463077 0.0080086
 0.00014502 0.05067397 0.06257405 0.02823099 0.0406817  0.0457077
 0.04988815 0.02466404 0.00619536 0.00790403]
