[0.00474997 0.01574733 0.01709583 0.02559735 0.03371478 0.04098524
 0.04219307 0.00053844 0.03827429 0.0046174  0.05436975 0.02093976
 0.04067687 0.05127107 0.05120035 0.01901584 0.0175964  0.03822796
 0.0454054  0.00014917 0.00592519 0.00670254 0.00514337 0.00863021
 0.03435741 0.0524705  0.04645045 0.01044845 0.00965877 0.02149471
 0.01026444 0.02017191 0.0338285  0.01285791]
[5.97002195e-03 5.71442153e-04 8.30629997e-03 1.79745940e-02
 2.55908825e-02 4.92756119e-02 9.87980892e-03 3.80698967e-02
 7.19836865e-02 1.81619237e-02 8.74567679e-02 2.90285610e-02
 8.66154572e-02 1.08202222e-02 1.54969847e-02 8.77604058e-03
 4.06498943e-02 1.07646436e-03 6.30567730e-02 3.14601321e-04
 1.08726251e-02 3.95678185e-03 3.20321409e-03 1.65568253e-02
 6.89444915e-03 4.10955513e-02 3.79336596e-02 7.37965320e-02
 6.01059289e-02 3.27069909e-02 1.89424944e-02 5.62199531e-05
 1.27006529e-02 2.63683484e-02]
[5.97002195e-03 5.71442153e-04 8.30629997e-03 1.79745940e-02
 2.55908825e-02 4.92756119e-02 9.87980892e-03 3.80698967e-02
 7.19836865e-02 1.81619237e-02 8.74567679e-02 2.90285610e-02
 8.66154572e-02 1.08202222e-02 1.54969847e-02 8.77604058e-03
 4.06498943e-02 1.07646436e-03 6.30567730e-02 3.14601321e-04
 1.08726251e-02 3.95678185e-03 3.20321409e-03 1.65568253e-02
 6.89444915e-03 4.10955513e-02 3.79336596e-02 7.37965320e-02
 6.01059289e-02 3.27069909e-02 1.89424944e-02 5.62199531e-05
 1.27006529e-02 2.63683484e-02]
[0.00213624 0.01665476 0.02006955 0.01940791 0.05791709 0.01294838
 0.00320392 0.05716908 0.06018174 0.00741736 0.04875501 0.05448114
 0.00372672 0.00180582 0.03394049 0.01300579 0.01848116 0.04383114
 0.03178626 0.0115463  0.00027187 0.006515   0.00537832 0.00909257
 0.03566989 0.06182622 0.06529403 0.04706282 0.08027614 0.05424845
 0.01927658 0.01075339 0.02245945 0.01758126]
[0.00375152 0.07128215 0.01746638 0.03562388 0.00131686 0.05585537
 0.00119083 0.07849014 0.02279719 0.00909613 0.06794343 0.01641765
 0.01001856 0.04153332 0.02522644 0.00564123 0.01963975 0.03980243
 0.02266216 0.02023918 0.01303183 0.01635275 0.00557935 0.0121289
 0.02504186 0.05634644 0.08496826 0.02883994 0.00668316 0.03019339
 0.03753945 0.03520278 0.01935786 0.04547957]
[0.00361144 0.05615418 0.00498936 0.01995602 0.04438071 0.03554574
 0.01119575 0.0693003  0.01042127 0.00785478 0.02058516 0.05202044
 0.02158321 0.04440187 0.01201892 0.02106804 0.0376936  0.00667404
 0.03746452 0.00579321 0.00756899 0.0013853  0.00255494 0.00931378
 0.00446471 0.05206384 0.06487252 0.02420773 0.04380372 0.01373981
 0.03347885 0.01542942 0.00028669 0.04459462]
[0.00402126 0.04633118 0.00155165 0.010296   0.03256933 0.038266
 0.04446179 0.07343027 0.00470026 0.01218417 0.00653952 0.00390101
 0.05364476 0.07031492 0.04159194 0.01910248 0.01404144 0.01820742
 0.02083711 0.00414321 0.00033716 0.00231659 0.00365044 0.01065845
 0.05017816 0.03844803 0.01400558 0.03923889 0.04864532 0.01921812
 0.03002549 0.02143054 0.00877562 0.03966402]
[0.00301986 0.04698497 0.00635963 0.0378164  0.03629136 0.05613213
 0.06255304 0.0618553  0.00765861 0.01033634 0.03743444 0.00167245
 0.00829459 0.07859567 0.0292705  0.00083072 0.01963096 0.03480413
 0.03173771 0.01083111 0.00662464 0.00809238 0.00566461 0.00676724
 0.04332629 0.04055759 0.05185076 0.00909007 0.03499365 0.03833496
 0.01290217 0.02305664 0.03123975 0.01116274]
[0.00155106 0.02556691 0.0108251  0.02400822 0.04796887 0.02515242
 0.04010424 0.03944811 0.01552107 0.01153877 0.01079564 0.00969714
 0.00750869 0.04337501 0.05578976 0.01210387 0.03046047 0.02885128
 0.017087   0.00893152 0.00175004 0.00365668 0.00348281 0.0124228
 0.04658284 0.05249693 0.06648194 0.01054196 0.00498551 0.02403062
 0.02245184 0.0049298  0.00810056 0.01313154]
[0.00155106 0.02556691 0.0108251  0.02400822 0.04796887 0.02515242
 0.04010424 0.03944811 0.01552107 0.01153877 0.01079564 0.00969714
 0.00750869 0.04337501 0.05578976 0.01210387 0.03046047 0.02885128
 0.017087   0.00893152 0.00175004 0.00365668 0.00348281 0.0124228
 0.04658284 0.05249693 0.06648194 0.01054196 0.00498551 0.02403062
 0.02245184 0.0049298  0.00810056 0.01313154]
[0.00833782 0.00824809 0.01105473 0.03851951 0.0536524  0.00830856
 0.02687366 0.04235467 0.00458284 0.01718364 0.05883171 0.06280795
 0.04159367 0.03799602 0.01329281 0.02588934 0.05385647 0.01527162
 0.04231089 0.01688927 0.01104012 0.01769152 0.00241005 0.00072948
 0.00402881 0.02463465 0.0003626  0.05993193 0.06781998 0.07477181
 0.03270064 0.00459394 0.02545464 0.02604775]
[0.00285666 0.05680361 0.00453049 0.03560604 0.04506204 0.03278874
 0.02990525 0.03166807 0.05680034 0.00166963 0.07579394 0.09264236
 0.04627372 0.03001323 0.00850139 0.00644246 0.02098072 0.05067197
 0.0808428  0.01526441 0.00774841 0.00068593 0.00478782 0.00677431
 0.05188447 0.00602121 0.0027817  0.02063018 0.01678103 0.00319931
 0.08092245 0.02033211 0.0143839  0.00076546]
[0.00156822 0.0215881  0.01378024 0.01102756 0.04084484 0.04769722
 0.05270455 0.0160155  0.01673335 0.00518935 0.03988229 0.02448654
 0.06947757 0.00938134 0.0220865  0.01048778 0.03914431 0.03466417
 0.08168189 0.00751505 0.00137432 0.00571596 0.00451279 0.0061837
 0.05872768 0.0098532  0.03838059 0.01150747 0.00169099 0.02519459
 0.08183815 0.00016305 0.01380145 0.03958209]
[0.00039818 0.07713544 0.00915007 0.03238439 0.06650824 0.02567088
 0.02838746 0.06133525 0.05835865 0.01842292 0.03576631 0.00590987
 0.04405098 0.05817201 0.04916083 0.02444034 0.00095976 0.03868564
 0.04546349 0.00941259 0.00987876 0.00687268 0.00327042 0.01744384
 0.00057968 0.00510716 0.05811135 0.01565892 0.02663079 0.05555971
 0.006606   0.01729523 0.03306136 0.01447362]
[0.00303494 0.01147663 0.00290877 0.03081591 0.05055489 0.01385787
 0.02310238 0.08311837 0.00209268 0.00388973 0.04783789 0.01274857
 0.01953704 0.05186163 0.06641306 0.02231699 0.01546253 0.01728888
 0.06882922 0.01449529 0.00496071 0.01077316 0.00103425 0.01080337
 0.03559512 0.00033066 0.01591631 0.01972506 0.03535743 0.05263722
 0.03294678 0.00374303 0.00105635 0.01141849]
[3.12574516e-03 4.72526710e-02 1.15693811e-02 4.19552805e-02
 4.26798537e-02 1.09651542e-02 3.51854121e-02 2.67660060e-02
 2.87969530e-02 9.00262982e-03 4.25909826e-02 3.99192815e-02
 5.03896561e-03 3.51857993e-02 5.69235281e-02 2.48917744e-02
 4.14236299e-02 3.29378717e-02 6.88199769e-02 2.01386199e-03
 4.23915431e-03 2.70548202e-03 6.34909088e-04 6.92176765e-03
 1.87614139e-02 4.03420217e-02 1.43879656e-02 9.23726829e-03
 5.32193069e-02 5.95651098e-02 6.40555285e-02 4.08690103e-03
 3.15588518e-05 2.48479007e-02]
[0.00199957 0.03099897 0.01655749 0.01048146 0.01778463 0.05540406
 0.06467155 0.02357308 0.03707824 0.00866877 0.06134003 0.07089114
 0.03638364 0.01785412 0.03523761 0.00143076 0.00554838 0.03818442
 0.06029635 0.01698308 0.01202067 0.01214476 0.00438334 0.01198789
 0.01191964 0.06786308 0.03325751 0.02013185 0.05191918 0.06231864
 0.01547202 0.02689533 0.00715697 0.01377215]
[0.00442034 0.05526274 0.0100043  0.04226827 0.0382363  0.03848406
 0.0609895  0.03574815 0.01952783 0.0054393  0.05047861 0.06072529
 0.04358155 0.0268638  0.03894118 0.00443105 0.02807802 0.03331895
 0.05079175 0.01002348 0.00274546 0.00300153 0.00207502 0.00498294
 0.00591894 0.05764592 0.05622287 0.0224943  0.04192441 0.00851901
 0.03932154 0.00606323 0.01665538 0.05140651]
[0.00137931 0.03738303 0.00870913 0.03407947 0.01574466 0.03082383
 0.00908133 0.04237819 0.05378343 0.00364795 0.08765068 0.07326844
 0.10068783 0.05430879 0.05911952 0.01274199 0.06772218 0.01361159
 0.0085331  0.00617975 0.00128187 0.00345858 0.00117454 0.01303728
 0.00490523 0.03667018 0.01345398 0.00026487 0.06172874 0.0213162
 0.00950316 0.02605633 0.00425936 0.06484205]
[0.00420099 0.03957929 0.00681327 0.00539953 0.00988646 0.04647496
 0.0322479  0.05456773 0.03774732 0.01150132 0.03646076 0.00151505
 0.03382618 0.06190234 0.02718638 0.01785618 0.03100588 0.01166111
 0.01064895 0.00376282 0.00104651 0.01006824 0.00229058 0.00898006
 0.04434557 0.04843995 0.02743355 0.02942173 0.04023021 0.00994088
 0.0255647  0.02127216 0.02301769 0.01153805]
