[2.21202066e-04 3.70049954e-02 1.14775727e-02 3.21823497e-02
 3.24349951e-02 1.94881474e-02 3.57323672e-03 3.25749836e-02
 5.04530655e-02 1.86720743e-03 3.21163693e-02 6.90697806e-03
 2.89805786e-02 2.86103256e-02 1.46843169e-02 3.25733536e-03
 4.00722116e-02 3.11391295e-02 7.46611553e-02 1.52459753e-02
 1.25048296e-02 6.43282954e-03 4.60484235e-05 5.64613116e-03
 7.96596826e-04 4.55401173e-02 6.56778207e-02 7.16884982e-03
 2.25690486e-02 6.66382227e-02 8.97230517e-03 6.31835063e-03
 9.66606221e-03 3.95524912e-02]
[0.00017128 0.01855218 0.02025633 0.02088056 0.00717825 0.02477025
 0.04365866 0.04441002 0.04538264 0.00888404 0.06744105 0.03227226
 0.02065261 0.00452903 0.02510159 0.01446373 0.0098189  0.01324585
 0.05971278 0.01447178 0.00867809 0.00151843 0.00404695 0.00230532
 0.0503819  0.03660465 0.0503336  0.01633409 0.02406128 0.07036194
 0.05480288 0.01876431 0.00240336 0.02467677]
[0.00305483 0.05020042 0.00301576 0.02688708 0.04084816 0.00019215
 0.01862628 0.03798619 0.03386437 0.00390107 0.05570144 0.00325475
 0.05651313 0.0292102  0.06220426 0.01756565 0.01322729 0.0100098
 0.05721279 0.01537761 0.00182556 0.01289426 0.00222754 0.01339496
 0.05975459 0.00696976 0.003787   0.02742578 0.04472071 0.04044616
 0.07159945 0.00660726 0.01839302 0.04316498]
[0.00220023 0.02371922 0.01649182 0.06367892 0.00722521 0.0121002
 0.04054077 0.0598573  0.05614588 0.00237079 0.00149672 0.01243923
 0.03414816 0.01602861 0.052173   0.02435366 0.04545482 0.01182652
 0.07386335 0.01674216 0.01177603 0.01601974 0.00403438 0.01566487
 0.04332574 0.00391737 0.01166706 0.03508548 0.01105885 0.03220839
 0.00798245 0.02439514 0.04453184 0.05983686]
[0.00390209 0.04655783 0.01618607 0.02320094 0.04423998 0.0315118
 0.04037688 0.00799974 0.02063405 0.00320443 0.02828562 0.02471651
 0.01426184 0.04630566 0.01658348 0.00103925 0.02955933 0.00303771
 0.07745    0.00331378 0.00903672 0.01214718 0.00480573 0.00924305
 0.05495624 0.02369642 0.03145778 0.05439055 0.04260546 0.01987427
 0.04830157 0.02417554 0.00735876 0.05594969]
[0.00390209 0.04655783 0.01618607 0.02320094 0.04423998 0.0315118
 0.04037688 0.00799974 0.02063405 0.00320443 0.02828562 0.02471651
 0.01426184 0.04630566 0.01658348 0.00103925 0.02955933 0.00303771
 0.07745    0.00331378 0.00903672 0.01214718 0.00480573 0.00924305
 0.05495624 0.02369642 0.03145778 0.05439055 0.04260546 0.01987427
 0.04830157 0.02417554 0.00735876 0.05594969]
[0.00390209 0.04655783 0.01618607 0.02320094 0.04423998 0.0315118
 0.04037688 0.00799974 0.02063405 0.00320443 0.02828562 0.02471651
 0.01426184 0.04630566 0.01658348 0.00103925 0.02955933 0.00303771
 0.07745    0.00331378 0.00903672 0.01214718 0.00480573 0.00924305
 0.05495624 0.02369642 0.03145778 0.05439055 0.04260546 0.01987427
 0.04830157 0.02417554 0.00735876 0.05594969]
[0.00225327 0.0303319  0.00363244 0.03903541 0.02236711 0.00726313
 0.00846618 0.0540507  0.05072678 0.00319182 0.04447966 0.01070664
 0.05563619 0.03404676 0.05407203 0.00543389 0.02396903 0.04371934
 0.04840094 0.00710537 0.01181037 0.00464821 0.00406459 0.00655685
 0.0295938  0.00738749 0.03510502 0.05669598 0.06265484 0.00368079
 0.01898722 0.00833689 0.03324405 0.04724534]
[0.00225327 0.0303319  0.00363244 0.03903541 0.02236711 0.00726313
 0.00846618 0.0540507  0.05072678 0.00319182 0.04447966 0.01070664
 0.05563619 0.03404676 0.05407203 0.00543389 0.02396903 0.04371934
 0.04840094 0.00710537 0.01181037 0.00464821 0.00406459 0.00655685
 0.0295938  0.00738749 0.03510502 0.05669598 0.06265484 0.00368079
 0.01898722 0.00833689 0.03324405 0.04724534]
[0.00225327 0.0303319  0.00363244 0.03903541 0.02236711 0.00726313
 0.00846618 0.0540507  0.05072678 0.00319182 0.04447966 0.01070664
 0.05563619 0.03404676 0.05407203 0.00543389 0.02396903 0.04371934
 0.04840094 0.00710537 0.01181037 0.00464821 0.00406459 0.00655685
 0.0295938  0.00738749 0.03510502 0.05669598 0.06265484 0.00368079
 0.01898722 0.00833689 0.03324405 0.04724534]
[0.00225327 0.0303319  0.00363244 0.03903541 0.02236711 0.00726313
 0.00846618 0.0540507  0.05072678 0.00319182 0.04447966 0.01070664
 0.05563619 0.03404676 0.05407203 0.00543389 0.02396903 0.04371934
 0.04840094 0.00710537 0.01181037 0.00464821 0.00406459 0.00655685
 0.0295938  0.00738749 0.03510502 0.05669598 0.06265484 0.00368079
 0.01898722 0.00833689 0.03324405 0.04724534]
[0.00331142 0.07132046 0.0015137  0.07293164 0.00097677 0.00708542
 0.00392446 0.07015358 0.02139593 0.01105902 0.06803636 0.03854694
 0.04489391 0.05566217 0.05876975 0.00812464 0.00874908 0.0414495
 0.00360071 0.00643954 0.01040661 0.00046591 0.00627294 0.00952115
 0.00197765 0.03633189 0.0242603  0.08287766 0.06742399 0.0490754
 0.03206006 0.00332531 0.03581977 0.01269743]
[0.00046096 0.06473159 0.01952144 0.04485631 0.0452624  0.00353142
 0.04354012 0.05319053 0.03690985 0.00492117 0.08456791 0.0540509
 0.07220552 0.0095027  0.03023375 0.00606051 0.0309547  0.00146218
 0.01928232 0.00269002 0.01077659 0.0063235  0.00312099 0.00435116
 0.04995011 0.05897047 0.01650476 0.06541456 0.00525373 0.00995832
 0.05793487 0.01413956 0.01771726 0.04728879]
[5.83903761e-03 5.86058978e-02 2.08682269e-02 7.70221675e-02
 4.27957281e-02 2.10155670e-02 7.40156928e-02 6.79210547e-02
 5.84478269e-02 1.59743844e-02 2.19814256e-02 2.05707364e-02
 5.86511642e-02 1.60801948e-02 2.69299954e-02 7.52139894e-03
 1.54531115e-02 1.33272012e-02 5.47146449e-03 1.94614754e-02
 2.55242722e-03 8.58585888e-04 8.62691743e-05 1.35813787e-02
 4.54242592e-02 3.77443501e-02 1.25817833e-02 3.54067127e-02
 4.81939384e-02 4.87822414e-02 4.93961420e-02 3.52910801e-03
 2.10197849e-02 3.23780566e-02]
[0.00341094 0.02306987 0.00168317 0.03640969 0.03140891 0.05157846
 0.07803765 0.04636007 0.05234726 0.00322889 0.00388241 0.02314274
 0.047322   0.00445966 0.04940545 0.01121835 0.04589521 0.0041006
 0.00542685 0.00847536 0.00708937 0.00044718 0.00596219 0.01346818
 0.05184839 0.05559328 0.04820657 0.07368768 0.0526488  0.05621386
 0.07864358 0.0009836  0.00588454 0.01837405]
[0.00606356 0.02584135 0.01268216 0.06237132 0.00384045 0.06346255
 0.00321801 0.05365221 0.05530409 0.00446324 0.03695769 0.02749815
 0.0388004  0.03372746 0.05500594 0.003952   0.03114239 0.04249599
 0.00289914 0.01423532 0.00703273 0.00827413 0.00451345 0.00011658
 0.05449781 0.02529025 0.04765365 0.06276676 0.02151291 0.04872965
 0.06640836 0.02319512 0.02438115 0.02795406]
[1.61807981e-03 5.45833582e-02 2.62097384e-02 7.84000557e-02
 3.97768406e-02 9.59227752e-02 5.35990037e-03 6.66332424e-02
 5.37142184e-02 6.03575074e-03 2.46460446e-02 5.42432312e-03
 6.87905462e-02 6.99682065e-02 2.61119403e-02 1.90226032e-02
 9.40660529e-03 4.16927744e-02 2.92067513e-02 1.56277674e-02
 4.16442958e-03 1.01574384e-02 1.13687815e-03 1.77695141e-02
 4.12277957e-02 2.00126926e-03 4.58177038e-02 2.16072946e-02
 4.93931535e-02 1.47981467e-02 8.71811295e-06 1.00230983e-02
 1.65775893e-02 1.82738435e-02]
[2.98835143e-03 1.53471385e-02 1.51770885e-02 1.28184379e-02
 2.14101973e-02 9.10467388e-02 3.54454697e-02 9.73608815e-02
 1.20686439e-03 7.36772233e-04 4.88292516e-02 7.50652193e-03
 6.51231200e-02 4.41135584e-02 2.18055016e-02 7.17215616e-03
 3.77706272e-02 5.63327692e-02 8.35405549e-02 1.52438401e-02
 1.50812707e-02 2.06148840e-05 1.04559472e-03 4.18279276e-03
 6.07804111e-02 4.07227751e-02 3.68016714e-02 7.92033390e-03
 6.46679447e-03 2.93392294e-02 2.33488867e-02 1.98879946e-02
 3.49422979e-02 3.53767912e-02]
[0.00118321 0.02240364 0.01056463 0.0473532  0.05796213 0.08446124
 0.0137917  0.0863473  0.00805348 0.00306795 0.06172531 0.01737236
 0.01559714 0.0467009  0.03764537 0.01375544 0.03652878 0.02115098
 0.07961377 0.00377662 0.00623433 0.00408697 0.00645802 0.00026084
 0.07046103 0.0317123  0.04778462 0.02601434 0.00625096 0.01012875
 0.0108666  0.01741498 0.02628535 0.05422846]
[0.00240013 0.0069168  0.00421155 0.01235189 0.05487134 0.06784148
 0.03323226 0.0531889  0.0134384  0.01192396 0.07661956 0.01186582
 0.00463505 0.0641788  0.01479658 0.00224481 0.01438761 0.03703608
 0.07269687 0.00032631 0.00185903 0.00780341 0.00144153 0.01031447
 0.03005287 0.04684252 0.06453267 0.02731453 0.02224295 0.04043849
 0.04352868 0.01644511 0.01847367 0.03923433]
