[0.00602903 0.04868979 0.01703796 0.03850112 0.0287376  0.05532999
 0.0325971  0.02805489 0.01589053 0.00428468 0.03451504 0.00669803
 0.02958787 0.01069351 0.02308131 0.01749781 0.02650622 0.01874208
 0.0449195  0.00599461 0.00746317 0.00766031 0.00521032 0.00961688
 0.04957379 0.07505292 0.06030765 0.01626372 0.01043464 0.05123044
 0.03531117 0.00649943 0.0072971  0.0568845 ]
[0.00520086 0.070168   0.00530046 0.0139062  0.05768574 0.07011205
 0.02130648 0.05645772 0.03482573 0.00255257 0.04812546 0.0364098
 0.04207174 0.00819532 0.04067922 0.00600889 0.02121456 0.03070864
 0.0604183  0.0007375  0.00801097 0.00358386 0.00034901 0.01069697
 0.06263273 0.03174018 0.06478644 0.00972531 0.01576011 0.00779633
 0.00019767 0.02631243 0.02374451 0.06580081]
[0.00569801 0.05243996 0.0112522  0.03953562 0.02240328 0.02217638
 0.04693726 0.03153793 0.04402071 0.0014047  0.06031591 0.06379242
 0.0404494  0.01535561 0.01468185 0.01467345 0.04666674 0.03489607
 0.05783947 0.00880388 0.01041848 0.00090875 0.00041867 0.00765597
 0.07043841 0.00459155 0.04064741 0.03486865 0.02532435 0.04845773
 0.03839034 0.02030752 0.02653236 0.00238482]
[0.00560034 0.07734433 0.02085309 0.05679191 0.01002444 0.05240717
 0.07569331 0.05461337 0.00931482 0.00225759 0.03109993 0.06871323
 0.02616612 0.0601544  0.03251483 0.02499731 0.0068879  0.03291629
 0.04985185 0.0126204  0.01076736 0.00415588 0.00274944 0.00695103
 0.02316436 0.02656714 0.04876615 0.0429587  0.00985895 0.03245946
 0.01898837 0.02692316 0.00805731 0.01502476]
[0.00359397 0.08856018 0.00495988 0.08498191 0.03382583 0.02120938
 0.03466462 0.06100766 0.01913801 0.00809327 0.00231203 0.05332071
 0.0390399  0.02428102 0.03362201 0.02167355 0.03479742 0.03887515
 0.03112448 0.01921516 0.00270684 0.01165931 0.0029337  0.00095776
 0.03917641 0.05516644 0.0085017  0.00810631 0.04280505 0.07437911
 0.00937343 0.01155921 0.01868153 0.01243272]
[1.71109972e-04 3.52757914e-04 2.28337144e-02 7.25918863e-02
 2.03828626e-02 4.43169282e-03 3.51437667e-02 7.20767829e-02
 2.51609167e-02 4.49971135e-05 4.91559522e-02 2.55569272e-02
 3.68728575e-02 2.76014064e-02 2.46512142e-02 4.48289565e-03
 3.94857658e-02 4.06665293e-02 3.01173572e-02 9.05120212e-03
 5.61224946e-03 1.50366917e-02 2.90676990e-03 2.94025285e-03
 8.35467058e-02 1.14625982e-02 6.46037098e-02 4.42126928e-02
 7.69419120e-02 3.98120840e-02 6.67598316e-03 1.60208263e-02
 1.45061184e-02 5.78257124e-02]
[0.000278   0.02936586 0.00131804 0.02199267 0.03007946 0.00614135
 0.05028758 0.06433493 0.03997377 0.00899486 0.05240252 0.02703907
 0.01008024 0.02931258 0.04516673 0.00441233 0.03597195 0.02003384
 0.04090562 0.01294033 0.0065217  0.00205107 0.00166991 0.00043915
 0.03389751 0.00504427 0.00852658 0.02600951 0.05430148 0.04322707
 0.01916287 0.01244601 0.01464469 0.05199288]
[0.00311143 0.01337222 0.02033252 0.02634906 0.05861419 0.04323115
 0.01133459 0.04701063 0.02994369 0.00332928 0.04587277 0.0322228
 0.04141285 0.06856577 0.06339603 0.02163141 0.04611608 0.03225755
 0.07686652 0.02001258 0.00358659 0.00629881 0.0003565  0.00280892
 0.01795836 0.0094105  0.02079907 0.00705355 0.05457502 0.01979318
 0.01234697 0.03016911 0.02932716 0.06443916]
[0.00279725 0.03351582 0.00645991 0.02089351 0.04148486 0.04708457
 0.05661628 0.01349585 0.01523886 0.0012597  0.06819795 0.05460923
 0.00410885 0.08562128 0.01471771 0.00024281 0.02438737 0.02311181
 0.02296987 0.01289587 0.00072393 0.01339361 0.00545583 0.00338463
 0.00227325 0.0469282  0.01118534 0.05289595 0.02033097 0.00878205
 0.04050763 0.00785986 0.02556611 0.06608058]
[1.74056077e-03 3.12075161e-02 1.11140664e-05 2.92873506e-02
 4.93872639e-02 3.01538746e-02 6.81900736e-02 4.37366774e-02
 4.28041869e-03 1.10580687e-02 5.32779438e-02 3.18735467e-02
 2.21507086e-03 5.95242592e-02 4.98010303e-02 1.12146947e-02
 3.94389309e-02 1.32816257e-02 4.72976398e-02 6.48116267e-03
 8.26053868e-03 9.58007601e-03 5.57182129e-03 2.98376461e-03
 1.55673868e-02 3.66074588e-03 1.89614175e-02 4.18548458e-02
 4.10727025e-02 4.68978851e-02 6.00181224e-02 2.35149478e-02
 2.23776936e-02 6.79641382e-03]
[2.05720775e-03 3.03033590e-02 2.30206746e-02 3.66747068e-02
 4.24580037e-02 2.03206905e-05 3.33759805e-02 6.48497171e-02
 5.59341757e-02 4.26899279e-03 7.80599678e-02 1.09441229e-02
 3.90869905e-02 6.45390387e-02 2.61682837e-02 1.08184356e-02
 2.38804523e-02 3.65966009e-02 5.21393438e-02 5.87854579e-03
 8.21633503e-03 2.73276538e-03 3.75481303e-04 1.14532287e-02
 3.49676062e-02 1.88482418e-02 2.21389470e-02 3.24074315e-02
 4.93097428e-04 2.88562570e-02 5.53726143e-02 2.78454738e-02
 3.18942166e-02 4.90890024e-02]
[5.64895648e-03 7.29083399e-02 1.10238691e-02 6.97925816e-02
 8.77302627e-03 3.86482701e-02 2.24435685e-02 2.36528305e-02
 2.58283036e-02 1.42674034e-02 9.53278116e-02 3.83013240e-02
 9.54851803e-03 6.45343276e-02 3.10922129e-02 1.80682207e-03
 5.02852120e-02 4.81865071e-02 3.48148142e-02 1.33226348e-02
 1.92963944e-03 7.89308028e-03 3.57021719e-05 8.81712166e-03
 1.07304931e-02 1.96196810e-02 2.11301225e-02 9.52203709e-03
 2.11556226e-02 2.06615030e-02 9.63459016e-03 2.87055735e-02
 2.00032165e-02 1.22945347e-03]
[5.64895648e-03 7.29083399e-02 1.10238691e-02 6.97925816e-02
 8.77302627e-03 3.86482701e-02 2.24435685e-02 2.36528305e-02
 2.58283036e-02 1.42674034e-02 9.53278116e-02 3.83013240e-02
 9.54851803e-03 6.45343276e-02 3.10922129e-02 1.80682207e-03
 5.02852120e-02 4.81865071e-02 3.48148142e-02 1.33226348e-02
 1.92963944e-03 7.89308028e-03 3.57021719e-05 8.81712166e-03
 1.07304931e-02 1.96196810e-02 2.11301225e-02 9.52203709e-03
 2.11556226e-02 2.06615030e-02 9.63459016e-03 2.87055735e-02
 2.00032165e-02 1.22945347e-03]
[0.00503823 0.10854611 0.01699302 0.03084378 0.01218319 0.01053168
 0.00094774 0.03724138 0.00298858 0.00646021 0.02185858 0.05050126
 0.07271937 0.00671449 0.06065229 0.00922831 0.01656581 0.05724397
 0.02621794 0.02263185 0.01041826 0.01901007 0.0008815  0.00507416
 0.0102859  0.0774437  0.05814588 0.02070137 0.01459437 0.0639793
 0.00944871 0.02655265 0.00426298 0.02259512]
[0.00778287 0.1047895  0.02188527 0.06293289 0.01714594 0.00926066
 0.00898422 0.00386829 0.04695851 0.01098003 0.03891144 0.06793142
 0.04058973 0.00816209 0.00267179 0.0280371  0.04960203 0.02084048
 0.01346929 0.02119911 0.00532581 0.01135674 0.00660486 0.01013493
 0.02265216 0.01940114 0.08044618 0.05350049 0.00058727 0.00767221
 0.05611619 0.00995384 0.03055503 0.04532062]
[0.00034829 0.05402205 0.00521155 0.03886746 0.03520073 0.03402797
 0.04459864 0.02025994 0.02985931 0.00288816 0.05217748 0.02612483
 0.01826355 0.01932599 0.04340325 0.0120787  0.00225653 0.03681527
 0.04120524 0.01287004 0.00613305 0.01212254 0.00329758 0.01031017
 0.01569108 0.04741553 0.02719541 0.03037035 0.03880592 0.00434403
 0.06108426 0.01098985 0.01383639 0.01991406]
[0.00034829 0.05402205 0.00521155 0.03886746 0.03520073 0.03402797
 0.04459864 0.02025994 0.02985931 0.00288816 0.05217748 0.02612483
 0.01826355 0.01932599 0.04340325 0.0120787  0.00225653 0.03681527
 0.04120524 0.01287004 0.00613305 0.01212254 0.00329758 0.01031017
 0.01569108 0.04741553 0.02719541 0.03037035 0.03880592 0.00434403
 0.06108426 0.01098985 0.01383639 0.01991406]
[0.0048989  0.0336247  0.00558425 0.01158924 0.03261075 0.02354485
 0.06010633 0.05678903 0.03745434 0.00551902 0.06435471 0.02642112
 0.05261616 0.05689882 0.04013136 0.02351638 0.03854371 0.0357728
 0.01637569 0.00888373 0.00081872 0.00012503 0.0006733  0.0101437
 0.02846519 0.00186043 0.01102528 0.02675975 0.01011591 0.03812257
 0.03773848 0.0116788  0.02322906 0.0105001 ]
[0.0048989  0.0336247  0.00558425 0.01158924 0.03261075 0.02354485
 0.06010633 0.05678903 0.03745434 0.00551902 0.06435471 0.02642112
 0.05261616 0.05689882 0.04013136 0.02351638 0.03854371 0.0357728
 0.01637569 0.00888373 0.00081872 0.00012503 0.0006733  0.0101437
 0.02846519 0.00186043 0.01102528 0.02675975 0.01011591 0.03812257
 0.03773848 0.0116788  0.02322906 0.0105001 ]
[0.00151301 0.00510395 0.01576068 0.01726622 0.07412541 0.02099436
 0.0429986  0.02073025 0.01563508 0.00067946 0.11419345 0.05303707
 0.03688409 0.02741372 0.02148602 0.02503577 0.05881434 0.04840482
 0.02484835 0.01256612 0.01211352 0.01750554 0.00594915 0.00749664
 0.04369806 0.04430711 0.0119523  0.01088675 0.0099395  0.00774735
 0.03403773 0.01706322 0.01014201 0.05502801]
