[0.00010699 0.04483153 0.0221565  0.08817053 0.02017827 0.00960958
 0.07429473 0.02333272 0.00450822 0.0123293  0.00838662 0.02172833
 0.05896777 0.08422356 0.05925013 0.00939189 0.00611049 0.00040337
 0.06473939 0.01223408 0.00720167 0.01429814 0.00189339 0.00740811
 0.02301719 0.01950455 0.02474622 0.02843786 0.03285471 0.01305885
 0.04506066 0.01098156 0.03123631 0.07622297]
[0.00061681 0.05909574 0.0052442  0.0219232  0.0121332  0.04175447
 0.05025666 0.02335691 0.01783605 0.00726544 0.00951397 0.002002
 0.01810078 0.0451175  0.02282133 0.0030442  0.04276722 0.0381938
 0.03915949 0.01494072 0.0041138  0.00077372 0.00432765 0.00583694
 0.01632722 0.04448016 0.04923047 0.02778122 0.03176944 0.02826196
 0.01807763 0.02214208 0.01897739 0.02964176]
[0.00337599 0.0686619  0.01687095 0.0108181  0.03320313 0.01856417
 0.05810992 0.01925268 0.04803892 0.01171764 0.01397161 0.00334425
 0.02966846 0.03243872 0.03599337 0.00202075 0.02781985 0.03382161
 0.06002419 0.00375057 0.00372753 0.00109979 0.00307441 0.00182114
 0.03603746 0.01828119 0.04680331 0.05102228 0.03387487 0.04595591
 0.0423017  0.00827231 0.02230995 0.05443174]
[0.00191226 0.03885407 0.00867694 0.03099418 0.04429204 0.01585389
 0.04808871 0.00518716 0.01803612 0.00502415 0.0445279  0.02598718
 0.06036643 0.05784622 0.03382971 0.01547205 0.02197886 0.01889881
 0.058494   0.01627696 0.01034075 0.00966951 0.0059734  0.00124893
 0.00982356 0.00575251 0.05431221 0.04469278 0.04630743 0.02690754
 0.05046867 0.02106782 0.0181118  0.06874208]
[5.29695296e-03 1.86088842e-02 1.05802744e-02 3.62204364e-02
 5.42166085e-02 1.90396390e-02 6.34420469e-03 2.44774571e-02
 9.17472367e-03 1.56425498e-02 3.95724453e-02 2.00349860e-02
 9.44811454e-02 3.91967982e-02 3.19322037e-02 1.81440191e-02
 6.74589277e-05 1.27512271e-02 3.70445964e-02 1.49053731e-03
 4.36082902e-03 1.69652718e-02 5.55381438e-03 3.81859709e-03
 5.32298028e-02 3.18657277e-02 4.23562956e-02 8.04876567e-02
 1.54218388e-03 5.79533722e-03 7.67547150e-02 2.90632132e-02
 7.43397802e-03 9.94323464e-02]
[0.00036846 0.01250146 0.02451227 0.01915143 0.02545857 0.06860518
 0.04468901 0.03665291 0.0345813  0.00616028 0.07879453 0.00060834
 0.08026763 0.01155137 0.0784     0.02853364 0.00306203 0.00949552
 0.0678124  0.01348433 0.00014984 0.00577277 0.00177964 0.00363136
 0.07874959 0.01935555 0.06262314 0.01573716 0.01549829 0.01676938
 0.01569824 0.01480448 0.01749971 0.07980092]
[0.00036846 0.01250146 0.02451227 0.01915143 0.02545857 0.06860518
 0.04468901 0.03665291 0.0345813  0.00616028 0.07879453 0.00060834
 0.08026763 0.01155137 0.0784     0.02853364 0.00306203 0.00949552
 0.0678124  0.01348433 0.00014984 0.00577277 0.00177964 0.00363136
 0.07874959 0.01935555 0.06262314 0.01573716 0.01549829 0.01676938
 0.01569824 0.01480448 0.01749971 0.07980092]
[0.00555351 0.04054903 0.00090108 0.05343516 0.03269641 0.02182043
 0.02427259 0.01877465 0.02867182 0.00760912 0.05747703 0.0345913
 0.0431641  0.04503392 0.05722012 0.02203641 0.02144492 0.02672015
 0.04567341 0.0081016  0.00838345 0.00589835 0.00284998 0.00792621
 0.0517282  0.01757403 0.03202168 0.00773761 0.04006122 0.03695617
 0.02764249 0.02051215 0.00763032 0.06468985]
[0.00115881 0.04833197 0.0207745  0.00032195 0.03187389 0.03948537
 0.06047728 0.02214425 0.02605543 0.00045944 0.03863599 0.0228287
 0.03671496 0.05893891 0.00121102 0.0123844  0.00261527 0.04367318
 0.0023247  0.00722945 0.00380242 0.00971488 0.0030253  0.00704626
 0.0365752  0.05632911 0.05083934 0.01262781 0.05328968 0.01783678
 0.00586025 0.00621435 0.01302903 0.02338355]
[0.00115881 0.04833197 0.0207745  0.00032195 0.03187389 0.03948537
 0.06047728 0.02214425 0.02605543 0.00045944 0.03863599 0.0228287
 0.03671496 0.05893891 0.00121102 0.0123844  0.00261527 0.04367318
 0.0023247  0.00722945 0.00380242 0.00971488 0.0030253  0.00704626
 0.0365752  0.05632911 0.05083934 0.01262781 0.05328968 0.01783678
 0.00586025 0.00621435 0.01302903 0.02338355]
[0.00115881 0.04833197 0.0207745  0.00032195 0.03187389 0.03948537
 0.06047728 0.02214425 0.02605543 0.00045944 0.03863599 0.0228287
 0.03671496 0.05893891 0.00121102 0.0123844  0.00261527 0.04367318
 0.0023247  0.00722945 0.00380242 0.00971488 0.0030253  0.00704626
 0.0365752  0.05632911 0.05083934 0.01262781 0.05328968 0.01783678
 0.00586025 0.00621435 0.01302903 0.02338355]
[0.00115881 0.04833197 0.0207745  0.00032195 0.03187389 0.03948537
 0.06047728 0.02214425 0.02605543 0.00045944 0.03863599 0.0228287
 0.03671496 0.05893891 0.00121102 0.0123844  0.00261527 0.04367318
 0.0023247  0.00722945 0.00380242 0.00971488 0.0030253  0.00704626
 0.0365752  0.05632911 0.05083934 0.01262781 0.05328968 0.01783678
 0.00586025 0.00621435 0.01302903 0.02338355]
[0.00115881 0.04833197 0.0207745  0.00032195 0.03187389 0.03948537
 0.06047728 0.02214425 0.02605543 0.00045944 0.03863599 0.0228287
 0.03671496 0.05893891 0.00121102 0.0123844  0.00261527 0.04367318
 0.0023247  0.00722945 0.00380242 0.00971488 0.0030253  0.00704626
 0.0365752  0.05632911 0.05083934 0.01262781 0.05328968 0.01783678
 0.00586025 0.00621435 0.01302903 0.02338355]
[0.00115881 0.04833197 0.0207745  0.00032195 0.03187389 0.03948537
 0.06047728 0.02214425 0.02605543 0.00045944 0.03863599 0.0228287
 0.03671496 0.05893891 0.00121102 0.0123844  0.00261527 0.04367318
 0.0023247  0.00722945 0.00380242 0.00971488 0.0030253  0.00704626
 0.0365752  0.05632911 0.05083934 0.01262781 0.05328968 0.01783678
 0.00586025 0.00621435 0.01302903 0.02338355]
[0.00115881 0.04833197 0.0207745  0.00032195 0.03187389 0.03948537
 0.06047728 0.02214425 0.02605543 0.00045944 0.03863599 0.0228287
 0.03671496 0.05893891 0.00121102 0.0123844  0.00261527 0.04367318
 0.0023247  0.00722945 0.00380242 0.00971488 0.0030253  0.00704626
 0.0365752  0.05632911 0.05083934 0.01262781 0.05328968 0.01783678
 0.00586025 0.00621435 0.01302903 0.02338355]
[0.00115881 0.04833197 0.0207745  0.00032195 0.03187389 0.03948537
 0.06047728 0.02214425 0.02605543 0.00045944 0.03863599 0.0228287
 0.03671496 0.05893891 0.00121102 0.0123844  0.00261527 0.04367318
 0.0023247  0.00722945 0.00380242 0.00971488 0.0030253  0.00704626
 0.0365752  0.05632911 0.05083934 0.01262781 0.05328968 0.01783678
 0.00586025 0.00621435 0.01302903 0.02338355]
[0.00282599 0.03887067 0.01471991 0.02827634 0.02660917 0.01091908
 0.02941838 0.05812795 0.02769744 0.00715635 0.02428215 0.02433259
 0.00229058 0.02596137 0.05941997 0.00797176 0.03740297 0.03519677
 0.02274291 0.00690147 0.00179901 0.00885346 0.00651254 0.01081132
 0.07878298 0.00034315 0.05611855 0.03600257 0.06446998 0.01580822
 0.01664906 0.00477082 0.01486712 0.06224811]
[0.00443001 0.04015957 0.00613857 0.02093772 0.04392841 0.01906669
 0.02232868 0.03797361 0.03756771 0.00359169 0.02648272 0.01089946
 0.00936434 0.0339988  0.04982161 0.0145559  0.00171196 0.02460406
 0.02087343 0.00887526 0.00623418 0.00166665 0.00310845 0.00996841
 0.03712171 0.03143292 0.03724938 0.0482154  0.05568111 0.02147285
 0.02318046 0.00044865 0.01865422 0.04424087]
[0.00699753 0.03219086 0.01487863 0.01304155 0.01274143 0.01898357
 0.02852284 0.06664144 0.05543885 0.00149557 0.05875595 0.01849668
 0.05630887 0.06792144 0.00689313 0.01138839 0.04948396 0.01035087
 0.01244283 0.01221012 0.00759242 0.00608916 0.00017498 0.00031714
 0.04739712 0.01904695 0.05360762 0.00761143 0.03580604 0.06335662
 0.04079801 0.01196397 0.02038482 0.06792598]
[0.00263388 0.02265192 0.00834463 0.01695416 0.04620962 0.02264206
 0.01180679 0.02526698 0.02012342 0.01122788 0.02705601 0.00507551
 0.04385085 0.10327799 0.01099597 0.00151592 0.00437601 0.04823511
 0.03891851 0.00493912 0.00823996 0.00705652 0.00775191 0.01490606
 0.03413275 0.02708245 0.05850049 0.04653628 0.05738549 0.05643604
 0.03015502 0.02536884 0.02409796 0.07453747]
