[0.00339344 0.05206299 0.01303894 0.031454   0.01718892 0.05826387
 0.0061611  0.01709582 0.02802265 0.00416974 0.04729903 0.05953922
 0.07216625 0.05441883 0.01176088 0.00972641 0.01013623 0.02309281
 0.01324324 0.00239339 0.00274042 0.01259051 0.00017685 0.00491513
 0.01794788 0.04680296 0.01909037 0.05223072 0.04228028 0.00224451
 0.01835565 0.0165917  0.03525654 0.02745712]
[0.00675812 0.05773031 0.02078419 0.03574784 0.04174733 0.0035105
 0.02093082 0.02695473 0.01300048 0.01213438 0.06628946 0.04667542
 0.07885162 0.01365052 0.05551092 0.00516408 0.0440056  0.02141645
 0.03989744 0.00172277 0.00085293 0.00706236 0.00519384 0.01274107
 0.01894046 0.00240961 0.01558842 0.05509257 0.02526165 0.01512424
 0.06441578 0.00675083 0.02200455 0.03027822]
[0.00675812 0.05773031 0.02078419 0.03574784 0.04174733 0.0035105
 0.02093082 0.02695473 0.01300048 0.01213438 0.06628946 0.04667542
 0.07885162 0.01365052 0.05551092 0.00516408 0.0440056  0.02141645
 0.03989744 0.00172277 0.00085293 0.00706236 0.00519384 0.01274107
 0.01894046 0.00240961 0.01558842 0.05509257 0.02526165 0.01512424
 0.06441578 0.00675083 0.02200455 0.03027822]
[0.00059682 0.01100285 0.01878848 0.05005052 0.05657105 0.03950705
 0.0221727  0.05855544 0.04024682 0.00530047 0.07124543 0.0202181
 0.01992595 0.0529291  0.06344416 0.02379019 0.05239172 0.00098855
 0.07300052 0.0025091  0.00394249 0.01192545 0.00063976 0.00516377
 0.03076164 0.02700627 0.01065255 0.02571175 0.04415088 0.05258225
 0.04476397 0.00284442 0.00034322 0.01695923]
[0.00059682 0.01100285 0.01878848 0.05005052 0.05657105 0.03950705
 0.0221727  0.05855544 0.04024682 0.00530047 0.07124543 0.0202181
 0.01992595 0.0529291  0.06344416 0.02379019 0.05239172 0.00098855
 0.07300052 0.0025091  0.00394249 0.01192545 0.00063976 0.00516377
 0.03076164 0.02700627 0.01065255 0.02571175 0.04415088 0.05258225
 0.04476397 0.00284442 0.00034322 0.01695923]
[0.00059682 0.01100285 0.01878848 0.05005052 0.05657105 0.03950705
 0.0221727  0.05855544 0.04024682 0.00530047 0.07124543 0.0202181
 0.01992595 0.0529291  0.06344416 0.02379019 0.05239172 0.00098855
 0.07300052 0.0025091  0.00394249 0.01192545 0.00063976 0.00516377
 0.03076164 0.02700627 0.01065255 0.02571175 0.04415088 0.05258225
 0.04476397 0.00284442 0.00034322 0.01695923]
[0.00586884 0.02345084 0.01841695 0.08235888 0.01790366 0.07947403
 0.0343985  0.01010655 0.05265387 0.01377611 0.01635219 0.03754414
 0.06382201 0.01029013 0.06996057 0.00160238 0.05825261 0.00732363
 0.0126266  0.0200007  0.0011212  0.00269648 0.00225356 0.00011738
 0.01707867 0.02300141 0.05171999 0.01186132 0.02144997 0.02251191
 0.00099572 0.02087006 0.04469961 0.01234267]
[0.00586884 0.02345084 0.01841695 0.08235888 0.01790366 0.07947403
 0.0343985  0.01010655 0.05265387 0.01377611 0.01635219 0.03754414
 0.06382201 0.01029013 0.06996057 0.00160238 0.05825261 0.00732363
 0.0126266  0.0200007  0.0011212  0.00269648 0.00225356 0.00011738
 0.01707867 0.02300141 0.05171999 0.01186132 0.02144997 0.02251191
 0.00099572 0.02087006 0.04469961 0.01234267]
[0.00136626 0.0131957  0.01491293 0.06607947 0.03120386 0.03236274
 0.03293907 0.04294646 0.01033869 0.00404868 0.02586184 0.02389732
 0.06516009 0.046363   0.00443876 0.01641267 0.03104853 0.02373625
 0.03356974 0.00709088 0.00605024 0.00884677 0.00166616 0.00090053
 0.0490639  0.01471521 0.05280283 0.03725418 0.03955015 0.05302292
 0.02674544 0.02215007 0.00962562 0.01332005]
[0.00136626 0.0131957  0.01491293 0.06607947 0.03120386 0.03236274
 0.03293907 0.04294646 0.01033869 0.00404868 0.02586184 0.02389732
 0.06516009 0.046363   0.00443876 0.01641267 0.03104853 0.02373625
 0.03356974 0.00709088 0.00605024 0.00884677 0.00166616 0.00090053
 0.0490639  0.01471521 0.05280283 0.03725418 0.03955015 0.05302292
 0.02674544 0.02215007 0.00962562 0.01332005]
[0.00136626 0.0131957  0.01491293 0.06607947 0.03120386 0.03236274
 0.03293907 0.04294646 0.01033869 0.00404868 0.02586184 0.02389732
 0.06516009 0.046363   0.00443876 0.01641267 0.03104853 0.02373625
 0.03356974 0.00709088 0.00605024 0.00884677 0.00166616 0.00090053
 0.0490639  0.01471521 0.05280283 0.03725418 0.03955015 0.05302292
 0.02674544 0.02215007 0.00962562 0.01332005]
[0.00136626 0.0131957  0.01491293 0.06607947 0.03120386 0.03236274
 0.03293907 0.04294646 0.01033869 0.00404868 0.02586184 0.02389732
 0.06516009 0.046363   0.00443876 0.01641267 0.03104853 0.02373625
 0.03356974 0.00709088 0.00605024 0.00884677 0.00166616 0.00090053
 0.0490639  0.01471521 0.05280283 0.03725418 0.03955015 0.05302292
 0.02674544 0.02215007 0.00962562 0.01332005]
[0.0073311  0.02635795 0.0001116  0.09006726 0.01116595 0.03532106
 0.05883108 0.00648852 0.00937934 0.01019039 0.00655586 0.05626845
 0.08348723 0.02808265 0.00073537 0.00651838 0.03624356 0.0338844
 0.07185075 0.00282446 0.0011933  0.01169737 0.00574618 0.0070201
 0.00261993 0.02414544 0.00204081 0.0688794  0.0064752  0.06418048
 0.07283101 0.01193916 0.01517835 0.03436907]
[0.00450935 0.02402598 0.01105599 0.04024863 0.02198466 0.04876795
 0.06058213 0.00918201 0.05895327 0.00460644 0.05569337 0.08293332
 0.0645069  0.00291552 0.02083208 0.02030841 0.00461425 0.03326903
 0.03561978 0.00335148 0.0031945  0.01104264 0.00627113 0.01565822
 0.02420858 0.01044509 0.03669585 0.00381672 0.0008875  0.01167482
 0.03685561 0.00501113 0.00953206 0.02228689]
[0.00450935 0.02402598 0.01105599 0.04024863 0.02198466 0.04876795
 0.06058213 0.00918201 0.05895327 0.00460644 0.05569337 0.08293332
 0.0645069  0.00291552 0.02083208 0.02030841 0.00461425 0.03326903
 0.03561978 0.00335148 0.0031945  0.01104264 0.00627113 0.01565822
 0.02420858 0.01044509 0.03669585 0.00381672 0.0008875  0.01167482
 0.03685561 0.00501113 0.00953206 0.02228689]
[0.00450935 0.02402598 0.01105599 0.04024863 0.02198466 0.04876795
 0.06058213 0.00918201 0.05895327 0.00460644 0.05569337 0.08293332
 0.0645069  0.00291552 0.02083208 0.02030841 0.00461425 0.03326903
 0.03561978 0.00335148 0.0031945  0.01104264 0.00627113 0.01565822
 0.02420858 0.01044509 0.03669585 0.00381672 0.0008875  0.01167482
 0.03685561 0.00501113 0.00953206 0.02228689]
[5.53956498e-03 1.26447646e-02 1.15691322e-02 1.72444887e-03
 3.23418352e-02 4.24897803e-02 5.95919197e-02 4.60012426e-02
 1.14839007e-02 9.93187927e-03 4.26564007e-02 5.05572680e-02
 2.17354897e-02 1.52684413e-02 1.00864501e-02 6.19414486e-05
 1.09736276e-02 4.16936320e-03 2.04534378e-02 6.34878191e-03
 2.67199775e-03 6.53375685e-03 1.29312030e-03 6.77813899e-03
 1.09493864e-02 3.82739226e-02 1.68804112e-02 8.30836513e-03
 7.60027186e-03 2.40081571e-02 5.80184354e-02 1.98761273e-02
 6.00941323e-03 4.14829770e-02]
[5.53956498e-03 1.26447646e-02 1.15691322e-02 1.72444887e-03
 3.23418352e-02 4.24897803e-02 5.95919197e-02 4.60012426e-02
 1.14839007e-02 9.93187927e-03 4.26564007e-02 5.05572680e-02
 2.17354897e-02 1.52684413e-02 1.00864501e-02 6.19414486e-05
 1.09736276e-02 4.16936320e-03 2.04534378e-02 6.34878191e-03
 2.67199775e-03 6.53375685e-03 1.29312030e-03 6.77813899e-03
 1.09493864e-02 3.82739226e-02 1.68804112e-02 8.30836513e-03
 7.60027186e-03 2.40081571e-02 5.80184354e-02 1.98761273e-02
 6.00941323e-03 4.14829770e-02]
[2.97720166e-04 2.74025740e-02 3.83809129e-03 3.72904437e-02
 4.19073694e-02 1.53080400e-02 6.39065651e-02 2.51561952e-02
 2.15608984e-02 4.16573015e-03 1.41083129e-02 4.04331284e-02
 1.96428166e-02 1.80691624e-02 3.28179744e-02 1.25110974e-03
 6.10126736e-03 2.24361995e-02 3.84509016e-02 1.01898805e-02
 5.69794880e-05 2.57728895e-03 3.82322600e-05 4.62673013e-03
 3.94266583e-02 4.86497306e-02 4.23434860e-02 2.78045787e-02
 2.44557451e-02 2.77354168e-02 3.73574399e-02 2.30043722e-02
 1.69768195e-02 5.10721389e-02]
[0.00022908 0.05721262 0.01280532 0.05434231 0.03226101 0.03425478
 0.06007647 0.01551159 0.03714728 0.00728059 0.04080508 0.06204018
 0.0330901  0.04211157 0.00657763 0.01636881 0.03716504 0.00647348
 0.0124663  0.01376278 0.00209043 0.01270837 0.00361984 0.01122491
 0.02919914 0.03037964 0.02399248 0.05687855 0.05206157 0.02569247
 0.01829222 0.00217085 0.02851879 0.02684116]
