[0.00510972 0.03679063 0.00220124 0.01640584 0.04460593 0.06129745
 0.02237054 0.01201673 0.04549247 0.01410135 0.0459567  0.01622532
 0.0790528  0.05482585 0.04715184 0.00647468 0.01767322 0.03068261
 0.00564601 0.00740224 0.00265059 0.00081096 0.00516039 0.01123175
 0.01758456 0.02928762 0.0720996  0.0358022  0.05126224 0.05465946
 0.04783709 0.01653317 0.00263535 0.08019309]
[0.00389747 0.01781357 0.00816012 0.01589521 0.02307348 0.01137976
 0.06847076 0.06262783 0.0065012  0.01423949 0.00891896 0.02302316
 0.01545892 0.06300628 0.01337647 0.01834266 0.0183607  0.04733249
 0.05571151 0.00321304 0.01194357 0.00677541 0.0049684  0.00034421
 0.00286681 0.0661419  0.0365208  0.05635092 0.05320406 0.04789803
 0.06029349 0.00890952 0.03761971 0.05199044]
[0.00075732 0.05056343 0.00739689 0.01771635 0.01183426 0.03639942
 0.03961899 0.05239387 0.05040829 0.00109918 0.01428648 0.05036477
 0.02477292 0.05700266 0.02322876 0.0090002  0.00991114 0.01609754
 0.06385768 0.00155629 0.00305435 0.00127108 0.00081683 0.01193733
 0.03907332 0.0108861  0.00417295 0.05651655 0.05677232 0.06584051
 0.06849586 0.02322182 0.01411903 0.05672458]
[0.00401011 0.04551814 0.00821629 0.02170271 0.0111358  0.02498569
 0.03953604 0.02429605 0.02082812 0.00013718 0.04080472 0.01673145
 0.0348945  0.04327081 0.05439713 0.01287547 0.01234395 0.01860906
 0.03915386 0.01012541 0.00764077 0.00141362 0.0016793  0.00962744
 0.05833548 0.02017726 0.01666141 0.00401479 0.04168245 0.05741877
 0.01797955 0.0049024  0.03470846 0.03518963]
[0.00145009 0.01542613 0.00431886 0.04676357 0.01512981 0.06142192
 0.04737291 0.03440724 0.0130467  0.00606629 0.07069712 0.00035192
 0.00355938 0.02311262 0.02701064 0.01948576 0.0505554  0.00155096
 0.07362129 0.01410088 0.00347994 0.01293449 0.0049577  0.01433314
 0.04224757 0.03214746 0.00776564 0.05037529 0.03325181 0.05727586
 0.03865596 0.02060518 0.03854559 0.05914269]
[0.00613342 0.02103778 0.01927742 0.0665398  0.0313255  0.01187419
 0.02486573 0.01136576 0.04915402 0.00619528 0.04570095 0.0044063
 0.04021788 0.03749077 0.07903278 0.02453149 0.00860016 0.03231962
 0.03662247 0.00713365 0.00361813 0.0062281  0.00247779 0.0007477
 0.01283136 0.06008412 0.02448713 0.00392004 0.04496542 0.06772249
 0.05248833 0.02794403 0.01280565 0.04991967]
[0.00170809 0.0350499  0.02115289 0.09352707 0.03454806 0.02734757
 0.01999919 0.05398276 0.013081   0.01310694 0.0310386  0.00405768
 0.01131218 0.00972221 0.06283192 0.00388153 0.04291089 0.04836886
 0.07416361 0.00566095 0.00279737 0.01485166 0.0046387  0.00219022
 0.05020238 0.0104007  0.02321476 0.05532977 0.01654484 0.04613111
 0.04324758 0.01447669 0.0096368  0.05739074]
[0.00018621 0.00767042 0.01815943 0.07646316 0.03289178 0.04215183
 0.06133282 0.05083904 0.03217286 0.00972869 0.02749156 0.04487057
 0.03172956 0.00436724 0.02553902 0.01100493 0.03571231 0.04120387
 0.08267976 0.00504778 0.00442302 0.0133801  0.00592287 0.00948039
 0.01429325 0.03137789 0.03261065 0.06983836 0.02848959 0.07628998
 0.02016724 0.00392606 0.00981595 0.00184634]
[0.00496149 0.02227418 0.01763789 0.07948225 0.05213686 0.03897176
 0.02545931 0.0156341  0.01442061 0.00893903 0.01411036 0.01348852
 0.02177399 0.02897827 0.0562318  0.00770147 0.04653126 0.01303357
 0.07319831 0.01391847 0.00305421 0.01308541 0.00238311 0.00171454
 0.02358108 0.02740691 0.05028456 0.08327322 0.04464043 0.04933492
 0.02908159 0.00900802 0.03951722 0.01868569]
[5.29858769e-03 5.80395605e-03 1.49360418e-02 4.20823089e-02
 1.53832225e-02 4.57887286e-02 5.89093357e-03 2.11182178e-02
 3.29283636e-02 1.11632768e-02 7.11240989e-03 3.50172956e-02
 5.02873915e-02 4.98354863e-02 1.79418300e-02 2.12771660e-02
 4.67095394e-04 1.21513155e-02 6.49526738e-02 1.24366776e-02
 2.97243317e-03 5.50843414e-04 9.56280578e-04 7.23771857e-03
 4.46811690e-02 7.17629460e-03 3.42063674e-02 5.78199737e-02
 6.14661581e-02 3.99677967e-02 8.79684497e-05 2.16924749e-02
 2.84502211e-02 1.64199848e-02]
[5.29858769e-03 5.80395605e-03 1.49360418e-02 4.20823089e-02
 1.53832225e-02 4.57887286e-02 5.89093357e-03 2.11182178e-02
 3.29283636e-02 1.11632768e-02 7.11240989e-03 3.50172956e-02
 5.02873915e-02 4.98354863e-02 1.79418300e-02 2.12771660e-02
 4.67095394e-04 1.21513155e-02 6.49526738e-02 1.24366776e-02
 2.97243317e-03 5.50843414e-04 9.56280578e-04 7.23771857e-03
 4.46811690e-02 7.17629460e-03 3.42063674e-02 5.78199737e-02
 6.14661581e-02 3.99677967e-02 8.79684497e-05 2.16924749e-02
 2.84502211e-02 1.64199848e-02]
[5.29858769e-03 5.80395605e-03 1.49360418e-02 4.20823089e-02
 1.53832225e-02 4.57887286e-02 5.89093357e-03 2.11182178e-02
 3.29283636e-02 1.11632768e-02 7.11240989e-03 3.50172956e-02
 5.02873915e-02 4.98354863e-02 1.79418300e-02 2.12771660e-02
 4.67095394e-04 1.21513155e-02 6.49526738e-02 1.24366776e-02
 2.97243317e-03 5.50843414e-04 9.56280578e-04 7.23771857e-03
 4.46811690e-02 7.17629460e-03 3.42063674e-02 5.78199737e-02
 6.14661581e-02 3.99677967e-02 8.79684497e-05 2.16924749e-02
 2.84502211e-02 1.64199848e-02]
[0.00312004 0.01456455 0.01342397 0.05499877 0.05566029 0.00489812
 0.01663592 0.0610123  0.03923181 0.01168721 0.00263083 0.02296463
 0.00663587 0.05935775 0.01183448 0.01831875 0.00503622 0.04533828
 0.03081098 0.01929312 0.0107499  0.00200065 0.0024304  0.0029728
 0.06780624 0.0541309  0.04859043 0.06488922 0.06685953 0.06095128
 0.00707882 0.00364682 0.04507604 0.01043262]
[0.00248231 0.03258757 0.00825942 0.02568558 0.03826809 0.0324826
 0.02376286 0.02937143 0.00739742 0.00079632 0.01861837 0.03923788
 0.04102133 0.05494289 0.02353166 0.00319924 0.0053687  0.00480527
 0.05560084 0.01147298 0.00388782 0.002933   0.00258854 0.01226585
 0.06742356 0.05441429 0.01107256 0.01889753 0.07244047 0.04268423
 0.01965389 0.00677113 0.03051538 0.03989568]
[0.00431394 0.04717396 0.01481835 0.02202037 0.01373271 0.02677175
 0.00783257 0.0074596  0.0235052  0.00404496 0.01850682 0.03833215
 0.01730825 0.05304396 0.03391249 0.01674137 0.01604937 0.03124482
 0.00183149 0.00432987 0.00443773 0.00838151 0.00060108 0.00052253
 0.04555472 0.02912503 0.01180773 0.00940129 0.01532841 0.03025501
 0.03802896 0.01345778 0.01179404 0.05205026]
[0.00431394 0.04717396 0.01481835 0.02202037 0.01373271 0.02677175
 0.00783257 0.0074596  0.0235052  0.00404496 0.01850682 0.03833215
 0.01730825 0.05304396 0.03391249 0.01674137 0.01604937 0.03124482
 0.00183149 0.00432987 0.00443773 0.00838151 0.00060108 0.00052253
 0.04555472 0.02912503 0.01180773 0.00940129 0.01532841 0.03025501
 0.03802896 0.01345778 0.01179404 0.05205026]
[0.00431394 0.04717396 0.01481835 0.02202037 0.01373271 0.02677175
 0.00783257 0.0074596  0.0235052  0.00404496 0.01850682 0.03833215
 0.01730825 0.05304396 0.03391249 0.01674137 0.01604937 0.03124482
 0.00183149 0.00432987 0.00443773 0.00838151 0.00060108 0.00052253
 0.04555472 0.02912503 0.01180773 0.00940129 0.01532841 0.03025501
 0.03802896 0.01345778 0.01179404 0.05205026]
[0.00431394 0.04717396 0.01481835 0.02202037 0.01373271 0.02677175
 0.00783257 0.0074596  0.0235052  0.00404496 0.01850682 0.03833215
 0.01730825 0.05304396 0.03391249 0.01674137 0.01604937 0.03124482
 0.00183149 0.00432987 0.00443773 0.00838151 0.00060108 0.00052253
 0.04555472 0.02912503 0.01180773 0.00940129 0.01532841 0.03025501
 0.03802896 0.01345778 0.01179404 0.05205026]
[0.00431394 0.04717396 0.01481835 0.02202037 0.01373271 0.02677175
 0.00783257 0.0074596  0.0235052  0.00404496 0.01850682 0.03833215
 0.01730825 0.05304396 0.03391249 0.01674137 0.01604937 0.03124482
 0.00183149 0.00432987 0.00443773 0.00838151 0.00060108 0.00052253
 0.04555472 0.02912503 0.01180773 0.00940129 0.01532841 0.03025501
 0.03802896 0.01345778 0.01179404 0.05205026]
[0.00431394 0.04717396 0.01481835 0.02202037 0.01373271 0.02677175
 0.00783257 0.0074596  0.0235052  0.00404496 0.01850682 0.03833215
 0.01730825 0.05304396 0.03391249 0.01674137 0.01604937 0.03124482
 0.00183149 0.00432987 0.00443773 0.00838151 0.00060108 0.00052253
 0.04555472 0.02912503 0.01180773 0.00940129 0.01532841 0.03025501
 0.03802896 0.01345778 0.01179404 0.05205026]
