[0.00446822 0.011175   0.00934331 0.06755139 0.01903462 0.01282544
 0.02804537 0.01669068 0.04727133 0.01290579 0.03074744 0.01571647
 0.03337202 0.01759205 0.04266635 0.01975028 0.02334838 0.00751312
 0.01839195 0.01697933 0.00821891 0.01592107 0.0066712  0.00629294
 0.05504416 0.01720856 0.00105828 0.05461505 0.01467447 0.01748039
 0.04403577 0.01083698 0.03110905 0.04830174]
[0.00446822 0.011175   0.00934331 0.06755139 0.01903462 0.01282544
 0.02804537 0.01669068 0.04727133 0.01290579 0.03074744 0.01571647
 0.03337202 0.01759205 0.04266635 0.01975028 0.02334838 0.00751312
 0.01839195 0.01697933 0.00821891 0.01592107 0.0066712  0.00629294
 0.05504416 0.01720856 0.00105828 0.05461505 0.01467447 0.01748039
 0.04403577 0.01083698 0.03110905 0.04830174]
[0.00160794 0.00430954 0.01999687 0.03246072 0.01167917 0.06069365
 0.03037413 0.03942588 0.06456038 0.0066177  0.04383033 0.03619354
 0.05076173 0.00765266 0.05565432 0.00988838 0.01107317 0.01509141
 0.06194269 0.01024448 0.00235601 0.01062478 0.00706286 0.00850316
 0.01479629 0.03266703 0.04022886 0.03248151 0.010837   0.03649558
 0.01040704 0.02117036 0.02675628 0.02033569]
[0.00160794 0.00430954 0.01999687 0.03246072 0.01167917 0.06069365
 0.03037413 0.03942588 0.06456038 0.0066177  0.04383033 0.03619354
 0.05076173 0.00765266 0.05565432 0.00988838 0.01107317 0.01509141
 0.06194269 0.01024448 0.00235601 0.01062478 0.00706286 0.00850316
 0.01479629 0.03266703 0.04022886 0.03248151 0.010837   0.03649558
 0.01040704 0.02117036 0.02675628 0.02033569]
[0.00160794 0.00430954 0.01999687 0.03246072 0.01167917 0.06069365
 0.03037413 0.03942588 0.06456038 0.0066177  0.04383033 0.03619354
 0.05076173 0.00765266 0.05565432 0.00988838 0.01107317 0.01509141
 0.06194269 0.01024448 0.00235601 0.01062478 0.00706286 0.00850316
 0.01479629 0.03266703 0.04022886 0.03248151 0.010837   0.03649558
 0.01040704 0.02117036 0.02675628 0.02033569]
[0.00160794 0.00430954 0.01999687 0.03246072 0.01167917 0.06069365
 0.03037413 0.03942588 0.06456038 0.0066177  0.04383033 0.03619354
 0.05076173 0.00765266 0.05565432 0.00988838 0.01107317 0.01509141
 0.06194269 0.01024448 0.00235601 0.01062478 0.00706286 0.00850316
 0.01479629 0.03266703 0.04022886 0.03248151 0.010837   0.03649558
 0.01040704 0.02117036 0.02675628 0.02033569]
[0.00067842 0.03244155 0.01607945 0.02573737 0.03269261 0.0189538
 0.05786615 0.01316547 0.0511432  0.0141191  0.01454237 0.06305484
 0.03778867 0.03271967 0.02827    0.01240674 0.02752512 0.0294786
 0.04080313 0.00307511 0.00772582 0.01102961 0.00569757 0.01132817
 0.01069721 0.0107024  0.0116253  0.01129164 0.00168552 0.04514025
 0.0042784  0.01922905 0.03603598 0.02327089]
[0.00067842 0.03244155 0.01607945 0.02573737 0.03269261 0.0189538
 0.05786615 0.01316547 0.0511432  0.0141191  0.01454237 0.06305484
 0.03778867 0.03271967 0.02827    0.01240674 0.02752512 0.0294786
 0.04080313 0.00307511 0.00772582 0.01102961 0.00569757 0.01132817
 0.01069721 0.0107024  0.0116253  0.01129164 0.00168552 0.04514025
 0.0042784  0.01922905 0.03603598 0.02327089]
[0.00067842 0.03244155 0.01607945 0.02573737 0.03269261 0.0189538
 0.05786615 0.01316547 0.0511432  0.0141191  0.01454237 0.06305484
 0.03778867 0.03271967 0.02827    0.01240674 0.02752512 0.0294786
 0.04080313 0.00307511 0.00772582 0.01102961 0.00569757 0.01132817
 0.01069721 0.0107024  0.0116253  0.01129164 0.00168552 0.04514025
 0.0042784  0.01922905 0.03603598 0.02327089]
[0.00474107 0.05445594 0.00702044 0.01080586 0.00866627 0.04205693
 0.04038297 0.03196559 0.01396322 0.00282567 0.0099524  0.01586972
 0.00189203 0.04617592 0.0566041  0.01242909 0.01945455 0.03216877
 0.06197034 0.01118248 0.00508951 0.00081166 0.00160623 0.00971223
 0.0423175  0.02607253 0.04007136 0.00817453 0.02983551 0.03107566
 0.04168134 0.00040723 0.01179668 0.0281736 ]
[3.81339873e-03 6.64582835e-02 2.83898467e-03 1.47008949e-02
 6.61641905e-03 9.76218562e-05 2.18459629e-02 9.71567928e-03
 1.49044015e-02 1.21193322e-02 1.26825117e-02 4.39156107e-02
 3.60600138e-02 3.38248260e-02 6.63316297e-03 1.90477416e-02
 4.02839003e-02 1.19004926e-02 1.72715084e-02 1.16634335e-02
 1.21861012e-03 3.31366339e-03 4.71103818e-03 1.22289313e-02
 3.18103965e-02 3.48306573e-02 3.13693337e-02 1.29864936e-02
 3.12294402e-02 5.10888309e-02 6.23712364e-02 2.21825132e-02
 2.45203228e-02 2.14049882e-02]
[3.81339873e-03 6.64582835e-02 2.83898467e-03 1.47008949e-02
 6.61641905e-03 9.76218562e-05 2.18459629e-02 9.71567928e-03
 1.49044015e-02 1.21193322e-02 1.26825117e-02 4.39156107e-02
 3.60600138e-02 3.38248260e-02 6.63316297e-03 1.90477416e-02
 4.02839003e-02 1.19004926e-02 1.72715084e-02 1.16634335e-02
 1.21861012e-03 3.31366339e-03 4.71103818e-03 1.22289313e-02
 3.18103965e-02 3.48306573e-02 3.13693337e-02 1.29864936e-02
 3.12294402e-02 5.10888309e-02 6.23712364e-02 2.21825132e-02
 2.45203228e-02 2.14049882e-02]
[3.81339873e-03 6.64582835e-02 2.83898467e-03 1.47008949e-02
 6.61641905e-03 9.76218562e-05 2.18459629e-02 9.71567928e-03
 1.49044015e-02 1.21193322e-02 1.26825117e-02 4.39156107e-02
 3.60600138e-02 3.38248260e-02 6.63316297e-03 1.90477416e-02
 4.02839003e-02 1.19004926e-02 1.72715084e-02 1.16634335e-02
 1.21861012e-03 3.31366339e-03 4.71103818e-03 1.22289313e-02
 3.18103965e-02 3.48306573e-02 3.13693337e-02 1.29864936e-02
 3.12294402e-02 5.10888309e-02 6.23712364e-02 2.21825132e-02
 2.45203228e-02 2.14049882e-02]
[0.0013439  0.06401313 0.01493569 0.00865086 0.05874509 0.0085144
 0.06603424 0.03594075 0.02687939 0.01144416 0.04379269 0.07098953
 0.07499553 0.03161641 0.02980511 0.02404845 0.01112836 0.01064643
 0.02491122 0.00231695 0.00685832 0.0004312  0.00410072 0.01526198
 0.02623989 0.0164715  0.05630023 0.01263521 0.03257455 0.01267813
 0.03552006 0.02249773 0.01162041 0.03784295]
[0.0013439  0.06401313 0.01493569 0.00865086 0.05874509 0.0085144
 0.06603424 0.03594075 0.02687939 0.01144416 0.04379269 0.07098953
 0.07499553 0.03161641 0.02980511 0.02404845 0.01112836 0.01064643
 0.02491122 0.00231695 0.00685832 0.0004312  0.00410072 0.01526198
 0.02623989 0.0164715  0.05630023 0.01263521 0.03257455 0.01267813
 0.03552006 0.02249773 0.01162041 0.03784295]
[0.0069725  0.09505727 0.02500905 0.02239723 0.03867031 0.01805815
 0.00396132 0.07969373 0.04702079 0.01624471 0.01480953 0.01190885
 0.04277633 0.0499431  0.03080886 0.0202155  0.00964174 0.03998299
 0.05597259 0.02140785 0.00735396 0.01167957 0.00290165 0.01054133
 0.00365225 0.01056238 0.0297658  0.02631826 0.01309903 0.00246587
 0.08228139 0.02355059 0.0300421  0.00362284]
[0.00482039 0.00103625 0.00333825 0.01481246 0.03998511 0.05427764
 0.05381924 0.07179508 0.06315102 0.00688378 0.06429123 0.001091
 0.07226288 0.02323285 0.02656932 0.02262322 0.02422098 0.01776519
 0.02255549 0.02197324 0.00015298 0.00094856 0.00738792 0.00038313
 0.01613491 0.06065102 0.06492165 0.01175374 0.01145744 0.04392503
 0.06825848 0.02539891 0.03902479 0.03276003]
[0.00484022 0.04694105 0.01370783 0.04309162 0.01138921 0.07977605
 0.04609579 0.05185912 0.00238552 0.01532667 0.01538514 0.01880736
 0.03481548 0.03334145 0.06773314 0.00953918 0.01912217 0.04118061
 0.05475042 0.00468596 0.01085866 0.00492529 0.00552806 0.00890952
 0.01493353 0.03332222 0.07110962 0.0291047  0.01595589 0.0219667
 0.01053848 0.00350422 0.01259996 0.02200986]
[5.38371004e-03 5.78156675e-02 1.11271550e-03 9.02454557e-03
 1.02502600e-02 5.78998853e-02 5.61271722e-02 5.68749871e-02
 4.04658899e-02 4.68322254e-06 1.53212145e-02 2.00785517e-03
 4.95678174e-02 2.70325818e-02 2.75189608e-02 6.46190601e-03
 3.89672867e-02 3.68858439e-02 6.40231439e-02 1.10331987e-02
 2.43803371e-03 1.17638618e-03 3.46592099e-03 1.02579747e-03
 3.10421080e-03 2.29607738e-03 6.47279431e-02 3.94714530e-02
 4.66424179e-02 2.58332941e-02 2.18285072e-02 1.82840523e-02
 2.27205151e-02 5.05966535e-03]
[0.00428606 0.00924198 0.02075494 0.01662678 0.05395024 0.07187067
 0.03579626 0.07609494 0.04963155 0.01097971 0.05116006 0.00331224
 0.06580815 0.01783755 0.0108776  0.00778141 0.04116791 0.03953883
 0.0642355  0.0161542  0.00436123 0.00716002 0.00499437 0.01114037
 0.01693183 0.04002466 0.02816624 0.0525404  0.02234366 0.03708079
 0.00088884 0.02717156 0.03496393 0.01465959]
