[0.00669452 0.00751731 0.00118825 0.02297531 0.02933817 0.05204576
 0.05077289 0.02708374 0.0218311  0.01188351 0.04885569 0.02243399
 0.04104468 0.00825977 0.05639208 0.02344342 0.0001865  0.03243747
 0.04204368 0.01236539 0.00137788 0.00554001 0.00486746 0.00834055
 0.04717625 0.03277461 0.04493024 0.05514062 0.03427108 0.03677715
 0.05342171 0.02979555 0.03213595 0.02229431]
[0.00233741 0.00944047 0.00299609 0.05484655 0.0230057  0.04844812
 0.02912958 0.0613305  0.02414486 0.00800375 0.03729401 0.03310235
 0.05858198 0.01926364 0.06193182 0.00445846 0.02345431 0.01107836
 0.00204404 0.00252451 0.00128894 0.00117359 0.00429955 0.00130314
 0.02451816 0.03817118 0.02764073 0.03404861 0.0479654  0.01016742
 0.06762754 0.02474526 0.03295591 0.05962776]
[0.00233741 0.00944047 0.00299609 0.05484655 0.0230057  0.04844812
 0.02912958 0.0613305  0.02414486 0.00800375 0.03729401 0.03310235
 0.05858198 0.01926364 0.06193182 0.00445846 0.02345431 0.01107836
 0.00204404 0.00252451 0.00128894 0.00117359 0.00429955 0.00130314
 0.02451816 0.03817118 0.02764073 0.03404861 0.0479654  0.01016742
 0.06762754 0.02474526 0.03295591 0.05962776]
[0.00552714 0.00753535 0.01904536 0.00403079 0.07310919 0.08675411
 0.02006194 0.08869992 0.00843234 0.01333121 0.07443561 0.00520977
 0.07737916 0.07554712 0.03684666 0.00327556 0.01070707 0.03733442
 0.00564313 0.00774048 0.00746131 0.01318243 0.00024508 0.00254005
 0.00343745 0.05978635 0.00998249 0.01156022 0.02222835 0.05235914
 0.0032102  0.03491396 0.00746145 0.05878487]
[0.00552714 0.00753535 0.01904536 0.00403079 0.07310919 0.08675411
 0.02006194 0.08869992 0.00843234 0.01333121 0.07443561 0.00520977
 0.07737916 0.07554712 0.03684666 0.00327556 0.01070707 0.03733442
 0.00564313 0.00774048 0.00746131 0.01318243 0.00024508 0.00254005
 0.00343745 0.05978635 0.00998249 0.01156022 0.02222835 0.05235914
 0.0032102  0.03491396 0.00746145 0.05878487]
[6.25667436e-03 3.77598603e-02 1.95104923e-02 1.47376202e-02
 4.86818953e-02 4.44039132e-02 5.93167032e-02 3.80303983e-02
 8.86353486e-04 5.00025748e-05 7.95495338e-02 4.79905812e-02
 7.82296343e-02 6.82830867e-03 5.13309863e-02 1.88136093e-02
 1.72687680e-02 1.45402641e-02 1.17090819e-02 7.23306723e-03
 5.82501699e-03 1.53738660e-02 5.42824155e-03 3.32891613e-03
 5.07449108e-02 4.66112251e-02 4.09633456e-02 5.66694103e-02
 3.74216779e-02 3.13612492e-02 1.54274461e-02 2.33345180e-02
 2.98020169e-02 1.56918394e-02]
[0.0027581  0.07049419 0.00364922 0.06065212 0.0545993  0.05693616
 0.03767178 0.00027125 0.0315457  0.01526734 0.0237381  0.04171632
 0.0540977  0.01413249 0.05326357 0.01060611 0.02857975 0.00650864
 0.02233397 0.01369647 0.00898765 0.00542376 0.00460661 0.00548713
 0.00103117 0.07627737 0.06484029 0.01126932 0.0626429  0.0166777
 0.01848952 0.0132814  0.02376445 0.04509187]
[0.0044208  0.07064693 0.01930013 0.02339782 0.01232274 0.00283585
 0.00672731 0.00695395 0.05157134 0.0114394  0.03574501 0.01079801
 0.05901307 0.04274429 0.06259755 0.01376409 0.04554345 0.00601408
 0.05558673 0.00244899 0.00948856 0.00743862 0.00533601 0.00900108
 0.03585714 0.08069554 0.01290981 0.03080049 0.00798473 0.00494714
 0.05616456 0.00346186 0.03361659 0.02786099]
[0.0050892  0.06059265 0.00344115 0.04108063 0.01665654 0.0235832
 0.00449396 0.02143277 0.05285603 0.01460891 0.04260442 0.00944453
 0.02417621 0.0035977  0.05337356 0.00429989 0.01757121 0.00986626
 0.05889254 0.01813374 0.00654482 0.01101791 0.0049915  0.00258706
 0.03178776 0.05429037 0.0283658  0.06958726 0.01554679 0.00837357
 0.07393749 0.02811448 0.04249097 0.02935386]
[0.00087724 0.05670646 0.00831219 0.03657732 0.03885441 0.01252317
 0.04297516 0.01516507 0.01199933 0.00752485 0.04395128 0.03969325
 0.05890412 0.04990203 0.02099889 0.01730053 0.01817243 0.01447357
 0.04671377 0.01450844 0.00511138 0.01301154 0.00180292 0.00269624
 0.01864206 0.05719361 0.03296691 0.06546174 0.00463763 0.01990435
 0.02009053 0.02666023 0.03282295 0.04957251]
[0.00653561 0.02417224 0.00740701 0.03519786 0.00949239 0.05719411
 0.02459332 0.00213363 0.05311468 0.01289357 0.05729269 0.02030048
 0.05790994 0.02087704 0.02319879 0.02532529 0.02524509 0.01364819
 0.06521973 0.00248951 0.00733674 0.00312148 0.0039024  0.00854061
 0.04628918 0.07221567 0.03936085 0.06853725 0.0060108  0.04407252
 0.02531182 0.0058392  0.03449952 0.02216984]
[0.00614389 0.00393697 0.00246311 0.01050632 0.02776316 0.05901873
 0.02633933 0.02886523 0.04451614 0.00488002 0.0034588  0.01027963
 0.04795855 0.04373332 0.00524945 0.00740534 0.04205105 0.01469178
 0.06454765 0.01471381 0.01064056 0.00100694 0.00064483 0.00685774
 0.03481247 0.02575646 0.00596423 0.05488464 0.03628406 0.03610751
 0.03278677 0.01370488 0.02465304 0.02209584]
[0.00614389 0.00393697 0.00246311 0.01050632 0.02776316 0.05901873
 0.02633933 0.02886523 0.04451614 0.00488002 0.0034588  0.01027963
 0.04795855 0.04373332 0.00524945 0.00740534 0.04205105 0.01469178
 0.06454765 0.01471381 0.01064056 0.00100694 0.00064483 0.00685774
 0.03481247 0.02575646 0.00596423 0.05488464 0.03628406 0.03610751
 0.03278677 0.01370488 0.02465304 0.02209584]
[0.00084534 0.04931365 0.01873101 0.0109744  0.01417334 0.0208365
 0.01899817 0.04128514 0.04439937 0.00052243 0.05130653 0.01969613
 0.05456062 0.04029506 0.00234031 0.01723086 0.03832667 0.01148514
 0.08626094 0.01775021 0.00387132 0.00573372 0.00207417 0.01410339
 0.00580687 0.05314408 0.04399074 0.06059583 0.05360568 0.06951279
 0.01846583 0.02353744 0.03292166 0.01192174]
[0.00084534 0.04931365 0.01873101 0.0109744  0.01417334 0.0208365
 0.01899817 0.04128514 0.04439937 0.00052243 0.05130653 0.01969613
 0.05456062 0.04029506 0.00234031 0.01723086 0.03832667 0.01148514
 0.08626094 0.01775021 0.00387132 0.00573372 0.00207417 0.01410339
 0.00580687 0.05314408 0.04399074 0.06059583 0.05360568 0.06951279
 0.01846583 0.02353744 0.03292166 0.01192174]
[0.00037719 0.02750114 0.0210044  0.02564129 0.00951175 0.07008699
 0.00751254 0.00196437 0.06018733 0.00518183 0.08791413 0.00684507
 0.01883276 0.05804426 0.01949425 0.0152249  0.02494592 0.04887908
 0.01374043 0.01926561 0.0057101  0.0090809  0.00511988 0.00117868
 0.05103279 0.0346489  0.07414196 0.09245247 0.01563748 0.04386583
 0.04874024 0.00721172 0.03331265 0.00665154]
[0.00429381 0.00623234 0.0140254  0.0123524  0.00369365 0.0418849
 0.06326646 0.06367037 0.00064116 0.00258282 0.00261374 0.01082957
 0.05812691 0.06286587 0.05237595 0.01998218 0.03325756 0.01184409
 0.02744412 0.02388535 0.00304704 0.00972657 0.00600477 0.00640929
 0.08709975 0.08279684 0.07689618 0.04949304 0.05635909 0.00637095
 0.01219587 0.02141217 0.00402343 0.03806463]
[0.00248103 0.00894469 0.01602113 0.03026665 0.00895924 0.06961218
 0.0651204  0.08108355 0.01683786 0.00563157 0.00984723 0.04026802
 0.06252422 0.04815334 0.05043406 0.01574325 0.01052749 0.01151398
 0.01399516 0.01077917 0.00671645 0.00621041 0.00602532 0.00650249
 0.07837088 0.09952877 0.07491593 0.0072813  0.01689844 0.02757863
 0.03144588 0.02553524 0.02251982 0.00457887]
[0.00498253 0.02132051 0.00367179 0.01258231 0.05515334 0.00538204
 0.08001738 0.09134091 0.01964796 0.00826712 0.03428504 0.03509158
 0.04475914 0.04161097 0.06386337 0.00346173 0.00474086 0.03350002
 0.04750298 0.00625453 0.00027098 0.01178928 0.00481834 0.00163881
 0.00691179 0.04153601 0.06830272 0.01031032 0.01839208 0.01447137
 0.04528163 0.00667235 0.02025093 0.02634046]
[0.00498253 0.02132051 0.00367179 0.01258231 0.05515334 0.00538204
 0.08001738 0.09134091 0.01964796 0.00826712 0.03428504 0.03509158
 0.04475914 0.04161097 0.06386337 0.00346173 0.00474086 0.03350002
 0.04750298 0.00625453 0.00027098 0.01178928 0.00481834 0.00163881
 0.00691179 0.04153601 0.06830272 0.01031032 0.01839208 0.01447137
 0.04528163 0.00667235 0.02025093 0.02634046]
