Building DAG of jobs...
Using shell: /usr/bin/bash
Provided cores: 4
Rules claiming more threads will be scaled down.
Job counts:
	count	jobs
	1	run_single_chain
	1
Select jobs to execute...

[Thu Mar  4 09:21:22 2021]
rule run_single_chain:
    input: inter_results/network_c3_s941.nc, inter_results/sigma_s941.csv
    output: inter_results/network_c3_s961.nc
    jobid: 0
    wildcards: chain=3, sample=961
    threads: 4

/home/201403848/anaconda3_new/envs/pypsa-eur/bin/python3.8 /home/201403848/pypsa-mcmc/NOBACKUP/pypsa-eur-mcmc/pypsa-eur-mcmc/.snakemake/scripts/tmp39xlwl_5.mh_chain.py
INFO:pypsa.io:Imported network network_c3_s941.nc has buses, carriers, generators, global_constraints, lines, links, loads, storage_units, stores
INFO:numexpr.utils:Note: NumExpr detected 64 cores but "NUMEXPR_MAX_THREADS" not set, so enforcing safe limit of 8.
INFO:pypsa.linopf:Prepare linear problem
INFO:pypsa.linopf:Total preparation time: 5.6s
INFO:pypsa.linopf:Solve linear problem using Gurobi solver
INFO:pypsa.linopf:Optimization successful. Objective value: 9.87e+10
INFO:root:sample accepted
INFO:pypsa.io:Exported network network_c3_s942.nc has carriers, lines, buses, storage_units, global_constraints, links, generators, stores, loads
INFO:pypsa.linopf:Prepare linear problem
INFO:pypsa.linopf:Total preparation time: 4.73s
INFO:pypsa.linopf:Solve linear problem using Gurobi solver
INFO:pypsa.linopf:Optimization successful. Objective value: 9.76e+10
INFO:root:sample accepted
INFO:pypsa.io:Exported network network_c3_s943.nc has carriers, lines, buses, storage_units, global_constraints, links, generators, stores, loads
INFO:pypsa.linopf:Prepare linear problem
INFO:pypsa.linopf:Total preparation time: 4.7s
INFO:pypsa.linopf:Solve linear problem using Gurobi solver
slurmstepd: error: *** JOB 423210 ON s08n14 CANCELLED AT 2021-03-04T09:22:53 ***
