[0.00549475 0.01344797 0.01717741 0.01233523 0.0392462  0.00434459
 0.04220004 0.02443178 0.01439644 0.01514988 0.04236514 0.06568426
 0.07387    0.03064463 0.04793833 0.0143313  0.01225813 0.0289765
 0.06707305 0.0042969  0.00191438 0.01447492 0.00045621 0.01016845
 0.07989958 0.04640664 0.01235069 0.02102646 0.08917839 0.01103133
 0.06417537 0.00994719 0.03597404 0.02724856]
[0.00239809 0.03321918 0.0163971  0.04951195 0.04791957 0.03370631
 0.04844512 0.01123917 0.02003654 0.01064069 0.06228549 0.0240651
 0.04959312 0.02090214 0.05383188 0.00326173 0.02796249 0.03389317
 0.03979244 0.00569989 0.00901816 0.00703336 0.00023975 0.00808851
 0.05001745 0.0099872  0.03694695 0.03484828 0.01286458 0.00241516
 0.07272349 0.02541044 0.03475752 0.05154699]
[0.00802482 0.05335429 0.00421867 0.01790125 0.01463116 0.03751567
 0.05922911 0.02867641 0.04788238 0.01167519 0.05817456 0.07551167
 0.05220396 0.00019499 0.07652509 0.02672997 0.01253015 0.01183047
 0.05172111 0.00024385 0.00232172 0.01265411 0.00319683 0.01294916
 0.01234662 0.06219892 0.04247336 0.01838785 0.04706015 0.02376257
 0.04700985 0.0271545  0.00664924 0.01147478]
[0.00664111 0.0545854  0.02134513 0.00813565 0.03396954 0.07113583
 0.06126061 0.05147414 0.05218178 0.00660798 0.02930183 0.09021407
 0.06487864 0.05859689 0.03047519 0.01990606 0.02048362 0.00603552
 0.05491417 0.00549583 0.00718807 0.00294991 0.00360064 0.01413835
 0.05040108 0.01559117 0.0019797  0.00316277 0.0040877  0.00985009
 0.05114979 0.01121848 0.04153471 0.02846166]
[0.00072385 0.05483556 0.00608214 0.02432639 0.03995102 0.02609146
 0.06562942 0.00219601 0.00251876 0.00525773 0.04680782 0.06647959
 0.04341569 0.0363957  0.01803217 0.01673052 0.03390151 0.03020667
 0.06851392 0.01457241 0.00411391 0.00390689 0.00542802 0.00727843
 0.0124472  0.03616682 0.02440889 0.01813254 0.01633867 0.0486908
 0.06484982 0.01028755 0.01091437 0.03347744]
[0.00324542 0.00114695 0.00434879 0.00285838 0.03430096 0.04455203
 0.00834952 0.03851618 0.01842653 0.00813079 0.05805037 0.04782869
 0.04529961 0.02319183 0.03195482 0.01113773 0.00920754 0.02677004
 0.02961583 0.01486945 0.01012968 0.0054775  0.00457576 0.00068344
 0.02564731 0.04909209 0.03653044 0.0138487  0.03661417 0.03909938
 0.05016336 0.00225304 0.0088026  0.00389824]
[0.00324542 0.00114695 0.00434879 0.00285838 0.03430096 0.04455203
 0.00834952 0.03851618 0.01842653 0.00813079 0.05805037 0.04782869
 0.04529961 0.02319183 0.03195482 0.01113773 0.00920754 0.02677004
 0.02961583 0.01486945 0.01012968 0.0054775  0.00457576 0.00068344
 0.02564731 0.04909209 0.03653044 0.0138487  0.03661417 0.03909938
 0.05016336 0.00225304 0.0088026  0.00389824]
[0.00683472 0.03067191 0.00386683 0.03131435 0.04502786 0.05865749
 0.00704718 0.05628015 0.01017556 0.01092976 0.00084942 0.01612068
 0.05061749 0.02379262 0.05719091 0.0235014  0.02503652 0.01288879
 0.04036751 0.00624622 0.01292041 0.00758309 0.00443924 0.01456627
 0.06178947 0.064868   0.0477977  0.00323089 0.00457067 0.03184549
 0.00902914 0.00655713 0.02691743 0.02025878]
[0.00334864 0.03633307 0.00637995 0.05124543 0.02409327 0.01437946
 0.00946211 0.01204058 0.00665119 0.0132756  0.01904882 0.05324119
 0.06711696 0.04050901 0.02372325 0.0079765  0.03278177 0.01132549
 0.02035729 0.00909959 0.01100327 0.00236888 0.00484247 0.00496822
 0.07489195 0.07381752 0.00329008 0.03176702 0.01956308 0.00471217
 0.00047885 0.00508514 0.01635052 0.02328588]
[0.00540251 0.03859966 0.01523883 0.03551445 0.05815773 0.01616863
 0.02905113 0.00112267 0.00535163 0.00034274 0.0131877  0.00403186
 0.00354336 0.05673924 0.04259364 0.00779991 0.01093484 0.01923674
 0.0097945  0.00159738 0.00989803 0.01413234 0.00408006 0.00162489
 0.04920973 0.08780896 0.03601796 0.01705806 0.05799667 0.04426135
 0.00092924 0.03013965 0.04279871 0.06554627]
[0.00540251 0.03859966 0.01523883 0.03551445 0.05815773 0.01616863
 0.02905113 0.00112267 0.00535163 0.00034274 0.0131877  0.00403186
 0.00354336 0.05673924 0.04259364 0.00779991 0.01093484 0.01923674
 0.0097945  0.00159738 0.00989803 0.01413234 0.00408006 0.00162489
 0.04920973 0.08780896 0.03601796 0.01705806 0.05799667 0.04426135
 0.00092924 0.03013965 0.04279871 0.06554627]
[0.0004222  0.05913361 0.01156259 0.03227787 0.00260542 0.03022694
 0.00815066 0.00799268 0.02450448 0.01266767 0.03827653 0.03767038
 0.04458419 0.03763366 0.0307441  0.01180514 0.02901172 0.03715531
 0.04312913 0.01121031 0.00259109 0.00845726 0.00419579 0.00297113
 0.00703981 0.01613164 0.03446614 0.03710483 0.06992008 0.05746699
 0.04044952 0.00202038 0.0132336  0.06390064]
[1.07584004e-03 4.12177257e-02 1.52472938e-02 2.85715415e-02
 1.94468491e-02 3.60427352e-02 5.09420336e-02 4.39946208e-02
 1.04103700e-02 6.56414935e-03 6.70165380e-02 4.68202651e-02
 1.16154924e-02 3.24543023e-02 3.63979502e-02 1.82698560e-02
 3.83646630e-02 1.91971304e-02 2.44115026e-02 8.58216128e-03
 1.04624539e-02 1.03867523e-02 5.42384896e-03 4.87826884e-03
 2.17059966e-02 4.07548967e-02 1.41137524e-02 5.73350183e-02
 1.76459164e-05 7.05552946e-02 1.06439885e-02 2.49314595e-02
 3.10141176e-03 7.39242988e-02]
[0.00277901 0.01015451 0.02118408 0.05223826 0.0573977  0.03244431
 0.02679546 0.04218827 0.046413   0.01393601 0.05173681 0.01889027
 0.05786912 0.01899196 0.01033356 0.01976168 0.04670264 0.04030927
 0.006539   0.00990556 0.00407548 0.0075805  0.00352703 0.01599829
 0.01286628 0.01425445 0.02270472 0.04680092 0.02553025 0.06868616
 0.0638177  0.01968417 0.02760425 0.00728473]
[0.00107706 0.01730575 0.02034928 0.05313286 0.02174987 0.05580304
 0.02289249 0.0828667  0.05186417 0.01390951 0.01808362 0.01418681
 0.01535936 0.01169559 0.01460612 0.00171315 0.03836014 0.03831871
 0.03840104 0.01927702 0.01378516 0.00884646 0.00236817 0.00136661
 0.0203344  0.04803532 0.03014056 0.00699376 0.07607549 0.06973079
 0.02034864 0.00639649 0.03287518 0.02152492]
[0.00107706 0.01730575 0.02034928 0.05313286 0.02174987 0.05580304
 0.02289249 0.0828667  0.05186417 0.01390951 0.01808362 0.01418681
 0.01535936 0.01169559 0.01460612 0.00171315 0.03836014 0.03831871
 0.03840104 0.01927702 0.01378516 0.00884646 0.00236817 0.00136661
 0.0203344  0.04803532 0.03014056 0.00699376 0.07607549 0.06973079
 0.02034864 0.00639649 0.03287518 0.02152492]
[0.00412764 0.02140122 0.01858863 0.00709155 0.01406222 0.00558255
 0.0472668  0.09109842 0.04528322 0.0089808  0.0652628  0.03008122
 0.00394389 0.05368897 0.01891481 0.00405909 0.04822607 0.00963115
 0.03596795 0.00968522 0.01031486 0.01443067 0.0002623  0.00105145
 0.00442407 0.0500331  0.0319368  0.0341274  0.01089574 0.05875464
 0.0534266  0.00825219 0.01588933 0.04865608]
[0.00014956 0.00173022 0.00147917 0.04644479 0.01143558 0.00918627
 0.064474   0.00885044 0.0415935  0.01310715 0.04098948 0.06046696
 0.02459178 0.02506246 0.05072379 0.01483782 0.01625046 0.02367719
 0.05346264 0.01830113 0.00693173 0.00954129 0.00154323 0.01096167
 0.05052419 0.05807532 0.03464875 0.05836721 0.00626574 0.01045058
 0.03857443 0.01165542 0.01578715 0.05182057]
[0.00303456 0.02826536 0.01369326 0.06258917 0.02029228 0.02339454
 0.04228763 0.01924201 0.0277676  0.0056408  0.06532669 0.05834423
 0.02286829 0.01533027 0.01019595 0.00556321 0.03730676 0.04118624
 0.08877898 0.00501021 0.00199355 0.01580348 0.00553203 0.00839927
 0.01304418 0.08186885 0.0109998  0.0373512  0.02651371 0.02194772
 0.07577606 0.01170835 0.02927456 0.0391198 ]
[0.00020563 0.01741763 0.00754998 0.02372913 0.03667338 0.05300894
 0.00991386 0.03621159 0.03279452 0.00973025 0.031184   0.06567268
 0.00337981 0.03056093 0.04796507 0.01686113 0.03318071 0.00430272
 0.03505718 0.01918381 0.00676766 0.00065393 0.00489958 0.00179629
 0.05098559 0.08335411 0.00424086 0.03703659 0.00504866 0.01766397
 0.06257571 0.01592346 0.03860017 0.00687561]
