[0.00520965 0.01449009 0.02038193 0.02394888 0.03520283 0.03132162
 0.05222682 0.03501024 0.02008053 0.00323718 0.04116166 0.03615878
 0.03394964 0.06506847 0.0575513  0.0018689  0.05251063 0.01565002
 0.02504329 0.01234952 0.01071412 0.00313125 0.00196429 0.00836856
 0.0311384  0.01727611 0.00105848 0.04754412 0.04549845 0.00306739
 0.0328908  0.00187847 0.00096595 0.02564798]
[0.00520965 0.01449009 0.02038193 0.02394888 0.03520283 0.03132162
 0.05222682 0.03501024 0.02008053 0.00323718 0.04116166 0.03615878
 0.03394964 0.06506847 0.0575513  0.0018689  0.05251063 0.01565002
 0.02504329 0.01234952 0.01071412 0.00313125 0.00196429 0.00836856
 0.0311384  0.01727611 0.00105848 0.04754412 0.04549845 0.00306739
 0.0328908  0.00187847 0.00096595 0.02564798]
[0.00218275 0.05342916 0.01521287 0.02693363 0.03881342 0.06162565
 0.05431868 0.05702418 0.00130219 0.00022173 0.04037646 0.04733315
 0.02314602 0.00972175 0.04455555 0.02683693 0.0182366  0.00840597
 0.0410119  0.00127664 0.01241765 0.00317115 0.00692438 0.01061047
 0.04684164 0.00654605 0.01056463 0.02878993 0.06236409 0.04172317
 0.04668557 0.02126539 0.02479282 0.06190087]
[0.00415052 0.03053964 0.02429211 0.01467916 0.07423972 0.02694236
 0.04342711 0.00344955 0.03052365 0.0030637  0.08452273 0.07142272
 0.05542129 0.00998704 0.05162647 0.02720649 0.05614011 0.03201689
 0.04000861 0.000319   0.00056506 0.00091894 0.00352608 0.00707128
 0.00772306 0.02575172 0.02082353 0.04610915 0.0175365  0.01922895
 0.00693672 0.00997342 0.02241535 0.07142978]
[0.00415052 0.03053964 0.02429211 0.01467916 0.07423972 0.02694236
 0.04342711 0.00344955 0.03052365 0.0030637  0.08452273 0.07142272
 0.05542129 0.00998704 0.05162647 0.02720649 0.05614011 0.03201689
 0.04000861 0.000319   0.00056506 0.00091894 0.00352608 0.00707128
 0.00772306 0.02575172 0.02082353 0.04610915 0.0175365  0.01922895
 0.00693672 0.00997342 0.02241535 0.07142978]
[0.00281788 0.04510052 0.0188925  0.03644239 0.04519638 0.0476073
 0.04013708 0.0209191  0.00842635 0.00191912 0.00442044 0.07671146
 0.06550039 0.01857339 0.02684286 0.02054823 0.04630258 0.03509232
 0.05715692 0.00874154 0.00436251 0.00757346 0.00111076 0.00597612
 0.01621819 0.00639361 0.00906953 0.04701254 0.03368897 0.00658444
 0.0442498  0.01623344 0.03449348 0.05817546]
[4.83896674e-03 6.05377349e-02 4.53438841e-05 1.73048642e-02
 5.87233844e-02 1.37920518e-02 5.14772640e-02 2.91583665e-02
 3.68236076e-02 8.66408558e-03 1.25774415e-02 2.62918583e-02
 3.62929449e-02 4.92227349e-02 1.67128581e-03 1.21099604e-02
 3.12461439e-02 7.84126099e-03 2.04558793e-02 1.43493735e-02
 9.02611526e-03 5.07131175e-03 3.94542040e-03 3.97160606e-03
 4.38123007e-02 3.43854648e-02 1.17636232e-02 5.64698357e-02
 3.68603409e-02 1.09796549e-02 3.19066667e-04 1.12205600e-02
 1.69040013e-02 3.51606754e-02]
[0.00343241 0.021954   0.00754054 0.04384038 0.00139762 0.03611733
 0.00719927 0.02415764 0.01547164 0.01409877 0.02770142 0.03836328
 0.03621166 0.03643081 0.03514497 0.002221   0.02631501 0.01092888
 0.01810275 0.01991514 0.0044467  0.01172187 0.00223976 0.01399285
 0.07642006 0.03269371 0.06069524 0.01294464 0.04261726 0.05740189
 0.04124593 0.02705159 0.03283857 0.01443784]
[0.00508248 0.00533174 0.00924356 0.04915869 0.03738838 0.04785181
 0.01400723 0.01205446 0.02854219 0.00250594 0.01113768 0.02000526
 0.0487541  0.0425839  0.04184491 0.01281256 0.0347791  0.03027175
 0.03274722 0.00954148 0.00576338 0.00627498 0.00256595 0.00713024
 0.05090773 0.00543006 0.04797214 0.03260931 0.05213065 0.04495078
 0.05265298 0.0020184  0.00444361 0.0258137 ]
[0.00068572 0.05460467 0.00047336 0.06789007 0.01104048 0.07945291
 0.04283137 0.0301574  0.03112873 0.00538844 0.03881337 0.03006353
 0.0078074  0.02080697 0.03999877 0.01300356 0.01329701 0.00274254
 0.00442288 0.02033312 0.00371957 0.01108349 0.00525301 0.00738838
 0.04865028 0.04269554 0.07080869 0.01802253 0.04619838 0.03510922
 0.0462368  0.01042839 0.01171371 0.06360844]
[0.00174358 0.04111626 0.00716445 0.07232367 0.04163918 0.0553252
 0.01159063 0.03447145 0.04363642 0.00293179 0.02084952 0.01296994
 0.00992336 0.00835665 0.02508242 0.0158118  0.02929824 0.02699586
 0.01558683 0.01843799 0.00832538 0.00724968 0.00615487 0.01170136
 0.06565844 0.0406219  0.04990839 0.04179166 0.01326352 0.0549536
 0.00208471 0.01581761 0.01909586 0.05568641]
[0.00026672 0.0023747  0.01479497 0.0261636  0.03758554 0.06495733
 0.02874149 0.0429625  0.01237895 0.00740157 0.0065511  0.03554703
 0.00696485 0.04777024 0.03688071 0.00967176 0.01936078 0.02006394
 0.03283469 0.00439696 0.00320255 0.00951684 0.00218741 0.00165018
 0.04763756 0.02086313 0.00602103 0.05681552 0.02509757 0.06507591
 0.01864946 0.00938946 0.00559709 0.0123208 ]
[0.00053337 0.03900156 0.01557666 0.03892638 0.01361668 0.05835159
 0.05155874 0.04636497 0.00606879 0.00993246 0.01626747 0.05385238
 0.02349911 0.03857217 0.02380822 0.0068445  0.02635629 0.02249658
 0.00211768 0.01419206 0.0033996  0.00559597 0.00232298 0.00659371
 0.05157466 0.00338624 0.03266239 0.04066812 0.0386001  0.06162649
 0.03741669 0.01499101 0.00537784 0.04859037]
[0.00053337 0.03900156 0.01557666 0.03892638 0.01361668 0.05835159
 0.05155874 0.04636497 0.00606879 0.00993246 0.01626747 0.05385238
 0.02349911 0.03857217 0.02380822 0.0068445  0.02635629 0.02249658
 0.00211768 0.01419206 0.0033996  0.00559597 0.00232298 0.00659371
 0.05157466 0.00338624 0.03266239 0.04066812 0.0386001  0.06162649
 0.03741669 0.01499101 0.00537784 0.04859037]
[0.0052541  0.05257602 0.00051751 0.03375277 0.01109218 0.04750448
 0.02031595 0.0246841  0.03763361 0.01538355 0.0303433  0.00527161
 0.03166401 0.07364308 0.030903   0.02146243 0.00681294 0.03345682
 0.00475409 0.01362852 0.00601552 0.00149651 0.00647658 0.00905863
 0.01083909 0.05107494 0.02161681 0.03306017 0.05825486 0.01848735
 0.03775706 0.0074932  0.04180285 0.05264473]
[7.43464300e-06 1.95467368e-02 1.82154968e-02 4.94260818e-02
 2.86114695e-02 5.10533841e-02 3.18113446e-02 3.39286385e-02
 2.66200661e-02 3.86370457e-03 4.50237768e-02 1.01194557e-03
 3.41734716e-02 4.65003319e-02 2.26118242e-02 9.83176610e-03
 2.42230638e-03 3.58142676e-04 3.46064580e-02 6.60406569e-04
 1.16335570e-02 1.27191242e-02 5.59471249e-03 5.08047620e-03
 2.79639779e-02 1.31508845e-03 1.33590068e-02 4.82649115e-02
 6.18817189e-02 1.05385656e-02 4.07810793e-02 2.42882312e-02
 1.43941870e-02 8.98146763e-04]
[0.00395905 0.00618444 0.00588908 0.03287341 0.0372129  0.01157242
 0.02865426 0.06006046 0.02274739 0.00838685 0.06383379 0.02673454
 0.04498589 0.01693989 0.05709807 0.01656267 0.0029097  0.00695565
 0.01963815 0.01107531 0.00449805 0.00638372 0.00047168 0.00728116
 0.02812385 0.03292802 0.01416821 0.01349961 0.07164273 0.00527461
 0.01389435 0.01803436 0.01084284 0.03734191]
[0.00393548 0.05423656 0.00719881 0.00252224 0.03959103 0.02741272
 0.02610259 0.05290885 0.00202874 0.01035234 0.0695865  0.01363739
 0.05573842 0.05182683 0.04824674 0.00606089 0.05728075 0.04606285
 0.00035792 0.02045781 0.00646177 0.00784633 0.00408085 0.0146275
 0.02716512 0.02076506 0.03441171 0.00828266 0.04960257 0.03800932
 0.01441457 0.00625005 0.00428227 0.0457069 ]
[0.00393548 0.05423656 0.00719881 0.00252224 0.03959103 0.02741272
 0.02610259 0.05290885 0.00202874 0.01035234 0.0695865  0.01363739
 0.05573842 0.05182683 0.04824674 0.00606089 0.05728075 0.04606285
 0.00035792 0.02045781 0.00646177 0.00784633 0.00408085 0.0146275
 0.02716512 0.02076506 0.03441171 0.00828266 0.04960257 0.03800932
 0.01441457 0.00625005 0.00428227 0.0457069 ]
[0.00318033 0.03562391 0.01794568 0.04185002 0.0079361  0.0392921
 0.03380859 0.01797677 0.0186167  0.00755339 0.08437433 0.00498839
 0.08038674 0.02400384 0.01293197 0.01443346 0.02999936 0.0301106
 0.00769081 0.00282939 0.00614213 0.00934791 0.00603796 0.01464673
 0.05136383 0.0268086  0.02183692 0.03613836 0.01892764 0.06853223
 0.01252501 0.02583983 0.03284907 0.04567145]
