[0.00154112 0.0113623  0.00124814 0.0273651  0.00863805 0.03199681
 0.06419857 0.02721138 0.05324481 0.00632004 0.04200317 0.04222964
 0.05127358 0.00623016 0.03247103 0.0259043  0.05905218 0.01357096
 0.02172871 0.01370579 0.00691246 0.00454071 0.00580815 0.00199673
 0.04211739 0.05914813 0.0013544  0.04687995 0.01817541 0.04343453
 0.05372189 0.02284109 0.01176745 0.02732704]
[0.00452789 0.04042294 0.01640228 0.04815704 0.03244951 0.04000053
 0.0185053  0.0431123  0.03644064 0.00555387 0.05791579 0.05804296
 0.04505942 0.01539808 0.06039041 0.00531914 0.01513579 0.03449558
 0.0344294  0.00899458 0.00198421 0.01015915 0.00310673 0.00748521
 0.00787437 0.02933404 0.02173462 0.05290858 0.03235556 0.01402538
 0.00948922 0.01152092 0.03131033 0.03196683]
[0.00452789 0.04042294 0.01640228 0.04815704 0.03244951 0.04000053
 0.0185053  0.0431123  0.03644064 0.00555387 0.05791579 0.05804296
 0.04505942 0.01539808 0.06039041 0.00531914 0.01513579 0.03449558
 0.0344294  0.00899458 0.00198421 0.01015915 0.00310673 0.00748521
 0.00787437 0.02933404 0.02173462 0.05290858 0.03235556 0.01402538
 0.00948922 0.01152092 0.03131033 0.03196683]
[0.00452789 0.04042294 0.01640228 0.04815704 0.03244951 0.04000053
 0.0185053  0.0431123  0.03644064 0.00555387 0.05791579 0.05804296
 0.04505942 0.01539808 0.06039041 0.00531914 0.01513579 0.03449558
 0.0344294  0.00899458 0.00198421 0.01015915 0.00310673 0.00748521
 0.00787437 0.02933404 0.02173462 0.05290858 0.03235556 0.01402538
 0.00948922 0.01152092 0.03131033 0.03196683]
[0.00452789 0.04042294 0.01640228 0.04815704 0.03244951 0.04000053
 0.0185053  0.0431123  0.03644064 0.00555387 0.05791579 0.05804296
 0.04505942 0.01539808 0.06039041 0.00531914 0.01513579 0.03449558
 0.0344294  0.00899458 0.00198421 0.01015915 0.00310673 0.00748521
 0.00787437 0.02933404 0.02173462 0.05290858 0.03235556 0.01402538
 0.00948922 0.01152092 0.03131033 0.03196683]
[0.00415677 0.01207972 0.00446237 0.04323891 0.06175506 0.07223174
 0.00438323 0.04522686 0.03721323 0.00470884 0.0383415  0.03533811
 0.01117908 0.04528979 0.0243318  0.01472594 0.03012599 0.01069303
 0.02761907 0.01839735 0.00504999 0.01370999 0.00443845 0.00366783
 0.03798589 0.03911219 0.02290321 0.01284786 0.02424026 0.04970664
 0.04989994 0.02073357 0.04434861 0.05972157]
[0.00348829 0.00111549 0.01216116 0.02690368 0.00501477 0.06387979
 0.06777579 0.03454278 0.01637848 0.00962556 0.02519852 0.07990086
 0.04825265 0.00116085 0.07780003 0.00533128 0.00954745 0.0257163
 0.0596161  0.0208277  0.01391055 0.0176984  0.0037464  0.01634495
 0.06045297 0.00930672 0.02445192 0.0749413  0.00249104 0.00859429
 0.03559161 0.03005375 0.04238327 0.00347657]
[0.00531921 0.00247364 0.00126795 0.07256156 0.00689922 0.04846873
 0.02483728 0.05553425 0.00433703 0.00646983 0.02199896 0.04604712
 0.0086577  0.02723918 0.06011627 0.01393697 0.03013613 0.0482844
 0.06896969 0.0076046  0.01271324 0.00654344 0.00475885 0.00857178
 0.08192354 0.06320642 0.05010439 0.02472037 0.01696869 0.06428216
 0.04160051 0.00908483 0.0128917  0.02367981]
[0.00548349 0.00834533 0.00676144 0.05072278 0.01180856 0.07520887
 0.00631726 0.04523265 0.05608186 0.01053707 0.03293486 0.0074222
 0.01598712 0.04621325 0.039855   0.01426    0.03318757 0.02739264
 0.09290696 0.02005407 0.01157916 0.00464848 0.00602856 0.00912575
 0.06136816 0.05998346 0.04577872 0.00550462 0.03875855 0.03718573
 0.0234431  0.00930816 0.04219715 0.02278102]
[0.00526284 0.01014016 0.01102619 0.01172737 0.00976745 0.06625428
 0.00748745 0.00996632 0.06023602 0.00278323 0.00810688 0.0487988
 0.04845862 0.05527784 0.00336408 0.00788688 0.00332843 0.0304298
 0.05351814 0.01392626 0.00797712 0.00894827 0.00584437 0.01363611
 0.07511889 0.06299684 0.04065681 0.04898824 0.03943536 0.07072989
 0.05741417 0.02820983 0.03317362 0.02526585]
[0.00339325 0.0243673  0.01626596 0.04235623 0.04473685 0.06731125
 0.01862229 0.01503254 0.01370327 0.00716525 0.01703011 0.01922567
 0.06095009 0.05904366 0.03531091 0.02121712 0.0157173  0.04124054
 0.00673663 0.01948301 0.00587587 0.00832815 0.00320527 0.00867387
 0.08488312 0.03922693 0.02020686 0.06044223 0.01833919 0.03716293
 0.0497854  0.01030247 0.02305546 0.06866026]
[0.00230344 0.04389924 0.00116064 0.02867205 0.03796386 0.07250457
 0.02721271 0.00237482 0.03064704 0.00737072 0.03496664 0.00425619
 0.00343756 0.07135074 0.05855199 0.00527991 0.01831198 0.01758053
 0.01082885 0.000349   0.01143887 0.01351747 0.00345594 0.01385507
 0.07388335 0.04608345 0.05706057 0.02476248 0.01096908 0.00121473
 0.06179293 0.02406667 0.02020835 0.03486667]
[0.00230344 0.04389924 0.00116064 0.02867205 0.03796386 0.07250457
 0.02721271 0.00237482 0.03064704 0.00737072 0.03496664 0.00425619
 0.00343756 0.07135074 0.05855199 0.00527991 0.01831198 0.01758053
 0.01082885 0.000349   0.01143887 0.01351747 0.00345594 0.01385507
 0.07388335 0.04608345 0.05706057 0.02476248 0.01096908 0.00121473
 0.06179293 0.02406667 0.02020835 0.03486667]
[0.00230344 0.04389924 0.00116064 0.02867205 0.03796386 0.07250457
 0.02721271 0.00237482 0.03064704 0.00737072 0.03496664 0.00425619
 0.00343756 0.07135074 0.05855199 0.00527991 0.01831198 0.01758053
 0.01082885 0.000349   0.01143887 0.01351747 0.00345594 0.01385507
 0.07388335 0.04608345 0.05706057 0.02476248 0.01096908 0.00121473
 0.06179293 0.02406667 0.02020835 0.03486667]
[0.00266137 0.03078742 0.01253954 0.03362402 0.04158753 0.03378185
 0.03875391 0.03499649 0.02404157 0.00299363 0.0456871  0.03213889
 0.03808573 0.04352439 0.03669051 0.00913499 0.03453214 0.00394295
 0.00077816 0.01384082 0.00588885 0.00685501 0.00255368 0.01088929
 0.04091506 0.04434035 0.04513227 0.02643071 0.01274653 0.02035069
 0.00169701 0.01781894 0.01142814 0.0376826 ]
[0.00207728 0.02557101 0.00386284 0.01629776 0.02864506 0.01615474
 0.06513529 0.06969117 0.03491129 0.01042141 0.07316218 0.02382096
 0.01599395 0.05338926 0.06120032 0.00791267 0.03232852 0.04281732
 0.04120981 0.00454686 0.00255387 0.00332032 0.00099349 0.01425043
 0.02596226 0.03749466 0.06885349 0.04732163 0.03285713 0.02510425
 0.0095771  0.02331261 0.0193696  0.0202752 ]
[0.00232979 0.04221797 0.0141587  0.00616026 0.00979673 0.01357391
 0.09142179 0.08108748 0.05077525 0.00709628 0.05205927 0.04303388
 0.01260141 0.06144491 0.06377367 0.02309382 0.00746177 0.02867296
 0.06835884 0.01126953 0.00722991 0.01251802 0.00638293 0.01033581
 0.0187139  0.02511456 0.01121443 0.04105687 0.0128846  0.0645571
 0.00895457 0.02604868 0.03948854 0.00327333]
[7.50164885e-03 3.72595039e-02 1.64227979e-03 5.93633544e-02
 1.40242561e-02 6.88198093e-03 9.31095021e-02 1.23265526e-02
 3.91430217e-02 2.01488523e-02 4.56384212e-02 1.03076811e-01
 5.71354198e-02 6.21264814e-02 2.85377803e-02 1.96055904e-02
 4.63305216e-02 2.36667653e-02 1.01739251e-02 2.04737836e-03
 1.31520315e-02 8.05590399e-03 7.86176464e-05 3.13571990e-03
 2.75023450e-03 2.32597493e-02 3.47421775e-02 5.83239791e-02
 3.80265116e-02 1.21608158e-02 2.87737877e-02 2.69842478e-02
 4.78154249e-02 4.04709411e-04]
[0.00148564 0.00131016 0.01008151 0.01744213 0.00862698 0.00326681
 0.07457493 0.05511834 0.01617756 0.01265719 0.03754416 0.02006734
 0.01310925 0.09121463 0.05162491 0.02427419 0.03225317 0.0362213
 0.03888677 0.01196364 0.00993211 0.01221125 0.00363836 0.008954
 0.00723068 0.01393922 0.03963651 0.06956215 0.06082982 0.03429189
 0.04334131 0.02069742 0.0042776  0.04765992]
[0.00055429 0.05278176 0.00387376 0.04066703 0.00542719 0.00214596
 0.09964931 0.00026841 0.02891664 0.01692255 0.08004211 0.06861539
 0.05383703 0.02173791 0.02577246 0.00704202 0.00153784 0.01346422
 0.05937998 0.00862433 0.00857194 0.01412815 0.00430121 0.01214992
 0.05533547 0.03703123 0.02945534 0.00288659 0.05636373 0.06631722
 0.02142549 0.01317047 0.00776033 0.02191812]
